/home/kgh/ws2/install/yzbot_description/lib/python3.8/site-packages/yzbot_description/__init__.py
/home/kgh/ws2/install/yzbot_description/lib/python3.8/site-packages/yzbot_description/rotate_wheel.py
/home/kgh/ws2/install/yzbot_description/lib/python3.8/site-packages/yzbot_description/__pycache__/__init__.cpython-38.pyc
/home/kgh/ws2/install/yzbot_description/lib/python3.8/site-packages/yzbot_description/__pycache__/rotate_wheel.cpython-38.pyc
/home/kgh/ws2/install/yzbot_description/share/ament_index/resource_index/packages/yzbot_description
/home/kgh/ws2/install/yzbot_description/share/yzbot_description/package.xml
/home/kgh/ws2/install/yzbot_description/share/yzbot_description/launch/display_rviz2.launch.py
/home/kgh/ws2/install/yzbot_description/share/yzbot_description/launch/test.launch.py
/home/kgh/ws2/install/yzbot_description/share/yzbot_description/launch/gazebo.launch.py
/home/kgh/ws2/install/yzbot_description/share/yzbot_description/urdf/yzbot_gazebo（复件）.urdf
/home/kgh/ws2/install/yzbot_description/share/yzbot_description/urdf/yzbot_base.urdf
/home/kgh/ws2/install/yzbot_description/share/yzbot_description/urdf/yzbot_base（复件）.urdf
/home/kgh/ws2/install/yzbot_description/share/yzbot_description/urdf/yzbot_gazebo.urdf
/home/kgh/ws2/install/yzbot_description/share/yzbot_description/world/yzbot（复件）.world
/home/kgh/ws2/install/yzbot_description/share/yzbot_description/world/yzbot.world
/home/kgh/ws2/install/yzbot_description/share/yzbot_description/world/fish.world
/home/kgh/ws2/install/yzbot_description/lib/python3.8/site-packages/yzbot_description-0.0.0-py3.8.egg-info/requires.txt
/home/kgh/ws2/install/yzbot_description/lib/python3.8/site-packages/yzbot_description-0.0.0-py3.8.egg-info/SOURCES.txt
/home/kgh/ws2/install/yzbot_description/lib/python3.8/site-packages/yzbot_description-0.0.0-py3.8.egg-info/dependency_links.txt
/home/kgh/ws2/install/yzbot_description/lib/python3.8/site-packages/yzbot_description-0.0.0-py3.8.egg-info/top_level.txt
/home/kgh/ws2/install/yzbot_description/lib/python3.8/site-packages/yzbot_description-0.0.0-py3.8.egg-info/PKG-INFO
/home/kgh/ws2/install/yzbot_description/lib/python3.8/site-packages/yzbot_description-0.0.0-py3.8.egg-info/zip-safe
/home/kgh/ws2/install/yzbot_description/lib/python3.8/site-packages/yzbot_description-0.0.0-py3.8.egg-info/entry_points.txt
/home/kgh/ws2/install/yzbot_description/lib/yzbot_description/rotate_wheel
