[0.467s] Invoking command in '/home/kgh/ws2/build/nav_2d_msgs': CMAKE_PREFIX_PATH=${CMAKE_PREFIX_PATH}:/home/kgh/ws2/install/yzbot_description:/home/kgh/ws2/install/yzbot_controller:/home/kgh/ws2/install/fishbot_description:/home/kgh/ws2/install/nav2_gazebo_spawner:/home/kgh/ws2/install/fishbot_controller:/opt/ros/foxy /usr/bin/cmake /home/kgh/ws2/src/navigation2/nav2_dwb_controller/nav_2d_msgs -DCMAKE_INSTALL_PREFIX=/home/kgh/ws2/install/nav_2d_msgs
[0.731s] -- The C compiler identification is GNU 9.4.0
[0.732s] -- The CXX compiler identification is GNU 9.4.0
[0.732s] -- Check for working C compiler: /usr/bin/cc
[0.732s] -- Check for working C compiler: /usr/bin/cc -- works
[0.732s] -- Detecting C compiler ABI info
[0.732s] -- Detecting C compiler ABI info - done
[0.732s] -- Detecting C compile features
[0.732s] -- Detecting C compile features - done
[0.732s] -- Check for working CXX compiler: /usr/bin/c++
[0.750s] -- Check for working CXX compiler: /usr/bin/c++ -- works
[0.751s] -- Detecting CXX compiler ABI info
[0.817s] -- Detecting CXX compiler ABI info - done
[0.825s] -- Detecting CXX compile features
[0.826s] -- Detecting CXX compile features - done
[0.827s] -- Found geometry_msgs: 2.0.5 (/opt/ros/foxy/share/geometry_msgs/cmake)
[0.846s] -- Found PythonInterp: /usr/bin/python3 (found suitable version "3.8.10", minimum required is "3") 
[0.846s] -- Using PYTHON_EXECUTABLE: /usr/bin/python3
[1.027s] -- Using all available rosidl_typesupport_c: rosidl_typesupport_fastrtps_c;rosidl_typesupport_introspection_c
[1.035s] -- Found rosidl_adapter: 1.3.1 (/opt/ros/foxy/share/rosidl_adapter/cmake)
[1.113s] -- Found OpenSSL: /usr/lib/x86_64-linux-gnu/libcrypto.so (found version "1.1.1f")  
[1.140s] -- Found FastRTPS: /opt/ros/foxy/include  
[1.203s] -- Using all available rosidl_typesupport_cpp: rosidl_typesupport_fastrtps_cpp;rosidl_typesupport_introspection_cpp
[1.273s] -- Found rosidl_default_generators: 1.0.1 (/opt/ros/foxy/share/rosidl_default_generators/cmake)
[1.302s] -- Found PythonInterp: /usr/bin/python3 (found version "3.8.10") 
[1.463s] -- Found ament_cmake_ros: 0.9.2 (/opt/ros/foxy/share/ament_cmake_ros/cmake)
[1.678s] -- Using all available rosidl_typesupport_c: rosidl_typesupport_fastrtps_c;rosidl_typesupport_introspection_c
[1.786s] -- Using all available rosidl_typesupport_cpp: rosidl_typesupport_fastrtps_cpp;rosidl_typesupport_introspection_cpp
[1.815s] -- Found PythonInterp: /usr/bin/python3 (found suitable version "3.8.10", minimum required is "3.5") 
[1.816s] -- Found python_cmake_module: 0.8.1 (/opt/ros/foxy/share/python_cmake_module/cmake)
[1.851s] -- Found PythonLibs: /usr/lib/x86_64-linux-gnu/libpython3.8.so (found suitable version "3.8.10", minimum required is "3.5") 
[1.852s] -- Using PYTHON_EXECUTABLE: /usr/bin/python3
[1.852s] -- Using PYTHON_INCLUDE_DIRS: /usr/include/python3.8
[1.852s] -- Using PYTHON_LIBRARIES: /usr/lib/x86_64-linux-gnu/libpython3.8.so
[1.883s] -- Found PythonExtra: .so  
[1.987s] -- Configuring done
[2.035s] -- Generating done
[2.040s] -- Build files have been written to: /home/kgh/ws2/build/nav_2d_msgs
[2.186s] Invoked command in '/home/kgh/ws2/build/nav_2d_msgs' returned '0': CMAKE_PREFIX_PATH=${CMAKE_PREFIX_PATH}:/home/kgh/ws2/install/yzbot_description:/home/kgh/ws2/install/yzbot_controller:/home/kgh/ws2/install/fishbot_description:/home/kgh/ws2/install/nav2_gazebo_spawner:/home/kgh/ws2/install/fishbot_controller:/opt/ros/foxy /usr/bin/cmake /home/kgh/ws2/src/navigation2/nav2_dwb_controller/nav_2d_msgs -DCMAKE_INSTALL_PREFIX=/home/kgh/ws2/install/nav_2d_msgs
[2.187s] Invoking command in '/home/kgh/ws2/build/nav_2d_msgs': CMAKE_PREFIX_PATH=${CMAKE_PREFIX_PATH}:/home/kgh/ws2/install/yzbot_description:/home/kgh/ws2/install/yzbot_controller:/home/kgh/ws2/install/fishbot_description:/home/kgh/ws2/install/nav2_gazebo_spawner:/home/kgh/ws2/install/fishbot_controller:/opt/ros/foxy /usr/bin/cmake --build /home/kgh/ws2/build/nav_2d_msgs -- -j16 -l16
[2.228s] [35m[1mScanning dependencies of target nav_2d_msgs__cpp[0m
[2.228s] [  1%] [34m[1mGenerating C code for ROS interfaces[0m
[2.239s] [  2%] [34m[1mGenerating C++ code for ROS interfaces[0m
[2.585s] [  2%] Built target nav_2d_msgs__cpp
[2.595s] [  7%] [34m[1mGenerating C++ introspection for ROS interfaces[0m
[2.595s] [  7%] [34m[1mGenerating C++ type support dispatch for ROS interfaces[0m
[2.595s] [  7%] [34m[1mGenerating C++ type support for eProsima Fast-RTPS[0m
[2.596s] [35m[1mScanning dependencies of target nav_2d_msgs__rosidl_generator_c[0m
[2.610s] [  9%] [32mBuilding C object CMakeFiles/nav_2d_msgs__rosidl_generator_c.dir/rosidl_generator_c/nav_2d_msgs/msg/detail/twist2_d_stamped__functions.c.o[0m
[2.610s] [  9%] [32mBuilding C object CMakeFiles/nav_2d_msgs__rosidl_generator_c.dir/rosidl_generator_c/nav_2d_msgs/msg/detail/path2_d__functions.c.o[0m
[2.611s] [ 11%] [32mBuilding C object CMakeFiles/nav_2d_msgs__rosidl_generator_c.dir/rosidl_generator_c/nav_2d_msgs/msg/detail/pose2_d32__functions.c.o[0m
[2.612s] [ 12%] [32mBuilding C object CMakeFiles/nav_2d_msgs__rosidl_generator_c.dir/rosidl_generator_c/nav_2d_msgs/msg/detail/twist2_d32__functions.c.o[0m
[2.612s] [ 14%] [32mBuilding C object CMakeFiles/nav_2d_msgs__rosidl_generator_c.dir/rosidl_generator_c/nav_2d_msgs/msg/detail/twist2_d__functions.c.o[0m
[2.612s] [ 15%] [32mBuilding C object CMakeFiles/nav_2d_msgs__rosidl_generator_c.dir/rosidl_generator_c/nav_2d_msgs/msg/detail/pose2_d_stamped__functions.c.o[0m
[2.672s] [ 16%] [32m[1mLinking C shared library libnav_2d_msgs__rosidl_generator_c.so[0m
[2.708s] [ 16%] Built target nav_2d_msgs__rosidl_generator_c
[2.718s] [ 18%] [34m[1mGenerating C introspection for ROS interfaces[0m
[2.719s] [ 19%] [34m[1mGenerating C type support dispatch for ROS interfaces[0m
[2.858s] [35m[1mScanning dependencies of target nav_2d_msgs__rosidl_typesupport_cpp[0m
[2.873s] [ 21%] [32mBuilding CXX object CMakeFiles/nav_2d_msgs__rosidl_typesupport_cpp.dir/rosidl_typesupport_cpp/nav_2d_msgs/msg/twist2_d32__type_support.cpp.o[0m
[2.873s] [ 22%] [32mBuilding CXX object CMakeFiles/nav_2d_msgs__rosidl_typesupport_cpp.dir/rosidl_typesupport_cpp/nav_2d_msgs/msg/path2_d__type_support.cpp.o[0m
[2.874s] [ 23%] [32mBuilding CXX object CMakeFiles/nav_2d_msgs__rosidl_typesupport_cpp.dir/rosidl_typesupport_cpp/nav_2d_msgs/msg/twist2_d__type_support.cpp.o[0m
[2.874s] [ 25%] [32mBuilding CXX object CMakeFiles/nav_2d_msgs__rosidl_typesupport_cpp.dir/rosidl_typesupport_cpp/nav_2d_msgs/msg/pose2_d32__type_support.cpp.o[0m
[2.875s] [ 26%] [32mBuilding CXX object CMakeFiles/nav_2d_msgs__rosidl_typesupport_cpp.dir/rosidl_typesupport_cpp/nav_2d_msgs/msg/pose2_d_stamped__type_support.cpp.o[0m
[2.876s] [ 28%] [32mBuilding CXX object CMakeFiles/nav_2d_msgs__rosidl_typesupport_cpp.dir/rosidl_typesupport_cpp/nav_2d_msgs/msg/twist2_d_stamped__type_support.cpp.o[0m
[2.931s] [35m[1mScanning dependencies of target nav_2d_msgs__rosidl_typesupport_introspection_cpp[0m
[2.972s] [ 30%] [32mBuilding CXX object CMakeFiles/nav_2d_msgs__rosidl_typesupport_introspection_cpp.dir/rosidl_typesupport_introspection_cpp/nav_2d_msgs/msg/detail/pose2_d32__type_support.cpp.o[0m
[2.972s] [ 30%] [32mBuilding CXX object CMakeFiles/nav_2d_msgs__rosidl_typesupport_introspection_cpp.dir/rosidl_typesupport_introspection_cpp/nav_2d_msgs/msg/detail/pose2_d_stamped__type_support.cpp.o[0m
[2.973s] [ 33%] [32mBuilding CXX object CMakeFiles/nav_2d_msgs__rosidl_typesupport_introspection_cpp.dir/rosidl_typesupport_introspection_cpp/nav_2d_msgs/msg/detail/twist2_d__type_support.cpp.o[0m
[2.973s] [ 35%] [32mBuilding CXX object CMakeFiles/nav_2d_msgs__rosidl_typesupport_introspection_cpp.dir/rosidl_typesupport_introspection_cpp/nav_2d_msgs/msg/detail/twist2_d32__type_support.cpp.o[0m
[2.973s] [ 35%] [32mBuilding CXX object CMakeFiles/nav_2d_msgs__rosidl_typesupport_introspection_cpp.dir/rosidl_typesupport_introspection_cpp/nav_2d_msgs/msg/detail/path2_d__type_support.cpp.o[0m
[2.981s] [35m[1mScanning dependencies of target nav_2d_msgs__rosidl_typesupport_fastrtps_cpp[0m
[2.988s] [ 36%] [32mBuilding CXX object CMakeFiles/nav_2d_msgs__rosidl_typesupport_introspection_cpp.dir/rosidl_typesupport_introspection_cpp/nav_2d_msgs/msg/detail/twist2_d_stamped__type_support.cpp.o[0m
[3.060s] [ 38%] [32mBuilding CXX object CMakeFiles/nav_2d_msgs__rosidl_typesupport_fastrtps_cpp.dir/rosidl_typesupport_fastrtps_cpp/nav_2d_msgs/msg/detail/dds_fastrtps/pose2_d32__type_support.cpp.o[0m
[3.064s] [ 39%] [32mBuilding CXX object CMakeFiles/nav_2d_msgs__rosidl_typesupport_fastrtps_cpp.dir/rosidl_typesupport_fastrtps_cpp/nav_2d_msgs/msg/detail/dds_fastrtps/path2_d__type_support.cpp.o[0m
[3.255s] [35m[1mScanning dependencies of target nav_2d_msgs__rosidl_typesupport_c[0m
[3.300s] [ 40%] [32mBuilding CXX object CMakeFiles/nav_2d_msgs__rosidl_typesupport_c.dir/rosidl_typesupport_c/nav_2d_msgs/msg/path2_d__type_support.cpp.o[0m
[3.310s] [ 42%] [32mBuilding CXX object CMakeFiles/nav_2d_msgs__rosidl_typesupport_c.dir/rosidl_typesupport_c/nav_2d_msgs/msg/pose2_d32__type_support.cpp.o[0m
[3.314s] [ 43%] [32mBuilding CXX object CMakeFiles/nav_2d_msgs__rosidl_typesupport_fastrtps_cpp.dir/rosidl_typesupport_fastrtps_cpp/nav_2d_msgs/msg/detail/dds_fastrtps/pose2_d_stamped__type_support.cpp.o[0m
[3.324s] [ 46%] [32mBuilding CXX object CMakeFiles/nav_2d_msgs__rosidl_typesupport_c.dir/rosidl_typesupport_c/nav_2d_msgs/msg/pose2_d_stamped__type_support.cpp.o[0m
[3.324s] [ 46%] [32mBuilding CXX object CMakeFiles/nav_2d_msgs__rosidl_typesupport_c.dir/rosidl_typesupport_c/nav_2d_msgs/msg/twist2_d__type_support.cpp.o[0m
[3.325s] [ 47%] [32mBuilding CXX object CMakeFiles/nav_2d_msgs__rosidl_typesupport_fastrtps_cpp.dir/rosidl_typesupport_fastrtps_cpp/nav_2d_msgs/msg/detail/dds_fastrtps/twist2_d__type_support.cpp.o[0m
[3.340s] [35m[1mScanning dependencies of target nav_2d_msgs__rosidl_typesupport_introspection_c[0m
[3.351s] [ 49%] [32m[1mLinking CXX shared library libnav_2d_msgs__rosidl_typesupport_cpp.so[0m
[3.363s] [ 50%] [32mBuilding CXX object CMakeFiles/nav_2d_msgs__rosidl_typesupport_fastrtps_cpp.dir/rosidl_typesupport_fastrtps_cpp/nav_2d_msgs/msg/detail/dds_fastrtps/twist2_d32__type_support.cpp.o[0m
[3.373s] [ 52%] [32mBuilding CXX object CMakeFiles/nav_2d_msgs__rosidl_typesupport_c.dir/rosidl_typesupport_c/nav_2d_msgs/msg/twist2_d32__type_support.cpp.o[0m
[3.378s] [ 54%] [32mBuilding C object CMakeFiles/nav_2d_msgs__rosidl_typesupport_introspection_c.dir/rosidl_typesupport_introspection_c/nav_2d_msgs/msg/detail/path2_d__type_support.c.o[0m
[3.378s] [ 54%] [32mBuilding CXX object CMakeFiles/nav_2d_msgs__rosidl_typesupport_c.dir/rosidl_typesupport_c/nav_2d_msgs/msg/twist2_d_stamped__type_support.cpp.o[0m
[3.387s] [ 56%] [32mBuilding C object CMakeFiles/nav_2d_msgs__rosidl_typesupport_introspection_c.dir/rosidl_typesupport_introspection_c/nav_2d_msgs/msg/detail/pose2_d32__type_support.c.o[0m
[3.424s] [ 57%] [32mBuilding CXX object CMakeFiles/nav_2d_msgs__rosidl_typesupport_fastrtps_cpp.dir/rosidl_typesupport_fastrtps_cpp/nav_2d_msgs/msg/detail/dds_fastrtps/twist2_d_stamped__type_support.cpp.o[0m
[3.427s] [ 57%] Built target nav_2d_msgs__rosidl_typesupport_cpp
[3.429s] [ 59%] [32mBuilding C object CMakeFiles/nav_2d_msgs__rosidl_typesupport_introspection_c.dir/rosidl_typesupport_introspection_c/nav_2d_msgs/msg/detail/pose2_d_stamped__type_support.c.o[0m
[3.441s] [ 60%] [32m[1mLinking CXX shared library libnav_2d_msgs__rosidl_typesupport_c.so[0m
[3.442s] [ 61%] [32mBuilding C object CMakeFiles/nav_2d_msgs__rosidl_typesupport_introspection_c.dir/rosidl_typesupport_introspection_c/nav_2d_msgs/msg/detail/twist2_d__type_support.c.o[0m
[3.443s] [ 63%] [32mBuilding C object CMakeFiles/nav_2d_msgs__rosidl_typesupport_introspection_c.dir/rosidl_typesupport_introspection_c/nav_2d_msgs/msg/detail/twist2_d_stamped__type_support.c.o[0m
[3.448s] [ 64%] [32mBuilding C object CMakeFiles/nav_2d_msgs__rosidl_typesupport_introspection_c.dir/rosidl_typesupport_introspection_c/nav_2d_msgs/msg/detail/twist2_d32__type_support.c.o[0m
[3.498s] [ 66%] [32m[1mLinking C shared library libnav_2d_msgs__rosidl_typesupport_introspection_c.so[0m
[3.498s] [ 66%] Built target nav_2d_msgs__rosidl_typesupport_c
[3.508s] [ 67%] [32m[1mLinking CXX shared library libnav_2d_msgs__rosidl_typesupport_introspection_cpp.so[0m
[3.535s] [ 67%] Built target nav_2d_msgs__rosidl_typesupport_introspection_c
[3.593s] [ 67%] Built target nav_2d_msgs__rosidl_typesupport_introspection_cpp
[3.977s] [ 69%] [32m[1mLinking CXX shared library libnav_2d_msgs__rosidl_typesupport_fastrtps_cpp.so[0m
[4.049s] [ 69%] Built target nav_2d_msgs__rosidl_typesupport_fastrtps_cpp
[4.059s] [ 70%] [34m[1mGenerating C type support for eProsima Fast-RTPS[0m
[4.358s] [35m[1mScanning dependencies of target nav_2d_msgs__rosidl_typesupport_fastrtps_c[0m
[4.376s] [ 73%] [32mBuilding CXX object CMakeFiles/nav_2d_msgs__rosidl_typesupport_fastrtps_c.dir/rosidl_typesupport_fastrtps_c/nav_2d_msgs/msg/detail/twist2_d32__type_support_c.cpp.o[0m
[4.376s] [ 73%] [32mBuilding CXX object CMakeFiles/nav_2d_msgs__rosidl_typesupport_fastrtps_c.dir/rosidl_typesupport_fastrtps_c/nav_2d_msgs/msg/detail/pose2_d32__type_support_c.cpp.o[0m
[4.377s] [ 74%] [32mBuilding CXX object CMakeFiles/nav_2d_msgs__rosidl_typesupport_fastrtps_c.dir/rosidl_typesupport_fastrtps_c/nav_2d_msgs/msg/detail/path2_d__type_support_c.cpp.o[0m
[4.377s] [ 77%] [32mBuilding CXX object CMakeFiles/nav_2d_msgs__rosidl_typesupport_fastrtps_c.dir/rosidl_typesupport_fastrtps_c/nav_2d_msgs/msg/detail/pose2_d_stamped__type_support_c.cpp.o[0m
[4.377s] [ 77%] [32mBuilding CXX object CMakeFiles/nav_2d_msgs__rosidl_typesupport_fastrtps_c.dir/rosidl_typesupport_fastrtps_c/nav_2d_msgs/msg/detail/twist2_d_stamped__type_support_c.cpp.o[0m
[4.378s] [ 78%] [32mBuilding CXX object CMakeFiles/nav_2d_msgs__rosidl_typesupport_fastrtps_c.dir/rosidl_typesupport_fastrtps_c/nav_2d_msgs/msg/detail/twist2_d__type_support_c.cpp.o[0m
[4.845s] [ 80%] [32m[1mLinking CXX shared library libnav_2d_msgs__rosidl_typesupport_fastrtps_c.so[0m
[4.918s] [ 80%] Built target nav_2d_msgs__rosidl_typesupport_fastrtps_c
[4.927s] [35m[1mScanning dependencies of target nav_2d_msgs[0m
[4.938s] [ 80%] Built target nav_2d_msgs
[4.948s] [35m[1mScanning dependencies of target nav_2d_msgs__py[0m
[4.959s] [ 81%] [34m[1mGenerating Python code for ROS interfaces[0m
[5.548s] [ 81%] Built target nav_2d_msgs__py
[5.557s] [35m[1mScanning dependencies of target nav_2d_msgs__python[0m
[5.582s] [ 85%] [32mBuilding C object CMakeFiles/nav_2d_msgs__python.dir/rosidl_generator_py/nav_2d_msgs/msg/_pose2_d32_s.c.o[0m
[5.582s] [ 85%] [32mBuilding C object CMakeFiles/nav_2d_msgs__python.dir/rosidl_generator_py/nav_2d_msgs/msg/_pose2_d_stamped_s.c.o[0m
[5.582s] [ 85%] [32mBuilding C object CMakeFiles/nav_2d_msgs__python.dir/rosidl_generator_py/nav_2d_msgs/msg/_path2_d_s.c.o[0m
[5.584s] [ 90%] [32mBuilding C object CMakeFiles/nav_2d_msgs__python.dir/rosidl_generator_py/nav_2d_msgs/msg/_twist2_d_s.c.o[0m
[5.584s] [ 90%] [32mBuilding C object CMakeFiles/nav_2d_msgs__python.dir/rosidl_generator_py/nav_2d_msgs/msg/_twist2_d_stamped_s.c.o[0m
[5.584s] [ 90%] [32mBuilding C object CMakeFiles/nav_2d_msgs__python.dir/rosidl_generator_py/nav_2d_msgs/msg/_twist2_d32_s.c.o[0m
[5.693s] [ 91%] [32m[1mLinking C shared library rosidl_generator_py/nav_2d_msgs/libnav_2d_msgs__python.so[0m
[5.733s] [ 91%] Built target nav_2d_msgs__python
[5.743s] [35m[1mScanning dependencies of target nav_2d_msgs__rosidl_typesupport_introspection_c__pyext[0m
[5.743s] [35m[1mScanning dependencies of target nav_2d_msgs__rosidl_typesupport_c__pyext[0m
[5.743s] [35m[1mScanning dependencies of target nav_2d_msgs__rosidl_typesupport_fastrtps_c__pyext[0m
[5.759s] [ 92%] [32mBuilding C object CMakeFiles/nav_2d_msgs__rosidl_typesupport_c__pyext.dir/rosidl_generator_py/nav_2d_msgs/_nav_2d_msgs_s.ep.rosidl_typesupport_c.c.o[0m
[5.759s] [ 94%] [32mBuilding C object CMakeFiles/nav_2d_msgs__rosidl_typesupport_fastrtps_c__pyext.dir/rosidl_generator_py/nav_2d_msgs/_nav_2d_msgs_s.ep.rosidl_typesupport_fastrtps_c.c.o[0m
[5.760s] [ 95%] [32mBuilding C object CMakeFiles/nav_2d_msgs__rosidl_typesupport_introspection_c__pyext.dir/rosidl_generator_py/nav_2d_msgs/_nav_2d_msgs_s.ep.rosidl_typesupport_introspection_c.c.o[0m
[5.836s] [ 98%] [32m[1mLinking CXX shared library rosidl_generator_py/nav_2d_msgs/nav_2d_msgs_s__rosidl_typesupport_fastrtps_c.cpython-38-x86_64-linux-gnu.so[0m
[5.837s] [ 98%] [32m[1mLinking C shared library rosidl_generator_py/nav_2d_msgs/nav_2d_msgs_s__rosidl_typesupport_introspection_c.cpython-38-x86_64-linux-gnu.so[0m
[5.837s] [100%] [32m[1mLinking C shared library rosidl_generator_py/nav_2d_msgs/nav_2d_msgs_s__rosidl_typesupport_c.cpython-38-x86_64-linux-gnu.so[0m
[5.870s] [100%] Built target nav_2d_msgs__rosidl_typesupport_c__pyext
[5.872s] [100%] Built target nav_2d_msgs__rosidl_typesupport_introspection_c__pyext
[5.894s] [100%] Built target nav_2d_msgs__rosidl_typesupport_fastrtps_c__pyext
[5.904s] Invoked command in '/home/kgh/ws2/build/nav_2d_msgs' returned '0': CMAKE_PREFIX_PATH=${CMAKE_PREFIX_PATH}:/home/kgh/ws2/install/yzbot_description:/home/kgh/ws2/install/yzbot_controller:/home/kgh/ws2/install/fishbot_description:/home/kgh/ws2/install/nav2_gazebo_spawner:/home/kgh/ws2/install/fishbot_controller:/opt/ros/foxy /usr/bin/cmake --build /home/kgh/ws2/build/nav_2d_msgs -- -j16 -l16
[6.028s] Invoking command in '/home/kgh/ws2/build/nav_2d_msgs': CMAKE_PREFIX_PATH=${CMAKE_PREFIX_PATH}:/home/kgh/ws2/install/yzbot_description:/home/kgh/ws2/install/yzbot_controller:/home/kgh/ws2/install/fishbot_description:/home/kgh/ws2/install/nav2_gazebo_spawner:/home/kgh/ws2/install/fishbot_controller:/opt/ros/foxy /usr/bin/cmake --install /home/kgh/ws2/build/nav_2d_msgs
[6.038s] -- Install configuration: ""
[6.038s] -- Installing: /home/kgh/ws2/install/nav_2d_msgs/share/ament_index/resource_index/rosidl_interfaces/nav_2d_msgs
[6.038s] -- Installing: /home/kgh/ws2/install/nav_2d_msgs/include/nav_2d_msgs
[6.038s] -- Installing: /home/kgh/ws2/install/nav_2d_msgs/include/nav_2d_msgs/msg
[6.039s] -- Installing: /home/kgh/ws2/install/nav_2d_msgs/include/nav_2d_msgs/msg/pose2_d32.h
[6.039s] -- Installing: /home/kgh/ws2/install/nav_2d_msgs/include/nav_2d_msgs/msg/rosidl_generator_c__visibility_control.h
[6.039s] -- Installing: /home/kgh/ws2/install/nav_2d_msgs/include/nav_2d_msgs/msg/pose2_d_stamped.h
[6.039s] -- Installing: /home/kgh/ws2/install/nav_2d_msgs/include/nav_2d_msgs/msg/twist2_d32.h
[6.039s] -- Installing: /home/kgh/ws2/install/nav_2d_msgs/include/nav_2d_msgs/msg/twist2_d.h
[6.039s] -- Installing: /home/kgh/ws2/install/nav_2d_msgs/include/nav_2d_msgs/msg/detail
[6.039s] -- Installing: /home/kgh/ws2/install/nav_2d_msgs/include/nav_2d_msgs/msg/detail/twist2_d__functions.h
[6.039s] -- Installing: /home/kgh/ws2/install/nav_2d_msgs/include/nav_2d_msgs/msg/detail/twist2_d__functions.c
[6.040s] -- Installing: /home/kgh/ws2/install/nav_2d_msgs/include/nav_2d_msgs/msg/detail/pose2_d_stamped__functions.c
[6.040s] -- Installing: /home/kgh/ws2/install/nav_2d_msgs/include/nav_2d_msgs/msg/detail/path2_d__struct.h
[6.040s] -- Installing: /home/kgh/ws2/install/nav_2d_msgs/include/nav_2d_msgs/msg/detail/twist2_d32__type_support.h
[6.040s] -- Installing: /home/kgh/ws2/install/nav_2d_msgs/include/nav_2d_msgs/msg/detail/twist2_d_stamped__type_support.h
[6.040s] -- Installing: /home/kgh/ws2/install/nav_2d_msgs/include/nav_2d_msgs/msg/detail/path2_d__type_support.h
[6.040s] -- Installing: /home/kgh/ws2/install/nav_2d_msgs/include/nav_2d_msgs/msg/detail/twist2_d_stamped__functions.h
[6.040s] -- Installing: /home/kgh/ws2/install/nav_2d_msgs/include/nav_2d_msgs/msg/detail/twist2_d32__struct.h
[6.041s] -- Installing: /home/kgh/ws2/install/nav_2d_msgs/include/nav_2d_msgs/msg/detail/twist2_d32__functions.h
[6.041s] -- Installing: /home/kgh/ws2/install/nav_2d_msgs/include/nav_2d_msgs/msg/detail/pose2_d32__functions.c
[6.041s] -- Installing: /home/kgh/ws2/install/nav_2d_msgs/include/nav_2d_msgs/msg/detail/pose2_d32__functions.h
[6.041s] -- Installing: /home/kgh/ws2/install/nav_2d_msgs/include/nav_2d_msgs/msg/detail/twist2_d_stamped__struct.h
[6.041s] -- Installing: /home/kgh/ws2/install/nav_2d_msgs/include/nav_2d_msgs/msg/detail/path2_d__functions.h
[6.041s] -- Installing: /home/kgh/ws2/install/nav_2d_msgs/include/nav_2d_msgs/msg/detail/twist2_d__type_support.h
[6.041s] -- Installing: /home/kgh/ws2/install/nav_2d_msgs/include/nav_2d_msgs/msg/detail/pose2_d_stamped__struct.h
[6.041s] -- Installing: /home/kgh/ws2/install/nav_2d_msgs/include/nav_2d_msgs/msg/detail/twist2_d_stamped__functions.c
[6.041s] -- Installing: /home/kgh/ws2/install/nav_2d_msgs/include/nav_2d_msgs/msg/detail/pose2_d32__type_support.h
[6.042s] -- Installing: /home/kgh/ws2/install/nav_2d_msgs/include/nav_2d_msgs/msg/detail/pose2_d_stamped__type_support.h
[6.042s] -- Installing: /home/kgh/ws2/install/nav_2d_msgs/include/nav_2d_msgs/msg/detail/path2_d__functions.c
[6.042s] -- Installing: /home/kgh/ws2/install/nav_2d_msgs/include/nav_2d_msgs/msg/detail/twist2_d__struct.h
[6.042s] -- Installing: /home/kgh/ws2/install/nav_2d_msgs/include/nav_2d_msgs/msg/detail/pose2_d32__struct.h
[6.042s] -- Installing: /home/kgh/ws2/install/nav_2d_msgs/include/nav_2d_msgs/msg/detail/pose2_d_stamped__functions.h
[6.042s] -- Installing: /home/kgh/ws2/install/nav_2d_msgs/include/nav_2d_msgs/msg/detail/twist2_d32__functions.c
[6.042s] -- Installing: /home/kgh/ws2/install/nav_2d_msgs/include/nav_2d_msgs/msg/path2_d.h
[6.042s] -- Installing: /home/kgh/ws2/install/nav_2d_msgs/include/nav_2d_msgs/msg/twist2_d_stamped.h
[6.042s] -- Installing: /home/kgh/ws2/install/nav_2d_msgs/share/nav_2d_msgs/environment/library_path.sh
[6.042s] -- Installing: /home/kgh/ws2/install/nav_2d_msgs/share/nav_2d_msgs/environment/library_path.dsv
[6.043s] -- Installing: /home/kgh/ws2/install/nav_2d_msgs/lib/libnav_2d_msgs__rosidl_generator_c.so
[6.043s] -- Set runtime path of "/home/kgh/ws2/install/nav_2d_msgs/lib/libnav_2d_msgs__rosidl_generator_c.so" to ""
[6.043s] -- Up-to-date: /home/kgh/ws2/install/nav_2d_msgs/include/nav_2d_msgs
[6.043s] -- Up-to-date: /home/kgh/ws2/install/nav_2d_msgs/include/nav_2d_msgs/msg
[6.043s] -- Installing: /home/kgh/ws2/install/nav_2d_msgs/include/nav_2d_msgs/msg/rosidl_typesupport_fastrtps_c__visibility_control.h
[6.043s] -- Up-to-date: /home/kgh/ws2/install/nav_2d_msgs/include/nav_2d_msgs/msg/detail
[6.043s] -- Installing: /home/kgh/ws2/install/nav_2d_msgs/include/nav_2d_msgs/msg/detail/twist2_d32__rosidl_typesupport_fastrtps_c.h
[6.043s] -- Installing: /home/kgh/ws2/install/nav_2d_msgs/include/nav_2d_msgs/msg/detail/twist2_d_stamped__rosidl_typesupport_fastrtps_c.h
[6.043s] -- Installing: /home/kgh/ws2/install/nav_2d_msgs/include/nav_2d_msgs/msg/detail/twist2_d__rosidl_typesupport_fastrtps_c.h
[6.043s] -- Installing: /home/kgh/ws2/install/nav_2d_msgs/include/nav_2d_msgs/msg/detail/pose2_d32__rosidl_typesupport_fastrtps_c.h
[6.043s] -- Installing: /home/kgh/ws2/install/nav_2d_msgs/include/nav_2d_msgs/msg/detail/pose2_d_stamped__rosidl_typesupport_fastrtps_c.h
[6.044s] -- Installing: /home/kgh/ws2/install/nav_2d_msgs/include/nav_2d_msgs/msg/detail/path2_d__rosidl_typesupport_fastrtps_c.h
[6.044s] -- Installing: /home/kgh/ws2/install/nav_2d_msgs/lib/libnav_2d_msgs__rosidl_typesupport_fastrtps_c.so
[6.044s] -- Set runtime path of "/home/kgh/ws2/install/nav_2d_msgs/lib/libnav_2d_msgs__rosidl_typesupport_fastrtps_c.so" to ""
[6.044s] -- Up-to-date: /home/kgh/ws2/install/nav_2d_msgs/include/nav_2d_msgs
[6.044s] -- Up-to-date: /home/kgh/ws2/install/nav_2d_msgs/include/nav_2d_msgs/msg
[6.044s] -- Installing: /home/kgh/ws2/install/nav_2d_msgs/include/nav_2d_msgs/msg/rosidl_typesupport_fastrtps_cpp__visibility_control.h
[6.044s] -- Up-to-date: /home/kgh/ws2/install/nav_2d_msgs/include/nav_2d_msgs/msg/detail
[6.044s] -- Installing: /home/kgh/ws2/install/nav_2d_msgs/include/nav_2d_msgs/msg/detail/pose2_d_stamped__rosidl_typesupport_fastrtps_cpp.hpp
[6.044s] -- Installing: /home/kgh/ws2/install/nav_2d_msgs/include/nav_2d_msgs/msg/detail/twist2_d__rosidl_typesupport_fastrtps_cpp.hpp
[6.044s] -- Installing: /home/kgh/ws2/install/nav_2d_msgs/include/nav_2d_msgs/msg/detail/pose2_d32__rosidl_typesupport_fastrtps_cpp.hpp
[6.044s] -- Installing: /home/kgh/ws2/install/nav_2d_msgs/include/nav_2d_msgs/msg/detail/dds_fastrtps
[6.044s] -- Installing: /home/kgh/ws2/install/nav_2d_msgs/include/nav_2d_msgs/msg/detail/twist2_d_stamped__rosidl_typesupport_fastrtps_cpp.hpp
[6.044s] -- Installing: /home/kgh/ws2/install/nav_2d_msgs/include/nav_2d_msgs/msg/detail/twist2_d32__rosidl_typesupport_fastrtps_cpp.hpp
[6.045s] -- Installing: /home/kgh/ws2/install/nav_2d_msgs/include/nav_2d_msgs/msg/detail/path2_d__rosidl_typesupport_fastrtps_cpp.hpp
[6.045s] -- Installing: /home/kgh/ws2/install/nav_2d_msgs/lib/libnav_2d_msgs__rosidl_typesupport_fastrtps_cpp.so
[6.045s] -- Set runtime path of "/home/kgh/ws2/install/nav_2d_msgs/lib/libnav_2d_msgs__rosidl_typesupport_fastrtps_cpp.so" to ""
[6.045s] -- Up-to-date: /home/kgh/ws2/install/nav_2d_msgs/include/nav_2d_msgs
[6.045s] -- Up-to-date: /home/kgh/ws2/install/nav_2d_msgs/include/nav_2d_msgs/msg
[6.045s] -- Installing: /home/kgh/ws2/install/nav_2d_msgs/include/nav_2d_msgs/msg/rosidl_typesupport_introspection_c__visibility_control.h
[6.045s] -- Up-to-date: /home/kgh/ws2/install/nav_2d_msgs/include/nav_2d_msgs/msg/detail
[6.045s] -- Installing: /home/kgh/ws2/install/nav_2d_msgs/include/nav_2d_msgs/msg/detail/path2_d__rosidl_typesupport_introspection_c.h
[6.045s] -- Installing: /home/kgh/ws2/install/nav_2d_msgs/include/nav_2d_msgs/msg/detail/path2_d__type_support.c
[6.045s] -- Installing: /home/kgh/ws2/install/nav_2d_msgs/include/nav_2d_msgs/msg/detail/pose2_d32__type_support.c
[6.045s] -- Installing: /home/kgh/ws2/install/nav_2d_msgs/include/nav_2d_msgs/msg/detail/twist2_d__type_support.c
[6.045s] -- Installing: /home/kgh/ws2/install/nav_2d_msgs/include/nav_2d_msgs/msg/detail/pose2_d_stamped__type_support.c
[6.045s] -- Installing: /home/kgh/ws2/install/nav_2d_msgs/include/nav_2d_msgs/msg/detail/pose2_d_stamped__rosidl_typesupport_introspection_c.h
[6.046s] -- Installing: /home/kgh/ws2/install/nav_2d_msgs/include/nav_2d_msgs/msg/detail/twist2_d_stamped__type_support.c
[6.046s] -- Installing: /home/kgh/ws2/install/nav_2d_msgs/include/nav_2d_msgs/msg/detail/twist2_d_stamped__rosidl_typesupport_introspection_c.h
[6.046s] -- Installing: /home/kgh/ws2/install/nav_2d_msgs/include/nav_2d_msgs/msg/detail/twist2_d32__rosidl_typesupport_introspection_c.h
[6.046s] -- Installing: /home/kgh/ws2/install/nav_2d_msgs/include/nav_2d_msgs/msg/detail/pose2_d32__rosidl_typesupport_introspection_c.h
[6.046s] -- Installing: /home/kgh/ws2/install/nav_2d_msgs/include/nav_2d_msgs/msg/detail/twist2_d__rosidl_typesupport_introspection_c.h
[6.046s] -- Installing: /home/kgh/ws2/install/nav_2d_msgs/include/nav_2d_msgs/msg/detail/twist2_d32__type_support.c
[6.046s] -- Installing: /home/kgh/ws2/install/nav_2d_msgs/lib/libnav_2d_msgs__rosidl_typesupport_introspection_c.so
[6.046s] -- Set runtime path of "/home/kgh/ws2/install/nav_2d_msgs/lib/libnav_2d_msgs__rosidl_typesupport_introspection_c.so" to ""
[6.046s] -- Installing: /home/kgh/ws2/install/nav_2d_msgs/lib/libnav_2d_msgs__rosidl_typesupport_c.so
[6.046s] -- Set runtime path of "/home/kgh/ws2/install/nav_2d_msgs/lib/libnav_2d_msgs__rosidl_typesupport_c.so" to ""
[6.046s] -- Up-to-date: /home/kgh/ws2/install/nav_2d_msgs/include/nav_2d_msgs
[6.046s] -- Up-to-date: /home/kgh/ws2/install/nav_2d_msgs/include/nav_2d_msgs/msg
[6.046s] -- Installing: /home/kgh/ws2/install/nav_2d_msgs/include/nav_2d_msgs/msg/twist2_d_stamped.hpp
[6.046s] -- Installing: /home/kgh/ws2/install/nav_2d_msgs/include/nav_2d_msgs/msg/twist2_d.hpp
[6.047s] -- Installing: /home/kgh/ws2/install/nav_2d_msgs/include/nav_2d_msgs/msg/rosidl_generator_cpp__visibility_control.hpp
[6.047s] -- Up-to-date: /home/kgh/ws2/install/nav_2d_msgs/include/nav_2d_msgs/msg/detail
[6.047s] -- Installing: /home/kgh/ws2/install/nav_2d_msgs/include/nav_2d_msgs/msg/detail/pose2_d32__builder.hpp
[6.047s] -- Installing: /home/kgh/ws2/install/nav_2d_msgs/include/nav_2d_msgs/msg/detail/twist2_d_stamped__type_support.hpp
[6.047s] -- Installing: /home/kgh/ws2/install/nav_2d_msgs/include/nav_2d_msgs/msg/detail/twist2_d__struct.hpp
[6.047s] -- Installing: /home/kgh/ws2/install/nav_2d_msgs/include/nav_2d_msgs/msg/detail/twist2_d__builder.hpp
[6.047s] -- Installing: /home/kgh/ws2/install/nav_2d_msgs/include/nav_2d_msgs/msg/detail/pose2_d_stamped__traits.hpp
[6.047s] -- Installing: /home/kgh/ws2/install/nav_2d_msgs/include/nav_2d_msgs/msg/detail/path2_d__builder.hpp
[6.047s] -- Installing: /home/kgh/ws2/install/nav_2d_msgs/include/nav_2d_msgs/msg/detail/pose2_d32__type_support.hpp
[6.047s] -- Installing: /home/kgh/ws2/install/nav_2d_msgs/include/nav_2d_msgs/msg/detail/twist2_d_stamped__struct.hpp
[6.047s] -- Installing: /home/kgh/ws2/install/nav_2d_msgs/include/nav_2d_msgs/msg/detail/twist2_d32__struct.hpp
[6.047s] -- Installing: /home/kgh/ws2/install/nav_2d_msgs/include/nav_2d_msgs/msg/detail/pose2_d_stamped__type_support.hpp
[6.047s] -- Installing: /home/kgh/ws2/install/nav_2d_msgs/include/nav_2d_msgs/msg/detail/twist2_d__type_support.hpp
[6.047s] -- Installing: /home/kgh/ws2/install/nav_2d_msgs/include/nav_2d_msgs/msg/detail/twist2_d__traits.hpp
[6.047s] -- Installing: /home/kgh/ws2/install/nav_2d_msgs/include/nav_2d_msgs/msg/detail/twist2_d32__traits.hpp
[6.048s] -- Installing: /home/kgh/ws2/install/nav_2d_msgs/include/nav_2d_msgs/msg/detail/twist2_d_stamped__traits.hpp
[6.048s] -- Installing: /home/kgh/ws2/install/nav_2d_msgs/include/nav_2d_msgs/msg/detail/pose2_d32__struct.hpp
[6.048s] -- Installing: /home/kgh/ws2/install/nav_2d_msgs/include/nav_2d_msgs/msg/detail/pose2_d_stamped__builder.hpp
[6.048s] -- Installing: /home/kgh/ws2/install/nav_2d_msgs/include/nav_2d_msgs/msg/detail/path2_d__traits.hpp
[6.048s] -- Installing: /home/kgh/ws2/install/nav_2d_msgs/include/nav_2d_msgs/msg/detail/twist2_d32__type_support.hpp
[6.048s] -- Installing: /home/kgh/ws2/install/nav_2d_msgs/include/nav_2d_msgs/msg/detail/twist2_d_stamped__builder.hpp
[6.048s] -- Installing: /home/kgh/ws2/install/nav_2d_msgs/include/nav_2d_msgs/msg/detail/twist2_d32__builder.hpp
[6.048s] -- Installing: /home/kgh/ws2/install/nav_2d_msgs/include/nav_2d_msgs/msg/detail/pose2_d32__traits.hpp
[6.048s] -- Installing: /home/kgh/ws2/install/nav_2d_msgs/include/nav_2d_msgs/msg/detail/path2_d__type_support.hpp
[6.048s] -- Installing: /home/kgh/ws2/install/nav_2d_msgs/include/nav_2d_msgs/msg/detail/path2_d__struct.hpp
[6.048s] -- Installing: /home/kgh/ws2/install/nav_2d_msgs/include/nav_2d_msgs/msg/detail/pose2_d_stamped__struct.hpp
[6.048s] -- Installing: /home/kgh/ws2/install/nav_2d_msgs/include/nav_2d_msgs/msg/pose2_d_stamped.hpp
[6.048s] -- Installing: /home/kgh/ws2/install/nav_2d_msgs/include/nav_2d_msgs/msg/pose2_d32.hpp
[6.048s] -- Installing: /home/kgh/ws2/install/nav_2d_msgs/include/nav_2d_msgs/msg/twist2_d32.hpp
[6.048s] -- Installing: /home/kgh/ws2/install/nav_2d_msgs/include/nav_2d_msgs/msg/path2_d.hpp
[6.048s] -- Up-to-date: /home/kgh/ws2/install/nav_2d_msgs/include/nav_2d_msgs
[6.048s] -- Up-to-date: /home/kgh/ws2/install/nav_2d_msgs/include/nav_2d_msgs/msg
[6.049s] -- Up-to-date: /home/kgh/ws2/install/nav_2d_msgs/include/nav_2d_msgs/msg/detail
[6.049s] -- Installing: /home/kgh/ws2/install/nav_2d_msgs/include/nav_2d_msgs/msg/detail/twist2_d32__type_support.cpp
[6.049s] -- Installing: /home/kgh/ws2/install/nav_2d_msgs/include/nav_2d_msgs/msg/detail/twist2_d__rosidl_typesupport_introspection_cpp.hpp
[6.049s] -- Installing: /home/kgh/ws2/install/nav_2d_msgs/include/nav_2d_msgs/msg/detail/pose2_d32__rosidl_typesupport_introspection_cpp.hpp
[6.049s] -- Installing: /home/kgh/ws2/install/nav_2d_msgs/include/nav_2d_msgs/msg/detail/path2_d__type_support.cpp
[6.049s] -- Installing: /home/kgh/ws2/install/nav_2d_msgs/include/nav_2d_msgs/msg/detail/path2_d__rosidl_typesupport_introspection_cpp.hpp
[6.049s] -- Installing: /home/kgh/ws2/install/nav_2d_msgs/include/nav_2d_msgs/msg/detail/twist2_d_stamped__type_support.cpp
[6.049s] -- Installing: /home/kgh/ws2/install/nav_2d_msgs/include/nav_2d_msgs/msg/detail/pose2_d_stamped__type_support.cpp
[6.049s] -- Installing: /home/kgh/ws2/install/nav_2d_msgs/include/nav_2d_msgs/msg/detail/pose2_d32__type_support.cpp
[6.049s] -- Installing: /home/kgh/ws2/install/nav_2d_msgs/include/nav_2d_msgs/msg/detail/twist2_d_stamped__rosidl_typesupport_introspection_cpp.hpp
[6.049s] -- Installing: /home/kgh/ws2/install/nav_2d_msgs/include/nav_2d_msgs/msg/detail/twist2_d__type_support.cpp
[6.049s] -- Installing: /home/kgh/ws2/install/nav_2d_msgs/include/nav_2d_msgs/msg/detail/twist2_d32__rosidl_typesupport_introspection_cpp.hpp
[6.049s] -- Installing: /home/kgh/ws2/install/nav_2d_msgs/include/nav_2d_msgs/msg/detail/pose2_d_stamped__rosidl_typesupport_introspection_cpp.hpp
[6.049s] -- Installing: /home/kgh/ws2/install/nav_2d_msgs/lib/libnav_2d_msgs__rosidl_typesupport_introspection_cpp.so
[6.049s] -- Set runtime path of "/home/kgh/ws2/install/nav_2d_msgs/lib/libnav_2d_msgs__rosidl_typesupport_introspection_cpp.so" to ""
[6.050s] -- Installing: /home/kgh/ws2/install/nav_2d_msgs/lib/libnav_2d_msgs__rosidl_typesupport_cpp.so
[6.050s] -- Set runtime path of "/home/kgh/ws2/install/nav_2d_msgs/lib/libnav_2d_msgs__rosidl_typesupport_cpp.so" to ""
[6.050s] -- Installing: /home/kgh/ws2/install/nav_2d_msgs/share/nav_2d_msgs/environment/pythonpath.sh
[6.050s] -- Installing: /home/kgh/ws2/install/nav_2d_msgs/share/nav_2d_msgs/environment/pythonpath.dsv
[6.050s] -- Installing: /home/kgh/ws2/install/nav_2d_msgs/lib/python3.8/site-packages/nav_2d_msgs/__init__.py
[6.077s] Compiling '/home/kgh/ws2/install/nav_2d_msgs/lib/python3.8/site-packages/nav_2d_msgs/__init__.py'...
[6.080s] -- Installing: /home/kgh/ws2/install/nav_2d_msgs/lib/python3.8/site-packages/nav_2d_msgs/msg
[6.080s] -- Installing: /home/kgh/ws2/install/nav_2d_msgs/lib/python3.8/site-packages/nav_2d_msgs/msg/_path2_d_s.c
[6.080s] -- Installing: /home/kgh/ws2/install/nav_2d_msgs/lib/python3.8/site-packages/nav_2d_msgs/msg/_twist2_d.py
[6.080s] -- Installing: /home/kgh/ws2/install/nav_2d_msgs/lib/python3.8/site-packages/nav_2d_msgs/msg/_twist2_d_s.c
[6.081s] -- Installing: /home/kgh/ws2/install/nav_2d_msgs/lib/python3.8/site-packages/nav_2d_msgs/msg/_twist2_d_stamped.py
[6.081s] -- Installing: /home/kgh/ws2/install/nav_2d_msgs/lib/python3.8/site-packages/nav_2d_msgs/msg/_pose2_d32.py
[6.081s] -- Installing: /home/kgh/ws2/install/nav_2d_msgs/lib/python3.8/site-packages/nav_2d_msgs/msg/_twist2_d_stamped_s.c
[6.081s] -- Installing: /home/kgh/ws2/install/nav_2d_msgs/lib/python3.8/site-packages/nav_2d_msgs/msg/__init__.py
[6.081s] -- Installing: /home/kgh/ws2/install/nav_2d_msgs/lib/python3.8/site-packages/nav_2d_msgs/msg/_pose2_d32_s.c
[6.081s] -- Installing: /home/kgh/ws2/install/nav_2d_msgs/lib/python3.8/site-packages/nav_2d_msgs/msg/_path2_d.py
[6.081s] -- Installing: /home/kgh/ws2/install/nav_2d_msgs/lib/python3.8/site-packages/nav_2d_msgs/msg/_pose2_d_stamped_s.c
[6.081s] -- Installing: /home/kgh/ws2/install/nav_2d_msgs/lib/python3.8/site-packages/nav_2d_msgs/msg/_pose2_d_stamped.py
[6.081s] -- Installing: /home/kgh/ws2/install/nav_2d_msgs/lib/python3.8/site-packages/nav_2d_msgs/msg/_twist2_d32_s.c
[6.081s] -- Installing: /home/kgh/ws2/install/nav_2d_msgs/lib/python3.8/site-packages/nav_2d_msgs/msg/_twist2_d32.py
[6.081s] -- Installing: /home/kgh/ws2/install/nav_2d_msgs/lib/python3.8/site-packages/nav_2d_msgs/nav_2d_msgs_s__rosidl_typesupport_fastrtps_c.cpython-38-x86_64-linux-gnu.so
[6.082s] -- Set runtime path of "/home/kgh/ws2/install/nav_2d_msgs/lib/python3.8/site-packages/nav_2d_msgs/nav_2d_msgs_s__rosidl_typesupport_fastrtps_c.cpython-38-x86_64-linux-gnu.so" to ""
[6.082s] -- Installing: /home/kgh/ws2/install/nav_2d_msgs/lib/python3.8/site-packages/nav_2d_msgs/nav_2d_msgs_s__rosidl_typesupport_introspection_c.cpython-38-x86_64-linux-gnu.so
[6.083s] -- Set runtime path of "/home/kgh/ws2/install/nav_2d_msgs/lib/python3.8/site-packages/nav_2d_msgs/nav_2d_msgs_s__rosidl_typesupport_introspection_c.cpython-38-x86_64-linux-gnu.so" to ""
[6.083s] -- Installing: /home/kgh/ws2/install/nav_2d_msgs/lib/python3.8/site-packages/nav_2d_msgs/nav_2d_msgs_s__rosidl_typesupport_c.cpython-38-x86_64-linux-gnu.so
[6.083s] -- Set runtime path of "/home/kgh/ws2/install/nav_2d_msgs/lib/python3.8/site-packages/nav_2d_msgs/nav_2d_msgs_s__rosidl_typesupport_c.cpython-38-x86_64-linux-gnu.so" to ""
[6.083s] -- Installing: /home/kgh/ws2/install/nav_2d_msgs/lib/libnav_2d_msgs__python.so
[6.083s] -- Set runtime path of "/home/kgh/ws2/install/nav_2d_msgs/lib/libnav_2d_msgs__python.so" to ""
[6.084s] -- Installing: /home/kgh/ws2/install/nav_2d_msgs/share/nav_2d_msgs/msg/Path2D.idl
[6.084s] -- Installing: /home/kgh/ws2/install/nav_2d_msgs/share/nav_2d_msgs/msg/Pose2D32.idl
[6.084s] -- Installing: /home/kgh/ws2/install/nav_2d_msgs/share/nav_2d_msgs/msg/Pose2DStamped.idl
[6.084s] -- Installing: /home/kgh/ws2/install/nav_2d_msgs/share/nav_2d_msgs/msg/Twist2D.idl
[6.084s] -- Installing: /home/kgh/ws2/install/nav_2d_msgs/share/nav_2d_msgs/msg/Twist2D32.idl
[6.084s] -- Installing: /home/kgh/ws2/install/nav_2d_msgs/share/nav_2d_msgs/msg/Twist2DStamped.idl
[6.084s] -- Installing: /home/kgh/ws2/install/nav_2d_msgs/share/nav_2d_msgs/msg/Path2D.msg
[6.084s] -- Installing: /home/kgh/ws2/install/nav_2d_msgs/share/nav_2d_msgs/msg/Pose2D32.msg
[6.084s] -- Installing: /home/kgh/ws2/install/nav_2d_msgs/share/nav_2d_msgs/msg/Pose2DStamped.msg
[6.085s] -- Installing: /home/kgh/ws2/install/nav_2d_msgs/share/nav_2d_msgs/msg/Twist2D.msg
[6.085s] -- Installing: /home/kgh/ws2/install/nav_2d_msgs/share/nav_2d_msgs/msg/Twist2D32.msg
[6.085s] -- Installing: /home/kgh/ws2/install/nav_2d_msgs/share/nav_2d_msgs/msg/Twist2DStamped.msg
[6.085s] -- Installing: /home/kgh/ws2/install/nav_2d_msgs/share/ament_index/resource_index/package_run_dependencies/nav_2d_msgs
[6.085s] -- Installing: /home/kgh/ws2/install/nav_2d_msgs/share/ament_index/resource_index/parent_prefix_path/nav_2d_msgs
[6.085s] -- Installing: /home/kgh/ws2/install/nav_2d_msgs/share/nav_2d_msgs/environment/ament_prefix_path.sh
[6.085s] -- Installing: /home/kgh/ws2/install/nav_2d_msgs/share/nav_2d_msgs/environment/ament_prefix_path.dsv
[6.086s] -- Installing: /home/kgh/ws2/install/nav_2d_msgs/share/nav_2d_msgs/environment/path.sh
[6.086s] -- Installing: /home/kgh/ws2/install/nav_2d_msgs/share/nav_2d_msgs/environment/path.dsv
[6.086s] -- Installing: /home/kgh/ws2/install/nav_2d_msgs/share/nav_2d_msgs/local_setup.bash
[6.086s] -- Installing: /home/kgh/ws2/install/nav_2d_msgs/share/nav_2d_msgs/local_setup.sh
[6.086s] -- Installing: /home/kgh/ws2/install/nav_2d_msgs/share/nav_2d_msgs/local_setup.zsh
[6.086s] -- Installing: /home/kgh/ws2/install/nav_2d_msgs/share/nav_2d_msgs/local_setup.dsv
[6.086s] -- Installing: /home/kgh/ws2/install/nav_2d_msgs/share/nav_2d_msgs/package.dsv
[6.086s] -- Installing: /home/kgh/ws2/install/nav_2d_msgs/share/ament_index/resource_index/packages/nav_2d_msgs
[6.087s] -- Installing: /home/kgh/ws2/install/nav_2d_msgs/share/nav_2d_msgs/cmake/nav_2d_msgs__rosidl_generator_cExport.cmake
[6.087s] -- Installing: /home/kgh/ws2/install/nav_2d_msgs/share/nav_2d_msgs/cmake/nav_2d_msgs__rosidl_generator_cExport-noconfig.cmake
[6.087s] -- Installing: /home/kgh/ws2/install/nav_2d_msgs/share/nav_2d_msgs/cmake/nav_2d_msgs__rosidl_typesupport_introspection_cExport.cmake
[6.087s] -- Installing: /home/kgh/ws2/install/nav_2d_msgs/share/nav_2d_msgs/cmake/nav_2d_msgs__rosidl_typesupport_introspection_cExport-noconfig.cmake
[6.087s] -- Installing: /home/kgh/ws2/install/nav_2d_msgs/share/nav_2d_msgs/cmake/nav_2d_msgs__rosidl_typesupport_cExport.cmake
[6.087s] -- Installing: /home/kgh/ws2/install/nav_2d_msgs/share/nav_2d_msgs/cmake/nav_2d_msgs__rosidl_typesupport_cExport-noconfig.cmake
[6.087s] -- Installing: /home/kgh/ws2/install/nav_2d_msgs/share/nav_2d_msgs/cmake/nav_2d_msgs__rosidl_generator_cppExport.cmake
[6.088s] -- Installing: /home/kgh/ws2/install/nav_2d_msgs/share/nav_2d_msgs/cmake/nav_2d_msgs__rosidl_typesupport_introspection_cppExport.cmake
[6.088s] -- Installing: /home/kgh/ws2/install/nav_2d_msgs/share/nav_2d_msgs/cmake/nav_2d_msgs__rosidl_typesupport_introspection_cppExport-noconfig.cmake
[6.088s] -- Installing: /home/kgh/ws2/install/nav_2d_msgs/share/nav_2d_msgs/cmake/nav_2d_msgs__rosidl_typesupport_cppExport.cmake
[6.088s] -- Installing: /home/kgh/ws2/install/nav_2d_msgs/share/nav_2d_msgs/cmake/nav_2d_msgs__rosidl_typesupport_cppExport-noconfig.cmake
[6.088s] -- Installing: /home/kgh/ws2/install/nav_2d_msgs/share/nav_2d_msgs/cmake/rosidl_cmake-extras.cmake
[6.088s] -- Installing: /home/kgh/ws2/install/nav_2d_msgs/share/nav_2d_msgs/cmake/ament_cmake_export_dependencies-extras.cmake
[6.088s] -- Installing: /home/kgh/ws2/install/nav_2d_msgs/share/nav_2d_msgs/cmake/ament_cmake_export_libraries-extras.cmake
[6.088s] -- Installing: /home/kgh/ws2/install/nav_2d_msgs/share/nav_2d_msgs/cmake/ament_cmake_export_targets-extras.cmake
[6.088s] -- Installing: /home/kgh/ws2/install/nav_2d_msgs/share/nav_2d_msgs/cmake/ament_cmake_export_include_directories-extras.cmake
[6.089s] -- Installing: /home/kgh/ws2/install/nav_2d_msgs/share/nav_2d_msgs/cmake/rosidl_cmake_export_typesupport_libraries-extras.cmake
[6.089s] -- Installing: /home/kgh/ws2/install/nav_2d_msgs/share/nav_2d_msgs/cmake/rosidl_cmake_export_typesupport_targets-extras.cmake
[6.089s] -- Installing: /home/kgh/ws2/install/nav_2d_msgs/share/nav_2d_msgs/cmake/nav_2d_msgsConfig.cmake
[6.089s] -- Installing: /home/kgh/ws2/install/nav_2d_msgs/share/nav_2d_msgs/cmake/nav_2d_msgsConfig-version.cmake
[6.089s] -- Installing: /home/kgh/ws2/install/nav_2d_msgs/share/nav_2d_msgs/package.xml
[6.091s] Invoked command in '/home/kgh/ws2/build/nav_2d_msgs' returned '0': CMAKE_PREFIX_PATH=${CMAKE_PREFIX_PATH}:/home/kgh/ws2/install/yzbot_description:/home/kgh/ws2/install/yzbot_controller:/home/kgh/ws2/install/fishbot_description:/home/kgh/ws2/install/nav2_gazebo_spawner:/home/kgh/ws2/install/fishbot_controller:/opt/ros/foxy /usr/bin/cmake --install /home/kgh/ws2/build/nav_2d_msgs
