[1.317s] Invoking command in '/home/kgh/ws2/src/yzbot_controller': PYTHONPATH=/home/kgh/ws2/build/yzbot_controller/prefix_override:/home/kgh/ws2/install/yzbot_controller/lib/python3.8/site-packages:${PYTHONPATH} /usr/bin/python3 setup.py egg_info --egg-base ../../build/yzbot_controller build --build-base /home/kgh/ws2/build/yzbot_controller/build install --record /home/kgh/ws2/build/yzbot_controller/install.log --install-scripts $base/lib/yzbot_controller --single-version-externally-managed
[1.512s] running egg_info
[1.513s] writing ../../build/yzbot_controller/yzbot_controller.egg-info/PKG-INFO
[1.513s] writing dependency_links to ../../build/yzbot_controller/yzbot_controller.egg-info/dependency_links.txt
[1.513s] writing entry points to ../../build/yzbot_controller/yzbot_controller.egg-info/entry_points.txt
[1.513s] writing requirements to ../../build/yzbot_controller/yzbot_controller.egg-info/requires.txt
[1.513s] writing top-level names to ../../build/yzbot_controller/yzbot_controller.egg-info/top_level.txt
[1.548s] reading manifest file '../../build/yzbot_controller/yzbot_controller.egg-info/SOURCES.txt'
[1.548s] writing manifest file '../../build/yzbot_controller/yzbot_controller.egg-info/SOURCES.txt'
[1.548s] running build
[1.548s] running build_py
[1.548s] running install
[1.548s] running install_lib
[1.549s] running install_data
[1.549s] running install_egg_info
[1.549s] removing '/home/kgh/ws2/install/yzbot_controller/lib/python3.8/site-packages/yzbot_controller-0.0.0-py3.8.egg-info' (and everything under it)
[1.550s] Copying ../../build/yzbot_controller/yzbot_controller.egg-info to /home/kgh/ws2/install/yzbot_controller/lib/python3.8/site-packages/yzbot_controller-0.0.0-py3.8.egg-info
[1.550s] running install_scripts
[1.578s] writing list of installed files to '/home/kgh/ws2/build/yzbot_controller/install.log'
[2.162s] Invoked command in '/home/kgh/ws2/src/yzbot_controller' returned '0': PYTHONPATH=/home/kgh/ws2/build/yzbot_controller/prefix_override:/home/kgh/ws2/install/yzbot_controller/lib/python3.8/site-packages:${PYTHONPATH} /usr/bin/python3 setup.py egg_info --egg-base ../../build/yzbot_controller build --build-base /home/kgh/ws2/build/yzbot_controller/build install --record /home/kgh/ws2/build/yzbot_controller/install.log --install-scripts $base/lib/yzbot_controller --single-version-externally-managed
