[0.127s] Invoking command in '/home/kgh/ws2/build/yzbot_stm32connect': CMAKE_PREFIX_PATH=/home/kgh/ws2/install/yzbot_msgs:/home/kgh/ws2/install/yzbot_stm32connect:/home/kgh/ws2/install/yzbot_nav2:/home/kgh/ws2/install/yzbot_cartographer:/home/kgh/ws2/install/nav2_system_tests:/home/kgh/ws2/install/nav2_bringup:/home/kgh/ws2/install/navigation2:/home/kgh/ws2/install/smac_planner:/home/kgh/ws2/install/nav2_dwb_controller:/home/kgh/ws2/install/nav2_controller:/home/kgh/ws2/install/dwb_plugins:/home/kgh/ws2/install/dwb_critics:/home/kgh/ws2/install/dwb_core:/home/kgh/ws2/install/nav_2d_utils:/home/kgh/ws2/install/dwb_msgs:/home/kgh/ws2/install/nav_2d_msgs:/home/kgh/ws2/install/nav2_waypoint_follower:/home/kgh/ws2/install/nav2_regulated_pure_pursuit_controller:/home/kgh/ws2/install/nav2_recoveries:/home/kgh/ws2/install/nav2_planner:/home/kgh/ws2/install/nav2_navfn_planner:/home/kgh/ws2/install/nav2_core:/home/kgh/ws2/install/costmap_queue:/home/kgh/ws2/install/nav2_costmap_2d:/home/kgh/ws2/install/nav2_voxel_grid:/home/kgh/ws2/install/nav2_rviz_plugins:/home/kgh/ws2/install/nav2_map_server:/home/kgh/ws2/install/nav2_lifecycle_manager:/home/kgh/ws2/install/nav2_bt_navigator:/home/kgh/ws2/install/nav2_behavior_tree:/home/kgh/ws2/install/nav2_amcl:/home/kgh/ws2/install/nav2_util:/home/kgh/ws2/install/nav2_msgs:/home/kgh/ws2/install/nav2_common:/home/kgh/ws2/install/bluesea2:/home/kgh/ws2/install/yzbot_description:/home/kgh/ws2/install/yzbot_controller:/home/kgh/ws2/install/nav2_gazebo_spawner:/opt/ros/foxy /usr/bin/cmake --build /home/kgh/ws2/build/yzbot_stm32connect -- -j16 -l16
[0.160s] -- Found ament_cmake: 0.9.12 (/opt/ros/foxy/share/ament_cmake/cmake)
[0.182s] -- Using PYTHON_EXECUTABLE: /usr/bin/python3
[0.321s] -- Found rclcpp: 2.4.3 (/opt/ros/foxy/share/rclcpp/cmake)
[0.347s] -- Using all available rosidl_typesupport_c: rosidl_typesupport_fastrtps_c;rosidl_typesupport_introspection_c
[0.349s] -- Found rosidl_adapter: 1.3.1 (/opt/ros/foxy/share/rosidl_adapter/cmake)
[0.444s] -- Using all available rosidl_typesupport_cpp: rosidl_typesupport_fastrtps_cpp;rosidl_typesupport_introspection_cpp
[0.478s] -- Found rmw_implementation_cmake: 1.0.4 (/opt/ros/foxy/share/rmw_implementation_cmake/cmake)
[0.480s] -- Using RMW implementation 'rmw_fastrtps_cpp' as default
[0.580s] -- Found yzbot_msgs: 0.0.0 (/home/kgh/ws2/install/yzbot_msgs/share/yzbot_msgs/cmake)
[0.585s] -- Found nav_msgs: 2.0.5 (/opt/ros/foxy/share/nav_msgs/cmake)
[0.666s] -- Found tf2_msgs: 0.13.14 (/opt/ros/foxy/share/tf2_msgs/cmake)
[0.796s] -- Found tf2_ros: 0.13.14 (/opt/ros/foxy/share/tf2_ros/cmake)
[0.899s] -- Found ament_lint_auto: 0.9.8 (/opt/ros/foxy/share/ament_lint_auto/cmake)
[0.960s] -- Added test 'copyright' to check source files copyright and LICENSE
[0.961s] -- Added test 'cppcheck' to perform static code analysis on C / C++ code
[0.961s] -- Configured cppcheck include dirs: /home/kgh/ws2/src/yzbot_stm32connect/include;$<BUILD_INTERFACE:/home/kgh/ws2/src/yzbot_stm32connect/include>
[0.961s] -- Configured cppcheck exclude dirs and/or files: 
[0.962s] -- Added test 'cpplint' to check C / C++ code against the Google style
[0.962s] -- Configured cpplint exclude dirs and/or files: 
[0.962s] -- Added test 'lint_cmake' to check CMake code style
[0.963s] -- Added test 'uncrustify' to check C / C++ code style
[0.963s] -- Configured uncrustify additional arguments: 
[0.963s] -- Added test 'xmllint' to check XML markup files
[0.965s] -- Configuring done
[0.975s] -- Generating done
[0.976s] -- Build files have been written to: /home/kgh/ws2/build/yzbot_stm32connect
[1.026s] [ 50%] Built target serial
[1.070s] [ 75%] [32mBuilding CXX object CMakeFiles/stm32_connect.dir/src/stm32_connect.cpp.o[0m
[1.070s] [ 75%] [32mBuilding CXX object CMakeFiles/stm32_connect.dir/src/robotserial.cpp.o[0m
[1.070s] [ 87%] [32mBuilding CXX object CMakeFiles/stm32_connect.dir/src/plc.cpp.o[0m
[1.450s] In file included from [01m[K/home/kgh/ws2/src/yzbot_stm32connect/src/plc.cpp:1[m[K:
[1.450s] [01m[K/home/kgh/ws2/src/yzbot_stm32connect/include/plc.hpp:10:10:[m[K [01;31m[Kfatal error: [m[Kyzbot_msgs/msg/RobotPose.h: 没有那个文件或目录
[1.450s]    10 | #include [01;31m[K<yzbot_msgs/msg/RobotPose.h>[m[K
[1.451s]       |          [01;31m[K^~~~~~~~~~~~~~~~~~~~~~~~~~~~[m[K
[1.451s] compilation terminated.
[1.451s] In file included from [01m[K/home/kgh/ws2/src/yzbot_stm32connect/include/stm32_connect.hpp:6[m[K,
[1.451s]                  from [01m[K/home/kgh/ws2/src/yzbot_stm32connect/src/stm32_connect.cpp:1[m[K:
[1.451s] [01m[K/home/kgh/ws2/src/yzbot_stm32connect/include/plc.hpp:10:10:[m[K [01;31m[Kfatal error: [m[Kyzbot_msgs/msg/RobotPose.h: 没有那个文件或目录
[1.451s]    10 | #include [01;31m[K<yzbot_msgs/msg/RobotPose.h>[m[K
[1.451s]       |          [01;31m[K^~~~~~~~~~~~~~~~~~~~~~~~~~~~[m[K
[1.451s] compilation terminated.
[1.464s] make[2]: *** [CMakeFiles/stm32_connect.dir/build.make:63：CMakeFiles/stm32_connect.dir/src/stm32_connect.cpp.o] 错误 1
[1.464s] make[2]: *** 正在等待未完成的任务....
[1.464s] make[2]: *** [CMakeFiles/stm32_connect.dir/build.make:89：CMakeFiles/stm32_connect.dir/src/plc.cpp.o] 错误 1
[3.044s] [01m[K/home/kgh/ws2/src/yzbot_stm32connect/src/robotserial.cpp:[m[K In function ‘[01m[Kvoid* Timer_Callback(void*)[m[K’:
[3.044s] [01m[K/home/kgh/ws2/src/yzbot_stm32connect/src/robotserial.cpp:7:28:[m[K [01;35m[Kwarning: [m[Kunused parameter ‘[01m[Karge[m[K’ [[01;35m[K-Wunused-parameter[m[K]
[3.044s]     7 | void *Timer_Callback([01;35m[Kvoid *arge[m[K)
[3.044s]       |                      [01;35m[K~~~~~~^~~~[m[K
[3.044s] [01m[K/home/kgh/ws2/src/yzbot_stm32connect/src/robotserial.cpp:[m[K In constructor ‘[01m[KRobotSerial::RobotSerial(std::shared_ptr<serial::Serial>)[m[K’:
[3.045s] [01m[K/home/kgh/ws2/src/yzbot_stm32connect/src/robotserial.cpp:27:9:[m[K [01;35m[Kwarning: [m[Kunused variable ‘[01m[Kret[m[K’ [[01;35m[K-Wunused-variable[m[K]
[3.045s]    27 |     int [01;35m[Kret[m[K = pthread_create(&pid, &attr, Timer_Callback, NULL);
[3.045s]       |         [01;35m[K^~~[m[K
[3.045s] [01m[K/home/kgh/ws2/src/yzbot_stm32connect/src/robotserial.cpp:[m[K In member function ‘[01m[Kint8_t RobotSerial::robotSerialRead()[m[K’:
[3.045s] [01m[K/home/kgh/ws2/src/yzbot_stm32connect/src/robotserial.cpp:46:11:[m[K [01;35m[Kwarning: [m[Kunused variable ‘[01m[Kread_byte[m[K’ [[01;35m[K-Wunused-variable[m[K]
[3.045s]    46 |    size_t [01;35m[Kread_byte[m[K = mSerial->read(RecvBUF+2, 17);
[3.046s]       |           [01;35m[K^~~~~~~~~[m[K
[3.049s] [01m[K/home/kgh/ws2/src/yzbot_stm32connect/src/robotserial.cpp:[m[K In member function ‘[01m[Kint RobotSerial::Get_Pms(int&, int&)[m[K’:
[3.049s] [01m[K/home/kgh/ws2/src/yzbot_stm32connect/src/robotserial.cpp:197:35:[m[K [01;35m[Kwarning: [m[Kvariable ‘[01m[KrecvFrameIndex[m[K’ set but not used [[01;35m[K-Wunused-but-set-variable[m[K]
[3.049s]   197 |                     unsigned char [01;35m[KrecvFrameIndex[m[K=0;
[3.049s]       |                                   [01;35m[K^~~~~~~~~~~~~~[m[K
[3.049s] [01m[K/home/kgh/ws2/src/yzbot_stm32connect/src/robotserial.cpp:198:35:[m[K [01;35m[Kwarning: [m[Kunused variable ‘[01m[Klength[m[K’ [[01;35m[K-Wunused-variable[m[K]
[3.049s]   198 |                     unsigned char [01;35m[Klength[m[K;
[3.049s]       |                                   [01;35m[K^~~~~~[m[K
[3.049s] [01m[K/home/kgh/ws2/src/yzbot_stm32connect/src/robotserial.cpp:199:35:[m[K [01;35m[Kwarning: [m[Kunused variable ‘[01m[Ks_devid[m[K’ [[01;35m[K-Wunused-variable[m[K]
[3.049s]   199 |                     unsigned char [01;35m[Ks_devid[m[K;
[3.049s]       |                                   [01;35m[K^~~~~~~[m[K
[3.049s] [01m[K/home/kgh/ws2/src/yzbot_stm32connect/src/robotserial.cpp:200:35:[m[K [01;35m[Kwarning: [m[Kunused variable ‘[01m[Kp_devid[m[K’ [[01;35m[K-Wunused-variable[m[K]
[3.049s]   200 |                     unsigned char [01;35m[Kp_devid[m[K;
[3.049s]       |                                   [01;35m[K^~~~~~~[m[K
[3.050s] [01m[K/home/kgh/ws2/src/yzbot_stm32connect/src/robotserial.cpp:201:35:[m[K [01;35m[Kwarning: [m[Kunused variable ‘[01m[Kcmd[m[K’ [[01;35m[K-Wunused-variable[m[K]
[3.050s]   201 |                     unsigned char [01;35m[Kcmd[m[K;
[3.050s]       |                                   [01;35m[K^~~[m[K
[3.050s] [01m[K/home/kgh/ws2/src/yzbot_stm32connect/src/robotserial.cpp:202:25:[m[K [01;35m[Kwarning: [m[Kunused variable ‘[01m[Kcharging_flag[m[K’ [[01;35m[K-Wunused-variable[m[K]
[3.050s]   202 |                     int [01;35m[Kcharging_flag[m[K = 0;
[3.050s]       |                         [01;35m[K^~~~~~~~~~~~~[m[K
[3.050s] [01m[K/home/kgh/ws2/src/yzbot_stm32connect/src/robotserial.cpp:203:25:[m[K [01;35m[Kwarning: [m[Kunused variable ‘[01m[Kbattary_level[m[K’ [[01;35m[K-Wunused-variable[m[K]
[3.050s]   203 |                     int [01;35m[Kbattary_level[m[K = 0;
[3.050s]       |                         [01;35m[K^~~~~~~~~~~~~[m[K
[3.052s] [01m[K/home/kgh/ws2/src/yzbot_stm32connect/src/robotserial.cpp:[m[K In member function ‘[01m[Kint8_t RobotSerial::GetOdom(unsigned char&, int16_t&, int16_t&, float&, float&, float&, int, int16_t&, int16_t&)[m[K’:
[3.052s] [01m[K/home/kgh/ws2/src/yzbot_stm32connect/src/robotserial.cpp:402:31:[m[K [01;35m[Kwarning: [m[K‘[01m[Kint ftime(timeb*)[m[K’ is deprecated [[01;35m[K-Wdeprecated-declarations[m[K]
[3.052s]   402 |                 ftime(&stTimeb[01;35m[K)[m[K;
[3.052s]       |                               [01;35m[K^[m[K
[3.052s] In file included from [01m[K/home/kgh/ws2/src/yzbot_stm32connect/include/robotserial.hpp:9[m[K,
[3.052s]                  from [01m[K/home/kgh/ws2/src/yzbot_stm32connect/src/robotserial.cpp:1[m[K:
[3.052s] [01m[K/usr/include/x86_64-linux-gnu/sys/timeb.h:39:12:[m[K [01;36m[Knote: [m[Kdeclared here
[3.052s]    39 | extern int [01;36m[Kftime[m[K (struct timeb *__timebuf)
[3.052s]       |            [01;36m[K^~~~~[m[K
[3.052s] [01m[K/home/kgh/ws2/src/yzbot_stm32connect/src/robotserial.cpp:402:31:[m[K [01;35m[Kwarning: [m[K‘[01m[Kint ftime(timeb*)[m[K’ is deprecated [[01;35m[K-Wdeprecated-declarations[m[K]
[3.052s]   402 |                 ftime(&stTimeb[01;35m[K)[m[K;
[3.052s]       |                               [01;35m[K^[m[K
[3.052s] In file included from [01m[K/home/kgh/ws2/src/yzbot_stm32connect/include/robotserial.hpp:9[m[K,
[3.053s]                  from [01m[K/home/kgh/ws2/src/yzbot_stm32connect/src/robotserial.cpp:1[m[K:
[3.053s] [01m[K/usr/include/x86_64-linux-gnu/sys/timeb.h:39:12:[m[K [01;36m[Knote: [m[Kdeclared here
[3.053s]    39 | extern int [01;36m[Kftime[m[K (struct timeb *__timebuf)
[3.053s]       |            [01;36m[K^~~~~[m[K
[3.053s] [01m[K/home/kgh/ws2/src/yzbot_stm32connect/src/robotserial.cpp:361:30:[m[K [01;35m[Kwarning: [m[Kvariable ‘[01m[Kper_get_Angle[m[K’ set but not used [[01;35m[K-Wunused-but-set-variable[m[K]
[3.053s]   361 |                 static float [01;35m[Kper_get_Angle[m[K = 0;
[3.053s]       |                              [01;35m[K^~~~~~~~~~~~~[m[K
[3.053s] [01m[K/home/kgh/ws2/src/yzbot_stm32connect/src/robotserial.cpp:363:31:[m[K [01;35m[Kwarning: [m[Kunused variable ‘[01m[Klength[m[K’ [[01;35m[K-Wunused-variable[m[K]
[3.053s]   363 |                 unsigned char [01;35m[Klength[m[K;
[3.053s]       |                               [01;35m[K^~~~~~[m[K
[3.053s] [01m[K/home/kgh/ws2/src/yzbot_stm32connect/src/robotserial.cpp:364:31:[m[K [01;35m[Kwarning: [m[Kunused variable ‘[01m[Ks_devid[m[K’ [[01;35m[K-Wunused-variable[m[K]
[3.053s]   364 |                 unsigned char [01;35m[Ks_devid[m[K;
[3.053s]       |                               [01;35m[K^~~~~~~[m[K
[3.054s] [01m[K/home/kgh/ws2/src/yzbot_stm32connect/src/robotserial.cpp:365:31:[m[K [01;35m[Kwarning: [m[Kunused variable ‘[01m[Kp_devid[m[K’ [[01;35m[K-Wunused-variable[m[K]
[3.054s]   365 |                 unsigned char [01;35m[Kp_devid[m[K;
[3.054s]       |                               [01;35m[K^~~~~~~[m[K
[3.054s] [01m[K/home/kgh/ws2/src/yzbot_stm32connect/src/robotserial.cpp:366:31:[m[K [01;35m[Kwarning: [m[Kunused variable ‘[01m[Kcmd[m[K’ [[01;35m[K-Wunused-variable[m[K]
[3.054s]   366 |                 unsigned char [01;35m[Kcmd[m[K;
[3.054s]       |                               [01;35m[K^~~[m[K
[3.054s] [01m[K/home/kgh/ws2/src/yzbot_stm32connect/src/robotserial.cpp:316:18:[m[K [01;35m[Kwarning: [m[Kunused variable ‘[01m[Kangle_per[m[K’ [[01;35m[K-Wunused-variable[m[K]
[3.054s]   316 |     static float [01;35m[Kangle_per[m[K = 0;
[3.054s]       |                  [01;35m[K^~~~~~~~~[m[K
[3.054s] [01m[K/home/kgh/ws2/src/yzbot_stm32connect/src/robotserial.cpp:[m[K In member function ‘[01m[Kint8_t RobotSerial::GetAutoSpeed()[m[K’:
[3.054s] [01m[K/home/kgh/ws2/src/yzbot_stm32connect/src/robotserial.cpp:468:24:[m[K [01;35m[Kwarning: [m[Kunused variable ‘[01m[Klinear[m[K’ [[01;35m[K-Wunused-variable[m[K]
[3.054s]   468 |                 double [01;35m[Klinear[m[K = (short)((RecvBUF[8]<<8) + RecvBUF[9]);     // 线速度
[3.054s]       |                        [01;35m[K^~~~~~[m[K
[3.054s] [01m[K/home/kgh/ws2/src/yzbot_stm32connect/src/robotserial.cpp:469:24:[m[K [01;35m[Kwarning: [m[Kunused variable ‘[01m[Kangular[m[K’ [[01;35m[K-Wunused-variable[m[K]
[3.054s]   469 |                 double [01;35m[Kangular[m[K = (short)((RecvBUF[10]<<8) + RecvBUF[11]);  // 角速度
[3.054s]       |                        [01;35m[K^~~~~~~[m[K
[3.055s] [01m[K/home/kgh/ws2/src/yzbot_stm32connect/src/robotserial.cpp:470:21:[m[K [01;35m[Kwarning: [m[Kunused variable ‘[01m[KautoChargeTaskFlag[m[K’ [[01;35m[K-Wunused-variable[m[K]
[3.055s]   470 |                 int [01;35m[KautoChargeTaskFlag[m[K = RecvBUF[12];
[3.055s]       |                     [01;35m[K^~~~~~~~~~~~~~~~~~[m[K
[3.055s] [01m[K/home/kgh/ws2/src/yzbot_stm32connect/src/robotserial.cpp:471:21:[m[K [01;35m[Kwarning: [m[Kunused variable ‘[01m[KEmergency_flag[m[K’ [[01;35m[K-Wunused-variable[m[K]
[3.055s]   471 |                 int [01;35m[KEmergency_flag[m[K = RecvBUF[13];
[3.055s]       |                     [01;35m[K^~~~~~~~~~~~~~[m[K
[3.055s] [01m[K/home/kgh/ws2/src/yzbot_stm32connect/src/robotserial.cpp:472:21:[m[K [01;35m[Kwarning: [m[Kunused variable ‘[01m[KreChargeFlag[m[K’ [[01;35m[K-Wunused-variable[m[K]
[3.055s]   472 |                 int [01;35m[KreChargeFlag[m[K = RecvBUF[14];
[3.055s]       |                     [01;35m[K^~~~~~~~~~~~[m[K
[3.055s] [01m[K/home/kgh/ws2/src/yzbot_stm32connect/src/robotserial.cpp:[m[K In member function ‘[01m[Kint8_t RobotSerial::SetSensorEn(int, int)[m[K’:
[3.055s] [01m[K/home/kgh/ws2/src/yzbot_stm32connect/src/robotserial.cpp:524:13:[m[K [01;35m[Kwarning: [m[Kunused variable ‘[01m[KcarLight_result[m[K’ [[01;35m[K-Wunused-variable[m[K]
[3.055s]   524 |         int [01;35m[KcarLight_result[m[K = RecvBUF[9];
[3.055s]       |             [01;35m[K^~~~~~~~~~~~~~~[m[K
[3.055s] [01m[K/home/kgh/ws2/src/yzbot_stm32connect/src/robotserial.cpp:525:13:[m[K [01;35m[Kwarning: [m[Kunused variable ‘[01m[KturnLight_result[m[K’ [[01;35m[K-Wunused-variable[m[K]
[3.055s]   525 |         int [01;35m[KturnLight_result[m[K = RecvBUF[10];
[3.056s]       |             [01;35m[K^~~~~~~~~~~~~~~~[m[K
[3.056s] [01m[K/home/kgh/ws2/src/yzbot_stm32connect/src/robotserial.cpp:[m[K In member function ‘[01m[Kint RobotSerial::get_ultrasound_result(int&, int&)[m[K’:
[3.056s] [01m[K/home/kgh/ws2/src/yzbot_stm32connect/src/robotserial.cpp:609:31:[m[K [01;35m[Kwarning: [m[Kunused variable ‘[01m[KrecvFrameIndex[m[K’ [[01;35m[K-Wunused-variable[m[K]
[3.056s]   609 |                 unsigned char [01;35m[KrecvFrameIndex[m[K=0;
[3.056s]       |                               [01;35m[K^~~~~~~~~~~~~~[m[K
[3.056s] [01m[K/home/kgh/ws2/src/yzbot_stm32connect/src/robotserial.cpp:610:31:[m[K [01;35m[Kwarning: [m[Kunused variable ‘[01m[Klength[m[K’ [[01;35m[K-Wunused-variable[m[K]
[3.056s]   610 |                 unsigned char [01;35m[Klength[m[K;
[3.056s]       |                               [01;35m[K^~~~~~[m[K
[3.056s] [01m[K/home/kgh/ws2/src/yzbot_stm32connect/src/robotserial.cpp:611:31:[m[K [01;35m[Kwarning: [m[Kunused variable ‘[01m[Ks_devid[m[K’ [[01;35m[K-Wunused-variable[m[K]
[3.056s]   611 |                 unsigned char [01;35m[Ks_devid[m[K;
[3.056s]       |                               [01;35m[K^~~~~~~[m[K
[3.056s] [01m[K/home/kgh/ws2/src/yzbot_stm32connect/src/robotserial.cpp:612:31:[m[K [01;35m[Kwarning: [m[Kunused variable ‘[01m[Kp_devid[m[K’ [[01;35m[K-Wunused-variable[m[K]
[3.056s]   612 |                 unsigned char [01;35m[Kp_devid[m[K;
[3.056s]       |                               [01;35m[K^~~~~~~[m[K
[3.056s] [01m[K/home/kgh/ws2/src/yzbot_stm32connect/src/robotserial.cpp:613:31:[m[K [01;35m[Kwarning: [m[Kunused variable ‘[01m[Kcmd[m[K’ [[01;35m[K-Wunused-variable[m[K]
[3.057s]   613 |                 unsigned char [01;35m[Kcmd[m[K;
[3.057s]       |                               [01;35m[K^~~[m[K
[3.057s] [01m[K/home/kgh/ws2/src/yzbot_stm32connect/src/robotserial.cpp:579:16:[m[K [01;35m[Kwarning: [m[Kunused variable ‘[01m[Ktmp[m[K’ [[01;35m[K-Wunused-variable[m[K]
[3.057s]   579 |     static int [01;35m[Ktmp[m[K = 0;
[3.057s]       |                [01;35m[K^~~[m[K
[3.057s] [01m[K/home/kgh/ws2/src/yzbot_stm32connect/src/robotserial.cpp:[m[K In member function ‘[01m[Kint8_t RobotSerial::GetNeckPose(int&, int&, int&, int, int)[m[K’:
[3.057s] [01m[K/home/kgh/ws2/src/yzbot_stm32connect/src/robotserial.cpp:674:27:[m[K [01;35m[Kwarning: [m[Kunused variable ‘[01m[Kmheight[m[K’ [[01;35m[K-Wunused-variable[m[K]
[3.057s]   674 |                 short int [01;35m[Kmheight[m[K = 0;
[3.057s]       |                           [01;35m[K^~~~~~~[m[K
[3.057s] [01m[K/home/kgh/ws2/src/yzbot_stm32connect/src/robotserial.cpp:675:27:[m[K [01;35m[Kwarning: [m[Kunused variable ‘[01m[Kmlimit[m[K’ [[01;35m[K-Wunused-variable[m[K]
[3.057s]   675 |                 short int [01;35m[Kmlimit[m[K = 0;
[3.057s]       |                           [01;35m[K^~~~~~[m[K
[3.057s] [01m[K/home/kgh/ws2/src/yzbot_stm32connect/src/robotserial.cpp:676:27:[m[K [01;35m[Kwarning: [m[Kunused variable ‘[01m[Kmdone[m[K’ [[01;35m[K-Wunused-variable[m[K]
[3.057s]   676 |                 short int [01;35m[Kmdone[m[K = 0;
[3.057s]       |                           [01;35m[K^~~~~[m[K
[3.057s] [01m[K/home/kgh/ws2/src/yzbot_stm32connect/src/robotserial.cpp:[m[K In member function ‘[01m[Kint8_t RobotSerial::GetHeadPose(int&, int&, int&)[m[K’:
[3.058s] [01m[K/home/kgh/ws2/src/yzbot_stm32connect/src/robotserial.cpp:724:27:[m[K [01;35m[Kwarning: [m[Kunused variable ‘[01m[KmSwitch_flag[m[K’ [[01;35m[K-Wunused-variable[m[K]
[3.058s]   724 |                 short int [01;35m[KmSwitch_flag[m[K = 0;
[3.058s]       |                           [01;35m[K^~~~~~~~~~~~[m[K
[3.576s] [01m[K/home/kgh/ws2/src/yzbot_stm32connect/src/robotserial.cpp:[m[K In member function ‘[01m[Kint8_t RobotSerial::robotSerialRead()[m[K’:
[3.576s] [01m[K/home/kgh/ws2/src/yzbot_stm32connect/src/robotserial.cpp:63:1:[m[K [01;35m[Kwarning: [m[Kcontrol reaches end of non-void function [[01;35m[K-Wreturn-type[m[K]
[3.576s]    63 | [01;35m[K}[m[K
[3.576s]       | [01;35m[K^[m[K
[3.581s] [01m[K/home/kgh/ws2/src/yzbot_stm32connect/src/robotserial.cpp:[m[K In member function ‘[01m[Kint RobotSerial::SendHeardCtrl(int)[m[K’:
[3.581s] [01m[K/home/kgh/ws2/src/yzbot_stm32connect/src/robotserial.cpp:856:19:[m[K [01;35m[Kwarning: [m[Kthis statement may fall through [[01;35m[K-Wimplicit-fallthrough=[m[K]
[3.581s]   856 |         [01;35m[KSendBUF[8]=0x08[m[K;
[3.581s]       |         [01;35m[K~~~~~~~~~~^~~~~[m[K
[3.581s] [01m[K/home/kgh/ws2/src/yzbot_stm32connect/src/robotserial.cpp:857:9:[m[K [01;36m[Knote: [m[Khere
[3.581s]   857 |         [01;36m[Kcase[m[K 9:
[3.581s]       |         [01;36m[K^~~~[m[K
[3.591s] [01m[K/home/kgh/ws2/src/yzbot_stm32connect/src/robotserial.cpp:[m[K At global scope:
[3.591s] [01m[K/home/kgh/ws2/src/yzbot_stm32connect/src/robotserial.cpp:579:16:[m[K [01;35m[Kwarning: [m[K‘[01m[Ktmp[m[K’ defined but not used [[01;35m[K-Wunused-variable[m[K]
[3.591s]   579 |     static int [01;35m[Ktmp[m[K = 0;
[3.591s]       |                [01;35m[K^~~[m[K
[3.591s] [01m[K/home/kgh/ws2/src/yzbot_stm32connect/src/robotserial.cpp:316:18:[m[K [01;35m[Kwarning: [m[K‘[01m[Kangle_per[m[K’ defined but not used [[01;35m[K-Wunused-variable[m[K]
[3.591s]   316 |     static float [01;35m[Kangle_per[m[K = 0;
[3.591s]       |                  [01;35m[K^~~~~~~~~[m[K
[3.818s] make[1]: *** [CMakeFiles/Makefile2:80：CMakeFiles/stm32_connect.dir/all] 错误 2
[3.818s] make: *** [Makefile:141：all] 错误 2
[3.823s] Invoked command in '/home/kgh/ws2/build/yzbot_stm32connect' returned '2': CMAKE_PREFIX_PATH=/home/kgh/ws2/install/yzbot_msgs:/home/kgh/ws2/install/yzbot_stm32connect:/home/kgh/ws2/install/yzbot_nav2:/home/kgh/ws2/install/yzbot_cartographer:/home/kgh/ws2/install/nav2_system_tests:/home/kgh/ws2/install/nav2_bringup:/home/kgh/ws2/install/navigation2:/home/kgh/ws2/install/smac_planner:/home/kgh/ws2/install/nav2_dwb_controller:/home/kgh/ws2/install/nav2_controller:/home/kgh/ws2/install/dwb_plugins:/home/kgh/ws2/install/dwb_critics:/home/kgh/ws2/install/dwb_core:/home/kgh/ws2/install/nav_2d_utils:/home/kgh/ws2/install/dwb_msgs:/home/kgh/ws2/install/nav_2d_msgs:/home/kgh/ws2/install/nav2_waypoint_follower:/home/kgh/ws2/install/nav2_regulated_pure_pursuit_controller:/home/kgh/ws2/install/nav2_recoveries:/home/kgh/ws2/install/nav2_planner:/home/kgh/ws2/install/nav2_navfn_planner:/home/kgh/ws2/install/nav2_core:/home/kgh/ws2/install/costmap_queue:/home/kgh/ws2/install/nav2_costmap_2d:/home/kgh/ws2/install/nav2_voxel_grid:/home/kgh/ws2/install/nav2_rviz_plugins:/home/kgh/ws2/install/nav2_map_server:/home/kgh/ws2/install/nav2_lifecycle_manager:/home/kgh/ws2/install/nav2_bt_navigator:/home/kgh/ws2/install/nav2_behavior_tree:/home/kgh/ws2/install/nav2_amcl:/home/kgh/ws2/install/nav2_util:/home/kgh/ws2/install/nav2_msgs:/home/kgh/ws2/install/nav2_common:/home/kgh/ws2/install/bluesea2:/home/kgh/ws2/install/yzbot_description:/home/kgh/ws2/install/yzbot_controller:/home/kgh/ws2/install/nav2_gazebo_spawner:/opt/ros/foxy /usr/bin/cmake --build /home/kgh/ws2/build/yzbot_stm32connect -- -j16 -l16
