[0.505s] Invoking command in '/home/kgh/ws2/build/yzbot_cartographer': CMAKE_PREFIX_PATH=${CMAKE_PREFIX_PATH}:/home/kgh/ws2/install/yzbot_description:/home/kgh/ws2/install/yzbot_controller:/home/kgh/ws2/install/nav2_gazebo_spawner:/opt/ros/foxy /usr/bin/cmake /home/kgh/ws2/src/yzbot_cartographer -DCMAKE_INSTALL_PREFIX=/home/kgh/ws2/install/yzbot_cartographer
[0.550s] -- The C compiler identification is GNU 9.4.0
[0.596s] -- The CXX compiler identification is GNU 9.4.0
[0.601s] -- Check for working C compiler: /usr/bin/cc
[0.663s] -- Check for working C compiler: /usr/bin/cc -- works
[0.664s] -- Detecting C compiler ABI info
[0.724s] -- Detecting C compiler ABI info - done
[0.735s] -- Detecting C compile features
[0.735s] -- Detecting C compile features - done
[0.738s] -- Check for working CXX compiler: /usr/bin/c++
[0.808s] -- Check for working CXX compiler: /usr/bin/c++ -- works
[0.809s] -- Detecting CXX compiler ABI info
[0.878s] -- Detecting CXX compiler ABI info - done
[0.887s] -- Detecting CXX compile features
[0.888s] -- Detecting CXX compile features - done
[0.890s] -- Found ament_cmake: 0.9.12 (/opt/ros/foxy/share/ament_cmake/cmake)
[0.912s] -- Found PythonInterp: /usr/bin/python3 (found suitable version "3.8.10", minimum required is "3") 
[0.912s] -- Using PYTHON_EXECUTABLE: /usr/bin/python3
[1.088s] -- Found ament_lint_auto: 0.9.8 (/opt/ros/foxy/share/ament_lint_auto/cmake)
[1.153s] -- Added test 'copyright' to check source files copyright and LICENSE
[1.153s] -- Added test 'flake8' to check Python code syntax and style conventions
[1.155s] -- Added test 'lint_cmake' to check CMake code style
[1.155s] -- Added test 'pep257' to check Python code against some of the style conventions in PEP 257
[1.156s] -- Added test 'xmllint' to check XML markup files
[1.158s] -- Configuring done
[1.159s] -- Generating done
[1.161s] -- Build files have been written to: /home/kgh/ws2/build/yzbot_cartographer
[1.458s] Invoked command in '/home/kgh/ws2/build/yzbot_cartographer' returned '0': CMAKE_PREFIX_PATH=${CMAKE_PREFIX_PATH}:/home/kgh/ws2/install/yzbot_description:/home/kgh/ws2/install/yzbot_controller:/home/kgh/ws2/install/nav2_gazebo_spawner:/opt/ros/foxy /usr/bin/cmake /home/kgh/ws2/src/yzbot_cartographer -DCMAKE_INSTALL_PREFIX=/home/kgh/ws2/install/yzbot_cartographer
[1.460s] Invoking command in '/home/kgh/ws2/build/yzbot_cartographer': CMAKE_PREFIX_PATH=${CMAKE_PREFIX_PATH}:/home/kgh/ws2/install/yzbot_description:/home/kgh/ws2/install/yzbot_controller:/home/kgh/ws2/install/nav2_gazebo_spawner:/opt/ros/foxy /usr/bin/cmake --build /home/kgh/ws2/build/yzbot_cartographer -- -j16 -l16
[1.496s] Invoked command in '/home/kgh/ws2/build/yzbot_cartographer' returned '0': CMAKE_PREFIX_PATH=${CMAKE_PREFIX_PATH}:/home/kgh/ws2/install/yzbot_description:/home/kgh/ws2/install/yzbot_controller:/home/kgh/ws2/install/nav2_gazebo_spawner:/opt/ros/foxy /usr/bin/cmake --build /home/kgh/ws2/build/yzbot_cartographer -- -j16 -l16
[1.520s] Invoking command in '/home/kgh/ws2/build/yzbot_cartographer': CMAKE_PREFIX_PATH=${CMAKE_PREFIX_PATH}:/home/kgh/ws2/install/yzbot_description:/home/kgh/ws2/install/yzbot_controller:/home/kgh/ws2/install/nav2_gazebo_spawner:/opt/ros/foxy /usr/bin/cmake --install /home/kgh/ws2/build/yzbot_cartographer
[1.529s] -- Install configuration: ""
[1.529s] -- Installing: /home/kgh/ws2/install/yzbot_cartographer/share/yzbot_cartographer/config
[1.529s] -- Installing: /home/kgh/ws2/install/yzbot_cartographer/share/yzbot_cartographer/config/yzbot_2d.lua
[1.529s] -- Installing: /home/kgh/ws2/install/yzbot_cartographer/share/yzbot_cartographer/launch
[1.529s] -- Installing: /home/kgh/ws2/install/yzbot_cartographer/share/yzbot_cartographer/launch/cartographer.launch.py
[1.530s] -- Installing: /home/kgh/ws2/install/yzbot_cartographer/share/yzbot_cartographer/rviz
[1.530s] -- Installing: /home/kgh/ws2/install/yzbot_cartographer/share/yzbot_cartographer/rviz/yzbot_cartographer.rviz
[1.530s] -- Installing: /home/kgh/ws2/install/yzbot_cartographer/share/ament_index/resource_index/package_run_dependencies/yzbot_cartographer
[1.530s] -- Installing: /home/kgh/ws2/install/yzbot_cartographer/share/ament_index/resource_index/parent_prefix_path/yzbot_cartographer
[1.530s] -- Installing: /home/kgh/ws2/install/yzbot_cartographer/share/yzbot_cartographer/environment/ament_prefix_path.sh
[1.530s] -- Installing: /home/kgh/ws2/install/yzbot_cartographer/share/yzbot_cartographer/environment/ament_prefix_path.dsv
[1.530s] -- Installing: /home/kgh/ws2/install/yzbot_cartographer/share/yzbot_cartographer/environment/path.sh
[1.530s] -- Installing: /home/kgh/ws2/install/yzbot_cartographer/share/yzbot_cartographer/environment/path.dsv
[1.531s] -- Installing: /home/kgh/ws2/install/yzbot_cartographer/share/yzbot_cartographer/local_setup.bash
[1.531s] -- Installing: /home/kgh/ws2/install/yzbot_cartographer/share/yzbot_cartographer/local_setup.sh
[1.531s] -- Installing: /home/kgh/ws2/install/yzbot_cartographer/share/yzbot_cartographer/local_setup.zsh
[1.531s] -- Installing: /home/kgh/ws2/install/yzbot_cartographer/share/yzbot_cartographer/local_setup.dsv
[1.531s] -- Installing: /home/kgh/ws2/install/yzbot_cartographer/share/yzbot_cartographer/package.dsv
[1.531s] -- Installing: /home/kgh/ws2/install/yzbot_cartographer/share/ament_index/resource_index/packages/yzbot_cartographer
[1.531s] -- Installing: /home/kgh/ws2/install/yzbot_cartographer/share/yzbot_cartographer/cmake/yzbot_cartographerConfig.cmake
[1.531s] -- Installing: /home/kgh/ws2/install/yzbot_cartographer/share/yzbot_cartographer/cmake/yzbot_cartographerConfig-version.cmake
[1.531s] -- Installing: /home/kgh/ws2/install/yzbot_cartographer/share/yzbot_cartographer/package.xml
[1.533s] Invoked command in '/home/kgh/ws2/build/yzbot_cartographer' returned '0': CMAKE_PREFIX_PATH=${CMAKE_PREFIX_PATH}:/home/kgh/ws2/install/yzbot_description:/home/kgh/ws2/install/yzbot_controller:/home/kgh/ws2/install/nav2_gazebo_spawner:/opt/ros/foxy /usr/bin/cmake --install /home/kgh/ws2/build/yzbot_cartographer
