[0.131s] Invoking command in '/home/kgh/ws2/build/nav2_bt_navigator': CMAKE_PREFIX_PATH=/home/kgh/ws2/install/nav2_behavior_tree:/home/kgh/ws2/install/nav2_util:/home/kgh/ws2/install/nav2_msgs:/home/kgh/ws2/install/nav2_common:/home/kgh/ws2/install/yzbot_nav2:/home/kgh/ws2/install/yzbot_navigation2:/home/kgh/ws2/install/yzbot_cartographer:/home/kgh/ws2/install/nav2_system_tests:/home/kgh/ws2/install/fishbot_navigation2:/home/kgh/ws2/install/nav2_bringup:/home/kgh/ws2/install/navigation2:/home/kgh/ws2/install/smac_planner:/home/kgh/ws2/install/nav2_dwb_controller:/home/kgh/ws2/install/nav2_controller:/home/kgh/ws2/install/dwb_plugins:/home/kgh/ws2/install/dwb_critics:/home/kgh/ws2/install/dwb_core:/home/kgh/ws2/install/nav_2d_utils:/home/kgh/ws2/install/dwb_msgs:/home/kgh/ws2/install/nav_2d_msgs:/home/kgh/ws2/install/nav2_waypoint_follower:/home/kgh/ws2/install/nav2_regulated_pure_pursuit_controller:/home/kgh/ws2/install/nav2_recoveries:/home/kgh/ws2/install/nav2_planner:/home/kgh/ws2/install/nav2_navfn_planner:/home/kgh/ws2/install/nav2_core:/home/kgh/ws2/install/costmap_queue:/home/kgh/ws2/install/nav2_costmap_2d:/home/kgh/ws2/install/nav2_voxel_grid:/home/kgh/ws2/install/nav2_rviz_plugins:/home/kgh/ws2/install/nav2_map_server:/home/kgh/ws2/install/nav2_lifecycle_manager:/home/kgh/ws2/install/nav2_bt_navigator:/home/kgh/ws2/install/nav2_amcl:/home/kgh/ws2/install/fishbot_cartographer:/home/kgh/ws2/install/cartographer_ros:/home/kgh/ws2/install/cartographer_ros_msgs:/home/kgh/ws2/install/cartographer:/home/kgh/ws2/install/yzbot_description:/home/kgh/ws2/install/yzbot_controller:/home/kgh/ws2/install/fishbot_description:/home/kgh/ws2/install/nav2_gazebo_spawner:/home/kgh/ws2/install/fishbot_controller:/opt/ros/foxy LD_LIBRARY_PATH=/home/kgh/ws2/install/nav2_behavior_tree/lib:/home/kgh/ws2/install/nav2_util/lib:/home/kgh/ws2/install/nav2_msgs/lib:/home/kgh/ws2/install/smac_planner/lib:/home/kgh/ws2/install/nav2_controller/lib:/home/kgh/ws2/install/dwb_plugins/lib:/home/kgh/ws2/install/dwb_critics/lib:/home/kgh/ws2/install/dwb_core/lib:/home/kgh/ws2/install/nav_2d_utils/lib:/home/kgh/ws2/install/dwb_msgs/lib:/home/kgh/ws2/install/nav_2d_msgs/lib:/home/kgh/ws2/install/nav2_waypoint_follower/lib:/home/kgh/ws2/install/nav2_regulated_pure_pursuit_controller/lib:/home/kgh/ws2/install/nav2_recoveries/lib:/home/kgh/ws2/install/nav2_planner/lib:/home/kgh/ws2/install/nav2_navfn_planner/lib:/home/kgh/ws2/install/costmap_queue/lib:/home/kgh/ws2/install/nav2_costmap_2d/lib:/home/kgh/ws2/install/nav2_voxel_grid/lib:/home/kgh/ws2/install/nav2_rviz_plugins/lib:/home/kgh/ws2/install/nav2_map_server/lib:/home/kgh/ws2/install/nav2_lifecycle_manager/lib:/home/kgh/ws2/install/nav2_bt_navigator/lib:/home/kgh/ws2/install/nav2_amcl/lib:/home/kgh/ws2/install/cartographer_ros_msgs/lib:/usr/lib/x86_64-linux-gnu/gazebo-11/plugins:/opt/ros/foxy/opt/yaml_cpp_vendor/lib:/opt/ros/foxy/opt/rviz_ogre_vendor/lib:/opt/ros/foxy/lib/x86_64-linux-gnu:/opt/ros/foxy/lib PYTHONPATH=/home/kgh/ws2/install/nav2_msgs/lib/python3.8/site-packages:/home/kgh/ws2/install/nav2_common/lib/python3.8/site-packages:/home/kgh/ws2/install/yzbot_description/lib/python3.8/site-packages:/home/kgh/ws2/install/yzbot_controller/lib/python3.8/site-packages:/home/kgh/ws2/install/fishbot_description/lib/python3.8/site-packages:/home/kgh/ws2/install/dwb_msgs/lib/python3.8/site-packages:/home/kgh/ws2/install/nav_2d_msgs/lib/python3.8/site-packages:/home/kgh/ws2/install/nav2_gazebo_spawner/lib/python3.8/site-packages:/home/kgh/ws2/install/fishbot_controller/lib/python3.8/site-packages:/home/kgh/ws2/install/cartographer_ros_msgs/lib/python3.8/site-packages:/opt/ros/foxy/lib/python3.8/site-packages /usr/bin/cmake /home/kgh/ws2/src/navigation2/nav2_bt_navigator -DCMAKE_INSTALL_PREFIX=/home/kgh/ws2/install/nav2_bt_navigator
[0.181s] -- The C compiler identification is GNU 9.4.0
[0.232s] -- The CXX compiler identification is GNU 9.4.0
[0.237s] -- Check for working C compiler: /usr/bin/cc
[0.301s] -- Check for working C compiler: /usr/bin/cc -- works
[0.302s] -- Detecting C compiler ABI info
[0.368s] -- Detecting C compiler ABI info - done
[0.377s] -- Detecting C compile features
[0.377s] -- Detecting C compile features - done
[0.379s] -- Check for working CXX compiler: /usr/bin/c++
[0.456s] -- Check for working CXX compiler: /usr/bin/c++ -- works
[0.457s] -- Detecting CXX compiler ABI info
[0.536s] -- Detecting CXX compiler ABI info - done
[0.546s] -- Detecting CXX compile features
[0.547s] -- Detecting CXX compile features - done
[0.549s] -- Found ament_cmake: 0.9.12 (/opt/ros/foxy/share/ament_cmake/cmake)
[0.575s] -- Found PythonInterp: /usr/bin/python3 (found suitable version "3.8.10", minimum required is "3") 
[0.575s] -- Using PYTHON_EXECUTABLE: /usr/bin/python3
[0.750s] -- Found nav2_common: 0.4.7 (/home/kgh/ws2/install/nav2_common/share/nav2_common/cmake)
[0.751s] -- Found rclcpp: 2.4.3 (/opt/ros/foxy/share/rclcpp/cmake)
[0.800s] -- Using all available rosidl_typesupport_c: rosidl_typesupport_fastrtps_c;rosidl_typesupport_introspection_c
[0.809s] -- Found rosidl_adapter: 1.3.1 (/opt/ros/foxy/share/rosidl_adapter/cmake)
[0.888s] -- Found OpenSSL: /usr/lib/x86_64-linux-gnu/libcrypto.so (found version "1.1.1f")  
[0.918s] -- Found FastRTPS: /opt/ros/foxy/include  
[0.993s] -- Using all available rosidl_typesupport_cpp: rosidl_typesupport_fastrtps_cpp;rosidl_typesupport_introspection_cpp
[1.045s] -- Found rmw_implementation_cmake: 1.0.4 (/opt/ros/foxy/share/rmw_implementation_cmake/cmake)
[1.048s] -- Using RMW implementation 'rmw_fastrtps_cpp' as default
[1.048s] -- Looking for pthread.h
[1.119s] -- Looking for pthread.h - found
[1.120s] -- Performing Test CMAKE_HAVE_LIBC_PTHREAD
[1.190s] -- Performing Test CMAKE_HAVE_LIBC_PTHREAD - Failed
[1.190s] -- Looking for pthread_create in pthreads
[1.246s] -- Looking for pthread_create in pthreads - not found
[1.246s] -- Looking for pthread_create in pthread
[1.313s] -- Looking for pthread_create in pthread - found
[1.314s] -- Found Threads: TRUE  
[1.452s] -- Found rclcpp_action: 2.4.3 (/opt/ros/foxy/share/rclcpp_action/cmake)
[1.520s] -- Found rclcpp_lifecycle: 2.4.3 (/opt/ros/foxy/share/rclcpp_lifecycle/cmake)
[1.547s] -- Found geometry_msgs: 2.0.5 (/opt/ros/foxy/share/geometry_msgs/cmake)
[1.575s] -- Found nav2_behavior_tree: 0.4.7 (/home/kgh/ws2/install/nav2_behavior_tree/share/nav2_behavior_tree/cmake)
[2.201s] -- Found eigen3_cmake_module: 0.1.1 (/opt/ros/foxy/share/eigen3_cmake_module/cmake)
[2.204s] -- Found Eigen3: TRUE (found version "3.3.7") 
[2.514s] -- Setting build type to Release as none was specified.
[3.571s] -- Found ament_lint_auto: 0.9.8 (/opt/ros/foxy/share/ament_lint_auto/cmake)
[3.642s] -- Added test 'copyright' to check source files copyright and LICENSE
[3.643s] -- Added test 'cppcheck' to perform static code analysis on C / C++ code
[3.644s] -- Configured cppcheck include dirs: /home/kgh/ws2/src/navigation2/nav2_bt_navigator/include
[3.644s] -- Configured cppcheck exclude dirs and/or files: 
[3.645s] -- Added test 'cpplint' to check C / C++ code against the Google style
[3.645s] -- Configured cpplint exclude dirs and/or files: 
[3.646s] -- Added test 'lint_cmake' to check CMake code style
[3.648s] -- Added test 'uncrustify' to check C / C++ code style
[3.648s] -- Configured uncrustify additional arguments: 
[3.649s] -- Added test 'xmllint' to check XML markup files
[3.654s] -- Configuring done
[3.725s] -- Generating done
[3.726s] -- Build files have been written to: /home/kgh/ws2/build/nav2_bt_navigator
[3.735s] Invoked command in '/home/kgh/ws2/build/nav2_bt_navigator' returned '0': CMAKE_PREFIX_PATH=/home/kgh/ws2/install/nav2_behavior_tree:/home/kgh/ws2/install/nav2_util:/home/kgh/ws2/install/nav2_msgs:/home/kgh/ws2/install/nav2_common:/home/kgh/ws2/install/yzbot_nav2:/home/kgh/ws2/install/yzbot_navigation2:/home/kgh/ws2/install/yzbot_cartographer:/home/kgh/ws2/install/nav2_system_tests:/home/kgh/ws2/install/fishbot_navigation2:/home/kgh/ws2/install/nav2_bringup:/home/kgh/ws2/install/navigation2:/home/kgh/ws2/install/smac_planner:/home/kgh/ws2/install/nav2_dwb_controller:/home/kgh/ws2/install/nav2_controller:/home/kgh/ws2/install/dwb_plugins:/home/kgh/ws2/install/dwb_critics:/home/kgh/ws2/install/dwb_core:/home/kgh/ws2/install/nav_2d_utils:/home/kgh/ws2/install/dwb_msgs:/home/kgh/ws2/install/nav_2d_msgs:/home/kgh/ws2/install/nav2_waypoint_follower:/home/kgh/ws2/install/nav2_regulated_pure_pursuit_controller:/home/kgh/ws2/install/nav2_recoveries:/home/kgh/ws2/install/nav2_planner:/home/kgh/ws2/install/nav2_navfn_planner:/home/kgh/ws2/install/nav2_core:/home/kgh/ws2/install/costmap_queue:/home/kgh/ws2/install/nav2_costmap_2d:/home/kgh/ws2/install/nav2_voxel_grid:/home/kgh/ws2/install/nav2_rviz_plugins:/home/kgh/ws2/install/nav2_map_server:/home/kgh/ws2/install/nav2_lifecycle_manager:/home/kgh/ws2/install/nav2_bt_navigator:/home/kgh/ws2/install/nav2_amcl:/home/kgh/ws2/install/fishbot_cartographer:/home/kgh/ws2/install/cartographer_ros:/home/kgh/ws2/install/cartographer_ros_msgs:/home/kgh/ws2/install/cartographer:/home/kgh/ws2/install/yzbot_description:/home/kgh/ws2/install/yzbot_controller:/home/kgh/ws2/install/fishbot_description:/home/kgh/ws2/install/nav2_gazebo_spawner:/home/kgh/ws2/install/fishbot_controller:/opt/ros/foxy LD_LIBRARY_PATH=/home/kgh/ws2/install/nav2_behavior_tree/lib:/home/kgh/ws2/install/nav2_util/lib:/home/kgh/ws2/install/nav2_msgs/lib:/home/kgh/ws2/install/smac_planner/lib:/home/kgh/ws2/install/nav2_controller/lib:/home/kgh/ws2/install/dwb_plugins/lib:/home/kgh/ws2/install/dwb_critics/lib:/home/kgh/ws2/install/dwb_core/lib:/home/kgh/ws2/install/nav_2d_utils/lib:/home/kgh/ws2/install/dwb_msgs/lib:/home/kgh/ws2/install/nav_2d_msgs/lib:/home/kgh/ws2/install/nav2_waypoint_follower/lib:/home/kgh/ws2/install/nav2_regulated_pure_pursuit_controller/lib:/home/kgh/ws2/install/nav2_recoveries/lib:/home/kgh/ws2/install/nav2_planner/lib:/home/kgh/ws2/install/nav2_navfn_planner/lib:/home/kgh/ws2/install/costmap_queue/lib:/home/kgh/ws2/install/nav2_costmap_2d/lib:/home/kgh/ws2/install/nav2_voxel_grid/lib:/home/kgh/ws2/install/nav2_rviz_plugins/lib:/home/kgh/ws2/install/nav2_map_server/lib:/home/kgh/ws2/install/nav2_lifecycle_manager/lib:/home/kgh/ws2/install/nav2_bt_navigator/lib:/home/kgh/ws2/install/nav2_amcl/lib:/home/kgh/ws2/install/cartographer_ros_msgs/lib:/usr/lib/x86_64-linux-gnu/gazebo-11/plugins:/opt/ros/foxy/opt/yaml_cpp_vendor/lib:/opt/ros/foxy/opt/rviz_ogre_vendor/lib:/opt/ros/foxy/lib/x86_64-linux-gnu:/opt/ros/foxy/lib PYTHONPATH=/home/kgh/ws2/install/nav2_msgs/lib/python3.8/site-packages:/home/kgh/ws2/install/nav2_common/lib/python3.8/site-packages:/home/kgh/ws2/install/yzbot_description/lib/python3.8/site-packages:/home/kgh/ws2/install/yzbot_controller/lib/python3.8/site-packages:/home/kgh/ws2/install/fishbot_description/lib/python3.8/site-packages:/home/kgh/ws2/install/dwb_msgs/lib/python3.8/site-packages:/home/kgh/ws2/install/nav_2d_msgs/lib/python3.8/site-packages:/home/kgh/ws2/install/nav2_gazebo_spawner/lib/python3.8/site-packages:/home/kgh/ws2/install/fishbot_controller/lib/python3.8/site-packages:/home/kgh/ws2/install/cartographer_ros_msgs/lib/python3.8/site-packages:/opt/ros/foxy/lib/python3.8/site-packages /usr/bin/cmake /home/kgh/ws2/src/navigation2/nav2_bt_navigator -DCMAKE_INSTALL_PREFIX=/home/kgh/ws2/install/nav2_bt_navigator
[3.738s] Invoking command in '/home/kgh/ws2/build/nav2_bt_navigator': CMAKE_PREFIX_PATH=/home/kgh/ws2/install/nav2_behavior_tree:/home/kgh/ws2/install/nav2_util:/home/kgh/ws2/install/nav2_msgs:/home/kgh/ws2/install/nav2_common:/home/kgh/ws2/install/yzbot_nav2:/home/kgh/ws2/install/yzbot_navigation2:/home/kgh/ws2/install/yzbot_cartographer:/home/kgh/ws2/install/nav2_system_tests:/home/kgh/ws2/install/fishbot_navigation2:/home/kgh/ws2/install/nav2_bringup:/home/kgh/ws2/install/navigation2:/home/kgh/ws2/install/smac_planner:/home/kgh/ws2/install/nav2_dwb_controller:/home/kgh/ws2/install/nav2_controller:/home/kgh/ws2/install/dwb_plugins:/home/kgh/ws2/install/dwb_critics:/home/kgh/ws2/install/dwb_core:/home/kgh/ws2/install/nav_2d_utils:/home/kgh/ws2/install/dwb_msgs:/home/kgh/ws2/install/nav_2d_msgs:/home/kgh/ws2/install/nav2_waypoint_follower:/home/kgh/ws2/install/nav2_regulated_pure_pursuit_controller:/home/kgh/ws2/install/nav2_recoveries:/home/kgh/ws2/install/nav2_planner:/home/kgh/ws2/install/nav2_navfn_planner:/home/kgh/ws2/install/nav2_core:/home/kgh/ws2/install/costmap_queue:/home/kgh/ws2/install/nav2_costmap_2d:/home/kgh/ws2/install/nav2_voxel_grid:/home/kgh/ws2/install/nav2_rviz_plugins:/home/kgh/ws2/install/nav2_map_server:/home/kgh/ws2/install/nav2_lifecycle_manager:/home/kgh/ws2/install/nav2_bt_navigator:/home/kgh/ws2/install/nav2_amcl:/home/kgh/ws2/install/fishbot_cartographer:/home/kgh/ws2/install/cartographer_ros:/home/kgh/ws2/install/cartographer_ros_msgs:/home/kgh/ws2/install/cartographer:/home/kgh/ws2/install/yzbot_description:/home/kgh/ws2/install/yzbot_controller:/home/kgh/ws2/install/fishbot_description:/home/kgh/ws2/install/nav2_gazebo_spawner:/home/kgh/ws2/install/fishbot_controller:/opt/ros/foxy LD_LIBRARY_PATH=/home/kgh/ws2/install/nav2_behavior_tree/lib:/home/kgh/ws2/install/nav2_util/lib:/home/kgh/ws2/install/nav2_msgs/lib:/home/kgh/ws2/install/smac_planner/lib:/home/kgh/ws2/install/nav2_controller/lib:/home/kgh/ws2/install/dwb_plugins/lib:/home/kgh/ws2/install/dwb_critics/lib:/home/kgh/ws2/install/dwb_core/lib:/home/kgh/ws2/install/nav_2d_utils/lib:/home/kgh/ws2/install/dwb_msgs/lib:/home/kgh/ws2/install/nav_2d_msgs/lib:/home/kgh/ws2/install/nav2_waypoint_follower/lib:/home/kgh/ws2/install/nav2_regulated_pure_pursuit_controller/lib:/home/kgh/ws2/install/nav2_recoveries/lib:/home/kgh/ws2/install/nav2_planner/lib:/home/kgh/ws2/install/nav2_navfn_planner/lib:/home/kgh/ws2/install/costmap_queue/lib:/home/kgh/ws2/install/nav2_costmap_2d/lib:/home/kgh/ws2/install/nav2_voxel_grid/lib:/home/kgh/ws2/install/nav2_rviz_plugins/lib:/home/kgh/ws2/install/nav2_map_server/lib:/home/kgh/ws2/install/nav2_lifecycle_manager/lib:/home/kgh/ws2/install/nav2_bt_navigator/lib:/home/kgh/ws2/install/nav2_amcl/lib:/home/kgh/ws2/install/cartographer_ros_msgs/lib:/usr/lib/x86_64-linux-gnu/gazebo-11/plugins:/opt/ros/foxy/opt/yaml_cpp_vendor/lib:/opt/ros/foxy/opt/rviz_ogre_vendor/lib:/opt/ros/foxy/lib/x86_64-linux-gnu:/opt/ros/foxy/lib PYTHONPATH=/home/kgh/ws2/install/nav2_msgs/lib/python3.8/site-packages:/home/kgh/ws2/install/nav2_common/lib/python3.8/site-packages:/home/kgh/ws2/install/yzbot_description/lib/python3.8/site-packages:/home/kgh/ws2/install/yzbot_controller/lib/python3.8/site-packages:/home/kgh/ws2/install/fishbot_description/lib/python3.8/site-packages:/home/kgh/ws2/install/dwb_msgs/lib/python3.8/site-packages:/home/kgh/ws2/install/nav_2d_msgs/lib/python3.8/site-packages:/home/kgh/ws2/install/nav2_gazebo_spawner/lib/python3.8/site-packages:/home/kgh/ws2/install/fishbot_controller/lib/python3.8/site-packages:/home/kgh/ws2/install/cartographer_ros_msgs/lib/python3.8/site-packages:/opt/ros/foxy/lib/python3.8/site-packages /usr/bin/cmake --build /home/kgh/ws2/build/nav2_bt_navigator -- -j16 -l16
[3.777s] [35m[1mScanning dependencies of target bt_navigator_core[0m
[3.833s] [ 40%] [32mBuilding CXX object CMakeFiles/bt_navigator_core.dir/src/ros_topic_logger.cpp.o[0m
[3.833s] [ 40%] [32mBuilding CXX object CMakeFiles/bt_navigator_core.dir/src/bt_navigator.cpp.o[0m
[20.280s] [ 60%] [32m[1mLinking CXX shared library libbt_navigator_core.so[0m
[20.492s] [ 60%] Built target bt_navigator_core
[20.503s] [35m[1mScanning dependencies of target bt_navigator[0m
[20.550s] [ 80%] [32mBuilding CXX object CMakeFiles/bt_navigator.dir/src/main.cpp.o[0m
[23.510s] [100%] [32m[1mLinking CXX executable bt_navigator[0m
[23.784s] [100%] Built target bt_navigator
[23.796s] Invoked command in '/home/kgh/ws2/build/nav2_bt_navigator' returned '0': CMAKE_PREFIX_PATH=/home/kgh/ws2/install/nav2_behavior_tree:/home/kgh/ws2/install/nav2_util:/home/kgh/ws2/install/nav2_msgs:/home/kgh/ws2/install/nav2_common:/home/kgh/ws2/install/yzbot_nav2:/home/kgh/ws2/install/yzbot_navigation2:/home/kgh/ws2/install/yzbot_cartographer:/home/kgh/ws2/install/nav2_system_tests:/home/kgh/ws2/install/fishbot_navigation2:/home/kgh/ws2/install/nav2_bringup:/home/kgh/ws2/install/navigation2:/home/kgh/ws2/install/smac_planner:/home/kgh/ws2/install/nav2_dwb_controller:/home/kgh/ws2/install/nav2_controller:/home/kgh/ws2/install/dwb_plugins:/home/kgh/ws2/install/dwb_critics:/home/kgh/ws2/install/dwb_core:/home/kgh/ws2/install/nav_2d_utils:/home/kgh/ws2/install/dwb_msgs:/home/kgh/ws2/install/nav_2d_msgs:/home/kgh/ws2/install/nav2_waypoint_follower:/home/kgh/ws2/install/nav2_regulated_pure_pursuit_controller:/home/kgh/ws2/install/nav2_recoveries:/home/kgh/ws2/install/nav2_planner:/home/kgh/ws2/install/nav2_navfn_planner:/home/kgh/ws2/install/nav2_core:/home/kgh/ws2/install/costmap_queue:/home/kgh/ws2/install/nav2_costmap_2d:/home/kgh/ws2/install/nav2_voxel_grid:/home/kgh/ws2/install/nav2_rviz_plugins:/home/kgh/ws2/install/nav2_map_server:/home/kgh/ws2/install/nav2_lifecycle_manager:/home/kgh/ws2/install/nav2_bt_navigator:/home/kgh/ws2/install/nav2_amcl:/home/kgh/ws2/install/fishbot_cartographer:/home/kgh/ws2/install/cartographer_ros:/home/kgh/ws2/install/cartographer_ros_msgs:/home/kgh/ws2/install/cartographer:/home/kgh/ws2/install/yzbot_description:/home/kgh/ws2/install/yzbot_controller:/home/kgh/ws2/install/fishbot_description:/home/kgh/ws2/install/nav2_gazebo_spawner:/home/kgh/ws2/install/fishbot_controller:/opt/ros/foxy LD_LIBRARY_PATH=/home/kgh/ws2/install/nav2_behavior_tree/lib:/home/kgh/ws2/install/nav2_util/lib:/home/kgh/ws2/install/nav2_msgs/lib:/home/kgh/ws2/install/smac_planner/lib:/home/kgh/ws2/install/nav2_controller/lib:/home/kgh/ws2/install/dwb_plugins/lib:/home/kgh/ws2/install/dwb_critics/lib:/home/kgh/ws2/install/dwb_core/lib:/home/kgh/ws2/install/nav_2d_utils/lib:/home/kgh/ws2/install/dwb_msgs/lib:/home/kgh/ws2/install/nav_2d_msgs/lib:/home/kgh/ws2/install/nav2_waypoint_follower/lib:/home/kgh/ws2/install/nav2_regulated_pure_pursuit_controller/lib:/home/kgh/ws2/install/nav2_recoveries/lib:/home/kgh/ws2/install/nav2_planner/lib:/home/kgh/ws2/install/nav2_navfn_planner/lib:/home/kgh/ws2/install/costmap_queue/lib:/home/kgh/ws2/install/nav2_costmap_2d/lib:/home/kgh/ws2/install/nav2_voxel_grid/lib:/home/kgh/ws2/install/nav2_rviz_plugins/lib:/home/kgh/ws2/install/nav2_map_server/lib:/home/kgh/ws2/install/nav2_lifecycle_manager/lib:/home/kgh/ws2/install/nav2_bt_navigator/lib:/home/kgh/ws2/install/nav2_amcl/lib:/home/kgh/ws2/install/cartographer_ros_msgs/lib:/usr/lib/x86_64-linux-gnu/gazebo-11/plugins:/opt/ros/foxy/opt/yaml_cpp_vendor/lib:/opt/ros/foxy/opt/rviz_ogre_vendor/lib:/opt/ros/foxy/lib/x86_64-linux-gnu:/opt/ros/foxy/lib PYTHONPATH=/home/kgh/ws2/install/nav2_msgs/lib/python3.8/site-packages:/home/kgh/ws2/install/nav2_common/lib/python3.8/site-packages:/home/kgh/ws2/install/yzbot_description/lib/python3.8/site-packages:/home/kgh/ws2/install/yzbot_controller/lib/python3.8/site-packages:/home/kgh/ws2/install/fishbot_description/lib/python3.8/site-packages:/home/kgh/ws2/install/dwb_msgs/lib/python3.8/site-packages:/home/kgh/ws2/install/nav_2d_msgs/lib/python3.8/site-packages:/home/kgh/ws2/install/nav2_gazebo_spawner/lib/python3.8/site-packages:/home/kgh/ws2/install/fishbot_controller/lib/python3.8/site-packages:/home/kgh/ws2/install/cartographer_ros_msgs/lib/python3.8/site-packages:/opt/ros/foxy/lib/python3.8/site-packages /usr/bin/cmake --build /home/kgh/ws2/build/nav2_bt_navigator -- -j16 -l16
[23.830s] Invoking command in '/home/kgh/ws2/build/nav2_bt_navigator': CMAKE_PREFIX_PATH=/home/kgh/ws2/install/nav2_behavior_tree:/home/kgh/ws2/install/nav2_util:/home/kgh/ws2/install/nav2_msgs:/home/kgh/ws2/install/nav2_common:/home/kgh/ws2/install/yzbot_nav2:/home/kgh/ws2/install/yzbot_navigation2:/home/kgh/ws2/install/yzbot_cartographer:/home/kgh/ws2/install/nav2_system_tests:/home/kgh/ws2/install/fishbot_navigation2:/home/kgh/ws2/install/nav2_bringup:/home/kgh/ws2/install/navigation2:/home/kgh/ws2/install/smac_planner:/home/kgh/ws2/install/nav2_dwb_controller:/home/kgh/ws2/install/nav2_controller:/home/kgh/ws2/install/dwb_plugins:/home/kgh/ws2/install/dwb_critics:/home/kgh/ws2/install/dwb_core:/home/kgh/ws2/install/nav_2d_utils:/home/kgh/ws2/install/dwb_msgs:/home/kgh/ws2/install/nav_2d_msgs:/home/kgh/ws2/install/nav2_waypoint_follower:/home/kgh/ws2/install/nav2_regulated_pure_pursuit_controller:/home/kgh/ws2/install/nav2_recoveries:/home/kgh/ws2/install/nav2_planner:/home/kgh/ws2/install/nav2_navfn_planner:/home/kgh/ws2/install/nav2_core:/home/kgh/ws2/install/costmap_queue:/home/kgh/ws2/install/nav2_costmap_2d:/home/kgh/ws2/install/nav2_voxel_grid:/home/kgh/ws2/install/nav2_rviz_plugins:/home/kgh/ws2/install/nav2_map_server:/home/kgh/ws2/install/nav2_lifecycle_manager:/home/kgh/ws2/install/nav2_bt_navigator:/home/kgh/ws2/install/nav2_amcl:/home/kgh/ws2/install/fishbot_cartographer:/home/kgh/ws2/install/cartographer_ros:/home/kgh/ws2/install/cartographer_ros_msgs:/home/kgh/ws2/install/cartographer:/home/kgh/ws2/install/yzbot_description:/home/kgh/ws2/install/yzbot_controller:/home/kgh/ws2/install/fishbot_description:/home/kgh/ws2/install/nav2_gazebo_spawner:/home/kgh/ws2/install/fishbot_controller:/opt/ros/foxy LD_LIBRARY_PATH=/home/kgh/ws2/install/nav2_behavior_tree/lib:/home/kgh/ws2/install/nav2_util/lib:/home/kgh/ws2/install/nav2_msgs/lib:/home/kgh/ws2/install/smac_planner/lib:/home/kgh/ws2/install/nav2_controller/lib:/home/kgh/ws2/install/dwb_plugins/lib:/home/kgh/ws2/install/dwb_critics/lib:/home/kgh/ws2/install/dwb_core/lib:/home/kgh/ws2/install/nav_2d_utils/lib:/home/kgh/ws2/install/dwb_msgs/lib:/home/kgh/ws2/install/nav_2d_msgs/lib:/home/kgh/ws2/install/nav2_waypoint_follower/lib:/home/kgh/ws2/install/nav2_regulated_pure_pursuit_controller/lib:/home/kgh/ws2/install/nav2_recoveries/lib:/home/kgh/ws2/install/nav2_planner/lib:/home/kgh/ws2/install/nav2_navfn_planner/lib:/home/kgh/ws2/install/costmap_queue/lib:/home/kgh/ws2/install/nav2_costmap_2d/lib:/home/kgh/ws2/install/nav2_voxel_grid/lib:/home/kgh/ws2/install/nav2_rviz_plugins/lib:/home/kgh/ws2/install/nav2_map_server/lib:/home/kgh/ws2/install/nav2_lifecycle_manager/lib:/home/kgh/ws2/install/nav2_bt_navigator/lib:/home/kgh/ws2/install/nav2_amcl/lib:/home/kgh/ws2/install/cartographer_ros_msgs/lib:/usr/lib/x86_64-linux-gnu/gazebo-11/plugins:/opt/ros/foxy/opt/yaml_cpp_vendor/lib:/opt/ros/foxy/opt/rviz_ogre_vendor/lib:/opt/ros/foxy/lib/x86_64-linux-gnu:/opt/ros/foxy/lib PYTHONPATH=/home/kgh/ws2/install/nav2_msgs/lib/python3.8/site-packages:/home/kgh/ws2/install/nav2_common/lib/python3.8/site-packages:/home/kgh/ws2/install/yzbot_description/lib/python3.8/site-packages:/home/kgh/ws2/install/yzbot_controller/lib/python3.8/site-packages:/home/kgh/ws2/install/fishbot_description/lib/python3.8/site-packages:/home/kgh/ws2/install/dwb_msgs/lib/python3.8/site-packages:/home/kgh/ws2/install/nav_2d_msgs/lib/python3.8/site-packages:/home/kgh/ws2/install/nav2_gazebo_spawner/lib/python3.8/site-packages:/home/kgh/ws2/install/fishbot_controller/lib/python3.8/site-packages:/home/kgh/ws2/install/cartographer_ros_msgs/lib/python3.8/site-packages:/opt/ros/foxy/lib/python3.8/site-packages /usr/bin/cmake --install /home/kgh/ws2/build/nav2_bt_navigator
[23.841s] -- Install configuration: "Release"
[23.841s] -- Installing: /home/kgh/ws2/install/nav2_bt_navigator/lib/libbt_navigator_core.so
[23.843s] -- Set runtime path of "/home/kgh/ws2/install/nav2_bt_navigator/lib/libbt_navigator_core.so" to ""
[23.843s] -- Installing: /home/kgh/ws2/install/nav2_bt_navigator/lib/nav2_bt_navigator/bt_navigator
[23.844s] -- Set runtime path of "/home/kgh/ws2/install/nav2_bt_navigator/lib/nav2_bt_navigator/bt_navigator" to ""
[23.844s] -- Installing: /home/kgh/ws2/install/nav2_bt_navigator/include/
[23.844s] -- Installing: /home/kgh/ws2/install/nav2_bt_navigator/include//nav2_bt_navigator
[23.844s] -- Installing: /home/kgh/ws2/install/nav2_bt_navigator/include//nav2_bt_navigator/bt_navigator.hpp
[23.844s] -- Installing: /home/kgh/ws2/install/nav2_bt_navigator/include//nav2_bt_navigator/ros_topic_logger.hpp
[23.844s] -- Installing: /home/kgh/ws2/install/nav2_bt_navigator/share/nav2_bt_navigator/behavior_trees
[23.845s] -- Installing: /home/kgh/ws2/install/nav2_bt_navigator/share/nav2_bt_navigator/behavior_trees/navigate_w_replanning_speed.xml
[23.845s] -- Installing: /home/kgh/ws2/install/nav2_bt_navigator/share/nav2_bt_navigator/behavior_trees/navigate_w_replanning_time.xml
[23.845s] -- Installing: /home/kgh/ws2/install/nav2_bt_navigator/share/nav2_bt_navigator/behavior_trees/follow_point.xml
[23.845s] -- Installing: /home/kgh/ws2/install/nav2_bt_navigator/share/nav2_bt_navigator/behavior_trees/navigate_w_replanning_and_round_robin_recovery.xml
[23.845s] -- Installing: /home/kgh/ws2/install/nav2_bt_navigator/share/nav2_bt_navigator/behavior_trees/navigate_w_replanning_distance.xml
[23.845s] -- Installing: /home/kgh/ws2/install/nav2_bt_navigator/share/nav2_bt_navigator/behavior_trees/navigate_w_replanning_and_recovery.xml
[23.845s] -- Installing: /home/kgh/ws2/install/nav2_bt_navigator/share/nav2_bt_navigator/environment/library_path.sh
[23.846s] -- Installing: /home/kgh/ws2/install/nav2_bt_navigator/share/nav2_bt_navigator/environment/library_path.dsv
[23.846s] -- Installing: /home/kgh/ws2/install/nav2_bt_navigator/share/ament_index/resource_index/package_run_dependencies/nav2_bt_navigator
[23.846s] -- Installing: /home/kgh/ws2/install/nav2_bt_navigator/share/ament_index/resource_index/parent_prefix_path/nav2_bt_navigator
[23.846s] -- Installing: /home/kgh/ws2/install/nav2_bt_navigator/share/nav2_bt_navigator/environment/ament_prefix_path.sh
[23.847s] -- Installing: /home/kgh/ws2/install/nav2_bt_navigator/share/nav2_bt_navigator/environment/ament_prefix_path.dsv
[23.847s] -- Installing: /home/kgh/ws2/install/nav2_bt_navigator/share/nav2_bt_navigator/environment/path.sh
[23.847s] -- Installing: /home/kgh/ws2/install/nav2_bt_navigator/share/nav2_bt_navigator/environment/path.dsv
[23.847s] -- Installing: /home/kgh/ws2/install/nav2_bt_navigator/share/nav2_bt_navigator/local_setup.bash
[23.847s] -- Installing: /home/kgh/ws2/install/nav2_bt_navigator/share/nav2_bt_navigator/local_setup.sh
[23.848s] -- Installing: /home/kgh/ws2/install/nav2_bt_navigator/share/nav2_bt_navigator/local_setup.zsh
[23.848s] -- Installing: /home/kgh/ws2/install/nav2_bt_navigator/share/nav2_bt_navigator/local_setup.dsv
[23.848s] -- Installing: /home/kgh/ws2/install/nav2_bt_navigator/share/nav2_bt_navigator/package.dsv
[23.848s] -- Installing: /home/kgh/ws2/install/nav2_bt_navigator/share/ament_index/resource_index/packages/nav2_bt_navigator
[23.848s] -- Installing: /home/kgh/ws2/install/nav2_bt_navigator/share/nav2_bt_navigator/cmake/ament_cmake_export_include_directories-extras.cmake
[23.849s] -- Installing: /home/kgh/ws2/install/nav2_bt_navigator/share/nav2_bt_navigator/cmake/ament_cmake_export_libraries-extras.cmake
[23.849s] -- Installing: /home/kgh/ws2/install/nav2_bt_navigator/share/nav2_bt_navigator/cmake/ament_cmake_export_dependencies-extras.cmake
[23.849s] -- Installing: /home/kgh/ws2/install/nav2_bt_navigator/share/nav2_bt_navigator/cmake/nav2_bt_navigatorConfig.cmake
[23.849s] -- Installing: /home/kgh/ws2/install/nav2_bt_navigator/share/nav2_bt_navigator/cmake/nav2_bt_navigatorConfig-version.cmake
[23.849s] -- Installing: /home/kgh/ws2/install/nav2_bt_navigator/share/nav2_bt_navigator/package.xml
[23.852s] Invoked command in '/home/kgh/ws2/build/nav2_bt_navigator' returned '0': CMAKE_PREFIX_PATH=/home/kgh/ws2/install/nav2_behavior_tree:/home/kgh/ws2/install/nav2_util:/home/kgh/ws2/install/nav2_msgs:/home/kgh/ws2/install/nav2_common:/home/kgh/ws2/install/yzbot_nav2:/home/kgh/ws2/install/yzbot_navigation2:/home/kgh/ws2/install/yzbot_cartographer:/home/kgh/ws2/install/nav2_system_tests:/home/kgh/ws2/install/fishbot_navigation2:/home/kgh/ws2/install/nav2_bringup:/home/kgh/ws2/install/navigation2:/home/kgh/ws2/install/smac_planner:/home/kgh/ws2/install/nav2_dwb_controller:/home/kgh/ws2/install/nav2_controller:/home/kgh/ws2/install/dwb_plugins:/home/kgh/ws2/install/dwb_critics:/home/kgh/ws2/install/dwb_core:/home/kgh/ws2/install/nav_2d_utils:/home/kgh/ws2/install/dwb_msgs:/home/kgh/ws2/install/nav_2d_msgs:/home/kgh/ws2/install/nav2_waypoint_follower:/home/kgh/ws2/install/nav2_regulated_pure_pursuit_controller:/home/kgh/ws2/install/nav2_recoveries:/home/kgh/ws2/install/nav2_planner:/home/kgh/ws2/install/nav2_navfn_planner:/home/kgh/ws2/install/nav2_core:/home/kgh/ws2/install/costmap_queue:/home/kgh/ws2/install/nav2_costmap_2d:/home/kgh/ws2/install/nav2_voxel_grid:/home/kgh/ws2/install/nav2_rviz_plugins:/home/kgh/ws2/install/nav2_map_server:/home/kgh/ws2/install/nav2_lifecycle_manager:/home/kgh/ws2/install/nav2_bt_navigator:/home/kgh/ws2/install/nav2_amcl:/home/kgh/ws2/install/fishbot_cartographer:/home/kgh/ws2/install/cartographer_ros:/home/kgh/ws2/install/cartographer_ros_msgs:/home/kgh/ws2/install/cartographer:/home/kgh/ws2/install/yzbot_description:/home/kgh/ws2/install/yzbot_controller:/home/kgh/ws2/install/fishbot_description:/home/kgh/ws2/install/nav2_gazebo_spawner:/home/kgh/ws2/install/fishbot_controller:/opt/ros/foxy LD_LIBRARY_PATH=/home/kgh/ws2/install/nav2_behavior_tree/lib:/home/kgh/ws2/install/nav2_util/lib:/home/kgh/ws2/install/nav2_msgs/lib:/home/kgh/ws2/install/smac_planner/lib:/home/kgh/ws2/install/nav2_controller/lib:/home/kgh/ws2/install/dwb_plugins/lib:/home/kgh/ws2/install/dwb_critics/lib:/home/kgh/ws2/install/dwb_core/lib:/home/kgh/ws2/install/nav_2d_utils/lib:/home/kgh/ws2/install/dwb_msgs/lib:/home/kgh/ws2/install/nav_2d_msgs/lib:/home/kgh/ws2/install/nav2_waypoint_follower/lib:/home/kgh/ws2/install/nav2_regulated_pure_pursuit_controller/lib:/home/kgh/ws2/install/nav2_recoveries/lib:/home/kgh/ws2/install/nav2_planner/lib:/home/kgh/ws2/install/nav2_navfn_planner/lib:/home/kgh/ws2/install/costmap_queue/lib:/home/kgh/ws2/install/nav2_costmap_2d/lib:/home/kgh/ws2/install/nav2_voxel_grid/lib:/home/kgh/ws2/install/nav2_rviz_plugins/lib:/home/kgh/ws2/install/nav2_map_server/lib:/home/kgh/ws2/install/nav2_lifecycle_manager/lib:/home/kgh/ws2/install/nav2_bt_navigator/lib:/home/kgh/ws2/install/nav2_amcl/lib:/home/kgh/ws2/install/cartographer_ros_msgs/lib:/usr/lib/x86_64-linux-gnu/gazebo-11/plugins:/opt/ros/foxy/opt/yaml_cpp_vendor/lib:/opt/ros/foxy/opt/rviz_ogre_vendor/lib:/opt/ros/foxy/lib/x86_64-linux-gnu:/opt/ros/foxy/lib PYTHONPATH=/home/kgh/ws2/install/nav2_msgs/lib/python3.8/site-packages:/home/kgh/ws2/install/nav2_common/lib/python3.8/site-packages:/home/kgh/ws2/install/yzbot_description/lib/python3.8/site-packages:/home/kgh/ws2/install/yzbot_controller/lib/python3.8/site-packages:/home/kgh/ws2/install/fishbot_description/lib/python3.8/site-packages:/home/kgh/ws2/install/dwb_msgs/lib/python3.8/site-packages:/home/kgh/ws2/install/nav_2d_msgs/lib/python3.8/site-packages:/home/kgh/ws2/install/nav2_gazebo_spawner/lib/python3.8/site-packages:/home/kgh/ws2/install/fishbot_controller/lib/python3.8/site-packages:/home/kgh/ws2/install/cartographer_ros_msgs/lib/python3.8/site-packages:/opt/ros/foxy/lib/python3.8/site-packages /usr/bin/cmake --install /home/kgh/ws2/build/nav2_bt_navigator
