[0.116s] Invoking command in '/home/kgh/ws2/build/yzbot_stm32connect': CMAKE_PREFIX_PATH=/home/kgh/ws2/install/yzbot_msgs:/home/kgh/ws2/install/yzbot_stm32connect:/home/kgh/ws2/install/yzbot_nav2:/home/kgh/ws2/install/yzbot_cartographer:/home/kgh/ws2/install/nav2_system_tests:/home/kgh/ws2/install/nav2_bringup:/home/kgh/ws2/install/navigation2:/home/kgh/ws2/install/smac_planner:/home/kgh/ws2/install/nav2_dwb_controller:/home/kgh/ws2/install/nav2_controller:/home/kgh/ws2/install/dwb_plugins:/home/kgh/ws2/install/dwb_critics:/home/kgh/ws2/install/dwb_core:/home/kgh/ws2/install/nav_2d_utils:/home/kgh/ws2/install/dwb_msgs:/home/kgh/ws2/install/nav_2d_msgs:/home/kgh/ws2/install/nav2_waypoint_follower:/home/kgh/ws2/install/nav2_regulated_pure_pursuit_controller:/home/kgh/ws2/install/nav2_recoveries:/home/kgh/ws2/install/nav2_planner:/home/kgh/ws2/install/nav2_navfn_planner:/home/kgh/ws2/install/nav2_core:/home/kgh/ws2/install/costmap_queue:/home/kgh/ws2/install/nav2_costmap_2d:/home/kgh/ws2/install/nav2_voxel_grid:/home/kgh/ws2/install/nav2_rviz_plugins:/home/kgh/ws2/install/nav2_map_server:/home/kgh/ws2/install/nav2_lifecycle_manager:/home/kgh/ws2/install/nav2_bt_navigator:/home/kgh/ws2/install/nav2_behavior_tree:/home/kgh/ws2/install/nav2_amcl:/home/kgh/ws2/install/nav2_util:/home/kgh/ws2/install/nav2_msgs:/home/kgh/ws2/install/nav2_common:/home/kgh/ws2/install/bluesea2:/home/kgh/ws2/install/yzbot_description:/home/kgh/ws2/install/yzbot_controller:/home/kgh/ws2/install/nav2_gazebo_spawner:/opt/ros/foxy /usr/bin/cmake --build /home/kgh/ws2/build/yzbot_stm32connect -- -j16 -l16
[0.192s] [ 44%] Built target serial
[0.210s] [35m[1mScanning dependencies of target stm32_connect[0m
[0.246s] [ 88%] [32mBuilding CXX object CMakeFiles/stm32_connect.dir/src/stm32_connect.cpp.o[0m
[0.246s] [ 88%] [32mBuilding CXX object CMakeFiles/stm32_connect.dir/src/plc.cpp.o[0m
[0.246s] [ 88%] [32mBuilding CXX object CMakeFiles/stm32_connect.dir/src/robotserial.cpp.o[0m
[0.246s] [ 88%] [32mBuilding CXX object CMakeFiles/stm32_connect.dir/src/pms.cpp.o[0m
[2.303s] [01m[K/home/kgh/ws2/src/yzbot_stm32connect/src/robotserial.cpp:[m[K In function ‘[01m[Kvoid* Timer_Callback(void*)[m[K’:
[2.304s] [01m[K/home/kgh/ws2/src/yzbot_stm32connect/src/robotserial.cpp:7:28:[m[K [01;35m[Kwarning: [m[Kunused parameter ‘[01m[Karge[m[K’ [[01;35m[K-Wunused-parameter[m[K]
[2.304s]     7 | void *Timer_Callback([01;35m[Kvoid *arge[m[K)
[2.304s]       |                      [01;35m[K~~~~~~^~~~[m[K
[2.304s] [01m[K/home/kgh/ws2/src/yzbot_stm32connect/src/robotserial.cpp:[m[K In constructor ‘[01m[KRobotSerial::RobotSerial(std::shared_ptr<serial::Serial>)[m[K’:
[2.304s] [01m[K/home/kgh/ws2/src/yzbot_stm32connect/src/robotserial.cpp:27:9:[m[K [01;35m[Kwarning: [m[Kunused variable ‘[01m[Kret[m[K’ [[01;35m[K-Wunused-variable[m[K]
[2.304s]    27 |     int [01;35m[Kret[m[K = pthread_create(&pid, &attr, Timer_Callback, NULL);
[2.304s]       |         [01;35m[K^~~[m[K
[2.304s] [01m[K/home/kgh/ws2/src/yzbot_stm32connect/src/robotserial.cpp:[m[K In member function ‘[01m[Kint8_t RobotSerial::robotSerialRead()[m[K’:
[2.305s] [01m[K/home/kgh/ws2/src/yzbot_stm32connect/src/robotserial.cpp:46:11:[m[K [01;35m[Kwarning: [m[Kunused variable ‘[01m[Kread_byte[m[K’ [[01;35m[K-Wunused-variable[m[K]
[2.305s]    46 |    size_t [01;35m[Kread_byte[m[K = mSerial->read(RecvBUF+2, 17);
[2.305s]       |           [01;35m[K^~~~~~~~~[m[K
[2.305s] [01m[K/home/kgh/ws2/src/yzbot_stm32connect/src/robotserial.cpp:[m[K At global scope:
[2.305s] [01m[K/home/kgh/ws2/src/yzbot_stm32connect/src/robotserial.cpp:65:5:[m[K [01;31m[Kerror: [m[Kno declaration matches ‘[01m[Kint RobotSerial::autoCharge(int)[m[K’
[2.305s]    65 | int [01;31m[KRobotSerial[m[K::autoCharge(int chargeFlag)
[2.305s]       |     [01;31m[K^~~~~~~~~~~[m[K
[2.305s] [01m[K/home/kgh/ws2/src/yzbot_stm32connect/src/robotserial.cpp:65:5:[m[K [01;36m[Knote: [m[Kno functions named ‘[01m[Kint RobotSerial::autoCharge(int)[m[K’
[2.305s] In file included from [01m[K/home/kgh/ws2/src/yzbot_stm32connect/src/robotserial.cpp:1[m[K:
[2.305s] [01m[K/home/kgh/ws2/src/yzbot_stm32connect/include/robotserial.hpp:17:7:[m[K [01;36m[Knote: [m[K‘[01m[Kclass RobotSerial[m[K’ defined here
[2.305s]    17 | class [01;36m[KRobotSerial[m[K : public rclcpp::Node
[2.305s]       |       [01;36m[K^~~~~~~~~~~[m[K
[2.306s] [01m[K/home/kgh/ws2/src/yzbot_stm32connect/src/robotserial.cpp:[m[K In member function ‘[01m[Kint RobotSerial::getPms(int&, int&)[m[K’:
[2.306s] [01m[K/home/kgh/ws2/src/yzbot_stm32connect/src/robotserial.cpp:198:35:[m[K [01;35m[Kwarning: [m[Kunused variable ‘[01m[Klength[m[K’ [[01;35m[K-Wunused-variable[m[K]
[2.307s]   198 |                     unsigned char [01;35m[Klength[m[K;
[2.307s]       |                                   [01;35m[K^~~~~~[m[K
[2.307s] [01m[K/home/kgh/ws2/src/yzbot_stm32connect/src/robotserial.cpp:199:35:[m[K [01;35m[Kwarning: [m[Kunused variable ‘[01m[Ks_devid[m[K’ [[01;35m[K-Wunused-variable[m[K]
[2.307s]   199 |                     unsigned char [01;35m[Ks_devid[m[K;
[2.307s]       |                                   [01;35m[K^~~~~~~[m[K
[2.307s] [01m[K/home/kgh/ws2/src/yzbot_stm32connect/src/robotserial.cpp:200:35:[m[K [01;35m[Kwarning: [m[Kunused variable ‘[01m[Kp_devid[m[K’ [[01;35m[K-Wunused-variable[m[K]
[2.307s]   200 |                     unsigned char [01;35m[Kp_devid[m[K;
[2.307s]       |                                   [01;35m[K^~~~~~~[m[K
[2.307s] [01m[K/home/kgh/ws2/src/yzbot_stm32connect/src/robotserial.cpp:201:35:[m[K [01;35m[Kwarning: [m[Kunused variable ‘[01m[Kcmd[m[K’ [[01;35m[K-Wunused-variable[m[K]
[2.307s]   201 |                     unsigned char [01;35m[Kcmd[m[K;
[2.307s]       |                                   [01;35m[K^~~[m[K
[2.307s] [01m[K/home/kgh/ws2/src/yzbot_stm32connect/src/robotserial.cpp:202:25:[m[K [01;35m[Kwarning: [m[Kunused variable ‘[01m[Kcharging_flag[m[K’ [[01;35m[K-Wunused-variable[m[K]
[2.307s]   202 |                     int [01;35m[Kcharging_flag[m[K = 0;
[2.307s]       |                         [01;35m[K^~~~~~~~~~~~~[m[K
[2.307s] [01m[K/home/kgh/ws2/src/yzbot_stm32connect/src/robotserial.cpp:203:25:[m[K [01;35m[Kwarning: [m[Kunused variable ‘[01m[Kbattary_level[m[K’ [[01;35m[K-Wunused-variable[m[K]
[2.308s]   203 |                     int [01;35m[Kbattary_level[m[K = 0;
[2.308s]       |                         [01;35m[K^~~~~~~~~~~~~[m[K
[2.310s] [01m[K/home/kgh/ws2/src/yzbot_stm32connect/src/robotserial.cpp:[m[K In member function ‘[01m[Kint8_t RobotSerial::getOdom(unsigned char&, int16_t&, int16_t&, float&, float&, float&, int, int16_t&, int16_t&)[m[K’:
[2.310s] [01m[K/home/kgh/ws2/src/yzbot_stm32connect/src/robotserial.cpp:402:31:[m[K [01;35m[Kwarning: [m[K‘[01m[Kint ftime(timeb*)[m[K’ is deprecated [[01;35m[K-Wdeprecated-declarations[m[K]
[2.310s]   402 |                 ftime(&stTimeb[01;35m[K)[m[K;
[2.310s]       |                               [01;35m[K^[m[K
[2.310s] In file included from [01m[K/home/kgh/ws2/src/yzbot_stm32connect/include/robotserial.hpp:9[m[K,
[2.310s]                  from [01m[K/home/kgh/ws2/src/yzbot_stm32connect/src/robotserial.cpp:1[m[K:
[2.310s] [01m[K/usr/include/x86_64-linux-gnu/sys/timeb.h:39:12:[m[K [01;36m[Knote: [m[Kdeclared here
[2.311s]    39 | extern int [01;36m[Kftime[m[K (struct timeb *__timebuf)
[2.311s]       |            [01;36m[K^~~~~[m[K
[2.311s] [01m[K/home/kgh/ws2/src/yzbot_stm32connect/src/robotserial.cpp:402:31:[m[K [01;35m[Kwarning: [m[K‘[01m[Kint ftime(timeb*)[m[K’ is deprecated [[01;35m[K-Wdeprecated-declarations[m[K]
[2.311s]   402 |                 ftime(&stTimeb[01;35m[K)[m[K;
[2.311s]       |                               [01;35m[K^[m[K
[2.311s] In file included from [01m[K/home/kgh/ws2/src/yzbot_stm32connect/include/robotserial.hpp:9[m[K,
[2.311s]                  from [01m[K/home/kgh/ws2/src/yzbot_stm32connect/src/robotserial.cpp:1[m[K:
[2.311s] [01m[K/usr/include/x86_64-linux-gnu/sys/timeb.h:39:12:[m[K [01;36m[Knote: [m[Kdeclared here
[2.311s]    39 | extern int [01;36m[Kftime[m[K (struct timeb *__timebuf)
[2.311s]       |            [01;36m[K^~~~~[m[K
[2.311s] [01m[K/home/kgh/ws2/src/yzbot_stm32connect/src/robotserial.cpp:363:31:[m[K [01;35m[Kwarning: [m[Kunused variable ‘[01m[Klength[m[K’ [[01;35m[K-Wunused-variable[m[K]
[2.311s]   363 |                 unsigned char [01;35m[Klength[m[K;
[2.311s]       |                               [01;35m[K^~~~~~[m[K
[2.312s] [01m[K/home/kgh/ws2/src/yzbot_stm32connect/src/robotserial.cpp:364:31:[m[K [01;35m[Kwarning: [m[Kunused variable ‘[01m[Ks_devid[m[K’ [[01;35m[K-Wunused-variable[m[K]
[2.312s]   364 |                 unsigned char [01;35m[Ks_devid[m[K;
[2.312s]       |                               [01;35m[K^~~~~~~[m[K
[2.312s] [01m[K/home/kgh/ws2/src/yzbot_stm32connect/src/robotserial.cpp:365:31:[m[K [01;35m[Kwarning: [m[Kunused variable ‘[01m[Kp_devid[m[K’ [[01;35m[K-Wunused-variable[m[K]
[2.312s]   365 |                 unsigned char [01;35m[Kp_devid[m[K;
[2.312s]       |                               [01;35m[K^~~~~~~[m[K
[2.312s] [01m[K/home/kgh/ws2/src/yzbot_stm32connect/src/robotserial.cpp:366:31:[m[K [01;35m[Kwarning: [m[Kunused variable ‘[01m[Kcmd[m[K’ [[01;35m[K-Wunused-variable[m[K]
[2.312s]   366 |                 unsigned char [01;35m[Kcmd[m[K;
[2.312s]       |                               [01;35m[K^~~[m[K
[2.312s] [01m[K/home/kgh/ws2/src/yzbot_stm32connect/src/robotserial.cpp:316:18:[m[K [01;35m[Kwarning: [m[Kunused variable ‘[01m[Kangle_per[m[K’ [[01;35m[K-Wunused-variable[m[K]
[2.312s]   316 |     static float [01;35m[Kangle_per[m[K = 0;
[2.312s]       |                  [01;35m[K^~~~~~~~~[m[K
[2.312s] [01m[K/home/kgh/ws2/src/yzbot_stm32connect/src/robotserial.cpp:[m[K In member function ‘[01m[Kint8_t RobotSerial::getAutoSpeed()[m[K’:
[2.313s] [01m[K/home/kgh/ws2/src/yzbot_stm32connect/src/robotserial.cpp:468:24:[m[K [01;35m[Kwarning: [m[Kunused variable ‘[01m[Klinear[m[K’ [[01;35m[K-Wunused-variable[m[K]
[2.313s]   468 |                 double [01;35m[Klinear[m[K = (short)((RecvBUF[8]<<8) + RecvBUF[9]);     // 线速度
[2.313s]       |                        [01;35m[K^~~~~~[m[K
[2.313s] [01m[K/home/kgh/ws2/src/yzbot_stm32connect/src/robotserial.cpp:469:24:[m[K [01;35m[Kwarning: [m[Kunused variable ‘[01m[Kangular[m[K’ [[01;35m[K-Wunused-variable[m[K]
[2.313s]   469 |                 double [01;35m[Kangular[m[K = (short)((RecvBUF[10]<<8) + RecvBUF[11]);  // 角速度
[2.313s]       |                        [01;35m[K^~~~~~~[m[K
[2.313s] [01m[K/home/kgh/ws2/src/yzbot_stm32connect/src/robotserial.cpp:470:21:[m[K [01;35m[Kwarning: [m[Kunused variable ‘[01m[KautoChargeTaskFlag[m[K’ [[01;35m[K-Wunused-variable[m[K]
[2.313s]   470 |                 int [01;35m[KautoChargeTaskFlag[m[K = RecvBUF[12];
[2.313s]       |                     [01;35m[K^~~~~~~~~~~~~~~~~~[m[K
[2.313s] [01m[K/home/kgh/ws2/src/yzbot_stm32connect/src/robotserial.cpp:471:21:[m[K [01;35m[Kwarning: [m[Kunused variable ‘[01m[KEmergency_flag[m[K’ [[01;35m[K-Wunused-variable[m[K]
[2.313s]   471 |                 int [01;35m[KEmergency_flag[m[K = RecvBUF[13];
[2.313s]       |                     [01;35m[K^~~~~~~~~~~~~~[m[K
[2.313s] [01m[K/home/kgh/ws2/src/yzbot_stm32connect/src/robotserial.cpp:472:21:[m[K [01;35m[Kwarning: [m[Kunused variable ‘[01m[KreChargeFlag[m[K’ [[01;35m[K-Wunused-variable[m[K]
[2.313s]   472 |                 int [01;35m[KreChargeFlag[m[K = RecvBUF[14];
[2.314s]       |                     [01;35m[K^~~~~~~~~~~~[m[K
[2.314s] [01m[K/home/kgh/ws2/src/yzbot_stm32connect/src/robotserial.cpp:[m[K In member function ‘[01m[Kint8_t RobotSerial::setSensorEn(int, int)[m[K’:
[2.314s] [01m[K/home/kgh/ws2/src/yzbot_stm32connect/src/robotserial.cpp:524:13:[m[K [01;35m[Kwarning: [m[Kunused variable ‘[01m[KcarLight_result[m[K’ [[01;35m[K-Wunused-variable[m[K]
[2.314s]   524 |         int [01;35m[KcarLight_result[m[K = RecvBUF[9];
[2.314s]       |             [01;35m[K^~~~~~~~~~~~~~~[m[K
[2.314s] [01m[K/home/kgh/ws2/src/yzbot_stm32connect/src/robotserial.cpp:525:13:[m[K [01;35m[Kwarning: [m[Kunused variable ‘[01m[KturnLight_result[m[K’ [[01;35m[K-Wunused-variable[m[K]
[2.314s]   525 |         int [01;35m[KturnLight_result[m[K = RecvBUF[10];
[2.314s]       |             [01;35m[K^~~~~~~~~~~~~~~~[m[K
[2.314s] [01m[K/home/kgh/ws2/src/yzbot_stm32connect/src/robotserial.cpp:[m[K At global scope:
[2.314s] [01m[K/home/kgh/ws2/src/yzbot_stm32connect/src/robotserial.cpp:534:25:[m[K [01;31m[Kerror: [m[Kexpected initializer before ‘[01m[KRobotButton[m[K’
[2.314s]   534 | int8_t RobotSerial::get [01;31m[KRobotButton[m[K(int &audio_button, int &power_button, int &zs)
[2.314s]       |                         [01;31m[K^~~~~~~~~~~[m[K
[2.314s] [01m[K/home/kgh/ws2/src/yzbot_stm32connect/src/robotserial.cpp:[m[K In member function ‘[01m[Kint RobotSerial::getUltrasoundResult(int&, int&)[m[K’:
[2.314s] [01m[K/home/kgh/ws2/src/yzbot_stm32connect/src/robotserial.cpp:609:31:[m[K [01;35m[Kwarning: [m[Kunused variable ‘[01m[KrecvFrameIndex[m[K’ [[01;35m[K-Wunused-variable[m[K]
[2.315s]   609 |                 unsigned char [01;35m[KrecvFrameIndex[m[K=0;
[2.315s]       |                               [01;35m[K^~~~~~~~~~~~~~[m[K
[2.315s] [01m[K/home/kgh/ws2/src/yzbot_stm32connect/src/robotserial.cpp:610:31:[m[K [01;35m[Kwarning: [m[Kunused variable ‘[01m[Klength[m[K’ [[01;35m[K-Wunused-variable[m[K]
[2.315s]   610 |                 unsigned char [01;35m[Klength[m[K;
[2.315s]       |                               [01;35m[K^~~~~~[m[K
[2.315s] [01m[K/home/kgh/ws2/src/yzbot_stm32connect/src/robotserial.cpp:611:31:[m[K [01;35m[Kwarning: [m[Kunused variable ‘[01m[Ks_devid[m[K’ [[01;35m[K-Wunused-variable[m[K]
[2.315s]   611 |                 unsigned char [01;35m[Ks_devid[m[K;
[2.315s]       |                               [01;35m[K^~~~~~~[m[K
[2.315s] [01m[K/home/kgh/ws2/src/yzbot_stm32connect/src/robotserial.cpp:612:31:[m[K [01;35m[Kwarning: [m[Kunused variable ‘[01m[Kp_devid[m[K’ [[01;35m[K-Wunused-variable[m[K]
[2.315s]   612 |                 unsigned char [01;35m[Kp_devid[m[K;
[2.315s]       |                               [01;35m[K^~~~~~~[m[K
[2.315s] [01m[K/home/kgh/ws2/src/yzbot_stm32connect/src/robotserial.cpp:613:31:[m[K [01;35m[Kwarning: [m[Kunused variable ‘[01m[Kcmd[m[K’ [[01;35m[K-Wunused-variable[m[K]
[2.315s]   613 |                 unsigned char [01;35m[Kcmd[m[K;
[2.315s]       |                               [01;35m[K^~~[m[K
[2.315s] [01m[K/home/kgh/ws2/src/yzbot_stm32connect/src/robotserial.cpp:579:16:[m[K [01;35m[Kwarning: [m[Kunused variable ‘[01m[Ktmp[m[K’ [[01;35m[K-Wunused-variable[m[K]
[2.315s]   579 |     static int [01;35m[Ktmp[m[K = 0;
[2.316s]       |                [01;35m[K^~~[m[K
[2.316s] [01m[K/home/kgh/ws2/src/yzbot_stm32connect/src/robotserial.cpp:[m[K In member function ‘[01m[Kint8_t RobotSerial::getNeckPose(int&, int&, int&, int, int)[m[K’:
[2.316s] [01m[K/home/kgh/ws2/src/yzbot_stm32connect/src/robotserial.cpp:674:27:[m[K [01;35m[Kwarning: [m[Kunused variable ‘[01m[Kmheight[m[K’ [[01;35m[K-Wunused-variable[m[K]
[2.316s]   674 |                 short int [01;35m[Kmheight[m[K = 0;
[2.316s]       |                           [01;35m[K^~~~~~~[m[K
[2.316s] [01m[K/home/kgh/ws2/src/yzbot_stm32connect/src/robotserial.cpp:675:27:[m[K [01;35m[Kwarning: [m[Kunused variable ‘[01m[Kmlimit[m[K’ [[01;35m[K-Wunused-variable[m[K]
[2.316s]   675 |                 short int [01;35m[Kmlimit[m[K = 0;
[2.316s]       |                           [01;35m[K^~~~~~[m[K
[2.316s] [01m[K/home/kgh/ws2/src/yzbot_stm32connect/src/robotserial.cpp:676:27:[m[K [01;35m[Kwarning: [m[Kunused variable ‘[01m[Kmdone[m[K’ [[01;35m[K-Wunused-variable[m[K]
[2.316s]   676 |                 short int [01;35m[Kmdone[m[K = 0;
[2.316s]       |                           [01;35m[K^~~~~[m[K
[2.316s] [01m[K/home/kgh/ws2/src/yzbot_stm32connect/src/robotserial.cpp:[m[K In member function ‘[01m[Kint8_t RobotSerial::getHeadPose(int&, int&, int&)[m[K’:
[2.316s] [01m[K/home/kgh/ws2/src/yzbot_stm32connect/src/robotserial.cpp:724:27:[m[K [01;35m[Kwarning: [m[Kunused variable ‘[01m[KmSwitch_flag[m[K’ [[01;35m[K-Wunused-variable[m[K]
[2.316s]   724 |                 short int [01;35m[KmSwitch_flag[m[K = 0;
[2.316s]       |                           [01;35m[K^~~~~~~~~~~~[m[K
[2.375s] [01m[K/home/kgh/ws2/src/yzbot_stm32connect/src/pms.cpp:[m[K In constructor ‘[01m[KPMS::PMS(RobotSerial*)[m[K’:
[2.375s] [01m[K/home/kgh/ws2/src/yzbot_stm32connect/src/pms.cpp:10:5:[m[K [01;31m[Kerror: [m[K‘[01m[Kpms_status_pub[m[K’ was not declared in this scope; did you mean ‘[01m[Kpms_status[m[K’?
[2.375s]    10 |     [01;31m[Kpms_status_pub[m[K = this->create_publisher<yzbot_msgs::msg::PmsStatus>("pms_status", 10);
[2.375s]       |     [01;31m[K^~~~~~~~~~~~~~[m[K
[2.375s]       |     [32m[Kpms_status[m[K
[2.388s] [01m[K/home/kgh/ws2/src/yzbot_stm32connect/src/pms.cpp:[m[K In member function ‘[01m[Kvoid PMS::get_auto_charge_callback(yzbot_msgs::msg::ChargeCtrl_<std::allocator<void> >::SharedPtr)[m[K’:
[2.388s] [01m[K/home/kgh/ws2/src/yzbot_stm32connect/src/pms.cpp:24:45:[m[K [01;31m[Kerror: [m[K‘[01m[Kclass RobotSerial[m[K’ has no member named ‘[01m[KAuto_Charging[m[K’; did you mean ‘[01m[KautoCharging[m[K’?
[2.388s]    24 |     if(auto_charge_flag == 0) mRobotSerial->[01;31m[KAuto_Charging[m[K(0);
[2.388s]       |                                             [01;31m[K^~~~~~~~~~~~~[m[K
[2.388s]       |                                             [32m[KautoCharging[m[K
[2.388s] [01m[K/home/kgh/ws2/src/yzbot_stm32connect/src/pms.cpp:25:50:[m[K [01;31m[Kerror: [m[K‘[01m[Kclass RobotSerial[m[K’ has no member named ‘[01m[KAuto_Charging[m[K’; did you mean ‘[01m[KautoCharging[m[K’?
[2.389s]    25 |     else if(auto_charge_flag == 1) mRobotSerial->[01;31m[KAuto_Charging[m[K(1);
[2.389s]       |                                                  [01;31m[K^~~~~~~~~~~~~[m[K
[2.389s]       |                                                  [32m[KautoCharging[m[K
[2.391s] [01m[K/home/kgh/ws2/src/yzbot_stm32connect/src/pms.cpp:[m[K In function ‘[01m[Kint Query_Pms_All()[m[K’:
[2.391s] [01m[K/home/kgh/ws2/src/yzbot_stm32connect/src/pms.cpp:30:19:[m[K [01;31m[Kerror: [m[K‘[01m[KmRobot_Serial[m[K’ was not declared in this scope; did you mean ‘[01m[KRobotSerial[m[K’?
[2.391s]    30 |     int get_pms = [01;31m[KmRobot_Serial[m[K->Get_Pms(charging_flag, battery_level);
[2.391s]       |                   [01;31m[K^~~~~~~~~~~~~[m[K
[2.391s]       |                   [32m[KRobotSerial[m[K
[2.394s] [01m[K/home/kgh/ws2/src/yzbot_stm32connect/src/pms.cpp:30:42:[m[K [01;31m[Kerror: [m[K‘[01m[Kcharging_flag[m[K’ was not declared in this scope
[2.395s]    30 |     int get_pms = mRobot_Serial->Get_Pms([01;31m[Kcharging_flag[m[K, battery_level);
[2.395s]       |                                          [01;31m[K^~~~~~~~~~~~~[m[K
[2.398s] [01m[K/home/kgh/ws2/src/yzbot_stm32connect/src/pms.cpp:30:57:[m[K [01;31m[Kerror: [m[K‘[01m[Kbattery_level[m[K’ was not declared in this scope
[2.398s]    30 |     int get_pms = mRobot_Serial->Get_Pms(charging_flag, [01;31m[Kbattery_level[m[K);
[2.398s]       |                                                         [01;31m[K^~~~~~~~~~~~~[m[K
[2.400s] [01m[K/home/kgh/ws2/src/yzbot_stm32connect/src/pms.cpp:31:8:[m[K [01;31m[Kerror: [m[K‘[01m[Kback_[m[K’ was not declared in this scope
[2.400s]    31 |     if([01;31m[Kback_[m[K != 0) return -1;
[2.400s]       |        [01;31m[K^~~~~[m[K
[2.400s] [01m[K/home/kgh/ws2/src/yzbot_stm32connect/src/pms.cpp:33:22:[m[K [01;31m[Kerror: [m[K‘[01m[KPMSGetStatus[m[K’ is not a member of ‘[01m[Kyzbot_msgs::msg[m[K’
[2.400s]    33 |     yzbot_msgs::msg::[01;31m[KPMSGetStatus[m[K pms_msg;
[2.400s]       |                      [01;31m[K^~~~~~~~~~~~[m[K
[2.401s] [01m[K/home/kgh/ws2/src/yzbot_stm32connect/src/pms.cpp:34:5:[m[K [01;31m[Kerror: [m[K‘[01m[Kpms_msg[m[K’ was not declared in this scope
[2.402s]    34 |     [01;31m[Kpms_msg[m[K.pms_charging_flag = charging_flag;
[2.402s]       |     [01;31m[K^~~~~~~[m[K
[2.404s] [01m[K/home/kgh/ws2/src/yzbot_stm32connect/src/pms.cpp:37:5:[m[K [01;31m[Kerror: [m[K‘[01m[Kpms_status_pub[m[K’ was not declared in this scope; did you mean ‘[01m[Kpms_status[m[K’?
[2.404s]    37 |     [01;31m[Kpms_status_pub[m[K->publish(pms_msg);
[2.404s]       |     [01;31m[K^~~~~~~~~~~~~~[m[K
[2.404s]       |     [32m[Kpms_status[m[K
[2.404s] [01m[K/home/kgh/ws2/src/yzbot_stm32connect/src/pms.cpp:30:9:[m[K [01;35m[Kwarning: [m[Kunused variable ‘[01m[Kget_pms[m[K’ [[01;35m[K-Wunused-variable[m[K]
[2.404s]    30 |     int [01;35m[Kget_pms[m[K = mRobot_Serial->Get_Pms(charging_flag, battery_level);
[2.404s]       |         [01;35m[K^~~~~~~[m[K
[2.517s] [01m[K/home/kgh/ws2/src/yzbot_stm32connect/src/plc.cpp:[m[K In member function ‘[01m[Kint PLC::pub_odom(short int, short int, short int, short int, float, float, float, float)[m[K’:
[2.517s] [01m[K/home/kgh/ws2/src/yzbot_stm32connect/src/plc.cpp:62:29:[m[K [01;35m[Kwarning: [m[Kunused parameter ‘[01m[Kvx[m[K’ [[01;35m[K-Wunused-parameter[m[K]
[2.517s]    62 | int PLC::pub_odom([01;35m[Kshort int vx[m[K, short int vy, short int t1, short int t2, float angle_v, float angle, float n_vx, float n_vth)
[2.517s]       |                   [01;35m[K~~~~~~~~~~^~[m[K
[2.517s] [01m[K/home/kgh/ws2/src/yzbot_stm32connect/src/plc.cpp:62:43:[m[K [01;35m[Kwarning: [m[Kunused parameter ‘[01m[Kvy[m[K’ [[01;35m[K-Wunused-parameter[m[K]
[2.517s]    62 | int PLC::pub_odom(short int vx, [01;35m[Kshort int vy[m[K, short int t1, short int t2, float angle_v, float angle, float n_vx, float n_vth)
[2.517s]       |                                 [01;35m[K~~~~~~~~~~^~[m[K
[2.517s] [01m[K/home/kgh/ws2/src/yzbot_stm32connect/src/plc.cpp:62:81:[m[K [01;35m[Kwarning: [m[Kunused parameter ‘[01m[Kangle_v[m[K’ [[01;35m[K-Wunused-parameter[m[K]
[2.518s]    62 | int PLC::pub_odom(short int vx, short int vy, short int t1, short int t2, [01;35m[Kfloat angle_v[m[K, float angle, float n_vx, float n_vth)
[2.518s]       |                                                                           [01;35m[K~~~~~~^~~~~~~[m[K
[2.518s] [01m[K/home/kgh/ws2/src/yzbot_stm32connect/src/plc.cpp:62:109:[m[K [01;35m[Kwarning: [m[Kunused parameter ‘[01m[Kn_vx[m[K’ [[01;35m[K-Wunused-parameter[m[K]
[2.518s]    62 | int PLC::pub_odom(short int vx, short int vy, short int t1, short int t2, float angle_v, float angle, [01;35m[Kfloat n_vx[m[K, float n_vth)
[2.518s]       |                                                                                                       [01;35m[K~~~~~~^~~~[m[K
[2.518s] [01m[K/home/kgh/ws2/src/yzbot_stm32connect/src/plc.cpp:62:121:[m[K [01;35m[Kwarning: [m[Kunused parameter ‘[01m[Kn_vth[m[K’ [[01;35m[K-Wunused-parameter[m[K]
[2.518s]    62 | int PLC::pub_odom(short int vx, short int vy, short int t1, short int t2, float angle_v, float angle, float n_vx, [01;35m[Kfloat n_vth[m[K)
[2.518s]       |                                                                                                                   [01;35m[K~~~~~~^~~~~[m[K
[2.523s] [01m[K/home/kgh/ws2/src/yzbot_stm32connect/src/plc.cpp:[m[K In member function ‘[01m[Kvoid PLC::pub_robot_pose(int, int, double, double)[m[K’:
[2.523s] [01m[K/home/kgh/ws2/src/yzbot_stm32connect/src/plc.cpp:171:18:[m[K [01;35m[Kwarning: [m[Kunused variable ‘[01m[Ktrueth_angle[m[K’ [[01;35m[K-Wunused-variable[m[K]
[2.523s]   171 |     static float [01;35m[Ktrueth_angle[m[K = 0;
[2.523s]       |                  [01;35m[K^~~~~~~~~~~~[m[K
[2.524s] [01m[K/home/kgh/ws2/src/yzbot_stm32connect/src/plc.cpp:175:12:[m[K [01;35m[Kwarning: [m[Kunused variable ‘[01m[Kdt[m[K’ [[01;35m[K-Wunused-variable[m[K]
[2.524s]   175 |     double [01;35m[Kdt[m[K = (current_time - robot_pose_lasttime).seconds();
[2.524s]       |            [01;35m[K^~[m[K
[2.524s] [01m[K/home/kgh/ws2/src/yzbot_stm32connect/src/plc.cpp:181:12:[m[K [01;35m[Kwarning: [m[Kunused variable ‘[01m[Ksin_y[m[K’ [[01;35m[K-Wunused-variable[m[K]
[2.524s]   181 |     double [01;35m[Ksin_y[m[K = sin(my_robot_pose.robot_yaw + dt_th/2.0);
[2.524s]       |            [01;35m[K^~~~~[m[K
[2.524s] [01m[K/home/kgh/ws2/src/yzbot_stm32connect/src/plc.cpp:168:74:[m[K [01;35m[Kwarning: [m[Kunused parameter ‘[01m[Kangle_l[m[K’ [[01;35m[K-Wunused-parameter[m[K]
[2.524s]   168 | void PLC::pub_robot_pose(int left_t, int right_t, double angle_t, [01;35m[Kdouble angle_l[m[K)
[2.524s]       |                                                                   [01;35m[K~~~~~~~^~~~~~~[m[K
[2.524s] [01m[K/home/kgh/ws2/src/yzbot_stm32connect/src/plc.cpp:[m[K In member function ‘[01m[Kvoid PLC::plc_timer_deal_odom()[m[K’:
[2.524s] [01m[K/home/kgh/ws2/src/yzbot_stm32connect/src/plc.cpp:245:32:[m[K [01;31m[Kerror: [m[K‘[01m[Kclass RobotSerial[m[K’ has no member named ‘[01m[KGetOdom[m[K’; did you mean ‘[01m[KgetOdom[m[K’?
[2.524s]   245 |   int get_odom = mRobotSerial->[01;31m[KGetOdom[m[K(frameIndex, t1, t2, dbTh, dbTh_l, dbVth, fmq_status_flag, vx, vth);
[2.524s]       |                                [01;31m[K^~~~~~~[m[K
[2.524s]       |                                [32m[KgetOdom[m[K
[2.524s] [01m[K/home/kgh/ws2/src/yzbot_stm32connect/src/plc.cpp:249:17:[m[K [01;31m[Kerror: [m[K‘[01m[Kclass RobotSerial[m[K’ has no member named ‘[01m[KSetSpeed[m[K’; did you mean ‘[01m[KsetSpeed[m[K’?
[2.524s]   249 |   mRobotSerial->[01;31m[KSetSpeed[m[K(g_vx*1000, g_vth*1000, 0x15, mRobotPose_yaw, mD);
[2.525s]       |                 [01;31m[K^~~~~~~~[m[K
[2.525s]       |                 [32m[KsetSpeed[m[K
[2.525s] [01m[K/home/kgh/ws2/src/yzbot_stm32connect/src/plc.cpp:245:7:[m[K [01;35m[Kwarning: [m[Kunused variable ‘[01m[Kget_odom[m[K’ [[01;35m[K-Wunused-variable[m[K]
[2.525s]   245 |   int [01;35m[Kget_odom[m[K = mRobotSerial->GetOdom(frameIndex, t1, t2, dbTh, dbTh_l, dbVth, fmq_status_flag, vx, vth);
[2.525s]       |       [01;35m[K^~~~~~~~[m[K
[2.851s] [01m[K/home/kgh/ws2/src/yzbot_stm32connect/src/robotserial.cpp:[m[K In member function ‘[01m[Kint8_t RobotSerial::robotSerialRead()[m[K’:
[2.851s] [01m[K/home/kgh/ws2/src/yzbot_stm32connect/src/robotserial.cpp:63:1:[m[K [01;35m[Kwarning: [m[Kcontrol reaches end of non-void function [[01;35m[K-Wreturn-type[m[K]
[2.852s]    63 | [01;35m[K}[m[K
[2.852s]       | [01;35m[K^[m[K
[2.856s] [01m[K/home/kgh/ws2/src/yzbot_stm32connect/src/robotserial.cpp:[m[K In member function ‘[01m[Kint RobotSerial::sendHeadCtrl(int)[m[K’:
[2.856s] [01m[K/home/kgh/ws2/src/yzbot_stm32connect/src/robotserial.cpp:856:19:[m[K [01;35m[Kwarning: [m[Kthis statement may fall through [[01;35m[K-Wimplicit-fallthrough=[m[K]
[2.856s]   856 |         [01;35m[KSendBUF[8]=0x08[m[K;
[2.856s]       |         [01;35m[K~~~~~~~~~~^~~~~[m[K
[2.856s] [01m[K/home/kgh/ws2/src/yzbot_stm32connect/src/robotserial.cpp:857:9:[m[K [01;36m[Knote: [m[Khere
[2.856s]   857 |         [01;36m[Kcase[m[K 9:
[2.856s]       |         [01;36m[K^~~~[m[K
[2.866s] [01m[K/home/kgh/ws2/src/yzbot_stm32connect/src/robotserial.cpp:[m[K At global scope:
[2.866s] [01m[K/home/kgh/ws2/src/yzbot_stm32connect/src/robotserial.cpp:579:16:[m[K [01;35m[Kwarning: [m[K‘[01m[Ktmp[m[K’ defined but not used [[01;35m[K-Wunused-variable[m[K]
[2.866s]   579 |     static int [01;35m[Ktmp[m[K = 0;
[2.866s]       |                [01;35m[K^~~[m[K
[2.866s] [01m[K/home/kgh/ws2/src/yzbot_stm32connect/src/robotserial.cpp:316:18:[m[K [01;35m[Kwarning: [m[K‘[01m[Kangle_per[m[K’ defined but not used [[01;35m[K-Wunused-variable[m[K]
[2.866s]   316 |     static float [01;35m[Kangle_per[m[K = 0;
[2.866s]       |                  [01;35m[K^~~~~~~~~[m[K
[2.887s] make[2]: *** [CMakeFiles/stm32_connect.dir/build.make:76：CMakeFiles/stm32_connect.dir/src/robotserial.cpp.o] 错误 1
[2.887s] make[2]: *** 正在等待未完成的任务....
[4.050s] make[2]: *** [CMakeFiles/stm32_connect.dir/build.make:102：CMakeFiles/stm32_connect.dir/src/pms.cpp.o] 错误 1
[4.840s] [01m[K/home/kgh/ws2/src/yzbot_stm32connect/src/plc.cpp:[m[K At global scope:
[4.840s] [01m[K/home/kgh/ws2/src/yzbot_stm32connect/src/plc.cpp:171:18:[m[K [01;35m[Kwarning: [m[K‘[01m[Ktrueth_angle[m[K’ defined but not used [[01;35m[K-Wunused-variable[m[K]
[4.840s]   171 |     static float [01;35m[Ktrueth_angle[m[K = 0;
[4.840s]       |                  [01;35m[K^~~~~~~~~~~~[m[K
[4.876s] make[2]: *** [CMakeFiles/stm32_connect.dir/build.make:89：CMakeFiles/stm32_connect.dir/src/plc.cpp.o] 错误 1
[4.876s] make[1]: *** [CMakeFiles/Makefile2:80：CMakeFiles/stm32_connect.dir/all] 错误 2
[4.876s] make: *** [Makefile:141：all] 错误 2
[4.878s] Invoked command in '/home/kgh/ws2/build/yzbot_stm32connect' returned '2': CMAKE_PREFIX_PATH=/home/kgh/ws2/install/yzbot_msgs:/home/kgh/ws2/install/yzbot_stm32connect:/home/kgh/ws2/install/yzbot_nav2:/home/kgh/ws2/install/yzbot_cartographer:/home/kgh/ws2/install/nav2_system_tests:/home/kgh/ws2/install/nav2_bringup:/home/kgh/ws2/install/navigation2:/home/kgh/ws2/install/smac_planner:/home/kgh/ws2/install/nav2_dwb_controller:/home/kgh/ws2/install/nav2_controller:/home/kgh/ws2/install/dwb_plugins:/home/kgh/ws2/install/dwb_critics:/home/kgh/ws2/install/dwb_core:/home/kgh/ws2/install/nav_2d_utils:/home/kgh/ws2/install/dwb_msgs:/home/kgh/ws2/install/nav_2d_msgs:/home/kgh/ws2/install/nav2_waypoint_follower:/home/kgh/ws2/install/nav2_regulated_pure_pursuit_controller:/home/kgh/ws2/install/nav2_recoveries:/home/kgh/ws2/install/nav2_planner:/home/kgh/ws2/install/nav2_navfn_planner:/home/kgh/ws2/install/nav2_core:/home/kgh/ws2/install/costmap_queue:/home/kgh/ws2/install/nav2_costmap_2d:/home/kgh/ws2/install/nav2_voxel_grid:/home/kgh/ws2/install/nav2_rviz_plugins:/home/kgh/ws2/install/nav2_map_server:/home/kgh/ws2/install/nav2_lifecycle_manager:/home/kgh/ws2/install/nav2_bt_navigator:/home/kgh/ws2/install/nav2_behavior_tree:/home/kgh/ws2/install/nav2_amcl:/home/kgh/ws2/install/nav2_util:/home/kgh/ws2/install/nav2_msgs:/home/kgh/ws2/install/nav2_common:/home/kgh/ws2/install/bluesea2:/home/kgh/ws2/install/yzbot_description:/home/kgh/ws2/install/yzbot_controller:/home/kgh/ws2/install/nav2_gazebo_spawner:/opt/ros/foxy /usr/bin/cmake --build /home/kgh/ws2/build/yzbot_stm32connect -- -j16 -l16
