[0.733s] Invoking command in '/home/kgh/ws2/build/nav_2d_msgs': CMAKE_PREFIX_PATH=${CMAKE_PREFIX_PATH}:/home/kgh/ws2/install/yzbot_description:/home/kgh/ws2/install/yzbot_controller:/home/kgh/ws2/install/nav2_gazebo_spawner:/opt/ros/foxy /usr/bin/cmake /home/kgh/ws2/src/navigation2/nav2_dwb_controller/nav_2d_msgs -DCMAKE_INSTALL_PREFIX=/home/kgh/ws2/install/nav_2d_msgs
[1.028s] -- The C compiler identification is GNU 9.4.0
[1.028s] -- The CXX compiler identification is GNU 9.4.0
[1.028s] -- Check for working C compiler: /usr/bin/cc
[1.028s] -- Check for working C compiler: /usr/bin/cc -- works
[1.028s] -- Detecting C compiler ABI info
[1.028s] -- Detecting C compiler ABI info - done
[1.028s] -- Detecting C compile features
[1.028s] -- Detecting C compile features - done
[1.028s] -- Check for working CXX compiler: /usr/bin/c++
[1.028s] -- Check for working CXX compiler: /usr/bin/c++ -- works
[1.029s] -- Detecting CXX compiler ABI info
[1.081s] -- Detecting CXX compiler ABI info - done
[1.088s] -- Detecting CXX compile features
[1.089s] -- Detecting CXX compile features - done
[1.090s] -- Found geometry_msgs: 2.0.5 (/opt/ros/foxy/share/geometry_msgs/cmake)
[1.111s] -- Found PythonInterp: /usr/bin/python3 (found suitable version "3.8.10", minimum required is "3") 
[1.111s] -- Using PYTHON_EXECUTABLE: /usr/bin/python3
[1.295s] -- Using all available rosidl_typesupport_c: rosidl_typesupport_fastrtps_c;rosidl_typesupport_introspection_c
[1.300s] -- Found rosidl_adapter: 1.3.1 (/opt/ros/foxy/share/rosidl_adapter/cmake)
[1.371s] -- Found OpenSSL: /usr/lib/x86_64-linux-gnu/libcrypto.so (found version "1.1.1f")  
[1.400s] -- Found FastRTPS: /opt/ros/foxy/include  
[1.471s] -- Using all available rosidl_typesupport_cpp: rosidl_typesupport_fastrtps_cpp;rosidl_typesupport_introspection_cpp
[1.544s] -- Found rosidl_default_generators: 1.0.1 (/opt/ros/foxy/share/rosidl_default_generators/cmake)
[1.579s] -- Found PythonInterp: /usr/bin/python3 (found version "3.8.10") 
[1.777s] -- Found ament_cmake_ros: 0.9.2 (/opt/ros/foxy/share/ament_cmake_ros/cmake)
[1.983s] -- Using all available rosidl_typesupport_c: rosidl_typesupport_fastrtps_c;rosidl_typesupport_introspection_c
[2.076s] -- Using all available rosidl_typesupport_cpp: rosidl_typesupport_fastrtps_cpp;rosidl_typesupport_introspection_cpp
[2.107s] -- Found PythonInterp: /usr/bin/python3 (found suitable version "3.8.10", minimum required is "3.5") 
[2.107s] -- Found python_cmake_module: 0.8.1 (/opt/ros/foxy/share/python_cmake_module/cmake)
[2.144s] -- Found PythonLibs: /usr/lib/x86_64-linux-gnu/libpython3.8.so (found suitable version "3.8.10", minimum required is "3.5") 
[2.149s] -- Using PYTHON_EXECUTABLE: /usr/bin/python3
[2.153s] -- Using PYTHON_INCLUDE_DIRS: /usr/include/python3.8
[2.154s] -- Using PYTHON_LIBRARIES: /usr/lib/x86_64-linux-gnu/libpython3.8.so
[2.168s] -- Found PythonExtra: .so  
[2.283s] -- Configuring done
[2.359s] -- Generating done
[2.359s] -- Build files have been written to: /home/kgh/ws2/build/nav_2d_msgs
[2.857s] Invoked command in '/home/kgh/ws2/build/nav_2d_msgs' returned '0': CMAKE_PREFIX_PATH=${CMAKE_PREFIX_PATH}:/home/kgh/ws2/install/yzbot_description:/home/kgh/ws2/install/yzbot_controller:/home/kgh/ws2/install/nav2_gazebo_spawner:/opt/ros/foxy /usr/bin/cmake /home/kgh/ws2/src/navigation2/nav2_dwb_controller/nav_2d_msgs -DCMAKE_INSTALL_PREFIX=/home/kgh/ws2/install/nav_2d_msgs
[2.858s] Invoking command in '/home/kgh/ws2/build/nav_2d_msgs': CMAKE_PREFIX_PATH=${CMAKE_PREFIX_PATH}:/home/kgh/ws2/install/yzbot_description:/home/kgh/ws2/install/yzbot_controller:/home/kgh/ws2/install/nav2_gazebo_spawner:/opt/ros/foxy /usr/bin/cmake --build /home/kgh/ws2/build/nav_2d_msgs -- -j16 -l16
[2.933s] [  1%] [34m[1mGenerating C code for ROS interfaces[0m
[2.934s] [35m[1mScanning dependencies of target nav_2d_msgs__cpp[0m
[2.957s] [  2%] [34m[1mGenerating C++ code for ROS interfaces[0m
[3.344s] [  2%] Built target nav_2d_msgs__cpp
[3.354s] [  4%] [34m[1mGenerating C++ type support dispatch for ROS interfaces[0m
[3.356s] [  5%] [34m[1mGenerating C++ type support for eProsima Fast-RTPS[0m
[3.356s] [  7%] [34m[1mGenerating C++ introspection for ROS interfaces[0m
[3.466s] [35m[1mScanning dependencies of target nav_2d_msgs__rosidl_generator_c[0m
[3.483s] [  9%] [32mBuilding C object CMakeFiles/nav_2d_msgs__rosidl_generator_c.dir/rosidl_generator_c/nav_2d_msgs/msg/detail/twist2_d_stamped__functions.c.o[0m
[3.483s] [  9%] [32mBuilding C object CMakeFiles/nav_2d_msgs__rosidl_generator_c.dir/rosidl_generator_c/nav_2d_msgs/msg/detail/pose2_d_stamped__functions.c.o[0m
[3.483s] [ 12%] [32mBuilding C object CMakeFiles/nav_2d_msgs__rosidl_generator_c.dir/rosidl_generator_c/nav_2d_msgs/msg/detail/twist2_d__functions.c.o[0m
[3.483s] [ 12%] [32mBuilding C object CMakeFiles/nav_2d_msgs__rosidl_generator_c.dir/rosidl_generator_c/nav_2d_msgs/msg/detail/path2_d__functions.c.o[0m
[3.483s] [ 14%] [32mBuilding C object CMakeFiles/nav_2d_msgs__rosidl_generator_c.dir/rosidl_generator_c/nav_2d_msgs/msg/detail/pose2_d32__functions.c.o[0m
[3.483s] [ 15%] [32mBuilding C object CMakeFiles/nav_2d_msgs__rosidl_generator_c.dir/rosidl_generator_c/nav_2d_msgs/msg/detail/twist2_d32__functions.c.o[0m
[3.546s] [ 16%] [32m[1mLinking C shared library libnav_2d_msgs__rosidl_generator_c.so[0m
[3.588s] [ 16%] Built target nav_2d_msgs__rosidl_generator_c
[3.599s] [ 18%] [34m[1mGenerating C introspection for ROS interfaces[0m
[3.602s] [ 19%] [34m[1mGenerating C type support dispatch for ROS interfaces[0m
[3.649s] [35m[1mScanning dependencies of target nav_2d_msgs__rosidl_typesupport_cpp[0m
[3.667s] [ 28%] [32mBuilding CXX object CMakeFiles/nav_2d_msgs__rosidl_typesupport_cpp.dir/rosidl_typesupport_cpp/nav_2d_msgs/msg/pose2_d_stamped__type_support.cpp.o[0m
[3.667s] [ 28%] [32mBuilding CXX object CMakeFiles/nav_2d_msgs__rosidl_typesupport_cpp.dir/rosidl_typesupport_cpp/nav_2d_msgs/msg/twist2_d_stamped__type_support.cpp.o[0m
[3.667s] [ 28%] [32mBuilding CXX object CMakeFiles/nav_2d_msgs__rosidl_typesupport_cpp.dir/rosidl_typesupport_cpp/nav_2d_msgs/msg/path2_d__type_support.cpp.o[0m
[3.667s] [ 28%] [32mBuilding CXX object CMakeFiles/nav_2d_msgs__rosidl_typesupport_cpp.dir/rosidl_typesupport_cpp/nav_2d_msgs/msg/twist2_d32__type_support.cpp.o[0m
[3.667s] [ 28%] [32mBuilding CXX object CMakeFiles/nav_2d_msgs__rosidl_typesupport_cpp.dir/rosidl_typesupport_cpp/nav_2d_msgs/msg/pose2_d32__type_support.cpp.o[0m
[3.667s] [ 28%] [32mBuilding CXX object CMakeFiles/nav_2d_msgs__rosidl_typesupport_cpp.dir/rosidl_typesupport_cpp/nav_2d_msgs/msg/twist2_d__type_support.cpp.o[0m
[3.849s] [35m[1mScanning dependencies of target nav_2d_msgs__rosidl_typesupport_fastrtps_cpp[0m
[3.887s] [ 29%] [32mBuilding CXX object CMakeFiles/nav_2d_msgs__rosidl_typesupport_fastrtps_cpp.dir/rosidl_typesupport_fastrtps_cpp/nav_2d_msgs/msg/detail/dds_fastrtps/path2_d__type_support.cpp.o[0m
[3.892s] [ 30%] [32mBuilding CXX object CMakeFiles/nav_2d_msgs__rosidl_typesupport_fastrtps_cpp.dir/rosidl_typesupport_fastrtps_cpp/nav_2d_msgs/msg/detail/dds_fastrtps/pose2_d_stamped__type_support.cpp.o[0m
[3.912s] [ 33%] [32mBuilding CXX object CMakeFiles/nav_2d_msgs__rosidl_typesupport_fastrtps_cpp.dir/rosidl_typesupport_fastrtps_cpp/nav_2d_msgs/msg/detail/dds_fastrtps/twist2_d__type_support.cpp.o[0m
[3.913s] [ 33%] [32mBuilding CXX object CMakeFiles/nav_2d_msgs__rosidl_typesupport_fastrtps_cpp.dir/rosidl_typesupport_fastrtps_cpp/nav_2d_msgs/msg/detail/dds_fastrtps/pose2_d32__type_support.cpp.o[0m
[3.924s] [ 35%] [32mBuilding CXX object CMakeFiles/nav_2d_msgs__rosidl_typesupport_fastrtps_cpp.dir/rosidl_typesupport_fastrtps_cpp/nav_2d_msgs/msg/detail/dds_fastrtps/twist2_d32__type_support.cpp.o[0m
[3.943s] [ 36%] [32mBuilding CXX object CMakeFiles/nav_2d_msgs__rosidl_typesupport_fastrtps_cpp.dir/rosidl_typesupport_fastrtps_cpp/nav_2d_msgs/msg/detail/dds_fastrtps/twist2_d_stamped__type_support.cpp.o[0m
[3.948s] [35m[1mScanning dependencies of target nav_2d_msgs__rosidl_typesupport_introspection_cpp[0m
[4.038s] [ 38%] [32mBuilding CXX object CMakeFiles/nav_2d_msgs__rosidl_typesupport_introspection_cpp.dir/rosidl_typesupport_introspection_cpp/nav_2d_msgs/msg/detail/path2_d__type_support.cpp.o[0m
[4.059s] [ 39%] [32mBuilding CXX object CMakeFiles/nav_2d_msgs__rosidl_typesupport_introspection_cpp.dir/rosidl_typesupport_introspection_cpp/nav_2d_msgs/msg/detail/pose2_d32__type_support.cpp.o[0m
[4.101s] [ 40%] [32mBuilding CXX object CMakeFiles/nav_2d_msgs__rosidl_typesupport_introspection_cpp.dir/rosidl_typesupport_introspection_cpp/nav_2d_msgs/msg/detail/twist2_d32__type_support.cpp.o[0m
[4.111s] [ 42%] [32mBuilding CXX object CMakeFiles/nav_2d_msgs__rosidl_typesupport_introspection_cpp.dir/rosidl_typesupport_introspection_cpp/nav_2d_msgs/msg/detail/twist2_d__type_support.cpp.o[0m
[4.112s] [ 43%] [32mBuilding CXX object CMakeFiles/nav_2d_msgs__rosidl_typesupport_introspection_cpp.dir/rosidl_typesupport_introspection_cpp/nav_2d_msgs/msg/detail/pose2_d_stamped__type_support.cpp.o[0m
[4.112s] [ 45%] [32mBuilding CXX object CMakeFiles/nav_2d_msgs__rosidl_typesupport_introspection_cpp.dir/rosidl_typesupport_introspection_cpp/nav_2d_msgs/msg/detail/twist2_d_stamped__type_support.cpp.o[0m
[4.122s] [35m[1mScanning dependencies of target nav_2d_msgs__rosidl_typesupport_c[0m
[4.174s] [ 46%] [32m[1mLinking CXX shared library libnav_2d_msgs__rosidl_typesupport_cpp.so[0m
[4.177s] [ 47%] [32mBuilding CXX object CMakeFiles/nav_2d_msgs__rosidl_typesupport_c.dir/rosidl_typesupport_c/nav_2d_msgs/msg/path2_d__type_support.cpp.o[0m
[4.258s] [ 49%] [32mBuilding CXX object CMakeFiles/nav_2d_msgs__rosidl_typesupport_c.dir/rosidl_typesupport_c/nav_2d_msgs/msg/pose2_d32__type_support.cpp.o[0m
[4.294s] [ 50%] [32mBuilding CXX object CMakeFiles/nav_2d_msgs__rosidl_typesupport_c.dir/rosidl_typesupport_c/nav_2d_msgs/msg/pose2_d_stamped__type_support.cpp.o[0m
[4.319s] [ 52%] [32mBuilding CXX object CMakeFiles/nav_2d_msgs__rosidl_typesupport_c.dir/rosidl_typesupport_c/nav_2d_msgs/msg/twist2_d__type_support.cpp.o[0m
[4.345s] [ 52%] Built target nav_2d_msgs__rosidl_typesupport_cpp
[4.396s] [ 53%] [32mBuilding CXX object CMakeFiles/nav_2d_msgs__rosidl_typesupport_c.dir/rosidl_typesupport_c/nav_2d_msgs/msg/twist2_d32__type_support.cpp.o[0m
[4.396s] [ 54%] [32mBuilding CXX object CMakeFiles/nav_2d_msgs__rosidl_typesupport_c.dir/rosidl_typesupport_c/nav_2d_msgs/msg/twist2_d_stamped__type_support.cpp.o[0m
[4.468s] [35m[1mScanning dependencies of target nav_2d_msgs__rosidl_typesupport_introspection_c[0m
[4.540s] [ 56%] [32m[1mLinking CXX shared library libnav_2d_msgs__rosidl_typesupport_c.so[0m
[4.551s] [ 57%] [32mBuilding C object CMakeFiles/nav_2d_msgs__rosidl_typesupport_introspection_c.dir/rosidl_typesupport_introspection_c/nav_2d_msgs/msg/detail/path2_d__type_support.c.o[0m
[4.570s] [ 59%] [32mBuilding C object CMakeFiles/nav_2d_msgs__rosidl_typesupport_introspection_c.dir/rosidl_typesupport_introspection_c/nav_2d_msgs/msg/detail/twist2_d__type_support.c.o[0m
[4.574s] [ 60%] [32mBuilding C object CMakeFiles/nav_2d_msgs__rosidl_typesupport_introspection_c.dir/rosidl_typesupport_introspection_c/nav_2d_msgs/msg/detail/pose2_d32__type_support.c.o[0m
[4.585s] [ 61%] [32mBuilding C object CMakeFiles/nav_2d_msgs__rosidl_typesupport_introspection_c.dir/rosidl_typesupport_introspection_c/nav_2d_msgs/msg/detail/pose2_d_stamped__type_support.c.o[0m
[4.595s] [ 63%] [32mBuilding C object CMakeFiles/nav_2d_msgs__rosidl_typesupport_introspection_c.dir/rosidl_typesupport_introspection_c/nav_2d_msgs/msg/detail/twist2_d32__type_support.c.o[0m
[4.635s] [ 64%] [32mBuilding C object CMakeFiles/nav_2d_msgs__rosidl_typesupport_introspection_c.dir/rosidl_typesupport_introspection_c/nav_2d_msgs/msg/detail/twist2_d_stamped__type_support.c.o[0m
[4.648s] [ 64%] Built target nav_2d_msgs__rosidl_typesupport_c
[4.652s] [ 66%] [32m[1mLinking CXX shared library libnav_2d_msgs__rosidl_typesupport_introspection_cpp.so[0m
[4.677s] [ 67%] [32m[1mLinking C shared library libnav_2d_msgs__rosidl_typesupport_introspection_c.so[0m
[4.682s] [ 69%] [32m[1mLinking CXX shared library libnav_2d_msgs__rosidl_typesupport_fastrtps_cpp.so[0m
[4.726s] [ 69%] Built target nav_2d_msgs__rosidl_typesupport_introspection_c
[4.740s] [ 69%] Built target nav_2d_msgs__rosidl_typesupport_introspection_cpp
[4.778s] [ 69%] Built target nav_2d_msgs__rosidl_typesupport_fastrtps_cpp
[4.789s] [ 70%] [34m[1mGenerating C type support for eProsima Fast-RTPS[0m
[5.136s] [35m[1mScanning dependencies of target nav_2d_msgs__rosidl_typesupport_fastrtps_c[0m
[5.158s] [ 74%] [32mBuilding CXX object CMakeFiles/nav_2d_msgs__rosidl_typesupport_fastrtps_c.dir/rosidl_typesupport_fastrtps_c/nav_2d_msgs/msg/detail/path2_d__type_support_c.cpp.o[0m
[5.158s] [ 74%] [32mBuilding CXX object CMakeFiles/nav_2d_msgs__rosidl_typesupport_fastrtps_c.dir/rosidl_typesupport_fastrtps_c/nav_2d_msgs/msg/detail/twist2_d__type_support_c.cpp.o[0m
[5.158s] [ 74%] [32mBuilding CXX object CMakeFiles/nav_2d_msgs__rosidl_typesupport_fastrtps_c.dir/rosidl_typesupport_fastrtps_c/nav_2d_msgs/msg/detail/pose2_d32__type_support_c.cpp.o[0m
[5.158s] [ 76%] [32mBuilding CXX object CMakeFiles/nav_2d_msgs__rosidl_typesupport_fastrtps_c.dir/rosidl_typesupport_fastrtps_c/nav_2d_msgs/msg/detail/twist2_d32__type_support_c.cpp.o[0m
[5.158s] [ 77%] [32mBuilding CXX object CMakeFiles/nav_2d_msgs__rosidl_typesupport_fastrtps_c.dir/rosidl_typesupport_fastrtps_c/nav_2d_msgs/msg/detail/pose2_d_stamped__type_support_c.cpp.o[0m
[5.162s] [ 78%] [32mBuilding CXX object CMakeFiles/nav_2d_msgs__rosidl_typesupport_fastrtps_c.dir/rosidl_typesupport_fastrtps_c/nav_2d_msgs/msg/detail/twist2_d_stamped__type_support_c.cpp.o[0m
[5.670s] [ 80%] [32m[1mLinking CXX shared library libnav_2d_msgs__rosidl_typesupport_fastrtps_c.so[0m
[5.760s] [ 80%] Built target nav_2d_msgs__rosidl_typesupport_fastrtps_c
[5.770s] [35m[1mScanning dependencies of target nav_2d_msgs[0m
[5.782s] [ 80%] Built target nav_2d_msgs
[5.792s] [35m[1mScanning dependencies of target nav_2d_msgs__py[0m
[5.806s] [ 81%] [34m[1mGenerating Python code for ROS interfaces[0m
[6.494s] [ 81%] Built target nav_2d_msgs__py
[6.503s] [35m[1mScanning dependencies of target nav_2d_msgs__python[0m
[6.528s] [ 84%] [32mBuilding C object CMakeFiles/nav_2d_msgs__python.dir/rosidl_generator_py/nav_2d_msgs/msg/_pose2_d32_s.c.o[0m
[6.529s] [ 84%] [32mBuilding C object CMakeFiles/nav_2d_msgs__python.dir/rosidl_generator_py/nav_2d_msgs/msg/_twist2_d_s.c.o[0m
[6.530s] [ 87%] [32mBuilding C object CMakeFiles/nav_2d_msgs__python.dir/rosidl_generator_py/nav_2d_msgs/msg/_pose2_d_stamped_s.c.o[0m
[6.530s] [ 87%] [32mBuilding C object CMakeFiles/nav_2d_msgs__python.dir/rosidl_generator_py/nav_2d_msgs/msg/_path2_d_s.c.o[0m
[6.530s] [ 88%] [32mBuilding C object CMakeFiles/nav_2d_msgs__python.dir/rosidl_generator_py/nav_2d_msgs/msg/_twist2_d_stamped_s.c.o[0m
[6.531s] [ 90%] [32mBuilding C object CMakeFiles/nav_2d_msgs__python.dir/rosidl_generator_py/nav_2d_msgs/msg/_twist2_d32_s.c.o[0m
[6.664s] [ 91%] [32m[1mLinking C shared library rosidl_generator_py/nav_2d_msgs/libnav_2d_msgs__python.so[0m
[6.709s] [ 91%] Built target nav_2d_msgs__python
[6.720s] [35m[1mScanning dependencies of target nav_2d_msgs__rosidl_typesupport_fastrtps_c__pyext[0m
[6.720s] [35m[1mScanning dependencies of target nav_2d_msgs__rosidl_typesupport_c__pyext[0m
[6.723s] [35m[1mScanning dependencies of target nav_2d_msgs__rosidl_typesupport_introspection_c__pyext[0m
[6.742s] [ 94%] [32mBuilding C object CMakeFiles/nav_2d_msgs__rosidl_typesupport_c__pyext.dir/rosidl_generator_py/nav_2d_msgs/_nav_2d_msgs_s.ep.rosidl_typesupport_c.c.o[0m
[6.742s] [ 94%] [32mBuilding C object CMakeFiles/nav_2d_msgs__rosidl_typesupport_fastrtps_c__pyext.dir/rosidl_generator_py/nav_2d_msgs/_nav_2d_msgs_s.ep.rosidl_typesupport_fastrtps_c.c.o[0m
[6.747s] [ 95%] [32mBuilding C object CMakeFiles/nav_2d_msgs__rosidl_typesupport_introspection_c__pyext.dir/rosidl_generator_py/nav_2d_msgs/_nav_2d_msgs_s.ep.rosidl_typesupport_introspection_c.c.o[0m
[6.826s] [ 97%] [32m[1mLinking C shared library rosidl_generator_py/nav_2d_msgs/nav_2d_msgs_s__rosidl_typesupport_c.cpython-38-x86_64-linux-gnu.so[0m
[6.829s] [ 98%] [32m[1mLinking CXX shared library rosidl_generator_py/nav_2d_msgs/nav_2d_msgs_s__rosidl_typesupport_fastrtps_c.cpython-38-x86_64-linux-gnu.so[0m
[6.864s] [ 98%] Built target nav_2d_msgs__rosidl_typesupport_c__pyext
[6.869s] [100%] [32m[1mLinking C shared library rosidl_generator_py/nav_2d_msgs/nav_2d_msgs_s__rosidl_typesupport_introspection_c.cpython-38-x86_64-linux-gnu.so[0m
[6.894s] [100%] Built target nav_2d_msgs__rosidl_typesupport_fastrtps_c__pyext
[6.906s] [100%] Built target nav_2d_msgs__rosidl_typesupport_introspection_c__pyext
[6.919s] Invoked command in '/home/kgh/ws2/build/nav_2d_msgs' returned '0': CMAKE_PREFIX_PATH=${CMAKE_PREFIX_PATH}:/home/kgh/ws2/install/yzbot_description:/home/kgh/ws2/install/yzbot_controller:/home/kgh/ws2/install/nav2_gazebo_spawner:/opt/ros/foxy /usr/bin/cmake --build /home/kgh/ws2/build/nav_2d_msgs -- -j16 -l16
[7.053s] Invoking command in '/home/kgh/ws2/build/nav_2d_msgs': CMAKE_PREFIX_PATH=${CMAKE_PREFIX_PATH}:/home/kgh/ws2/install/yzbot_description:/home/kgh/ws2/install/yzbot_controller:/home/kgh/ws2/install/nav2_gazebo_spawner:/opt/ros/foxy /usr/bin/cmake --install /home/kgh/ws2/build/nav_2d_msgs
[7.064s] -- Install configuration: ""
[7.064s] -- Installing: /home/kgh/ws2/install/nav_2d_msgs/share/ament_index/resource_index/rosidl_interfaces/nav_2d_msgs
[7.064s] -- Installing: /home/kgh/ws2/install/nav_2d_msgs/include/nav_2d_msgs
[7.064s] -- Installing: /home/kgh/ws2/install/nav_2d_msgs/include/nav_2d_msgs/msg
[7.064s] -- Installing: /home/kgh/ws2/install/nav_2d_msgs/include/nav_2d_msgs/msg/pose2_d32.h
[7.065s] -- Installing: /home/kgh/ws2/install/nav_2d_msgs/include/nav_2d_msgs/msg/rosidl_generator_c__visibility_control.h
[7.065s] -- Installing: /home/kgh/ws2/install/nav_2d_msgs/include/nav_2d_msgs/msg/pose2_d_stamped.h
[7.065s] -- Installing: /home/kgh/ws2/install/nav_2d_msgs/include/nav_2d_msgs/msg/twist2_d32.h
[7.065s] -- Installing: /home/kgh/ws2/install/nav_2d_msgs/include/nav_2d_msgs/msg/twist2_d.h
[7.065s] -- Installing: /home/kgh/ws2/install/nav_2d_msgs/include/nav_2d_msgs/msg/detail
[7.065s] -- Installing: /home/kgh/ws2/install/nav_2d_msgs/include/nav_2d_msgs/msg/detail/twist2_d__functions.h
[7.065s] -- Installing: /home/kgh/ws2/install/nav_2d_msgs/include/nav_2d_msgs/msg/detail/twist2_d__functions.c
[7.065s] -- Installing: /home/kgh/ws2/install/nav_2d_msgs/include/nav_2d_msgs/msg/detail/pose2_d_stamped__functions.c
[7.065s] -- Installing: /home/kgh/ws2/install/nav_2d_msgs/include/nav_2d_msgs/msg/detail/path2_d__struct.h
[7.066s] -- Installing: /home/kgh/ws2/install/nav_2d_msgs/include/nav_2d_msgs/msg/detail/twist2_d32__type_support.h
[7.066s] -- Installing: /home/kgh/ws2/install/nav_2d_msgs/include/nav_2d_msgs/msg/detail/twist2_d_stamped__type_support.h
[7.066s] -- Installing: /home/kgh/ws2/install/nav_2d_msgs/include/nav_2d_msgs/msg/detail/path2_d__type_support.h
[7.066s] -- Installing: /home/kgh/ws2/install/nav_2d_msgs/include/nav_2d_msgs/msg/detail/twist2_d_stamped__functions.h
[7.066s] -- Installing: /home/kgh/ws2/install/nav_2d_msgs/include/nav_2d_msgs/msg/detail/twist2_d32__struct.h
[7.066s] -- Installing: /home/kgh/ws2/install/nav_2d_msgs/include/nav_2d_msgs/msg/detail/twist2_d32__functions.h
[7.066s] -- Installing: /home/kgh/ws2/install/nav_2d_msgs/include/nav_2d_msgs/msg/detail/pose2_d32__functions.c
[7.066s] -- Installing: /home/kgh/ws2/install/nav_2d_msgs/include/nav_2d_msgs/msg/detail/pose2_d32__functions.h
[7.066s] -- Installing: /home/kgh/ws2/install/nav_2d_msgs/include/nav_2d_msgs/msg/detail/twist2_d_stamped__struct.h
[7.066s] -- Installing: /home/kgh/ws2/install/nav_2d_msgs/include/nav_2d_msgs/msg/detail/path2_d__functions.h
[7.066s] -- Installing: /home/kgh/ws2/install/nav_2d_msgs/include/nav_2d_msgs/msg/detail/twist2_d__type_support.h
[7.067s] -- Installing: /home/kgh/ws2/install/nav_2d_msgs/include/nav_2d_msgs/msg/detail/pose2_d_stamped__struct.h
[7.067s] -- Installing: /home/kgh/ws2/install/nav_2d_msgs/include/nav_2d_msgs/msg/detail/twist2_d_stamped__functions.c
[7.067s] -- Installing: /home/kgh/ws2/install/nav_2d_msgs/include/nav_2d_msgs/msg/detail/pose2_d32__type_support.h
[7.067s] -- Installing: /home/kgh/ws2/install/nav_2d_msgs/include/nav_2d_msgs/msg/detail/pose2_d_stamped__type_support.h
[7.067s] -- Installing: /home/kgh/ws2/install/nav_2d_msgs/include/nav_2d_msgs/msg/detail/path2_d__functions.c
[7.067s] -- Installing: /home/kgh/ws2/install/nav_2d_msgs/include/nav_2d_msgs/msg/detail/twist2_d__struct.h
[7.067s] -- Installing: /home/kgh/ws2/install/nav_2d_msgs/include/nav_2d_msgs/msg/detail/pose2_d32__struct.h
[7.067s] -- Installing: /home/kgh/ws2/install/nav_2d_msgs/include/nav_2d_msgs/msg/detail/pose2_d_stamped__functions.h
[7.067s] -- Installing: /home/kgh/ws2/install/nav_2d_msgs/include/nav_2d_msgs/msg/detail/twist2_d32__functions.c
[7.067s] -- Installing: /home/kgh/ws2/install/nav_2d_msgs/include/nav_2d_msgs/msg/path2_d.h
[7.067s] -- Installing: /home/kgh/ws2/install/nav_2d_msgs/include/nav_2d_msgs/msg/twist2_d_stamped.h
[7.067s] -- Installing: /home/kgh/ws2/install/nav_2d_msgs/share/nav_2d_msgs/environment/library_path.sh
[7.068s] -- Installing: /home/kgh/ws2/install/nav_2d_msgs/share/nav_2d_msgs/environment/library_path.dsv
[7.068s] -- Installing: /home/kgh/ws2/install/nav_2d_msgs/lib/libnav_2d_msgs__rosidl_generator_c.so
[7.068s] -- Set runtime path of "/home/kgh/ws2/install/nav_2d_msgs/lib/libnav_2d_msgs__rosidl_generator_c.so" to ""
[7.068s] -- Up-to-date: /home/kgh/ws2/install/nav_2d_msgs/include/nav_2d_msgs
[7.068s] -- Up-to-date: /home/kgh/ws2/install/nav_2d_msgs/include/nav_2d_msgs/msg
[7.068s] -- Installing: /home/kgh/ws2/install/nav_2d_msgs/include/nav_2d_msgs/msg/rosidl_typesupport_fastrtps_c__visibility_control.h
[7.068s] -- Up-to-date: /home/kgh/ws2/install/nav_2d_msgs/include/nav_2d_msgs/msg/detail
[7.068s] -- Installing: /home/kgh/ws2/install/nav_2d_msgs/include/nav_2d_msgs/msg/detail/twist2_d32__rosidl_typesupport_fastrtps_c.h
[7.068s] -- Installing: /home/kgh/ws2/install/nav_2d_msgs/include/nav_2d_msgs/msg/detail/twist2_d_stamped__rosidl_typesupport_fastrtps_c.h
[7.068s] -- Installing: /home/kgh/ws2/install/nav_2d_msgs/include/nav_2d_msgs/msg/detail/twist2_d__rosidl_typesupport_fastrtps_c.h
[7.068s] -- Installing: /home/kgh/ws2/install/nav_2d_msgs/include/nav_2d_msgs/msg/detail/pose2_d32__rosidl_typesupport_fastrtps_c.h
[7.068s] -- Installing: /home/kgh/ws2/install/nav_2d_msgs/include/nav_2d_msgs/msg/detail/pose2_d_stamped__rosidl_typesupport_fastrtps_c.h
[7.069s] -- Installing: /home/kgh/ws2/install/nav_2d_msgs/include/nav_2d_msgs/msg/detail/path2_d__rosidl_typesupport_fastrtps_c.h
[7.069s] -- Installing: /home/kgh/ws2/install/nav_2d_msgs/lib/libnav_2d_msgs__rosidl_typesupport_fastrtps_c.so
[7.069s] -- Set runtime path of "/home/kgh/ws2/install/nav_2d_msgs/lib/libnav_2d_msgs__rosidl_typesupport_fastrtps_c.so" to ""
[7.069s] -- Up-to-date: /home/kgh/ws2/install/nav_2d_msgs/include/nav_2d_msgs
[7.069s] -- Up-to-date: /home/kgh/ws2/install/nav_2d_msgs/include/nav_2d_msgs/msg
[7.069s] -- Installing: /home/kgh/ws2/install/nav_2d_msgs/include/nav_2d_msgs/msg/rosidl_typesupport_fastrtps_cpp__visibility_control.h
[7.069s] -- Up-to-date: /home/kgh/ws2/install/nav_2d_msgs/include/nav_2d_msgs/msg/detail
[7.069s] -- Installing: /home/kgh/ws2/install/nav_2d_msgs/include/nav_2d_msgs/msg/detail/pose2_d_stamped__rosidl_typesupport_fastrtps_cpp.hpp
[7.069s] -- Installing: /home/kgh/ws2/install/nav_2d_msgs/include/nav_2d_msgs/msg/detail/twist2_d__rosidl_typesupport_fastrtps_cpp.hpp
[7.069s] -- Installing: /home/kgh/ws2/install/nav_2d_msgs/include/nav_2d_msgs/msg/detail/pose2_d32__rosidl_typesupport_fastrtps_cpp.hpp
[7.069s] -- Installing: /home/kgh/ws2/install/nav_2d_msgs/include/nav_2d_msgs/msg/detail/dds_fastrtps
[7.069s] -- Installing: /home/kgh/ws2/install/nav_2d_msgs/include/nav_2d_msgs/msg/detail/twist2_d_stamped__rosidl_typesupport_fastrtps_cpp.hpp
[7.070s] -- Installing: /home/kgh/ws2/install/nav_2d_msgs/include/nav_2d_msgs/msg/detail/twist2_d32__rosidl_typesupport_fastrtps_cpp.hpp
[7.070s] -- Installing: /home/kgh/ws2/install/nav_2d_msgs/include/nav_2d_msgs/msg/detail/path2_d__rosidl_typesupport_fastrtps_cpp.hpp
[7.070s] -- Installing: /home/kgh/ws2/install/nav_2d_msgs/lib/libnav_2d_msgs__rosidl_typesupport_fastrtps_cpp.so
[7.070s] -- Set runtime path of "/home/kgh/ws2/install/nav_2d_msgs/lib/libnav_2d_msgs__rosidl_typesupport_fastrtps_cpp.so" to ""
[7.070s] -- Up-to-date: /home/kgh/ws2/install/nav_2d_msgs/include/nav_2d_msgs
[7.070s] -- Up-to-date: /home/kgh/ws2/install/nav_2d_msgs/include/nav_2d_msgs/msg
[7.070s] -- Installing: /home/kgh/ws2/install/nav_2d_msgs/include/nav_2d_msgs/msg/rosidl_typesupport_introspection_c__visibility_control.h
[7.070s] -- Up-to-date: /home/kgh/ws2/install/nav_2d_msgs/include/nav_2d_msgs/msg/detail
[7.070s] -- Installing: /home/kgh/ws2/install/nav_2d_msgs/include/nav_2d_msgs/msg/detail/path2_d__rosidl_typesupport_introspection_c.h
[7.070s] -- Installing: /home/kgh/ws2/install/nav_2d_msgs/include/nav_2d_msgs/msg/detail/path2_d__type_support.c
[7.070s] -- Installing: /home/kgh/ws2/install/nav_2d_msgs/include/nav_2d_msgs/msg/detail/pose2_d32__type_support.c
[7.071s] -- Installing: /home/kgh/ws2/install/nav_2d_msgs/include/nav_2d_msgs/msg/detail/twist2_d__type_support.c
[7.071s] -- Installing: /home/kgh/ws2/install/nav_2d_msgs/include/nav_2d_msgs/msg/detail/pose2_d_stamped__type_support.c
[7.071s] -- Installing: /home/kgh/ws2/install/nav_2d_msgs/include/nav_2d_msgs/msg/detail/pose2_d_stamped__rosidl_typesupport_introspection_c.h
[7.071s] -- Installing: /home/kgh/ws2/install/nav_2d_msgs/include/nav_2d_msgs/msg/detail/twist2_d_stamped__type_support.c
[7.071s] -- Installing: /home/kgh/ws2/install/nav_2d_msgs/include/nav_2d_msgs/msg/detail/twist2_d_stamped__rosidl_typesupport_introspection_c.h
[7.071s] -- Installing: /home/kgh/ws2/install/nav_2d_msgs/include/nav_2d_msgs/msg/detail/twist2_d32__rosidl_typesupport_introspection_c.h
[7.071s] -- Installing: /home/kgh/ws2/install/nav_2d_msgs/include/nav_2d_msgs/msg/detail/pose2_d32__rosidl_typesupport_introspection_c.h
[7.071s] -- Installing: /home/kgh/ws2/install/nav_2d_msgs/include/nav_2d_msgs/msg/detail/twist2_d__rosidl_typesupport_introspection_c.h
[7.071s] -- Installing: /home/kgh/ws2/install/nav_2d_msgs/include/nav_2d_msgs/msg/detail/twist2_d32__type_support.c
[7.071s] -- Installing: /home/kgh/ws2/install/nav_2d_msgs/lib/libnav_2d_msgs__rosidl_typesupport_introspection_c.so
[7.071s] -- Set runtime path of "/home/kgh/ws2/install/nav_2d_msgs/lib/libnav_2d_msgs__rosidl_typesupport_introspection_c.so" to ""
[7.071s] -- Installing: /home/kgh/ws2/install/nav_2d_msgs/lib/libnav_2d_msgs__rosidl_typesupport_c.so
[7.071s] -- Set runtime path of "/home/kgh/ws2/install/nav_2d_msgs/lib/libnav_2d_msgs__rosidl_typesupport_c.so" to ""
[7.072s] -- Up-to-date: /home/kgh/ws2/install/nav_2d_msgs/include/nav_2d_msgs
[7.072s] -- Up-to-date: /home/kgh/ws2/install/nav_2d_msgs/include/nav_2d_msgs/msg
[7.072s] -- Installing: /home/kgh/ws2/install/nav_2d_msgs/include/nav_2d_msgs/msg/twist2_d_stamped.hpp
[7.072s] -- Installing: /home/kgh/ws2/install/nav_2d_msgs/include/nav_2d_msgs/msg/twist2_d.hpp
[7.072s] -- Installing: /home/kgh/ws2/install/nav_2d_msgs/include/nav_2d_msgs/msg/rosidl_generator_cpp__visibility_control.hpp
[7.072s] -- Up-to-date: /home/kgh/ws2/install/nav_2d_msgs/include/nav_2d_msgs/msg/detail
[7.072s] -- Installing: /home/kgh/ws2/install/nav_2d_msgs/include/nav_2d_msgs/msg/detail/pose2_d32__builder.hpp
[7.073s] -- Installing: /home/kgh/ws2/install/nav_2d_msgs/include/nav_2d_msgs/msg/detail/twist2_d_stamped__type_support.hpp
[7.073s] -- Installing: /home/kgh/ws2/install/nav_2d_msgs/include/nav_2d_msgs/msg/detail/twist2_d__struct.hpp
[7.073s] -- Installing: /home/kgh/ws2/install/nav_2d_msgs/include/nav_2d_msgs/msg/detail/twist2_d__builder.hpp
[7.073s] -- Installing: /home/kgh/ws2/install/nav_2d_msgs/include/nav_2d_msgs/msg/detail/pose2_d_stamped__traits.hpp
[7.073s] -- Installing: /home/kgh/ws2/install/nav_2d_msgs/include/nav_2d_msgs/msg/detail/path2_d__builder.hpp
[7.073s] -- Installing: /home/kgh/ws2/install/nav_2d_msgs/include/nav_2d_msgs/msg/detail/pose2_d32__type_support.hpp
[7.073s] -- Installing: /home/kgh/ws2/install/nav_2d_msgs/include/nav_2d_msgs/msg/detail/twist2_d_stamped__struct.hpp
[7.073s] -- Installing: /home/kgh/ws2/install/nav_2d_msgs/include/nav_2d_msgs/msg/detail/twist2_d32__struct.hpp
[7.073s] -- Installing: /home/kgh/ws2/install/nav_2d_msgs/include/nav_2d_msgs/msg/detail/pose2_d_stamped__type_support.hpp
[7.073s] -- Installing: /home/kgh/ws2/install/nav_2d_msgs/include/nav_2d_msgs/msg/detail/twist2_d__type_support.hpp
[7.073s] -- Installing: /home/kgh/ws2/install/nav_2d_msgs/include/nav_2d_msgs/msg/detail/twist2_d__traits.hpp
[7.073s] -- Installing: /home/kgh/ws2/install/nav_2d_msgs/include/nav_2d_msgs/msg/detail/twist2_d32__traits.hpp
[7.074s] -- Installing: /home/kgh/ws2/install/nav_2d_msgs/include/nav_2d_msgs/msg/detail/twist2_d_stamped__traits.hpp
[7.074s] -- Installing: /home/kgh/ws2/install/nav_2d_msgs/include/nav_2d_msgs/msg/detail/pose2_d32__struct.hpp
[7.074s] -- Installing: /home/kgh/ws2/install/nav_2d_msgs/include/nav_2d_msgs/msg/detail/pose2_d_stamped__builder.hpp
[7.074s] -- Installing: /home/kgh/ws2/install/nav_2d_msgs/include/nav_2d_msgs/msg/detail/path2_d__traits.hpp
[7.074s] -- Installing: /home/kgh/ws2/install/nav_2d_msgs/include/nav_2d_msgs/msg/detail/twist2_d32__type_support.hpp
[7.074s] -- Installing: /home/kgh/ws2/install/nav_2d_msgs/include/nav_2d_msgs/msg/detail/twist2_d_stamped__builder.hpp
[7.074s] -- Installing: /home/kgh/ws2/install/nav_2d_msgs/include/nav_2d_msgs/msg/detail/twist2_d32__builder.hpp
[7.074s] -- Installing: /home/kgh/ws2/install/nav_2d_msgs/include/nav_2d_msgs/msg/detail/pose2_d32__traits.hpp
[7.074s] -- Installing: /home/kgh/ws2/install/nav_2d_msgs/include/nav_2d_msgs/msg/detail/path2_d__type_support.hpp
[7.074s] -- Installing: /home/kgh/ws2/install/nav_2d_msgs/include/nav_2d_msgs/msg/detail/path2_d__struct.hpp
[7.074s] -- Installing: /home/kgh/ws2/install/nav_2d_msgs/include/nav_2d_msgs/msg/detail/pose2_d_stamped__struct.hpp
[7.074s] -- Installing: /home/kgh/ws2/install/nav_2d_msgs/include/nav_2d_msgs/msg/pose2_d_stamped.hpp
[7.074s] -- Installing: /home/kgh/ws2/install/nav_2d_msgs/include/nav_2d_msgs/msg/pose2_d32.hpp
[7.074s] -- Installing: /home/kgh/ws2/install/nav_2d_msgs/include/nav_2d_msgs/msg/twist2_d32.hpp
[7.075s] -- Installing: /home/kgh/ws2/install/nav_2d_msgs/include/nav_2d_msgs/msg/path2_d.hpp
[7.075s] -- Up-to-date: /home/kgh/ws2/install/nav_2d_msgs/include/nav_2d_msgs
[7.075s] -- Up-to-date: /home/kgh/ws2/install/nav_2d_msgs/include/nav_2d_msgs/msg
[7.075s] -- Up-to-date: /home/kgh/ws2/install/nav_2d_msgs/include/nav_2d_msgs/msg/detail
[7.075s] -- Installing: /home/kgh/ws2/install/nav_2d_msgs/include/nav_2d_msgs/msg/detail/twist2_d32__type_support.cpp
[7.075s] -- Installing: /home/kgh/ws2/install/nav_2d_msgs/include/nav_2d_msgs/msg/detail/twist2_d__rosidl_typesupport_introspection_cpp.hpp
[7.075s] -- Installing: /home/kgh/ws2/install/nav_2d_msgs/include/nav_2d_msgs/msg/detail/pose2_d32__rosidl_typesupport_introspection_cpp.hpp
[7.075s] -- Installing: /home/kgh/ws2/install/nav_2d_msgs/include/nav_2d_msgs/msg/detail/path2_d__type_support.cpp
[7.075s] -- Installing: /home/kgh/ws2/install/nav_2d_msgs/include/nav_2d_msgs/msg/detail/path2_d__rosidl_typesupport_introspection_cpp.hpp
[7.075s] -- Installing: /home/kgh/ws2/install/nav_2d_msgs/include/nav_2d_msgs/msg/detail/twist2_d_stamped__type_support.cpp
[7.075s] -- Installing: /home/kgh/ws2/install/nav_2d_msgs/include/nav_2d_msgs/msg/detail/pose2_d_stamped__type_support.cpp
[7.075s] -- Installing: /home/kgh/ws2/install/nav_2d_msgs/include/nav_2d_msgs/msg/detail/pose2_d32__type_support.cpp
[7.075s] -- Installing: /home/kgh/ws2/install/nav_2d_msgs/include/nav_2d_msgs/msg/detail/twist2_d_stamped__rosidl_typesupport_introspection_cpp.hpp
[7.075s] -- Installing: /home/kgh/ws2/install/nav_2d_msgs/include/nav_2d_msgs/msg/detail/twist2_d__type_support.cpp
[7.075s] -- Installing: /home/kgh/ws2/install/nav_2d_msgs/include/nav_2d_msgs/msg/detail/twist2_d32__rosidl_typesupport_introspection_cpp.hpp
[7.075s] -- Installing: /home/kgh/ws2/install/nav_2d_msgs/include/nav_2d_msgs/msg/detail/pose2_d_stamped__rosidl_typesupport_introspection_cpp.hpp
[7.076s] -- Installing: /home/kgh/ws2/install/nav_2d_msgs/lib/libnav_2d_msgs__rosidl_typesupport_introspection_cpp.so
[7.076s] -- Set runtime path of "/home/kgh/ws2/install/nav_2d_msgs/lib/libnav_2d_msgs__rosidl_typesupport_introspection_cpp.so" to ""
[7.076s] -- Installing: /home/kgh/ws2/install/nav_2d_msgs/lib/libnav_2d_msgs__rosidl_typesupport_cpp.so
[7.076s] -- Set runtime path of "/home/kgh/ws2/install/nav_2d_msgs/lib/libnav_2d_msgs__rosidl_typesupport_cpp.so" to ""
[7.076s] -- Installing: /home/kgh/ws2/install/nav_2d_msgs/share/nav_2d_msgs/environment/pythonpath.sh
[7.076s] -- Installing: /home/kgh/ws2/install/nav_2d_msgs/share/nav_2d_msgs/environment/pythonpath.dsv
[7.076s] -- Installing: /home/kgh/ws2/install/nav_2d_msgs/lib/python3.8/site-packages/nav_2d_msgs/__init__.py
[7.105s] Compiling '/home/kgh/ws2/install/nav_2d_msgs/lib/python3.8/site-packages/nav_2d_msgs/__init__.py'...
[7.109s] -- Installing: /home/kgh/ws2/install/nav_2d_msgs/lib/python3.8/site-packages/nav_2d_msgs/msg
[7.109s] -- Installing: /home/kgh/ws2/install/nav_2d_msgs/lib/python3.8/site-packages/nav_2d_msgs/msg/_path2_d_s.c
[7.110s] -- Installing: /home/kgh/ws2/install/nav_2d_msgs/lib/python3.8/site-packages/nav_2d_msgs/msg/_twist2_d.py
[7.110s] -- Installing: /home/kgh/ws2/install/nav_2d_msgs/lib/python3.8/site-packages/nav_2d_msgs/msg/_twist2_d_s.c
[7.110s] -- Installing: /home/kgh/ws2/install/nav_2d_msgs/lib/python3.8/site-packages/nav_2d_msgs/msg/_twist2_d_stamped.py
[7.110s] -- Installing: /home/kgh/ws2/install/nav_2d_msgs/lib/python3.8/site-packages/nav_2d_msgs/msg/_pose2_d32.py
[7.110s] -- Installing: /home/kgh/ws2/install/nav_2d_msgs/lib/python3.8/site-packages/nav_2d_msgs/msg/_twist2_d_stamped_s.c
[7.110s] -- Installing: /home/kgh/ws2/install/nav_2d_msgs/lib/python3.8/site-packages/nav_2d_msgs/msg/__init__.py
[7.110s] -- Installing: /home/kgh/ws2/install/nav_2d_msgs/lib/python3.8/site-packages/nav_2d_msgs/msg/_pose2_d32_s.c
[7.110s] -- Installing: /home/kgh/ws2/install/nav_2d_msgs/lib/python3.8/site-packages/nav_2d_msgs/msg/_path2_d.py
[7.110s] -- Installing: /home/kgh/ws2/install/nav_2d_msgs/lib/python3.8/site-packages/nav_2d_msgs/msg/_pose2_d_stamped_s.c
[7.110s] -- Installing: /home/kgh/ws2/install/nav_2d_msgs/lib/python3.8/site-packages/nav_2d_msgs/msg/_pose2_d_stamped.py
[7.110s] -- Installing: /home/kgh/ws2/install/nav_2d_msgs/lib/python3.8/site-packages/nav_2d_msgs/msg/_twist2_d32_s.c
[7.110s] -- Installing: /home/kgh/ws2/install/nav_2d_msgs/lib/python3.8/site-packages/nav_2d_msgs/msg/_twist2_d32.py
[7.110s] -- Installing: /home/kgh/ws2/install/nav_2d_msgs/lib/python3.8/site-packages/nav_2d_msgs/nav_2d_msgs_s__rosidl_typesupport_fastrtps_c.cpython-38-x86_64-linux-gnu.so
[7.111s] -- Set runtime path of "/home/kgh/ws2/install/nav_2d_msgs/lib/python3.8/site-packages/nav_2d_msgs/nav_2d_msgs_s__rosidl_typesupport_fastrtps_c.cpython-38-x86_64-linux-gnu.so" to ""
[7.111s] -- Installing: /home/kgh/ws2/install/nav_2d_msgs/lib/python3.8/site-packages/nav_2d_msgs/nav_2d_msgs_s__rosidl_typesupport_introspection_c.cpython-38-x86_64-linux-gnu.so
[7.112s] -- Set runtime path of "/home/kgh/ws2/install/nav_2d_msgs/lib/python3.8/site-packages/nav_2d_msgs/nav_2d_msgs_s__rosidl_typesupport_introspection_c.cpython-38-x86_64-linux-gnu.so" to ""
[7.112s] -- Installing: /home/kgh/ws2/install/nav_2d_msgs/lib/python3.8/site-packages/nav_2d_msgs/nav_2d_msgs_s__rosidl_typesupport_c.cpython-38-x86_64-linux-gnu.so
[7.112s] -- Set runtime path of "/home/kgh/ws2/install/nav_2d_msgs/lib/python3.8/site-packages/nav_2d_msgs/nav_2d_msgs_s__rosidl_typesupport_c.cpython-38-x86_64-linux-gnu.so" to ""
[7.112s] -- Installing: /home/kgh/ws2/install/nav_2d_msgs/lib/libnav_2d_msgs__python.so
[7.113s] -- Set runtime path of "/home/kgh/ws2/install/nav_2d_msgs/lib/libnav_2d_msgs__python.so" to ""
[7.113s] -- Installing: /home/kgh/ws2/install/nav_2d_msgs/share/nav_2d_msgs/msg/Path2D.idl
[7.113s] -- Installing: /home/kgh/ws2/install/nav_2d_msgs/share/nav_2d_msgs/msg/Pose2D32.idl
[7.113s] -- Installing: /home/kgh/ws2/install/nav_2d_msgs/share/nav_2d_msgs/msg/Pose2DStamped.idl
[7.113s] -- Installing: /home/kgh/ws2/install/nav_2d_msgs/share/nav_2d_msgs/msg/Twist2D.idl
[7.113s] -- Installing: /home/kgh/ws2/install/nav_2d_msgs/share/nav_2d_msgs/msg/Twist2D32.idl
[7.114s] -- Installing: /home/kgh/ws2/install/nav_2d_msgs/share/nav_2d_msgs/msg/Twist2DStamped.idl
[7.114s] -- Installing: /home/kgh/ws2/install/nav_2d_msgs/share/nav_2d_msgs/msg/Path2D.msg
[7.114s] -- Installing: /home/kgh/ws2/install/nav_2d_msgs/share/nav_2d_msgs/msg/Pose2D32.msg
[7.114s] -- Installing: /home/kgh/ws2/install/nav_2d_msgs/share/nav_2d_msgs/msg/Pose2DStamped.msg
[7.114s] -- Installing: /home/kgh/ws2/install/nav_2d_msgs/share/nav_2d_msgs/msg/Twist2D.msg
[7.114s] -- Installing: /home/kgh/ws2/install/nav_2d_msgs/share/nav_2d_msgs/msg/Twist2D32.msg
[7.114s] -- Installing: /home/kgh/ws2/install/nav_2d_msgs/share/nav_2d_msgs/msg/Twist2DStamped.msg
[7.114s] -- Installing: /home/kgh/ws2/install/nav_2d_msgs/share/ament_index/resource_index/package_run_dependencies/nav_2d_msgs
[7.115s] -- Installing: /home/kgh/ws2/install/nav_2d_msgs/share/ament_index/resource_index/parent_prefix_path/nav_2d_msgs
[7.115s] -- Installing: /home/kgh/ws2/install/nav_2d_msgs/share/nav_2d_msgs/environment/ament_prefix_path.sh
[7.115s] -- Installing: /home/kgh/ws2/install/nav_2d_msgs/share/nav_2d_msgs/environment/ament_prefix_path.dsv
[7.115s] -- Installing: /home/kgh/ws2/install/nav_2d_msgs/share/nav_2d_msgs/environment/path.sh
[7.115s] -- Installing: /home/kgh/ws2/install/nav_2d_msgs/share/nav_2d_msgs/environment/path.dsv
[7.115s] -- Installing: /home/kgh/ws2/install/nav_2d_msgs/share/nav_2d_msgs/local_setup.bash
[7.115s] -- Installing: /home/kgh/ws2/install/nav_2d_msgs/share/nav_2d_msgs/local_setup.sh
[7.115s] -- Installing: /home/kgh/ws2/install/nav_2d_msgs/share/nav_2d_msgs/local_setup.zsh
[7.116s] -- Installing: /home/kgh/ws2/install/nav_2d_msgs/share/nav_2d_msgs/local_setup.dsv
[7.116s] -- Installing: /home/kgh/ws2/install/nav_2d_msgs/share/nav_2d_msgs/package.dsv
[7.116s] -- Installing: /home/kgh/ws2/install/nav_2d_msgs/share/ament_index/resource_index/packages/nav_2d_msgs
[7.116s] -- Installing: /home/kgh/ws2/install/nav_2d_msgs/share/nav_2d_msgs/cmake/nav_2d_msgs__rosidl_generator_cExport.cmake
[7.116s] -- Installing: /home/kgh/ws2/install/nav_2d_msgs/share/nav_2d_msgs/cmake/nav_2d_msgs__rosidl_generator_cExport-noconfig.cmake
[7.116s] -- Installing: /home/kgh/ws2/install/nav_2d_msgs/share/nav_2d_msgs/cmake/nav_2d_msgs__rosidl_typesupport_introspection_cExport.cmake
[7.116s] -- Installing: /home/kgh/ws2/install/nav_2d_msgs/share/nav_2d_msgs/cmake/nav_2d_msgs__rosidl_typesupport_introspection_cExport-noconfig.cmake
[7.117s] -- Installing: /home/kgh/ws2/install/nav_2d_msgs/share/nav_2d_msgs/cmake/nav_2d_msgs__rosidl_typesupport_cExport.cmake
[7.117s] -- Installing: /home/kgh/ws2/install/nav_2d_msgs/share/nav_2d_msgs/cmake/nav_2d_msgs__rosidl_typesupport_cExport-noconfig.cmake
[7.117s] -- Installing: /home/kgh/ws2/install/nav_2d_msgs/share/nav_2d_msgs/cmake/nav_2d_msgs__rosidl_generator_cppExport.cmake
[7.117s] -- Installing: /home/kgh/ws2/install/nav_2d_msgs/share/nav_2d_msgs/cmake/nav_2d_msgs__rosidl_typesupport_introspection_cppExport.cmake
[7.117s] -- Installing: /home/kgh/ws2/install/nav_2d_msgs/share/nav_2d_msgs/cmake/nav_2d_msgs__rosidl_typesupport_introspection_cppExport-noconfig.cmake
[7.117s] -- Installing: /home/kgh/ws2/install/nav_2d_msgs/share/nav_2d_msgs/cmake/nav_2d_msgs__rosidl_typesupport_cppExport.cmake
[7.117s] -- Installing: /home/kgh/ws2/install/nav_2d_msgs/share/nav_2d_msgs/cmake/nav_2d_msgs__rosidl_typesupport_cppExport-noconfig.cmake
[7.117s] -- Installing: /home/kgh/ws2/install/nav_2d_msgs/share/nav_2d_msgs/cmake/rosidl_cmake-extras.cmake
[7.118s] -- Installing: /home/kgh/ws2/install/nav_2d_msgs/share/nav_2d_msgs/cmake/ament_cmake_export_dependencies-extras.cmake
[7.118s] -- Installing: /home/kgh/ws2/install/nav_2d_msgs/share/nav_2d_msgs/cmake/ament_cmake_export_libraries-extras.cmake
[7.118s] -- Installing: /home/kgh/ws2/install/nav_2d_msgs/share/nav_2d_msgs/cmake/ament_cmake_export_targets-extras.cmake
[7.118s] -- Installing: /home/kgh/ws2/install/nav_2d_msgs/share/nav_2d_msgs/cmake/ament_cmake_export_include_directories-extras.cmake
[7.118s] -- Installing: /home/kgh/ws2/install/nav_2d_msgs/share/nav_2d_msgs/cmake/rosidl_cmake_export_typesupport_libraries-extras.cmake
[7.118s] -- Installing: /home/kgh/ws2/install/nav_2d_msgs/share/nav_2d_msgs/cmake/rosidl_cmake_export_typesupport_targets-extras.cmake
[7.118s] -- Installing: /home/kgh/ws2/install/nav_2d_msgs/share/nav_2d_msgs/cmake/nav_2d_msgsConfig.cmake
[7.118s] -- Installing: /home/kgh/ws2/install/nav_2d_msgs/share/nav_2d_msgs/cmake/nav_2d_msgsConfig-version.cmake
[7.118s] -- Installing: /home/kgh/ws2/install/nav_2d_msgs/share/nav_2d_msgs/package.xml
[7.121s] Invoked command in '/home/kgh/ws2/build/nav_2d_msgs' returned '0': CMAKE_PREFIX_PATH=${CMAKE_PREFIX_PATH}:/home/kgh/ws2/install/yzbot_description:/home/kgh/ws2/install/yzbot_controller:/home/kgh/ws2/install/nav2_gazebo_spawner:/opt/ros/foxy /usr/bin/cmake --install /home/kgh/ws2/build/nav_2d_msgs
