[0.127s] Invoking command in '/home/kgh/ws2/build/nav2_amcl': CMAKE_PREFIX_PATH=/home/kgh/ws2/install/nav2_util:/home/kgh/ws2/install/nav2_msgs:/home/kgh/ws2/install/nav2_common:/home/kgh/ws2/install/yzbot_nav2:/home/kgh/ws2/install/yzbot_cartographer:/home/kgh/ws2/install/nav2_system_tests:/home/kgh/ws2/install/nav2_bringup:/home/kgh/ws2/install/navigation2:/home/kgh/ws2/install/smac_planner:/home/kgh/ws2/install/nav2_dwb_controller:/home/kgh/ws2/install/nav2_controller:/home/kgh/ws2/install/dwb_plugins:/home/kgh/ws2/install/dwb_critics:/home/kgh/ws2/install/dwb_core:/home/kgh/ws2/install/nav_2d_utils:/home/kgh/ws2/install/dwb_msgs:/home/kgh/ws2/install/nav_2d_msgs:/home/kgh/ws2/install/nav2_waypoint_follower:/home/kgh/ws2/install/nav2_regulated_pure_pursuit_controller:/home/kgh/ws2/install/nav2_recoveries:/home/kgh/ws2/install/nav2_planner:/home/kgh/ws2/install/nav2_navfn_planner:/home/kgh/ws2/install/nav2_core:/home/kgh/ws2/install/costmap_queue:/home/kgh/ws2/install/nav2_costmap_2d:/home/kgh/ws2/install/nav2_voxel_grid:/home/kgh/ws2/install/nav2_rviz_plugins:/home/kgh/ws2/install/nav2_map_server:/home/kgh/ws2/install/nav2_lifecycle_manager:/home/kgh/ws2/install/nav2_bt_navigator:/home/kgh/ws2/install/nav2_behavior_tree:/home/kgh/ws2/install/nav2_amcl:/home/kgh/ws2/install/bluesea2:/home/kgh/ws2/install/yzbot_description:/home/kgh/ws2/install/yzbot_controller:/home/kgh/ws2/install/nav2_gazebo_spawner:/opt/ros/foxy LD_LIBRARY_PATH=/home/kgh/ws2/install/nav2_util/lib:/home/kgh/ws2/install/nav2_msgs/lib:/home/kgh/ws2/install/smac_planner/lib:/home/kgh/ws2/install/nav2_controller/lib:/home/kgh/ws2/install/dwb_plugins/lib:/home/kgh/ws2/install/dwb_critics/lib:/home/kgh/ws2/install/dwb_core/lib:/home/kgh/ws2/install/nav_2d_utils/lib:/home/kgh/ws2/install/dwb_msgs/lib:/home/kgh/ws2/install/nav_2d_msgs/lib:/home/kgh/ws2/install/nav2_waypoint_follower/lib:/home/kgh/ws2/install/nav2_regulated_pure_pursuit_controller/lib:/home/kgh/ws2/install/nav2_recoveries/lib:/home/kgh/ws2/install/nav2_planner/lib:/home/kgh/ws2/install/nav2_navfn_planner/lib:/home/kgh/ws2/install/costmap_queue/lib:/home/kgh/ws2/install/nav2_costmap_2d/lib:/home/kgh/ws2/install/nav2_voxel_grid/lib:/home/kgh/ws2/install/nav2_rviz_plugins/lib:/home/kgh/ws2/install/nav2_map_server/lib:/home/kgh/ws2/install/nav2_lifecycle_manager/lib:/home/kgh/ws2/install/nav2_bt_navigator/lib:/home/kgh/ws2/install/nav2_behavior_tree/lib:/home/kgh/ws2/install/nav2_amcl/lib:/usr/lib/x86_64-linux-gnu/gazebo-11/plugins:/opt/ros/foxy/opt/yaml_cpp_vendor/lib:/opt/ros/foxy/opt/rviz_ogre_vendor/lib:/opt/ros/foxy/lib/x86_64-linux-gnu:/opt/ros/foxy/lib PYTHONPATH=/home/kgh/ws2/install/nav2_msgs/lib/python3.8/site-packages:/home/kgh/ws2/install/nav2_common/lib/python3.8/site-packages:/home/kgh/ws2/install/yzbot_description/lib/python3.8/site-packages:/home/kgh/ws2/install/yzbot_controller/lib/python3.8/site-packages:/home/kgh/ws2/install/dwb_msgs/lib/python3.8/site-packages:/home/kgh/ws2/install/nav_2d_msgs/lib/python3.8/site-packages:/home/kgh/ws2/install/nav2_gazebo_spawner/lib/python3.8/site-packages:/opt/ros/foxy/lib/python3.8/site-packages /usr/bin/cmake --build /home/kgh/ws2/build/nav2_amcl -- -j16 -l16
[0.176s] [35m[1mScanning dependencies of target pf_lib[0m
[0.187s] [ 11%] [32mBuilding C object src/pf/CMakeFiles/pf_lib.dir/pf.c.o[0m
[0.187s] [ 26%] Built target map_lib
[0.206s] [01m[K/home/kgh/ws2/src/navigation2/nav2_amcl/src/pf/pf.c:[m[K In function ‘[01m[Kpf_update_resample[m[K’:
[0.206s] [01m[K/home/kgh/ws2/src/navigation2/nav2_amcl/src/pf/pf.c:459:12:[m[K [01;35m[Kwarning: [m[Kvariable ‘[01m[Kkkk[m[K’ set but not used [[01;35m[K-Wunused-but-set-variable[m[K]
[0.206s]   459 |     double [01;35m[Kkkk[m[K = pf->poor_m;
[0.206s]       |            [01;35m[K^~~[m[K
[0.206s] [01m[K/home/kgh/ws2/src/navigation2/nav2_amcl/src/pf/pf.c:458:9:[m[K [01;35m[Kwarning: [m[Kvariable ‘[01m[Kkk[m[K’ set but not used [[01;35m[K-Wunused-but-set-variable[m[K]
[0.206s]   458 |     int [01;35m[Kkk[m[K = 1;
[0.206s]       |         [01;35m[K^~[m[K
[0.206s] [01m[K/home/kgh/ws2/src/navigation2/nav2_amcl/src/pf/pf.c:359:44:[m[K [01;35m[Kwarning: [m[Kunused parameter ‘[01m[Kmap_[m[K’ [[01;35m[K-Wunused-parameter[m[K]
[0.206s]   359 | void pf_update_resample(pf_t * pf, [01;35m[Kmap_t * map_[m[K)
[0.206s]       |                                    [01;35m[K~~~~~~~~^~~~[m[K
[0.327s] [ 30%] [32m[1mLinking C shared library libpf_lib.so[0m
[0.361s] [ 50%] Built target pf_lib
[0.372s] [35m[1mScanning dependencies of target sensors_lib[0m
[0.384s] [ 53%] [32mBuilding CXX object src/sensors/CMakeFiles/sensors_lib.dir/laser/likelihood_field_model_prob.cpp.o[0m
[0.386s] [ 57%] [32m[1mLinking CXX shared library libmotions_lib.so[0m
[0.523s] [ 69%] Built target motions_lib
[0.578s] [ 73%] [32m[1mLinking CXX shared library libsensors_lib.so[0m
[0.641s] [ 84%] Built target sensors_lib
[0.677s] [ 88%] [32m[1mLinking CXX shared library libamcl_core.so[0m
[0.903s] [ 92%] Built target amcl_core
[0.937s] [ 96%] [32m[1mLinking CXX executable amcl[0m
[1.095s] [100%] Built target amcl
[1.109s] Invoked command in '/home/kgh/ws2/build/nav2_amcl' returned '0': CMAKE_PREFIX_PATH=/home/kgh/ws2/install/nav2_util:/home/kgh/ws2/install/nav2_msgs:/home/kgh/ws2/install/nav2_common:/home/kgh/ws2/install/yzbot_nav2:/home/kgh/ws2/install/yzbot_cartographer:/home/kgh/ws2/install/nav2_system_tests:/home/kgh/ws2/install/nav2_bringup:/home/kgh/ws2/install/navigation2:/home/kgh/ws2/install/smac_planner:/home/kgh/ws2/install/nav2_dwb_controller:/home/kgh/ws2/install/nav2_controller:/home/kgh/ws2/install/dwb_plugins:/home/kgh/ws2/install/dwb_critics:/home/kgh/ws2/install/dwb_core:/home/kgh/ws2/install/nav_2d_utils:/home/kgh/ws2/install/dwb_msgs:/home/kgh/ws2/install/nav_2d_msgs:/home/kgh/ws2/install/nav2_waypoint_follower:/home/kgh/ws2/install/nav2_regulated_pure_pursuit_controller:/home/kgh/ws2/install/nav2_recoveries:/home/kgh/ws2/install/nav2_planner:/home/kgh/ws2/install/nav2_navfn_planner:/home/kgh/ws2/install/nav2_core:/home/kgh/ws2/install/costmap_queue:/home/kgh/ws2/install/nav2_costmap_2d:/home/kgh/ws2/install/nav2_voxel_grid:/home/kgh/ws2/install/nav2_rviz_plugins:/home/kgh/ws2/install/nav2_map_server:/home/kgh/ws2/install/nav2_lifecycle_manager:/home/kgh/ws2/install/nav2_bt_navigator:/home/kgh/ws2/install/nav2_behavior_tree:/home/kgh/ws2/install/nav2_amcl:/home/kgh/ws2/install/bluesea2:/home/kgh/ws2/install/yzbot_description:/home/kgh/ws2/install/yzbot_controller:/home/kgh/ws2/install/nav2_gazebo_spawner:/opt/ros/foxy LD_LIBRARY_PATH=/home/kgh/ws2/install/nav2_util/lib:/home/kgh/ws2/install/nav2_msgs/lib:/home/kgh/ws2/install/smac_planner/lib:/home/kgh/ws2/install/nav2_controller/lib:/home/kgh/ws2/install/dwb_plugins/lib:/home/kgh/ws2/install/dwb_critics/lib:/home/kgh/ws2/install/dwb_core/lib:/home/kgh/ws2/install/nav_2d_utils/lib:/home/kgh/ws2/install/dwb_msgs/lib:/home/kgh/ws2/install/nav_2d_msgs/lib:/home/kgh/ws2/install/nav2_waypoint_follower/lib:/home/kgh/ws2/install/nav2_regulated_pure_pursuit_controller/lib:/home/kgh/ws2/install/nav2_recoveries/lib:/home/kgh/ws2/install/nav2_planner/lib:/home/kgh/ws2/install/nav2_navfn_planner/lib:/home/kgh/ws2/install/costmap_queue/lib:/home/kgh/ws2/install/nav2_costmap_2d/lib:/home/kgh/ws2/install/nav2_voxel_grid/lib:/home/kgh/ws2/install/nav2_rviz_plugins/lib:/home/kgh/ws2/install/nav2_map_server/lib:/home/kgh/ws2/install/nav2_lifecycle_manager/lib:/home/kgh/ws2/install/nav2_bt_navigator/lib:/home/kgh/ws2/install/nav2_behavior_tree/lib:/home/kgh/ws2/install/nav2_amcl/lib:/usr/lib/x86_64-linux-gnu/gazebo-11/plugins:/opt/ros/foxy/opt/yaml_cpp_vendor/lib:/opt/ros/foxy/opt/rviz_ogre_vendor/lib:/opt/ros/foxy/lib/x86_64-linux-gnu:/opt/ros/foxy/lib PYTHONPATH=/home/kgh/ws2/install/nav2_msgs/lib/python3.8/site-packages:/home/kgh/ws2/install/nav2_common/lib/python3.8/site-packages:/home/kgh/ws2/install/yzbot_description/lib/python3.8/site-packages:/home/kgh/ws2/install/yzbot_controller/lib/python3.8/site-packages:/home/kgh/ws2/install/dwb_msgs/lib/python3.8/site-packages:/home/kgh/ws2/install/nav_2d_msgs/lib/python3.8/site-packages:/home/kgh/ws2/install/nav2_gazebo_spawner/lib/python3.8/site-packages:/opt/ros/foxy/lib/python3.8/site-packages /usr/bin/cmake --build /home/kgh/ws2/build/nav2_amcl -- -j16 -l16
[1.148s] Invoking command in '/home/kgh/ws2/build/nav2_amcl': CMAKE_PREFIX_PATH=/home/kgh/ws2/install/nav2_util:/home/kgh/ws2/install/nav2_msgs:/home/kgh/ws2/install/nav2_common:/home/kgh/ws2/install/yzbot_nav2:/home/kgh/ws2/install/yzbot_cartographer:/home/kgh/ws2/install/nav2_system_tests:/home/kgh/ws2/install/nav2_bringup:/home/kgh/ws2/install/navigation2:/home/kgh/ws2/install/smac_planner:/home/kgh/ws2/install/nav2_dwb_controller:/home/kgh/ws2/install/nav2_controller:/home/kgh/ws2/install/dwb_plugins:/home/kgh/ws2/install/dwb_critics:/home/kgh/ws2/install/dwb_core:/home/kgh/ws2/install/nav_2d_utils:/home/kgh/ws2/install/dwb_msgs:/home/kgh/ws2/install/nav_2d_msgs:/home/kgh/ws2/install/nav2_waypoint_follower:/home/kgh/ws2/install/nav2_regulated_pure_pursuit_controller:/home/kgh/ws2/install/nav2_recoveries:/home/kgh/ws2/install/nav2_planner:/home/kgh/ws2/install/nav2_navfn_planner:/home/kgh/ws2/install/nav2_core:/home/kgh/ws2/install/costmap_queue:/home/kgh/ws2/install/nav2_costmap_2d:/home/kgh/ws2/install/nav2_voxel_grid:/home/kgh/ws2/install/nav2_rviz_plugins:/home/kgh/ws2/install/nav2_map_server:/home/kgh/ws2/install/nav2_lifecycle_manager:/home/kgh/ws2/install/nav2_bt_navigator:/home/kgh/ws2/install/nav2_behavior_tree:/home/kgh/ws2/install/nav2_amcl:/home/kgh/ws2/install/bluesea2:/home/kgh/ws2/install/yzbot_description:/home/kgh/ws2/install/yzbot_controller:/home/kgh/ws2/install/nav2_gazebo_spawner:/opt/ros/foxy LD_LIBRARY_PATH=/home/kgh/ws2/install/nav2_util/lib:/home/kgh/ws2/install/nav2_msgs/lib:/home/kgh/ws2/install/smac_planner/lib:/home/kgh/ws2/install/nav2_controller/lib:/home/kgh/ws2/install/dwb_plugins/lib:/home/kgh/ws2/install/dwb_critics/lib:/home/kgh/ws2/install/dwb_core/lib:/home/kgh/ws2/install/nav_2d_utils/lib:/home/kgh/ws2/install/dwb_msgs/lib:/home/kgh/ws2/install/nav_2d_msgs/lib:/home/kgh/ws2/install/nav2_waypoint_follower/lib:/home/kgh/ws2/install/nav2_regulated_pure_pursuit_controller/lib:/home/kgh/ws2/install/nav2_recoveries/lib:/home/kgh/ws2/install/nav2_planner/lib:/home/kgh/ws2/install/nav2_navfn_planner/lib:/home/kgh/ws2/install/costmap_queue/lib:/home/kgh/ws2/install/nav2_costmap_2d/lib:/home/kgh/ws2/install/nav2_voxel_grid/lib:/home/kgh/ws2/install/nav2_rviz_plugins/lib:/home/kgh/ws2/install/nav2_map_server/lib:/home/kgh/ws2/install/nav2_lifecycle_manager/lib:/home/kgh/ws2/install/nav2_bt_navigator/lib:/home/kgh/ws2/install/nav2_behavior_tree/lib:/home/kgh/ws2/install/nav2_amcl/lib:/usr/lib/x86_64-linux-gnu/gazebo-11/plugins:/opt/ros/foxy/opt/yaml_cpp_vendor/lib:/opt/ros/foxy/opt/rviz_ogre_vendor/lib:/opt/ros/foxy/lib/x86_64-linux-gnu:/opt/ros/foxy/lib PYTHONPATH=/home/kgh/ws2/install/nav2_msgs/lib/python3.8/site-packages:/home/kgh/ws2/install/nav2_common/lib/python3.8/site-packages:/home/kgh/ws2/install/yzbot_description/lib/python3.8/site-packages:/home/kgh/ws2/install/yzbot_controller/lib/python3.8/site-packages:/home/kgh/ws2/install/dwb_msgs/lib/python3.8/site-packages:/home/kgh/ws2/install/nav_2d_msgs/lib/python3.8/site-packages:/home/kgh/ws2/install/nav2_gazebo_spawner/lib/python3.8/site-packages:/opt/ros/foxy/lib/python3.8/site-packages /usr/bin/cmake --install /home/kgh/ws2/build/nav2_amcl
[1.155s] -- Install configuration: "Release"
[1.156s] -- Installing: /home/kgh/ws2/install/nav2_amcl/lib/libamcl_core.so
[1.157s] -- Set runtime path of "/home/kgh/ws2/install/nav2_amcl/lib/libamcl_core.so" to ""
[1.157s] -- Installing: /home/kgh/ws2/install/nav2_amcl/lib/nav2_amcl/amcl
[1.158s] -- Set runtime path of "/home/kgh/ws2/install/nav2_amcl/lib/nav2_amcl/amcl" to ""
[1.158s] -- Up-to-date: /home/kgh/ws2/install/nav2_amcl/include/
[1.158s] -- Up-to-date: /home/kgh/ws2/install/nav2_amcl/include//nav2_amcl
[1.158s] -- Up-to-date: /home/kgh/ws2/install/nav2_amcl/include//nav2_amcl/motion_model
[1.158s] -- Up-to-date: /home/kgh/ws2/install/nav2_amcl/include//nav2_amcl/motion_model/motion_model.hpp
[1.158s] -- Up-to-date: /home/kgh/ws2/install/nav2_amcl/include//nav2_amcl/map
[1.158s] -- Up-to-date: /home/kgh/ws2/install/nav2_amcl/include//nav2_amcl/map/map.hpp
[1.158s] -- Up-to-date: /home/kgh/ws2/install/nav2_amcl/include//nav2_amcl/pf
[1.158s] -- Up-to-date: /home/kgh/ws2/install/nav2_amcl/include//nav2_amcl/pf/eig3.hpp
[1.158s] -- Up-to-date: /home/kgh/ws2/install/nav2_amcl/include//nav2_amcl/pf/pf.hpp
[1.158s] -- Up-to-date: /home/kgh/ws2/install/nav2_amcl/include//nav2_amcl/pf/pf_kdtree.hpp
[1.158s] -- Up-to-date: /home/kgh/ws2/install/nav2_amcl/include//nav2_amcl/pf/pf_vector.hpp
[1.159s] -- Up-to-date: /home/kgh/ws2/install/nav2_amcl/include//nav2_amcl/pf/pf_pdf.hpp
[1.159s] -- Up-to-date: /home/kgh/ws2/install/nav2_amcl/include//nav2_amcl/sensors
[1.159s] -- Up-to-date: /home/kgh/ws2/install/nav2_amcl/include//nav2_amcl/sensors/laser
[1.159s] -- Up-to-date: /home/kgh/ws2/install/nav2_amcl/include//nav2_amcl/sensors/laser/laser.hpp
[1.159s] -- Up-to-date: /home/kgh/ws2/install/nav2_amcl/include//nav2_amcl/amcl_node.hpp
[1.159s] -- Up-to-date: /home/kgh/ws2/install/nav2_amcl/include//nav2_amcl/angleutils.hpp
[1.159s] -- Up-to-date: /home/kgh/ws2/install/nav2_amcl/share/nav2_amcl/environment/library_path.sh
[1.159s] -- Up-to-date: /home/kgh/ws2/install/nav2_amcl/share/nav2_amcl/environment/library_path.dsv
[1.159s] -- Up-to-date: /home/kgh/ws2/install/nav2_amcl/share/ament_index/resource_index/package_run_dependencies/nav2_amcl
[1.159s] -- Up-to-date: /home/kgh/ws2/install/nav2_amcl/share/ament_index/resource_index/parent_prefix_path/nav2_amcl
[1.159s] -- Up-to-date: /home/kgh/ws2/install/nav2_amcl/share/nav2_amcl/environment/ament_prefix_path.sh
[1.159s] -- Up-to-date: /home/kgh/ws2/install/nav2_amcl/share/nav2_amcl/environment/ament_prefix_path.dsv
[1.159s] -- Up-to-date: /home/kgh/ws2/install/nav2_amcl/share/nav2_amcl/environment/path.sh
[1.159s] -- Up-to-date: /home/kgh/ws2/install/nav2_amcl/share/nav2_amcl/environment/path.dsv
[1.160s] -- Up-to-date: /home/kgh/ws2/install/nav2_amcl/share/nav2_amcl/local_setup.bash
[1.160s] -- Up-to-date: /home/kgh/ws2/install/nav2_amcl/share/nav2_amcl/local_setup.sh
[1.160s] -- Up-to-date: /home/kgh/ws2/install/nav2_amcl/share/nav2_amcl/local_setup.zsh
[1.160s] -- Up-to-date: /home/kgh/ws2/install/nav2_amcl/share/nav2_amcl/local_setup.dsv
[1.160s] -- Installing: /home/kgh/ws2/install/nav2_amcl/share/nav2_amcl/package.dsv
[1.160s] -- Up-to-date: /home/kgh/ws2/install/nav2_amcl/share/ament_index/resource_index/packages/nav2_amcl
[1.160s] -- Up-to-date: /home/kgh/ws2/install/nav2_amcl/share/nav2_amcl/cmake/ament_cmake_export_include_directories-extras.cmake
[1.160s] -- Up-to-date: /home/kgh/ws2/install/nav2_amcl/share/nav2_amcl/cmake/ament_cmake_export_libraries-extras.cmake
[1.160s] -- Up-to-date: /home/kgh/ws2/install/nav2_amcl/share/nav2_amcl/cmake/ament_cmake_export_dependencies-extras.cmake
[1.160s] -- Up-to-date: /home/kgh/ws2/install/nav2_amcl/share/nav2_amcl/cmake/nav2_amclConfig.cmake
[1.160s] -- Up-to-date: /home/kgh/ws2/install/nav2_amcl/share/nav2_amcl/cmake/nav2_amclConfig-version.cmake
[1.160s] -- Up-to-date: /home/kgh/ws2/install/nav2_amcl/share/nav2_amcl/package.xml
[1.160s] -- Installing: /home/kgh/ws2/install/nav2_amcl/lib/libpf_lib.so
[1.160s] -- Up-to-date: /home/kgh/ws2/install/nav2_amcl/lib/libmap_lib.so
[1.160s] -- Installing: /home/kgh/ws2/install/nav2_amcl/lib/libmotions_lib.so
[1.160s] -- Set runtime path of "/home/kgh/ws2/install/nav2_amcl/lib/libmotions_lib.so" to ""
[1.161s] -- Installing: /home/kgh/ws2/install/nav2_amcl/lib/libsensors_lib.so
[1.161s] -- Set runtime path of "/home/kgh/ws2/install/nav2_amcl/lib/libsensors_lib.so" to ""
[1.162s] Invoked command in '/home/kgh/ws2/build/nav2_amcl' returned '0': CMAKE_PREFIX_PATH=/home/kgh/ws2/install/nav2_util:/home/kgh/ws2/install/nav2_msgs:/home/kgh/ws2/install/nav2_common:/home/kgh/ws2/install/yzbot_nav2:/home/kgh/ws2/install/yzbot_cartographer:/home/kgh/ws2/install/nav2_system_tests:/home/kgh/ws2/install/nav2_bringup:/home/kgh/ws2/install/navigation2:/home/kgh/ws2/install/smac_planner:/home/kgh/ws2/install/nav2_dwb_controller:/home/kgh/ws2/install/nav2_controller:/home/kgh/ws2/install/dwb_plugins:/home/kgh/ws2/install/dwb_critics:/home/kgh/ws2/install/dwb_core:/home/kgh/ws2/install/nav_2d_utils:/home/kgh/ws2/install/dwb_msgs:/home/kgh/ws2/install/nav_2d_msgs:/home/kgh/ws2/install/nav2_waypoint_follower:/home/kgh/ws2/install/nav2_regulated_pure_pursuit_controller:/home/kgh/ws2/install/nav2_recoveries:/home/kgh/ws2/install/nav2_planner:/home/kgh/ws2/install/nav2_navfn_planner:/home/kgh/ws2/install/nav2_core:/home/kgh/ws2/install/costmap_queue:/home/kgh/ws2/install/nav2_costmap_2d:/home/kgh/ws2/install/nav2_voxel_grid:/home/kgh/ws2/install/nav2_rviz_plugins:/home/kgh/ws2/install/nav2_map_server:/home/kgh/ws2/install/nav2_lifecycle_manager:/home/kgh/ws2/install/nav2_bt_navigator:/home/kgh/ws2/install/nav2_behavior_tree:/home/kgh/ws2/install/nav2_amcl:/home/kgh/ws2/install/bluesea2:/home/kgh/ws2/install/yzbot_description:/home/kgh/ws2/install/yzbot_controller:/home/kgh/ws2/install/nav2_gazebo_spawner:/opt/ros/foxy LD_LIBRARY_PATH=/home/kgh/ws2/install/nav2_util/lib:/home/kgh/ws2/install/nav2_msgs/lib:/home/kgh/ws2/install/smac_planner/lib:/home/kgh/ws2/install/nav2_controller/lib:/home/kgh/ws2/install/dwb_plugins/lib:/home/kgh/ws2/install/dwb_critics/lib:/home/kgh/ws2/install/dwb_core/lib:/home/kgh/ws2/install/nav_2d_utils/lib:/home/kgh/ws2/install/dwb_msgs/lib:/home/kgh/ws2/install/nav_2d_msgs/lib:/home/kgh/ws2/install/nav2_waypoint_follower/lib:/home/kgh/ws2/install/nav2_regulated_pure_pursuit_controller/lib:/home/kgh/ws2/install/nav2_recoveries/lib:/home/kgh/ws2/install/nav2_planner/lib:/home/kgh/ws2/install/nav2_navfn_planner/lib:/home/kgh/ws2/install/costmap_queue/lib:/home/kgh/ws2/install/nav2_costmap_2d/lib:/home/kgh/ws2/install/nav2_voxel_grid/lib:/home/kgh/ws2/install/nav2_rviz_plugins/lib:/home/kgh/ws2/install/nav2_map_server/lib:/home/kgh/ws2/install/nav2_lifecycle_manager/lib:/home/kgh/ws2/install/nav2_bt_navigator/lib:/home/kgh/ws2/install/nav2_behavior_tree/lib:/home/kgh/ws2/install/nav2_amcl/lib:/usr/lib/x86_64-linux-gnu/gazebo-11/plugins:/opt/ros/foxy/opt/yaml_cpp_vendor/lib:/opt/ros/foxy/opt/rviz_ogre_vendor/lib:/opt/ros/foxy/lib/x86_64-linux-gnu:/opt/ros/foxy/lib PYTHONPATH=/home/kgh/ws2/install/nav2_msgs/lib/python3.8/site-packages:/home/kgh/ws2/install/nav2_common/lib/python3.8/site-packages:/home/kgh/ws2/install/yzbot_description/lib/python3.8/site-packages:/home/kgh/ws2/install/yzbot_controller/lib/python3.8/site-packages:/home/kgh/ws2/install/dwb_msgs/lib/python3.8/site-packages:/home/kgh/ws2/install/nav_2d_msgs/lib/python3.8/site-packages:/home/kgh/ws2/install/nav2_gazebo_spawner/lib/python3.8/site-packages:/opt/ros/foxy/lib/python3.8/site-packages /usr/bin/cmake --install /home/kgh/ws2/build/nav2_amcl
