[0.131s] Invoking command in '/home/kgh/ws2/build/nav2_amcl': CMAKE_PREFIX_PATH=/home/kgh/ws2/install/nav2_util:/home/kgh/ws2/install/nav2_msgs:/home/kgh/ws2/install/nav2_common:/home/kgh/ws2/install/yzbot_nav2:/home/kgh/ws2/install/yzbot_cartographer:/home/kgh/ws2/install/nav2_system_tests:/home/kgh/ws2/install/nav2_bringup:/home/kgh/ws2/install/navigation2:/home/kgh/ws2/install/smac_planner:/home/kgh/ws2/install/nav2_dwb_controller:/home/kgh/ws2/install/nav2_controller:/home/kgh/ws2/install/dwb_plugins:/home/kgh/ws2/install/dwb_critics:/home/kgh/ws2/install/dwb_core:/home/kgh/ws2/install/nav_2d_utils:/home/kgh/ws2/install/dwb_msgs:/home/kgh/ws2/install/nav_2d_msgs:/home/kgh/ws2/install/nav2_waypoint_follower:/home/kgh/ws2/install/nav2_regulated_pure_pursuit_controller:/home/kgh/ws2/install/nav2_recoveries:/home/kgh/ws2/install/nav2_planner:/home/kgh/ws2/install/nav2_navfn_planner:/home/kgh/ws2/install/nav2_core:/home/kgh/ws2/install/costmap_queue:/home/kgh/ws2/install/nav2_costmap_2d:/home/kgh/ws2/install/nav2_voxel_grid:/home/kgh/ws2/install/nav2_rviz_plugins:/home/kgh/ws2/install/nav2_map_server:/home/kgh/ws2/install/nav2_lifecycle_manager:/home/kgh/ws2/install/nav2_bt_navigator:/home/kgh/ws2/install/nav2_behavior_tree:/home/kgh/ws2/install/nav2_amcl:/home/kgh/ws2/install/yzbot_description:/home/kgh/ws2/install/yzbot_controller:/home/kgh/ws2/install/nav2_gazebo_spawner:/opt/ros/foxy LD_LIBRARY_PATH=/home/kgh/ws2/install/nav2_util/lib:/home/kgh/ws2/install/nav2_msgs/lib:/home/kgh/ws2/install/smac_planner/lib:/home/kgh/ws2/install/nav2_controller/lib:/home/kgh/ws2/install/dwb_plugins/lib:/home/kgh/ws2/install/dwb_critics/lib:/home/kgh/ws2/install/dwb_core/lib:/home/kgh/ws2/install/nav_2d_utils/lib:/home/kgh/ws2/install/dwb_msgs/lib:/home/kgh/ws2/install/nav_2d_msgs/lib:/home/kgh/ws2/install/nav2_waypoint_follower/lib:/home/kgh/ws2/install/nav2_regulated_pure_pursuit_controller/lib:/home/kgh/ws2/install/nav2_recoveries/lib:/home/kgh/ws2/install/nav2_planner/lib:/home/kgh/ws2/install/nav2_navfn_planner/lib:/home/kgh/ws2/install/costmap_queue/lib:/home/kgh/ws2/install/nav2_costmap_2d/lib:/home/kgh/ws2/install/nav2_voxel_grid/lib:/home/kgh/ws2/install/nav2_rviz_plugins/lib:/home/kgh/ws2/install/nav2_map_server/lib:/home/kgh/ws2/install/nav2_lifecycle_manager/lib:/home/kgh/ws2/install/nav2_bt_navigator/lib:/home/kgh/ws2/install/nav2_behavior_tree/lib:/home/kgh/ws2/install/nav2_amcl/lib:/usr/lib/x86_64-linux-gnu/gazebo-11/plugins:/opt/ros/foxy/opt/yaml_cpp_vendor/lib:/opt/ros/foxy/opt/rviz_ogre_vendor/lib:/opt/ros/foxy/lib/x86_64-linux-gnu:/opt/ros/foxy/lib PYTHONPATH=/home/kgh/ws2/install/nav2_msgs/lib/python3.8/site-packages:/home/kgh/ws2/install/nav2_common/lib/python3.8/site-packages:/home/kgh/ws2/install/yzbot_description/lib/python3.8/site-packages:/home/kgh/ws2/install/yzbot_controller/lib/python3.8/site-packages:/home/kgh/ws2/install/dwb_msgs/lib/python3.8/site-packages:/home/kgh/ws2/install/nav_2d_msgs/lib/python3.8/site-packages:/home/kgh/ws2/install/nav2_gazebo_spawner/lib/python3.8/site-packages:/opt/ros/foxy/lib/python3.8/site-packages /usr/bin/cmake --build /home/kgh/ws2/build/nav2_amcl -- -j16 -l16
[0.200s] [ 46%] Built target map_lib
[0.201s] [ 50%] Built target pf_lib
[0.219s] [ 69%] Built target sensors_lib
[0.226s] [ 84%] Built target motions_lib
[0.246s] [35m[1mScanning dependencies of target amcl_core[0m
[0.278s] [ 88%] [32mBuilding CXX object CMakeFiles/amcl_core.dir/src/amcl_node.cpp.o[0m
[14.577s] [ 92%] [32m[1mLinking CXX shared library libamcl_core.so[0m
[14.837s] [ 92%] Built target amcl_core
[14.850s] [35m[1mScanning dependencies of target amcl[0m
[14.881s] [ 96%] [32mBuilding CXX object CMakeFiles/amcl.dir/src/main.cpp.o[0m
[16.928s] [100%] [32m[1mLinking CXX executable amcl[0m
[17.110s] [100%] Built target amcl
[17.123s] Invoked command in '/home/kgh/ws2/build/nav2_amcl' returned '0': CMAKE_PREFIX_PATH=/home/kgh/ws2/install/nav2_util:/home/kgh/ws2/install/nav2_msgs:/home/kgh/ws2/install/nav2_common:/home/kgh/ws2/install/yzbot_nav2:/home/kgh/ws2/install/yzbot_cartographer:/home/kgh/ws2/install/nav2_system_tests:/home/kgh/ws2/install/nav2_bringup:/home/kgh/ws2/install/navigation2:/home/kgh/ws2/install/smac_planner:/home/kgh/ws2/install/nav2_dwb_controller:/home/kgh/ws2/install/nav2_controller:/home/kgh/ws2/install/dwb_plugins:/home/kgh/ws2/install/dwb_critics:/home/kgh/ws2/install/dwb_core:/home/kgh/ws2/install/nav_2d_utils:/home/kgh/ws2/install/dwb_msgs:/home/kgh/ws2/install/nav_2d_msgs:/home/kgh/ws2/install/nav2_waypoint_follower:/home/kgh/ws2/install/nav2_regulated_pure_pursuit_controller:/home/kgh/ws2/install/nav2_recoveries:/home/kgh/ws2/install/nav2_planner:/home/kgh/ws2/install/nav2_navfn_planner:/home/kgh/ws2/install/nav2_core:/home/kgh/ws2/install/costmap_queue:/home/kgh/ws2/install/nav2_costmap_2d:/home/kgh/ws2/install/nav2_voxel_grid:/home/kgh/ws2/install/nav2_rviz_plugins:/home/kgh/ws2/install/nav2_map_server:/home/kgh/ws2/install/nav2_lifecycle_manager:/home/kgh/ws2/install/nav2_bt_navigator:/home/kgh/ws2/install/nav2_behavior_tree:/home/kgh/ws2/install/nav2_amcl:/home/kgh/ws2/install/yzbot_description:/home/kgh/ws2/install/yzbot_controller:/home/kgh/ws2/install/nav2_gazebo_spawner:/opt/ros/foxy LD_LIBRARY_PATH=/home/kgh/ws2/install/nav2_util/lib:/home/kgh/ws2/install/nav2_msgs/lib:/home/kgh/ws2/install/smac_planner/lib:/home/kgh/ws2/install/nav2_controller/lib:/home/kgh/ws2/install/dwb_plugins/lib:/home/kgh/ws2/install/dwb_critics/lib:/home/kgh/ws2/install/dwb_core/lib:/home/kgh/ws2/install/nav_2d_utils/lib:/home/kgh/ws2/install/dwb_msgs/lib:/home/kgh/ws2/install/nav_2d_msgs/lib:/home/kgh/ws2/install/nav2_waypoint_follower/lib:/home/kgh/ws2/install/nav2_regulated_pure_pursuit_controller/lib:/home/kgh/ws2/install/nav2_recoveries/lib:/home/kgh/ws2/install/nav2_planner/lib:/home/kgh/ws2/install/nav2_navfn_planner/lib:/home/kgh/ws2/install/costmap_queue/lib:/home/kgh/ws2/install/nav2_costmap_2d/lib:/home/kgh/ws2/install/nav2_voxel_grid/lib:/home/kgh/ws2/install/nav2_rviz_plugins/lib:/home/kgh/ws2/install/nav2_map_server/lib:/home/kgh/ws2/install/nav2_lifecycle_manager/lib:/home/kgh/ws2/install/nav2_bt_navigator/lib:/home/kgh/ws2/install/nav2_behavior_tree/lib:/home/kgh/ws2/install/nav2_amcl/lib:/usr/lib/x86_64-linux-gnu/gazebo-11/plugins:/opt/ros/foxy/opt/yaml_cpp_vendor/lib:/opt/ros/foxy/opt/rviz_ogre_vendor/lib:/opt/ros/foxy/lib/x86_64-linux-gnu:/opt/ros/foxy/lib PYTHONPATH=/home/kgh/ws2/install/nav2_msgs/lib/python3.8/site-packages:/home/kgh/ws2/install/nav2_common/lib/python3.8/site-packages:/home/kgh/ws2/install/yzbot_description/lib/python3.8/site-packages:/home/kgh/ws2/install/yzbot_controller/lib/python3.8/site-packages:/home/kgh/ws2/install/dwb_msgs/lib/python3.8/site-packages:/home/kgh/ws2/install/nav_2d_msgs/lib/python3.8/site-packages:/home/kgh/ws2/install/nav2_gazebo_spawner/lib/python3.8/site-packages:/opt/ros/foxy/lib/python3.8/site-packages /usr/bin/cmake --build /home/kgh/ws2/build/nav2_amcl -- -j16 -l16
[17.178s] Invoking command in '/home/kgh/ws2/build/nav2_amcl': CMAKE_PREFIX_PATH=/home/kgh/ws2/install/nav2_util:/home/kgh/ws2/install/nav2_msgs:/home/kgh/ws2/install/nav2_common:/home/kgh/ws2/install/yzbot_nav2:/home/kgh/ws2/install/yzbot_cartographer:/home/kgh/ws2/install/nav2_system_tests:/home/kgh/ws2/install/nav2_bringup:/home/kgh/ws2/install/navigation2:/home/kgh/ws2/install/smac_planner:/home/kgh/ws2/install/nav2_dwb_controller:/home/kgh/ws2/install/nav2_controller:/home/kgh/ws2/install/dwb_plugins:/home/kgh/ws2/install/dwb_critics:/home/kgh/ws2/install/dwb_core:/home/kgh/ws2/install/nav_2d_utils:/home/kgh/ws2/install/dwb_msgs:/home/kgh/ws2/install/nav_2d_msgs:/home/kgh/ws2/install/nav2_waypoint_follower:/home/kgh/ws2/install/nav2_regulated_pure_pursuit_controller:/home/kgh/ws2/install/nav2_recoveries:/home/kgh/ws2/install/nav2_planner:/home/kgh/ws2/install/nav2_navfn_planner:/home/kgh/ws2/install/nav2_core:/home/kgh/ws2/install/costmap_queue:/home/kgh/ws2/install/nav2_costmap_2d:/home/kgh/ws2/install/nav2_voxel_grid:/home/kgh/ws2/install/nav2_rviz_plugins:/home/kgh/ws2/install/nav2_map_server:/home/kgh/ws2/install/nav2_lifecycle_manager:/home/kgh/ws2/install/nav2_bt_navigator:/home/kgh/ws2/install/nav2_behavior_tree:/home/kgh/ws2/install/nav2_amcl:/home/kgh/ws2/install/yzbot_description:/home/kgh/ws2/install/yzbot_controller:/home/kgh/ws2/install/nav2_gazebo_spawner:/opt/ros/foxy LD_LIBRARY_PATH=/home/kgh/ws2/install/nav2_util/lib:/home/kgh/ws2/install/nav2_msgs/lib:/home/kgh/ws2/install/smac_planner/lib:/home/kgh/ws2/install/nav2_controller/lib:/home/kgh/ws2/install/dwb_plugins/lib:/home/kgh/ws2/install/dwb_critics/lib:/home/kgh/ws2/install/dwb_core/lib:/home/kgh/ws2/install/nav_2d_utils/lib:/home/kgh/ws2/install/dwb_msgs/lib:/home/kgh/ws2/install/nav_2d_msgs/lib:/home/kgh/ws2/install/nav2_waypoint_follower/lib:/home/kgh/ws2/install/nav2_regulated_pure_pursuit_controller/lib:/home/kgh/ws2/install/nav2_recoveries/lib:/home/kgh/ws2/install/nav2_planner/lib:/home/kgh/ws2/install/nav2_navfn_planner/lib:/home/kgh/ws2/install/costmap_queue/lib:/home/kgh/ws2/install/nav2_costmap_2d/lib:/home/kgh/ws2/install/nav2_voxel_grid/lib:/home/kgh/ws2/install/nav2_rviz_plugins/lib:/home/kgh/ws2/install/nav2_map_server/lib:/home/kgh/ws2/install/nav2_lifecycle_manager/lib:/home/kgh/ws2/install/nav2_bt_navigator/lib:/home/kgh/ws2/install/nav2_behavior_tree/lib:/home/kgh/ws2/install/nav2_amcl/lib:/usr/lib/x86_64-linux-gnu/gazebo-11/plugins:/opt/ros/foxy/opt/yaml_cpp_vendor/lib:/opt/ros/foxy/opt/rviz_ogre_vendor/lib:/opt/ros/foxy/lib/x86_64-linux-gnu:/opt/ros/foxy/lib PYTHONPATH=/home/kgh/ws2/install/nav2_msgs/lib/python3.8/site-packages:/home/kgh/ws2/install/nav2_common/lib/python3.8/site-packages:/home/kgh/ws2/install/yzbot_description/lib/python3.8/site-packages:/home/kgh/ws2/install/yzbot_controller/lib/python3.8/site-packages:/home/kgh/ws2/install/dwb_msgs/lib/python3.8/site-packages:/home/kgh/ws2/install/nav_2d_msgs/lib/python3.8/site-packages:/home/kgh/ws2/install/nav2_gazebo_spawner/lib/python3.8/site-packages:/opt/ros/foxy/lib/python3.8/site-packages /usr/bin/cmake --install /home/kgh/ws2/build/nav2_amcl
[17.190s] -- Install configuration: "Release"
[17.190s] -- Installing: /home/kgh/ws2/install/nav2_amcl/lib/libamcl_core.so
[17.191s] -- Set runtime path of "/home/kgh/ws2/install/nav2_amcl/lib/libamcl_core.so" to ""
[17.192s] -- Installing: /home/kgh/ws2/install/nav2_amcl/lib/nav2_amcl/amcl
[17.192s] -- Set runtime path of "/home/kgh/ws2/install/nav2_amcl/lib/nav2_amcl/amcl" to ""
[17.192s] -- Up-to-date: /home/kgh/ws2/install/nav2_amcl/include/
[17.192s] -- Up-to-date: /home/kgh/ws2/install/nav2_amcl/include//nav2_amcl
[17.192s] -- Up-to-date: /home/kgh/ws2/install/nav2_amcl/include//nav2_amcl/motion_model
[17.192s] -- Up-to-date: /home/kgh/ws2/install/nav2_amcl/include//nav2_amcl/motion_model/motion_model.hpp
[17.192s] -- Up-to-date: /home/kgh/ws2/install/nav2_amcl/include//nav2_amcl/map
[17.192s] -- Installing: /home/kgh/ws2/install/nav2_amcl/include//nav2_amcl/map/map.hpp
[17.192s] -- Up-to-date: /home/kgh/ws2/install/nav2_amcl/include//nav2_amcl/pf
[17.193s] -- Up-to-date: /home/kgh/ws2/install/nav2_amcl/include//nav2_amcl/pf/eig3.hpp
[17.193s] -- Installing: /home/kgh/ws2/install/nav2_amcl/include//nav2_amcl/pf/pf.hpp
[17.193s] -- Installing: /home/kgh/ws2/install/nav2_amcl/include//nav2_amcl/pf/pf_kdtree.hpp
[17.193s] -- Installing: /home/kgh/ws2/install/nav2_amcl/include//nav2_amcl/pf/pf_vector.hpp
[17.193s] -- Installing: /home/kgh/ws2/install/nav2_amcl/include//nav2_amcl/pf/pf_pdf.hpp
[17.193s] -- Up-to-date: /home/kgh/ws2/install/nav2_amcl/include//nav2_amcl/sensors
[17.193s] -- Up-to-date: /home/kgh/ws2/install/nav2_amcl/include//nav2_amcl/sensors/laser
[17.193s] -- Installing: /home/kgh/ws2/install/nav2_amcl/include//nav2_amcl/sensors/laser/laser.hpp
[17.193s] -- Up-to-date: /home/kgh/ws2/install/nav2_amcl/include//nav2_amcl/amcl_node.hpp
[17.193s] -- Installing: /home/kgh/ws2/install/nav2_amcl/include//nav2_amcl/angleutils.hpp
[17.193s] -- Up-to-date: /home/kgh/ws2/install/nav2_amcl/share/nav2_amcl/environment/library_path.sh
[17.193s] -- Up-to-date: /home/kgh/ws2/install/nav2_amcl/share/nav2_amcl/environment/library_path.dsv
[17.194s] -- Up-to-date: /home/kgh/ws2/install/nav2_amcl/share/ament_index/resource_index/package_run_dependencies/nav2_amcl
[17.194s] -- Up-to-date: /home/kgh/ws2/install/nav2_amcl/share/ament_index/resource_index/parent_prefix_path/nav2_amcl
[17.194s] -- Up-to-date: /home/kgh/ws2/install/nav2_amcl/share/nav2_amcl/environment/ament_prefix_path.sh
[17.194s] -- Up-to-date: /home/kgh/ws2/install/nav2_amcl/share/nav2_amcl/environment/ament_prefix_path.dsv
[17.194s] -- Up-to-date: /home/kgh/ws2/install/nav2_amcl/share/nav2_amcl/environment/path.sh
[17.194s] -- Up-to-date: /home/kgh/ws2/install/nav2_amcl/share/nav2_amcl/environment/path.dsv
[17.194s] -- Up-to-date: /home/kgh/ws2/install/nav2_amcl/share/nav2_amcl/local_setup.bash
[17.194s] -- Up-to-date: /home/kgh/ws2/install/nav2_amcl/share/nav2_amcl/local_setup.sh
[17.194s] -- Up-to-date: /home/kgh/ws2/install/nav2_amcl/share/nav2_amcl/local_setup.zsh
[17.194s] -- Up-to-date: /home/kgh/ws2/install/nav2_amcl/share/nav2_amcl/local_setup.dsv
[17.194s] -- Installing: /home/kgh/ws2/install/nav2_amcl/share/nav2_amcl/package.dsv
[17.194s] -- Up-to-date: /home/kgh/ws2/install/nav2_amcl/share/ament_index/resource_index/packages/nav2_amcl
[17.194s] -- Up-to-date: /home/kgh/ws2/install/nav2_amcl/share/nav2_amcl/cmake/ament_cmake_export_include_directories-extras.cmake
[17.194s] -- Up-to-date: /home/kgh/ws2/install/nav2_amcl/share/nav2_amcl/cmake/ament_cmake_export_libraries-extras.cmake
[17.194s] -- Up-to-date: /home/kgh/ws2/install/nav2_amcl/share/nav2_amcl/cmake/ament_cmake_export_dependencies-extras.cmake
[17.194s] -- Up-to-date: /home/kgh/ws2/install/nav2_amcl/share/nav2_amcl/cmake/nav2_amclConfig.cmake
[17.195s] -- Up-to-date: /home/kgh/ws2/install/nav2_amcl/share/nav2_amcl/cmake/nav2_amclConfig-version.cmake
[17.195s] -- Up-to-date: /home/kgh/ws2/install/nav2_amcl/share/nav2_amcl/package.xml
[17.195s] -- Installing: /home/kgh/ws2/install/nav2_amcl/lib/libpf_lib.so
[17.195s] -- Installing: /home/kgh/ws2/install/nav2_amcl/lib/libmap_lib.so
[17.195s] -- Installing: /home/kgh/ws2/install/nav2_amcl/lib/libmotions_lib.so
[17.195s] -- Set runtime path of "/home/kgh/ws2/install/nav2_amcl/lib/libmotions_lib.so" to ""
[17.195s] -- Installing: /home/kgh/ws2/install/nav2_amcl/lib/libsensors_lib.so
[17.195s] -- Set runtime path of "/home/kgh/ws2/install/nav2_amcl/lib/libsensors_lib.so" to ""
[17.198s] Invoked command in '/home/kgh/ws2/build/nav2_amcl' returned '0': CMAKE_PREFIX_PATH=/home/kgh/ws2/install/nav2_util:/home/kgh/ws2/install/nav2_msgs:/home/kgh/ws2/install/nav2_common:/home/kgh/ws2/install/yzbot_nav2:/home/kgh/ws2/install/yzbot_cartographer:/home/kgh/ws2/install/nav2_system_tests:/home/kgh/ws2/install/nav2_bringup:/home/kgh/ws2/install/navigation2:/home/kgh/ws2/install/smac_planner:/home/kgh/ws2/install/nav2_dwb_controller:/home/kgh/ws2/install/nav2_controller:/home/kgh/ws2/install/dwb_plugins:/home/kgh/ws2/install/dwb_critics:/home/kgh/ws2/install/dwb_core:/home/kgh/ws2/install/nav_2d_utils:/home/kgh/ws2/install/dwb_msgs:/home/kgh/ws2/install/nav_2d_msgs:/home/kgh/ws2/install/nav2_waypoint_follower:/home/kgh/ws2/install/nav2_regulated_pure_pursuit_controller:/home/kgh/ws2/install/nav2_recoveries:/home/kgh/ws2/install/nav2_planner:/home/kgh/ws2/install/nav2_navfn_planner:/home/kgh/ws2/install/nav2_core:/home/kgh/ws2/install/costmap_queue:/home/kgh/ws2/install/nav2_costmap_2d:/home/kgh/ws2/install/nav2_voxel_grid:/home/kgh/ws2/install/nav2_rviz_plugins:/home/kgh/ws2/install/nav2_map_server:/home/kgh/ws2/install/nav2_lifecycle_manager:/home/kgh/ws2/install/nav2_bt_navigator:/home/kgh/ws2/install/nav2_behavior_tree:/home/kgh/ws2/install/nav2_amcl:/home/kgh/ws2/install/yzbot_description:/home/kgh/ws2/install/yzbot_controller:/home/kgh/ws2/install/nav2_gazebo_spawner:/opt/ros/foxy LD_LIBRARY_PATH=/home/kgh/ws2/install/nav2_util/lib:/home/kgh/ws2/install/nav2_msgs/lib:/home/kgh/ws2/install/smac_planner/lib:/home/kgh/ws2/install/nav2_controller/lib:/home/kgh/ws2/install/dwb_plugins/lib:/home/kgh/ws2/install/dwb_critics/lib:/home/kgh/ws2/install/dwb_core/lib:/home/kgh/ws2/install/nav_2d_utils/lib:/home/kgh/ws2/install/dwb_msgs/lib:/home/kgh/ws2/install/nav_2d_msgs/lib:/home/kgh/ws2/install/nav2_waypoint_follower/lib:/home/kgh/ws2/install/nav2_regulated_pure_pursuit_controller/lib:/home/kgh/ws2/install/nav2_recoveries/lib:/home/kgh/ws2/install/nav2_planner/lib:/home/kgh/ws2/install/nav2_navfn_planner/lib:/home/kgh/ws2/install/costmap_queue/lib:/home/kgh/ws2/install/nav2_costmap_2d/lib:/home/kgh/ws2/install/nav2_voxel_grid/lib:/home/kgh/ws2/install/nav2_rviz_plugins/lib:/home/kgh/ws2/install/nav2_map_server/lib:/home/kgh/ws2/install/nav2_lifecycle_manager/lib:/home/kgh/ws2/install/nav2_bt_navigator/lib:/home/kgh/ws2/install/nav2_behavior_tree/lib:/home/kgh/ws2/install/nav2_amcl/lib:/usr/lib/x86_64-linux-gnu/gazebo-11/plugins:/opt/ros/foxy/opt/yaml_cpp_vendor/lib:/opt/ros/foxy/opt/rviz_ogre_vendor/lib:/opt/ros/foxy/lib/x86_64-linux-gnu:/opt/ros/foxy/lib PYTHONPATH=/home/kgh/ws2/install/nav2_msgs/lib/python3.8/site-packages:/home/kgh/ws2/install/nav2_common/lib/python3.8/site-packages:/home/kgh/ws2/install/yzbot_description/lib/python3.8/site-packages:/home/kgh/ws2/install/yzbot_controller/lib/python3.8/site-packages:/home/kgh/ws2/install/dwb_msgs/lib/python3.8/site-packages:/home/kgh/ws2/install/nav_2d_msgs/lib/python3.8/site-packages:/home/kgh/ws2/install/nav2_gazebo_spawner/lib/python3.8/site-packages:/opt/ros/foxy/lib/python3.8/site-packages /usr/bin/cmake --install /home/kgh/ws2/build/nav2_amcl
