[01m[K/home/kgh/ws2/src/yzbot_stm32connect/src/impl/list_ports/list_ports_linux.cc:[m[K In function ‘[01m[Kstd::vector<std::__cxx11::basic_string<char> > glob(const std::vector<std::__cxx11::basic_string<char> >&)[m[K’:
[01m[K/home/kgh/ws2/src/yzbot_stm32connect/src/impl/list_ports/list_ports_linux.cc:66:40:[m[K [01;35m[Kwarning: [m[Kcomparison of integer expressions of different signedness: ‘[01m[Kint[m[K’ and ‘[01m[Ksize_t[m[K’ {aka ‘[01m[Klong unsigned int[m[K’} [[01;35m[K-Wsign-compare[m[K]
   66 |     for(int path_index = 0; [01;35m[Kpath_index < glob_results.gl_pathc[m[K; path_index++)
      |                             [01;35m[K~~~~~~~~~~~^~~~~~~~~~~~~~~~~~~~~~~[m[K
[01m[K/home/kgh/ws2/src/yzbot_stm32connect/src/impl/list_ports/list_ports_linux.cc:57:9:[m[K [01;35m[Kwarning: [m[Kvariable ‘[01m[Kglob_retval[m[K’ set but not used [[01;35m[K-Wunused-but-set-variable[m[K]
   57 |     int [01;35m[Kglob_retval[m[K = glob(patterns[0].c_str(), 0, NULL, &glob_results);
      |         [01;35m[K^~~~~~~~~~~[m[K
[01m[K/home/kgh/ws2/src/yzbot_stm32connect/src/impl/list_ports/list_ports_linux.cc:[m[K In function ‘[01m[Kstd::string format(const char*, ...)[m[K’:
[01m[K/home/kgh/ws2/src/yzbot_stm32connect/src/impl/list_ports/list_ports_linux.cc:246:31:[m[K [01;35m[Kwarning: [m[Kcomparison of integer expressions of different signedness: ‘[01m[Kint[m[K’ and ‘[01m[Ksize_t[m[K’ {aka ‘[01m[Klong unsigned int[m[K’} [[01;35m[K-Wsign-compare[m[K]
  246 |         else if( [01;35m[Kreturn_value >= buffer_size_bytes[m[K )
      |                  [01;35m[K~~~~~~~~~~~~~^~~~~~~~~~~~~~~~~~~~[m[K
[01m[K/home/kgh/ws2/src/yzbot_stm32connect/src/plc.cpp:[m[K In member function ‘[01m[Kint PLC::pubOdom(short int, short int, short int, short int, float, float, float, float)[m[K’:
[01m[K/home/kgh/ws2/src/yzbot_stm32connect/src/plc.cpp:66:28:[m[K [01;35m[Kwarning: [m[Kunused parameter ‘[01m[Kvx[m[K’ [[01;35m[K-Wunused-parameter[m[K]
   66 | int PLC::pubOdom([01;35m[Kshort int vx[m[K, short int vy, short int t1, short int t2, float angle_v, float angle, float n_vx, float n_vth)
      |                  [01;35m[K~~~~~~~~~~^~[m[K
[01m[K/home/kgh/ws2/src/yzbot_stm32connect/src/plc.cpp:66:42:[m[K [01;35m[Kwarning: [m[Kunused parameter ‘[01m[Kvy[m[K’ [[01;35m[K-Wunused-parameter[m[K]
   66 | int PLC::pubOdom(short int vx, [01;35m[Kshort int vy[m[K, short int t1, short int t2, float angle_v, float angle, float n_vx, float n_vth)
      |                                [01;35m[K~~~~~~~~~~^~[m[K
[01m[K/home/kgh/ws2/src/yzbot_stm32connect/src/plc.cpp:66:80:[m[K [01;35m[Kwarning: [m[Kunused parameter ‘[01m[Kangle_v[m[K’ [[01;35m[K-Wunused-parameter[m[K]
   66 | int PLC::pubOdom(short int vx, short int vy, short int t1, short int t2, [01;35m[Kfloat angle_v[m[K, float angle, float n_vx, float n_vth)
      |                                                                          [01;35m[K~~~~~~^~~~~~~[m[K
[01m[K/home/kgh/ws2/src/yzbot_stm32connect/src/plc.cpp:66:108:[m[K [01;35m[Kwarning: [m[Kunused parameter ‘[01m[Kn_vx[m[K’ [[01;35m[K-Wunused-parameter[m[K]
   66 | int PLC::pubOdom(short int vx, short int vy, short int t1, short int t2, float angle_v, float angle, [01;35m[Kfloat n_vx[m[K, float n_vth)
      |                                                                                                      [01;35m[K~~~~~~^~~~[m[K
[01m[K/home/kgh/ws2/src/yzbot_stm32connect/src/plc.cpp:66:120:[m[K [01;35m[Kwarning: [m[Kunused parameter ‘[01m[Kn_vth[m[K’ [[01;35m[K-Wunused-parameter[m[K]
   66 | int PLC::pubOdom(short int vx, short int vy, short int t1, short int t2, float angle_v, float angle, float n_vx, [01;35m[Kfloat n_vth[m[K)
      |                                                                                                                  [01;35m[K~~~~~~^~~~~[m[K
[01m[K/home/kgh/ws2/src/yzbot_stm32connect/src/plc.cpp:[m[K In member function ‘[01m[Kvoid PLC::pubRobotPose(int, int, double, double)[m[K’:
[01m[K/home/kgh/ws2/src/yzbot_stm32connect/src/plc.cpp:191:18:[m[K [01;35m[Kwarning: [m[Kunused variable ‘[01m[Ktrueth_angle[m[K’ [[01;35m[K-Wunused-variable[m[K]
  191 |     static float [01;35m[Ktrueth_angle[m[K = 0;
      |                  [01;35m[K^~~~~~~~~~~~[m[K
[01m[K/home/kgh/ws2/src/yzbot_stm32connect/src/plc.cpp:195:12:[m[K [01;35m[Kwarning: [m[Kunused variable ‘[01m[Kdt[m[K’ [[01;35m[K-Wunused-variable[m[K]
  195 |     double [01;35m[Kdt[m[K = (current_time - robot_pose_lasttime).seconds();
      |            [01;35m[K^~[m[K
[01m[K/home/kgh/ws2/src/yzbot_stm32connect/src/plc.cpp:201:12:[m[K [01;35m[Kwarning: [m[Kunused variable ‘[01m[Ksin_y[m[K’ [[01;35m[K-Wunused-variable[m[K]
  201 |     double [01;35m[Ksin_y[m[K = sin(my_robot_pose.robot_yaw + dt_th/2.0);
      |            [01;35m[K^~~~~[m[K
[01m[K/home/kgh/ws2/src/yzbot_stm32connect/src/plc.cpp:188:72:[m[K [01;35m[Kwarning: [m[Kunused parameter ‘[01m[Kangle_l[m[K’ [[01;35m[K-Wunused-parameter[m[K]
  188 | void PLC::pubRobotPose(int left_t, int right_t, double angle_t, [01;35m[Kdouble angle_l[m[K)
      |                                                                 [01;35m[K~~~~~~~^~~~~~~[m[K
[01m[K/home/kgh/ws2/src/yzbot_stm32connect/src/plc.cpp:[m[K In member function ‘[01m[Kvoid PLC::odomTimerDeal()[m[K’:
[01m[K/home/kgh/ws2/src/yzbot_stm32connect/src/plc.cpp:265:9:[m[K [01;35m[Kwarning: [m[Kunused variable ‘[01m[Kget_odom[m[K’ [[01;35m[K-Wunused-variable[m[K]
  265 |     int [01;35m[Kget_odom[m[K = mRobotSerial->getOdom(frameIndex, t1, t2, dbTh, dbTh_l, dbVth, fmq_status_flag, vx, vth);
      |         [01;35m[K^~~~~~~~[m[K
[01m[K/home/kgh/ws2/src/yzbot_stm32connect/src/plc.cpp:[m[K In member function ‘[01m[Kvoid PLC::getAutoSpeed()[m[K’:
[01m[K/home/kgh/ws2/src/yzbot_stm32connect/src/plc.cpp:275:9:[m[K [01;35m[Kwarning: [m[Kunused variable ‘[01m[Kautospeed[m[K’ [[01;35m[K-Wunused-variable[m[K]
  275 |     int [01;35m[Kautospeed[m[K = mRobotSerial->getAutoSpeed();
      |         [01;35m[K^~~~~~~~~[m[K
[01m[K/home/kgh/ws2/src/yzbot_stm32connect/src/robotserial.cpp:[m[K In function ‘[01m[Kvoid* Timer_Callback(void*)[m[K’:
[01m[K/home/kgh/ws2/src/yzbot_stm32connect/src/robotserial.cpp:7:28:[m[K [01;35m[Kwarning: [m[Kunused parameter ‘[01m[Karge[m[K’ [[01;35m[K-Wunused-parameter[m[K]
    7 | void *Timer_Callback([01;35m[Kvoid *arge[m[K)
      |                      [01;35m[K~~~~~~^~~~[m[K
[01m[K/home/kgh/ws2/src/yzbot_stm32connect/src/robotserial.cpp:[m[K In constructor ‘[01m[KRobotSerial::RobotSerial(std::shared_ptr<serial::Serial>)[m[K’:
[01m[K/home/kgh/ws2/src/yzbot_stm32connect/src/robotserial.cpp:31:9:[m[K [01;35m[Kwarning: [m[Kunused variable ‘[01m[Kret[m[K’ [[01;35m[K-Wunused-variable[m[K]
   31 |     int [01;35m[Kret[m[K = pthread_create(&pid, &attr, Timer_Callback, NULL);
      |         [01;35m[K^~~[m[K
[01m[K/home/kgh/ws2/src/yzbot_stm32connect/src/robotserial.cpp:[m[K In member function ‘[01m[Kint8_t RobotSerial::robotSerialRead()[m[K’:
[01m[K/home/kgh/ws2/src/yzbot_stm32connect/src/robotserial.cpp:51:11:[m[K [01;35m[Kwarning: [m[Kunused variable ‘[01m[Kread_byte[m[K’ [[01;35m[K-Wunused-variable[m[K]
   51 |    size_t [01;35m[Kread_byte[m[K = mSerial->read(RecvBUF+2, 17);
      |           [01;35m[K^~~~~~~~~[m[K
[01m[K/home/kgh/ws2/src/yzbot_stm32connect/src/robotserial.cpp:[m[K In member function ‘[01m[Kint RobotSerial::getPms(int&, int&)[m[K’:
[01m[K/home/kgh/ws2/src/yzbot_stm32connect/src/robotserial.cpp:201:35:[m[K [01;35m[Kwarning: [m[Kvariable ‘[01m[KrecvFrameIndex[m[K’ set but not used [[01;35m[K-Wunused-but-set-variable[m[K]
  201 |                     unsigned char [01;35m[KrecvFrameIndex[m[K = 0;
      |                                   [01;35m[K^~~~~~~~~~~~~~[m[K
[01m[K/home/kgh/ws2/src/yzbot_stm32connect/src/robotserial.cpp:[m[K In member function ‘[01m[Kint8_t RobotSerial::getOdom(unsigned char&, int16_t&, int16_t&, float&, float&, float&, int, int16_t&, int16_t&)[m[K’:
[01m[K/home/kgh/ws2/src/yzbot_stm32connect/src/robotserial.cpp:392:31:[m[K [01;35m[Kwarning: [m[K‘[01m[Kint ftime(timeb*)[m[K’ is deprecated [[01;35m[K-Wdeprecated-declarations[m[K]
  392 |                 ftime(&stTimeb[01;35m[K)[m[K;
      |                               [01;35m[K^[m[K
In file included from [01m[K/home/kgh/ws2/src/yzbot_stm32connect/include/robotserial.hpp:9[m[K,
                 from [01m[K/home/kgh/ws2/src/yzbot_stm32connect/src/robotserial.cpp:1[m[K:
[01m[K/usr/include/x86_64-linux-gnu/sys/timeb.h:39:12:[m[K [01;36m[Knote: [m[Kdeclared here
   39 | extern int [01;36m[Kftime[m[K (struct timeb *__timebuf)
      |            [01;36m[K^~~~~[m[K
[01m[K/home/kgh/ws2/src/yzbot_stm32connect/src/robotserial.cpp:392:31:[m[K [01;35m[Kwarning: [m[K‘[01m[Kint ftime(timeb*)[m[K’ is deprecated [[01;35m[K-Wdeprecated-declarations[m[K]
  392 |                 ftime(&stTimeb[01;35m[K)[m[K;
      |                               [01;35m[K^[m[K
In file included from [01m[K/home/kgh/ws2/src/yzbot_stm32connect/include/robotserial.hpp:9[m[K,
                 from [01m[K/home/kgh/ws2/src/yzbot_stm32connect/src/robotserial.cpp:1[m[K:
[01m[K/usr/include/x86_64-linux-gnu/sys/timeb.h:39:12:[m[K [01;36m[Knote: [m[Kdeclared here
   39 | extern int [01;36m[Kftime[m[K (struct timeb *__timebuf)
      |            [01;36m[K^~~~~[m[K
[01m[K/home/kgh/ws2/src/yzbot_stm32connect/src/robotserial.cpp:355:30:[m[K [01;35m[Kwarning: [m[Kvariable ‘[01m[Kper_get_Angle[m[K’ set but not used [[01;35m[K-Wunused-but-set-variable[m[K]
  355 |                 static float [01;35m[Kper_get_Angle[m[K = 0;
      |                              [01;35m[K^~~~~~~~~~~~~[m[K
[01m[K/home/kgh/ws2/src/yzbot_stm32connect/src/robotserial.cpp:310:18:[m[K [01;35m[Kwarning: [m[Kunused variable ‘[01m[Kangle_per[m[K’ [[01;35m[K-Wunused-variable[m[K]
  310 |     static float [01;35m[Kangle_per[m[K = 0;
      |                  [01;35m[K^~~~~~~~~[m[K
[01m[K/home/kgh/ws2/src/yzbot_stm32connect/src/robotserial.cpp:[m[K In member function ‘[01m[Kint8_t RobotSerial::getAutoSpeed()[m[K’:
[01m[K/home/kgh/ws2/src/yzbot_stm32connect/src/robotserial.cpp:458:24:[m[K [01;35m[Kwarning: [m[Kunused variable ‘[01m[Klinear[m[K’ [[01;35m[K-Wunused-variable[m[K]
  458 |                 double [01;35m[Klinear[m[K = (short)((RecvBUF[8]<<8) + RecvBUF[9]);     // 线速度
      |                        [01;35m[K^~~~~~[m[K
[01m[K/home/kgh/ws2/src/yzbot_stm32connect/src/robotserial.cpp:459:24:[m[K [01;35m[Kwarning: [m[Kunused variable ‘[01m[Kangular[m[K’ [[01;35m[K-Wunused-variable[m[K]
  459 |                 double [01;35m[Kangular[m[K = (short)((RecvBUF[10]<<8) + RecvBUF[11]);  // 角速度
      |                        [01;35m[K^~~~~~~[m[K
[01m[K/home/kgh/ws2/src/yzbot_stm32connect/src/robotserial.cpp:460:21:[m[K [01;35m[Kwarning: [m[Kunused variable ‘[01m[KautoChargeTaskFlag[m[K’ [[01;35m[K-Wunused-variable[m[K]
  460 |                 int [01;35m[KautoChargeTaskFlag[m[K = RecvBUF[12];
      |                     [01;35m[K^~~~~~~~~~~~~~~~~~[m[K
[01m[K/home/kgh/ws2/src/yzbot_stm32connect/src/robotserial.cpp:461:21:[m[K [01;35m[Kwarning: [m[Kunused variable ‘[01m[KEmergency_flag[m[K’ [[01;35m[K-Wunused-variable[m[K]
  461 |                 int [01;35m[KEmergency_flag[m[K = RecvBUF[13];
      |                     [01;35m[K^~~~~~~~~~~~~~[m[K
[01m[K/home/kgh/ws2/src/yzbot_stm32connect/src/robotserial.cpp:462:21:[m[K [01;35m[Kwarning: [m[Kunused variable ‘[01m[KreChargeFlag[m[K’ [[01;35m[K-Wunused-variable[m[K]
  462 |                 int [01;35m[KreChargeFlag[m[K = RecvBUF[14];
      |                     [01;35m[K^~~~~~~~~~~~[m[K
[01m[K/home/kgh/ws2/src/yzbot_stm32connect/src/robotserial.cpp:[m[K In member function ‘[01m[Kint8_t RobotSerial::setSensorEn(int, int)[m[K’:
[01m[K/home/kgh/ws2/src/yzbot_stm32connect/src/robotserial.cpp:514:13:[m[K [01;35m[Kwarning: [m[Kunused variable ‘[01m[KcarLight_result[m[K’ [[01;35m[K-Wunused-variable[m[K]
  514 |         int [01;35m[KcarLight_result[m[K = RecvBUF[9];
      |             [01;35m[K^~~~~~~~~~~~~~~[m[K
[01m[K/home/kgh/ws2/src/yzbot_stm32connect/src/robotserial.cpp:515:13:[m[K [01;35m[Kwarning: [m[Kunused variable ‘[01m[KturnLight_result[m[K’ [[01;35m[K-Wunused-variable[m[K]
  515 |         int [01;35m[KturnLight_result[m[K = RecvBUF[10];
      |             [01;35m[K^~~~~~~~~~~~~~~~[m[K
[01m[K/home/kgh/ws2/src/yzbot_stm32connect/src/robotserial.cpp:[m[K In member function ‘[01m[Kint RobotSerial::getUltrasoundResult(int&, int&)[m[K’:
[01m[K/home/kgh/ws2/src/yzbot_stm32connect/src/robotserial.cpp:600:31:[m[K [01;35m[Kwarning: [m[Kunused variable ‘[01m[KrecvFrameIndex[m[K’ [[01;35m[K-Wunused-variable[m[K]
  600 |                 unsigned char [01;35m[KrecvFrameIndex[m[K = 0;
      |                               [01;35m[K^~~~~~~~~~~~~~[m[K
[01m[K/home/kgh/ws2/src/yzbot_stm32connect/src/robotserial.cpp:601:31:[m[K [01;35m[Kwarning: [m[Kunused variable ‘[01m[Kcmd[m[K’ [[01;35m[K-Wunused-variable[m[K]
  601 |                 unsigned char [01;35m[Kcmd[m[K;
      |                               [01;35m[K^~~[m[K
[01m[K/home/kgh/ws2/src/yzbot_stm32connect/src/robotserial.cpp:569:16:[m[K [01;35m[Kwarning: [m[Kunused variable ‘[01m[Ktmp[m[K’ [[01;35m[K-Wunused-variable[m[K]
  569 |     static int [01;35m[Ktmp[m[K = 0;
      |                [01;35m[K^~~[m[K
[01m[K/home/kgh/ws2/src/yzbot_stm32connect/src/robotserial.cpp:[m[K In member function ‘[01m[Kint8_t RobotSerial::robotSerialRead()[m[K’:
[01m[K/home/kgh/ws2/src/yzbot_stm32connect/src/robotserial.cpp:67:1:[m[K [01;35m[Kwarning: [m[Kcontrol reaches end of non-void function [[01;35m[K-Wreturn-type[m[K]
   67 | [01;35m[K}[m[K
      | [01;35m[K^[m[K
[01m[K/home/kgh/ws2/src/yzbot_stm32connect/src/robotserial.cpp:[m[K At global scope:
[01m[K/home/kgh/ws2/src/yzbot_stm32connect/src/robotserial.cpp:569:16:[m[K [01;35m[Kwarning: [m[K‘[01m[Ktmp[m[K’ defined but not used [[01;35m[K-Wunused-variable[m[K]
  569 |     static int [01;35m[Ktmp[m[K = 0;
      |                [01;35m[K^~~[m[K
[01m[K/home/kgh/ws2/src/yzbot_stm32connect/src/robotserial.cpp:310:18:[m[K [01;35m[Kwarning: [m[K‘[01m[Kangle_per[m[K’ defined but not used [[01;35m[K-Wunused-variable[m[K]
  310 |     static float [01;35m[Kangle_per[m[K = 0;
      |                  [01;35m[K^~~~~~~~~[m[K
[01m[K/home/kgh/ws2/src/yzbot_stm32connect/src/plc.cpp:[m[K At global scope:
[01m[K/home/kgh/ws2/src/yzbot_stm32connect/src/plc.cpp:191:18:[m[K [01;35m[Kwarning: [m[K‘[01m[Ktrueth_angle[m[K’ defined but not used [[01;35m[K-Wunused-variable[m[K]
  191 |     static float [01;35m[Ktrueth_angle[m[K = 0;
      |                  [01;35m[K^~~~~~~~~~~~[m[K
[01m[K/home/kgh/ws2/src/yzbot_stm32connect/src/stm32_connect.cpp:[m[K In member function ‘[01m[Kvoid Stm32_Connect::timerCallback()[m[K’:
[01m[K/home/kgh/ws2/src/yzbot_stm32connect/src/stm32_connect.cpp:128:37:[m[K [01;35m[Kwarning: [m[K‘[01m[Kpitch_offset[m[K’ may be used uninitialized in this function [[01;35m[K-Wmaybe-uninitialized[m[K]
  128 |         [01;35m[KRobotSerial_->setAngleOffset(level_offset, pitch_offset)[m[K;
      |         [01;35m[K~~~~~~~~~~~~~~~~~~~~~~~~~~~~^~~~~~~~~~~~~~~~~~~~~~~~~~~~[m[K
