[0.130s] Invoking command in '/home/kgh/ws2/build/nav2_util': CMAKE_PREFIX_PATH=/home/kgh/ws2/install/nav2_msgs:/home/kgh/ws2/install/nav2_common:/home/kgh/ws2/install/yzbot_nav2:/home/kgh/ws2/install/yzbot_navigation2:/home/kgh/ws2/install/yzbot_cartographer:/home/kgh/ws2/install/nav2_system_tests:/home/kgh/ws2/install/fishbot_navigation2:/home/kgh/ws2/install/nav2_bringup:/home/kgh/ws2/install/navigation2:/home/kgh/ws2/install/smac_planner:/home/kgh/ws2/install/nav2_dwb_controller:/home/kgh/ws2/install/nav2_controller:/home/kgh/ws2/install/dwb_plugins:/home/kgh/ws2/install/dwb_critics:/home/kgh/ws2/install/dwb_core:/home/kgh/ws2/install/nav_2d_utils:/home/kgh/ws2/install/dwb_msgs:/home/kgh/ws2/install/nav_2d_msgs:/home/kgh/ws2/install/nav2_waypoint_follower:/home/kgh/ws2/install/nav2_regulated_pure_pursuit_controller:/home/kgh/ws2/install/nav2_recoveries:/home/kgh/ws2/install/nav2_planner:/home/kgh/ws2/install/nav2_navfn_planner:/home/kgh/ws2/install/nav2_core:/home/kgh/ws2/install/costmap_queue:/home/kgh/ws2/install/nav2_costmap_2d:/home/kgh/ws2/install/nav2_voxel_grid:/home/kgh/ws2/install/nav2_rviz_plugins:/home/kgh/ws2/install/nav2_map_server:/home/kgh/ws2/install/nav2_lifecycle_manager:/home/kgh/ws2/install/nav2_bt_navigator:/home/kgh/ws2/install/nav2_behavior_tree:/home/kgh/ws2/install/nav2_amcl:/home/kgh/ws2/install/nav2_util:/home/kgh/ws2/install/fishbot_cartographer:/home/kgh/ws2/install/cartographer_ros:/home/kgh/ws2/install/cartographer_ros_msgs:/home/kgh/ws2/install/cartographer:/home/kgh/ws2/install/yzbot_description:/home/kgh/ws2/install/yzbot_controller:/home/kgh/ws2/install/fishbot_description:/home/kgh/ws2/install/nav2_gazebo_spawner:/home/kgh/ws2/install/fishbot_controller:/opt/ros/foxy LD_LIBRARY_PATH=/home/kgh/ws2/install/nav2_msgs/lib:/home/kgh/ws2/install/smac_planner/lib:/home/kgh/ws2/install/nav2_controller/lib:/home/kgh/ws2/install/dwb_plugins/lib:/home/kgh/ws2/install/dwb_critics/lib:/home/kgh/ws2/install/dwb_core/lib:/home/kgh/ws2/install/nav_2d_utils/lib:/home/kgh/ws2/install/dwb_msgs/lib:/home/kgh/ws2/install/nav_2d_msgs/lib:/home/kgh/ws2/install/nav2_waypoint_follower/lib:/home/kgh/ws2/install/nav2_regulated_pure_pursuit_controller/lib:/home/kgh/ws2/install/nav2_recoveries/lib:/home/kgh/ws2/install/nav2_planner/lib:/home/kgh/ws2/install/nav2_navfn_planner/lib:/home/kgh/ws2/install/costmap_queue/lib:/home/kgh/ws2/install/nav2_costmap_2d/lib:/home/kgh/ws2/install/nav2_voxel_grid/lib:/home/kgh/ws2/install/nav2_rviz_plugins/lib:/home/kgh/ws2/install/nav2_map_server/lib:/home/kgh/ws2/install/nav2_lifecycle_manager/lib:/home/kgh/ws2/install/nav2_bt_navigator/lib:/home/kgh/ws2/install/nav2_behavior_tree/lib:/home/kgh/ws2/install/nav2_amcl/lib:/home/kgh/ws2/install/nav2_util/lib:/home/kgh/ws2/install/cartographer_ros_msgs/lib:/usr/lib/x86_64-linux-gnu/gazebo-11/plugins:/opt/ros/foxy/opt/yaml_cpp_vendor/lib:/opt/ros/foxy/opt/rviz_ogre_vendor/lib:/opt/ros/foxy/lib/x86_64-linux-gnu:/opt/ros/foxy/lib PYTHONPATH=/home/kgh/ws2/install/nav2_msgs/lib/python3.8/site-packages:/home/kgh/ws2/install/nav2_common/lib/python3.8/site-packages:/home/kgh/ws2/install/yzbot_description/lib/python3.8/site-packages:/home/kgh/ws2/install/yzbot_controller/lib/python3.8/site-packages:/home/kgh/ws2/install/fishbot_description/lib/python3.8/site-packages:/home/kgh/ws2/install/dwb_msgs/lib/python3.8/site-packages:/home/kgh/ws2/install/nav_2d_msgs/lib/python3.8/site-packages:/home/kgh/ws2/install/nav2_gazebo_spawner/lib/python3.8/site-packages:/home/kgh/ws2/install/fishbot_controller/lib/python3.8/site-packages:/home/kgh/ws2/install/cartographer_ros_msgs/lib/python3.8/site-packages:/opt/ros/foxy/lib/python3.8/site-packages /usr/bin/cmake /home/kgh/ws2/src/navigation2/nav2_util -DCMAKE_INSTALL_PREFIX=/home/kgh/ws2/install/nav2_util
[0.192s] -- The C compiler identification is GNU 9.4.0
[0.250s] -- The CXX compiler identification is GNU 9.4.0
[0.261s] -- Check for working C compiler: /usr/bin/cc
[0.349s] -- Check for working C compiler: /usr/bin/cc -- works
[0.351s] -- Detecting C compiler ABI info
[0.438s] -- Detecting C compiler ABI info - done
[0.448s] -- Detecting C compile features
[0.448s] -- Detecting C compile features - done
[0.450s] -- Check for working CXX compiler: /usr/bin/c++
[0.545s] -- Check for working CXX compiler: /usr/bin/c++ -- works
[0.546s] -- Detecting CXX compiler ABI info
[0.623s] -- Detecting CXX compiler ABI info - done
[0.630s] -- Detecting CXX compile features
[0.631s] -- Detecting CXX compile features - done
[0.633s] -- Found ament_cmake: 0.9.12 (/opt/ros/foxy/share/ament_cmake/cmake)
[0.658s] -- Found PythonInterp: /usr/bin/python3 (found suitable version "3.8.10", minimum required is "3") 
[0.658s] -- Using PYTHON_EXECUTABLE: /usr/bin/python3
[0.815s] -- Found nav2_common: 0.4.7 (/home/kgh/ws2/install/nav2_common/share/nav2_common/cmake)
[0.815s] -- Found nav2_msgs: 0.4.7 (/home/kgh/ws2/install/nav2_msgs/share/nav2_msgs/cmake)
[0.840s] -- Using all available rosidl_typesupport_c: rosidl_typesupport_fastrtps_c;rosidl_typesupport_introspection_c
[0.846s] -- Found rosidl_adapter: 1.3.1 (/opt/ros/foxy/share/rosidl_adapter/cmake)
[0.924s] -- Found OpenSSL: /usr/lib/x86_64-linux-gnu/libcrypto.so (found version "1.1.1f")  
[0.947s] -- Found FastRTPS: /opt/ros/foxy/include  
[1.013s] -- Using all available rosidl_typesupport_cpp: rosidl_typesupport_fastrtps_cpp;rosidl_typesupport_introspection_cpp
[1.334s] -- Found tf2_ros: 0.13.14 (/opt/ros/foxy/share/tf2_ros/cmake)
[1.381s] -- Found rmw_implementation_cmake: 1.0.4 (/opt/ros/foxy/share/rmw_implementation_cmake/cmake)
[1.383s] -- Using RMW implementation 'rmw_fastrtps_cpp' as default
[1.384s] -- Looking for pthread.h
[1.478s] -- Looking for pthread.h - found
[1.479s] -- Performing Test CMAKE_HAVE_LIBC_PTHREAD
[1.541s] -- Performing Test CMAKE_HAVE_LIBC_PTHREAD - Failed
[1.541s] -- Looking for pthread_create in pthreads
[1.590s] -- Looking for pthread_create in pthreads - not found
[1.590s] -- Looking for pthread_create in pthread
[1.649s] -- Looking for pthread_create in pthread - found
[1.650s] -- Found Threads: TRUE  
[1.968s] -- Found tf2_geometry_msgs: 0.13.14 (/opt/ros/foxy/share/tf2_geometry_msgs/cmake)
[1.975s] -- Found eigen3_cmake_module: 0.1.1 (/opt/ros/foxy/share/eigen3_cmake_module/cmake)
[1.978s] -- Found Eigen3: TRUE (found version "3.3.7") 
[1.997s] -- Found lifecycle_msgs: 1.0.0 (/opt/ros/foxy/share/lifecycle_msgs/cmake)
[2.006s] -- Found test_msgs: 1.0.0 (/opt/ros/foxy/share/test_msgs/cmake)
[2.052s] -- Found rclcpp_lifecycle: 2.4.3 (/opt/ros/foxy/share/rclcpp_lifecycle/cmake)
[2.064s] -- Setting build type to Release as none was specified.
[2.076s] -- Found Boost: /usr/lib/x86_64-linux-gnu/cmake/Boost-1.71.0/BoostConfig.cmake (found version "1.71.0") found components: program_options 
[2.079s] -- Found ament_lint_auto: 0.9.8 (/opt/ros/foxy/share/ament_lint_auto/cmake)
[2.081s] -- Found ament_cmake_pytest: 0.9.12 (/opt/ros/foxy/share/ament_cmake_pytest/cmake)
[2.082s] -- Found launch_testing_ament_cmake: 0.10.10 (/opt/ros/foxy/share/launch_testing_ament_cmake/cmake)
[2.084s] -- Found python_cmake_module: 0.8.1 (/opt/ros/foxy/share/python_cmake_module/cmake)
[2.102s] -- Found PythonInterp: /usr/bin/python3 (found suitable version "3.8.10", minimum required is "3.5") 
[2.109s] -- Found PythonLibs: /usr/lib/x86_64-linux-gnu/libpython3.8.so (found suitable version "3.8.10", minimum required is "3.5") 
[2.110s] -- Using PYTHON_EXECUTABLE: /usr/bin/python3
[2.110s] -- Using PYTHON_INCLUDE_DIRS: /usr/include/python3.8
[2.110s] -- Using PYTHON_LIBRARIES: /usr/lib/x86_64-linux-gnu/libpython3.8.so
[2.128s] -- Found PythonExtra: .so  
[2.209s] -- Found gtest sources under '/opt/ros/foxy/src/gtest_vendor': C++ tests using 'Google Test' will be built
[2.211s] -- Check if compiler accepts -pthread
[2.273s] -- Check if compiler accepts -pthread - yes
[2.304s] -- Added test 'copyright' to check source files copyright and LICENSE
[2.305s] -- Added test 'cppcheck' to perform static code analysis on C / C++ code
[2.306s] -- Configured cppcheck include dirs: /home/kgh/ws2/src/navigation2/nav2_util/include
[2.306s] -- Configured cppcheck exclude dirs and/or files: 
[2.307s] -- Added test 'cpplint' to check C / C++ code against the Google style
[2.307s] -- Configured cpplint exclude dirs and/or files: 
[2.308s] -- Added test 'flake8' to check Python code syntax and style conventions
[2.309s] -- Added test 'lint_cmake' to check CMake code style
[2.310s] -- Added test 'pep257' to check Python code against some of the style conventions in PEP 257
[2.312s] -- Added test 'uncrustify' to check C / C++ code style
[2.312s] -- Configured uncrustify additional arguments: 
[2.313s] -- Added test 'xmllint' to check XML markup files
[2.318s] -- Configuring done
[2.388s] -- Generating done
[2.390s] -- Build files have been written to: /home/kgh/ws2/build/nav2_util
[2.401s] Invoked command in '/home/kgh/ws2/build/nav2_util' returned '0': CMAKE_PREFIX_PATH=/home/kgh/ws2/install/nav2_msgs:/home/kgh/ws2/install/nav2_common:/home/kgh/ws2/install/yzbot_nav2:/home/kgh/ws2/install/yzbot_navigation2:/home/kgh/ws2/install/yzbot_cartographer:/home/kgh/ws2/install/nav2_system_tests:/home/kgh/ws2/install/fishbot_navigation2:/home/kgh/ws2/install/nav2_bringup:/home/kgh/ws2/install/navigation2:/home/kgh/ws2/install/smac_planner:/home/kgh/ws2/install/nav2_dwb_controller:/home/kgh/ws2/install/nav2_controller:/home/kgh/ws2/install/dwb_plugins:/home/kgh/ws2/install/dwb_critics:/home/kgh/ws2/install/dwb_core:/home/kgh/ws2/install/nav_2d_utils:/home/kgh/ws2/install/dwb_msgs:/home/kgh/ws2/install/nav_2d_msgs:/home/kgh/ws2/install/nav2_waypoint_follower:/home/kgh/ws2/install/nav2_regulated_pure_pursuit_controller:/home/kgh/ws2/install/nav2_recoveries:/home/kgh/ws2/install/nav2_planner:/home/kgh/ws2/install/nav2_navfn_planner:/home/kgh/ws2/install/nav2_core:/home/kgh/ws2/install/costmap_queue:/home/kgh/ws2/install/nav2_costmap_2d:/home/kgh/ws2/install/nav2_voxel_grid:/home/kgh/ws2/install/nav2_rviz_plugins:/home/kgh/ws2/install/nav2_map_server:/home/kgh/ws2/install/nav2_lifecycle_manager:/home/kgh/ws2/install/nav2_bt_navigator:/home/kgh/ws2/install/nav2_behavior_tree:/home/kgh/ws2/install/nav2_amcl:/home/kgh/ws2/install/nav2_util:/home/kgh/ws2/install/fishbot_cartographer:/home/kgh/ws2/install/cartographer_ros:/home/kgh/ws2/install/cartographer_ros_msgs:/home/kgh/ws2/install/cartographer:/home/kgh/ws2/install/yzbot_description:/home/kgh/ws2/install/yzbot_controller:/home/kgh/ws2/install/fishbot_description:/home/kgh/ws2/install/nav2_gazebo_spawner:/home/kgh/ws2/install/fishbot_controller:/opt/ros/foxy LD_LIBRARY_PATH=/home/kgh/ws2/install/nav2_msgs/lib:/home/kgh/ws2/install/smac_planner/lib:/home/kgh/ws2/install/nav2_controller/lib:/home/kgh/ws2/install/dwb_plugins/lib:/home/kgh/ws2/install/dwb_critics/lib:/home/kgh/ws2/install/dwb_core/lib:/home/kgh/ws2/install/nav_2d_utils/lib:/home/kgh/ws2/install/dwb_msgs/lib:/home/kgh/ws2/install/nav_2d_msgs/lib:/home/kgh/ws2/install/nav2_waypoint_follower/lib:/home/kgh/ws2/install/nav2_regulated_pure_pursuit_controller/lib:/home/kgh/ws2/install/nav2_recoveries/lib:/home/kgh/ws2/install/nav2_planner/lib:/home/kgh/ws2/install/nav2_navfn_planner/lib:/home/kgh/ws2/install/costmap_queue/lib:/home/kgh/ws2/install/nav2_costmap_2d/lib:/home/kgh/ws2/install/nav2_voxel_grid/lib:/home/kgh/ws2/install/nav2_rviz_plugins/lib:/home/kgh/ws2/install/nav2_map_server/lib:/home/kgh/ws2/install/nav2_lifecycle_manager/lib:/home/kgh/ws2/install/nav2_bt_navigator/lib:/home/kgh/ws2/install/nav2_behavior_tree/lib:/home/kgh/ws2/install/nav2_amcl/lib:/home/kgh/ws2/install/nav2_util/lib:/home/kgh/ws2/install/cartographer_ros_msgs/lib:/usr/lib/x86_64-linux-gnu/gazebo-11/plugins:/opt/ros/foxy/opt/yaml_cpp_vendor/lib:/opt/ros/foxy/opt/rviz_ogre_vendor/lib:/opt/ros/foxy/lib/x86_64-linux-gnu:/opt/ros/foxy/lib PYTHONPATH=/home/kgh/ws2/install/nav2_msgs/lib/python3.8/site-packages:/home/kgh/ws2/install/nav2_common/lib/python3.8/site-packages:/home/kgh/ws2/install/yzbot_description/lib/python3.8/site-packages:/home/kgh/ws2/install/yzbot_controller/lib/python3.8/site-packages:/home/kgh/ws2/install/fishbot_description/lib/python3.8/site-packages:/home/kgh/ws2/install/dwb_msgs/lib/python3.8/site-packages:/home/kgh/ws2/install/nav_2d_msgs/lib/python3.8/site-packages:/home/kgh/ws2/install/nav2_gazebo_spawner/lib/python3.8/site-packages:/home/kgh/ws2/install/fishbot_controller/lib/python3.8/site-packages:/home/kgh/ws2/install/cartographer_ros_msgs/lib/python3.8/site-packages:/opt/ros/foxy/lib/python3.8/site-packages /usr/bin/cmake /home/kgh/ws2/src/navigation2/nav2_util -DCMAKE_INSTALL_PREFIX=/home/kgh/ws2/install/nav2_util
[2.404s] Invoking command in '/home/kgh/ws2/build/nav2_util': CMAKE_PREFIX_PATH=/home/kgh/ws2/install/nav2_msgs:/home/kgh/ws2/install/nav2_common:/home/kgh/ws2/install/yzbot_nav2:/home/kgh/ws2/install/yzbot_navigation2:/home/kgh/ws2/install/yzbot_cartographer:/home/kgh/ws2/install/nav2_system_tests:/home/kgh/ws2/install/fishbot_navigation2:/home/kgh/ws2/install/nav2_bringup:/home/kgh/ws2/install/navigation2:/home/kgh/ws2/install/smac_planner:/home/kgh/ws2/install/nav2_dwb_controller:/home/kgh/ws2/install/nav2_controller:/home/kgh/ws2/install/dwb_plugins:/home/kgh/ws2/install/dwb_critics:/home/kgh/ws2/install/dwb_core:/home/kgh/ws2/install/nav_2d_utils:/home/kgh/ws2/install/dwb_msgs:/home/kgh/ws2/install/nav_2d_msgs:/home/kgh/ws2/install/nav2_waypoint_follower:/home/kgh/ws2/install/nav2_regulated_pure_pursuit_controller:/home/kgh/ws2/install/nav2_recoveries:/home/kgh/ws2/install/nav2_planner:/home/kgh/ws2/install/nav2_navfn_planner:/home/kgh/ws2/install/nav2_core:/home/kgh/ws2/install/costmap_queue:/home/kgh/ws2/install/nav2_costmap_2d:/home/kgh/ws2/install/nav2_voxel_grid:/home/kgh/ws2/install/nav2_rviz_plugins:/home/kgh/ws2/install/nav2_map_server:/home/kgh/ws2/install/nav2_lifecycle_manager:/home/kgh/ws2/install/nav2_bt_navigator:/home/kgh/ws2/install/nav2_behavior_tree:/home/kgh/ws2/install/nav2_amcl:/home/kgh/ws2/install/nav2_util:/home/kgh/ws2/install/fishbot_cartographer:/home/kgh/ws2/install/cartographer_ros:/home/kgh/ws2/install/cartographer_ros_msgs:/home/kgh/ws2/install/cartographer:/home/kgh/ws2/install/yzbot_description:/home/kgh/ws2/install/yzbot_controller:/home/kgh/ws2/install/fishbot_description:/home/kgh/ws2/install/nav2_gazebo_spawner:/home/kgh/ws2/install/fishbot_controller:/opt/ros/foxy LD_LIBRARY_PATH=/home/kgh/ws2/install/nav2_msgs/lib:/home/kgh/ws2/install/smac_planner/lib:/home/kgh/ws2/install/nav2_controller/lib:/home/kgh/ws2/install/dwb_plugins/lib:/home/kgh/ws2/install/dwb_critics/lib:/home/kgh/ws2/install/dwb_core/lib:/home/kgh/ws2/install/nav_2d_utils/lib:/home/kgh/ws2/install/dwb_msgs/lib:/home/kgh/ws2/install/nav_2d_msgs/lib:/home/kgh/ws2/install/nav2_waypoint_follower/lib:/home/kgh/ws2/install/nav2_regulated_pure_pursuit_controller/lib:/home/kgh/ws2/install/nav2_recoveries/lib:/home/kgh/ws2/install/nav2_planner/lib:/home/kgh/ws2/install/nav2_navfn_planner/lib:/home/kgh/ws2/install/costmap_queue/lib:/home/kgh/ws2/install/nav2_costmap_2d/lib:/home/kgh/ws2/install/nav2_voxel_grid/lib:/home/kgh/ws2/install/nav2_rviz_plugins/lib:/home/kgh/ws2/install/nav2_map_server/lib:/home/kgh/ws2/install/nav2_lifecycle_manager/lib:/home/kgh/ws2/install/nav2_bt_navigator/lib:/home/kgh/ws2/install/nav2_behavior_tree/lib:/home/kgh/ws2/install/nav2_amcl/lib:/home/kgh/ws2/install/nav2_util/lib:/home/kgh/ws2/install/cartographer_ros_msgs/lib:/usr/lib/x86_64-linux-gnu/gazebo-11/plugins:/opt/ros/foxy/opt/yaml_cpp_vendor/lib:/opt/ros/foxy/opt/rviz_ogre_vendor/lib:/opt/ros/foxy/lib/x86_64-linux-gnu:/opt/ros/foxy/lib PYTHONPATH=/home/kgh/ws2/install/nav2_msgs/lib/python3.8/site-packages:/home/kgh/ws2/install/nav2_common/lib/python3.8/site-packages:/home/kgh/ws2/install/yzbot_description/lib/python3.8/site-packages:/home/kgh/ws2/install/yzbot_controller/lib/python3.8/site-packages:/home/kgh/ws2/install/fishbot_description/lib/python3.8/site-packages:/home/kgh/ws2/install/dwb_msgs/lib/python3.8/site-packages:/home/kgh/ws2/install/nav_2d_msgs/lib/python3.8/site-packages:/home/kgh/ws2/install/nav2_gazebo_spawner/lib/python3.8/site-packages:/home/kgh/ws2/install/fishbot_controller/lib/python3.8/site-packages:/home/kgh/ws2/install/cartographer_ros_msgs/lib/python3.8/site-packages:/opt/ros/foxy/lib/python3.8/site-packages /usr/bin/cmake --build /home/kgh/ws2/build/nav2_util -- -j16 -l16
[2.445s] [35m[1mScanning dependencies of target gtest_main[0m
[2.446s] [35m[1mScanning dependencies of target gtest[0m
[2.446s] [35m[1mScanning dependencies of target dump_params[0m
[2.446s] [35m[1mScanning dependencies of target nav2_util_core[0m
[2.458s] [  2%] [32mBuilding CXX object gtest/CMakeFiles/gtest_main.dir/src/gtest_main.cc.o[0m
[2.458s] [  5%] [32mBuilding CXX object gtest/CMakeFiles/gtest.dir/src/gtest-all.cc.o[0m
[2.473s] [  7%] [32mBuilding CXX object src/CMakeFiles/dump_params.dir/dump_params.cpp.o[0m
[2.504s] [ 12%] [32mBuilding CXX object src/CMakeFiles/nav2_util_core.dir/costmap.cpp.o[0m
[2.505s] [ 12%] [32mBuilding CXX object src/CMakeFiles/nav2_util_core.dir/lifecycle_service_client.cpp.o[0m
[2.505s] [ 15%] [32mBuilding CXX object src/CMakeFiles/nav2_util_core.dir/node_utils.cpp.o[0m
[2.506s] [ 17%] [32mBuilding CXX object src/CMakeFiles/nav2_util_core.dir/lifecycle_utils.cpp.o[0m
[2.507s] [ 20%] [32mBuilding CXX object src/CMakeFiles/nav2_util_core.dir/lifecycle_node.cpp.o[0m
[2.507s] [ 22%] [32mBuilding CXX object src/CMakeFiles/nav2_util_core.dir/string_utils.cpp.o[0m
[2.507s] [ 25%] [32mBuilding CXX object src/CMakeFiles/nav2_util_core.dir/robot_utils.cpp.o[0m
[2.508s] [ 27%] [32mBuilding CXX object src/CMakeFiles/nav2_util_core.dir/odometry_utils.cpp.o[0m
[2.509s] [ 30%] [32mBuilding CXX object src/CMakeFiles/nav2_util_core.dir/node_thread.cpp.o[0m
[3.443s] [ 32%] [32m[1mLinking CXX static library libgtest_main.a[0m
[3.495s] [ 32%] Built target gtest_main
[8.027s] [ 35%] [32m[1mLinking CXX shared library libnav2_util_core.so[0m
[8.150s] [ 35%] Built target nav2_util_core
[8.160s] [35m[1mScanning dependencies of target lifecycle_bringup[0m
[8.188s] [ 37%] [32mBuilding CXX object src/CMakeFiles/lifecycle_bringup.dir/lifecycle_bringup_commandline.cpp.o[0m
[8.258s] [ 40%] [32m[1mLinking CXX executable dump_params[0m
[8.355s] [ 40%] Built target dump_params
[9.124s] [ 42%] [32m[1mLinking CXX static library libgtest.a[0m
[9.155s] [ 42%] Built target gtest
[9.165s] [35m[1mScanning dependencies of target test_service_client[0m
[9.165s] [35m[1mScanning dependencies of target test_lifecycle_cli_node[0m
[9.166s] [35m[1mScanning dependencies of target test_actions[0m
[9.166s] [35m[1mScanning dependencies of target test_string_utils[0m
[9.166s] [35m[1mScanning dependencies of target test_robot_utils[0m
[9.166s] [35m[1mScanning dependencies of target test_lifecycle_node[0m
[9.167s] [35m[1mScanning dependencies of target test_execution_timer[0m
[9.167s] [35m[1mScanning dependencies of target test_lifecycle_utils[0m
[9.167s] [35m[1mScanning dependencies of target test_node_utils[0m
[9.168s] [35m[1mScanning dependencies of target test_geometry_utils[0m
[9.169s] [35m[1mScanning dependencies of target test_odometry_utils[0m
[9.186s] [ 47%] [32mBuilding CXX object test/CMakeFiles/test_string_utils.dir/test_string_utils.cpp.o[0m
[9.186s] [ 47%] [32mBuilding CXX object test/CMakeFiles/test_execution_timer.dir/test_execution_timer.cpp.o[0m
[9.208s] [ 50%] [32mBuilding CXX object test/CMakeFiles/test_actions.dir/test_actions.cpp.o[0m
[9.209s] [ 52%] [32mBuilding CXX object test/CMakeFiles/test_service_client.dir/test_service_client.cpp.o[0m
[9.215s] [ 55%] [32mBuilding CXX object test/CMakeFiles/test_lifecycle_cli_node.dir/test_lifecycle_cli_node.cpp.o[0m
[9.218s] [ 57%] [32mBuilding CXX object test/CMakeFiles/test_odometry_utils.dir/test_odometry_utils.cpp.o[0m
[9.220s] [ 62%] [32mBuilding CXX object test/CMakeFiles/test_node_utils.dir/test_node_utils.cpp.o[0m
[9.220s] [ 62%] [32mBuilding CXX object test/CMakeFiles/test_lifecycle_node.dir/test_lifecycle_node.cpp.o[0m
[9.220s] [ 65%] [32mBuilding CXX object test/CMakeFiles/test_lifecycle_utils.dir/test_lifecycle_utils.cpp.o[0m
[9.228s] [ 67%] [32mBuilding CXX object test/CMakeFiles/test_geometry_utils.dir/test_geometry_utils.cpp.o[0m
[9.238s] [ 70%] [32mBuilding CXX object test/CMakeFiles/test_robot_utils.dir/test_robot_utils.cpp.o[0m
[9.707s] [ 72%] [32m[1mLinking CXX executable lifecycle_bringup[0m
[9.844s] [ 72%] Built target lifecycle_bringup
[10.255s] [ 75%] [32m[1mLinking CXX executable test_execution_timer[0m
[10.349s] [ 75%] Built target test_execution_timer
[10.770s] [ 77%] [32m[1mLinking CXX executable test_string_utils[0m
[10.902s] [ 77%] Built target test_string_utils
[11.834s] [ 80%] [32m[1mLinking CXX executable test_lifecycle_node[0m
[11.982s] [ 80%] Built target test_lifecycle_node
[11.992s] [ 82%] [32m[1mLinking CXX executable test_geometry_utils[0m
[12.101s] [ 82%] Built target test_geometry_utils
[12.709s] [ 85%] [32m[1mLinking CXX executable test_robot_utils[0m
[12.727s] [ 87%] [32m[1mLinking CXX executable test_lifecycle_cli_node[0m
[12.790s] [ 90%] [32m[1mLinking CXX executable test_node_utils[0m
[12.875s] [ 90%] Built target test_robot_utils
[12.899s] [ 92%] [32m[1mLinking CXX executable test_lifecycle_utils[0m
[12.899s] [ 92%] Built target test_lifecycle_cli_node
[12.939s] [ 92%] Built target test_node_utils
[13.033s] [ 92%] Built target test_lifecycle_utils
[13.344s] [ 95%] [32m[1mLinking CXX executable test_service_client[0m
[13.397s] [ 97%] [32m[1mLinking CXX executable test_odometry_utils[0m
[13.467s] [ 97%] Built target test_service_client
[13.516s] [ 97%] Built target test_odometry_utils
[19.764s] [100%] [32m[1mLinking CXX executable test_actions[0m
[19.922s] [100%] Built target test_actions
[19.930s] Invoked command in '/home/kgh/ws2/build/nav2_util' returned '0': CMAKE_PREFIX_PATH=/home/kgh/ws2/install/nav2_msgs:/home/kgh/ws2/install/nav2_common:/home/kgh/ws2/install/yzbot_nav2:/home/kgh/ws2/install/yzbot_navigation2:/home/kgh/ws2/install/yzbot_cartographer:/home/kgh/ws2/install/nav2_system_tests:/home/kgh/ws2/install/fishbot_navigation2:/home/kgh/ws2/install/nav2_bringup:/home/kgh/ws2/install/navigation2:/home/kgh/ws2/install/smac_planner:/home/kgh/ws2/install/nav2_dwb_controller:/home/kgh/ws2/install/nav2_controller:/home/kgh/ws2/install/dwb_plugins:/home/kgh/ws2/install/dwb_critics:/home/kgh/ws2/install/dwb_core:/home/kgh/ws2/install/nav_2d_utils:/home/kgh/ws2/install/dwb_msgs:/home/kgh/ws2/install/nav_2d_msgs:/home/kgh/ws2/install/nav2_waypoint_follower:/home/kgh/ws2/install/nav2_regulated_pure_pursuit_controller:/home/kgh/ws2/install/nav2_recoveries:/home/kgh/ws2/install/nav2_planner:/home/kgh/ws2/install/nav2_navfn_planner:/home/kgh/ws2/install/nav2_core:/home/kgh/ws2/install/costmap_queue:/home/kgh/ws2/install/nav2_costmap_2d:/home/kgh/ws2/install/nav2_voxel_grid:/home/kgh/ws2/install/nav2_rviz_plugins:/home/kgh/ws2/install/nav2_map_server:/home/kgh/ws2/install/nav2_lifecycle_manager:/home/kgh/ws2/install/nav2_bt_navigator:/home/kgh/ws2/install/nav2_behavior_tree:/home/kgh/ws2/install/nav2_amcl:/home/kgh/ws2/install/nav2_util:/home/kgh/ws2/install/fishbot_cartographer:/home/kgh/ws2/install/cartographer_ros:/home/kgh/ws2/install/cartographer_ros_msgs:/home/kgh/ws2/install/cartographer:/home/kgh/ws2/install/yzbot_description:/home/kgh/ws2/install/yzbot_controller:/home/kgh/ws2/install/fishbot_description:/home/kgh/ws2/install/nav2_gazebo_spawner:/home/kgh/ws2/install/fishbot_controller:/opt/ros/foxy LD_LIBRARY_PATH=/home/kgh/ws2/install/nav2_msgs/lib:/home/kgh/ws2/install/smac_planner/lib:/home/kgh/ws2/install/nav2_controller/lib:/home/kgh/ws2/install/dwb_plugins/lib:/home/kgh/ws2/install/dwb_critics/lib:/home/kgh/ws2/install/dwb_core/lib:/home/kgh/ws2/install/nav_2d_utils/lib:/home/kgh/ws2/install/dwb_msgs/lib:/home/kgh/ws2/install/nav_2d_msgs/lib:/home/kgh/ws2/install/nav2_waypoint_follower/lib:/home/kgh/ws2/install/nav2_regulated_pure_pursuit_controller/lib:/home/kgh/ws2/install/nav2_recoveries/lib:/home/kgh/ws2/install/nav2_planner/lib:/home/kgh/ws2/install/nav2_navfn_planner/lib:/home/kgh/ws2/install/costmap_queue/lib:/home/kgh/ws2/install/nav2_costmap_2d/lib:/home/kgh/ws2/install/nav2_voxel_grid/lib:/home/kgh/ws2/install/nav2_rviz_plugins/lib:/home/kgh/ws2/install/nav2_map_server/lib:/home/kgh/ws2/install/nav2_lifecycle_manager/lib:/home/kgh/ws2/install/nav2_bt_navigator/lib:/home/kgh/ws2/install/nav2_behavior_tree/lib:/home/kgh/ws2/install/nav2_amcl/lib:/home/kgh/ws2/install/nav2_util/lib:/home/kgh/ws2/install/cartographer_ros_msgs/lib:/usr/lib/x86_64-linux-gnu/gazebo-11/plugins:/opt/ros/foxy/opt/yaml_cpp_vendor/lib:/opt/ros/foxy/opt/rviz_ogre_vendor/lib:/opt/ros/foxy/lib/x86_64-linux-gnu:/opt/ros/foxy/lib PYTHONPATH=/home/kgh/ws2/install/nav2_msgs/lib/python3.8/site-packages:/home/kgh/ws2/install/nav2_common/lib/python3.8/site-packages:/home/kgh/ws2/install/yzbot_description/lib/python3.8/site-packages:/home/kgh/ws2/install/yzbot_controller/lib/python3.8/site-packages:/home/kgh/ws2/install/fishbot_description/lib/python3.8/site-packages:/home/kgh/ws2/install/dwb_msgs/lib/python3.8/site-packages:/home/kgh/ws2/install/nav_2d_msgs/lib/python3.8/site-packages:/home/kgh/ws2/install/nav2_gazebo_spawner/lib/python3.8/site-packages:/home/kgh/ws2/install/fishbot_controller/lib/python3.8/site-packages:/home/kgh/ws2/install/cartographer_ros_msgs/lib/python3.8/site-packages:/opt/ros/foxy/lib/python3.8/site-packages /usr/bin/cmake --build /home/kgh/ws2/build/nav2_util -- -j16 -l16
[19.965s] Invoking command in '/home/kgh/ws2/build/nav2_util': CMAKE_PREFIX_PATH=/home/kgh/ws2/install/nav2_msgs:/home/kgh/ws2/install/nav2_common:/home/kgh/ws2/install/yzbot_nav2:/home/kgh/ws2/install/yzbot_navigation2:/home/kgh/ws2/install/yzbot_cartographer:/home/kgh/ws2/install/nav2_system_tests:/home/kgh/ws2/install/fishbot_navigation2:/home/kgh/ws2/install/nav2_bringup:/home/kgh/ws2/install/navigation2:/home/kgh/ws2/install/smac_planner:/home/kgh/ws2/install/nav2_dwb_controller:/home/kgh/ws2/install/nav2_controller:/home/kgh/ws2/install/dwb_plugins:/home/kgh/ws2/install/dwb_critics:/home/kgh/ws2/install/dwb_core:/home/kgh/ws2/install/nav_2d_utils:/home/kgh/ws2/install/dwb_msgs:/home/kgh/ws2/install/nav_2d_msgs:/home/kgh/ws2/install/nav2_waypoint_follower:/home/kgh/ws2/install/nav2_regulated_pure_pursuit_controller:/home/kgh/ws2/install/nav2_recoveries:/home/kgh/ws2/install/nav2_planner:/home/kgh/ws2/install/nav2_navfn_planner:/home/kgh/ws2/install/nav2_core:/home/kgh/ws2/install/costmap_queue:/home/kgh/ws2/install/nav2_costmap_2d:/home/kgh/ws2/install/nav2_voxel_grid:/home/kgh/ws2/install/nav2_rviz_plugins:/home/kgh/ws2/install/nav2_map_server:/home/kgh/ws2/install/nav2_lifecycle_manager:/home/kgh/ws2/install/nav2_bt_navigator:/home/kgh/ws2/install/nav2_behavior_tree:/home/kgh/ws2/install/nav2_amcl:/home/kgh/ws2/install/nav2_util:/home/kgh/ws2/install/fishbot_cartographer:/home/kgh/ws2/install/cartographer_ros:/home/kgh/ws2/install/cartographer_ros_msgs:/home/kgh/ws2/install/cartographer:/home/kgh/ws2/install/yzbot_description:/home/kgh/ws2/install/yzbot_controller:/home/kgh/ws2/install/fishbot_description:/home/kgh/ws2/install/nav2_gazebo_spawner:/home/kgh/ws2/install/fishbot_controller:/opt/ros/foxy LD_LIBRARY_PATH=/home/kgh/ws2/install/nav2_msgs/lib:/home/kgh/ws2/install/smac_planner/lib:/home/kgh/ws2/install/nav2_controller/lib:/home/kgh/ws2/install/dwb_plugins/lib:/home/kgh/ws2/install/dwb_critics/lib:/home/kgh/ws2/install/dwb_core/lib:/home/kgh/ws2/install/nav_2d_utils/lib:/home/kgh/ws2/install/dwb_msgs/lib:/home/kgh/ws2/install/nav_2d_msgs/lib:/home/kgh/ws2/install/nav2_waypoint_follower/lib:/home/kgh/ws2/install/nav2_regulated_pure_pursuit_controller/lib:/home/kgh/ws2/install/nav2_recoveries/lib:/home/kgh/ws2/install/nav2_planner/lib:/home/kgh/ws2/install/nav2_navfn_planner/lib:/home/kgh/ws2/install/costmap_queue/lib:/home/kgh/ws2/install/nav2_costmap_2d/lib:/home/kgh/ws2/install/nav2_voxel_grid/lib:/home/kgh/ws2/install/nav2_rviz_plugins/lib:/home/kgh/ws2/install/nav2_map_server/lib:/home/kgh/ws2/install/nav2_lifecycle_manager/lib:/home/kgh/ws2/install/nav2_bt_navigator/lib:/home/kgh/ws2/install/nav2_behavior_tree/lib:/home/kgh/ws2/install/nav2_amcl/lib:/home/kgh/ws2/install/nav2_util/lib:/home/kgh/ws2/install/cartographer_ros_msgs/lib:/usr/lib/x86_64-linux-gnu/gazebo-11/plugins:/opt/ros/foxy/opt/yaml_cpp_vendor/lib:/opt/ros/foxy/opt/rviz_ogre_vendor/lib:/opt/ros/foxy/lib/x86_64-linux-gnu:/opt/ros/foxy/lib PYTHONPATH=/home/kgh/ws2/install/nav2_msgs/lib/python3.8/site-packages:/home/kgh/ws2/install/nav2_common/lib/python3.8/site-packages:/home/kgh/ws2/install/yzbot_description/lib/python3.8/site-packages:/home/kgh/ws2/install/yzbot_controller/lib/python3.8/site-packages:/home/kgh/ws2/install/fishbot_description/lib/python3.8/site-packages:/home/kgh/ws2/install/dwb_msgs/lib/python3.8/site-packages:/home/kgh/ws2/install/nav_2d_msgs/lib/python3.8/site-packages:/home/kgh/ws2/install/nav2_gazebo_spawner/lib/python3.8/site-packages:/home/kgh/ws2/install/fishbot_controller/lib/python3.8/site-packages:/home/kgh/ws2/install/cartographer_ros_msgs/lib/python3.8/site-packages:/opt/ros/foxy/lib/python3.8/site-packages /usr/bin/cmake --install /home/kgh/ws2/build/nav2_util
[19.977s] -- Install configuration: "Release"
[19.977s] -- Installing: /home/kgh/ws2/install/nav2_util/include/
[19.977s] -- Installing: /home/kgh/ws2/install/nav2_util/include//nav2_util
[19.977s] -- Installing: /home/kgh/ws2/install/nav2_util/include//nav2_util/node_thread.hpp
[19.978s] -- Installing: /home/kgh/ws2/install/nav2_util/include//nav2_util/robot_utils.hpp
[19.978s] -- Installing: /home/kgh/ws2/install/nav2_util/include//nav2_util/service_client.hpp
[19.978s] -- Installing: /home/kgh/ws2/install/nav2_util/include//nav2_util/lifecycle_utils.hpp
[19.978s] -- Installing: /home/kgh/ws2/install/nav2_util/include//nav2_util/geometry_utils.hpp
[19.978s] -- Installing: /home/kgh/ws2/install/nav2_util/include//nav2_util/node_utils.hpp
[19.978s] -- Installing: /home/kgh/ws2/install/nav2_util/include//nav2_util/simple_action_server.hpp
[19.978s] -- Installing: /home/kgh/ws2/install/nav2_util/include//nav2_util/line_iterator.hpp
[19.978s] -- Installing: /home/kgh/ws2/install/nav2_util/include//nav2_util/lifecycle_service_client.hpp
[19.978s] -- Installing: /home/kgh/ws2/install/nav2_util/include//nav2_util/costmap.hpp
[19.978s] -- Installing: /home/kgh/ws2/install/nav2_util/include//nav2_util/clear_entirely_costmap_service_client.hpp
[19.978s] -- Installing: /home/kgh/ws2/install/nav2_util/include//nav2_util/string_utils.hpp
[19.978s] -- Installing: /home/kgh/ws2/install/nav2_util/include//nav2_util/execution_timer.hpp
[19.978s] -- Installing: /home/kgh/ws2/install/nav2_util/include//nav2_util/odometry_utils.hpp
[19.978s] -- Installing: /home/kgh/ws2/install/nav2_util/include//nav2_util/lifecycle_node.hpp
[19.979s] -- Installing: /home/kgh/ws2/install/nav2_util/share/nav2_util/environment/library_path.sh
[19.979s] -- Installing: /home/kgh/ws2/install/nav2_util/share/nav2_util/environment/library_path.dsv
[19.979s] -- Installing: /home/kgh/ws2/install/nav2_util/share/ament_index/resource_index/package_run_dependencies/nav2_util
[19.979s] -- Installing: /home/kgh/ws2/install/nav2_util/share/ament_index/resource_index/parent_prefix_path/nav2_util
[19.979s] -- Installing: /home/kgh/ws2/install/nav2_util/share/nav2_util/environment/ament_prefix_path.sh
[19.979s] -- Installing: /home/kgh/ws2/install/nav2_util/share/nav2_util/environment/ament_prefix_path.dsv
[19.979s] -- Installing: /home/kgh/ws2/install/nav2_util/share/nav2_util/environment/path.sh
[19.979s] -- Installing: /home/kgh/ws2/install/nav2_util/share/nav2_util/environment/path.dsv
[19.979s] -- Installing: /home/kgh/ws2/install/nav2_util/share/nav2_util/local_setup.bash
[19.979s] -- Installing: /home/kgh/ws2/install/nav2_util/share/nav2_util/local_setup.sh
[19.979s] -- Installing: /home/kgh/ws2/install/nav2_util/share/nav2_util/local_setup.zsh
[19.979s] -- Installing: /home/kgh/ws2/install/nav2_util/share/nav2_util/local_setup.dsv
[19.979s] -- Installing: /home/kgh/ws2/install/nav2_util/share/nav2_util/package.dsv
[19.979s] -- Installing: /home/kgh/ws2/install/nav2_util/share/ament_index/resource_index/packages/nav2_util
[19.979s] -- Installing: /home/kgh/ws2/install/nav2_util/share/nav2_util/cmake/ament_cmake_export_include_directories-extras.cmake
[19.980s] -- Installing: /home/kgh/ws2/install/nav2_util/share/nav2_util/cmake/ament_cmake_export_libraries-extras.cmake
[19.980s] -- Installing: /home/kgh/ws2/install/nav2_util/share/nav2_util/cmake/ament_cmake_export_dependencies-extras.cmake
[19.980s] -- Installing: /home/kgh/ws2/install/nav2_util/share/nav2_util/cmake/nav2_utilConfig.cmake
[19.980s] -- Installing: /home/kgh/ws2/install/nav2_util/share/nav2_util/cmake/nav2_utilConfig-version.cmake
[19.980s] -- Installing: /home/kgh/ws2/install/nav2_util/share/nav2_util/package.xml
[19.980s] -- Installing: /home/kgh/ws2/install/nav2_util/lib/libnav2_util_core.so
[19.981s] -- Set runtime path of "/home/kgh/ws2/install/nav2_util/lib/libnav2_util_core.so" to ""
[19.981s] -- Installing: /home/kgh/ws2/install/nav2_util/lib/nav2_util/lifecycle_bringup
[19.981s] -- Set runtime path of "/home/kgh/ws2/install/nav2_util/lib/nav2_util/lifecycle_bringup" to ""
[19.981s] -- Installing: /home/kgh/ws2/install/nav2_util/lib/nav2_util/dump_params
[19.982s] -- Set runtime path of "/home/kgh/ws2/install/nav2_util/lib/nav2_util/dump_params" to ""
[19.983s] Invoked command in '/home/kgh/ws2/build/nav2_util' returned '0': CMAKE_PREFIX_PATH=/home/kgh/ws2/install/nav2_msgs:/home/kgh/ws2/install/nav2_common:/home/kgh/ws2/install/yzbot_nav2:/home/kgh/ws2/install/yzbot_navigation2:/home/kgh/ws2/install/yzbot_cartographer:/home/kgh/ws2/install/nav2_system_tests:/home/kgh/ws2/install/fishbot_navigation2:/home/kgh/ws2/install/nav2_bringup:/home/kgh/ws2/install/navigation2:/home/kgh/ws2/install/smac_planner:/home/kgh/ws2/install/nav2_dwb_controller:/home/kgh/ws2/install/nav2_controller:/home/kgh/ws2/install/dwb_plugins:/home/kgh/ws2/install/dwb_critics:/home/kgh/ws2/install/dwb_core:/home/kgh/ws2/install/nav_2d_utils:/home/kgh/ws2/install/dwb_msgs:/home/kgh/ws2/install/nav_2d_msgs:/home/kgh/ws2/install/nav2_waypoint_follower:/home/kgh/ws2/install/nav2_regulated_pure_pursuit_controller:/home/kgh/ws2/install/nav2_recoveries:/home/kgh/ws2/install/nav2_planner:/home/kgh/ws2/install/nav2_navfn_planner:/home/kgh/ws2/install/nav2_core:/home/kgh/ws2/install/costmap_queue:/home/kgh/ws2/install/nav2_costmap_2d:/home/kgh/ws2/install/nav2_voxel_grid:/home/kgh/ws2/install/nav2_rviz_plugins:/home/kgh/ws2/install/nav2_map_server:/home/kgh/ws2/install/nav2_lifecycle_manager:/home/kgh/ws2/install/nav2_bt_navigator:/home/kgh/ws2/install/nav2_behavior_tree:/home/kgh/ws2/install/nav2_amcl:/home/kgh/ws2/install/nav2_util:/home/kgh/ws2/install/fishbot_cartographer:/home/kgh/ws2/install/cartographer_ros:/home/kgh/ws2/install/cartographer_ros_msgs:/home/kgh/ws2/install/cartographer:/home/kgh/ws2/install/yzbot_description:/home/kgh/ws2/install/yzbot_controller:/home/kgh/ws2/install/fishbot_description:/home/kgh/ws2/install/nav2_gazebo_spawner:/home/kgh/ws2/install/fishbot_controller:/opt/ros/foxy LD_LIBRARY_PATH=/home/kgh/ws2/install/nav2_msgs/lib:/home/kgh/ws2/install/smac_planner/lib:/home/kgh/ws2/install/nav2_controller/lib:/home/kgh/ws2/install/dwb_plugins/lib:/home/kgh/ws2/install/dwb_critics/lib:/home/kgh/ws2/install/dwb_core/lib:/home/kgh/ws2/install/nav_2d_utils/lib:/home/kgh/ws2/install/dwb_msgs/lib:/home/kgh/ws2/install/nav_2d_msgs/lib:/home/kgh/ws2/install/nav2_waypoint_follower/lib:/home/kgh/ws2/install/nav2_regulated_pure_pursuit_controller/lib:/home/kgh/ws2/install/nav2_recoveries/lib:/home/kgh/ws2/install/nav2_planner/lib:/home/kgh/ws2/install/nav2_navfn_planner/lib:/home/kgh/ws2/install/costmap_queue/lib:/home/kgh/ws2/install/nav2_costmap_2d/lib:/home/kgh/ws2/install/nav2_voxel_grid/lib:/home/kgh/ws2/install/nav2_rviz_plugins/lib:/home/kgh/ws2/install/nav2_map_server/lib:/home/kgh/ws2/install/nav2_lifecycle_manager/lib:/home/kgh/ws2/install/nav2_bt_navigator/lib:/home/kgh/ws2/install/nav2_behavior_tree/lib:/home/kgh/ws2/install/nav2_amcl/lib:/home/kgh/ws2/install/nav2_util/lib:/home/kgh/ws2/install/cartographer_ros_msgs/lib:/usr/lib/x86_64-linux-gnu/gazebo-11/plugins:/opt/ros/foxy/opt/yaml_cpp_vendor/lib:/opt/ros/foxy/opt/rviz_ogre_vendor/lib:/opt/ros/foxy/lib/x86_64-linux-gnu:/opt/ros/foxy/lib PYTHONPATH=/home/kgh/ws2/install/nav2_msgs/lib/python3.8/site-packages:/home/kgh/ws2/install/nav2_common/lib/python3.8/site-packages:/home/kgh/ws2/install/yzbot_description/lib/python3.8/site-packages:/home/kgh/ws2/install/yzbot_controller/lib/python3.8/site-packages:/home/kgh/ws2/install/fishbot_description/lib/python3.8/site-packages:/home/kgh/ws2/install/dwb_msgs/lib/python3.8/site-packages:/home/kgh/ws2/install/nav_2d_msgs/lib/python3.8/site-packages:/home/kgh/ws2/install/nav2_gazebo_spawner/lib/python3.8/site-packages:/home/kgh/ws2/install/fishbot_controller/lib/python3.8/site-packages:/home/kgh/ws2/install/cartographer_ros_msgs/lib/python3.8/site-packages:/opt/ros/foxy/lib/python3.8/site-packages /usr/bin/cmake --install /home/kgh/ws2/build/nav2_util
