[0.603s] Invoking command in '/home/kgh/ws2/build/nav_2d_msgs': CMAKE_PREFIX_PATH=${CMAKE_PREFIX_PATH}:/home/kgh/ws2/install/yzbot_description:/home/kgh/ws2/install/yzbot_controller:/home/kgh/ws2/install/nav2_gazebo_spawner:/opt/ros/foxy /usr/bin/cmake /home/kgh/ws2/src/navigation2/nav2_dwb_controller/nav_2d_msgs -DCMAKE_INSTALL_PREFIX=/home/kgh/ws2/install/nav_2d_msgs
[0.900s] -- The C compiler identification is GNU 9.4.0
[0.900s] -- The CXX compiler identification is GNU 9.4.0
[0.900s] -- Check for working C compiler: /usr/bin/cc
[0.900s] -- Check for working C compiler: /usr/bin/cc -- works
[0.901s] -- Detecting C compiler ABI info
[0.901s] -- Detecting C compiler ABI info - done
[0.901s] -- Detecting C compile features
[0.901s] -- Detecting C compile features - done
[0.901s] -- Check for working CXX compiler: /usr/bin/c++
[0.910s] -- Check for working CXX compiler: /usr/bin/c++ -- works
[0.911s] -- Detecting CXX compiler ABI info
[0.980s] -- Detecting CXX compiler ABI info - done
[0.991s] -- Detecting CXX compile features
[0.992s] -- Detecting CXX compile features - done
[0.994s] -- Found geometry_msgs: 2.0.5 (/opt/ros/foxy/share/geometry_msgs/cmake)
[1.015s] -- Found PythonInterp: /usr/bin/python3 (found suitable version "3.8.10", minimum required is "3") 
[1.015s] -- Using PYTHON_EXECUTABLE: /usr/bin/python3
[1.200s] -- Using all available rosidl_typesupport_c: rosidl_typesupport_fastrtps_c;rosidl_typesupport_introspection_c
[1.206s] -- Found rosidl_adapter: 1.3.1 (/opt/ros/foxy/share/rosidl_adapter/cmake)
[1.286s] -- Found OpenSSL: /usr/lib/x86_64-linux-gnu/libcrypto.so (found version "1.1.1f")  
[1.327s] -- Found FastRTPS: /opt/ros/foxy/include  
[1.435s] -- Using all available rosidl_typesupport_cpp: rosidl_typesupport_fastrtps_cpp;rosidl_typesupport_introspection_cpp
[1.540s] -- Found rosidl_default_generators: 1.0.1 (/opt/ros/foxy/share/rosidl_default_generators/cmake)
[1.571s] -- Found PythonInterp: /usr/bin/python3 (found version "3.8.10") 
[1.739s] -- Found ament_cmake_ros: 0.9.2 (/opt/ros/foxy/share/ament_cmake_ros/cmake)
[1.944s] -- Using all available rosidl_typesupport_c: rosidl_typesupport_fastrtps_c;rosidl_typesupport_introspection_c
[2.049s] -- Using all available rosidl_typesupport_cpp: rosidl_typesupport_fastrtps_cpp;rosidl_typesupport_introspection_cpp
[2.085s] -- Found PythonInterp: /usr/bin/python3 (found suitable version "3.8.10", minimum required is "3.5") 
[2.085s] -- Found python_cmake_module: 0.8.1 (/opt/ros/foxy/share/python_cmake_module/cmake)
[2.107s] -- Found PythonLibs: /usr/lib/x86_64-linux-gnu/libpython3.8.so (found suitable version "3.8.10", minimum required is "3.5") 
[2.107s] -- Using PYTHON_EXECUTABLE: /usr/bin/python3
[2.107s] -- Using PYTHON_INCLUDE_DIRS: /usr/include/python3.8
[2.107s] -- Using PYTHON_LIBRARIES: /usr/lib/x86_64-linux-gnu/libpython3.8.so
[2.128s] -- Found PythonExtra: .so  
[2.213s] -- Configuring done
[2.261s] -- Generating done
[2.262s] -- Build files have been written to: /home/kgh/ws2/build/nav_2d_msgs
[2.568s] Invoked command in '/home/kgh/ws2/build/nav_2d_msgs' returned '0': CMAKE_PREFIX_PATH=${CMAKE_PREFIX_PATH}:/home/kgh/ws2/install/yzbot_description:/home/kgh/ws2/install/yzbot_controller:/home/kgh/ws2/install/nav2_gazebo_spawner:/opt/ros/foxy /usr/bin/cmake /home/kgh/ws2/src/navigation2/nav2_dwb_controller/nav_2d_msgs -DCMAKE_INSTALL_PREFIX=/home/kgh/ws2/install/nav_2d_msgs
[2.573s] Invoking command in '/home/kgh/ws2/build/nav_2d_msgs': CMAKE_PREFIX_PATH=${CMAKE_PREFIX_PATH}:/home/kgh/ws2/install/yzbot_description:/home/kgh/ws2/install/yzbot_controller:/home/kgh/ws2/install/nav2_gazebo_spawner:/opt/ros/foxy /usr/bin/cmake --build /home/kgh/ws2/build/nav_2d_msgs -- -j16 -l16
[2.642s] [  1%] [34m[1mGenerating C code for ROS interfaces[0m
[2.642s] [35m[1mScanning dependencies of target nav_2d_msgs__cpp[0m
[2.660s] [  2%] [34m[1mGenerating C++ code for ROS interfaces[0m
[3.123s] [  2%] Built target nav_2d_msgs__cpp
[3.128s] [35m[1mScanning dependencies of target nav_2d_msgs__rosidl_generator_c[0m
[3.132s] [  5%] [34m[1mGenerating C++ introspection for ROS interfaces[0m
[3.133s] [  5%] [34m[1mGenerating C++ type support dispatch for ROS interfaces[0m
[3.133s] [  7%] [34m[1mGenerating C++ type support for eProsima Fast-RTPS[0m
[3.147s] [  8%] [32mBuilding C object CMakeFiles/nav_2d_msgs__rosidl_generator_c.dir/rosidl_generator_c/nav_2d_msgs/msg/detail/twist2_d32__functions.c.o[0m
[3.148s] [  9%] [32mBuilding C object CMakeFiles/nav_2d_msgs__rosidl_generator_c.dir/rosidl_generator_c/nav_2d_msgs/msg/detail/twist2_d_stamped__functions.c.o[0m
[3.148s] [ 11%] [32mBuilding C object CMakeFiles/nav_2d_msgs__rosidl_generator_c.dir/rosidl_generator_c/nav_2d_msgs/msg/detail/pose2_d32__functions.c.o[0m
[3.149s] [ 12%] [32mBuilding C object CMakeFiles/nav_2d_msgs__rosidl_generator_c.dir/rosidl_generator_c/nav_2d_msgs/msg/detail/twist2_d__functions.c.o[0m
[3.149s] [ 14%] [32mBuilding C object CMakeFiles/nav_2d_msgs__rosidl_generator_c.dir/rosidl_generator_c/nav_2d_msgs/msg/detail/pose2_d_stamped__functions.c.o[0m
[3.150s] [ 15%] [32mBuilding C object CMakeFiles/nav_2d_msgs__rosidl_generator_c.dir/rosidl_generator_c/nav_2d_msgs/msg/detail/path2_d__functions.c.o[0m
[3.213s] [ 16%] [32m[1mLinking C shared library libnav_2d_msgs__rosidl_generator_c.so[0m
[3.249s] [ 16%] Built target nav_2d_msgs__rosidl_generator_c
[3.260s] [ 18%] [34m[1mGenerating C type support dispatch for ROS interfaces[0m
[3.265s] [ 19%] [34m[1mGenerating C introspection for ROS interfaces[0m
[3.445s] [35m[1mScanning dependencies of target nav_2d_msgs__rosidl_typesupport_cpp[0m
[3.473s] [ 21%] [32mBuilding CXX object CMakeFiles/nav_2d_msgs__rosidl_typesupport_cpp.dir/rosidl_typesupport_cpp/nav_2d_msgs/msg/pose2_d32__type_support.cpp.o[0m
[3.476s] [ 22%] [32mBuilding CXX object CMakeFiles/nav_2d_msgs__rosidl_typesupport_cpp.dir/rosidl_typesupport_cpp/nav_2d_msgs/msg/twist2_d__type_support.cpp.o[0m
[3.477s] [ 25%] [32mBuilding CXX object CMakeFiles/nav_2d_msgs__rosidl_typesupport_cpp.dir/rosidl_typesupport_cpp/nav_2d_msgs/msg/path2_d__type_support.cpp.o[0m
[3.477s] [ 25%] [32mBuilding CXX object CMakeFiles/nav_2d_msgs__rosidl_typesupport_cpp.dir/rosidl_typesupport_cpp/nav_2d_msgs/msg/twist2_d32__type_support.cpp.o[0m
[3.477s] [ 26%] [32mBuilding CXX object CMakeFiles/nav_2d_msgs__rosidl_typesupport_cpp.dir/rosidl_typesupport_cpp/nav_2d_msgs/msg/twist2_d_stamped__type_support.cpp.o[0m
[3.478s] [ 28%] [32mBuilding CXX object CMakeFiles/nav_2d_msgs__rosidl_typesupport_cpp.dir/rosidl_typesupport_cpp/nav_2d_msgs/msg/pose2_d_stamped__type_support.cpp.o[0m
[3.497s] [35m[1mScanning dependencies of target nav_2d_msgs__rosidl_typesupport_introspection_cpp[0m
[3.529s] [ 30%] [32mBuilding CXX object CMakeFiles/nav_2d_msgs__rosidl_typesupport_introspection_cpp.dir/rosidl_typesupport_introspection_cpp/nav_2d_msgs/msg/detail/path2_d__type_support.cpp.o[0m
[3.529s] [ 30%] [32mBuilding CXX object CMakeFiles/nav_2d_msgs__rosidl_typesupport_introspection_cpp.dir/rosidl_typesupport_introspection_cpp/nav_2d_msgs/msg/detail/pose2_d32__type_support.cpp.o[0m
[3.557s] [ 32%] [32mBuilding CXX object CMakeFiles/nav_2d_msgs__rosidl_typesupport_introspection_cpp.dir/rosidl_typesupport_introspection_cpp/nav_2d_msgs/msg/detail/pose2_d_stamped__type_support.cpp.o[0m
[3.579s] [ 33%] [32mBuilding CXX object CMakeFiles/nav_2d_msgs__rosidl_typesupport_introspection_cpp.dir/rosidl_typesupport_introspection_cpp/nav_2d_msgs/msg/detail/twist2_d__type_support.cpp.o[0m
[3.579s] [ 35%] [32mBuilding CXX object CMakeFiles/nav_2d_msgs__rosidl_typesupport_introspection_cpp.dir/rosidl_typesupport_introspection_cpp/nav_2d_msgs/msg/detail/twist2_d32__type_support.cpp.o[0m
[3.594s] [35m[1mScanning dependencies of target nav_2d_msgs__rosidl_typesupport_fastrtps_cpp[0m
[3.628s] [ 36%] [32mBuilding CXX object CMakeFiles/nav_2d_msgs__rosidl_typesupport_introspection_cpp.dir/rosidl_typesupport_introspection_cpp/nav_2d_msgs/msg/detail/twist2_d_stamped__type_support.cpp.o[0m
[3.668s] [ 38%] [32mBuilding CXX object CMakeFiles/nav_2d_msgs__rosidl_typesupport_fastrtps_cpp.dir/rosidl_typesupport_fastrtps_cpp/nav_2d_msgs/msg/detail/dds_fastrtps/path2_d__type_support.cpp.o[0m
[3.676s] [ 39%] [32mBuilding CXX object CMakeFiles/nav_2d_msgs__rosidl_typesupport_fastrtps_cpp.dir/rosidl_typesupport_fastrtps_cpp/nav_2d_msgs/msg/detail/dds_fastrtps/pose2_d32__type_support.cpp.o[0m
[3.892s] [35m[1mScanning dependencies of target nav_2d_msgs__rosidl_typesupport_c[0m
[3.953s] [ 40%] [32mBuilding CXX object CMakeFiles/nav_2d_msgs__rosidl_typesupport_fastrtps_cpp.dir/rosidl_typesupport_fastrtps_cpp/nav_2d_msgs/msg/detail/dds_fastrtps/pose2_d_stamped__type_support.cpp.o[0m
[3.969s] [ 42%] [32mBuilding CXX object CMakeFiles/nav_2d_msgs__rosidl_typesupport_fastrtps_cpp.dir/rosidl_typesupport_fastrtps_cpp/nav_2d_msgs/msg/detail/dds_fastrtps/twist2_d__type_support.cpp.o[0m
[3.974s] [ 43%] [32mBuilding CXX object CMakeFiles/nav_2d_msgs__rosidl_typesupport_c.dir/rosidl_typesupport_c/nav_2d_msgs/msg/path2_d__type_support.cpp.o[0m
[3.982s] [ 45%] [32mBuilding CXX object CMakeFiles/nav_2d_msgs__rosidl_typesupport_fastrtps_cpp.dir/rosidl_typesupport_fastrtps_cpp/nav_2d_msgs/msg/detail/dds_fastrtps/twist2_d32__type_support.cpp.o[0m
[4.019s] [ 46%] [32mBuilding CXX object CMakeFiles/nav_2d_msgs__rosidl_typesupport_c.dir/rosidl_typesupport_c/nav_2d_msgs/msg/pose2_d32__type_support.cpp.o[0m
[4.038s] [35m[1mScanning dependencies of target nav_2d_msgs__rosidl_typesupport_introspection_c[0m
[4.090s] [ 47%] [32mBuilding C object CMakeFiles/nav_2d_msgs__rosidl_typesupport_introspection_c.dir/rosidl_typesupport_introspection_c/nav_2d_msgs/msg/detail/path2_d__type_support.c.o[0m
[4.100s] [ 49%] [32mBuilding CXX object CMakeFiles/nav_2d_msgs__rosidl_typesupport_c.dir/rosidl_typesupport_c/nav_2d_msgs/msg/pose2_d_stamped__type_support.cpp.o[0m
[4.111s] [ 50%] [32m[1mLinking CXX shared library libnav_2d_msgs__rosidl_typesupport_cpp.so[0m
[4.112s] [ 52%] [32mBuilding CXX object CMakeFiles/nav_2d_msgs__rosidl_typesupport_fastrtps_cpp.dir/rosidl_typesupport_fastrtps_cpp/nav_2d_msgs/msg/detail/dds_fastrtps/twist2_d_stamped__type_support.cpp.o[0m
[4.113s] [ 53%] [32mBuilding C object CMakeFiles/nav_2d_msgs__rosidl_typesupport_introspection_c.dir/rosidl_typesupport_introspection_c/nav_2d_msgs/msg/detail/pose2_d_stamped__type_support.c.o[0m
[4.117s] [ 54%] [32mBuilding C object CMakeFiles/nav_2d_msgs__rosidl_typesupport_introspection_c.dir/rosidl_typesupport_introspection_c/nav_2d_msgs/msg/detail/pose2_d32__type_support.c.o[0m
[4.125s] [ 56%] [32mBuilding CXX object CMakeFiles/nav_2d_msgs__rosidl_typesupport_c.dir/rosidl_typesupport_c/nav_2d_msgs/msg/twist2_d__type_support.cpp.o[0m
[4.137s] [ 57%] [32mBuilding CXX object CMakeFiles/nav_2d_msgs__rosidl_typesupport_c.dir/rosidl_typesupport_c/nav_2d_msgs/msg/twist2_d32__type_support.cpp.o[0m
[4.152s] [ 59%] [32mBuilding C object CMakeFiles/nav_2d_msgs__rosidl_typesupport_introspection_c.dir/rosidl_typesupport_introspection_c/nav_2d_msgs/msg/detail/twist2_d__type_support.c.o[0m
[4.184s] [ 60%] [32m[1mLinking CXX shared library libnav_2d_msgs__rosidl_typesupport_introspection_cpp.so[0m
[4.186s] [ 61%] [32mBuilding CXX object CMakeFiles/nav_2d_msgs__rosidl_typesupport_c.dir/rosidl_typesupport_c/nav_2d_msgs/msg/twist2_d_stamped__type_support.cpp.o[0m
[4.193s] [ 63%] [32mBuilding C object CMakeFiles/nav_2d_msgs__rosidl_typesupport_introspection_c.dir/rosidl_typesupport_introspection_c/nav_2d_msgs/msg/detail/twist2_d32__type_support.c.o[0m
[4.195s] [ 64%] [32mBuilding C object CMakeFiles/nav_2d_msgs__rosidl_typesupport_introspection_c.dir/rosidl_typesupport_introspection_c/nav_2d_msgs/msg/detail/twist2_d_stamped__type_support.c.o[0m
[4.212s] [ 64%] Built target nav_2d_msgs__rosidl_typesupport_cpp
[4.261s] [ 66%] [32m[1mLinking CXX shared library libnav_2d_msgs__rosidl_typesupport_c.so[0m
[4.270s] [ 67%] [32m[1mLinking C shared library libnav_2d_msgs__rosidl_typesupport_introspection_c.so[0m
[4.332s] [ 67%] Built target nav_2d_msgs__rosidl_typesupport_c
[4.352s] [ 67%] Built target nav_2d_msgs__rosidl_typesupport_introspection_c
[4.359s] [ 67%] Built target nav_2d_msgs__rosidl_typesupport_introspection_cpp
[4.688s] [ 69%] [32m[1mLinking CXX shared library libnav_2d_msgs__rosidl_typesupport_fastrtps_cpp.so[0m
[4.774s] [ 69%] Built target nav_2d_msgs__rosidl_typesupport_fastrtps_cpp
[4.784s] [ 70%] [34m[1mGenerating C type support for eProsima Fast-RTPS[0m
[5.130s] [35m[1mScanning dependencies of target nav_2d_msgs__rosidl_typesupport_fastrtps_c[0m
[5.155s] [ 77%] [32mBuilding CXX object CMakeFiles/nav_2d_msgs__rosidl_typesupport_fastrtps_c.dir/rosidl_typesupport_fastrtps_c/nav_2d_msgs/msg/detail/pose2_d32__type_support_c.cpp.o[0m
[5.155s] [ 77%] [32mBuilding CXX object CMakeFiles/nav_2d_msgs__rosidl_typesupport_fastrtps_c.dir/rosidl_typesupport_fastrtps_c/nav_2d_msgs/msg/detail/pose2_d_stamped__type_support_c.cpp.o[0m
[5.155s] [ 77%] [32mBuilding CXX object CMakeFiles/nav_2d_msgs__rosidl_typesupport_fastrtps_c.dir/rosidl_typesupport_fastrtps_c/nav_2d_msgs/msg/detail/twist2_d_stamped__type_support_c.cpp.o[0m
[5.155s] [ 77%] [32mBuilding CXX object CMakeFiles/nav_2d_msgs__rosidl_typesupport_fastrtps_c.dir/rosidl_typesupport_fastrtps_c/nav_2d_msgs/msg/detail/twist2_d32__type_support_c.cpp.o[0m
[5.156s] [ 77%] [32mBuilding CXX object CMakeFiles/nav_2d_msgs__rosidl_typesupport_fastrtps_c.dir/rosidl_typesupport_fastrtps_c/nav_2d_msgs/msg/detail/path2_d__type_support_c.cpp.o[0m
[5.156s] [ 78%] [32mBuilding CXX object CMakeFiles/nav_2d_msgs__rosidl_typesupport_fastrtps_c.dir/rosidl_typesupport_fastrtps_c/nav_2d_msgs/msg/detail/twist2_d__type_support_c.cpp.o[0m
[5.664s] [ 80%] [32m[1mLinking CXX shared library libnav_2d_msgs__rosidl_typesupport_fastrtps_c.so[0m
[5.751s] [ 80%] Built target nav_2d_msgs__rosidl_typesupport_fastrtps_c
[5.762s] [35m[1mScanning dependencies of target nav_2d_msgs[0m
[5.773s] [ 80%] Built target nav_2d_msgs
[5.784s] [35m[1mScanning dependencies of target nav_2d_msgs__py[0m
[5.795s] [ 81%] [34m[1mGenerating Python code for ROS interfaces[0m
[6.451s] [ 81%] Built target nav_2d_msgs__py
[6.463s] [35m[1mScanning dependencies of target nav_2d_msgs__python[0m
[6.505s] [ 84%] [32mBuilding C object CMakeFiles/nav_2d_msgs__python.dir/rosidl_generator_py/nav_2d_msgs/msg/_path2_d_s.c.o[0m
[6.506s] [ 84%] [32mBuilding C object CMakeFiles/nav_2d_msgs__python.dir/rosidl_generator_py/nav_2d_msgs/msg/_pose2_d32_s.c.o[0m
[6.506s] [ 85%] [32mBuilding C object CMakeFiles/nav_2d_msgs__python.dir/rosidl_generator_py/nav_2d_msgs/msg/_twist2_d_s.c.o[0m
[6.506s] [ 87%] [32mBuilding C object CMakeFiles/nav_2d_msgs__python.dir/rosidl_generator_py/nav_2d_msgs/msg/_pose2_d_stamped_s.c.o[0m
[6.506s] [ 88%] [32mBuilding C object CMakeFiles/nav_2d_msgs__python.dir/rosidl_generator_py/nav_2d_msgs/msg/_twist2_d32_s.c.o[0m
[6.506s] [ 90%] [32mBuilding C object CMakeFiles/nav_2d_msgs__python.dir/rosidl_generator_py/nav_2d_msgs/msg/_twist2_d_stamped_s.c.o[0m
[6.635s] [ 91%] [32m[1mLinking C shared library rosidl_generator_py/nav_2d_msgs/libnav_2d_msgs__python.so[0m
[6.677s] [ 91%] Built target nav_2d_msgs__python
[6.688s] [35m[1mScanning dependencies of target nav_2d_msgs__rosidl_typesupport_introspection_c__pyext[0m
[6.688s] [35m[1mScanning dependencies of target nav_2d_msgs__rosidl_typesupport_c__pyext[0m
[6.688s] [35m[1mScanning dependencies of target nav_2d_msgs__rosidl_typesupport_fastrtps_c__pyext[0m
[6.707s] [ 92%] [32mBuilding C object CMakeFiles/nav_2d_msgs__rosidl_typesupport_c__pyext.dir/rosidl_generator_py/nav_2d_msgs/_nav_2d_msgs_s.ep.rosidl_typesupport_c.c.o[0m
[6.707s] [ 94%] [32mBuilding C object CMakeFiles/nav_2d_msgs__rosidl_typesupport_introspection_c__pyext.dir/rosidl_generator_py/nav_2d_msgs/_nav_2d_msgs_s.ep.rosidl_typesupport_introspection_c.c.o[0m
[6.710s] [ 95%] [32mBuilding C object CMakeFiles/nav_2d_msgs__rosidl_typesupport_fastrtps_c__pyext.dir/rosidl_generator_py/nav_2d_msgs/_nav_2d_msgs_s.ep.rosidl_typesupport_fastrtps_c.c.o[0m
[6.790s] [ 97%] [32m[1mLinking C shared library rosidl_generator_py/nav_2d_msgs/nav_2d_msgs_s__rosidl_typesupport_c.cpython-38-x86_64-linux-gnu.so[0m
[6.791s] [ 98%] [32m[1mLinking C shared library rosidl_generator_py/nav_2d_msgs/nav_2d_msgs_s__rosidl_typesupport_introspection_c.cpython-38-x86_64-linux-gnu.so[0m
[6.797s] [100%] [32m[1mLinking CXX shared library rosidl_generator_py/nav_2d_msgs/nav_2d_msgs_s__rosidl_typesupport_fastrtps_c.cpython-38-x86_64-linux-gnu.so[0m
[6.828s] [100%] Built target nav_2d_msgs__rosidl_typesupport_c__pyext
[6.830s] [100%] Built target nav_2d_msgs__rosidl_typesupport_introspection_c__pyext
[6.867s] [100%] Built target nav_2d_msgs__rosidl_typesupport_fastrtps_c__pyext
[6.878s] Invoked command in '/home/kgh/ws2/build/nav_2d_msgs' returned '0': CMAKE_PREFIX_PATH=${CMAKE_PREFIX_PATH}:/home/kgh/ws2/install/yzbot_description:/home/kgh/ws2/install/yzbot_controller:/home/kgh/ws2/install/nav2_gazebo_spawner:/opt/ros/foxy /usr/bin/cmake --build /home/kgh/ws2/build/nav_2d_msgs -- -j16 -l16
[7.013s] Invoking command in '/home/kgh/ws2/build/nav_2d_msgs': CMAKE_PREFIX_PATH=${CMAKE_PREFIX_PATH}:/home/kgh/ws2/install/yzbot_description:/home/kgh/ws2/install/yzbot_controller:/home/kgh/ws2/install/nav2_gazebo_spawner:/opt/ros/foxy /usr/bin/cmake --install /home/kgh/ws2/build/nav_2d_msgs
[7.022s] -- Install configuration: ""
[7.022s] -- Installing: /home/kgh/ws2/install/nav_2d_msgs/share/ament_index/resource_index/rosidl_interfaces/nav_2d_msgs
[7.022s] -- Installing: /home/kgh/ws2/install/nav_2d_msgs/include/nav_2d_msgs
[7.023s] -- Installing: /home/kgh/ws2/install/nav_2d_msgs/include/nav_2d_msgs/msg
[7.023s] -- Installing: /home/kgh/ws2/install/nav_2d_msgs/include/nav_2d_msgs/msg/pose2_d32.h
[7.023s] -- Installing: /home/kgh/ws2/install/nav_2d_msgs/include/nav_2d_msgs/msg/rosidl_generator_c__visibility_control.h
[7.023s] -- Installing: /home/kgh/ws2/install/nav_2d_msgs/include/nav_2d_msgs/msg/pose2_d_stamped.h
[7.023s] -- Installing: /home/kgh/ws2/install/nav_2d_msgs/include/nav_2d_msgs/msg/twist2_d32.h
[7.023s] -- Installing: /home/kgh/ws2/install/nav_2d_msgs/include/nav_2d_msgs/msg/twist2_d.h
[7.023s] -- Installing: /home/kgh/ws2/install/nav_2d_msgs/include/nav_2d_msgs/msg/detail
[7.023s] -- Installing: /home/kgh/ws2/install/nav_2d_msgs/include/nav_2d_msgs/msg/detail/twist2_d__functions.h
[7.023s] -- Installing: /home/kgh/ws2/install/nav_2d_msgs/include/nav_2d_msgs/msg/detail/twist2_d__functions.c
[7.023s] -- Installing: /home/kgh/ws2/install/nav_2d_msgs/include/nav_2d_msgs/msg/detail/pose2_d_stamped__functions.c
[7.023s] -- Installing: /home/kgh/ws2/install/nav_2d_msgs/include/nav_2d_msgs/msg/detail/path2_d__struct.h
[7.024s] -- Installing: /home/kgh/ws2/install/nav_2d_msgs/include/nav_2d_msgs/msg/detail/twist2_d32__type_support.h
[7.024s] -- Installing: /home/kgh/ws2/install/nav_2d_msgs/include/nav_2d_msgs/msg/detail/twist2_d_stamped__type_support.h
[7.024s] -- Installing: /home/kgh/ws2/install/nav_2d_msgs/include/nav_2d_msgs/msg/detail/path2_d__type_support.h
[7.024s] -- Installing: /home/kgh/ws2/install/nav_2d_msgs/include/nav_2d_msgs/msg/detail/twist2_d_stamped__functions.h
[7.024s] -- Installing: /home/kgh/ws2/install/nav_2d_msgs/include/nav_2d_msgs/msg/detail/twist2_d32__struct.h
[7.024s] -- Installing: /home/kgh/ws2/install/nav_2d_msgs/include/nav_2d_msgs/msg/detail/twist2_d32__functions.h
[7.024s] -- Installing: /home/kgh/ws2/install/nav_2d_msgs/include/nav_2d_msgs/msg/detail/pose2_d32__functions.c
[7.024s] -- Installing: /home/kgh/ws2/install/nav_2d_msgs/include/nav_2d_msgs/msg/detail/pose2_d32__functions.h
[7.024s] -- Installing: /home/kgh/ws2/install/nav_2d_msgs/include/nav_2d_msgs/msg/detail/twist2_d_stamped__struct.h
[7.024s] -- Installing: /home/kgh/ws2/install/nav_2d_msgs/include/nav_2d_msgs/msg/detail/path2_d__functions.h
[7.024s] -- Installing: /home/kgh/ws2/install/nav_2d_msgs/include/nav_2d_msgs/msg/detail/twist2_d__type_support.h
[7.024s] -- Installing: /home/kgh/ws2/install/nav_2d_msgs/include/nav_2d_msgs/msg/detail/pose2_d_stamped__struct.h
[7.025s] -- Installing: /home/kgh/ws2/install/nav_2d_msgs/include/nav_2d_msgs/msg/detail/twist2_d_stamped__functions.c
[7.025s] -- Installing: /home/kgh/ws2/install/nav_2d_msgs/include/nav_2d_msgs/msg/detail/pose2_d32__type_support.h
[7.025s] -- Installing: /home/kgh/ws2/install/nav_2d_msgs/include/nav_2d_msgs/msg/detail/pose2_d_stamped__type_support.h
[7.025s] -- Installing: /home/kgh/ws2/install/nav_2d_msgs/include/nav_2d_msgs/msg/detail/path2_d__functions.c
[7.025s] -- Installing: /home/kgh/ws2/install/nav_2d_msgs/include/nav_2d_msgs/msg/detail/twist2_d__struct.h
[7.025s] -- Installing: /home/kgh/ws2/install/nav_2d_msgs/include/nav_2d_msgs/msg/detail/pose2_d32__struct.h
[7.025s] -- Installing: /home/kgh/ws2/install/nav_2d_msgs/include/nav_2d_msgs/msg/detail/pose2_d_stamped__functions.h
[7.025s] -- Installing: /home/kgh/ws2/install/nav_2d_msgs/include/nav_2d_msgs/msg/detail/twist2_d32__functions.c
[7.025s] -- Installing: /home/kgh/ws2/install/nav_2d_msgs/include/nav_2d_msgs/msg/path2_d.h
[7.025s] -- Installing: /home/kgh/ws2/install/nav_2d_msgs/include/nav_2d_msgs/msg/twist2_d_stamped.h
[7.025s] -- Installing: /home/kgh/ws2/install/nav_2d_msgs/share/nav_2d_msgs/environment/library_path.sh
[7.025s] -- Installing: /home/kgh/ws2/install/nav_2d_msgs/share/nav_2d_msgs/environment/library_path.dsv
[7.025s] -- Installing: /home/kgh/ws2/install/nav_2d_msgs/lib/libnav_2d_msgs__rosidl_generator_c.so
[7.026s] -- Set runtime path of "/home/kgh/ws2/install/nav_2d_msgs/lib/libnav_2d_msgs__rosidl_generator_c.so" to ""
[7.026s] -- Up-to-date: /home/kgh/ws2/install/nav_2d_msgs/include/nav_2d_msgs
[7.026s] -- Up-to-date: /home/kgh/ws2/install/nav_2d_msgs/include/nav_2d_msgs/msg
[7.026s] -- Installing: /home/kgh/ws2/install/nav_2d_msgs/include/nav_2d_msgs/msg/rosidl_typesupport_fastrtps_c__visibility_control.h
[7.026s] -- Up-to-date: /home/kgh/ws2/install/nav_2d_msgs/include/nav_2d_msgs/msg/detail
[7.026s] -- Installing: /home/kgh/ws2/install/nav_2d_msgs/include/nav_2d_msgs/msg/detail/twist2_d32__rosidl_typesupport_fastrtps_c.h
[7.026s] -- Installing: /home/kgh/ws2/install/nav_2d_msgs/include/nav_2d_msgs/msg/detail/twist2_d_stamped__rosidl_typesupport_fastrtps_c.h
[7.026s] -- Installing: /home/kgh/ws2/install/nav_2d_msgs/include/nav_2d_msgs/msg/detail/twist2_d__rosidl_typesupport_fastrtps_c.h
[7.026s] -- Installing: /home/kgh/ws2/install/nav_2d_msgs/include/nav_2d_msgs/msg/detail/pose2_d32__rosidl_typesupport_fastrtps_c.h
[7.026s] -- Installing: /home/kgh/ws2/install/nav_2d_msgs/include/nav_2d_msgs/msg/detail/pose2_d_stamped__rosidl_typesupport_fastrtps_c.h
[7.026s] -- Installing: /home/kgh/ws2/install/nav_2d_msgs/include/nav_2d_msgs/msg/detail/path2_d__rosidl_typesupport_fastrtps_c.h
[7.027s] -- Installing: /home/kgh/ws2/install/nav_2d_msgs/lib/libnav_2d_msgs__rosidl_typesupport_fastrtps_c.so
[7.027s] -- Set runtime path of "/home/kgh/ws2/install/nav_2d_msgs/lib/libnav_2d_msgs__rosidl_typesupport_fastrtps_c.so" to ""
[7.027s] -- Up-to-date: /home/kgh/ws2/install/nav_2d_msgs/include/nav_2d_msgs
[7.027s] -- Up-to-date: /home/kgh/ws2/install/nav_2d_msgs/include/nav_2d_msgs/msg
[7.027s] -- Installing: /home/kgh/ws2/install/nav_2d_msgs/include/nav_2d_msgs/msg/rosidl_typesupport_fastrtps_cpp__visibility_control.h
[7.027s] -- Up-to-date: /home/kgh/ws2/install/nav_2d_msgs/include/nav_2d_msgs/msg/detail
[7.027s] -- Installing: /home/kgh/ws2/install/nav_2d_msgs/include/nav_2d_msgs/msg/detail/pose2_d_stamped__rosidl_typesupport_fastrtps_cpp.hpp
[7.027s] -- Installing: /home/kgh/ws2/install/nav_2d_msgs/include/nav_2d_msgs/msg/detail/twist2_d__rosidl_typesupport_fastrtps_cpp.hpp
[7.027s] -- Installing: /home/kgh/ws2/install/nav_2d_msgs/include/nav_2d_msgs/msg/detail/pose2_d32__rosidl_typesupport_fastrtps_cpp.hpp
[7.027s] -- Installing: /home/kgh/ws2/install/nav_2d_msgs/include/nav_2d_msgs/msg/detail/dds_fastrtps
[7.027s] -- Installing: /home/kgh/ws2/install/nav_2d_msgs/include/nav_2d_msgs/msg/detail/twist2_d_stamped__rosidl_typesupport_fastrtps_cpp.hpp
[7.028s] -- Installing: /home/kgh/ws2/install/nav_2d_msgs/include/nav_2d_msgs/msg/detail/twist2_d32__rosidl_typesupport_fastrtps_cpp.hpp
[7.028s] -- Installing: /home/kgh/ws2/install/nav_2d_msgs/include/nav_2d_msgs/msg/detail/path2_d__rosidl_typesupport_fastrtps_cpp.hpp
[7.028s] -- Installing: /home/kgh/ws2/install/nav_2d_msgs/lib/libnav_2d_msgs__rosidl_typesupport_fastrtps_cpp.so
[7.028s] -- Set runtime path of "/home/kgh/ws2/install/nav_2d_msgs/lib/libnav_2d_msgs__rosidl_typesupport_fastrtps_cpp.so" to ""
[7.028s] -- Up-to-date: /home/kgh/ws2/install/nav_2d_msgs/include/nav_2d_msgs
[7.028s] -- Up-to-date: /home/kgh/ws2/install/nav_2d_msgs/include/nav_2d_msgs/msg
[7.028s] -- Installing: /home/kgh/ws2/install/nav_2d_msgs/include/nav_2d_msgs/msg/rosidl_typesupport_introspection_c__visibility_control.h
[7.028s] -- Up-to-date: /home/kgh/ws2/install/nav_2d_msgs/include/nav_2d_msgs/msg/detail
[7.028s] -- Installing: /home/kgh/ws2/install/nav_2d_msgs/include/nav_2d_msgs/msg/detail/path2_d__rosidl_typesupport_introspection_c.h
[7.028s] -- Installing: /home/kgh/ws2/install/nav_2d_msgs/include/nav_2d_msgs/msg/detail/path2_d__type_support.c
[7.029s] -- Installing: /home/kgh/ws2/install/nav_2d_msgs/include/nav_2d_msgs/msg/detail/pose2_d32__type_support.c
[7.029s] -- Installing: /home/kgh/ws2/install/nav_2d_msgs/include/nav_2d_msgs/msg/detail/twist2_d__type_support.c
[7.029s] -- Installing: /home/kgh/ws2/install/nav_2d_msgs/include/nav_2d_msgs/msg/detail/pose2_d_stamped__type_support.c
[7.029s] -- Installing: /home/kgh/ws2/install/nav_2d_msgs/include/nav_2d_msgs/msg/detail/pose2_d_stamped__rosidl_typesupport_introspection_c.h
[7.029s] -- Installing: /home/kgh/ws2/install/nav_2d_msgs/include/nav_2d_msgs/msg/detail/twist2_d_stamped__type_support.c
[7.029s] -- Installing: /home/kgh/ws2/install/nav_2d_msgs/include/nav_2d_msgs/msg/detail/twist2_d_stamped__rosidl_typesupport_introspection_c.h
[7.029s] -- Installing: /home/kgh/ws2/install/nav_2d_msgs/include/nav_2d_msgs/msg/detail/twist2_d32__rosidl_typesupport_introspection_c.h
[7.029s] -- Installing: /home/kgh/ws2/install/nav_2d_msgs/include/nav_2d_msgs/msg/detail/pose2_d32__rosidl_typesupport_introspection_c.h
[7.029s] -- Installing: /home/kgh/ws2/install/nav_2d_msgs/include/nav_2d_msgs/msg/detail/twist2_d__rosidl_typesupport_introspection_c.h
[7.029s] -- Installing: /home/kgh/ws2/install/nav_2d_msgs/include/nav_2d_msgs/msg/detail/twist2_d32__type_support.c
[7.029s] -- Installing: /home/kgh/ws2/install/nav_2d_msgs/lib/libnav_2d_msgs__rosidl_typesupport_introspection_c.so
[7.029s] -- Set runtime path of "/home/kgh/ws2/install/nav_2d_msgs/lib/libnav_2d_msgs__rosidl_typesupport_introspection_c.so" to ""
[7.029s] -- Installing: /home/kgh/ws2/install/nav_2d_msgs/lib/libnav_2d_msgs__rosidl_typesupport_c.so
[7.029s] -- Set runtime path of "/home/kgh/ws2/install/nav_2d_msgs/lib/libnav_2d_msgs__rosidl_typesupport_c.so" to ""
[7.030s] -- Up-to-date: /home/kgh/ws2/install/nav_2d_msgs/include/nav_2d_msgs
[7.030s] -- Up-to-date: /home/kgh/ws2/install/nav_2d_msgs/include/nav_2d_msgs/msg
[7.030s] -- Installing: /home/kgh/ws2/install/nav_2d_msgs/include/nav_2d_msgs/msg/twist2_d_stamped.hpp
[7.030s] -- Installing: /home/kgh/ws2/install/nav_2d_msgs/include/nav_2d_msgs/msg/twist2_d.hpp
[7.030s] -- Installing: /home/kgh/ws2/install/nav_2d_msgs/include/nav_2d_msgs/msg/rosidl_generator_cpp__visibility_control.hpp
[7.030s] -- Up-to-date: /home/kgh/ws2/install/nav_2d_msgs/include/nav_2d_msgs/msg/detail
[7.030s] -- Installing: /home/kgh/ws2/install/nav_2d_msgs/include/nav_2d_msgs/msg/detail/pose2_d32__builder.hpp
[7.030s] -- Installing: /home/kgh/ws2/install/nav_2d_msgs/include/nav_2d_msgs/msg/detail/twist2_d_stamped__type_support.hpp
[7.030s] -- Installing: /home/kgh/ws2/install/nav_2d_msgs/include/nav_2d_msgs/msg/detail/twist2_d__struct.hpp
[7.030s] -- Installing: /home/kgh/ws2/install/nav_2d_msgs/include/nav_2d_msgs/msg/detail/twist2_d__builder.hpp
[7.030s] -- Installing: /home/kgh/ws2/install/nav_2d_msgs/include/nav_2d_msgs/msg/detail/pose2_d_stamped__traits.hpp
[7.030s] -- Installing: /home/kgh/ws2/install/nav_2d_msgs/include/nav_2d_msgs/msg/detail/path2_d__builder.hpp
[7.030s] -- Installing: /home/kgh/ws2/install/nav_2d_msgs/include/nav_2d_msgs/msg/detail/pose2_d32__type_support.hpp
[7.031s] -- Installing: /home/kgh/ws2/install/nav_2d_msgs/include/nav_2d_msgs/msg/detail/twist2_d_stamped__struct.hpp
[7.031s] -- Installing: /home/kgh/ws2/install/nav_2d_msgs/include/nav_2d_msgs/msg/detail/twist2_d32__struct.hpp
[7.031s] -- Installing: /home/kgh/ws2/install/nav_2d_msgs/include/nav_2d_msgs/msg/detail/pose2_d_stamped__type_support.hpp
[7.031s] -- Installing: /home/kgh/ws2/install/nav_2d_msgs/include/nav_2d_msgs/msg/detail/twist2_d__type_support.hpp
[7.031s] -- Installing: /home/kgh/ws2/install/nav_2d_msgs/include/nav_2d_msgs/msg/detail/twist2_d__traits.hpp
[7.031s] -- Installing: /home/kgh/ws2/install/nav_2d_msgs/include/nav_2d_msgs/msg/detail/twist2_d32__traits.hpp
[7.031s] -- Installing: /home/kgh/ws2/install/nav_2d_msgs/include/nav_2d_msgs/msg/detail/twist2_d_stamped__traits.hpp
[7.031s] -- Installing: /home/kgh/ws2/install/nav_2d_msgs/include/nav_2d_msgs/msg/detail/pose2_d32__struct.hpp
[7.031s] -- Installing: /home/kgh/ws2/install/nav_2d_msgs/include/nav_2d_msgs/msg/detail/pose2_d_stamped__builder.hpp
[7.031s] -- Installing: /home/kgh/ws2/install/nav_2d_msgs/include/nav_2d_msgs/msg/detail/path2_d__traits.hpp
[7.031s] -- Installing: /home/kgh/ws2/install/nav_2d_msgs/include/nav_2d_msgs/msg/detail/twist2_d32__type_support.hpp
[7.031s] -- Installing: /home/kgh/ws2/install/nav_2d_msgs/include/nav_2d_msgs/msg/detail/twist2_d_stamped__builder.hpp
[7.031s] -- Installing: /home/kgh/ws2/install/nav_2d_msgs/include/nav_2d_msgs/msg/detail/twist2_d32__builder.hpp
[7.032s] -- Installing: /home/kgh/ws2/install/nav_2d_msgs/include/nav_2d_msgs/msg/detail/pose2_d32__traits.hpp
[7.032s] -- Installing: /home/kgh/ws2/install/nav_2d_msgs/include/nav_2d_msgs/msg/detail/path2_d__type_support.hpp
[7.032s] -- Installing: /home/kgh/ws2/install/nav_2d_msgs/include/nav_2d_msgs/msg/detail/path2_d__struct.hpp
[7.032s] -- Installing: /home/kgh/ws2/install/nav_2d_msgs/include/nav_2d_msgs/msg/detail/pose2_d_stamped__struct.hpp
[7.032s] -- Installing: /home/kgh/ws2/install/nav_2d_msgs/include/nav_2d_msgs/msg/pose2_d_stamped.hpp
[7.032s] -- Installing: /home/kgh/ws2/install/nav_2d_msgs/include/nav_2d_msgs/msg/pose2_d32.hpp
[7.032s] -- Installing: /home/kgh/ws2/install/nav_2d_msgs/include/nav_2d_msgs/msg/twist2_d32.hpp
[7.032s] -- Installing: /home/kgh/ws2/install/nav_2d_msgs/include/nav_2d_msgs/msg/path2_d.hpp
[7.032s] -- Up-to-date: /home/kgh/ws2/install/nav_2d_msgs/include/nav_2d_msgs
[7.032s] -- Up-to-date: /home/kgh/ws2/install/nav_2d_msgs/include/nav_2d_msgs/msg
[7.032s] -- Up-to-date: /home/kgh/ws2/install/nav_2d_msgs/include/nav_2d_msgs/msg/detail
[7.032s] -- Installing: /home/kgh/ws2/install/nav_2d_msgs/include/nav_2d_msgs/msg/detail/twist2_d32__type_support.cpp
[7.032s] -- Installing: /home/kgh/ws2/install/nav_2d_msgs/include/nav_2d_msgs/msg/detail/twist2_d__rosidl_typesupport_introspection_cpp.hpp
[7.033s] -- Installing: /home/kgh/ws2/install/nav_2d_msgs/include/nav_2d_msgs/msg/detail/pose2_d32__rosidl_typesupport_introspection_cpp.hpp
[7.033s] -- Installing: /home/kgh/ws2/install/nav_2d_msgs/include/nav_2d_msgs/msg/detail/path2_d__type_support.cpp
[7.033s] -- Installing: /home/kgh/ws2/install/nav_2d_msgs/include/nav_2d_msgs/msg/detail/path2_d__rosidl_typesupport_introspection_cpp.hpp
[7.033s] -- Installing: /home/kgh/ws2/install/nav_2d_msgs/include/nav_2d_msgs/msg/detail/twist2_d_stamped__type_support.cpp
[7.033s] -- Installing: /home/kgh/ws2/install/nav_2d_msgs/include/nav_2d_msgs/msg/detail/pose2_d_stamped__type_support.cpp
[7.033s] -- Installing: /home/kgh/ws2/install/nav_2d_msgs/include/nav_2d_msgs/msg/detail/pose2_d32__type_support.cpp
[7.033s] -- Installing: /home/kgh/ws2/install/nav_2d_msgs/include/nav_2d_msgs/msg/detail/twist2_d_stamped__rosidl_typesupport_introspection_cpp.hpp
[7.033s] -- Installing: /home/kgh/ws2/install/nav_2d_msgs/include/nav_2d_msgs/msg/detail/twist2_d__type_support.cpp
[7.033s] -- Installing: /home/kgh/ws2/install/nav_2d_msgs/include/nav_2d_msgs/msg/detail/twist2_d32__rosidl_typesupport_introspection_cpp.hpp
[7.033s] -- Installing: /home/kgh/ws2/install/nav_2d_msgs/include/nav_2d_msgs/msg/detail/pose2_d_stamped__rosidl_typesupport_introspection_cpp.hpp
[7.033s] -- Installing: /home/kgh/ws2/install/nav_2d_msgs/lib/libnav_2d_msgs__rosidl_typesupport_introspection_cpp.so
[7.033s] -- Set runtime path of "/home/kgh/ws2/install/nav_2d_msgs/lib/libnav_2d_msgs__rosidl_typesupport_introspection_cpp.so" to ""
[7.033s] -- Installing: /home/kgh/ws2/install/nav_2d_msgs/lib/libnav_2d_msgs__rosidl_typesupport_cpp.so
[7.034s] -- Set runtime path of "/home/kgh/ws2/install/nav_2d_msgs/lib/libnav_2d_msgs__rosidl_typesupport_cpp.so" to ""
[7.034s] -- Installing: /home/kgh/ws2/install/nav_2d_msgs/share/nav_2d_msgs/environment/pythonpath.sh
[7.034s] -- Installing: /home/kgh/ws2/install/nav_2d_msgs/share/nav_2d_msgs/environment/pythonpath.dsv
[7.034s] -- Installing: /home/kgh/ws2/install/nav_2d_msgs/lib/python3.8/site-packages/nav_2d_msgs/__init__.py
[7.062s] Compiling '/home/kgh/ws2/install/nav_2d_msgs/lib/python3.8/site-packages/nav_2d_msgs/__init__.py'...
[7.066s] -- Installing: /home/kgh/ws2/install/nav_2d_msgs/lib/python3.8/site-packages/nav_2d_msgs/msg
[7.066s] -- Installing: /home/kgh/ws2/install/nav_2d_msgs/lib/python3.8/site-packages/nav_2d_msgs/msg/_path2_d_s.c
[7.066s] -- Installing: /home/kgh/ws2/install/nav_2d_msgs/lib/python3.8/site-packages/nav_2d_msgs/msg/_twist2_d.py
[7.066s] -- Installing: /home/kgh/ws2/install/nav_2d_msgs/lib/python3.8/site-packages/nav_2d_msgs/msg/_twist2_d_s.c
[7.066s] -- Installing: /home/kgh/ws2/install/nav_2d_msgs/lib/python3.8/site-packages/nav_2d_msgs/msg/_twist2_d_stamped.py
[7.067s] -- Installing: /home/kgh/ws2/install/nav_2d_msgs/lib/python3.8/site-packages/nav_2d_msgs/msg/_pose2_d32.py
[7.067s] -- Installing: /home/kgh/ws2/install/nav_2d_msgs/lib/python3.8/site-packages/nav_2d_msgs/msg/_twist2_d_stamped_s.c
[7.067s] -- Installing: /home/kgh/ws2/install/nav_2d_msgs/lib/python3.8/site-packages/nav_2d_msgs/msg/__init__.py
[7.067s] -- Installing: /home/kgh/ws2/install/nav_2d_msgs/lib/python3.8/site-packages/nav_2d_msgs/msg/_pose2_d32_s.c
[7.067s] -- Installing: /home/kgh/ws2/install/nav_2d_msgs/lib/python3.8/site-packages/nav_2d_msgs/msg/_path2_d.py
[7.067s] -- Installing: /home/kgh/ws2/install/nav_2d_msgs/lib/python3.8/site-packages/nav_2d_msgs/msg/_pose2_d_stamped_s.c
[7.067s] -- Installing: /home/kgh/ws2/install/nav_2d_msgs/lib/python3.8/site-packages/nav_2d_msgs/msg/_pose2_d_stamped.py
[7.067s] -- Installing: /home/kgh/ws2/install/nav_2d_msgs/lib/python3.8/site-packages/nav_2d_msgs/msg/_twist2_d32_s.c
[7.067s] -- Installing: /home/kgh/ws2/install/nav_2d_msgs/lib/python3.8/site-packages/nav_2d_msgs/msg/_twist2_d32.py
[7.067s] -- Installing: /home/kgh/ws2/install/nav_2d_msgs/lib/python3.8/site-packages/nav_2d_msgs/nav_2d_msgs_s__rosidl_typesupport_fastrtps_c.cpython-38-x86_64-linux-gnu.so
[7.068s] -- Set runtime path of "/home/kgh/ws2/install/nav_2d_msgs/lib/python3.8/site-packages/nav_2d_msgs/nav_2d_msgs_s__rosidl_typesupport_fastrtps_c.cpython-38-x86_64-linux-gnu.so" to ""
[7.068s] -- Installing: /home/kgh/ws2/install/nav_2d_msgs/lib/python3.8/site-packages/nav_2d_msgs/nav_2d_msgs_s__rosidl_typesupport_introspection_c.cpython-38-x86_64-linux-gnu.so
[7.068s] -- Set runtime path of "/home/kgh/ws2/install/nav_2d_msgs/lib/python3.8/site-packages/nav_2d_msgs/nav_2d_msgs_s__rosidl_typesupport_introspection_c.cpython-38-x86_64-linux-gnu.so" to ""
[7.068s] -- Installing: /home/kgh/ws2/install/nav_2d_msgs/lib/python3.8/site-packages/nav_2d_msgs/nav_2d_msgs_s__rosidl_typesupport_c.cpython-38-x86_64-linux-gnu.so
[7.069s] -- Set runtime path of "/home/kgh/ws2/install/nav_2d_msgs/lib/python3.8/site-packages/nav_2d_msgs/nav_2d_msgs_s__rosidl_typesupport_c.cpython-38-x86_64-linux-gnu.so" to ""
[7.069s] -- Installing: /home/kgh/ws2/install/nav_2d_msgs/lib/libnav_2d_msgs__python.so
[7.069s] -- Set runtime path of "/home/kgh/ws2/install/nav_2d_msgs/lib/libnav_2d_msgs__python.so" to ""
[7.069s] -- Installing: /home/kgh/ws2/install/nav_2d_msgs/share/nav_2d_msgs/msg/Path2D.idl
[7.069s] -- Installing: /home/kgh/ws2/install/nav_2d_msgs/share/nav_2d_msgs/msg/Pose2D32.idl
[7.069s] -- Installing: /home/kgh/ws2/install/nav_2d_msgs/share/nav_2d_msgs/msg/Pose2DStamped.idl
[7.070s] -- Installing: /home/kgh/ws2/install/nav_2d_msgs/share/nav_2d_msgs/msg/Twist2D.idl
[7.070s] -- Installing: /home/kgh/ws2/install/nav_2d_msgs/share/nav_2d_msgs/msg/Twist2D32.idl
[7.070s] -- Installing: /home/kgh/ws2/install/nav_2d_msgs/share/nav_2d_msgs/msg/Twist2DStamped.idl
[7.070s] -- Installing: /home/kgh/ws2/install/nav_2d_msgs/share/nav_2d_msgs/msg/Path2D.msg
[7.070s] -- Installing: /home/kgh/ws2/install/nav_2d_msgs/share/nav_2d_msgs/msg/Pose2D32.msg
[7.070s] -- Installing: /home/kgh/ws2/install/nav_2d_msgs/share/nav_2d_msgs/msg/Pose2DStamped.msg
[7.070s] -- Installing: /home/kgh/ws2/install/nav_2d_msgs/share/nav_2d_msgs/msg/Twist2D.msg
[7.070s] -- Installing: /home/kgh/ws2/install/nav_2d_msgs/share/nav_2d_msgs/msg/Twist2D32.msg
[7.071s] -- Installing: /home/kgh/ws2/install/nav_2d_msgs/share/nav_2d_msgs/msg/Twist2DStamped.msg
[7.071s] -- Installing: /home/kgh/ws2/install/nav_2d_msgs/share/ament_index/resource_index/package_run_dependencies/nav_2d_msgs
[7.071s] -- Installing: /home/kgh/ws2/install/nav_2d_msgs/share/ament_index/resource_index/parent_prefix_path/nav_2d_msgs
[7.071s] -- Installing: /home/kgh/ws2/install/nav_2d_msgs/share/nav_2d_msgs/environment/ament_prefix_path.sh
[7.071s] -- Installing: /home/kgh/ws2/install/nav_2d_msgs/share/nav_2d_msgs/environment/ament_prefix_path.dsv
[7.071s] -- Installing: /home/kgh/ws2/install/nav_2d_msgs/share/nav_2d_msgs/environment/path.sh
[7.071s] -- Installing: /home/kgh/ws2/install/nav_2d_msgs/share/nav_2d_msgs/environment/path.dsv
[7.071s] -- Installing: /home/kgh/ws2/install/nav_2d_msgs/share/nav_2d_msgs/local_setup.bash
[7.071s] -- Installing: /home/kgh/ws2/install/nav_2d_msgs/share/nav_2d_msgs/local_setup.sh
[7.072s] -- Installing: /home/kgh/ws2/install/nav_2d_msgs/share/nav_2d_msgs/local_setup.zsh
[7.072s] -- Installing: /home/kgh/ws2/install/nav_2d_msgs/share/nav_2d_msgs/local_setup.dsv
[7.072s] -- Installing: /home/kgh/ws2/install/nav_2d_msgs/share/nav_2d_msgs/package.dsv
[7.072s] -- Installing: /home/kgh/ws2/install/nav_2d_msgs/share/ament_index/resource_index/packages/nav_2d_msgs
[7.072s] -- Installing: /home/kgh/ws2/install/nav_2d_msgs/share/nav_2d_msgs/cmake/nav_2d_msgs__rosidl_generator_cExport.cmake
[7.072s] -- Installing: /home/kgh/ws2/install/nav_2d_msgs/share/nav_2d_msgs/cmake/nav_2d_msgs__rosidl_generator_cExport-noconfig.cmake
[7.072s] -- Installing: /home/kgh/ws2/install/nav_2d_msgs/share/nav_2d_msgs/cmake/nav_2d_msgs__rosidl_typesupport_introspection_cExport.cmake
[7.072s] -- Installing: /home/kgh/ws2/install/nav_2d_msgs/share/nav_2d_msgs/cmake/nav_2d_msgs__rosidl_typesupport_introspection_cExport-noconfig.cmake
[7.073s] -- Installing: /home/kgh/ws2/install/nav_2d_msgs/share/nav_2d_msgs/cmake/nav_2d_msgs__rosidl_typesupport_cExport.cmake
[7.073s] -- Installing: /home/kgh/ws2/install/nav_2d_msgs/share/nav_2d_msgs/cmake/nav_2d_msgs__rosidl_typesupport_cExport-noconfig.cmake
[7.073s] -- Installing: /home/kgh/ws2/install/nav_2d_msgs/share/nav_2d_msgs/cmake/nav_2d_msgs__rosidl_generator_cppExport.cmake
[7.073s] -- Installing: /home/kgh/ws2/install/nav_2d_msgs/share/nav_2d_msgs/cmake/nav_2d_msgs__rosidl_typesupport_introspection_cppExport.cmake
[7.073s] -- Installing: /home/kgh/ws2/install/nav_2d_msgs/share/nav_2d_msgs/cmake/nav_2d_msgs__rosidl_typesupport_introspection_cppExport-noconfig.cmake
[7.073s] -- Installing: /home/kgh/ws2/install/nav_2d_msgs/share/nav_2d_msgs/cmake/nav_2d_msgs__rosidl_typesupport_cppExport.cmake
[7.073s] -- Installing: /home/kgh/ws2/install/nav_2d_msgs/share/nav_2d_msgs/cmake/nav_2d_msgs__rosidl_typesupport_cppExport-noconfig.cmake
[7.073s] -- Installing: /home/kgh/ws2/install/nav_2d_msgs/share/nav_2d_msgs/cmake/rosidl_cmake-extras.cmake
[7.074s] -- Installing: /home/kgh/ws2/install/nav_2d_msgs/share/nav_2d_msgs/cmake/ament_cmake_export_dependencies-extras.cmake
[7.074s] -- Installing: /home/kgh/ws2/install/nav_2d_msgs/share/nav_2d_msgs/cmake/ament_cmake_export_libraries-extras.cmake
[7.074s] -- Installing: /home/kgh/ws2/install/nav_2d_msgs/share/nav_2d_msgs/cmake/ament_cmake_export_targets-extras.cmake
[7.074s] -- Installing: /home/kgh/ws2/install/nav_2d_msgs/share/nav_2d_msgs/cmake/ament_cmake_export_include_directories-extras.cmake
[7.074s] -- Installing: /home/kgh/ws2/install/nav_2d_msgs/share/nav_2d_msgs/cmake/rosidl_cmake_export_typesupport_libraries-extras.cmake
[7.074s] -- Installing: /home/kgh/ws2/install/nav_2d_msgs/share/nav_2d_msgs/cmake/rosidl_cmake_export_typesupport_targets-extras.cmake
[7.074s] -- Installing: /home/kgh/ws2/install/nav_2d_msgs/share/nav_2d_msgs/cmake/nav_2d_msgsConfig.cmake
[7.074s] -- Installing: /home/kgh/ws2/install/nav_2d_msgs/share/nav_2d_msgs/cmake/nav_2d_msgsConfig-version.cmake
[7.075s] -- Installing: /home/kgh/ws2/install/nav_2d_msgs/share/nav_2d_msgs/package.xml
[7.077s] Invoked command in '/home/kgh/ws2/build/nav_2d_msgs' returned '0': CMAKE_PREFIX_PATH=${CMAKE_PREFIX_PATH}:/home/kgh/ws2/install/yzbot_description:/home/kgh/ws2/install/yzbot_controller:/home/kgh/ws2/install/nav2_gazebo_spawner:/opt/ros/foxy /usr/bin/cmake --install /home/kgh/ws2/build/nav_2d_msgs
