[0.550s] Invoking command in '/home/kgh/ws2/build/nav2_behavior_tree': CMAKE_PREFIX_PATH=/home/kgh/ws2/install/nav2_util:/home/kgh/ws2/install/nav2_msgs:/home/kgh/ws2/install/nav2_common:/home/kgh/ws2/install/yzbot_nav2:/home/kgh/ws2/install/yzbot_navigation2:/home/kgh/ws2/install/yzbot_cartographer:/home/kgh/ws2/install/nav2_system_tests:/home/kgh/ws2/install/fishbot_navigation2:/home/kgh/ws2/install/nav2_bringup:/home/kgh/ws2/install/navigation2:/home/kgh/ws2/install/smac_planner:/home/kgh/ws2/install/nav2_dwb_controller:/home/kgh/ws2/install/nav2_controller:/home/kgh/ws2/install/dwb_plugins:/home/kgh/ws2/install/dwb_critics:/home/kgh/ws2/install/dwb_core:/home/kgh/ws2/install/nav_2d_utils:/home/kgh/ws2/install/dwb_msgs:/home/kgh/ws2/install/nav_2d_msgs:/home/kgh/ws2/install/nav2_waypoint_follower:/home/kgh/ws2/install/nav2_regulated_pure_pursuit_controller:/home/kgh/ws2/install/nav2_recoveries:/home/kgh/ws2/install/nav2_planner:/home/kgh/ws2/install/nav2_navfn_planner:/home/kgh/ws2/install/nav2_core:/home/kgh/ws2/install/costmap_queue:/home/kgh/ws2/install/nav2_costmap_2d:/home/kgh/ws2/install/nav2_voxel_grid:/home/kgh/ws2/install/nav2_rviz_plugins:/home/kgh/ws2/install/nav2_map_server:/home/kgh/ws2/install/nav2_lifecycle_manager:/home/kgh/ws2/install/nav2_bt_navigator:/home/kgh/ws2/install/nav2_behavior_tree:/home/kgh/ws2/install/nav2_amcl:/home/kgh/ws2/install/fishbot_cartographer:/home/kgh/ws2/install/cartographer_ros:/home/kgh/ws2/install/cartographer_ros_msgs:/home/kgh/ws2/install/cartographer:/home/kgh/ws2/install/yzbot_description:/home/kgh/ws2/install/yzbot_controller:/home/kgh/ws2/install/fishbot_description:/home/kgh/ws2/install/nav2_gazebo_spawner:/home/kgh/ws2/install/fishbot_controller:/opt/ros/foxy LD_LIBRARY_PATH=/home/kgh/ws2/install/nav2_util/lib:/home/kgh/ws2/install/nav2_msgs/lib:/home/kgh/ws2/install/smac_planner/lib:/home/kgh/ws2/install/nav2_controller/lib:/home/kgh/ws2/install/dwb_plugins/lib:/home/kgh/ws2/install/dwb_critics/lib:/home/kgh/ws2/install/dwb_core/lib:/home/kgh/ws2/install/nav_2d_utils/lib:/home/kgh/ws2/install/dwb_msgs/lib:/home/kgh/ws2/install/nav_2d_msgs/lib:/home/kgh/ws2/install/nav2_waypoint_follower/lib:/home/kgh/ws2/install/nav2_regulated_pure_pursuit_controller/lib:/home/kgh/ws2/install/nav2_recoveries/lib:/home/kgh/ws2/install/nav2_planner/lib:/home/kgh/ws2/install/nav2_navfn_planner/lib:/home/kgh/ws2/install/costmap_queue/lib:/home/kgh/ws2/install/nav2_costmap_2d/lib:/home/kgh/ws2/install/nav2_voxel_grid/lib:/home/kgh/ws2/install/nav2_rviz_plugins/lib:/home/kgh/ws2/install/nav2_map_server/lib:/home/kgh/ws2/install/nav2_lifecycle_manager/lib:/home/kgh/ws2/install/nav2_bt_navigator/lib:/home/kgh/ws2/install/nav2_behavior_tree/lib:/home/kgh/ws2/install/nav2_amcl/lib:/home/kgh/ws2/install/cartographer_ros_msgs/lib:/usr/lib/x86_64-linux-gnu/gazebo-11/plugins:/opt/ros/foxy/opt/yaml_cpp_vendor/lib:/opt/ros/foxy/opt/rviz_ogre_vendor/lib:/opt/ros/foxy/lib/x86_64-linux-gnu:/opt/ros/foxy/lib PYTHONPATH=/home/kgh/ws2/install/nav2_msgs/lib/python3.8/site-packages:/home/kgh/ws2/install/nav2_common/lib/python3.8/site-packages:/home/kgh/ws2/install/yzbot_description/lib/python3.8/site-packages:/home/kgh/ws2/install/yzbot_controller/lib/python3.8/site-packages:/home/kgh/ws2/install/fishbot_description/lib/python3.8/site-packages:/home/kgh/ws2/install/dwb_msgs/lib/python3.8/site-packages:/home/kgh/ws2/install/nav_2d_msgs/lib/python3.8/site-packages:/home/kgh/ws2/install/nav2_gazebo_spawner/lib/python3.8/site-packages:/home/kgh/ws2/install/fishbot_controller/lib/python3.8/site-packages:/home/kgh/ws2/install/cartographer_ros_msgs/lib/python3.8/site-packages:/opt/ros/foxy/lib/python3.8/site-packages /usr/bin/cmake /home/kgh/ws2/src/navigation2/nav2_behavior_tree -DCMAKE_INSTALL_PREFIX=/home/kgh/ws2/install/nav2_behavior_tree
[0.603s] -- The CXX compiler identification is GNU 9.4.0
[0.614s] -- Check for working CXX compiler: /usr/bin/c++
[0.682s] -- Check for working CXX compiler: /usr/bin/c++ -- works
[0.682s] -- Detecting CXX compiler ABI info
[0.754s] -- Detecting CXX compiler ABI info - done
[0.762s] -- Detecting CXX compile features
[0.763s] -- Detecting CXX compile features - done
[0.765s] -- Found ament_cmake: 0.9.12 (/opt/ros/foxy/share/ament_cmake/cmake)
[0.790s] -- Found PythonInterp: /usr/bin/python3 (found suitable version "3.8.10", minimum required is "3") 
[0.790s] -- Using PYTHON_EXECUTABLE: /usr/bin/python3
[0.981s] -- Found nav2_common: 0.4.7 (/home/kgh/ws2/install/nav2_common/share/nav2_common/cmake)
[0.983s] -- Found rclcpp: 2.4.3 (/opt/ros/foxy/share/rclcpp/cmake)
[1.029s] -- Using all available rosidl_typesupport_c: rosidl_typesupport_fastrtps_c;rosidl_typesupport_introspection_c
[1.036s] -- Found rosidl_adapter: 1.3.1 (/opt/ros/foxy/share/rosidl_adapter/cmake)
[1.139s] -- Found OpenSSL: /usr/lib/x86_64-linux-gnu/libcrypto.so (found version "1.1.1f")  
[1.174s] -- Found FastRTPS: /opt/ros/foxy/include  
[1.269s] -- Using all available rosidl_typesupport_cpp: rosidl_typesupport_fastrtps_cpp;rosidl_typesupport_introspection_cpp
[1.323s] -- Found rmw_implementation_cmake: 1.0.4 (/opt/ros/foxy/share/rmw_implementation_cmake/cmake)
[1.325s] -- Using RMW implementation 'rmw_fastrtps_cpp' as default
[1.326s] -- Looking for C++ include pthread.h
[1.399s] -- Looking for C++ include pthread.h - found
[1.400s] -- Performing Test CMAKE_HAVE_LIBC_PTHREAD
[1.477s] -- Performing Test CMAKE_HAVE_LIBC_PTHREAD - Failed
[1.477s] -- Looking for pthread_create in pthreads
[1.542s] -- Looking for pthread_create in pthreads - not found
[1.542s] -- Looking for pthread_create in pthread
[1.614s] -- Looking for pthread_create in pthread - found
[1.615s] -- Found Threads: TRUE  
[1.768s] -- Found rclcpp_action: 2.4.3 (/opt/ros/foxy/share/rclcpp_action/cmake)
[1.846s] -- Found rclcpp_lifecycle: 2.4.3 (/opt/ros/foxy/share/rclcpp_lifecycle/cmake)
[1.875s] -- Found geometry_msgs: 2.0.5 (/opt/ros/foxy/share/geometry_msgs/cmake)
[1.905s] -- Found sensor_msgs: 2.0.5 (/opt/ros/foxy/share/sensor_msgs/cmake)
[1.966s] -- Found nav2_msgs: 0.4.7 (/home/kgh/ws2/install/nav2_msgs/share/nav2_msgs/cmake)
[2.231s] -- Found tf2_ros: 0.13.14 (/opt/ros/foxy/share/tf2_ros/cmake)
[2.468s] -- Found tf2_geometry_msgs: 0.13.14 (/opt/ros/foxy/share/tf2_geometry_msgs/cmake)
[2.476s] -- Found eigen3_cmake_module: 0.1.1 (/opt/ros/foxy/share/eigen3_cmake_module/cmake)
[2.479s] -- Found Eigen3: TRUE (found version "3.3.7") 
[2.503s] -- Found std_srvs: 2.0.5 (/opt/ros/foxy/share/std_srvs/cmake)
[2.511s] -- Found nav2_util: 0.4.7 (/home/kgh/ws2/install/nav2_util/share/nav2_util/cmake)
[2.647s] -- Setting build type to Release as none was specified.
[7.013s] -- Found ament_lint_auto: 0.9.8 (/opt/ros/foxy/share/ament_lint_auto/cmake)
[7.103s] -- Found ament_cmake_gtest: 0.9.12 (/opt/ros/foxy/share/ament_cmake_gtest/cmake)
[7.110s] -- Found gtest sources under '/opt/ros/foxy/src/gtest_vendor': C++ tests using 'Google Test' will be built
[7.157s] -- The C compiler identification is GNU 9.4.0
[7.165s] -- Check for working C compiler: /usr/bin/cc
[7.234s] -- Check for working C compiler: /usr/bin/cc -- works
[7.236s] -- Detecting C compiler ABI info
[7.304s] -- Detecting C compiler ABI info - done
[7.314s] -- Detecting C compile features
[7.314s] -- Detecting C compile features - done
[7.316s] -- Check if compiler accepts -pthread
[7.395s] -- Check if compiler accepts -pthread - yes
[10.840s] -- Added test 'copyright' to check source files copyright and LICENSE
[10.844s] -- Added test 'cppcheck' to perform static code analysis on C / C++ code
[10.846s] -- Configured cppcheck include dirs: /home/kgh/ws2/src/navigation2/nav2_behavior_tree/include
[10.846s] -- Configured cppcheck exclude dirs and/or files: 
[10.850s] -- Added test 'cpplint' to check C / C++ code against the Google style
[10.851s] -- Configured cpplint exclude dirs and/or files: 
[10.852s] -- Added test 'lint_cmake' to check CMake code style
[10.856s] -- Added test 'uncrustify' to check C / C++ code style
[10.857s] -- Configured uncrustify additional arguments: 
[10.857s] -- Added test 'xmllint' to check XML markup files
[10.865s] -- Configuring done
[12.037s] -- Generating done
[12.044s] -- Build files have been written to: /home/kgh/ws2/build/nav2_behavior_tree
[12.075s] Invoked command in '/home/kgh/ws2/build/nav2_behavior_tree' returned '0': CMAKE_PREFIX_PATH=/home/kgh/ws2/install/nav2_util:/home/kgh/ws2/install/nav2_msgs:/home/kgh/ws2/install/nav2_common:/home/kgh/ws2/install/yzbot_nav2:/home/kgh/ws2/install/yzbot_navigation2:/home/kgh/ws2/install/yzbot_cartographer:/home/kgh/ws2/install/nav2_system_tests:/home/kgh/ws2/install/fishbot_navigation2:/home/kgh/ws2/install/nav2_bringup:/home/kgh/ws2/install/navigation2:/home/kgh/ws2/install/smac_planner:/home/kgh/ws2/install/nav2_dwb_controller:/home/kgh/ws2/install/nav2_controller:/home/kgh/ws2/install/dwb_plugins:/home/kgh/ws2/install/dwb_critics:/home/kgh/ws2/install/dwb_core:/home/kgh/ws2/install/nav_2d_utils:/home/kgh/ws2/install/dwb_msgs:/home/kgh/ws2/install/nav_2d_msgs:/home/kgh/ws2/install/nav2_waypoint_follower:/home/kgh/ws2/install/nav2_regulated_pure_pursuit_controller:/home/kgh/ws2/install/nav2_recoveries:/home/kgh/ws2/install/nav2_planner:/home/kgh/ws2/install/nav2_navfn_planner:/home/kgh/ws2/install/nav2_core:/home/kgh/ws2/install/costmap_queue:/home/kgh/ws2/install/nav2_costmap_2d:/home/kgh/ws2/install/nav2_voxel_grid:/home/kgh/ws2/install/nav2_rviz_plugins:/home/kgh/ws2/install/nav2_map_server:/home/kgh/ws2/install/nav2_lifecycle_manager:/home/kgh/ws2/install/nav2_bt_navigator:/home/kgh/ws2/install/nav2_behavior_tree:/home/kgh/ws2/install/nav2_amcl:/home/kgh/ws2/install/fishbot_cartographer:/home/kgh/ws2/install/cartographer_ros:/home/kgh/ws2/install/cartographer_ros_msgs:/home/kgh/ws2/install/cartographer:/home/kgh/ws2/install/yzbot_description:/home/kgh/ws2/install/yzbot_controller:/home/kgh/ws2/install/fishbot_description:/home/kgh/ws2/install/nav2_gazebo_spawner:/home/kgh/ws2/install/fishbot_controller:/opt/ros/foxy LD_LIBRARY_PATH=/home/kgh/ws2/install/nav2_util/lib:/home/kgh/ws2/install/nav2_msgs/lib:/home/kgh/ws2/install/smac_planner/lib:/home/kgh/ws2/install/nav2_controller/lib:/home/kgh/ws2/install/dwb_plugins/lib:/home/kgh/ws2/install/dwb_critics/lib:/home/kgh/ws2/install/dwb_core/lib:/home/kgh/ws2/install/nav_2d_utils/lib:/home/kgh/ws2/install/dwb_msgs/lib:/home/kgh/ws2/install/nav_2d_msgs/lib:/home/kgh/ws2/install/nav2_waypoint_follower/lib:/home/kgh/ws2/install/nav2_regulated_pure_pursuit_controller/lib:/home/kgh/ws2/install/nav2_recoveries/lib:/home/kgh/ws2/install/nav2_planner/lib:/home/kgh/ws2/install/nav2_navfn_planner/lib:/home/kgh/ws2/install/costmap_queue/lib:/home/kgh/ws2/install/nav2_costmap_2d/lib:/home/kgh/ws2/install/nav2_voxel_grid/lib:/home/kgh/ws2/install/nav2_rviz_plugins/lib:/home/kgh/ws2/install/nav2_map_server/lib:/home/kgh/ws2/install/nav2_lifecycle_manager/lib:/home/kgh/ws2/install/nav2_bt_navigator/lib:/home/kgh/ws2/install/nav2_behavior_tree/lib:/home/kgh/ws2/install/nav2_amcl/lib:/home/kgh/ws2/install/cartographer_ros_msgs/lib:/usr/lib/x86_64-linux-gnu/gazebo-11/plugins:/opt/ros/foxy/opt/yaml_cpp_vendor/lib:/opt/ros/foxy/opt/rviz_ogre_vendor/lib:/opt/ros/foxy/lib/x86_64-linux-gnu:/opt/ros/foxy/lib PYTHONPATH=/home/kgh/ws2/install/nav2_msgs/lib/python3.8/site-packages:/home/kgh/ws2/install/nav2_common/lib/python3.8/site-packages:/home/kgh/ws2/install/yzbot_description/lib/python3.8/site-packages:/home/kgh/ws2/install/yzbot_controller/lib/python3.8/site-packages:/home/kgh/ws2/install/fishbot_description/lib/python3.8/site-packages:/home/kgh/ws2/install/dwb_msgs/lib/python3.8/site-packages:/home/kgh/ws2/install/nav_2d_msgs/lib/python3.8/site-packages:/home/kgh/ws2/install/nav2_gazebo_spawner/lib/python3.8/site-packages:/home/kgh/ws2/install/fishbot_controller/lib/python3.8/site-packages:/home/kgh/ws2/install/cartographer_ros_msgs/lib/python3.8/site-packages:/opt/ros/foxy/lib/python3.8/site-packages /usr/bin/cmake /home/kgh/ws2/src/navigation2/nav2_behavior_tree -DCMAKE_INSTALL_PREFIX=/home/kgh/ws2/install/nav2_behavior_tree
[12.080s] Invoking command in '/home/kgh/ws2/build/nav2_behavior_tree': CMAKE_PREFIX_PATH=/home/kgh/ws2/install/nav2_util:/home/kgh/ws2/install/nav2_msgs:/home/kgh/ws2/install/nav2_common:/home/kgh/ws2/install/yzbot_nav2:/home/kgh/ws2/install/yzbot_navigation2:/home/kgh/ws2/install/yzbot_cartographer:/home/kgh/ws2/install/nav2_system_tests:/home/kgh/ws2/install/fishbot_navigation2:/home/kgh/ws2/install/nav2_bringup:/home/kgh/ws2/install/navigation2:/home/kgh/ws2/install/smac_planner:/home/kgh/ws2/install/nav2_dwb_controller:/home/kgh/ws2/install/nav2_controller:/home/kgh/ws2/install/dwb_plugins:/home/kgh/ws2/install/dwb_critics:/home/kgh/ws2/install/dwb_core:/home/kgh/ws2/install/nav_2d_utils:/home/kgh/ws2/install/dwb_msgs:/home/kgh/ws2/install/nav_2d_msgs:/home/kgh/ws2/install/nav2_waypoint_follower:/home/kgh/ws2/install/nav2_regulated_pure_pursuit_controller:/home/kgh/ws2/install/nav2_recoveries:/home/kgh/ws2/install/nav2_planner:/home/kgh/ws2/install/nav2_navfn_planner:/home/kgh/ws2/install/nav2_core:/home/kgh/ws2/install/costmap_queue:/home/kgh/ws2/install/nav2_costmap_2d:/home/kgh/ws2/install/nav2_voxel_grid:/home/kgh/ws2/install/nav2_rviz_plugins:/home/kgh/ws2/install/nav2_map_server:/home/kgh/ws2/install/nav2_lifecycle_manager:/home/kgh/ws2/install/nav2_bt_navigator:/home/kgh/ws2/install/nav2_behavior_tree:/home/kgh/ws2/install/nav2_amcl:/home/kgh/ws2/install/fishbot_cartographer:/home/kgh/ws2/install/cartographer_ros:/home/kgh/ws2/install/cartographer_ros_msgs:/home/kgh/ws2/install/cartographer:/home/kgh/ws2/install/yzbot_description:/home/kgh/ws2/install/yzbot_controller:/home/kgh/ws2/install/fishbot_description:/home/kgh/ws2/install/nav2_gazebo_spawner:/home/kgh/ws2/install/fishbot_controller:/opt/ros/foxy LD_LIBRARY_PATH=/home/kgh/ws2/install/nav2_util/lib:/home/kgh/ws2/install/nav2_msgs/lib:/home/kgh/ws2/install/smac_planner/lib:/home/kgh/ws2/install/nav2_controller/lib:/home/kgh/ws2/install/dwb_plugins/lib:/home/kgh/ws2/install/dwb_critics/lib:/home/kgh/ws2/install/dwb_core/lib:/home/kgh/ws2/install/nav_2d_utils/lib:/home/kgh/ws2/install/dwb_msgs/lib:/home/kgh/ws2/install/nav_2d_msgs/lib:/home/kgh/ws2/install/nav2_waypoint_follower/lib:/home/kgh/ws2/install/nav2_regulated_pure_pursuit_controller/lib:/home/kgh/ws2/install/nav2_recoveries/lib:/home/kgh/ws2/install/nav2_planner/lib:/home/kgh/ws2/install/nav2_navfn_planner/lib:/home/kgh/ws2/install/costmap_queue/lib:/home/kgh/ws2/install/nav2_costmap_2d/lib:/home/kgh/ws2/install/nav2_voxel_grid/lib:/home/kgh/ws2/install/nav2_rviz_plugins/lib:/home/kgh/ws2/install/nav2_map_server/lib:/home/kgh/ws2/install/nav2_lifecycle_manager/lib:/home/kgh/ws2/install/nav2_bt_navigator/lib:/home/kgh/ws2/install/nav2_behavior_tree/lib:/home/kgh/ws2/install/nav2_amcl/lib:/home/kgh/ws2/install/cartographer_ros_msgs/lib:/usr/lib/x86_64-linux-gnu/gazebo-11/plugins:/opt/ros/foxy/opt/yaml_cpp_vendor/lib:/opt/ros/foxy/opt/rviz_ogre_vendor/lib:/opt/ros/foxy/lib/x86_64-linux-gnu:/opt/ros/foxy/lib PYTHONPATH=/home/kgh/ws2/install/nav2_msgs/lib/python3.8/site-packages:/home/kgh/ws2/install/nav2_common/lib/python3.8/site-packages:/home/kgh/ws2/install/yzbot_description/lib/python3.8/site-packages:/home/kgh/ws2/install/yzbot_controller/lib/python3.8/site-packages:/home/kgh/ws2/install/fishbot_description/lib/python3.8/site-packages:/home/kgh/ws2/install/dwb_msgs/lib/python3.8/site-packages:/home/kgh/ws2/install/nav_2d_msgs/lib/python3.8/site-packages:/home/kgh/ws2/install/nav2_gazebo_spawner/lib/python3.8/site-packages:/home/kgh/ws2/install/fishbot_controller/lib/python3.8/site-packages:/home/kgh/ws2/install/cartographer_ros_msgs/lib/python3.8/site-packages:/opt/ros/foxy/lib/python3.8/site-packages /usr/bin/cmake --build /home/kgh/ws2/build/nav2_behavior_tree -- -j16 -l16
[12.133s] [35m[1mScanning dependencies of target nav2_behavior_tree[0m
[12.134s] [35m[1mScanning dependencies of target nav2_compute_path_to_pose_action_bt_node[0m
[12.134s] [35m[1mScanning dependencies of target nav2_is_stuck_condition_bt_node[0m
[12.138s] [35m[1mScanning dependencies of target nav2_goal_updated_condition_bt_node[0m
[12.138s] [35m[1mScanning dependencies of target nav2_wait_action_bt_node[0m
[12.138s] [35m[1mScanning dependencies of target nav2_spin_action_bt_node[0m
[12.141s] [35m[1mScanning dependencies of target nav2_distance_traveled_condition_bt_node[0m
[12.148s] [35m[1mScanning dependencies of target nav2_reinitialize_global_localization_service_bt_node[0m
[12.161s] [35m[1mScanning dependencies of target nav2_pipeline_sequence_bt_node[0m
[12.166s] [35m[1mScanning dependencies of target nav2_time_expired_condition_bt_node[0m
[12.166s] [35m[1mScanning dependencies of target nav2_transform_available_condition_bt_node[0m
[12.172s] [35m[1mScanning dependencies of target nav2_goal_updater_node_bt_node[0m
[12.181s] [35m[1mScanning dependencies of target nav2_goal_reached_condition_bt_node[0m
[12.183s] [35m[1mScanning dependencies of target nav2_initial_pose_received_condition_bt_node[0m
[12.185s] [35m[1mScanning dependencies of target nav2_follow_path_action_bt_node[0m
[12.195s] [35m[1mScanning dependencies of target nav2_is_battery_low_condition_bt_node[0m
[12.243s] [  1%] [32mBuilding CXX object CMakeFiles/nav2_goal_updated_condition_bt_node.dir/plugins/condition/goal_updated_condition.cpp.o[0m
[12.257s] [  2%] [32mBuilding CXX object CMakeFiles/nav2_pipeline_sequence_bt_node.dir/plugins/control/pipeline_sequence.cpp.o[0m
[12.258s] [  3%] [32mBuilding CXX object CMakeFiles/nav2_compute_path_to_pose_action_bt_node.dir/plugins/action/compute_path_to_pose_action.cpp.o[0m
[12.260s] [  4%] [32mBuilding CXX object CMakeFiles/nav2_behavior_tree.dir/src/behavior_tree_engine.cpp.o[0m
[12.262s] [  5%] [32mBuilding CXX object CMakeFiles/nav2_initial_pose_received_condition_bt_node.dir/plugins/condition/initial_pose_received_condition.cpp.o[0m
[12.284s] [  6%] [32mBuilding CXX object CMakeFiles/nav2_is_stuck_condition_bt_node.dir/plugins/condition/is_stuck_condition.cpp.o[0m
[12.294s] [  7%] [32mBuilding CXX object CMakeFiles/nav2_time_expired_condition_bt_node.dir/plugins/condition/time_expired_condition.cpp.o[0m
[12.305s] [  8%] [32mBuilding CXX object CMakeFiles/nav2_distance_traveled_condition_bt_node.dir/plugins/condition/distance_traveled_condition.cpp.o[0m
[12.323s] [  9%] [32mBuilding CXX object CMakeFiles/nav2_transform_available_condition_bt_node.dir/plugins/condition/transform_available_condition.cpp.o[0m
[12.354s] [ 10%] [32mBuilding CXX object CMakeFiles/nav2_wait_action_bt_node.dir/plugins/action/wait_action.cpp.o[0m
[12.370s] [ 11%] [32mBuilding CXX object CMakeFiles/nav2_spin_action_bt_node.dir/plugins/action/spin_action.cpp.o[0m
[12.379s] [ 12%] [32mBuilding CXX object CMakeFiles/nav2_goal_updater_node_bt_node.dir/plugins/decorator/goal_updater_node.cpp.o[0m
[12.409s] [ 13%] [32mBuilding CXX object CMakeFiles/nav2_follow_path_action_bt_node.dir/plugins/action/follow_path_action.cpp.o[0m
[12.428s] [ 14%] [32mBuilding CXX object CMakeFiles/nav2_goal_reached_condition_bt_node.dir/plugins/condition/goal_reached_condition.cpp.o[0m
[12.443s] [ 15%] [32mBuilding CXX object CMakeFiles/nav2_is_battery_low_condition_bt_node.dir/plugins/condition/is_battery_low_condition.cpp.o[0m
[12.451s] [ 16%] [32mBuilding CXX object CMakeFiles/nav2_reinitialize_global_localization_service_bt_node.dir/plugins/action/reinitialize_global_localization_service.cpp.o[0m
[15.764s] [ 17%] [32m[1mLinking CXX shared library libnav2_initial_pose_received_condition_bt_node.so[0m
[16.119s] [ 17%] Built target nav2_initial_pose_received_condition_bt_node
[16.138s] [ 18%] [32m[1mLinking CXX shared library libnav2_pipeline_sequence_bt_node.so[0m
[16.169s] [35m[1mScanning dependencies of target nav2_rate_controller_bt_node[0m
[16.295s] [ 19%] [32mBuilding CXX object CMakeFiles/nav2_rate_controller_bt_node.dir/plugins/decorator/rate_controller.cpp.o[0m
[16.497s] [ 19%] Built target nav2_pipeline_sequence_bt_node
[16.569s] [35m[1mScanning dependencies of target nav2_distance_controller_bt_node[0m
[16.869s] [ 20%] [32mBuilding CXX object CMakeFiles/nav2_distance_controller_bt_node.dir/plugins/decorator/distance_controller.cpp.o[0m
[17.458s] [ 21%] [32m[1mLinking CXX shared library libnav2_goal_updated_condition_bt_node.so[0m
[17.833s] [ 21%] Built target nav2_goal_updated_condition_bt_node
[17.919s] [35m[1mScanning dependencies of target nav2_round_robin_node_bt_node[0m
[18.019s] [ 22%] [32mBuilding CXX object CMakeFiles/nav2_round_robin_node_bt_node.dir/plugins/control/round_robin_node.cpp.o[0m
[20.614s] [ 23%] [32m[1mLinking CXX shared library libnav2_rate_controller_bt_node.so[0m
[20.644s] [ 24%] [32m[1mLinking CXX shared library libnav2_behavior_tree.so[0m
[20.950s] [ 24%] Built target nav2_rate_controller_bt_node
[21.013s] [35m[1mScanning dependencies of target nav2_clear_costmap_service_bt_node[0m
[21.090s] [ 25%] [32m[1mLinking CXX shared library libnav2_time_expired_condition_bt_node.so[0m
[21.224s] [ 26%] [32mBuilding CXX object CMakeFiles/nav2_clear_costmap_service_bt_node.dir/plugins/action/clear_costmap_service.cpp.o[0m
[21.245s] [ 26%] Built target nav2_behavior_tree
[21.317s] [35m[1mScanning dependencies of target nav2_speed_controller_bt_node[0m
[21.537s] [ 27%] [32mBuilding CXX object CMakeFiles/nav2_speed_controller_bt_node.dir/plugins/decorator/speed_controller.cpp.o[0m
[21.595s] [ 28%] [32m[1mLinking CXX shared library libnav2_round_robin_node_bt_node.so[0m
[21.660s] [ 28%] Built target nav2_time_expired_condition_bt_node
[21.733s] [35m[1mScanning dependencies of target nav2_truncate_path_action_bt_node[0m
[21.965s] [ 29%] [32mBuilding CXX object CMakeFiles/nav2_truncate_path_action_bt_node.dir/plugins/action/truncate_path_action.cpp.o[0m
[21.995s] [ 29%] Built target nav2_round_robin_node_bt_node
[22.038s] [35m[1mScanning dependencies of target nav2_navigate_to_pose_action_bt_node[0m
[22.042s] [ 30%] [32m[1mLinking CXX shared library libnav2_transform_available_condition_bt_node.so[0m
[22.184s] [ 31%] [32mBuilding CXX object CMakeFiles/nav2_navigate_to_pose_action_bt_node.dir/plugins/action/navigate_to_pose_action.cpp.o[0m
[22.549s] [ 31%] Built target nav2_transform_available_condition_bt_node
[22.633s] [35m[1mScanning dependencies of target nav2_back_up_action_bt_node[0m
[22.819s] [ 32%] [32mBuilding CXX object CMakeFiles/nav2_back_up_action_bt_node.dir/plugins/action/back_up_action.cpp.o[0m
[23.163s] [ 33%] [32m[1mLinking CXX shared library libnav2_goal_reached_condition_bt_node.so[0m
[23.644s] [ 33%] Built target nav2_goal_reached_condition_bt_node
[23.726s] [35m[1mScanning dependencies of target nav2_recovery_node_bt_node[0m
[23.764s] [ 34%] [32m[1mLinking CXX shared library libnav2_distance_traveled_condition_bt_node.so[0m
[23.793s] [ 35%] [32mBuilding CXX object CMakeFiles/nav2_recovery_node_bt_node.dir/plugins/control/recovery_node.cpp.o[0m
[23.826s] [ 36%] [32m[1mLinking CXX shared library libnav2_reinitialize_global_localization_service_bt_node.so[0m
[24.259s] [ 36%] Built target nav2_distance_traveled_condition_bt_node
[24.335s] [35m[1mScanning dependencies of target gtest[0m
[24.340s] [ 36%] Built target nav2_reinitialize_global_localization_service_bt_node
[24.390s] [35m[1mScanning dependencies of target gtest_main[0m
[24.420s] [ 37%] [32mBuilding CXX object gtest/CMakeFiles/gtest.dir/src/gtest-all.cc.o[0m
[24.484s] [ 38%] [32mBuilding CXX object gtest/CMakeFiles/gtest_main.dir/src/gtest_main.cc.o[0m
[25.661s] [ 39%] [32m[1mLinking CXX shared library libnav2_follow_path_action_bt_node.so[0m
[25.791s] [ 40%] [32m[1mLinking CXX static library libgtest_main.a[0m
[25.982s] [ 40%] Built target gtest_main
[26.168s] [ 40%] Built target nav2_follow_path_action_bt_node
[26.487s] [ 41%] [32m[1mLinking CXX shared library libnav2_compute_path_to_pose_action_bt_node.so[0m
[26.613s] [ 42%] [32m[1mLinking CXX shared library libnav2_wait_action_bt_node.so[0m
[26.839s] [ 42%] Built target nav2_compute_path_to_pose_action_bt_node
[27.172s] [ 42%] Built target nav2_wait_action_bt_node
[27.210s] [ 43%] [32m[1mLinking CXX shared library libnav2_spin_action_bt_node.so[0m
[27.717s] [ 44%] [32m[1mLinking CXX shared library libnav2_distance_controller_bt_node.so[0m
[27.754s] [ 44%] Built target nav2_spin_action_bt_node
[28.396s] [ 44%] Built target nav2_distance_controller_bt_node
[28.467s] [ 45%] [32m[1mLinking CXX shared library libnav2_recovery_node_bt_node.so[0m
[28.846s] [ 45%] Built target nav2_recovery_node_bt_node
[30.104s] [ 46%] [32m[1mLinking CXX shared library libnav2_is_stuck_condition_bt_node.so[0m
[30.472s] [ 46%] Built target nav2_is_stuck_condition_bt_node
[30.738s] [ 47%] [32m[1mLinking CXX shared library libnav2_goal_updater_node_bt_node.so[0m
[31.032s] [ 48%] [32m[1mLinking CXX shared library libnav2_truncate_path_action_bt_node.so[0m
[31.037s] [ 48%] Built target nav2_goal_updater_node_bt_node
[31.173s] [ 50%] [32m[1mLinking CXX shared library libnav2_clear_costmap_service_bt_node.so[0m
[31.223s] [ 50%] Built target nav2_truncate_path_action_bt_node
[31.443s] [ 50%] Built target nav2_clear_costmap_service_bt_node
[31.454s] [ 51%] [32m[1mLinking CXX shared library libnav2_is_battery_low_condition_bt_node.so[0m
[31.495s] [ 52%] [32m[1mLinking CXX shared library libnav2_speed_controller_bt_node.so[0m
[31.656s] [ 52%] Built target nav2_is_battery_low_condition_bt_node
[31.694s] [ 52%] Built target nav2_speed_controller_bt_node
[32.780s] [ 53%] [32m[1mLinking CXX shared library libnav2_back_up_action_bt_node.so[0m
[32.827s] [ 54%] [32m[1mLinking CXX shared library libnav2_navigate_to_pose_action_bt_node.so[0m
[32.988s] [ 54%] Built target nav2_back_up_action_bt_node
[33.038s] [ 54%] Built target nav2_navigate_to_pose_action_bt_node
[34.919s] [ 55%] [32m[1mLinking CXX static library libgtest.a[0m
[34.961s] [ 55%] Built target gtest
[34.978s] [35m[1mScanning dependencies of target test_bt_conversions[0m
[34.978s] [35m[1mScanning dependencies of target test_condition_goal_updated[0m
[34.978s] [35m[1mScanning dependencies of target test_goal_updater_node[0m
[34.979s] [35m[1mScanning dependencies of target test_condition_distance_traveled[0m
[34.979s] [35m[1mScanning dependencies of target test_condition_is_battery_low[0m
[34.979s] [35m[1mScanning dependencies of target test_condition_is_stuck[0m
[34.979s] [35m[1mScanning dependencies of target test_condition_time_expired[0m
[34.980s] [35m[1mScanning dependencies of target test_condition_initial_pose_received[0m
[34.980s] [35m[1mScanning dependencies of target test_condition_transform_available[0m
[34.980s] [35m[1mScanning dependencies of target test_decorator_speed_controller[0m
[34.991s] [35m[1mScanning dependencies of target test_condition_goal_reached[0m
[35.011s] [35m[1mScanning dependencies of target test_control_round_robin_node[0m
[35.012s] [35m[1mScanning dependencies of target test_decorator_rate_controller[0m
[35.028s] [35m[1mScanning dependencies of target test_decorator_distance_controller[0m
[35.036s] [35m[1mScanning dependencies of target test_control_pipeline_sequence[0m
[35.051s] [35m[1mScanning dependencies of target test_control_recovery_node[0m
[35.068s] [ 56%] [32mBuilding CXX object test/CMakeFiles/test_bt_conversions.dir/test_bt_conversions.cpp.o[0m
[35.101s] [ 57%] [32mBuilding CXX object test/plugins/decorator/CMakeFiles/test_goal_updater_node.dir/test_goal_updater_node.cpp.o[0m
[35.104s] [ 58%] [32mBuilding CXX object test/plugins/condition/CMakeFiles/test_condition_distance_traveled.dir/test_distance_traveled.cpp.o[0m
[35.115s] [ 59%] [32mBuilding CXX object test/plugins/condition/CMakeFiles/test_condition_time_expired.dir/test_time_expired.cpp.o[0m
[35.116s] [ 60%] [32mBuilding CXX object test/plugins/condition/CMakeFiles/test_condition_initial_pose_received.dir/test_initial_pose_received.cpp.o[0m
[35.130s] [ 61%] [32mBuilding CXX object test/plugins/condition/CMakeFiles/test_condition_goal_updated.dir/test_goal_updated.cpp.o[0m
[35.149s] [ 62%] [32mBuilding CXX object test/plugins/condition/CMakeFiles/test_condition_transform_available.dir/test_transform_available.cpp.o[0m
[35.161s] [ 63%] [32mBuilding CXX object test/plugins/decorator/CMakeFiles/test_decorator_rate_controller.dir/test_rate_controller.cpp.o[0m
[35.161s] [ 64%] [32mBuilding CXX object test/plugins/condition/CMakeFiles/test_condition_is_stuck.dir/test_is_stuck.cpp.o[0m
[35.165s] [ 65%] [32mBuilding CXX object test/plugins/condition/CMakeFiles/test_condition_goal_reached.dir/test_goal_reached.cpp.o[0m
[35.194s] [ 66%] [32mBuilding CXX object test/plugins/condition/CMakeFiles/test_condition_is_battery_low.dir/test_is_battery_low.cpp.o[0m
[35.196s] [ 67%] [32mBuilding CXX object test/plugins/control/CMakeFiles/test_control_round_robin_node.dir/test_round_robin_node.cpp.o[0m
[35.210s] [ 68%] [32mBuilding CXX object test/plugins/decorator/CMakeFiles/test_decorator_speed_controller.dir/test_speed_controller.cpp.o[0m
[35.214s] [ 69%] [32mBuilding CXX object test/plugins/control/CMakeFiles/test_control_pipeline_sequence.dir/test_pipeline_sequence.cpp.o[0m
[35.234s] [ 70%] [32mBuilding CXX object test/plugins/decorator/CMakeFiles/test_decorator_distance_controller.dir/test_distance_controller.cpp.o[0m
[35.235s] [ 71%] [32mBuilding CXX object test/plugins/control/CMakeFiles/test_control_recovery_node.dir/test_recovery_node.cpp.o[0m
[42.545s] [ 72%] [32m[1mLinking CXX executable test_bt_conversions[0m
[43.212s] [ 72%] Built target test_bt_conversions
[43.278s] [35m[1mScanning dependencies of target test_truncate_path_action[0m
[43.472s] [ 73%] [32mBuilding CXX object test/plugins/action/CMakeFiles/test_truncate_path_action.dir/test_truncate_path_action.cpp.o[0m
[47.205s] [ 74%] [32m[1mLinking CXX executable test_goal_updater_node[0m
[47.865s] [ 74%] Built target test_goal_updater_node
[47.914s] [ 75%] [32m[1mLinking CXX executable test_condition_goal_updated[0m
[47.929s] [35m[1mScanning dependencies of target test_action_navigate_to_pose_action[0m
[48.055s] [ 76%] [32m[1mLinking CXX executable test_condition_goal_reached[0m
[48.120s] [ 77%] [32mBuilding CXX object test/plugins/action/CMakeFiles/test_action_navigate_to_pose_action.dir/test_navigate_to_pose_action.cpp.o[0m
[48.392s] [ 78%] [32m[1mLinking CXX executable test_condition_time_expired[0m
[48.492s] [ 78%] Built target test_condition_goal_updated
[48.531s] [35m[1mScanning dependencies of target test_action_follow_path_action[0m
[48.668s] [ 78%] Built target test_condition_goal_reached
[48.674s] [ 79%] [32mBuilding CXX object test/plugins/action/CMakeFiles/test_action_follow_path_action.dir/test_follow_path_action.cpp.o[0m
[48.717s] [ 80%] [32m[1mLinking CXX executable test_decorator_speed_controller[0m
[48.752s] [35m[1mScanning dependencies of target test_action_compute_path_to_pose_action[0m
[48.942s] [ 81%] [32mBuilding CXX object test/plugins/action/CMakeFiles/test_action_compute_path_to_pose_action.dir/test_compute_path_to_pose_action.cpp.o[0m
[49.084s] [ 81%] Built target test_condition_time_expired
[49.151s] [ 82%] [32m[1mLinking CXX executable test_control_round_robin_node[0m
[49.151s] [35m[1mScanning dependencies of target test_action_reinitialize_global_localization_service[0m
[49.197s] [ 83%] [32m[1mLinking CXX executable test_condition_initial_pose_received[0m
[49.276s] [ 84%] [32mBuilding CXX object test/plugins/action/CMakeFiles/test_action_reinitialize_global_localization_service.dir/test_reinitialize_global_localization_service.cpp.o[0m
[49.294s] [ 85%] [32m[1mLinking CXX executable test_condition_is_stuck[0m
[49.305s] [ 86%] [32m[1mLinking CXX executable test_condition_distance_traveled[0m
[49.381s] [ 87%] [32m[1mLinking CXX executable test_condition_transform_available[0m
[49.414s] [ 88%] [32m[1mLinking CXX executable test_condition_is_battery_low[0m
[49.447s] [ 88%] Built target test_decorator_speed_controller
[49.504s] [35m[1mScanning dependencies of target test_action_clear_costmap_service[0m
[49.608s] [ 89%] [32m[1mLinking CXX executable test_decorator_rate_controller[0m
[49.705s] [ 90%] [32mBuilding CXX object test/plugins/action/CMakeFiles/test_action_clear_costmap_service.dir/test_clear_costmap_service.cpp.o[0m
[49.818s] [ 91%] [32m[1mLinking CXX executable test_decorator_distance_controller[0m
[49.838s] [ 92%] [32m[1mLinking CXX executable test_control_pipeline_sequence[0m
[49.857s] [ 92%] Built target test_condition_is_stuck
[49.909s] [ 92%] Built target test_condition_initial_pose_received
[49.972s] [ 92%] Built target test_condition_is_battery_low
[49.984s] [ 92%] Built target test_condition_distance_traveled
[49.999s] [ 92%] Built target test_control_round_robin_node
[50.040s] [ 92%] Built target test_condition_transform_available
[50.080s] [ 93%] [32m[1mLinking CXX executable test_control_recovery_node[0m
[50.169s] [ 93%] Built target test_decorator_rate_controller
[50.244s] [ 93%] Built target test_decorator_distance_controller
[50.250s] [ 93%] Built target test_control_pipeline_sequence
[50.409s] [ 93%] Built target test_control_recovery_node
[53.098s] [ 94%] [32m[1mLinking CXX executable test_truncate_path_action[0m
[53.815s] [ 94%] Built target test_truncate_path_action
[57.120s] [ 95%] [32m[1mLinking CXX executable test_action_clear_costmap_service[0m
[57.364s] [ 95%] Built target test_action_clear_costmap_service
[57.529s] [ 96%] [32m[1mLinking CXX executable test_action_reinitialize_global_localization_service[0m
[57.766s] [ 96%] Built target test_action_reinitialize_global_localization_service
[59.147s] [ 97%] [32m[1mLinking CXX executable test_action_navigate_to_pose_action[0m
[59.343s] [ 98%] [32m[1mLinking CXX executable test_action_follow_path_action[0m
[59.389s] [ 98%] Built target test_action_navigate_to_pose_action
[59.567s] [ 98%] Built target test_action_follow_path_action
[60.317s] [100%] [32m[1mLinking CXX executable test_action_compute_path_to_pose_action[0m
[60.516s] [100%] Built target test_action_compute_path_to_pose_action
[60.529s] Invoked command in '/home/kgh/ws2/build/nav2_behavior_tree' returned '0': CMAKE_PREFIX_PATH=/home/kgh/ws2/install/nav2_util:/home/kgh/ws2/install/nav2_msgs:/home/kgh/ws2/install/nav2_common:/home/kgh/ws2/install/yzbot_nav2:/home/kgh/ws2/install/yzbot_navigation2:/home/kgh/ws2/install/yzbot_cartographer:/home/kgh/ws2/install/nav2_system_tests:/home/kgh/ws2/install/fishbot_navigation2:/home/kgh/ws2/install/nav2_bringup:/home/kgh/ws2/install/navigation2:/home/kgh/ws2/install/smac_planner:/home/kgh/ws2/install/nav2_dwb_controller:/home/kgh/ws2/install/nav2_controller:/home/kgh/ws2/install/dwb_plugins:/home/kgh/ws2/install/dwb_critics:/home/kgh/ws2/install/dwb_core:/home/kgh/ws2/install/nav_2d_utils:/home/kgh/ws2/install/dwb_msgs:/home/kgh/ws2/install/nav_2d_msgs:/home/kgh/ws2/install/nav2_waypoint_follower:/home/kgh/ws2/install/nav2_regulated_pure_pursuit_controller:/home/kgh/ws2/install/nav2_recoveries:/home/kgh/ws2/install/nav2_planner:/home/kgh/ws2/install/nav2_navfn_planner:/home/kgh/ws2/install/nav2_core:/home/kgh/ws2/install/costmap_queue:/home/kgh/ws2/install/nav2_costmap_2d:/home/kgh/ws2/install/nav2_voxel_grid:/home/kgh/ws2/install/nav2_rviz_plugins:/home/kgh/ws2/install/nav2_map_server:/home/kgh/ws2/install/nav2_lifecycle_manager:/home/kgh/ws2/install/nav2_bt_navigator:/home/kgh/ws2/install/nav2_behavior_tree:/home/kgh/ws2/install/nav2_amcl:/home/kgh/ws2/install/fishbot_cartographer:/home/kgh/ws2/install/cartographer_ros:/home/kgh/ws2/install/cartographer_ros_msgs:/home/kgh/ws2/install/cartographer:/home/kgh/ws2/install/yzbot_description:/home/kgh/ws2/install/yzbot_controller:/home/kgh/ws2/install/fishbot_description:/home/kgh/ws2/install/nav2_gazebo_spawner:/home/kgh/ws2/install/fishbot_controller:/opt/ros/foxy LD_LIBRARY_PATH=/home/kgh/ws2/install/nav2_util/lib:/home/kgh/ws2/install/nav2_msgs/lib:/home/kgh/ws2/install/smac_planner/lib:/home/kgh/ws2/install/nav2_controller/lib:/home/kgh/ws2/install/dwb_plugins/lib:/home/kgh/ws2/install/dwb_critics/lib:/home/kgh/ws2/install/dwb_core/lib:/home/kgh/ws2/install/nav_2d_utils/lib:/home/kgh/ws2/install/dwb_msgs/lib:/home/kgh/ws2/install/nav_2d_msgs/lib:/home/kgh/ws2/install/nav2_waypoint_follower/lib:/home/kgh/ws2/install/nav2_regulated_pure_pursuit_controller/lib:/home/kgh/ws2/install/nav2_recoveries/lib:/home/kgh/ws2/install/nav2_planner/lib:/home/kgh/ws2/install/nav2_navfn_planner/lib:/home/kgh/ws2/install/costmap_queue/lib:/home/kgh/ws2/install/nav2_costmap_2d/lib:/home/kgh/ws2/install/nav2_voxel_grid/lib:/home/kgh/ws2/install/nav2_rviz_plugins/lib:/home/kgh/ws2/install/nav2_map_server/lib:/home/kgh/ws2/install/nav2_lifecycle_manager/lib:/home/kgh/ws2/install/nav2_bt_navigator/lib:/home/kgh/ws2/install/nav2_behavior_tree/lib:/home/kgh/ws2/install/nav2_amcl/lib:/home/kgh/ws2/install/cartographer_ros_msgs/lib:/usr/lib/x86_64-linux-gnu/gazebo-11/plugins:/opt/ros/foxy/opt/yaml_cpp_vendor/lib:/opt/ros/foxy/opt/rviz_ogre_vendor/lib:/opt/ros/foxy/lib/x86_64-linux-gnu:/opt/ros/foxy/lib PYTHONPATH=/home/kgh/ws2/install/nav2_msgs/lib/python3.8/site-packages:/home/kgh/ws2/install/nav2_common/lib/python3.8/site-packages:/home/kgh/ws2/install/yzbot_description/lib/python3.8/site-packages:/home/kgh/ws2/install/yzbot_controller/lib/python3.8/site-packages:/home/kgh/ws2/install/fishbot_description/lib/python3.8/site-packages:/home/kgh/ws2/install/dwb_msgs/lib/python3.8/site-packages:/home/kgh/ws2/install/nav_2d_msgs/lib/python3.8/site-packages:/home/kgh/ws2/install/nav2_gazebo_spawner/lib/python3.8/site-packages:/home/kgh/ws2/install/fishbot_controller/lib/python3.8/site-packages:/home/kgh/ws2/install/cartographer_ros_msgs/lib/python3.8/site-packages:/opt/ros/foxy/lib/python3.8/site-packages /usr/bin/cmake --build /home/kgh/ws2/build/nav2_behavior_tree -- -j16 -l16
[60.636s] Invoking command in '/home/kgh/ws2/build/nav2_behavior_tree': CMAKE_PREFIX_PATH=/home/kgh/ws2/install/nav2_util:/home/kgh/ws2/install/nav2_msgs:/home/kgh/ws2/install/nav2_common:/home/kgh/ws2/install/yzbot_nav2:/home/kgh/ws2/install/yzbot_navigation2:/home/kgh/ws2/install/yzbot_cartographer:/home/kgh/ws2/install/nav2_system_tests:/home/kgh/ws2/install/fishbot_navigation2:/home/kgh/ws2/install/nav2_bringup:/home/kgh/ws2/install/navigation2:/home/kgh/ws2/install/smac_planner:/home/kgh/ws2/install/nav2_dwb_controller:/home/kgh/ws2/install/nav2_controller:/home/kgh/ws2/install/dwb_plugins:/home/kgh/ws2/install/dwb_critics:/home/kgh/ws2/install/dwb_core:/home/kgh/ws2/install/nav_2d_utils:/home/kgh/ws2/install/dwb_msgs:/home/kgh/ws2/install/nav_2d_msgs:/home/kgh/ws2/install/nav2_waypoint_follower:/home/kgh/ws2/install/nav2_regulated_pure_pursuit_controller:/home/kgh/ws2/install/nav2_recoveries:/home/kgh/ws2/install/nav2_planner:/home/kgh/ws2/install/nav2_navfn_planner:/home/kgh/ws2/install/nav2_core:/home/kgh/ws2/install/costmap_queue:/home/kgh/ws2/install/nav2_costmap_2d:/home/kgh/ws2/install/nav2_voxel_grid:/home/kgh/ws2/install/nav2_rviz_plugins:/home/kgh/ws2/install/nav2_map_server:/home/kgh/ws2/install/nav2_lifecycle_manager:/home/kgh/ws2/install/nav2_bt_navigator:/home/kgh/ws2/install/nav2_behavior_tree:/home/kgh/ws2/install/nav2_amcl:/home/kgh/ws2/install/fishbot_cartographer:/home/kgh/ws2/install/cartographer_ros:/home/kgh/ws2/install/cartographer_ros_msgs:/home/kgh/ws2/install/cartographer:/home/kgh/ws2/install/yzbot_description:/home/kgh/ws2/install/yzbot_controller:/home/kgh/ws2/install/fishbot_description:/home/kgh/ws2/install/nav2_gazebo_spawner:/home/kgh/ws2/install/fishbot_controller:/opt/ros/foxy LD_LIBRARY_PATH=/home/kgh/ws2/install/nav2_util/lib:/home/kgh/ws2/install/nav2_msgs/lib:/home/kgh/ws2/install/smac_planner/lib:/home/kgh/ws2/install/nav2_controller/lib:/home/kgh/ws2/install/dwb_plugins/lib:/home/kgh/ws2/install/dwb_critics/lib:/home/kgh/ws2/install/dwb_core/lib:/home/kgh/ws2/install/nav_2d_utils/lib:/home/kgh/ws2/install/dwb_msgs/lib:/home/kgh/ws2/install/nav_2d_msgs/lib:/home/kgh/ws2/install/nav2_waypoint_follower/lib:/home/kgh/ws2/install/nav2_regulated_pure_pursuit_controller/lib:/home/kgh/ws2/install/nav2_recoveries/lib:/home/kgh/ws2/install/nav2_planner/lib:/home/kgh/ws2/install/nav2_navfn_planner/lib:/home/kgh/ws2/install/costmap_queue/lib:/home/kgh/ws2/install/nav2_costmap_2d/lib:/home/kgh/ws2/install/nav2_voxel_grid/lib:/home/kgh/ws2/install/nav2_rviz_plugins/lib:/home/kgh/ws2/install/nav2_map_server/lib:/home/kgh/ws2/install/nav2_lifecycle_manager/lib:/home/kgh/ws2/install/nav2_bt_navigator/lib:/home/kgh/ws2/install/nav2_behavior_tree/lib:/home/kgh/ws2/install/nav2_amcl/lib:/home/kgh/ws2/install/cartographer_ros_msgs/lib:/usr/lib/x86_64-linux-gnu/gazebo-11/plugins:/opt/ros/foxy/opt/yaml_cpp_vendor/lib:/opt/ros/foxy/opt/rviz_ogre_vendor/lib:/opt/ros/foxy/lib/x86_64-linux-gnu:/opt/ros/foxy/lib PYTHONPATH=/home/kgh/ws2/install/nav2_msgs/lib/python3.8/site-packages:/home/kgh/ws2/install/nav2_common/lib/python3.8/site-packages:/home/kgh/ws2/install/yzbot_description/lib/python3.8/site-packages:/home/kgh/ws2/install/yzbot_controller/lib/python3.8/site-packages:/home/kgh/ws2/install/fishbot_description/lib/python3.8/site-packages:/home/kgh/ws2/install/dwb_msgs/lib/python3.8/site-packages:/home/kgh/ws2/install/nav_2d_msgs/lib/python3.8/site-packages:/home/kgh/ws2/install/nav2_gazebo_spawner/lib/python3.8/site-packages:/home/kgh/ws2/install/fishbot_controller/lib/python3.8/site-packages:/home/kgh/ws2/install/cartographer_ros_msgs/lib/python3.8/site-packages:/opt/ros/foxy/lib/python3.8/site-packages /usr/bin/cmake --install /home/kgh/ws2/build/nav2_behavior_tree
[60.646s] -- Install configuration: "Release"
[60.646s] -- Installing: /home/kgh/ws2/install/nav2_behavior_tree/lib/libnav2_behavior_tree.so
[60.646s] -- Set runtime path of "/home/kgh/ws2/install/nav2_behavior_tree/lib/libnav2_behavior_tree.so" to ""
[60.646s] -- Installing: /home/kgh/ws2/install/nav2_behavior_tree/lib/libnav2_compute_path_to_pose_action_bt_node.so
[60.647s] -- Set runtime path of "/home/kgh/ws2/install/nav2_behavior_tree/lib/libnav2_compute_path_to_pose_action_bt_node.so" to ""
[60.647s] -- Installing: /home/kgh/ws2/install/nav2_behavior_tree/lib/libnav2_follow_path_action_bt_node.so
[60.647s] -- Set runtime path of "/home/kgh/ws2/install/nav2_behavior_tree/lib/libnav2_follow_path_action_bt_node.so" to ""
[60.647s] -- Installing: /home/kgh/ws2/install/nav2_behavior_tree/lib/libnav2_back_up_action_bt_node.so
[60.648s] -- Set runtime path of "/home/kgh/ws2/install/nav2_behavior_tree/lib/libnav2_back_up_action_bt_node.so" to ""
[60.648s] -- Installing: /home/kgh/ws2/install/nav2_behavior_tree/lib/libnav2_spin_action_bt_node.so
[60.648s] -- Set runtime path of "/home/kgh/ws2/install/nav2_behavior_tree/lib/libnav2_spin_action_bt_node.so" to ""
[60.648s] -- Installing: /home/kgh/ws2/install/nav2_behavior_tree/lib/libnav2_wait_action_bt_node.so
[60.649s] -- Set runtime path of "/home/kgh/ws2/install/nav2_behavior_tree/lib/libnav2_wait_action_bt_node.so" to ""
[60.649s] -- Installing: /home/kgh/ws2/install/nav2_behavior_tree/lib/libnav2_clear_costmap_service_bt_node.so
[60.649s] -- Set runtime path of "/home/kgh/ws2/install/nav2_behavior_tree/lib/libnav2_clear_costmap_service_bt_node.so" to ""
[60.649s] -- Installing: /home/kgh/ws2/install/nav2_behavior_tree/lib/libnav2_is_stuck_condition_bt_node.so
[60.650s] -- Set runtime path of "/home/kgh/ws2/install/nav2_behavior_tree/lib/libnav2_is_stuck_condition_bt_node.so" to ""
[60.650s] -- Installing: /home/kgh/ws2/install/nav2_behavior_tree/lib/libnav2_transform_available_condition_bt_node.so
[60.650s] -- Set runtime path of "/home/kgh/ws2/install/nav2_behavior_tree/lib/libnav2_transform_available_condition_bt_node.so" to ""
[60.651s] -- Installing: /home/kgh/ws2/install/nav2_behavior_tree/lib/libnav2_goal_reached_condition_bt_node.so
[60.651s] -- Set runtime path of "/home/kgh/ws2/install/nav2_behavior_tree/lib/libnav2_goal_reached_condition_bt_node.so" to ""
[60.651s] -- Installing: /home/kgh/ws2/install/nav2_behavior_tree/lib/libnav2_goal_updated_condition_bt_node.so
[60.651s] -- Set runtime path of "/home/kgh/ws2/install/nav2_behavior_tree/lib/libnav2_goal_updated_condition_bt_node.so" to ""
[60.651s] -- Installing: /home/kgh/ws2/install/nav2_behavior_tree/lib/libnav2_time_expired_condition_bt_node.so
[60.652s] -- Set runtime path of "/home/kgh/ws2/install/nav2_behavior_tree/lib/libnav2_time_expired_condition_bt_node.so" to ""
[60.652s] -- Installing: /home/kgh/ws2/install/nav2_behavior_tree/lib/libnav2_distance_traveled_condition_bt_node.so
[60.652s] -- Set runtime path of "/home/kgh/ws2/install/nav2_behavior_tree/lib/libnav2_distance_traveled_condition_bt_node.so" to ""
[60.652s] -- Installing: /home/kgh/ws2/install/nav2_behavior_tree/lib/libnav2_initial_pose_received_condition_bt_node.so
[60.652s] -- Set runtime path of "/home/kgh/ws2/install/nav2_behavior_tree/lib/libnav2_initial_pose_received_condition_bt_node.so" to ""
[60.653s] -- Installing: /home/kgh/ws2/install/nav2_behavior_tree/lib/libnav2_is_battery_low_condition_bt_node.so
[60.653s] -- Set runtime path of "/home/kgh/ws2/install/nav2_behavior_tree/lib/libnav2_is_battery_low_condition_bt_node.so" to ""
[60.653s] -- Installing: /home/kgh/ws2/install/nav2_behavior_tree/lib/libnav2_reinitialize_global_localization_service_bt_node.so
[60.654s] -- Set runtime path of "/home/kgh/ws2/install/nav2_behavior_tree/lib/libnav2_reinitialize_global_localization_service_bt_node.so" to ""
[60.654s] -- Installing: /home/kgh/ws2/install/nav2_behavior_tree/lib/libnav2_rate_controller_bt_node.so
[60.654s] -- Set runtime path of "/home/kgh/ws2/install/nav2_behavior_tree/lib/libnav2_rate_controller_bt_node.so" to ""
[60.654s] -- Installing: /home/kgh/ws2/install/nav2_behavior_tree/lib/libnav2_distance_controller_bt_node.so
[60.655s] -- Set runtime path of "/home/kgh/ws2/install/nav2_behavior_tree/lib/libnav2_distance_controller_bt_node.so" to ""
[60.655s] -- Installing: /home/kgh/ws2/install/nav2_behavior_tree/lib/libnav2_speed_controller_bt_node.so
[60.655s] -- Set runtime path of "/home/kgh/ws2/install/nav2_behavior_tree/lib/libnav2_speed_controller_bt_node.so" to ""
[60.655s] -- Installing: /home/kgh/ws2/install/nav2_behavior_tree/lib/libnav2_truncate_path_action_bt_node.so
[60.656s] -- Set runtime path of "/home/kgh/ws2/install/nav2_behavior_tree/lib/libnav2_truncate_path_action_bt_node.so" to ""
[60.656s] -- Installing: /home/kgh/ws2/install/nav2_behavior_tree/lib/libnav2_goal_updater_node_bt_node.so
[60.656s] -- Set runtime path of "/home/kgh/ws2/install/nav2_behavior_tree/lib/libnav2_goal_updater_node_bt_node.so" to ""
[60.656s] -- Installing: /home/kgh/ws2/install/nav2_behavior_tree/lib/libnav2_recovery_node_bt_node.so
[60.657s] -- Set runtime path of "/home/kgh/ws2/install/nav2_behavior_tree/lib/libnav2_recovery_node_bt_node.so" to ""
[60.657s] -- Installing: /home/kgh/ws2/install/nav2_behavior_tree/lib/libnav2_navigate_to_pose_action_bt_node.so
[60.658s] -- Set runtime path of "/home/kgh/ws2/install/nav2_behavior_tree/lib/libnav2_navigate_to_pose_action_bt_node.so" to ""
[60.658s] -- Installing: /home/kgh/ws2/install/nav2_behavior_tree/lib/libnav2_pipeline_sequence_bt_node.so
[60.658s] -- Set runtime path of "/home/kgh/ws2/install/nav2_behavior_tree/lib/libnav2_pipeline_sequence_bt_node.so" to ""
[60.659s] -- Installing: /home/kgh/ws2/install/nav2_behavior_tree/lib/libnav2_round_robin_node_bt_node.so
[60.659s] -- Set runtime path of "/home/kgh/ws2/install/nav2_behavior_tree/lib/libnav2_round_robin_node_bt_node.so" to ""
[60.659s] -- Installing: /home/kgh/ws2/install/nav2_behavior_tree/include/
[60.659s] -- Installing: /home/kgh/ws2/install/nav2_behavior_tree/include//nav2_behavior_tree
[60.659s] -- Installing: /home/kgh/ws2/install/nav2_behavior_tree/include//nav2_behavior_tree/bt_service_node.hpp
[60.659s] -- Installing: /home/kgh/ws2/install/nav2_behavior_tree/include//nav2_behavior_tree/bt_conversions.hpp
[60.659s] -- Installing: /home/kgh/ws2/install/nav2_behavior_tree/include//nav2_behavior_tree/behavior_tree_engine.hpp
[60.660s] -- Installing: /home/kgh/ws2/install/nav2_behavior_tree/include//nav2_behavior_tree/plugins
[60.660s] -- Installing: /home/kgh/ws2/install/nav2_behavior_tree/include//nav2_behavior_tree/plugins/action
[60.660s] -- Installing: /home/kgh/ws2/install/nav2_behavior_tree/include//nav2_behavior_tree/plugins/action/reinitialize_global_localization_service.hpp
[60.660s] -- Installing: /home/kgh/ws2/install/nav2_behavior_tree/include//nav2_behavior_tree/plugins/action/follow_path_action.hpp
[60.660s] -- Installing: /home/kgh/ws2/install/nav2_behavior_tree/include//nav2_behavior_tree/plugins/action/clear_costmap_service.hpp
[60.660s] -- Installing: /home/kgh/ws2/install/nav2_behavior_tree/include//nav2_behavior_tree/plugins/action/truncate_path_action.hpp
[60.660s] -- Installing: /home/kgh/ws2/install/nav2_behavior_tree/include//nav2_behavior_tree/plugins/action/compute_path_to_pose_action.hpp
[60.660s] -- Installing: /home/kgh/ws2/install/nav2_behavior_tree/include//nav2_behavior_tree/plugins/action/spin_action.hpp
[60.660s] -- Installing: /home/kgh/ws2/install/nav2_behavior_tree/include//nav2_behavior_tree/plugins/action/navigate_to_pose_action.hpp
[60.660s] -- Installing: /home/kgh/ws2/install/nav2_behavior_tree/include//nav2_behavior_tree/plugins/action/wait_action.hpp
[60.660s] -- Installing: /home/kgh/ws2/install/nav2_behavior_tree/include//nav2_behavior_tree/plugins/action/back_up_action.hpp
[60.661s] -- Installing: /home/kgh/ws2/install/nav2_behavior_tree/include//nav2_behavior_tree/plugins/decorator
[60.661s] -- Installing: /home/kgh/ws2/install/nav2_behavior_tree/include//nav2_behavior_tree/plugins/decorator/rate_controller.hpp
[60.661s] -- Installing: /home/kgh/ws2/install/nav2_behavior_tree/include//nav2_behavior_tree/plugins/decorator/speed_controller.hpp
[60.661s] -- Installing: /home/kgh/ws2/install/nav2_behavior_tree/include//nav2_behavior_tree/plugins/decorator/distance_controller.hpp
[60.661s] -- Installing: /home/kgh/ws2/install/nav2_behavior_tree/include//nav2_behavior_tree/plugins/decorator/goal_updater_node.hpp
[60.661s] -- Installing: /home/kgh/ws2/install/nav2_behavior_tree/include//nav2_behavior_tree/plugins/control
[60.661s] -- Installing: /home/kgh/ws2/install/nav2_behavior_tree/include//nav2_behavior_tree/plugins/control/round_robin_node.hpp
[60.661s] -- Installing: /home/kgh/ws2/install/nav2_behavior_tree/include//nav2_behavior_tree/plugins/control/recovery_node.hpp
[60.661s] -- Installing: /home/kgh/ws2/install/nav2_behavior_tree/include//nav2_behavior_tree/plugins/control/pipeline_sequence.hpp
[60.661s] -- Installing: /home/kgh/ws2/install/nav2_behavior_tree/include//nav2_behavior_tree/plugins/condition
[60.661s] -- Installing: /home/kgh/ws2/install/nav2_behavior_tree/include//nav2_behavior_tree/plugins/condition/transform_available_condition.hpp
[60.661s] -- Installing: /home/kgh/ws2/install/nav2_behavior_tree/include//nav2_behavior_tree/plugins/condition/is_stuck_condition.hpp
[60.661s] -- Installing: /home/kgh/ws2/install/nav2_behavior_tree/include//nav2_behavior_tree/plugins/condition/initial_pose_received_condition.hpp
[60.662s] -- Installing: /home/kgh/ws2/install/nav2_behavior_tree/include//nav2_behavior_tree/plugins/condition/goal_reached_condition.hpp
[60.662s] -- Installing: /home/kgh/ws2/install/nav2_behavior_tree/include//nav2_behavior_tree/plugins/condition/is_battery_low_condition.hpp
[60.662s] -- Installing: /home/kgh/ws2/install/nav2_behavior_tree/include//nav2_behavior_tree/plugins/condition/distance_traveled_condition.hpp
[60.662s] -- Installing: /home/kgh/ws2/install/nav2_behavior_tree/include//nav2_behavior_tree/plugins/condition/goal_updated_condition.hpp
[60.662s] -- Installing: /home/kgh/ws2/install/nav2_behavior_tree/include//nav2_behavior_tree/plugins/condition/time_expired_condition.hpp
[60.662s] -- Installing: /home/kgh/ws2/install/nav2_behavior_tree/include//nav2_behavior_tree/bt_action_node.hpp
[60.662s] -- Installing: /home/kgh/ws2/install/nav2_behavior_tree/share/nav2_behavior_tree/nav2_tree_nodes.xml
[60.662s] -- Installing: /home/kgh/ws2/install/nav2_behavior_tree/share/nav2_behavior_tree/environment/library_path.sh
[60.662s] -- Installing: /home/kgh/ws2/install/nav2_behavior_tree/share/nav2_behavior_tree/environment/library_path.dsv
[60.662s] -- Installing: /home/kgh/ws2/install/nav2_behavior_tree/share/ament_index/resource_index/package_run_dependencies/nav2_behavior_tree
[60.662s] -- Installing: /home/kgh/ws2/install/nav2_behavior_tree/share/ament_index/resource_index/parent_prefix_path/nav2_behavior_tree
[60.662s] -- Installing: /home/kgh/ws2/install/nav2_behavior_tree/share/nav2_behavior_tree/environment/ament_prefix_path.sh
[60.662s] -- Installing: /home/kgh/ws2/install/nav2_behavior_tree/share/nav2_behavior_tree/environment/ament_prefix_path.dsv
[60.663s] -- Installing: /home/kgh/ws2/install/nav2_behavior_tree/share/nav2_behavior_tree/environment/path.sh
[60.663s] -- Installing: /home/kgh/ws2/install/nav2_behavior_tree/share/nav2_behavior_tree/environment/path.dsv
[60.663s] -- Installing: /home/kgh/ws2/install/nav2_behavior_tree/share/nav2_behavior_tree/local_setup.bash
[60.663s] -- Installing: /home/kgh/ws2/install/nav2_behavior_tree/share/nav2_behavior_tree/local_setup.sh
[60.663s] -- Installing: /home/kgh/ws2/install/nav2_behavior_tree/share/nav2_behavior_tree/local_setup.zsh
[60.663s] -- Installing: /home/kgh/ws2/install/nav2_behavior_tree/share/nav2_behavior_tree/local_setup.dsv
[60.663s] -- Installing: /home/kgh/ws2/install/nav2_behavior_tree/share/nav2_behavior_tree/package.dsv
[60.663s] -- Installing: /home/kgh/ws2/install/nav2_behavior_tree/share/ament_index/resource_index/packages/nav2_behavior_tree
[60.663s] -- Installing: /home/kgh/ws2/install/nav2_behavior_tree/share/nav2_behavior_tree/cmake/ament_cmake_export_include_directories-extras.cmake
[60.663s] -- Installing: /home/kgh/ws2/install/nav2_behavior_tree/share/nav2_behavior_tree/cmake/ament_cmake_export_libraries-extras.cmake
[60.663s] -- Installing: /home/kgh/ws2/install/nav2_behavior_tree/share/nav2_behavior_tree/cmake/ament_cmake_export_dependencies-extras.cmake
[60.663s] -- Installing: /home/kgh/ws2/install/nav2_behavior_tree/share/nav2_behavior_tree/cmake/nav2_behavior_treeConfig.cmake
[60.663s] -- Installing: /home/kgh/ws2/install/nav2_behavior_tree/share/nav2_behavior_tree/cmake/nav2_behavior_treeConfig-version.cmake
[60.663s] -- Installing: /home/kgh/ws2/install/nav2_behavior_tree/share/nav2_behavior_tree/package.xml
[60.665s] Invoked command in '/home/kgh/ws2/build/nav2_behavior_tree' returned '0': CMAKE_PREFIX_PATH=/home/kgh/ws2/install/nav2_util:/home/kgh/ws2/install/nav2_msgs:/home/kgh/ws2/install/nav2_common:/home/kgh/ws2/install/yzbot_nav2:/home/kgh/ws2/install/yzbot_navigation2:/home/kgh/ws2/install/yzbot_cartographer:/home/kgh/ws2/install/nav2_system_tests:/home/kgh/ws2/install/fishbot_navigation2:/home/kgh/ws2/install/nav2_bringup:/home/kgh/ws2/install/navigation2:/home/kgh/ws2/install/smac_planner:/home/kgh/ws2/install/nav2_dwb_controller:/home/kgh/ws2/install/nav2_controller:/home/kgh/ws2/install/dwb_plugins:/home/kgh/ws2/install/dwb_critics:/home/kgh/ws2/install/dwb_core:/home/kgh/ws2/install/nav_2d_utils:/home/kgh/ws2/install/dwb_msgs:/home/kgh/ws2/install/nav_2d_msgs:/home/kgh/ws2/install/nav2_waypoint_follower:/home/kgh/ws2/install/nav2_regulated_pure_pursuit_controller:/home/kgh/ws2/install/nav2_recoveries:/home/kgh/ws2/install/nav2_planner:/home/kgh/ws2/install/nav2_navfn_planner:/home/kgh/ws2/install/nav2_core:/home/kgh/ws2/install/costmap_queue:/home/kgh/ws2/install/nav2_costmap_2d:/home/kgh/ws2/install/nav2_voxel_grid:/home/kgh/ws2/install/nav2_rviz_plugins:/home/kgh/ws2/install/nav2_map_server:/home/kgh/ws2/install/nav2_lifecycle_manager:/home/kgh/ws2/install/nav2_bt_navigator:/home/kgh/ws2/install/nav2_behavior_tree:/home/kgh/ws2/install/nav2_amcl:/home/kgh/ws2/install/fishbot_cartographer:/home/kgh/ws2/install/cartographer_ros:/home/kgh/ws2/install/cartographer_ros_msgs:/home/kgh/ws2/install/cartographer:/home/kgh/ws2/install/yzbot_description:/home/kgh/ws2/install/yzbot_controller:/home/kgh/ws2/install/fishbot_description:/home/kgh/ws2/install/nav2_gazebo_spawner:/home/kgh/ws2/install/fishbot_controller:/opt/ros/foxy LD_LIBRARY_PATH=/home/kgh/ws2/install/nav2_util/lib:/home/kgh/ws2/install/nav2_msgs/lib:/home/kgh/ws2/install/smac_planner/lib:/home/kgh/ws2/install/nav2_controller/lib:/home/kgh/ws2/install/dwb_plugins/lib:/home/kgh/ws2/install/dwb_critics/lib:/home/kgh/ws2/install/dwb_core/lib:/home/kgh/ws2/install/nav_2d_utils/lib:/home/kgh/ws2/install/dwb_msgs/lib:/home/kgh/ws2/install/nav_2d_msgs/lib:/home/kgh/ws2/install/nav2_waypoint_follower/lib:/home/kgh/ws2/install/nav2_regulated_pure_pursuit_controller/lib:/home/kgh/ws2/install/nav2_recoveries/lib:/home/kgh/ws2/install/nav2_planner/lib:/home/kgh/ws2/install/nav2_navfn_planner/lib:/home/kgh/ws2/install/costmap_queue/lib:/home/kgh/ws2/install/nav2_costmap_2d/lib:/home/kgh/ws2/install/nav2_voxel_grid/lib:/home/kgh/ws2/install/nav2_rviz_plugins/lib:/home/kgh/ws2/install/nav2_map_server/lib:/home/kgh/ws2/install/nav2_lifecycle_manager/lib:/home/kgh/ws2/install/nav2_bt_navigator/lib:/home/kgh/ws2/install/nav2_behavior_tree/lib:/home/kgh/ws2/install/nav2_amcl/lib:/home/kgh/ws2/install/cartographer_ros_msgs/lib:/usr/lib/x86_64-linux-gnu/gazebo-11/plugins:/opt/ros/foxy/opt/yaml_cpp_vendor/lib:/opt/ros/foxy/opt/rviz_ogre_vendor/lib:/opt/ros/foxy/lib/x86_64-linux-gnu:/opt/ros/foxy/lib PYTHONPATH=/home/kgh/ws2/install/nav2_msgs/lib/python3.8/site-packages:/home/kgh/ws2/install/nav2_common/lib/python3.8/site-packages:/home/kgh/ws2/install/yzbot_description/lib/python3.8/site-packages:/home/kgh/ws2/install/yzbot_controller/lib/python3.8/site-packages:/home/kgh/ws2/install/fishbot_description/lib/python3.8/site-packages:/home/kgh/ws2/install/dwb_msgs/lib/python3.8/site-packages:/home/kgh/ws2/install/nav_2d_msgs/lib/python3.8/site-packages:/home/kgh/ws2/install/nav2_gazebo_spawner/lib/python3.8/site-packages:/home/kgh/ws2/install/fishbot_controller/lib/python3.8/site-packages:/home/kgh/ws2/install/cartographer_ros_msgs/lib/python3.8/site-packages:/opt/ros/foxy/lib/python3.8/site-packages /usr/bin/cmake --install /home/kgh/ws2/build/nav2_behavior_tree
