[0.100s] Invoking command in '/home/kgh/ws2/build/yzbot_msgs': CMAKE_PREFIX_PATH=${CMAKE_PREFIX_PATH}:/home/kgh/ws2/install/yzbot_description:/home/kgh/ws2/install/yzbot_controller:/home/kgh/ws2/install/nav2_gazebo_spawner:/opt/ros/foxy /usr/bin/cmake --build /home/kgh/ws2/build/yzbot_msgs -- -j16 -l16
[0.133s] -- Found ament_cmake: 0.9.12 (/opt/ros/foxy/share/ament_cmake/cmake)
[0.154s] -- Found PythonInterp: /usr/bin/python3 (found suitable version "3.8.10", minimum required is "3") 
[0.154s] -- Using PYTHON_EXECUTABLE: /usr/bin/python3
[0.286s] -- Found rosidl_default_generators: 1.0.1 (/opt/ros/foxy/share/rosidl_default_generators/cmake)
[0.292s] -- Using all available rosidl_typesupport_c: rosidl_typesupport_fastrtps_c;rosidl_typesupport_introspection_c
[0.294s] -- Found rosidl_adapter: 1.3.1 (/opt/ros/foxy/share/rosidl_adapter/cmake)
[0.406s] -- Using all available rosidl_typesupport_cpp: rosidl_typesupport_fastrtps_cpp;rosidl_typesupport_introspection_cpp
[0.421s] -- Found ament_lint_auto: 0.9.8 (/opt/ros/foxy/share/ament_lint_auto/cmake)
[0.488s] -- Found PythonInterp: /usr/bin/python3 (found version "3.8.10") 
[0.549s] -- Found ament_cmake_ros: 0.9.2 (/opt/ros/foxy/share/ament_cmake_ros/cmake)
[0.626s] -- Using all available rosidl_typesupport_c: rosidl_typesupport_fastrtps_c;rosidl_typesupport_introspection_c
[0.634s] -- Using all available rosidl_typesupport_cpp: rosidl_typesupport_fastrtps_cpp;rosidl_typesupport_introspection_cpp
[0.659s] -- Found PythonInterp: /usr/bin/python3 (found suitable version "3.8.10", minimum required is "3.5") 
[0.660s] -- Found python_cmake_module: 0.8.1 (/opt/ros/foxy/share/python_cmake_module/cmake)
[0.686s] -- Using PYTHON_EXECUTABLE: /usr/bin/python3
[0.687s] -- Using PYTHON_INCLUDE_DIRS: /usr/include/python3.8
[0.687s] -- Using PYTHON_LIBRARIES: /usr/lib/x86_64-linux-gnu/libpython3.8.so
[0.709s] -- Added test 'copyright' to check source files copyright and LICENSE
[0.710s] -- Added test 'lint_cmake' to check CMake code style
[0.711s] -- Added test 'xmllint' to check XML markup files
[0.714s] -- Configuring done
[0.739s] -- Generating done
[0.741s] -- Build files have been written to: /home/kgh/ws2/build/yzbot_msgs
[0.771s] [  1%] [34m[1mGenerating C code for ROS interfaces[0m
[0.771s] [35m[1mScanning dependencies of target yzbot_msgs__cpp[0m
[0.783s] [  3%] [34m[1mGenerating C++ code for ROS interfaces[0m
[1.080s] [35m[1mScanning dependencies of target yzbot_msgs__rosidl_generator_c[0m
[1.102s] [  9%] [32mBuilding C object CMakeFiles/yzbot_msgs__rosidl_generator_c.dir/rosidl_generator_c/yzbot_msgs/msg/detail/fmq_set__functions.c.o[0m
[1.102s] [  9%] [32mBuilding C object CMakeFiles/yzbot_msgs__rosidl_generator_c.dir/rosidl_generator_c/yzbot_msgs/msg/detail/charge_ctrl__functions.c.o[0m
[1.102s] [  9%] [32mBuilding C object CMakeFiles/yzbot_msgs__rosidl_generator_c.dir/rosidl_generator_c/yzbot_msgs/msg/detail/pms_status__functions.c.o[0m
[1.103s] [  9%] [32mBuilding C object CMakeFiles/yzbot_msgs__rosidl_generator_c.dir/rosidl_generator_c/yzbot_msgs/msg/detail/obs_result__functions.c.o[0m
[1.103s] [ 11%] [32mBuilding C object CMakeFiles/yzbot_msgs__rosidl_generator_c.dir/rosidl_generator_c/yzbot_msgs/msg/detail/robot_pose__functions.c.o[0m
[1.104s] [ 11%] Built target yzbot_msgs__cpp
[1.116s] [ 14%] [34m[1mGenerating C++ type support dispatch for ROS interfaces[0m
[1.116s] [ 14%] [34m[1mGenerating C++ introspection for ROS interfaces[0m
[1.117s] [ 15%] [34m[1mGenerating C++ type support for eProsima Fast-RTPS[0m
[1.150s] [ 17%] [32m[1mLinking C shared library libyzbot_msgs__rosidl_generator_c.so[0m
[1.185s] [ 17%] Built target yzbot_msgs__rosidl_generator_c
[1.196s] [ 20%] [34m[1mGenerating C introspection for ROS interfaces[0m
[1.196s] [ 20%] [34m[1mGenerating C type support dispatch for ROS interfaces[0m
[1.328s] [35m[1mScanning dependencies of target yzbot_msgs__rosidl_typesupport_cpp[0m
[1.345s] [ 22%] [32mBuilding CXX object CMakeFiles/yzbot_msgs__rosidl_typesupport_cpp.dir/rosidl_typesupport_cpp/yzbot_msgs/msg/robot_pose__type_support.cpp.o[0m
[1.345s] [ 23%] [32mBuilding CXX object CMakeFiles/yzbot_msgs__rosidl_typesupport_cpp.dir/rosidl_typesupport_cpp/yzbot_msgs/msg/charge_ctrl__type_support.cpp.o[0m
[1.346s] [ 26%] [32mBuilding CXX object CMakeFiles/yzbot_msgs__rosidl_typesupport_cpp.dir/rosidl_typesupport_cpp/yzbot_msgs/msg/fmq_set__type_support.cpp.o[0m
[1.346s] [ 26%] [32mBuilding CXX object CMakeFiles/yzbot_msgs__rosidl_typesupport_cpp.dir/rosidl_typesupport_cpp/yzbot_msgs/msg/obs_result__type_support.cpp.o[0m
[1.346s] [ 28%] [32mBuilding CXX object CMakeFiles/yzbot_msgs__rosidl_typesupport_cpp.dir/rosidl_typesupport_cpp/yzbot_msgs/msg/pms_status__type_support.cpp.o[0m
[1.371s] [35m[1mScanning dependencies of target yzbot_msgs__rosidl_typesupport_introspection_cpp[0m
[1.392s] [ 30%] [32mBuilding CXX object CMakeFiles/yzbot_msgs__rosidl_typesupport_introspection_cpp.dir/rosidl_typesupport_introspection_cpp/yzbot_msgs/msg/detail/robot_pose__type_support.cpp.o[0m
[1.396s] [ 31%] [32mBuilding CXX object CMakeFiles/yzbot_msgs__rosidl_typesupport_introspection_cpp.dir/rosidl_typesupport_introspection_cpp/yzbot_msgs/msg/detail/fmq_set__type_support.cpp.o[0m
[1.406s] [ 33%] [32mBuilding CXX object CMakeFiles/yzbot_msgs__rosidl_typesupport_introspection_cpp.dir/rosidl_typesupport_introspection_cpp/yzbot_msgs/msg/detail/charge_ctrl__type_support.cpp.o[0m
[1.413s] [ 34%] [32mBuilding CXX object CMakeFiles/yzbot_msgs__rosidl_typesupport_introspection_cpp.dir/rosidl_typesupport_introspection_cpp/yzbot_msgs/msg/detail/pms_status__type_support.cpp.o[0m
[1.419s] [ 36%] [32mBuilding CXX object CMakeFiles/yzbot_msgs__rosidl_typesupport_introspection_cpp.dir/rosidl_typesupport_introspection_cpp/yzbot_msgs/msg/detail/obs_result__type_support.cpp.o[0m
[1.437s] [35m[1mScanning dependencies of target yzbot_msgs__rosidl_typesupport_fastrtps_cpp[0m
[1.457s] [35m[1mScanning dependencies of target yzbot_msgs__rosidl_typesupport_c[0m
[1.467s] [ 38%] [32mBuilding CXX object CMakeFiles/yzbot_msgs__rosidl_typesupport_fastrtps_cpp.dir/rosidl_typesupport_fastrtps_cpp/yzbot_msgs/msg/detail/dds_fastrtps/charge_ctrl__type_support.cpp.o[0m
[1.470s] [ 39%] [32mBuilding CXX object CMakeFiles/yzbot_msgs__rosidl_typesupport_fastrtps_cpp.dir/rosidl_typesupport_fastrtps_cpp/yzbot_msgs/msg/detail/dds_fastrtps/fmq_set__type_support.cpp.o[0m
[1.476s] [ 41%] [32mBuilding CXX object CMakeFiles/yzbot_msgs__rosidl_typesupport_fastrtps_cpp.dir/rosidl_typesupport_fastrtps_cpp/yzbot_msgs/msg/detail/dds_fastrtps/robot_pose__type_support.cpp.o[0m
[1.476s] [ 42%] [32mBuilding CXX object CMakeFiles/yzbot_msgs__rosidl_typesupport_fastrtps_cpp.dir/rosidl_typesupport_fastrtps_cpp/yzbot_msgs/msg/detail/dds_fastrtps/pms_status__type_support.cpp.o[0m
[1.535s] [ 44%] [32mBuilding CXX object CMakeFiles/yzbot_msgs__rosidl_typesupport_c.dir/rosidl_typesupport_c/yzbot_msgs/msg/robot_pose__type_support.cpp.o[0m
[1.637s] [ 46%] [32mBuilding CXX object CMakeFiles/yzbot_msgs__rosidl_typesupport_c.dir/rosidl_typesupport_c/yzbot_msgs/msg/fmq_set__type_support.cpp.o[0m
[1.743s] [ 47%] [32mBuilding CXX object CMakeFiles/yzbot_msgs__rosidl_typesupport_c.dir/rosidl_typesupport_c/yzbot_msgs/msg/charge_ctrl__type_support.cpp.o[0m
[1.745s] [35m[1mScanning dependencies of target yzbot_msgs__rosidl_typesupport_introspection_c[0m
[1.755s] [ 49%] [32mBuilding CXX object CMakeFiles/yzbot_msgs__rosidl_typesupport_c.dir/rosidl_typesupport_c/yzbot_msgs/msg/pms_status__type_support.cpp.o[0m
[1.781s] [ 53%] [32mBuilding C object CMakeFiles/yzbot_msgs__rosidl_typesupport_introspection_c.dir/rosidl_typesupport_introspection_c/yzbot_msgs/msg/detail/robot_pose__type_support.c.o[0m
[1.781s] [ 53%] [32mBuilding C object CMakeFiles/yzbot_msgs__rosidl_typesupport_introspection_c.dir/rosidl_typesupport_introspection_c/yzbot_msgs/msg/detail/fmq_set__type_support.c.o[0m
[1.781s] [ 53%] [32mBuilding CXX object CMakeFiles/yzbot_msgs__rosidl_typesupport_fastrtps_cpp.dir/rosidl_typesupport_fastrtps_cpp/yzbot_msgs/msg/detail/dds_fastrtps/obs_result__type_support.cpp.o[0m
[1.794s] [ 55%] [32mBuilding C object CMakeFiles/yzbot_msgs__rosidl_typesupport_introspection_c.dir/rosidl_typesupport_introspection_c/yzbot_msgs/msg/detail/charge_ctrl__type_support.c.o[0m
[1.807s] [ 57%] [32m[1mLinking CXX shared library libyzbot_msgs__rosidl_typesupport_cpp.so[0m
[1.809s] [ 58%] [32mBuilding CXX object CMakeFiles/yzbot_msgs__rosidl_typesupport_c.dir/rosidl_typesupport_c/yzbot_msgs/msg/obs_result__type_support.cpp.o[0m
[1.827s] [ 61%] [32mBuilding C object CMakeFiles/yzbot_msgs__rosidl_typesupport_introspection_c.dir/rosidl_typesupport_introspection_c/yzbot_msgs/msg/detail/obs_result__type_support.c.o[0m
[1.828s] [ 61%] [32mBuilding C object CMakeFiles/yzbot_msgs__rosidl_typesupport_introspection_c.dir/rosidl_typesupport_introspection_c/yzbot_msgs/msg/detail/pms_status__type_support.c.o[0m
[1.852s] [ 63%] [32m[1mLinking CXX shared library libyzbot_msgs__rosidl_typesupport_c.so[0m
[1.852s] [ 65%] [32m[1mLinking CXX shared library libyzbot_msgs__rosidl_typesupport_introspection_cpp.so[0m
[1.861s] [ 65%] Built target yzbot_msgs__rosidl_typesupport_cpp
[1.872s] [ 66%] [32m[1mLinking C shared library libyzbot_msgs__rosidl_typesupport_introspection_c.so[0m
[1.895s] [ 66%] Built target yzbot_msgs__rosidl_typesupport_introspection_cpp
[1.905s] [ 66%] Built target yzbot_msgs__rosidl_typesupport_introspection_c
[1.905s] [ 66%] Built target yzbot_msgs__rosidl_typesupport_c
[2.141s] [ 68%] [32m[1mLinking CXX shared library libyzbot_msgs__rosidl_typesupport_fastrtps_cpp.so[0m
[2.207s] [ 68%] Built target yzbot_msgs__rosidl_typesupport_fastrtps_cpp
[2.218s] [ 69%] [34m[1mGenerating C type support for eProsima Fast-RTPS[0m
[2.463s] [35m[1mScanning dependencies of target yzbot_msgs__rosidl_typesupport_fastrtps_c[0m
[2.478s] [ 77%] [32mBuilding CXX object CMakeFiles/yzbot_msgs__rosidl_typesupport_fastrtps_c.dir/rosidl_typesupport_fastrtps_c/yzbot_msgs/msg/detail/fmq_set__type_support_c.cpp.o[0m
[2.478s] [ 77%] [32mBuilding CXX object CMakeFiles/yzbot_msgs__rosidl_typesupport_fastrtps_c.dir/rosidl_typesupport_fastrtps_c/yzbot_msgs/msg/detail/obs_result__type_support_c.cpp.o[0m
[2.478s] [ 77%] [32mBuilding CXX object CMakeFiles/yzbot_msgs__rosidl_typesupport_fastrtps_c.dir/rosidl_typesupport_fastrtps_c/yzbot_msgs/msg/detail/charge_ctrl__type_support_c.cpp.o[0m
[2.478s] [ 77%] [32mBuilding CXX object CMakeFiles/yzbot_msgs__rosidl_typesupport_fastrtps_c.dir/rosidl_typesupport_fastrtps_c/yzbot_msgs/msg/detail/pms_status__type_support_c.cpp.o[0m
[2.479s] [ 77%] [32mBuilding CXX object CMakeFiles/yzbot_msgs__rosidl_typesupport_fastrtps_c.dir/rosidl_typesupport_fastrtps_c/yzbot_msgs/msg/detail/robot_pose__type_support_c.cpp.o[0m
[2.774s] [ 79%] [32m[1mLinking CXX shared library libyzbot_msgs__rosidl_typesupport_fastrtps_c.so[0m
[2.839s] [ 79%] Built target yzbot_msgs__rosidl_typesupport_fastrtps_c
[2.858s] [ 79%] Built target yzbot_msgs
[2.869s] [35m[1mScanning dependencies of target yzbot_msgs__py[0m
[2.881s] [ 80%] [34m[1mGenerating Python code for ROS interfaces[0m
[3.362s] [ 80%] Built target yzbot_msgs__py
[3.373s] [35m[1mScanning dependencies of target yzbot_msgs__python[0m
[3.395s] [ 88%] [32mBuilding C object CMakeFiles/yzbot_msgs__python.dir/rosidl_generator_py/yzbot_msgs/msg/_charge_ctrl_s.c.o[0m
[3.395s] [ 88%] [32mBuilding C object CMakeFiles/yzbot_msgs__python.dir/rosidl_generator_py/yzbot_msgs/msg/_robot_pose_s.c.o[0m
[3.395s] [ 88%] [32mBuilding C object CMakeFiles/yzbot_msgs__python.dir/rosidl_generator_py/yzbot_msgs/msg/_fmq_set_s.c.o[0m
[3.395s] [ 88%] [32mBuilding C object CMakeFiles/yzbot_msgs__python.dir/rosidl_generator_py/yzbot_msgs/msg/_obs_result_s.c.o[0m
[3.395s] [ 88%] [32mBuilding C object CMakeFiles/yzbot_msgs__python.dir/rosidl_generator_py/yzbot_msgs/msg/_pms_status_s.c.o[0m
[3.468s] [ 90%] [32m[1mLinking C shared library rosidl_generator_py/yzbot_msgs/libyzbot_msgs__python.so[0m
[3.504s] [ 90%] Built target yzbot_msgs__python
[3.516s] [35m[1mScanning dependencies of target yzbot_msgs__rosidl_typesupport_c__pyext[0m
[3.516s] [35m[1mScanning dependencies of target yzbot_msgs__rosidl_typesupport_introspection_c__pyext[0m
[3.516s] [35m[1mScanning dependencies of target yzbot_msgs__rosidl_typesupport_fastrtps_c__pyext[0m
[3.531s] [ 93%] [32mBuilding C object CMakeFiles/yzbot_msgs__rosidl_typesupport_introspection_c__pyext.dir/rosidl_generator_py/yzbot_msgs/_yzbot_msgs_s.ep.rosidl_typesupport_introspection_c.c.o[0m
[3.532s] [ 93%] [32mBuilding C object CMakeFiles/yzbot_msgs__rosidl_typesupport_c__pyext.dir/rosidl_generator_py/yzbot_msgs/_yzbot_msgs_s.ep.rosidl_typesupport_c.c.o[0m
[3.532s] [ 95%] [32mBuilding C object CMakeFiles/yzbot_msgs__rosidl_typesupport_fastrtps_c__pyext.dir/rosidl_generator_py/yzbot_msgs/_yzbot_msgs_s.ep.rosidl_typesupport_fastrtps_c.c.o[0m
[3.604s] [ 98%] [32m[1mLinking C shared library rosidl_generator_py/yzbot_msgs/yzbot_msgs_s__rosidl_typesupport_c.cpython-38-x86_64-linux-gnu.so[0m
[3.604s] [ 98%] [32m[1mLinking C shared library rosidl_generator_py/yzbot_msgs/yzbot_msgs_s__rosidl_typesupport_introspection_c.cpython-38-x86_64-linux-gnu.so[0m
[3.604s] [100%] [32m[1mLinking CXX shared library rosidl_generator_py/yzbot_msgs/yzbot_msgs_s__rosidl_typesupport_fastrtps_c.cpython-38-x86_64-linux-gnu.so[0m
[3.636s] [100%] Built target yzbot_msgs__rosidl_typesupport_introspection_c__pyext
[3.636s] [100%] Built target yzbot_msgs__rosidl_typesupport_c__pyext
[3.658s] [100%] Built target yzbot_msgs__rosidl_typesupport_fastrtps_c__pyext
[3.670s] Invoked command in '/home/kgh/ws2/build/yzbot_msgs' returned '0': CMAKE_PREFIX_PATH=${CMAKE_PREFIX_PATH}:/home/kgh/ws2/install/yzbot_description:/home/kgh/ws2/install/yzbot_controller:/home/kgh/ws2/install/nav2_gazebo_spawner:/opt/ros/foxy /usr/bin/cmake --build /home/kgh/ws2/build/yzbot_msgs -- -j16 -l16
[3.786s] Invoking command in '/home/kgh/ws2/build/yzbot_msgs': CMAKE_PREFIX_PATH=${CMAKE_PREFIX_PATH}:/home/kgh/ws2/install/yzbot_description:/home/kgh/ws2/install/yzbot_controller:/home/kgh/ws2/install/nav2_gazebo_spawner:/opt/ros/foxy /usr/bin/cmake --install /home/kgh/ws2/build/yzbot_msgs
[3.795s] -- Install configuration: ""
[3.795s] -- Installing: /home/kgh/ws2/install/yzbot_msgs/share/ament_index/resource_index/rosidl_interfaces/yzbot_msgs
[3.795s] -- Up-to-date: /home/kgh/ws2/install/yzbot_msgs/include/yzbot_msgs
[3.795s] -- Up-to-date: /home/kgh/ws2/install/yzbot_msgs/include/yzbot_msgs/msg
[3.795s] -- Installing: /home/kgh/ws2/install/yzbot_msgs/include/yzbot_msgs/msg/fmq_set.h
[3.795s] -- Up-to-date: /home/kgh/ws2/install/yzbot_msgs/include/yzbot_msgs/msg/rosidl_generator_c__visibility_control.h
[3.795s] -- Installing: /home/kgh/ws2/install/yzbot_msgs/include/yzbot_msgs/msg/robot_pose.h
[3.795s] -- Installing: /home/kgh/ws2/install/yzbot_msgs/include/yzbot_msgs/msg/pms_status.h
[3.796s] -- Installing: /home/kgh/ws2/install/yzbot_msgs/include/yzbot_msgs/msg/obs_result.h
[3.796s] -- Up-to-date: /home/kgh/ws2/install/yzbot_msgs/include/yzbot_msgs/msg/detail
[3.796s] -- Up-to-date: /home/kgh/ws2/install/yzbot_msgs/include/yzbot_msgs/msg/detail/ultrasound_result__functions.c
[3.796s] -- Installing: /home/kgh/ws2/install/yzbot_msgs/include/yzbot_msgs/msg/detail/charge_ctrl__type_support.h
[3.796s] -- Installing: /home/kgh/ws2/install/yzbot_msgs/include/yzbot_msgs/msg/detail/charge_ctrl__functions.h
[3.796s] -- Installing: /home/kgh/ws2/install/yzbot_msgs/include/yzbot_msgs/msg/detail/fmq_set__struct.h
[3.796s] -- Up-to-date: /home/kgh/ws2/install/yzbot_msgs/include/yzbot_msgs/msg/detail/ultrasound_result__struct.h
[3.796s] -- Installing: /home/kgh/ws2/install/yzbot_msgs/include/yzbot_msgs/msg/detail/pms_status__struct.h
[3.796s] -- Up-to-date: /home/kgh/ws2/install/yzbot_msgs/include/yzbot_msgs/msg/detail/ultrasound_result__functions.h
[3.796s] -- Installing: /home/kgh/ws2/install/yzbot_msgs/include/yzbot_msgs/msg/detail/fmq_set__functions.h
[3.796s] -- Installing: /home/kgh/ws2/install/yzbot_msgs/include/yzbot_msgs/msg/detail/robot_pose__functions.c
[3.796s] -- Installing: /home/kgh/ws2/install/yzbot_msgs/include/yzbot_msgs/msg/detail/fmq_set__functions.c
[3.797s] -- Installing: /home/kgh/ws2/install/yzbot_msgs/include/yzbot_msgs/msg/detail/charge_ctrl__functions.c
[3.797s] -- Installing: /home/kgh/ws2/install/yzbot_msgs/include/yzbot_msgs/msg/detail/charge_ctrl__struct.h
[3.797s] -- Installing: /home/kgh/ws2/install/yzbot_msgs/include/yzbot_msgs/msg/detail/pms_status__functions.h
[3.797s] -- Installing: /home/kgh/ws2/install/yzbot_msgs/include/yzbot_msgs/msg/detail/robot_pose__struct.h
[3.797s] -- Installing: /home/kgh/ws2/install/yzbot_msgs/include/yzbot_msgs/msg/detail/obs_result__type_support.h
[3.797s] -- Installing: /home/kgh/ws2/install/yzbot_msgs/include/yzbot_msgs/msg/detail/robot_pose__type_support.h
[3.797s] -- Installing: /home/kgh/ws2/install/yzbot_msgs/include/yzbot_msgs/msg/detail/pms_status__functions.c
[3.797s] -- Installing: /home/kgh/ws2/install/yzbot_msgs/include/yzbot_msgs/msg/detail/robot_pose__functions.h
[3.797s] -- Up-to-date: /home/kgh/ws2/install/yzbot_msgs/include/yzbot_msgs/msg/detail/ultrasound_result__type_support.h
[3.797s] -- Installing: /home/kgh/ws2/install/yzbot_msgs/include/yzbot_msgs/msg/detail/obs_result__functions.h
[3.797s] -- Installing: /home/kgh/ws2/install/yzbot_msgs/include/yzbot_msgs/msg/detail/obs_result__struct.h
[3.797s] -- Installing: /home/kgh/ws2/install/yzbot_msgs/include/yzbot_msgs/msg/detail/pms_status__type_support.h
[3.797s] -- Installing: /home/kgh/ws2/install/yzbot_msgs/include/yzbot_msgs/msg/detail/fmq_set__type_support.h
[3.797s] -- Installing: /home/kgh/ws2/install/yzbot_msgs/include/yzbot_msgs/msg/detail/obs_result__functions.c
[3.798s] -- Up-to-date: /home/kgh/ws2/install/yzbot_msgs/include/yzbot_msgs/msg/ultrasound_result.h
[3.798s] -- Installing: /home/kgh/ws2/install/yzbot_msgs/include/yzbot_msgs/msg/charge_ctrl.h
[3.798s] -- Up-to-date: /home/kgh/ws2/install/yzbot_msgs/share/yzbot_msgs/environment/library_path.sh
[3.798s] -- Installing: /home/kgh/ws2/install/yzbot_msgs/share/yzbot_msgs/environment/library_path.dsv
[3.798s] -- Installing: /home/kgh/ws2/install/yzbot_msgs/lib/libyzbot_msgs__rosidl_generator_c.so
[3.798s] -- Set runtime path of "/home/kgh/ws2/install/yzbot_msgs/lib/libyzbot_msgs__rosidl_generator_c.so" to ""
[3.798s] -- Up-to-date: /home/kgh/ws2/install/yzbot_msgs/include/yzbot_msgs
[3.798s] -- Up-to-date: /home/kgh/ws2/install/yzbot_msgs/include/yzbot_msgs/msg
[3.798s] -- Up-to-date: /home/kgh/ws2/install/yzbot_msgs/include/yzbot_msgs/msg/rosidl_typesupport_fastrtps_c__visibility_control.h
[3.798s] -- Up-to-date: /home/kgh/ws2/install/yzbot_msgs/include/yzbot_msgs/msg/detail
[3.798s] -- Installing: /home/kgh/ws2/install/yzbot_msgs/include/yzbot_msgs/msg/detail/obs_result__rosidl_typesupport_fastrtps_c.h
[3.798s] -- Installing: /home/kgh/ws2/install/yzbot_msgs/include/yzbot_msgs/msg/detail/fmq_set__rosidl_typesupport_fastrtps_c.h
[3.799s] -- Up-to-date: /home/kgh/ws2/install/yzbot_msgs/include/yzbot_msgs/msg/detail/ultrasound_result__rosidl_typesupport_fastrtps_c.h
[3.799s] -- Installing: /home/kgh/ws2/install/yzbot_msgs/include/yzbot_msgs/msg/detail/charge_ctrl__rosidl_typesupport_fastrtps_c.h
[3.799s] -- Installing: /home/kgh/ws2/install/yzbot_msgs/include/yzbot_msgs/msg/detail/robot_pose__rosidl_typesupport_fastrtps_c.h
[3.799s] -- Installing: /home/kgh/ws2/install/yzbot_msgs/include/yzbot_msgs/msg/detail/pms_status__rosidl_typesupport_fastrtps_c.h
[3.799s] -- Installing: /home/kgh/ws2/install/yzbot_msgs/lib/libyzbot_msgs__rosidl_typesupport_fastrtps_c.so
[3.799s] -- Set runtime path of "/home/kgh/ws2/install/yzbot_msgs/lib/libyzbot_msgs__rosidl_typesupport_fastrtps_c.so" to ""
[3.799s] -- Up-to-date: /home/kgh/ws2/install/yzbot_msgs/include/yzbot_msgs
[3.799s] -- Up-to-date: /home/kgh/ws2/install/yzbot_msgs/include/yzbot_msgs/msg
[3.799s] -- Up-to-date: /home/kgh/ws2/install/yzbot_msgs/include/yzbot_msgs/msg/rosidl_typesupport_fastrtps_cpp__visibility_control.h
[3.799s] -- Up-to-date: /home/kgh/ws2/install/yzbot_msgs/include/yzbot_msgs/msg/detail
[3.799s] -- Installing: /home/kgh/ws2/install/yzbot_msgs/include/yzbot_msgs/msg/detail/pms_status__rosidl_typesupport_fastrtps_cpp.hpp
[3.799s] -- Installing: /home/kgh/ws2/install/yzbot_msgs/include/yzbot_msgs/msg/detail/robot_pose__rosidl_typesupport_fastrtps_cpp.hpp
[3.799s] -- Installing: /home/kgh/ws2/install/yzbot_msgs/include/yzbot_msgs/msg/detail/fmq_set__rosidl_typesupport_fastrtps_cpp.hpp
[3.800s] -- Up-to-date: /home/kgh/ws2/install/yzbot_msgs/include/yzbot_msgs/msg/detail/dds_fastrtps
[3.800s] -- Installing: /home/kgh/ws2/install/yzbot_msgs/include/yzbot_msgs/msg/detail/charge_ctrl__rosidl_typesupport_fastrtps_cpp.hpp
[3.800s] -- Up-to-date: /home/kgh/ws2/install/yzbot_msgs/include/yzbot_msgs/msg/detail/ultrasound_result__rosidl_typesupport_fastrtps_cpp.hpp
[3.800s] -- Installing: /home/kgh/ws2/install/yzbot_msgs/include/yzbot_msgs/msg/detail/obs_result__rosidl_typesupport_fastrtps_cpp.hpp
[3.800s] -- Installing: /home/kgh/ws2/install/yzbot_msgs/lib/libyzbot_msgs__rosidl_typesupport_fastrtps_cpp.so
[3.800s] -- Set runtime path of "/home/kgh/ws2/install/yzbot_msgs/lib/libyzbot_msgs__rosidl_typesupport_fastrtps_cpp.so" to ""
[3.800s] -- Up-to-date: /home/kgh/ws2/install/yzbot_msgs/include/yzbot_msgs
[3.800s] -- Up-to-date: /home/kgh/ws2/install/yzbot_msgs/include/yzbot_msgs/msg
[3.800s] -- Up-to-date: /home/kgh/ws2/install/yzbot_msgs/include/yzbot_msgs/msg/rosidl_typesupport_introspection_c__visibility_control.h
[3.800s] -- Up-to-date: /home/kgh/ws2/install/yzbot_msgs/include/yzbot_msgs/msg/detail
[3.800s] -- Installing: /home/kgh/ws2/install/yzbot_msgs/include/yzbot_msgs/msg/detail/pms_status__rosidl_typesupport_introspection_c.h
[3.800s] -- Installing: /home/kgh/ws2/install/yzbot_msgs/include/yzbot_msgs/msg/detail/fmq_set__type_support.c
[3.800s] -- Installing: /home/kgh/ws2/install/yzbot_msgs/include/yzbot_msgs/msg/detail/obs_result__rosidl_typesupport_introspection_c.h
[3.800s] -- Installing: /home/kgh/ws2/install/yzbot_msgs/include/yzbot_msgs/msg/detail/robot_pose__type_support.c
[3.801s] -- Installing: /home/kgh/ws2/install/yzbot_msgs/include/yzbot_msgs/msg/detail/fmq_set__rosidl_typesupport_introspection_c.h
[3.801s] -- Installing: /home/kgh/ws2/install/yzbot_msgs/include/yzbot_msgs/msg/detail/obs_result__type_support.c
[3.801s] -- Installing: /home/kgh/ws2/install/yzbot_msgs/include/yzbot_msgs/msg/detail/robot_pose__rosidl_typesupport_introspection_c.h
[3.801s] -- Installing: /home/kgh/ws2/install/yzbot_msgs/include/yzbot_msgs/msg/detail/pms_status__type_support.c
[3.801s] -- Up-to-date: /home/kgh/ws2/install/yzbot_msgs/include/yzbot_msgs/msg/detail/ultrasound_result__type_support.c
[3.801s] -- Installing: /home/kgh/ws2/install/yzbot_msgs/include/yzbot_msgs/msg/detail/charge_ctrl__rosidl_typesupport_introspection_c.h
[3.801s] -- Up-to-date: /home/kgh/ws2/install/yzbot_msgs/include/yzbot_msgs/msg/detail/ultrasound_result__rosidl_typesupport_introspection_c.h
[3.801s] -- Installing: /home/kgh/ws2/install/yzbot_msgs/include/yzbot_msgs/msg/detail/charge_ctrl__type_support.c
[3.801s] -- Installing: /home/kgh/ws2/install/yzbot_msgs/lib/libyzbot_msgs__rosidl_typesupport_introspection_c.so
[3.801s] -- Set runtime path of "/home/kgh/ws2/install/yzbot_msgs/lib/libyzbot_msgs__rosidl_typesupport_introspection_c.so" to ""
[3.801s] -- Installing: /home/kgh/ws2/install/yzbot_msgs/lib/libyzbot_msgs__rosidl_typesupport_c.so
[3.801s] -- Set runtime path of "/home/kgh/ws2/install/yzbot_msgs/lib/libyzbot_msgs__rosidl_typesupport_c.so" to ""
[3.802s] -- Up-to-date: /home/kgh/ws2/install/yzbot_msgs/include/yzbot_msgs
[3.802s] -- Up-to-date: /home/kgh/ws2/install/yzbot_msgs/include/yzbot_msgs/msg
[3.802s] -- Up-to-date: /home/kgh/ws2/install/yzbot_msgs/include/yzbot_msgs/msg/rosidl_generator_cpp__visibility_control.hpp
[3.802s] -- Up-to-date: /home/kgh/ws2/install/yzbot_msgs/include/yzbot_msgs/msg/ultrasound_result.hpp
[3.802s] -- Installing: /home/kgh/ws2/install/yzbot_msgs/include/yzbot_msgs/msg/robot_pose.hpp
[3.802s] -- Installing: /home/kgh/ws2/install/yzbot_msgs/include/yzbot_msgs/msg/obs_result.hpp
[3.802s] -- Installing: /home/kgh/ws2/install/yzbot_msgs/include/yzbot_msgs/msg/pms_status.hpp
[3.802s] -- Installing: /home/kgh/ws2/install/yzbot_msgs/include/yzbot_msgs/msg/fmq_set.hpp
[3.802s] -- Up-to-date: /home/kgh/ws2/install/yzbot_msgs/include/yzbot_msgs/msg/detail
[3.802s] -- Installing: /home/kgh/ws2/install/yzbot_msgs/include/yzbot_msgs/msg/detail/obs_result__builder.hpp
[3.802s] -- Installing: /home/kgh/ws2/install/yzbot_msgs/include/yzbot_msgs/msg/detail/robot_pose__traits.hpp
[3.802s] -- Installing: /home/kgh/ws2/install/yzbot_msgs/include/yzbot_msgs/msg/detail/fmq_set__builder.hpp
[3.802s] -- Up-to-date: /home/kgh/ws2/install/yzbot_msgs/include/yzbot_msgs/msg/detail/ultrasound_result__traits.hpp
[3.803s] -- Installing: /home/kgh/ws2/install/yzbot_msgs/include/yzbot_msgs/msg/detail/fmq_set__type_support.hpp
[3.803s] -- Up-to-date: /home/kgh/ws2/install/yzbot_msgs/include/yzbot_msgs/msg/detail/ultrasound_result__builder.hpp
[3.803s] -- Installing: /home/kgh/ws2/install/yzbot_msgs/include/yzbot_msgs/msg/detail/charge_ctrl__struct.hpp
[3.803s] -- Installing: /home/kgh/ws2/install/yzbot_msgs/include/yzbot_msgs/msg/detail/obs_result__struct.hpp
[3.803s] -- Installing: /home/kgh/ws2/install/yzbot_msgs/include/yzbot_msgs/msg/detail/obs_result__type_support.hpp
[3.803s] -- Installing: /home/kgh/ws2/install/yzbot_msgs/include/yzbot_msgs/msg/detail/pms_status__type_support.hpp
[3.803s] -- Installing: /home/kgh/ws2/install/yzbot_msgs/include/yzbot_msgs/msg/detail/pms_status__struct.hpp
[3.803s] -- Installing: /home/kgh/ws2/install/yzbot_msgs/include/yzbot_msgs/msg/detail/fmq_set__struct.hpp
[3.803s] -- Installing: /home/kgh/ws2/install/yzbot_msgs/include/yzbot_msgs/msg/detail/charge_ctrl__type_support.hpp
[3.803s] -- Installing: /home/kgh/ws2/install/yzbot_msgs/include/yzbot_msgs/msg/detail/fmq_set__traits.hpp
[3.803s] -- Installing: /home/kgh/ws2/install/yzbot_msgs/include/yzbot_msgs/msg/detail/pms_status__builder.hpp
[3.803s] -- Up-to-date: /home/kgh/ws2/install/yzbot_msgs/include/yzbot_msgs/msg/detail/ultrasound_result__type_support.hpp
[3.803s] -- Installing: /home/kgh/ws2/install/yzbot_msgs/include/yzbot_msgs/msg/detail/robot_pose__type_support.hpp
[3.804s] -- Up-to-date: /home/kgh/ws2/install/yzbot_msgs/include/yzbot_msgs/msg/detail/ultrasound_result__struct.hpp
[3.804s] -- Installing: /home/kgh/ws2/install/yzbot_msgs/include/yzbot_msgs/msg/detail/pms_status__traits.hpp
[3.804s] -- Installing: /home/kgh/ws2/install/yzbot_msgs/include/yzbot_msgs/msg/detail/robot_pose__builder.hpp
[3.804s] -- Installing: /home/kgh/ws2/install/yzbot_msgs/include/yzbot_msgs/msg/detail/charge_ctrl__traits.hpp
[3.804s] -- Installing: /home/kgh/ws2/install/yzbot_msgs/include/yzbot_msgs/msg/detail/obs_result__traits.hpp
[3.804s] -- Installing: /home/kgh/ws2/install/yzbot_msgs/include/yzbot_msgs/msg/detail/charge_ctrl__builder.hpp
[3.804s] -- Installing: /home/kgh/ws2/install/yzbot_msgs/include/yzbot_msgs/msg/detail/robot_pose__struct.hpp
[3.804s] -- Installing: /home/kgh/ws2/install/yzbot_msgs/include/yzbot_msgs/msg/charge_ctrl.hpp
[3.804s] -- Up-to-date: /home/kgh/ws2/install/yzbot_msgs/include/yzbot_msgs
[3.804s] -- Up-to-date: /home/kgh/ws2/install/yzbot_msgs/include/yzbot_msgs/msg
[3.804s] -- Up-to-date: /home/kgh/ws2/install/yzbot_msgs/include/yzbot_msgs/msg/detail
[3.804s] -- Installing: /home/kgh/ws2/install/yzbot_msgs/include/yzbot_msgs/msg/detail/fmq_set__rosidl_typesupport_introspection_cpp.hpp
[3.804s] -- Installing: /home/kgh/ws2/install/yzbot_msgs/include/yzbot_msgs/msg/detail/pms_status__type_support.cpp
[3.805s] -- Installing: /home/kgh/ws2/install/yzbot_msgs/include/yzbot_msgs/msg/detail/pms_status__rosidl_typesupport_introspection_cpp.hpp
[3.805s] -- Installing: /home/kgh/ws2/install/yzbot_msgs/include/yzbot_msgs/msg/detail/obs_result__type_support.cpp
[3.805s] -- Up-to-date: /home/kgh/ws2/install/yzbot_msgs/include/yzbot_msgs/msg/detail/ultrasound_result__type_support.cpp
[3.805s] -- Installing: /home/kgh/ws2/install/yzbot_msgs/include/yzbot_msgs/msg/detail/charge_ctrl__type_support.cpp
[3.805s] -- Up-to-date: /home/kgh/ws2/install/yzbot_msgs/include/yzbot_msgs/msg/detail/ultrasound_result__rosidl_typesupport_introspection_cpp.hpp
[3.805s] -- Installing: /home/kgh/ws2/install/yzbot_msgs/include/yzbot_msgs/msg/detail/robot_pose__type_support.cpp
[3.805s] -- Installing: /home/kgh/ws2/install/yzbot_msgs/include/yzbot_msgs/msg/detail/charge_ctrl__rosidl_typesupport_introspection_cpp.hpp
[3.805s] -- Installing: /home/kgh/ws2/install/yzbot_msgs/include/yzbot_msgs/msg/detail/fmq_set__type_support.cpp
[3.805s] -- Installing: /home/kgh/ws2/install/yzbot_msgs/include/yzbot_msgs/msg/detail/robot_pose__rosidl_typesupport_introspection_cpp.hpp
[3.805s] -- Installing: /home/kgh/ws2/install/yzbot_msgs/include/yzbot_msgs/msg/detail/obs_result__rosidl_typesupport_introspection_cpp.hpp
[3.805s] -- Installing: /home/kgh/ws2/install/yzbot_msgs/lib/libyzbot_msgs__rosidl_typesupport_introspection_cpp.so
[3.806s] -- Set runtime path of "/home/kgh/ws2/install/yzbot_msgs/lib/libyzbot_msgs__rosidl_typesupport_introspection_cpp.so" to ""
[3.806s] -- Installing: /home/kgh/ws2/install/yzbot_msgs/lib/libyzbot_msgs__rosidl_typesupport_cpp.so
[3.806s] -- Set runtime path of "/home/kgh/ws2/install/yzbot_msgs/lib/libyzbot_msgs__rosidl_typesupport_cpp.so" to ""
[3.806s] -- Up-to-date: /home/kgh/ws2/install/yzbot_msgs/share/yzbot_msgs/environment/pythonpath.sh
[3.806s] -- Installing: /home/kgh/ws2/install/yzbot_msgs/share/yzbot_msgs/environment/pythonpath.dsv
[3.806s] -- Installing: /home/kgh/ws2/install/yzbot_msgs/lib/python3.8/site-packages/yzbot_msgs/__init__.py
[3.832s] Compiling '/home/kgh/ws2/install/yzbot_msgs/lib/python3.8/site-packages/yzbot_msgs/__init__.py'...
[3.836s] -- Up-to-date: /home/kgh/ws2/install/yzbot_msgs/lib/python3.8/site-packages/yzbot_msgs/msg
[3.836s] -- Installing: /home/kgh/ws2/install/yzbot_msgs/lib/python3.8/site-packages/yzbot_msgs/msg/_obs_result.py
[3.836s] -- Installing: /home/kgh/ws2/install/yzbot_msgs/lib/python3.8/site-packages/yzbot_msgs/msg/_fmq_set.py
[3.836s] -- Installing: /home/kgh/ws2/install/yzbot_msgs/lib/python3.8/site-packages/yzbot_msgs/msg/_robot_pose_s.c
[3.836s] -- Installing: /home/kgh/ws2/install/yzbot_msgs/lib/python3.8/site-packages/yzbot_msgs/msg/_pms_status.py
[3.836s] -- Installing: /home/kgh/ws2/install/yzbot_msgs/lib/python3.8/site-packages/yzbot_msgs/msg/_charge_ctrl.py
[3.836s] -- Up-to-date: /home/kgh/ws2/install/yzbot_msgs/lib/python3.8/site-packages/yzbot_msgs/msg/_ultrasound_result.py
[3.836s] -- Installing: /home/kgh/ws2/install/yzbot_msgs/lib/python3.8/site-packages/yzbot_msgs/msg/__init__.py
[3.836s] -- Installing: /home/kgh/ws2/install/yzbot_msgs/lib/python3.8/site-packages/yzbot_msgs/msg/_robot_pose.py
[3.836s] -- Installing: /home/kgh/ws2/install/yzbot_msgs/lib/python3.8/site-packages/yzbot_msgs/msg/_fmq_set_s.c
[3.836s] -- Up-to-date: /home/kgh/ws2/install/yzbot_msgs/lib/python3.8/site-packages/yzbot_msgs/msg/_ultrasound_result_s.c
[3.837s] -- Installing: /home/kgh/ws2/install/yzbot_msgs/lib/python3.8/site-packages/yzbot_msgs/msg/_pms_status_s.c
[3.837s] -- Installing: /home/kgh/ws2/install/yzbot_msgs/lib/python3.8/site-packages/yzbot_msgs/msg/_obs_result_s.c
[3.837s] -- Installing: /home/kgh/ws2/install/yzbot_msgs/lib/python3.8/site-packages/yzbot_msgs/msg/_charge_ctrl_s.c
[3.837s] -- Installing: /home/kgh/ws2/install/yzbot_msgs/lib/python3.8/site-packages/yzbot_msgs/yzbot_msgs_s__rosidl_typesupport_fastrtps_c.cpython-38-x86_64-linux-gnu.so
[3.838s] -- Set runtime path of "/home/kgh/ws2/install/yzbot_msgs/lib/python3.8/site-packages/yzbot_msgs/yzbot_msgs_s__rosidl_typesupport_fastrtps_c.cpython-38-x86_64-linux-gnu.so" to ""
[3.838s] -- Installing: /home/kgh/ws2/install/yzbot_msgs/lib/python3.8/site-packages/yzbot_msgs/yzbot_msgs_s__rosidl_typesupport_introspection_c.cpython-38-x86_64-linux-gnu.so
[3.838s] -- Set runtime path of "/home/kgh/ws2/install/yzbot_msgs/lib/python3.8/site-packages/yzbot_msgs/yzbot_msgs_s__rosidl_typesupport_introspection_c.cpython-38-x86_64-linux-gnu.so" to ""
[3.839s] -- Installing: /home/kgh/ws2/install/yzbot_msgs/lib/python3.8/site-packages/yzbot_msgs/yzbot_msgs_s__rosidl_typesupport_c.cpython-38-x86_64-linux-gnu.so
[3.839s] -- Set runtime path of "/home/kgh/ws2/install/yzbot_msgs/lib/python3.8/site-packages/yzbot_msgs/yzbot_msgs_s__rosidl_typesupport_c.cpython-38-x86_64-linux-gnu.so" to ""
[3.839s] -- Installing: /home/kgh/ws2/install/yzbot_msgs/lib/libyzbot_msgs__python.so
[3.840s] -- Set runtime path of "/home/kgh/ws2/install/yzbot_msgs/lib/libyzbot_msgs__python.so" to ""
[3.840s] -- Up-to-date: /home/kgh/ws2/install/yzbot_msgs/share/yzbot_msgs/msg/RobotPose.idl
[3.840s] -- Up-to-date: /home/kgh/ws2/install/yzbot_msgs/share/yzbot_msgs/msg/FmqSet.idl
[3.840s] -- Up-to-date: /home/kgh/ws2/install/yzbot_msgs/share/yzbot_msgs/msg/ChargeCtrl.idl
[3.840s] -- Up-to-date: /home/kgh/ws2/install/yzbot_msgs/share/yzbot_msgs/msg/PmsStatus.idl
[3.840s] -- Installing: /home/kgh/ws2/install/yzbot_msgs/share/yzbot_msgs/msg/ObsResult.idl
[3.840s] -- Up-to-date: /home/kgh/ws2/install/yzbot_msgs/share/yzbot_msgs/msg/RobotPose.msg
[3.840s] -- Up-to-date: /home/kgh/ws2/install/yzbot_msgs/share/yzbot_msgs/msg/FmqSet.msg
[3.840s] -- Up-to-date: /home/kgh/ws2/install/yzbot_msgs/share/yzbot_msgs/msg/ChargeCtrl.msg
[3.840s] -- Up-to-date: /home/kgh/ws2/install/yzbot_msgs/share/yzbot_msgs/msg/PmsStatus.msg
[3.840s] -- Installing: /home/kgh/ws2/install/yzbot_msgs/share/yzbot_msgs/msg/ObsResult.msg
[3.841s] -- Up-to-date: /home/kgh/ws2/install/yzbot_msgs/share/ament_index/resource_index/package_run_dependencies/yzbot_msgs
[3.841s] -- Up-to-date: /home/kgh/ws2/install/yzbot_msgs/share/ament_index/resource_index/parent_prefix_path/yzbot_msgs
[3.841s] -- Up-to-date: /home/kgh/ws2/install/yzbot_msgs/share/yzbot_msgs/environment/ament_prefix_path.sh
[3.841s] -- Installing: /home/kgh/ws2/install/yzbot_msgs/share/yzbot_msgs/environment/ament_prefix_path.dsv
[3.841s] -- Up-to-date: /home/kgh/ws2/install/yzbot_msgs/share/yzbot_msgs/environment/path.sh
[3.841s] -- Installing: /home/kgh/ws2/install/yzbot_msgs/share/yzbot_msgs/environment/path.dsv
[3.841s] -- Up-to-date: /home/kgh/ws2/install/yzbot_msgs/share/yzbot_msgs/local_setup.bash
[3.841s] -- Up-to-date: /home/kgh/ws2/install/yzbot_msgs/share/yzbot_msgs/local_setup.sh
[3.841s] -- Up-to-date: /home/kgh/ws2/install/yzbot_msgs/share/yzbot_msgs/local_setup.zsh
[3.842s] -- Installing: /home/kgh/ws2/install/yzbot_msgs/share/yzbot_msgs/local_setup.dsv
[3.842s] -- Installing: /home/kgh/ws2/install/yzbot_msgs/share/yzbot_msgs/package.dsv
[3.842s] -- Up-to-date: /home/kgh/ws2/install/yzbot_msgs/share/ament_index/resource_index/packages/yzbot_msgs
[3.842s] -- Up-to-date: /home/kgh/ws2/install/yzbot_msgs/share/yzbot_msgs/cmake/yzbot_msgs__rosidl_generator_cExport.cmake
[3.842s] -- Installing: /home/kgh/ws2/install/yzbot_msgs/share/yzbot_msgs/cmake/yzbot_msgs__rosidl_generator_cExport-noconfig.cmake
[3.842s] -- Up-to-date: /home/kgh/ws2/install/yzbot_msgs/share/yzbot_msgs/cmake/yzbot_msgs__rosidl_typesupport_introspection_cExport.cmake
[3.842s] -- Installing: /home/kgh/ws2/install/yzbot_msgs/share/yzbot_msgs/cmake/yzbot_msgs__rosidl_typesupport_introspection_cExport-noconfig.cmake
[3.843s] -- Up-to-date: /home/kgh/ws2/install/yzbot_msgs/share/yzbot_msgs/cmake/yzbot_msgs__rosidl_typesupport_cExport.cmake
[3.843s] -- Installing: /home/kgh/ws2/install/yzbot_msgs/share/yzbot_msgs/cmake/yzbot_msgs__rosidl_typesupport_cExport-noconfig.cmake
[3.843s] -- Up-to-date: /home/kgh/ws2/install/yzbot_msgs/share/yzbot_msgs/cmake/yzbot_msgs__rosidl_generator_cppExport.cmake
[3.843s] -- Up-to-date: /home/kgh/ws2/install/yzbot_msgs/share/yzbot_msgs/cmake/yzbot_msgs__rosidl_typesupport_introspection_cppExport.cmake
[3.843s] -- Installing: /home/kgh/ws2/install/yzbot_msgs/share/yzbot_msgs/cmake/yzbot_msgs__rosidl_typesupport_introspection_cppExport-noconfig.cmake
[3.843s] -- Up-to-date: /home/kgh/ws2/install/yzbot_msgs/share/yzbot_msgs/cmake/yzbot_msgs__rosidl_typesupport_cppExport.cmake
[3.843s] -- Installing: /home/kgh/ws2/install/yzbot_msgs/share/yzbot_msgs/cmake/yzbot_msgs__rosidl_typesupport_cppExport-noconfig.cmake
[3.844s] -- Installing: /home/kgh/ws2/install/yzbot_msgs/share/yzbot_msgs/cmake/rosidl_cmake-extras.cmake
[3.844s] -- Up-to-date: /home/kgh/ws2/install/yzbot_msgs/share/yzbot_msgs/cmake/ament_cmake_export_dependencies-extras.cmake
[3.844s] -- Up-to-date: /home/kgh/ws2/install/yzbot_msgs/share/yzbot_msgs/cmake/ament_cmake_export_libraries-extras.cmake
[3.844s] -- Up-to-date: /home/kgh/ws2/install/yzbot_msgs/share/yzbot_msgs/cmake/ament_cmake_export_targets-extras.cmake
[3.844s] -- Up-to-date: /home/kgh/ws2/install/yzbot_msgs/share/yzbot_msgs/cmake/ament_cmake_export_include_directories-extras.cmake
[3.844s] -- Up-to-date: /home/kgh/ws2/install/yzbot_msgs/share/yzbot_msgs/cmake/rosidl_cmake_export_typesupport_libraries-extras.cmake
[3.844s] -- Up-to-date: /home/kgh/ws2/install/yzbot_msgs/share/yzbot_msgs/cmake/rosidl_cmake_export_typesupport_targets-extras.cmake
[3.844s] -- Up-to-date: /home/kgh/ws2/install/yzbot_msgs/share/yzbot_msgs/cmake/yzbot_msgsConfig.cmake
[3.844s] -- Up-to-date: /home/kgh/ws2/install/yzbot_msgs/share/yzbot_msgs/cmake/yzbot_msgsConfig-version.cmake
[3.845s] -- Up-to-date: /home/kgh/ws2/install/yzbot_msgs/share/yzbot_msgs/package.xml
[3.846s] Invoked command in '/home/kgh/ws2/build/yzbot_msgs' returned '0': CMAKE_PREFIX_PATH=${CMAKE_PREFIX_PATH}:/home/kgh/ws2/install/yzbot_description:/home/kgh/ws2/install/yzbot_controller:/home/kgh/ws2/install/nav2_gazebo_spawner:/opt/ros/foxy /usr/bin/cmake --install /home/kgh/ws2/build/yzbot_msgs
