In file included from [01m[K/home/kgh/ws2/src/yzbot_stm32connect/src/psc.cpp:1[m[K:
[01m[K/home/kgh/ws2/src/yzbot_stm32connect/include/psc.hpp:80:53:[m[K [01;31m[Kerror: [m[K‘[01m[KPSCAngleControl[m[K’ in namespace ‘[01m[Kyzbot_msgs::msg[m[K’ does not name a type
   80 |   void head_control_by_angle(const yzbot_msgs::msg::[01;31m[KPSCAngleControl[m[K &msg);
      |                                                     [01;31m[K^~~~~~~~~~~~~~~[m[K
[01m[K/home/kgh/ws2/src/yzbot_stm32connect/include/psc.hpp:88:38:[m[K [01;31m[Kerror: [m[K‘[01m[KPSCGetNeckStatus[m[K’ is not a member of ‘[01m[Kyzbot_msgs::msg[m[K’; did you mean ‘[01m[KPscGetNeckStatus[m[K’?
   88 |   rclcpp::Publisher<yzbot_msgs::msg::[01;31m[KPSCGetNeckStatus[m[K>::SharedPtr psc_neck_status_pub;
      |                                      [01;31m[K^~~~~~~~~~~~~~~~[m[K
      |                                      [32m[KPscGetNeckStatus[m[K
[01m[K/home/kgh/ws2/src/yzbot_stm32connect/include/psc.hpp:88:54:[m[K [01;31m[Kerror: [m[Ktemplate argument 1 is invalid
   88 |   rclcpp::Publisher<yzbot_msgs::msg::PSCGetNeckStatus[01;31m[K>[m[K::SharedPtr psc_neck_status_pub;
      |                                                      [01;31m[K^[m[K
[01m[K/home/kgh/ws2/src/yzbot_stm32connect/include/psc.hpp:88:57:[m[K [01;31m[Kerror: [m[Kexpected ‘[01m[K;[m[K’ at end of member declaration
   88 |   rclcpp::Publisher<yzbot_msgs::msg::PSCGetNeckStatus>::[01;31m[KSharedPtr[m[K psc_neck_status_pub;
      |                                                         [01;31m[K^~~~~~~~~[m[K
      |                                                                  [32m[K;[m[K
[01m[K/home/kgh/ws2/src/yzbot_stm32connect/include/psc.hpp:88:67:[m[K [01;31m[Kerror: [m[K‘[01m[Kpsc_neck_status_pub[m[K’ does not name a type
   88 |   rclcpp::Publisher<yzbot_msgs::msg::PSCGetNeckStatus>::SharedPtr [01;31m[Kpsc_neck_status_pub[m[K;
      |                                                                   [01;31m[K^~~~~~~~~~~~~~~~~~~[m[K
[01m[K/home/kgh/ws2/src/yzbot_stm32connect/include/psc.hpp:89:38:[m[K [01;31m[Kerror: [m[K‘[01m[KPSCGetHeadStatus[m[K’ is not a member of ‘[01m[Kyzbot_msgs::msg[m[K’; did you mean ‘[01m[KPscGetHeadStatus[m[K’?
   89 |   rclcpp::Publisher<yzbot_msgs::msg::[01;31m[KPSCGetHeadStatus[m[K>::SharedPtr psc_head_status_pub;
      |                                      [01;31m[K^~~~~~~~~~~~~~~~[m[K
      |                                      [32m[KPscGetHeadStatus[m[K
[01m[K/home/kgh/ws2/src/yzbot_stm32connect/include/psc.hpp:89:54:[m[K [01;31m[Kerror: [m[Ktemplate argument 1 is invalid
   89 |   rclcpp::Publisher<yzbot_msgs::msg::PSCGetHeadStatus[01;31m[K>[m[K::SharedPtr psc_head_status_pub;
      |                                                      [01;31m[K^[m[K
[01m[K/home/kgh/ws2/src/yzbot_stm32connect/include/psc.hpp:89:57:[m[K [01;31m[Kerror: [m[Kexpected ‘[01m[K;[m[K’ at end of member declaration
   89 |   rclcpp::Publisher<yzbot_msgs::msg::PSCGetHeadStatus>::[01;31m[KSharedPtr[m[K psc_head_status_pub;
      |                                                         [01;31m[K^~~~~~~~~[m[K
      |                                                                  [32m[K;[m[K
[01m[K/home/kgh/ws2/src/yzbot_stm32connect/include/psc.hpp:89:57:[m[K [01;31m[Kerror: [m[Kredeclaration of ‘[01m[Kint PSC::SharedPtr[m[K’
[01m[K/home/kgh/ws2/src/yzbot_stm32connect/include/psc.hpp:88:57:[m[K [01;36m[Knote: [m[Kprevious declaration ‘[01m[Kint PSC::SharedPtr[m[K’
   88 |   rclcpp::Publisher<yzbot_msgs::msg::PSCGetNeckStatus>::[01;36m[KSharedPtr[m[K psc_neck_status_pub;
      |                                                         [01;36m[K^~~~~~~~~[m[K
[01m[K/home/kgh/ws2/src/yzbot_stm32connect/include/psc.hpp:89:67:[m[K [01;31m[Kerror: [m[K‘[01m[Kpsc_head_status_pub[m[K’ does not name a type
   89 |   rclcpp::Publisher<yzbot_msgs::msg::PSCGetHeadStatus>::SharedPtr [01;31m[Kpsc_head_status_pub[m[K;
      |                                                                   [01;31m[K^~~~~~~~~~~~~~~~~~~[m[K
[01m[K/home/kgh/ws2/src/yzbot_stm32connect/src/psc.cpp:[m[K In constructor ‘[01m[KPSC::PSC(RobotSerial*)[m[K’:
[01m[K/home/kgh/ws2/src/yzbot_stm32connect/src/psc.cpp:12:5:[m[K [01;31m[Kerror: [m[K‘[01m[Kpsc_neck_status_pub[m[K’ was not declared in this scope; did you mean ‘[01m[Kpsc_neck_status[m[K’?
   12 |     [01;31m[Kpsc_neck_status_pub[m[K = this->create_publisher<yzbot_msgs::msg::PSCGetNeckStatus>("psc_get_neck_status", 10);
      |     [01;31m[K^~~~~~~~~~~~~~~~~~~[m[K
      |     [32m[Kpsc_neck_status[m[K
[01m[K/home/kgh/ws2/src/yzbot_stm32connect/src/psc.cpp:12:67:[m[K [01;31m[Kerror: [m[K‘[01m[KPSCGetNeckStatus[m[K’ is not a member of ‘[01m[Kyzbot_msgs::msg[m[K’; did you mean ‘[01m[KPscGetNeckStatus[m[K’?
   12 |     psc_neck_status_pub = this->create_publisher<yzbot_msgs::msg::[01;31m[KPSCGetNeckStatus[m[K>("psc_get_neck_status", 10);
      |                                                                   [01;31m[K^~~~~~~~~~~~~~~~[m[K
      |                                                                   [32m[KPscGetNeckStatus[m[K
[01m[K/home/kgh/ws2/src/yzbot_stm32connect/src/psc.cpp:12:110:[m[K [01;31m[Kerror: [m[Kno matching function for call to ‘[01m[KPSC::create_publisher<<expression error> >(const char [20], int)[m[K’
   12 |     psc_neck_status_pub = this->create_publisher<yzbot_msgs::msg::PSCGetNeckStatus>("psc_get_neck_status", 10[01;31m[K)[m[K;
      |                                                                                                              [01;31m[K^[m[K
In file included from [01m[K/opt/ros/foxy/include/rclcpp/node.hpp:1224[m[K,
                 from [01m[K/opt/ros/foxy/include/rclcpp/executors/single_threaded_executor.hpp:28[m[K,
                 from [01m[K/opt/ros/foxy/include/rclcpp/executors.hpp:22[m[K,
                 from [01m[K/opt/ros/foxy/include/rclcpp/rclcpp.hpp:146[m[K,
                 from [01m[K/home/kgh/ws2/src/yzbot_stm32connect/include/psc.hpp:4[m[K,
                 from [01m[K/home/kgh/ws2/src/yzbot_stm32connect/src/psc.cpp:1[m[K:
[01m[K/opt/ros/foxy/include/rclcpp/node_impl.hpp:71:1:[m[K [01;36m[Knote: [m[Kcandidate: ‘[01m[Ktemplate<class MessageT, class AllocatorT, class PublisherT> std::shared_ptr<PublisherT> rclcpp::Node::create_publisher(const string&, const rclcpp::QoS&, const rclcpp::PublisherOptionsWithAllocator<AllocatorT>&)[m[K’
   71 | [01;36m[KNode[m[K::create_publisher(
      | [01;36m[K^~~~[m[K
[01m[K/opt/ros/foxy/include/rclcpp/node_impl.hpp:71:1:[m[K [01;36m[Knote: [m[K  template argument deduction/substitution failed:
[01m[K/home/kgh/ws2/src/yzbot_stm32connect/src/psc.cpp:12:110:[m[K [01;31m[Kerror: [m[Ktemplate argument 1 is invalid
   12 |     psc_neck_status_pub = this->create_publisher<yzbot_msgs::msg::PSCGetNeckStatus>("psc_get_neck_status", 10[01;31m[K)[m[K;
      |                                                                                                              [01;31m[K^[m[K
[01m[K/home/kgh/ws2/src/yzbot_stm32connect/src/psc.cpp:13:5:[m[K [01;31m[Kerror: [m[K‘[01m[Kpsc_head_status_pub[m[K’ was not declared in this scope; did you mean ‘[01m[Kpsc_head_status[m[K’?
   13 |     [01;31m[Kpsc_head_status_pub[m[K = this->create_publisher<yzbot_msgs::msg::PSCGetHeadStatus>("psc_get_head_status", 10);
      |     [01;31m[K^~~~~~~~~~~~~~~~~~~[m[K
      |     [32m[Kpsc_head_status[m[K
[01m[K/home/kgh/ws2/src/yzbot_stm32connect/src/psc.cpp:13:67:[m[K [01;31m[Kerror: [m[K‘[01m[KPSCGetHeadStatus[m[K’ is not a member of ‘[01m[Kyzbot_msgs::msg[m[K’; did you mean ‘[01m[KPscGetHeadStatus[m[K’?
   13 |     psc_head_status_pub = this->create_publisher<yzbot_msgs::msg::[01;31m[KPSCGetHeadStatus[m[K>("psc_get_head_status", 10);
      |                                                                   [01;31m[K^~~~~~~~~~~~~~~~[m[K
      |                                                                   [32m[KPscGetHeadStatus[m[K
[01m[K/home/kgh/ws2/src/yzbot_stm32connect/src/psc.cpp:13:110:[m[K [01;31m[Kerror: [m[Kno matching function for call to ‘[01m[KPSC::create_publisher<<expression error> >(const char [20], int)[m[K’
   13 |     psc_head_status_pub = this->create_publisher<yzbot_msgs::msg::PSCGetHeadStatus>("psc_get_head_status", 10[01;31m[K)[m[K;
      |                                                                                                              [01;31m[K^[m[K
In file included from [01m[K/opt/ros/foxy/include/rclcpp/node.hpp:1224[m[K,
                 from [01m[K/opt/ros/foxy/include/rclcpp/executors/single_threaded_executor.hpp:28[m[K,
                 from [01m[K/opt/ros/foxy/include/rclcpp/executors.hpp:22[m[K,
                 from [01m[K/opt/ros/foxy/include/rclcpp/rclcpp.hpp:146[m[K,
                 from [01m[K/home/kgh/ws2/src/yzbot_stm32connect/include/psc.hpp:4[m[K,
                 from [01m[K/home/kgh/ws2/src/yzbot_stm32connect/src/psc.cpp:1[m[K:
[01m[K/opt/ros/foxy/include/rclcpp/node_impl.hpp:71:1:[m[K [01;36m[Knote: [m[Kcandidate: ‘[01m[Ktemplate<class MessageT, class AllocatorT, class PublisherT> std::shared_ptr<PublisherT> rclcpp::Node::create_publisher(const string&, const rclcpp::QoS&, const rclcpp::PublisherOptionsWithAllocator<AllocatorT>&)[m[K’
   71 | [01;36m[KNode[m[K::create_publisher(
      | [01;36m[K^~~~[m[K
[01m[K/opt/ros/foxy/include/rclcpp/node_impl.hpp:71:1:[m[K [01;36m[Knote: [m[K  template argument deduction/substitution failed:
[01m[K/home/kgh/ws2/src/yzbot_stm32connect/src/psc.cpp:13:110:[m[K [01;31m[Kerror: [m[Ktemplate argument 1 is invalid
   13 |     psc_head_status_pub = this->create_publisher<yzbot_msgs::msg::PSCGetHeadStatus>("psc_get_head_status", 10[01;31m[K)[m[K;
      |                                                                                                              [01;31m[K^[m[K
[01m[K/home/kgh/ws2/src/yzbot_stm32connect/src/psc.cpp:[m[K At global scope:
[01m[K/home/kgh/ws2/src/yzbot_stm32connect/src/psc.cpp:61:6:[m[K [01;31m[Kerror: [m[Kno declaration matches ‘[01m[Kvoid PSC::neck_control_by_height_callback(const PscNeckControl&)[m[K’
   61 | void [01;31m[KPSC[m[K::neck_control_by_height_callback(const yzbot_msgs::msg::PscNeckControl &msg)
      |      [01;31m[K^~~[m[K
[01m[K/home/kgh/ws2/src/yzbot_stm32connect/src/psc.cpp:61:6:[m[K [01;36m[Knote: [m[Kno functions named ‘[01m[Kvoid PSC::neck_control_by_height_callback(const PscNeckControl&)[m[K’
In file included from [01m[K/home/kgh/ws2/src/yzbot_stm32connect/src/psc.cpp:1[m[K:
[01m[K/home/kgh/ws2/src/yzbot_stm32connect/include/psc.hpp:60:7:[m[K [01;36m[Knote: [m[K‘[01m[Kclass PSC[m[K’ defined here
   60 | class [01;36m[KPSC[m[K : public rclcpp::Node
      |       [01;36m[K^~~[m[K
[01m[K/home/kgh/ws2/src/yzbot_stm32connect/src/psc.cpp:69:6:[m[K [01;31m[Kerror: [m[Kno declaration matches ‘[01m[Kvoid PSC::head_control_by_angle_callback(const PscHeadControl&)[m[K’
   69 | void [01;31m[KPSC[m[K::head_control_by_angle_callback(const yzbot_msgs::msg::PscHeadControl &msg)
      |      [01;31m[K^~~[m[K
[01m[K/home/kgh/ws2/src/yzbot_stm32connect/src/psc.cpp:69:6:[m[K [01;36m[Knote: [m[Kno functions named ‘[01m[Kvoid PSC::head_control_by_angle_callback(const PscHeadControl&)[m[K’
In file included from [01m[K/home/kgh/ws2/src/yzbot_stm32connect/src/psc.cpp:1[m[K:
[01m[K/home/kgh/ws2/src/yzbot_stm32connect/include/psc.hpp:60:7:[m[K [01;36m[Knote: [m[K‘[01m[Kclass PSC[m[K’ defined here
   60 | class [01;36m[KPSC[m[K : public rclcpp::Node
      |       [01;36m[K^~~[m[K
[01m[K/home/kgh/ws2/src/yzbot_stm32connect/src/psc.cpp:78:6:[m[K [01;31m[Kerror: [m[Kno declaration matches ‘[01m[Kvoid PSC::Neck_Control_By_Key_callback(const PscKeyNeckControl&)[m[K’
   78 | void [01;31m[KPSC[m[K::Neck_Control_By_Key_callback(const yzbot_msgs::msg::PscKeyNeckControl &msg)
      |      [01;31m[K^~~[m[K
[01m[K/home/kgh/ws2/src/yzbot_stm32connect/src/psc.cpp:78:6:[m[K [01;36m[Knote: [m[Kno functions named ‘[01m[Kvoid PSC::Neck_Control_By_Key_callback(const PscKeyNeckControl&)[m[K’
In file included from [01m[K/home/kgh/ws2/src/yzbot_stm32connect/src/psc.cpp:1[m[K:
[01m[K/home/kgh/ws2/src/yzbot_stm32connect/include/psc.hpp:60:7:[m[K [01;36m[Knote: [m[K‘[01m[Kclass PSC[m[K’ defined here
   60 | class [01;36m[KPSC[m[K : public rclcpp::Node
      |       [01;36m[K^~~[m[K
[01m[K/home/kgh/ws2/src/yzbot_stm32connect/src/psc.cpp:85:6:[m[K [01;31m[Kerror: [m[Kno declaration matches ‘[01m[Kvoid PSC::control_by_key_callback(const PscKeyHeadControl&)[m[K’
   85 | void [01;31m[KPSC[m[K::control_by_key_callback(const yzbot_msgs::msg::PscKeyHeadControl &msg)
      |      [01;31m[K^~~[m[K
[01m[K/home/kgh/ws2/src/yzbot_stm32connect/src/psc.cpp:85:6:[m[K [01;36m[Knote: [m[Kno functions named ‘[01m[Kvoid PSC::control_by_key_callback(const PscKeyHeadControl&)[m[K’
In file included from [01m[K/home/kgh/ws2/src/yzbot_stm32connect/src/psc.cpp:1[m[K:
[01m[K/home/kgh/ws2/src/yzbot_stm32connect/include/psc.hpp:60:7:[m[K [01;36m[Knote: [m[K‘[01m[Kclass PSC[m[K’ defined here
   60 | class [01;36m[KPSC[m[K : public rclcpp::Node
      |       [01;36m[K^~~[m[K
[01m[K/home/kgh/ws2/src/yzbot_stm32connect/src/psc.cpp:91:54:[m[K [01;31m[Kerror: [m[K‘[01m[KPscHeadOffset[m[K’ in namespace ‘[01m[Kyzbot_msgs[m[K’ does not name a type
   91 | void PSC::set_head_offset_callback(const yzbot_msgs::[01;31m[KPscHeadOffset[m[K &msg)
      |                                                      [01;31m[K^~~~~~~~~~~~~[m[K
[01m[K/home/kgh/ws2/src/yzbot_stm32connect/src/psc.cpp:91:6:[m[K [01;31m[Kerror: [m[Kno declaration matches ‘[01m[Kvoid PSC::set_head_offset_callback(const int&)[m[K’
   91 | void [01;31m[KPSC[m[K::set_head_offset_callback(const yzbot_msgs::PscHeadOffset &msg)
      |      [01;31m[K^~~[m[K
[01m[K/home/kgh/ws2/src/yzbot_stm32connect/src/psc.cpp:91:6:[m[K [01;36m[Knote: [m[Kno functions named ‘[01m[Kvoid PSC::set_head_offset_callback(const int&)[m[K’
In file included from [01m[K/home/kgh/ws2/src/yzbot_stm32connect/src/psc.cpp:1[m[K:
[01m[K/home/kgh/ws2/src/yzbot_stm32connect/include/psc.hpp:60:7:[m[K [01;36m[Knote: [m[K‘[01m[Kclass PSC[m[K’ defined here
   60 | class [01;36m[KPSC[m[K : public rclcpp::Node
      |       [01;36m[K^~~[m[K
In file included from [01m[K/home/kgh/ws2/src/yzbot_stm32connect/include/stm32_connect.hpp:8[m[K,
                 from [01m[K/home/kgh/ws2/src/yzbot_stm32connect/src/stm32_connect.cpp:1[m[K:
[01m[K/home/kgh/ws2/src/yzbot_stm32connect/include/psc.hpp:80:53:[m[K [01;31m[Kerror: [m[K‘[01m[KPSCAngleControl[m[K’ in namespace ‘[01m[Kyzbot_msgs::msg[m[K’ does not name a type
   80 |   void head_control_by_angle(const yzbot_msgs::msg::[01;31m[KPSCAngleControl[m[K &msg);
      |                                                     [01;31m[K^~~~~~~~~~~~~~~[m[K
[01m[K/home/kgh/ws2/src/yzbot_stm32connect/include/psc.hpp:88:38:[m[K [01;31m[Kerror: [m[K‘[01m[KPSCGetNeckStatus[m[K’ is not a member of ‘[01m[Kyzbot_msgs::msg[m[K’; did you mean ‘[01m[KPscGetNeckStatus[m[K’?
   88 |   rclcpp::Publisher<yzbot_msgs::msg::[01;31m[KPSCGetNeckStatus[m[K>::SharedPtr psc_neck_status_pub;
      |                                      [01;31m[K^~~~~~~~~~~~~~~~[m[K
      |                                      [32m[KPscGetNeckStatus[m[K
[01m[K/home/kgh/ws2/src/yzbot_stm32connect/include/psc.hpp:88:54:[m[K [01;31m[Kerror: [m[Ktemplate argument 1 is invalid
   88 |   rclcpp::Publisher<yzbot_msgs::msg::PSCGetNeckStatus[01;31m[K>[m[K::SharedPtr psc_neck_status_pub;
      |                                                      [01;31m[K^[m[K
[01m[K/home/kgh/ws2/src/yzbot_stm32connect/include/psc.hpp:88:57:[m[K [01;31m[Kerror: [m[Kexpected ‘[01m[K;[m[K’ at end of member declaration
   88 |   rclcpp::Publisher<yzbot_msgs::msg::PSCGetNeckStatus>::[01;31m[KSharedPtr[m[K psc_neck_status_pub;
      |                                                         [01;31m[K^~~~~~~~~[m[K
      |                                                                  [32m[K;[m[K
[01m[K/home/kgh/ws2/src/yzbot_stm32connect/include/psc.hpp:88:67:[m[K [01;31m[Kerror: [m[K‘[01m[Kpsc_neck_status_pub[m[K’ does not name a type
   88 |   rclcpp::Publisher<yzbot_msgs::msg::PSCGetNeckStatus>::SharedPtr [01;31m[Kpsc_neck_status_pub[m[K;
      |                                                                   [01;31m[K^~~~~~~~~~~~~~~~~~~[m[K
[01m[K/home/kgh/ws2/src/yzbot_stm32connect/include/psc.hpp:89:38:[m[K [01;31m[Kerror: [m[K‘[01m[KPSCGetHeadStatus[m[K’ is not a member of ‘[01m[Kyzbot_msgs::msg[m[K’; did you mean ‘[01m[KPscGetHeadStatus[m[K’?
   89 |   rclcpp::Publisher<yzbot_msgs::msg::[01;31m[KPSCGetHeadStatus[m[K>::SharedPtr psc_head_status_pub;
      |                                      [01;31m[K^~~~~~~~~~~~~~~~[m[K
      |                                      [32m[KPscGetHeadStatus[m[K
[01m[K/home/kgh/ws2/src/yzbot_stm32connect/include/psc.hpp:89:54:[m[K [01;31m[Kerror: [m[Ktemplate argument 1 is invalid
   89 |   rclcpp::Publisher<yzbot_msgs::msg::PSCGetHeadStatus[01;31m[K>[m[K::SharedPtr psc_head_status_pub;
      |                                                      [01;31m[K^[m[K
[01m[K/home/kgh/ws2/src/yzbot_stm32connect/include/psc.hpp:89:57:[m[K [01;31m[Kerror: [m[Kexpected ‘[01m[K;[m[K’ at end of member declaration
   89 |   rclcpp::Publisher<yzbot_msgs::msg::PSCGetHeadStatus>::[01;31m[KSharedPtr[m[K psc_head_status_pub;
      |                                                         [01;31m[K^~~~~~~~~[m[K
      |                                                                  [32m[K;[m[K
[01m[K/home/kgh/ws2/src/yzbot_stm32connect/include/psc.hpp:89:57:[m[K [01;31m[Kerror: [m[Kredeclaration of ‘[01m[Kint PSC::SharedPtr[m[K’
[01m[K/home/kgh/ws2/src/yzbot_stm32connect/include/psc.hpp:88:57:[m[K [01;36m[Knote: [m[Kprevious declaration ‘[01m[Kint PSC::SharedPtr[m[K’
   88 |   rclcpp::Publisher<yzbot_msgs::msg::PSCGetNeckStatus>::[01;36m[KSharedPtr[m[K psc_neck_status_pub;
      |                                                         [01;36m[K^~~~~~~~~[m[K
[01m[K/home/kgh/ws2/src/yzbot_stm32connect/include/psc.hpp:89:67:[m[K [01;31m[Kerror: [m[K‘[01m[Kpsc_head_status_pub[m[K’ does not name a type
   89 |   rclcpp::Publisher<yzbot_msgs::msg::PSCGetHeadStatus>::SharedPtr [01;31m[Kpsc_head_status_pub[m[K;
      |                                                                   [01;31m[K^~~~~~~~~~~~~~~~~~~[m[K
make[2]: *** [CMakeFiles/stm32_connect.dir/build.make:63：CMakeFiles/stm32_connect.dir/src/stm32_connect.cpp.o] 错误 1
make[2]: *** 正在等待未完成的任务....
make[2]: *** [CMakeFiles/stm32_connect.dir/build.make:115：CMakeFiles/stm32_connect.dir/src/psc.cpp.o] 错误 1
make[1]: *** [CMakeFiles/Makefile2:80：CMakeFiles/stm32_connect.dir/all] 错误 2
make: *** [Makefile:141：all] 错误 2
