[0.115s] Invoking command in '/home/kgh/ws2/build/yzbot_stm32connect': CMAKE_PREFIX_PATH=/home/kgh/ws2/install/yzbot_msgs:/home/kgh/ws2/install/yzbot_stm32connect:/home/kgh/ws2/install/yzbot_nav2:/home/kgh/ws2/install/yzbot_cartographer:/home/kgh/ws2/install/nav2_system_tests:/home/kgh/ws2/install/nav2_bringup:/home/kgh/ws2/install/navigation2:/home/kgh/ws2/install/smac_planner:/home/kgh/ws2/install/nav2_dwb_controller:/home/kgh/ws2/install/nav2_controller:/home/kgh/ws2/install/dwb_plugins:/home/kgh/ws2/install/dwb_critics:/home/kgh/ws2/install/dwb_core:/home/kgh/ws2/install/nav_2d_utils:/home/kgh/ws2/install/dwb_msgs:/home/kgh/ws2/install/nav_2d_msgs:/home/kgh/ws2/install/nav2_waypoint_follower:/home/kgh/ws2/install/nav2_regulated_pure_pursuit_controller:/home/kgh/ws2/install/nav2_recoveries:/home/kgh/ws2/install/nav2_planner:/home/kgh/ws2/install/nav2_navfn_planner:/home/kgh/ws2/install/nav2_core:/home/kgh/ws2/install/costmap_queue:/home/kgh/ws2/install/nav2_costmap_2d:/home/kgh/ws2/install/nav2_voxel_grid:/home/kgh/ws2/install/nav2_rviz_plugins:/home/kgh/ws2/install/nav2_map_server:/home/kgh/ws2/install/nav2_lifecycle_manager:/home/kgh/ws2/install/nav2_bt_navigator:/home/kgh/ws2/install/nav2_behavior_tree:/home/kgh/ws2/install/nav2_amcl:/home/kgh/ws2/install/nav2_util:/home/kgh/ws2/install/nav2_msgs:/home/kgh/ws2/install/nav2_common:/home/kgh/ws2/install/bluesea2:/home/kgh/ws2/install/yzbot_description:/home/kgh/ws2/install/yzbot_controller:/home/kgh/ws2/install/nav2_gazebo_spawner:/opt/ros/foxy /usr/bin/cmake --build /home/kgh/ws2/build/yzbot_stm32connect -- -j16 -l16
[0.179s] [ 40%] Built target serial
[0.202s] [35m[1mScanning dependencies of target stm32_connect[0m
[0.252s] [ 60%] [32mBuilding CXX object CMakeFiles/stm32_connect.dir/src/stm32_connect.cpp.o[0m
[0.252s] [ 60%] [32mBuilding CXX object CMakeFiles/stm32_connect.dir/src/psc.cpp.o[0m
[2.308s] In file included from [01m[K/home/kgh/ws2/src/yzbot_stm32connect/src/psc.cpp:1[m[K:
[2.308s] [01m[K/home/kgh/ws2/src/yzbot_stm32connect/include/psc.hpp:88:91:[m[K [01;31m[Kerror: [m[Kexpected ‘[01m[K;[m[K’ at end of member declaration
[2.308s]    88 |   void head_control_by_angle_callback(const yzbot_msgs::msg::PscHeadControl::SharedPtr msg[01;31m[K)[m[K);
[2.309s]       |                                                                                           [01;31m[K^[m[K
[2.309s]       |                                                                                            [32m[K;[m[K
[2.309s] [01m[K/home/kgh/ws2/src/yzbot_stm32connect/include/psc.hpp:88:92:[m[K [01;31m[Kerror: [m[Kexpected unqualified-id before ‘[01m[K)[m[K’ token
[2.309s]    88 |   void head_control_by_angle_callback(const yzbot_msgs::msg::PscHeadControl::SharedPtr msg)[01;31m[K)[m[K;
[2.309s]       |                                                                                            [01;31m[K^[m[K
[2.309s] [01m[K/home/kgh/ws2/src/yzbot_stm32connect/include/psc.hpp:89:92:[m[K [01;31m[Kerror: [m[Kexpected ‘[01m[K;[m[K’ at end of member declaration
[2.309s]    89 |   void neck_control_by_height_callback(const yzbot_msgs::msg::PscNeckControl::SharedPtr msg[01;31m[K)[m[K);
[2.309s]       |                                                                                            [01;31m[K^[m[K
[2.309s]       |                                                                                             [32m[K;[m[K
[2.309s] [01m[K/home/kgh/ws2/src/yzbot_stm32connect/include/psc.hpp:89:93:[m[K [01;31m[Kerror: [m[Kexpected unqualified-id before ‘[01m[K)[m[K’ token
[2.309s]    89 |   void neck_control_by_height_callback(const yzbot_msgs::msg::PscNeckControl::SharedPtr msg)[01;31m[K)[m[K;
[2.309s]       |                                                                                             [01;31m[K^[m[K
[2.310s] [01m[K/home/kgh/ws2/src/yzbot_stm32connect/include/psc.hpp:90:92:[m[K [01;31m[Kerror: [m[Kexpected ‘[01m[K;[m[K’ at end of member declaration
[2.310s]    90 |   void neck_Control_By_Key_callback(const yzbot_msgs::msg::PscKeyNeckControl::SharedPtr msg[01;31m[K)[m[K);
[2.310s]       |                                                                                            [01;31m[K^[m[K
[2.310s]       |                                                                                             [32m[K;[m[K
[2.310s] [01m[K/home/kgh/ws2/src/yzbot_stm32connect/include/psc.hpp:90:93:[m[K [01;31m[Kerror: [m[Kexpected unqualified-id before ‘[01m[K)[m[K’ token
[2.310s]    90 |   void neck_Control_By_Key_callback(const yzbot_msgs::msg::PscKeyNeckControl::SharedPtr msg)[01;31m[K)[m[K;
[2.310s]       |                                                                                             [01;31m[K^[m[K
[2.310s] [01m[K/home/kgh/ws2/src/yzbot_stm32connect/include/psc.hpp:91:92:[m[K [01;31m[Kerror: [m[Kexpected ‘[01m[K;[m[K’ at end of member declaration
[2.310s]    91 |   void head_control_by_key_callback(const yzbot_msgs::msg::PscKeyHeadControl::SharedPtr msg[01;31m[K)[m[K);
[2.310s]       |                                                                                            [01;31m[K^[m[K
[2.310s]       |                                                                                             [32m[K;[m[K
[2.311s] [01m[K/home/kgh/ws2/src/yzbot_stm32connect/include/psc.hpp:91:93:[m[K [01;31m[Kerror: [m[Kexpected unqualified-id before ‘[01m[K)[m[K’ token
[2.311s]    91 |   void head_control_by_key_callback(const yzbot_msgs::msg::PscKeyHeadControl::SharedPtr msg)[01;31m[K)[m[K;
[2.311s]       |                                                                                             [01;31m[K^[m[K
[2.311s] [01m[K/home/kgh/ws2/src/yzbot_stm32connect/include/psc.hpp:92:84:[m[K [01;31m[Kerror: [m[Kexpected ‘[01m[K;[m[K’ at end of member declaration
[2.311s]    92 |   void set_head_offset_callback(const yzbot_msgs::msg::PscHeadOffset::SharedPtr msg[01;31m[K)[m[K);
[2.311s]       |                                                                                    [01;31m[K^[m[K
[2.311s]       |                                                                                     [32m[K;[m[K
[2.311s] [01m[K/home/kgh/ws2/src/yzbot_stm32connect/include/psc.hpp:92:85:[m[K [01;31m[Kerror: [m[Kexpected unqualified-id before ‘[01m[K)[m[K’ token
[2.311s]    92 |   void set_head_offset_callback(const yzbot_msgs::msg::PscHeadOffset::SharedPtr msg)[01;31m[K)[m[K;
[2.311s]       |                                                                                     [01;31m[K^[m[K
[2.356s] [01m[K/home/kgh/ws2/src/yzbot_stm32connect/src/psc.cpp:[m[K In member function ‘[01m[Kvoid PSC::neck_control_by_height_callback(yzbot_msgs::msg::PscNeckControl_<std::allocator<void> >::SharedPtr)[m[K’:
[2.356s] [01m[K/home/kgh/ws2/src/yzbot_stm32connect/src/psc.cpp:89:27:[m[K [01;31m[Kerror: [m[K‘[01m[Kconst SharedPtr[m[K’ {aka ‘[01m[Kconst class std::shared_ptr<yzbot_msgs::msg::PscNeckControl_<std::allocator<void> > >[m[K’} has no member named ‘[01m[Kset_height[m[K’
[2.356s]    89 |     psc_goal_height = msg.[01;31m[Kset_height[m[K;
[2.356s]       |                           [01;31m[K^~~~~~~~~~[m[K
[2.357s] [01m[K/home/kgh/ws2/src/yzbot_stm32connect/src/psc.cpp:[m[K In member function ‘[01m[Kvoid PSC::head_control_by_angle_callback(yzbot_msgs::msg::PscHeadControl_<std::allocator<void> >::SharedPtr)[m[K’:
[2.358s] [01m[K/home/kgh/ws2/src/yzbot_stm32connect/src/psc.cpp:97:26:[m[K [01;31m[Kerror: [m[K‘[01m[Kconst SharedPtr[m[K’ {aka ‘[01m[Kconst class std::shared_ptr<yzbot_msgs::msg::PscHeadControl_<std::allocator<void> > >[m[K’} has no member named ‘[01m[Kset_level[m[K’
[2.358s]    97 |     psc_goal_level = msg.[01;31m[Kset_level[m[K;
[2.358s]       |                          [01;31m[K^~~~~~~~~[m[K
[2.358s] [01m[K/home/kgh/ws2/src/yzbot_stm32connect/src/psc.cpp:98:26:[m[K [01;31m[Kerror: [m[K‘[01m[Kconst SharedPtr[m[K’ {aka ‘[01m[Kconst class std::shared_ptr<yzbot_msgs::msg::PscHeadControl_<std::allocator<void> > >[m[K’} has no member named ‘[01m[Kset_pitch[m[K’
[2.358s]    98 |     psc_goal_pitch = msg.[01;31m[Kset_pitch[m[K;
[2.358s]       |                          [01;31m[K^~~~~~~~~[m[K
[2.359s] [01m[K/home/kgh/ws2/src/yzbot_stm32connect/src/psc.cpp:[m[K In member function ‘[01m[Kvoid PSC::neck_Control_By_Key_callback(yzbot_msgs::msg::PscKeyNeckControl_<std::allocator<void> >::SharedPtr)[m[K’:
[2.360s] [01m[K/home/kgh/ws2/src/yzbot_stm32connect/src/psc.cpp:106:42:[m[K [01;31m[Kerror: [m[K‘[01m[Kconst SharedPtr[m[K’ {aka ‘[01m[Kconst class std::shared_ptr<yzbot_msgs::msg::PscKeyNeckControl_<std::allocator<void> > >[m[K’} has no member named ‘[01m[Kpsc_neck_direction[m[K’
[2.360s]   106 |     psc_key_neck_control_direction = msg.[01;31m[Kpsc_neck_direction[m[K;
[2.360s]       |                                          [01;31m[K^~~~~~~~~~~~~~~~~~[m[K
[2.361s] [01m[K/home/kgh/ws2/src/yzbot_stm32connect/src/psc.cpp:[m[K In member function ‘[01m[Kvoid PSC::head_control_by_key_callback(yzbot_msgs::msg::PscKeyHeadControl_<std::allocator<void> >::SharedPtr)[m[K’:
[2.361s] [01m[K/home/kgh/ws2/src/yzbot_stm32connect/src/psc.cpp:112:42:[m[K [01;31m[Kerror: [m[K‘[01m[Kconst SharedPtr[m[K’ {aka ‘[01m[Kconst class std::shared_ptr<yzbot_msgs::msg::PscKeyHeadControl_<std::allocator<void> > >[m[K’} has no member named ‘[01m[Kpsc_head_direction[m[K’
[2.361s]   112 |     psc_key_head_control_direction = msg.[01;31m[Kpsc_head_direction[m[K;
[2.361s]       |                                          [01;31m[K^~~~~~~~~~~~~~~~~~[m[K
[2.363s] [01m[K/home/kgh/ws2/src/yzbot_stm32connect/src/psc.cpp:[m[K In member function ‘[01m[Kvoid PSC::set_head_offset_callback(yzbot_msgs::msg::PscHeadOffset_<std::allocator<void> >::SharedPtr)[m[K’:
[2.363s] [01m[K/home/kgh/ws2/src/yzbot_stm32connect/src/psc.cpp:118:30:[m[K [01;31m[Kerror: [m[K‘[01m[Kconst SharedPtr[m[K’ {aka ‘[01m[Kconst class std::shared_ptr<yzbot_msgs::msg::PscHeadOffset_<std::allocator<void> > >[m[K’} has no member named ‘[01m[Koffset_set_en[m[K’
[2.363s]   118 |     psc_head_offset_en = msg.[01;31m[Koffset_set_en[m[K;
[2.363s]       |                              [01;31m[K^~~~~~~~~~~~~[m[K
[2.444s] In file included from [01m[K/home/kgh/ws2/src/yzbot_stm32connect/include/stm32_connect.hpp:8[m[K,
[2.444s]                  from [01m[K/home/kgh/ws2/src/yzbot_stm32connect/src/stm32_connect.cpp:1[m[K:
[2.444s] [01m[K/home/kgh/ws2/src/yzbot_stm32connect/include/psc.hpp:88:91:[m[K [01;31m[Kerror: [m[Kexpected ‘[01m[K;[m[K’ at end of member declaration
[2.444s]    88 |   void head_control_by_angle_callback(const yzbot_msgs::msg::PscHeadControl::SharedPtr msg[01;31m[K)[m[K);
[2.444s]       |                                                                                           [01;31m[K^[m[K
[2.444s]       |                                                                                            [32m[K;[m[K
[2.444s] [01m[K/home/kgh/ws2/src/yzbot_stm32connect/include/psc.hpp:88:92:[m[K [01;31m[Kerror: [m[Kexpected unqualified-id before ‘[01m[K)[m[K’ token
[2.444s]    88 |   void head_control_by_angle_callback(const yzbot_msgs::msg::PscHeadControl::SharedPtr msg)[01;31m[K)[m[K;
[2.444s]       |                                                                                            [01;31m[K^[m[K
[2.444s] [01m[K/home/kgh/ws2/src/yzbot_stm32connect/include/psc.hpp:89:92:[m[K [01;31m[Kerror: [m[Kexpected ‘[01m[K;[m[K’ at end of member declaration
[2.445s]    89 |   void neck_control_by_height_callback(const yzbot_msgs::msg::PscNeckControl::SharedPtr msg[01;31m[K)[m[K);
[2.445s]       |                                                                                            [01;31m[K^[m[K
[2.445s]       |                                                                                             [32m[K;[m[K
[2.445s] [01m[K/home/kgh/ws2/src/yzbot_stm32connect/include/psc.hpp:89:93:[m[K [01;31m[Kerror: [m[Kexpected unqualified-id before ‘[01m[K)[m[K’ token
[2.445s]    89 |   void neck_control_by_height_callback(const yzbot_msgs::msg::PscNeckControl::SharedPtr msg)[01;31m[K)[m[K;
[2.445s]       |                                                                                             [01;31m[K^[m[K
[2.445s] [01m[K/home/kgh/ws2/src/yzbot_stm32connect/include/psc.hpp:90:92:[m[K [01;31m[Kerror: [m[Kexpected ‘[01m[K;[m[K’ at end of member declaration
[2.445s]    90 |   void neck_Control_By_Key_callback(const yzbot_msgs::msg::PscKeyNeckControl::SharedPtr msg[01;31m[K)[m[K);
[2.445s]       |                                                                                            [01;31m[K^[m[K
[2.445s]       |                                                                                             [32m[K;[m[K
[2.445s] [01m[K/home/kgh/ws2/src/yzbot_stm32connect/include/psc.hpp:90:93:[m[K [01;31m[Kerror: [m[Kexpected unqualified-id before ‘[01m[K)[m[K’ token
[2.445s]    90 |   void neck_Control_By_Key_callback(const yzbot_msgs::msg::PscKeyNeckControl::SharedPtr msg)[01;31m[K)[m[K;
[2.446s]       |                                                                                             [01;31m[K^[m[K
[2.446s] [01m[K/home/kgh/ws2/src/yzbot_stm32connect/include/psc.hpp:91:92:[m[K [01;31m[Kerror: [m[Kexpected ‘[01m[K;[m[K’ at end of member declaration
[2.446s]    91 |   void head_control_by_key_callback(const yzbot_msgs::msg::PscKeyHeadControl::SharedPtr msg[01;31m[K)[m[K);
[2.446s]       |                                                                                            [01;31m[K^[m[K
[2.446s]       |                                                                                             [32m[K;[m[K
[2.446s] [01m[K/home/kgh/ws2/src/yzbot_stm32connect/include/psc.hpp:91:93:[m[K [01;31m[Kerror: [m[Kexpected unqualified-id before ‘[01m[K)[m[K’ token
[2.446s]    91 |   void head_control_by_key_callback(const yzbot_msgs::msg::PscKeyHeadControl::SharedPtr msg)[01;31m[K)[m[K;
[2.446s]       |                                                                                             [01;31m[K^[m[K
[2.446s] [01m[K/home/kgh/ws2/src/yzbot_stm32connect/include/psc.hpp:92:84:[m[K [01;31m[Kerror: [m[Kexpected ‘[01m[K;[m[K’ at end of member declaration
[2.446s]    92 |   void set_head_offset_callback(const yzbot_msgs::msg::PscHeadOffset::SharedPtr msg[01;31m[K)[m[K);
[2.446s]       |                                                                                    [01;31m[K^[m[K
[2.447s]       |                                                                                     [32m[K;[m[K
[2.447s] [01m[K/home/kgh/ws2/src/yzbot_stm32connect/include/psc.hpp:92:85:[m[K [01;31m[Kerror: [m[Kexpected unqualified-id before ‘[01m[K)[m[K’ token
[2.447s]    92 |   void set_head_offset_callback(const yzbot_msgs::msg::PscHeadOffset::SharedPtr msg)[01;31m[K)[m[K;
[2.447s]       |                                                                                     [01;31m[K^[m[K
[3.764s] make[2]: *** [CMakeFiles/stm32_connect.dir/build.make:115：CMakeFiles/stm32_connect.dir/src/psc.cpp.o] 错误 1
[3.765s] make[2]: *** 正在等待未完成的任务....
[6.404s] make[2]: *** [CMakeFiles/stm32_connect.dir/build.make:63：CMakeFiles/stm32_connect.dir/src/stm32_connect.cpp.o] 错误 1
[6.404s] make[1]: *** [CMakeFiles/Makefile2:80：CMakeFiles/stm32_connect.dir/all] 错误 2
[6.405s] make: *** [Makefile:141：all] 错误 2
[6.409s] Invoked command in '/home/kgh/ws2/build/yzbot_stm32connect' returned '2': CMAKE_PREFIX_PATH=/home/kgh/ws2/install/yzbot_msgs:/home/kgh/ws2/install/yzbot_stm32connect:/home/kgh/ws2/install/yzbot_nav2:/home/kgh/ws2/install/yzbot_cartographer:/home/kgh/ws2/install/nav2_system_tests:/home/kgh/ws2/install/nav2_bringup:/home/kgh/ws2/install/navigation2:/home/kgh/ws2/install/smac_planner:/home/kgh/ws2/install/nav2_dwb_controller:/home/kgh/ws2/install/nav2_controller:/home/kgh/ws2/install/dwb_plugins:/home/kgh/ws2/install/dwb_critics:/home/kgh/ws2/install/dwb_core:/home/kgh/ws2/install/nav_2d_utils:/home/kgh/ws2/install/dwb_msgs:/home/kgh/ws2/install/nav_2d_msgs:/home/kgh/ws2/install/nav2_waypoint_follower:/home/kgh/ws2/install/nav2_regulated_pure_pursuit_controller:/home/kgh/ws2/install/nav2_recoveries:/home/kgh/ws2/install/nav2_planner:/home/kgh/ws2/install/nav2_navfn_planner:/home/kgh/ws2/install/nav2_core:/home/kgh/ws2/install/costmap_queue:/home/kgh/ws2/install/nav2_costmap_2d:/home/kgh/ws2/install/nav2_voxel_grid:/home/kgh/ws2/install/nav2_rviz_plugins:/home/kgh/ws2/install/nav2_map_server:/home/kgh/ws2/install/nav2_lifecycle_manager:/home/kgh/ws2/install/nav2_bt_navigator:/home/kgh/ws2/install/nav2_behavior_tree:/home/kgh/ws2/install/nav2_amcl:/home/kgh/ws2/install/nav2_util:/home/kgh/ws2/install/nav2_msgs:/home/kgh/ws2/install/nav2_common:/home/kgh/ws2/install/bluesea2:/home/kgh/ws2/install/yzbot_description:/home/kgh/ws2/install/yzbot_controller:/home/kgh/ws2/install/nav2_gazebo_spawner:/opt/ros/foxy /usr/bin/cmake --build /home/kgh/ws2/build/yzbot_stm32connect -- -j16 -l16
