[0.102s] Invoking command in '/home/kgh/ws2/build/yzbot_msgs': CMAKE_PREFIX_PATH=${CMAKE_PREFIX_PATH}:/home/kgh/ws2/install/yzbot_description:/home/kgh/ws2/install/yzbot_controller:/home/kgh/ws2/install/nav2_gazebo_spawner:/opt/ros/foxy /usr/bin/cmake --build /home/kgh/ws2/build/yzbot_msgs -- -j16 -l16
[0.134s] -- Found ament_cmake: 0.9.12 (/opt/ros/foxy/share/ament_cmake/cmake)
[0.155s] -- Using PYTHON_EXECUTABLE: /usr/bin/python3
[0.289s] -- Found rosidl_default_generators: 1.0.1 (/opt/ros/foxy/share/rosidl_default_generators/cmake)
[0.295s] -- Using all available rosidl_typesupport_c: rosidl_typesupport_fastrtps_c;rosidl_typesupport_introspection_c
[0.297s] -- Found rosidl_adapter: 1.3.1 (/opt/ros/foxy/share/rosidl_adapter/cmake)
[0.408s] -- Using all available rosidl_typesupport_cpp: rosidl_typesupport_fastrtps_cpp;rosidl_typesupport_introspection_cpp
[0.424s] -- Found ament_lint_auto: 0.9.8 (/opt/ros/foxy/share/ament_lint_auto/cmake)
[0.499s] -- Found PythonInterp: /usr/bin/python3 (found version "3.8.10") 
[0.558s] -- Found ament_cmake_ros: 0.9.2 (/opt/ros/foxy/share/ament_cmake_ros/cmake)
[0.645s] -- Using all available rosidl_typesupport_c: rosidl_typesupport_fastrtps_c;rosidl_typesupport_introspection_c
[0.653s] -- Using all available rosidl_typesupport_cpp: rosidl_typesupport_fastrtps_cpp;rosidl_typesupport_introspection_cpp
[0.679s] -- Found PythonInterp: /usr/bin/python3 (found suitable version "3.8.10", minimum required is "3.5") 
[0.679s] -- Found python_cmake_module: 0.8.1 (/opt/ros/foxy/share/python_cmake_module/cmake)
[0.701s] -- Using PYTHON_EXECUTABLE: /usr/bin/python3
[0.701s] -- Using PYTHON_INCLUDE_DIRS: /usr/include/python3.8
[0.701s] -- Using PYTHON_LIBRARIES: /usr/lib/x86_64-linux-gnu/libpython3.8.so
[0.726s] -- Added test 'copyright' to check source files copyright and LICENSE
[0.727s] -- Added test 'lint_cmake' to check CMake code style
[0.727s] -- Added test 'xmllint' to check XML markup files
[0.732s] -- Configuring done
[0.765s] -- Generating done
[0.767s] -- Build files have been written to: /home/kgh/ws2/build/yzbot_msgs
[0.799s] [  1%] [34m[1mGenerating C code for ROS interfaces[0m
[0.799s] [35m[1mScanning dependencies of target yzbot_msgs__cpp[0m
[0.810s] [  3%] [34m[1mGenerating C++ code for ROS interfaces[0m
[1.055s] [  3%] Built target yzbot_msgs__cpp
[1.070s] [  5%] [34m[1mGenerating C++ type support dispatch for ROS interfaces[0m
[1.070s] [  7%] [34m[1mGenerating C++ type support for eProsima Fast-RTPS[0m
[1.070s] [  9%] [34m[1mGenerating C++ introspection for ROS interfaces[0m
[1.080s] [35m[1mScanning dependencies of target yzbot_msgs__rosidl_generator_c[0m
[1.093s] [ 14%] [32mBuilding C object CMakeFiles/yzbot_msgs__rosidl_generator_c.dir/rosidl_generator_c/yzbot_msgs/msg/detail/fmq_set__functions.c.o[0m
[1.093s] [ 14%] [32mBuilding C object CMakeFiles/yzbot_msgs__rosidl_generator_c.dir/rosidl_generator_c/yzbot_msgs/msg/detail/charge_ctrl__functions.c.o[0m
[1.093s] [ 14%] [32mBuilding C object CMakeFiles/yzbot_msgs__rosidl_generator_c.dir/rosidl_generator_c/yzbot_msgs/msg/detail/robot_pose__functions.c.o[0m
[1.094s] [ 16%] [32mBuilding C object CMakeFiles/yzbot_msgs__rosidl_generator_c.dir/rosidl_generator_c/yzbot_msgs/msg/detail/pms_status__functions.c.o[0m
[1.136s] [ 18%] [32m[1mLinking C shared library libyzbot_msgs__rosidl_generator_c.so[0m
[1.169s] [ 18%] Built target yzbot_msgs__rosidl_generator_c
[1.179s] [ 21%] [34m[1mGenerating C introspection for ROS interfaces[0m
[1.179s] [ 21%] [34m[1mGenerating C type support dispatch for ROS interfaces[0m
[1.268s] [35m[1mScanning dependencies of target yzbot_msgs__rosidl_typesupport_cpp[0m
[1.283s] [ 25%] [32mBuilding CXX object CMakeFiles/yzbot_msgs__rosidl_typesupport_cpp.dir/rosidl_typesupport_cpp/yzbot_msgs/msg/charge_ctrl__type_support.cpp.o[0m
[1.283s] [ 25%] [32mBuilding CXX object CMakeFiles/yzbot_msgs__rosidl_typesupport_cpp.dir/rosidl_typesupport_cpp/yzbot_msgs/msg/robot_pose__type_support.cpp.o[0m
[1.284s] [ 27%] [32mBuilding CXX object CMakeFiles/yzbot_msgs__rosidl_typesupport_cpp.dir/rosidl_typesupport_cpp/yzbot_msgs/msg/pms_status__type_support.cpp.o[0m
[1.285s] [ 29%] [32mBuilding CXX object CMakeFiles/yzbot_msgs__rosidl_typesupport_cpp.dir/rosidl_typesupport_cpp/yzbot_msgs/msg/fmq_set__type_support.cpp.o[0m
[1.301s] [35m[1mScanning dependencies of target yzbot_msgs__rosidl_typesupport_introspection_cpp[0m
[1.317s] [ 30%] [32mBuilding CXX object CMakeFiles/yzbot_msgs__rosidl_typesupport_introspection_cpp.dir/rosidl_typesupport_introspection_cpp/yzbot_msgs/msg/detail/fmq_set__type_support.cpp.o[0m
[1.318s] [ 32%] [32mBuilding CXX object CMakeFiles/yzbot_msgs__rosidl_typesupport_introspection_cpp.dir/rosidl_typesupport_introspection_cpp/yzbot_msgs/msg/detail/pms_status__type_support.cpp.o[0m
[1.319s] [ 36%] [32mBuilding CXX object CMakeFiles/yzbot_msgs__rosidl_typesupport_introspection_cpp.dir/rosidl_typesupport_introspection_cpp/yzbot_msgs/msg/detail/robot_pose__type_support.cpp.o[0m
[1.320s] [ 36%] [32mBuilding CXX object CMakeFiles/yzbot_msgs__rosidl_typesupport_introspection_cpp.dir/rosidl_typesupport_introspection_cpp/yzbot_msgs/msg/detail/charge_ctrl__type_support.cpp.o[0m
[1.348s] [35m[1mScanning dependencies of target yzbot_msgs__rosidl_typesupport_fastrtps_cpp[0m
[1.372s] [ 40%] [32mBuilding CXX object CMakeFiles/yzbot_msgs__rosidl_typesupport_fastrtps_cpp.dir/rosidl_typesupport_fastrtps_cpp/yzbot_msgs/msg/detail/dds_fastrtps/robot_pose__type_support.cpp.o[0m
[1.372s] [ 40%] [32mBuilding CXX object CMakeFiles/yzbot_msgs__rosidl_typesupport_fastrtps_cpp.dir/rosidl_typesupport_fastrtps_cpp/yzbot_msgs/msg/detail/dds_fastrtps/charge_ctrl__type_support.cpp.o[0m
[1.372s] [ 41%] [32mBuilding CXX object CMakeFiles/yzbot_msgs__rosidl_typesupport_fastrtps_cpp.dir/rosidl_typesupport_fastrtps_cpp/yzbot_msgs/msg/detail/dds_fastrtps/fmq_set__type_support.cpp.o[0m
[1.379s] [ 43%] [32mBuilding CXX object CMakeFiles/yzbot_msgs__rosidl_typesupport_fastrtps_cpp.dir/rosidl_typesupport_fastrtps_cpp/yzbot_msgs/msg/detail/dds_fastrtps/pms_status__type_support.cpp.o[0m
[1.438s] [35m[1mScanning dependencies of target yzbot_msgs__rosidl_typesupport_c[0m
[1.461s] [ 45%] [32mBuilding CXX object CMakeFiles/yzbot_msgs__rosidl_typesupport_c.dir/rosidl_typesupport_c/yzbot_msgs/msg/robot_pose__type_support.cpp.o[0m
[1.471s] [ 47%] [32mBuilding CXX object CMakeFiles/yzbot_msgs__rosidl_typesupport_c.dir/rosidl_typesupport_c/yzbot_msgs/msg/charge_ctrl__type_support.cpp.o[0m
[1.472s] [ 49%] [32mBuilding CXX object CMakeFiles/yzbot_msgs__rosidl_typesupport_c.dir/rosidl_typesupport_c/yzbot_msgs/msg/fmq_set__type_support.cpp.o[0m
[1.512s] [ 50%] [32mBuilding CXX object CMakeFiles/yzbot_msgs__rosidl_typesupport_c.dir/rosidl_typesupport_c/yzbot_msgs/msg/pms_status__type_support.cpp.o[0m
[1.574s] [ 52%] [32m[1mLinking CXX shared library libyzbot_msgs__rosidl_typesupport_c.so[0m
[1.608s] [35m[1mScanning dependencies of target yzbot_msgs__rosidl_typesupport_introspection_c[0m
[1.637s] [ 54%] [32mBuilding C object CMakeFiles/yzbot_msgs__rosidl_typesupport_introspection_c.dir/rosidl_typesupport_introspection_c/yzbot_msgs/msg/detail/robot_pose__type_support.c.o[0m
[1.649s] [ 54%] Built target yzbot_msgs__rosidl_typesupport_c
[1.657s] [ 56%] [32mBuilding C object CMakeFiles/yzbot_msgs__rosidl_typesupport_introspection_c.dir/rosidl_typesupport_introspection_c/yzbot_msgs/msg/detail/fmq_set__type_support.c.o[0m
[1.668s] [ 58%] [32mBuilding C object CMakeFiles/yzbot_msgs__rosidl_typesupport_introspection_c.dir/rosidl_typesupport_introspection_c/yzbot_msgs/msg/detail/pms_status__type_support.c.o[0m
[1.671s] [ 60%] [32mBuilding C object CMakeFiles/yzbot_msgs__rosidl_typesupport_introspection_c.dir/rosidl_typesupport_introspection_c/yzbot_msgs/msg/detail/charge_ctrl__type_support.c.o[0m
[1.713s] [ 61%] [32m[1mLinking C shared library libyzbot_msgs__rosidl_typesupport_introspection_c.so[0m
[1.713s] [ 63%] [32m[1mLinking CXX shared library libyzbot_msgs__rosidl_typesupport_cpp.so[0m
[1.746s] [ 63%] Built target yzbot_msgs__rosidl_typesupport_introspection_c
[1.750s] [ 65%] [32m[1mLinking CXX shared library libyzbot_msgs__rosidl_typesupport_introspection_cpp.so[0m
[1.754s] [ 65%] Built target yzbot_msgs__rosidl_typesupport_cpp
[1.792s] [ 65%] Built target yzbot_msgs__rosidl_typesupport_introspection_cpp
[1.886s] [ 67%] [32m[1mLinking CXX shared library libyzbot_msgs__rosidl_typesupport_fastrtps_cpp.so[0m
[1.954s] [ 67%] Built target yzbot_msgs__rosidl_typesupport_fastrtps_cpp
[1.964s] [ 69%] [34m[1mGenerating C type support for eProsima Fast-RTPS[0m
[2.185s] [35m[1mScanning dependencies of target yzbot_msgs__rosidl_typesupport_fastrtps_c[0m
[2.198s] [ 76%] [32mBuilding CXX object CMakeFiles/yzbot_msgs__rosidl_typesupport_fastrtps_c.dir/rosidl_typesupport_fastrtps_c/yzbot_msgs/msg/detail/fmq_set__type_support_c.cpp.o[0m
[2.198s] [ 76%] [32mBuilding CXX object CMakeFiles/yzbot_msgs__rosidl_typesupport_fastrtps_c.dir/rosidl_typesupport_fastrtps_c/yzbot_msgs/msg/detail/charge_ctrl__type_support_c.cpp.o[0m
[2.198s] [ 76%] [32mBuilding CXX object CMakeFiles/yzbot_msgs__rosidl_typesupport_fastrtps_c.dir/rosidl_typesupport_fastrtps_c/yzbot_msgs/msg/detail/pms_status__type_support_c.cpp.o[0m
[2.199s] [ 76%] [32mBuilding CXX object CMakeFiles/yzbot_msgs__rosidl_typesupport_fastrtps_c.dir/rosidl_typesupport_fastrtps_c/yzbot_msgs/msg/detail/robot_pose__type_support_c.cpp.o[0m
[2.473s] [ 78%] [32m[1mLinking CXX shared library libyzbot_msgs__rosidl_typesupport_fastrtps_c.so[0m
[2.539s] [ 78%] Built target yzbot_msgs__rosidl_typesupport_fastrtps_c
[2.558s] [ 78%] Built target yzbot_msgs
[2.569s] [35m[1mScanning dependencies of target yzbot_msgs__py[0m
[2.579s] [ 80%] [34m[1mGenerating Python code for ROS interfaces[0m
[2.998s] [ 80%] Built target yzbot_msgs__py
[3.010s] [35m[1mScanning dependencies of target yzbot_msgs__python[0m
[3.029s] [ 85%] [32mBuilding C object CMakeFiles/yzbot_msgs__python.dir/rosidl_generator_py/yzbot_msgs/msg/_pms_status_s.c.o[0m
[3.029s] [ 85%] [32mBuilding C object CMakeFiles/yzbot_msgs__python.dir/rosidl_generator_py/yzbot_msgs/msg/_robot_pose_s.c.o[0m
[3.029s] [ 85%] [32mBuilding C object CMakeFiles/yzbot_msgs__python.dir/rosidl_generator_py/yzbot_msgs/msg/_fmq_set_s.c.o[0m
[3.029s] [ 87%] [32mBuilding C object CMakeFiles/yzbot_msgs__python.dir/rosidl_generator_py/yzbot_msgs/msg/_charge_ctrl_s.c.o[0m
[3.106s] [ 89%] [32m[1mLinking C shared library rosidl_generator_py/yzbot_msgs/libyzbot_msgs__python.so[0m
[3.145s] [ 89%] Built target yzbot_msgs__python
[3.156s] [35m[1mScanning dependencies of target yzbot_msgs__rosidl_typesupport_introspection_c__pyext[0m
[3.157s] [35m[1mScanning dependencies of target yzbot_msgs__rosidl_typesupport_fastrtps_c__pyext[0m
[3.157s] [35m[1mScanning dependencies of target yzbot_msgs__rosidl_typesupport_c__pyext[0m
[3.170s] [ 90%] [32mBuilding C object CMakeFiles/yzbot_msgs__rosidl_typesupport_introspection_c__pyext.dir/rosidl_generator_py/yzbot_msgs/_yzbot_msgs_s.ep.rosidl_typesupport_introspection_c.c.o[0m
[3.170s] [ 92%] [32mBuilding C object CMakeFiles/yzbot_msgs__rosidl_typesupport_fastrtps_c__pyext.dir/rosidl_generator_py/yzbot_msgs/_yzbot_msgs_s.ep.rosidl_typesupport_fastrtps_c.c.o[0m
[3.173s] [ 94%] [32mBuilding C object CMakeFiles/yzbot_msgs__rosidl_typesupport_c__pyext.dir/rosidl_generator_py/yzbot_msgs/_yzbot_msgs_s.ep.rosidl_typesupport_c.c.o[0m
[3.243s] [ 98%] [32m[1mLinking C shared library rosidl_generator_py/yzbot_msgs/yzbot_msgs_s__rosidl_typesupport_c.cpython-38-x86_64-linux-gnu.so[0m
[3.243s] [ 98%] [32m[1mLinking C shared library rosidl_generator_py/yzbot_msgs/yzbot_msgs_s__rosidl_typesupport_introspection_c.cpython-38-x86_64-linux-gnu.so[0m
[3.243s] [100%] [32m[1mLinking CXX shared library rosidl_generator_py/yzbot_msgs/yzbot_msgs_s__rosidl_typesupport_fastrtps_c.cpython-38-x86_64-linux-gnu.so[0m
[3.275s] [100%] Built target yzbot_msgs__rosidl_typesupport_c__pyext
[3.275s] [100%] Built target yzbot_msgs__rosidl_typesupport_introspection_c__pyext
[3.297s] [100%] Built target yzbot_msgs__rosidl_typesupport_fastrtps_c__pyext
[3.309s] Invoked command in '/home/kgh/ws2/build/yzbot_msgs' returned '0': CMAKE_PREFIX_PATH=${CMAKE_PREFIX_PATH}:/home/kgh/ws2/install/yzbot_description:/home/kgh/ws2/install/yzbot_controller:/home/kgh/ws2/install/nav2_gazebo_spawner:/opt/ros/foxy /usr/bin/cmake --build /home/kgh/ws2/build/yzbot_msgs -- -j16 -l16
[3.409s] Invoking command in '/home/kgh/ws2/build/yzbot_msgs': CMAKE_PREFIX_PATH=${CMAKE_PREFIX_PATH}:/home/kgh/ws2/install/yzbot_description:/home/kgh/ws2/install/yzbot_controller:/home/kgh/ws2/install/nav2_gazebo_spawner:/opt/ros/foxy /usr/bin/cmake --install /home/kgh/ws2/build/yzbot_msgs
[3.416s] -- Install configuration: ""
[3.417s] -- Installing: /home/kgh/ws2/install/yzbot_msgs/share/ament_index/resource_index/rosidl_interfaces/yzbot_msgs
[3.417s] -- Up-to-date: /home/kgh/ws2/install/yzbot_msgs/include/yzbot_msgs
[3.417s] -- Up-to-date: /home/kgh/ws2/install/yzbot_msgs/include/yzbot_msgs/msg
[3.417s] -- Installing: /home/kgh/ws2/install/yzbot_msgs/include/yzbot_msgs/msg/fmq_set.h
[3.417s] -- Up-to-date: /home/kgh/ws2/install/yzbot_msgs/include/yzbot_msgs/msg/rosidl_generator_c__visibility_control.h
[3.417s] -- Installing: /home/kgh/ws2/install/yzbot_msgs/include/yzbot_msgs/msg/robot_pose.h
[3.417s] -- Installing: /home/kgh/ws2/install/yzbot_msgs/include/yzbot_msgs/msg/pms_status.h
[3.417s] -- Up-to-date: /home/kgh/ws2/install/yzbot_msgs/include/yzbot_msgs/msg/detail
[3.417s] -- Installing: /home/kgh/ws2/install/yzbot_msgs/include/yzbot_msgs/msg/detail/charge_ctrl__type_support.h
[3.417s] -- Installing: /home/kgh/ws2/install/yzbot_msgs/include/yzbot_msgs/msg/detail/charge_ctrl__functions.h
[3.418s] -- Installing: /home/kgh/ws2/install/yzbot_msgs/include/yzbot_msgs/msg/detail/fmq_set__struct.h
[3.418s] -- Installing: /home/kgh/ws2/install/yzbot_msgs/include/yzbot_msgs/msg/detail/pms_status__struct.h
[3.418s] -- Installing: /home/kgh/ws2/install/yzbot_msgs/include/yzbot_msgs/msg/detail/fmq_set__functions.h
[3.418s] -- Installing: /home/kgh/ws2/install/yzbot_msgs/include/yzbot_msgs/msg/detail/robot_pose__functions.c
[3.418s] -- Installing: /home/kgh/ws2/install/yzbot_msgs/include/yzbot_msgs/msg/detail/fmq_set__functions.c
[3.418s] -- Installing: /home/kgh/ws2/install/yzbot_msgs/include/yzbot_msgs/msg/detail/charge_ctrl__functions.c
[3.418s] -- Installing: /home/kgh/ws2/install/yzbot_msgs/include/yzbot_msgs/msg/detail/charge_ctrl__struct.h
[3.418s] -- Installing: /home/kgh/ws2/install/yzbot_msgs/include/yzbot_msgs/msg/detail/pms_status__functions.h
[3.418s] -- Installing: /home/kgh/ws2/install/yzbot_msgs/include/yzbot_msgs/msg/detail/robot_pose__struct.h
[3.418s] -- Installing: /home/kgh/ws2/install/yzbot_msgs/include/yzbot_msgs/msg/detail/robot_pose__type_support.h
[3.419s] -- Installing: /home/kgh/ws2/install/yzbot_msgs/include/yzbot_msgs/msg/detail/pms_status__functions.c
[3.419s] -- Installing: /home/kgh/ws2/install/yzbot_msgs/include/yzbot_msgs/msg/detail/robot_pose__functions.h
[3.419s] -- Installing: /home/kgh/ws2/install/yzbot_msgs/include/yzbot_msgs/msg/detail/pms_status__type_support.h
[3.419s] -- Installing: /home/kgh/ws2/install/yzbot_msgs/include/yzbot_msgs/msg/detail/fmq_set__type_support.h
[3.419s] -- Installing: /home/kgh/ws2/install/yzbot_msgs/include/yzbot_msgs/msg/charge_ctrl.h
[3.419s] -- Up-to-date: /home/kgh/ws2/install/yzbot_msgs/share/yzbot_msgs/environment/library_path.sh
[3.419s] -- Installing: /home/kgh/ws2/install/yzbot_msgs/share/yzbot_msgs/environment/library_path.dsv
[3.419s] -- Installing: /home/kgh/ws2/install/yzbot_msgs/lib/libyzbot_msgs__rosidl_generator_c.so
[3.419s] -- Set runtime path of "/home/kgh/ws2/install/yzbot_msgs/lib/libyzbot_msgs__rosidl_generator_c.so" to ""
[3.419s] -- Up-to-date: /home/kgh/ws2/install/yzbot_msgs/include/yzbot_msgs
[3.419s] -- Up-to-date: /home/kgh/ws2/install/yzbot_msgs/include/yzbot_msgs/msg
[3.420s] -- Up-to-date: /home/kgh/ws2/install/yzbot_msgs/include/yzbot_msgs/msg/rosidl_typesupport_fastrtps_c__visibility_control.h
[3.420s] -- Up-to-date: /home/kgh/ws2/install/yzbot_msgs/include/yzbot_msgs/msg/detail
[3.420s] -- Installing: /home/kgh/ws2/install/yzbot_msgs/include/yzbot_msgs/msg/detail/fmq_set__rosidl_typesupport_fastrtps_c.h
[3.420s] -- Installing: /home/kgh/ws2/install/yzbot_msgs/include/yzbot_msgs/msg/detail/charge_ctrl__rosidl_typesupport_fastrtps_c.h
[3.420s] -- Installing: /home/kgh/ws2/install/yzbot_msgs/include/yzbot_msgs/msg/detail/robot_pose__rosidl_typesupport_fastrtps_c.h
[3.420s] -- Installing: /home/kgh/ws2/install/yzbot_msgs/include/yzbot_msgs/msg/detail/pms_status__rosidl_typesupport_fastrtps_c.h
[3.420s] -- Installing: /home/kgh/ws2/install/yzbot_msgs/lib/libyzbot_msgs__rosidl_typesupport_fastrtps_c.so
[3.420s] -- Set runtime path of "/home/kgh/ws2/install/yzbot_msgs/lib/libyzbot_msgs__rosidl_typesupport_fastrtps_c.so" to ""
[3.420s] -- Up-to-date: /home/kgh/ws2/install/yzbot_msgs/include/yzbot_msgs
[3.420s] -- Up-to-date: /home/kgh/ws2/install/yzbot_msgs/include/yzbot_msgs/msg
[3.420s] -- Up-to-date: /home/kgh/ws2/install/yzbot_msgs/include/yzbot_msgs/msg/rosidl_typesupport_fastrtps_cpp__visibility_control.h
[3.420s] -- Up-to-date: /home/kgh/ws2/install/yzbot_msgs/include/yzbot_msgs/msg/detail
[3.420s] -- Installing: /home/kgh/ws2/install/yzbot_msgs/include/yzbot_msgs/msg/detail/pms_status__rosidl_typesupport_fastrtps_cpp.hpp
[3.421s] -- Installing: /home/kgh/ws2/install/yzbot_msgs/include/yzbot_msgs/msg/detail/robot_pose__rosidl_typesupport_fastrtps_cpp.hpp
[3.421s] -- Installing: /home/kgh/ws2/install/yzbot_msgs/include/yzbot_msgs/msg/detail/fmq_set__rosidl_typesupport_fastrtps_cpp.hpp
[3.421s] -- Up-to-date: /home/kgh/ws2/install/yzbot_msgs/include/yzbot_msgs/msg/detail/dds_fastrtps
[3.421s] -- Installing: /home/kgh/ws2/install/yzbot_msgs/include/yzbot_msgs/msg/detail/charge_ctrl__rosidl_typesupport_fastrtps_cpp.hpp
[3.421s] -- Installing: /home/kgh/ws2/install/yzbot_msgs/lib/libyzbot_msgs__rosidl_typesupport_fastrtps_cpp.so
[3.421s] -- Set runtime path of "/home/kgh/ws2/install/yzbot_msgs/lib/libyzbot_msgs__rosidl_typesupport_fastrtps_cpp.so" to ""
[3.421s] -- Up-to-date: /home/kgh/ws2/install/yzbot_msgs/include/yzbot_msgs
[3.421s] -- Up-to-date: /home/kgh/ws2/install/yzbot_msgs/include/yzbot_msgs/msg
[3.421s] -- Up-to-date: /home/kgh/ws2/install/yzbot_msgs/include/yzbot_msgs/msg/rosidl_typesupport_introspection_c__visibility_control.h
[3.421s] -- Up-to-date: /home/kgh/ws2/install/yzbot_msgs/include/yzbot_msgs/msg/detail
[3.421s] -- Installing: /home/kgh/ws2/install/yzbot_msgs/include/yzbot_msgs/msg/detail/pms_status__rosidl_typesupport_introspection_c.h
[3.421s] -- Installing: /home/kgh/ws2/install/yzbot_msgs/include/yzbot_msgs/msg/detail/fmq_set__type_support.c
[3.421s] -- Installing: /home/kgh/ws2/install/yzbot_msgs/include/yzbot_msgs/msg/detail/robot_pose__type_support.c
[3.421s] -- Installing: /home/kgh/ws2/install/yzbot_msgs/include/yzbot_msgs/msg/detail/fmq_set__rosidl_typesupport_introspection_c.h
[3.422s] -- Installing: /home/kgh/ws2/install/yzbot_msgs/include/yzbot_msgs/msg/detail/robot_pose__rosidl_typesupport_introspection_c.h
[3.422s] -- Installing: /home/kgh/ws2/install/yzbot_msgs/include/yzbot_msgs/msg/detail/pms_status__type_support.c
[3.422s] -- Installing: /home/kgh/ws2/install/yzbot_msgs/include/yzbot_msgs/msg/detail/charge_ctrl__rosidl_typesupport_introspection_c.h
[3.422s] -- Installing: /home/kgh/ws2/install/yzbot_msgs/include/yzbot_msgs/msg/detail/charge_ctrl__type_support.c
[3.422s] -- Installing: /home/kgh/ws2/install/yzbot_msgs/lib/libyzbot_msgs__rosidl_typesupport_introspection_c.so
[3.422s] -- Set runtime path of "/home/kgh/ws2/install/yzbot_msgs/lib/libyzbot_msgs__rosidl_typesupport_introspection_c.so" to ""
[3.422s] -- Installing: /home/kgh/ws2/install/yzbot_msgs/lib/libyzbot_msgs__rosidl_typesupport_c.so
[3.422s] -- Set runtime path of "/home/kgh/ws2/install/yzbot_msgs/lib/libyzbot_msgs__rosidl_typesupport_c.so" to ""
[3.422s] -- Up-to-date: /home/kgh/ws2/install/yzbot_msgs/include/yzbot_msgs
[3.422s] -- Up-to-date: /home/kgh/ws2/install/yzbot_msgs/include/yzbot_msgs/msg
[3.422s] -- Up-to-date: /home/kgh/ws2/install/yzbot_msgs/include/yzbot_msgs/msg/rosidl_generator_cpp__visibility_control.hpp
[3.422s] -- Installing: /home/kgh/ws2/install/yzbot_msgs/include/yzbot_msgs/msg/robot_pose.hpp
[3.422s] -- Installing: /home/kgh/ws2/install/yzbot_msgs/include/yzbot_msgs/msg/pms_status.hpp
[3.422s] -- Installing: /home/kgh/ws2/install/yzbot_msgs/include/yzbot_msgs/msg/fmq_set.hpp
[3.423s] -- Up-to-date: /home/kgh/ws2/install/yzbot_msgs/include/yzbot_msgs/msg/detail
[3.423s] -- Installing: /home/kgh/ws2/install/yzbot_msgs/include/yzbot_msgs/msg/detail/robot_pose__traits.hpp
[3.423s] -- Installing: /home/kgh/ws2/install/yzbot_msgs/include/yzbot_msgs/msg/detail/fmq_set__builder.hpp
[3.423s] -- Installing: /home/kgh/ws2/install/yzbot_msgs/include/yzbot_msgs/msg/detail/fmq_set__type_support.hpp
[3.423s] -- Installing: /home/kgh/ws2/install/yzbot_msgs/include/yzbot_msgs/msg/detail/charge_ctrl__struct.hpp
[3.423s] -- Installing: /home/kgh/ws2/install/yzbot_msgs/include/yzbot_msgs/msg/detail/pms_status__type_support.hpp
[3.423s] -- Installing: /home/kgh/ws2/install/yzbot_msgs/include/yzbot_msgs/msg/detail/pms_status__struct.hpp
[3.423s] -- Installing: /home/kgh/ws2/install/yzbot_msgs/include/yzbot_msgs/msg/detail/fmq_set__struct.hpp
[3.423s] -- Installing: /home/kgh/ws2/install/yzbot_msgs/include/yzbot_msgs/msg/detail/charge_ctrl__type_support.hpp
[3.423s] -- Installing: /home/kgh/ws2/install/yzbot_msgs/include/yzbot_msgs/msg/detail/fmq_set__traits.hpp
[3.423s] -- Installing: /home/kgh/ws2/install/yzbot_msgs/include/yzbot_msgs/msg/detail/pms_status__builder.hpp
[3.423s] -- Installing: /home/kgh/ws2/install/yzbot_msgs/include/yzbot_msgs/msg/detail/robot_pose__type_support.hpp
[3.423s] -- Installing: /home/kgh/ws2/install/yzbot_msgs/include/yzbot_msgs/msg/detail/pms_status__traits.hpp
[3.423s] -- Installing: /home/kgh/ws2/install/yzbot_msgs/include/yzbot_msgs/msg/detail/robot_pose__builder.hpp
[3.424s] -- Installing: /home/kgh/ws2/install/yzbot_msgs/include/yzbot_msgs/msg/detail/charge_ctrl__traits.hpp
[3.424s] -- Installing: /home/kgh/ws2/install/yzbot_msgs/include/yzbot_msgs/msg/detail/charge_ctrl__builder.hpp
[3.424s] -- Installing: /home/kgh/ws2/install/yzbot_msgs/include/yzbot_msgs/msg/detail/robot_pose__struct.hpp
[3.424s] -- Installing: /home/kgh/ws2/install/yzbot_msgs/include/yzbot_msgs/msg/charge_ctrl.hpp
[3.424s] -- Up-to-date: /home/kgh/ws2/install/yzbot_msgs/include/yzbot_msgs
[3.424s] -- Up-to-date: /home/kgh/ws2/install/yzbot_msgs/include/yzbot_msgs/msg
[3.424s] -- Up-to-date: /home/kgh/ws2/install/yzbot_msgs/include/yzbot_msgs/msg/detail
[3.424s] -- Installing: /home/kgh/ws2/install/yzbot_msgs/include/yzbot_msgs/msg/detail/fmq_set__rosidl_typesupport_introspection_cpp.hpp
[3.424s] -- Installing: /home/kgh/ws2/install/yzbot_msgs/include/yzbot_msgs/msg/detail/pms_status__type_support.cpp
[3.424s] -- Installing: /home/kgh/ws2/install/yzbot_msgs/include/yzbot_msgs/msg/detail/pms_status__rosidl_typesupport_introspection_cpp.hpp
[3.424s] -- Installing: /home/kgh/ws2/install/yzbot_msgs/include/yzbot_msgs/msg/detail/charge_ctrl__type_support.cpp
[3.424s] -- Installing: /home/kgh/ws2/install/yzbot_msgs/include/yzbot_msgs/msg/detail/robot_pose__type_support.cpp
[3.425s] -- Installing: /home/kgh/ws2/install/yzbot_msgs/include/yzbot_msgs/msg/detail/charge_ctrl__rosidl_typesupport_introspection_cpp.hpp
[3.425s] -- Installing: /home/kgh/ws2/install/yzbot_msgs/include/yzbot_msgs/msg/detail/fmq_set__type_support.cpp
[3.425s] -- Installing: /home/kgh/ws2/install/yzbot_msgs/include/yzbot_msgs/msg/detail/robot_pose__rosidl_typesupport_introspection_cpp.hpp
[3.425s] -- Installing: /home/kgh/ws2/install/yzbot_msgs/lib/libyzbot_msgs__rosidl_typesupport_introspection_cpp.so
[3.425s] -- Set runtime path of "/home/kgh/ws2/install/yzbot_msgs/lib/libyzbot_msgs__rosidl_typesupport_introspection_cpp.so" to ""
[3.425s] -- Installing: /home/kgh/ws2/install/yzbot_msgs/lib/libyzbot_msgs__rosidl_typesupport_cpp.so
[3.425s] -- Set runtime path of "/home/kgh/ws2/install/yzbot_msgs/lib/libyzbot_msgs__rosidl_typesupport_cpp.so" to ""
[3.425s] -- Up-to-date: /home/kgh/ws2/install/yzbot_msgs/share/yzbot_msgs/environment/pythonpath.sh
[3.425s] -- Installing: /home/kgh/ws2/install/yzbot_msgs/share/yzbot_msgs/environment/pythonpath.dsv
[3.425s] -- Installing: /home/kgh/ws2/install/yzbot_msgs/lib/python3.8/site-packages/yzbot_msgs/__init__.py
[3.453s] Compiling '/home/kgh/ws2/install/yzbot_msgs/lib/python3.8/site-packages/yzbot_msgs/__init__.py'...
[3.457s] -- Up-to-date: /home/kgh/ws2/install/yzbot_msgs/lib/python3.8/site-packages/yzbot_msgs/msg
[3.457s] -- Installing: /home/kgh/ws2/install/yzbot_msgs/lib/python3.8/site-packages/yzbot_msgs/msg/_fmq_set.py
[3.457s] -- Installing: /home/kgh/ws2/install/yzbot_msgs/lib/python3.8/site-packages/yzbot_msgs/msg/_robot_pose_s.c
[3.457s] -- Installing: /home/kgh/ws2/install/yzbot_msgs/lib/python3.8/site-packages/yzbot_msgs/msg/_pms_status.py
[3.457s] -- Installing: /home/kgh/ws2/install/yzbot_msgs/lib/python3.8/site-packages/yzbot_msgs/msg/_charge_ctrl.py
[3.457s] -- Installing: /home/kgh/ws2/install/yzbot_msgs/lib/python3.8/site-packages/yzbot_msgs/msg/__init__.py
[3.457s] -- Installing: /home/kgh/ws2/install/yzbot_msgs/lib/python3.8/site-packages/yzbot_msgs/msg/_robot_pose.py
[3.458s] -- Installing: /home/kgh/ws2/install/yzbot_msgs/lib/python3.8/site-packages/yzbot_msgs/msg/_fmq_set_s.c
[3.458s] -- Installing: /home/kgh/ws2/install/yzbot_msgs/lib/python3.8/site-packages/yzbot_msgs/msg/_pms_status_s.c
[3.458s] -- Installing: /home/kgh/ws2/install/yzbot_msgs/lib/python3.8/site-packages/yzbot_msgs/msg/_charge_ctrl_s.c
[3.458s] -- Installing: /home/kgh/ws2/install/yzbot_msgs/lib/python3.8/site-packages/yzbot_msgs/yzbot_msgs_s__rosidl_typesupport_fastrtps_c.cpython-38-x86_64-linux-gnu.so
[3.459s] -- Set runtime path of "/home/kgh/ws2/install/yzbot_msgs/lib/python3.8/site-packages/yzbot_msgs/yzbot_msgs_s__rosidl_typesupport_fastrtps_c.cpython-38-x86_64-linux-gnu.so" to ""
[3.459s] -- Installing: /home/kgh/ws2/install/yzbot_msgs/lib/python3.8/site-packages/yzbot_msgs/yzbot_msgs_s__rosidl_typesupport_introspection_c.cpython-38-x86_64-linux-gnu.so
[3.459s] -- Set runtime path of "/home/kgh/ws2/install/yzbot_msgs/lib/python3.8/site-packages/yzbot_msgs/yzbot_msgs_s__rosidl_typesupport_introspection_c.cpython-38-x86_64-linux-gnu.so" to ""
[3.460s] -- Installing: /home/kgh/ws2/install/yzbot_msgs/lib/python3.8/site-packages/yzbot_msgs/yzbot_msgs_s__rosidl_typesupport_c.cpython-38-x86_64-linux-gnu.so
[3.460s] -- Set runtime path of "/home/kgh/ws2/install/yzbot_msgs/lib/python3.8/site-packages/yzbot_msgs/yzbot_msgs_s__rosidl_typesupport_c.cpython-38-x86_64-linux-gnu.so" to ""
[3.461s] -- Installing: /home/kgh/ws2/install/yzbot_msgs/lib/libyzbot_msgs__python.so
[3.461s] -- Set runtime path of "/home/kgh/ws2/install/yzbot_msgs/lib/libyzbot_msgs__python.so" to ""
[3.461s] -- Up-to-date: /home/kgh/ws2/install/yzbot_msgs/share/yzbot_msgs/msg/RobotPose.idl
[3.461s] -- Up-to-date: /home/kgh/ws2/install/yzbot_msgs/share/yzbot_msgs/msg/FmqSet.idl
[3.461s] -- Up-to-date: /home/kgh/ws2/install/yzbot_msgs/share/yzbot_msgs/msg/ChargeCtrl.idl
[3.461s] -- Installing: /home/kgh/ws2/install/yzbot_msgs/share/yzbot_msgs/msg/PmsStatus.idl
[3.461s] -- Up-to-date: /home/kgh/ws2/install/yzbot_msgs/share/yzbot_msgs/msg/RobotPose.msg
[3.461s] -- Up-to-date: /home/kgh/ws2/install/yzbot_msgs/share/yzbot_msgs/msg/FmqSet.msg
[3.462s] -- Up-to-date: /home/kgh/ws2/install/yzbot_msgs/share/yzbot_msgs/msg/ChargeCtrl.msg
[3.462s] -- Installing: /home/kgh/ws2/install/yzbot_msgs/share/yzbot_msgs/msg/PmsStatus.msg
[3.462s] -- Up-to-date: /home/kgh/ws2/install/yzbot_msgs/share/ament_index/resource_index/package_run_dependencies/yzbot_msgs
[3.462s] -- Up-to-date: /home/kgh/ws2/install/yzbot_msgs/share/ament_index/resource_index/parent_prefix_path/yzbot_msgs
[3.462s] -- Up-to-date: /home/kgh/ws2/install/yzbot_msgs/share/yzbot_msgs/environment/ament_prefix_path.sh
[3.462s] -- Installing: /home/kgh/ws2/install/yzbot_msgs/share/yzbot_msgs/environment/ament_prefix_path.dsv
[3.462s] -- Up-to-date: /home/kgh/ws2/install/yzbot_msgs/share/yzbot_msgs/environment/path.sh
[3.462s] -- Installing: /home/kgh/ws2/install/yzbot_msgs/share/yzbot_msgs/environment/path.dsv
[3.462s] -- Up-to-date: /home/kgh/ws2/install/yzbot_msgs/share/yzbot_msgs/local_setup.bash
[3.462s] -- Up-to-date: /home/kgh/ws2/install/yzbot_msgs/share/yzbot_msgs/local_setup.sh
[3.462s] -- Up-to-date: /home/kgh/ws2/install/yzbot_msgs/share/yzbot_msgs/local_setup.zsh
[3.462s] -- Installing: /home/kgh/ws2/install/yzbot_msgs/share/yzbot_msgs/local_setup.dsv
[3.462s] -- Installing: /home/kgh/ws2/install/yzbot_msgs/share/yzbot_msgs/package.dsv
[3.462s] -- Up-to-date: /home/kgh/ws2/install/yzbot_msgs/share/ament_index/resource_index/packages/yzbot_msgs
[3.463s] -- Up-to-date: /home/kgh/ws2/install/yzbot_msgs/share/yzbot_msgs/cmake/yzbot_msgs__rosidl_generator_cExport.cmake
[3.463s] -- Installing: /home/kgh/ws2/install/yzbot_msgs/share/yzbot_msgs/cmake/yzbot_msgs__rosidl_generator_cExport-noconfig.cmake
[3.463s] -- Up-to-date: /home/kgh/ws2/install/yzbot_msgs/share/yzbot_msgs/cmake/yzbot_msgs__rosidl_typesupport_introspection_cExport.cmake
[3.463s] -- Installing: /home/kgh/ws2/install/yzbot_msgs/share/yzbot_msgs/cmake/yzbot_msgs__rosidl_typesupport_introspection_cExport-noconfig.cmake
[3.463s] -- Up-to-date: /home/kgh/ws2/install/yzbot_msgs/share/yzbot_msgs/cmake/yzbot_msgs__rosidl_typesupport_cExport.cmake
[3.463s] -- Installing: /home/kgh/ws2/install/yzbot_msgs/share/yzbot_msgs/cmake/yzbot_msgs__rosidl_typesupport_cExport-noconfig.cmake
[3.463s] -- Up-to-date: /home/kgh/ws2/install/yzbot_msgs/share/yzbot_msgs/cmake/yzbot_msgs__rosidl_generator_cppExport.cmake
[3.464s] -- Up-to-date: /home/kgh/ws2/install/yzbot_msgs/share/yzbot_msgs/cmake/yzbot_msgs__rosidl_typesupport_introspection_cppExport.cmake
[3.464s] -- Installing: /home/kgh/ws2/install/yzbot_msgs/share/yzbot_msgs/cmake/yzbot_msgs__rosidl_typesupport_introspection_cppExport-noconfig.cmake
[3.464s] -- Up-to-date: /home/kgh/ws2/install/yzbot_msgs/share/yzbot_msgs/cmake/yzbot_msgs__rosidl_typesupport_cppExport.cmake
[3.464s] -- Installing: /home/kgh/ws2/install/yzbot_msgs/share/yzbot_msgs/cmake/yzbot_msgs__rosidl_typesupport_cppExport-noconfig.cmake
[3.464s] -- Installing: /home/kgh/ws2/install/yzbot_msgs/share/yzbot_msgs/cmake/rosidl_cmake-extras.cmake
[3.464s] -- Up-to-date: /home/kgh/ws2/install/yzbot_msgs/share/yzbot_msgs/cmake/ament_cmake_export_dependencies-extras.cmake
[3.464s] -- Up-to-date: /home/kgh/ws2/install/yzbot_msgs/share/yzbot_msgs/cmake/ament_cmake_export_libraries-extras.cmake
[3.464s] -- Up-to-date: /home/kgh/ws2/install/yzbot_msgs/share/yzbot_msgs/cmake/ament_cmake_export_targets-extras.cmake
[3.464s] -- Up-to-date: /home/kgh/ws2/install/yzbot_msgs/share/yzbot_msgs/cmake/ament_cmake_export_include_directories-extras.cmake
[3.465s] -- Up-to-date: /home/kgh/ws2/install/yzbot_msgs/share/yzbot_msgs/cmake/rosidl_cmake_export_typesupport_libraries-extras.cmake
[3.465s] -- Up-to-date: /home/kgh/ws2/install/yzbot_msgs/share/yzbot_msgs/cmake/rosidl_cmake_export_typesupport_targets-extras.cmake
[3.465s] -- Up-to-date: /home/kgh/ws2/install/yzbot_msgs/share/yzbot_msgs/cmake/yzbot_msgsConfig.cmake
[3.465s] -- Up-to-date: /home/kgh/ws2/install/yzbot_msgs/share/yzbot_msgs/cmake/yzbot_msgsConfig-version.cmake
[3.465s] -- Up-to-date: /home/kgh/ws2/install/yzbot_msgs/share/yzbot_msgs/package.xml
[3.466s] Invoked command in '/home/kgh/ws2/build/yzbot_msgs' returned '0': CMAKE_PREFIX_PATH=${CMAKE_PREFIX_PATH}:/home/kgh/ws2/install/yzbot_description:/home/kgh/ws2/install/yzbot_controller:/home/kgh/ws2/install/nav2_gazebo_spawner:/opt/ros/foxy /usr/bin/cmake --install /home/kgh/ws2/build/yzbot_msgs
