[0.683s] Invoking command in '/home/kgh/ws2/build/nav2_common': CMAKE_PREFIX_PATH=${CMAKE_PREFIX_PATH}:/home/kgh/ws2/install/yzbot_description:/home/kgh/ws2/install/yzbot_controller:/home/kgh/ws2/install/nav2_gazebo_spawner:/opt/ros/foxy /usr/bin/cmake --build /home/kgh/ws2/build/nav2_common -- -j16 -l16
[0.994s] Invoked command in '/home/kgh/ws2/build/nav2_common' returned '0': CMAKE_PREFIX_PATH=${CMAKE_PREFIX_PATH}:/home/kgh/ws2/install/yzbot_description:/home/kgh/ws2/install/yzbot_controller:/home/kgh/ws2/install/nav2_gazebo_spawner:/opt/ros/foxy /usr/bin/cmake --build /home/kgh/ws2/build/nav2_common -- -j16 -l16
[1.326s] Invoking command in '/home/kgh/ws2/build/nav2_common': CMAKE_PREFIX_PATH=${CMAKE_PREFIX_PATH}:/home/kgh/ws2/install/yzbot_description:/home/kgh/ws2/install/yzbot_controller:/home/kgh/ws2/install/nav2_gazebo_spawner:/opt/ros/foxy /usr/bin/cmake --install /home/kgh/ws2/build/nav2_common
[1.338s] -- Install configuration: ""
[1.338s] -- Up-to-date: /home/kgh/ws2/install/nav2_common/share/nav2_common/environment/pythonpath.sh
[1.338s] -- Up-to-date: /home/kgh/ws2/install/nav2_common/share/nav2_common/environment/pythonpath.dsv
[1.338s] -- Up-to-date: /home/kgh/ws2/install/nav2_common/lib/python3.8/site-packages/nav2_common
[1.339s] -- Up-to-date: /home/kgh/ws2/install/nav2_common/lib/python3.8/site-packages/nav2_common/__init__.py
[1.339s] -- Up-to-date: /home/kgh/ws2/install/nav2_common/lib/python3.8/site-packages/nav2_common/launch
[1.339s] -- Up-to-date: /home/kgh/ws2/install/nav2_common/lib/python3.8/site-packages/nav2_common/launch/replace_string.py
[1.339s] -- Up-to-date: /home/kgh/ws2/install/nav2_common/lib/python3.8/site-packages/nav2_common/launch/rewritten_yaml.py
[1.339s] -- Up-to-date: /home/kgh/ws2/install/nav2_common/lib/python3.8/site-packages/nav2_common/launch/__init__.py
[1.339s] -- Up-to-date: /home/kgh/ws2/install/nav2_common/lib/python3.8/site-packages/nav2_common/launch/has_node_params.py
[1.367s] Listing '/home/kgh/ws2/install/nav2_common/lib/python3.8/site-packages/nav2_common'...
[1.368s] Listing '/home/kgh/ws2/install/nav2_common/lib/python3.8/site-packages/nav2_common/launch'...
[1.368s] -- Up-to-date: /home/kgh/ws2/install/nav2_common/share/ament_index/resource_index/package_run_dependencies/nav2_common
[1.368s] -- Up-to-date: /home/kgh/ws2/install/nav2_common/share/ament_index/resource_index/parent_prefix_path/nav2_common
[1.368s] -- Up-to-date: /home/kgh/ws2/install/nav2_common/share/nav2_common/environment/ament_prefix_path.sh
[1.369s] -- Up-to-date: /home/kgh/ws2/install/nav2_common/share/nav2_common/environment/ament_prefix_path.dsv
[1.369s] -- Up-to-date: /home/kgh/ws2/install/nav2_common/share/nav2_common/environment/path.sh
[1.369s] -- Up-to-date: /home/kgh/ws2/install/nav2_common/share/nav2_common/environment/path.dsv
[1.369s] -- Up-to-date: /home/kgh/ws2/install/nav2_common/share/nav2_common/local_setup.bash
[1.369s] -- Up-to-date: /home/kgh/ws2/install/nav2_common/share/nav2_common/local_setup.sh
[1.369s] -- Up-to-date: /home/kgh/ws2/install/nav2_common/share/nav2_common/local_setup.zsh
[1.369s] -- Up-to-date: /home/kgh/ws2/install/nav2_common/share/nav2_common/local_setup.dsv
[1.370s] -- Up-to-date: /home/kgh/ws2/install/nav2_common/share/nav2_common/package.dsv
[1.370s] -- Up-to-date: /home/kgh/ws2/install/nav2_common/share/ament_index/resource_index/packages/nav2_common
[1.370s] -- Up-to-date: /home/kgh/ws2/install/nav2_common/share/nav2_common/cmake/nav2_common-extras.cmake
[1.370s] -- Up-to-date: /home/kgh/ws2/install/nav2_common/share/nav2_common/cmake/nav2_commonConfig.cmake
[1.370s] -- Up-to-date: /home/kgh/ws2/install/nav2_common/share/nav2_common/cmake/nav2_commonConfig-version.cmake
[1.370s] -- Up-to-date: /home/kgh/ws2/install/nav2_common/share/nav2_common/package.xml
[1.370s] -- Up-to-date: /home/kgh/ws2/install/nav2_common/share/nav2_common/cmake
[1.370s] -- Up-to-date: /home/kgh/ws2/install/nav2_common/share/nav2_common/cmake/nav2_package.cmake
[1.463s] Invoked command in '/home/kgh/ws2/build/nav2_common' returned '0': CMAKE_PREFIX_PATH=${CMAKE_PREFIX_PATH}:/home/kgh/ws2/install/yzbot_description:/home/kgh/ws2/install/yzbot_controller:/home/kgh/ws2/install/nav2_gazebo_spawner:/opt/ros/foxy /usr/bin/cmake --install /home/kgh/ws2/build/nav2_common
