[0.484s] Invoking command in '/home/kgh/ws2/build/nav2_planner': CMAKE_PREFIX_PATH=/home/kgh/ws2/install/nav2_core:/home/kgh/ws2/install/nav2_costmap_2d:/home/kgh/ws2/install/nav2_util:/home/kgh/ws2/install/nav2_voxel_grid:/home/kgh/ws2/install/nav2_msgs:/home/kgh/ws2/install/nav2_common:/home/kgh/ws2/install/yzbot_stm32connect:/home/kgh/ws2/install/yzbot_nav2:/home/kgh/ws2/install/yzbot_msgs:/home/kgh/ws2/install/yzbot_cartographer:/home/kgh/ws2/install/nav2_system_tests:/home/kgh/ws2/install/nav2_bringup:/home/kgh/ws2/install/navigation2:/home/kgh/ws2/install/smac_planner:/home/kgh/ws2/install/nav2_dwb_controller:/home/kgh/ws2/install/nav2_controller:/home/kgh/ws2/install/dwb_plugins:/home/kgh/ws2/install/dwb_critics:/home/kgh/ws2/install/dwb_core:/home/kgh/ws2/install/nav_2d_utils:/home/kgh/ws2/install/dwb_msgs:/home/kgh/ws2/install/nav_2d_msgs:/home/kgh/ws2/install/nav2_waypoint_follower:/home/kgh/ws2/install/nav2_regulated_pure_pursuit_controller:/home/kgh/ws2/install/nav2_recoveries:/home/kgh/ws2/install/nav2_planner:/home/kgh/ws2/install/nav2_navfn_planner:/home/kgh/ws2/install/costmap_queue:/home/kgh/ws2/install/nav2_rviz_plugins:/home/kgh/ws2/install/nav2_map_server:/home/kgh/ws2/install/nav2_lifecycle_manager:/home/kgh/ws2/install/nav2_bt_navigator:/home/kgh/ws2/install/nav2_behavior_tree:/home/kgh/ws2/install/nav2_amcl:/home/kgh/ws2/install/bluesea2:/home/kgh/ws2/install/yzbot_description:/home/kgh/ws2/install/yzbot_controller:/home/kgh/ws2/install/nav2_gazebo_spawner:/opt/ros/foxy LD_LIBRARY_PATH=/home/kgh/ws2/install/nav2_costmap_2d/lib:/home/kgh/ws2/install/nav2_util/lib:/home/kgh/ws2/install/nav2_voxel_grid/lib:/home/kgh/ws2/install/nav2_msgs/lib:/home/kgh/ws2/install/yzbot_msgs/lib:/home/kgh/ws2/install/smac_planner/lib:/home/kgh/ws2/install/nav2_controller/lib:/home/kgh/ws2/install/dwb_plugins/lib:/home/kgh/ws2/install/dwb_critics/lib:/home/kgh/ws2/install/dwb_core/lib:/home/kgh/ws2/install/nav_2d_utils/lib:/home/kgh/ws2/install/dwb_msgs/lib:/home/kgh/ws2/install/nav_2d_msgs/lib:/home/kgh/ws2/install/nav2_waypoint_follower/lib:/home/kgh/ws2/install/nav2_regulated_pure_pursuit_controller/lib:/home/kgh/ws2/install/nav2_recoveries/lib:/home/kgh/ws2/install/nav2_planner/lib:/home/kgh/ws2/install/nav2_navfn_planner/lib:/home/kgh/ws2/install/costmap_queue/lib:/home/kgh/ws2/install/nav2_rviz_plugins/lib:/home/kgh/ws2/install/nav2_map_server/lib:/home/kgh/ws2/install/nav2_lifecycle_manager/lib:/home/kgh/ws2/install/nav2_bt_navigator/lib:/home/kgh/ws2/install/nav2_behavior_tree/lib:/home/kgh/ws2/install/nav2_amcl/lib:/usr/lib/x86_64-linux-gnu/gazebo-11/plugins:/opt/ros/foxy/opt/yaml_cpp_vendor/lib:/opt/ros/foxy/opt/rviz_ogre_vendor/lib:/opt/ros/foxy/lib/x86_64-linux-gnu:/opt/ros/foxy/lib PYTHONPATH=/home/kgh/ws2/install/nav2_msgs/lib/python3.8/site-packages:/home/kgh/ws2/install/nav2_common/lib/python3.8/site-packages:/home/kgh/ws2/install/yzbot_msgs/lib/python3.8/site-packages:/home/kgh/ws2/install/yzbot_description/lib/python3.8/site-packages:/home/kgh/ws2/install/yzbot_controller/lib/python3.8/site-packages:/home/kgh/ws2/install/dwb_msgs/lib/python3.8/site-packages:/home/kgh/ws2/install/nav_2d_msgs/lib/python3.8/site-packages:/home/kgh/ws2/install/nav2_gazebo_spawner/lib/python3.8/site-packages:/opt/ros/foxy/lib/python3.8/site-packages /usr/bin/cmake /home/kgh/ws2/src/navigation2/nav2_planner -DCMAKE_INSTALL_PREFIX=/home/kgh/ws2/install/nav2_planner
[0.541s] -- The C compiler identification is GNU 9.4.0
[0.606s] -- The CXX compiler identification is GNU 9.4.0
[0.615s] -- Check for working C compiler: /usr/bin/cc
[0.713s] -- Check for working C compiler: /usr/bin/cc -- works
[0.714s] -- Detecting C compiler ABI info
[0.802s] -- Detecting C compiler ABI info - done
[0.815s] -- Detecting C compile features
[0.815s] -- Detecting C compile features - done
[0.819s] -- Check for working CXX compiler: /usr/bin/c++
[0.926s] -- Check for working CXX compiler: /usr/bin/c++ -- works
[0.928s] -- Detecting CXX compiler ABI info
[1.041s] -- Detecting CXX compiler ABI info - done
[1.058s] -- Detecting CXX compile features
[1.059s] -- Detecting CXX compile features - done
[1.063s] -- Found ament_cmake: 0.9.12 (/opt/ros/foxy/share/ament_cmake/cmake)
[1.111s] -- Found PythonInterp: /usr/bin/python3 (found suitable version "3.8.10", minimum required is "3") 
[1.111s] -- Using PYTHON_EXECUTABLE: /usr/bin/python3
[1.403s] -- Found nav2_common: 0.4.7 (/home/kgh/ws2/install/nav2_common/share/nav2_common/cmake)
[1.405s] -- Found rclcpp: 2.4.3 (/opt/ros/foxy/share/rclcpp/cmake)
[1.468s] -- Using all available rosidl_typesupport_c: rosidl_typesupport_fastrtps_c;rosidl_typesupport_introspection_c
[1.479s] -- Found rosidl_adapter: 1.3.1 (/opt/ros/foxy/share/rosidl_adapter/cmake)
[1.587s] -- Found OpenSSL: /usr/lib/x86_64-linux-gnu/libcrypto.so (found version "1.1.1f")  
[1.629s] -- Found FastRTPS: /opt/ros/foxy/include  
[1.759s] -- Using all available rosidl_typesupport_cpp: rosidl_typesupport_fastrtps_cpp;rosidl_typesupport_introspection_cpp
[1.854s] -- Found rmw_implementation_cmake: 1.0.4 (/opt/ros/foxy/share/rmw_implementation_cmake/cmake)
[1.858s] -- Using RMW implementation 'rmw_fastrtps_cpp' as default
[1.859s] -- Looking for pthread.h
[1.932s] -- Looking for pthread.h - found
[1.932s] -- Performing Test CMAKE_HAVE_LIBC_PTHREAD
[2.009s] -- Performing Test CMAKE_HAVE_LIBC_PTHREAD - Failed
[2.010s] -- Looking for pthread_create in pthreads
[2.071s] -- Looking for pthread_create in pthreads - not found
[2.071s] -- Looking for pthread_create in pthread
[2.142s] -- Looking for pthread_create in pthread - found
[2.143s] -- Found Threads: TRUE  
[2.325s] -- Found rclcpp_action: 2.4.3 (/opt/ros/foxy/share/rclcpp_action/cmake)
[2.408s] -- Found rclcpp_lifecycle: 2.4.3 (/opt/ros/foxy/share/rclcpp_lifecycle/cmake)
[2.444s] -- Found visualization_msgs: 2.0.5 (/opt/ros/foxy/share/visualization_msgs/cmake)
[2.559s] -- Found nav2_util: 0.4.7 (/home/kgh/ws2/install/nav2_util/share/nav2_util/cmake)
[3.220s] -- Found eigen3_cmake_module: 0.1.1 (/opt/ros/foxy/share/eigen3_cmake_module/cmake)
[3.223s] -- Found Eigen3: TRUE (found version "3.3.7") 
[3.362s] -- Found nav2_costmap_2d: 0.4.7 (/home/kgh/ws2/install/nav2_costmap_2d/share/nav2_costmap_2d/cmake)
[4.022s] -- Found nav2_core: 0.4.7 (/home/kgh/ws2/install/nav2_core/share/nav2_core/cmake)
[4.509s] -- Setting build type to Release as none was specified.
[9.259s] -- Found ament_lint_auto: 0.9.8 (/opt/ros/foxy/share/ament_lint_auto/cmake)
[9.434s] -- Added test 'copyright' to check source files copyright and LICENSE
[9.437s] -- Added test 'cppcheck' to perform static code analysis on C / C++ code
[9.437s] -- Configured cppcheck include dirs: /home/kgh/ws2/src/navigation2/nav2_planner/include
[9.438s] -- Configured cppcheck exclude dirs and/or files: 
[9.440s] -- Added test 'cpplint' to check C / C++ code against the Google style
[9.440s] -- Configured cpplint exclude dirs and/or files: 
[9.442s] -- Added test 'lint_cmake' to check CMake code style
[9.444s] -- Added test 'uncrustify' to check C / C++ code style
[9.444s] -- Configured uncrustify additional arguments: 
[9.446s] -- Added test 'xmllint' to check XML markup files
[9.459s] -- Configuring done
[9.600s] -- Generating done
[9.603s] -- Build files have been written to: /home/kgh/ws2/build/nav2_planner
[9.625s] Invoked command in '/home/kgh/ws2/build/nav2_planner' returned '0': CMAKE_PREFIX_PATH=/home/kgh/ws2/install/nav2_core:/home/kgh/ws2/install/nav2_costmap_2d:/home/kgh/ws2/install/nav2_util:/home/kgh/ws2/install/nav2_voxel_grid:/home/kgh/ws2/install/nav2_msgs:/home/kgh/ws2/install/nav2_common:/home/kgh/ws2/install/yzbot_stm32connect:/home/kgh/ws2/install/yzbot_nav2:/home/kgh/ws2/install/yzbot_msgs:/home/kgh/ws2/install/yzbot_cartographer:/home/kgh/ws2/install/nav2_system_tests:/home/kgh/ws2/install/nav2_bringup:/home/kgh/ws2/install/navigation2:/home/kgh/ws2/install/smac_planner:/home/kgh/ws2/install/nav2_dwb_controller:/home/kgh/ws2/install/nav2_controller:/home/kgh/ws2/install/dwb_plugins:/home/kgh/ws2/install/dwb_critics:/home/kgh/ws2/install/dwb_core:/home/kgh/ws2/install/nav_2d_utils:/home/kgh/ws2/install/dwb_msgs:/home/kgh/ws2/install/nav_2d_msgs:/home/kgh/ws2/install/nav2_waypoint_follower:/home/kgh/ws2/install/nav2_regulated_pure_pursuit_controller:/home/kgh/ws2/install/nav2_recoveries:/home/kgh/ws2/install/nav2_planner:/home/kgh/ws2/install/nav2_navfn_planner:/home/kgh/ws2/install/costmap_queue:/home/kgh/ws2/install/nav2_rviz_plugins:/home/kgh/ws2/install/nav2_map_server:/home/kgh/ws2/install/nav2_lifecycle_manager:/home/kgh/ws2/install/nav2_bt_navigator:/home/kgh/ws2/install/nav2_behavior_tree:/home/kgh/ws2/install/nav2_amcl:/home/kgh/ws2/install/bluesea2:/home/kgh/ws2/install/yzbot_description:/home/kgh/ws2/install/yzbot_controller:/home/kgh/ws2/install/nav2_gazebo_spawner:/opt/ros/foxy LD_LIBRARY_PATH=/home/kgh/ws2/install/nav2_costmap_2d/lib:/home/kgh/ws2/install/nav2_util/lib:/home/kgh/ws2/install/nav2_voxel_grid/lib:/home/kgh/ws2/install/nav2_msgs/lib:/home/kgh/ws2/install/yzbot_msgs/lib:/home/kgh/ws2/install/smac_planner/lib:/home/kgh/ws2/install/nav2_controller/lib:/home/kgh/ws2/install/dwb_plugins/lib:/home/kgh/ws2/install/dwb_critics/lib:/home/kgh/ws2/install/dwb_core/lib:/home/kgh/ws2/install/nav_2d_utils/lib:/home/kgh/ws2/install/dwb_msgs/lib:/home/kgh/ws2/install/nav_2d_msgs/lib:/home/kgh/ws2/install/nav2_waypoint_follower/lib:/home/kgh/ws2/install/nav2_regulated_pure_pursuit_controller/lib:/home/kgh/ws2/install/nav2_recoveries/lib:/home/kgh/ws2/install/nav2_planner/lib:/home/kgh/ws2/install/nav2_navfn_planner/lib:/home/kgh/ws2/install/costmap_queue/lib:/home/kgh/ws2/install/nav2_rviz_plugins/lib:/home/kgh/ws2/install/nav2_map_server/lib:/home/kgh/ws2/install/nav2_lifecycle_manager/lib:/home/kgh/ws2/install/nav2_bt_navigator/lib:/home/kgh/ws2/install/nav2_behavior_tree/lib:/home/kgh/ws2/install/nav2_amcl/lib:/usr/lib/x86_64-linux-gnu/gazebo-11/plugins:/opt/ros/foxy/opt/yaml_cpp_vendor/lib:/opt/ros/foxy/opt/rviz_ogre_vendor/lib:/opt/ros/foxy/lib/x86_64-linux-gnu:/opt/ros/foxy/lib PYTHONPATH=/home/kgh/ws2/install/nav2_msgs/lib/python3.8/site-packages:/home/kgh/ws2/install/nav2_common/lib/python3.8/site-packages:/home/kgh/ws2/install/yzbot_msgs/lib/python3.8/site-packages:/home/kgh/ws2/install/yzbot_description/lib/python3.8/site-packages:/home/kgh/ws2/install/yzbot_controller/lib/python3.8/site-packages:/home/kgh/ws2/install/dwb_msgs/lib/python3.8/site-packages:/home/kgh/ws2/install/nav_2d_msgs/lib/python3.8/site-packages:/home/kgh/ws2/install/nav2_gazebo_spawner/lib/python3.8/site-packages:/opt/ros/foxy/lib/python3.8/site-packages /usr/bin/cmake /home/kgh/ws2/src/navigation2/nav2_planner -DCMAKE_INSTALL_PREFIX=/home/kgh/ws2/install/nav2_planner
[9.630s] Invoking command in '/home/kgh/ws2/build/nav2_planner': CMAKE_PREFIX_PATH=/home/kgh/ws2/install/nav2_core:/home/kgh/ws2/install/nav2_costmap_2d:/home/kgh/ws2/install/nav2_util:/home/kgh/ws2/install/nav2_voxel_grid:/home/kgh/ws2/install/nav2_msgs:/home/kgh/ws2/install/nav2_common:/home/kgh/ws2/install/yzbot_stm32connect:/home/kgh/ws2/install/yzbot_nav2:/home/kgh/ws2/install/yzbot_msgs:/home/kgh/ws2/install/yzbot_cartographer:/home/kgh/ws2/install/nav2_system_tests:/home/kgh/ws2/install/nav2_bringup:/home/kgh/ws2/install/navigation2:/home/kgh/ws2/install/smac_planner:/home/kgh/ws2/install/nav2_dwb_controller:/home/kgh/ws2/install/nav2_controller:/home/kgh/ws2/install/dwb_plugins:/home/kgh/ws2/install/dwb_critics:/home/kgh/ws2/install/dwb_core:/home/kgh/ws2/install/nav_2d_utils:/home/kgh/ws2/install/dwb_msgs:/home/kgh/ws2/install/nav_2d_msgs:/home/kgh/ws2/install/nav2_waypoint_follower:/home/kgh/ws2/install/nav2_regulated_pure_pursuit_controller:/home/kgh/ws2/install/nav2_recoveries:/home/kgh/ws2/install/nav2_planner:/home/kgh/ws2/install/nav2_navfn_planner:/home/kgh/ws2/install/costmap_queue:/home/kgh/ws2/install/nav2_rviz_plugins:/home/kgh/ws2/install/nav2_map_server:/home/kgh/ws2/install/nav2_lifecycle_manager:/home/kgh/ws2/install/nav2_bt_navigator:/home/kgh/ws2/install/nav2_behavior_tree:/home/kgh/ws2/install/nav2_amcl:/home/kgh/ws2/install/bluesea2:/home/kgh/ws2/install/yzbot_description:/home/kgh/ws2/install/yzbot_controller:/home/kgh/ws2/install/nav2_gazebo_spawner:/opt/ros/foxy LD_LIBRARY_PATH=/home/kgh/ws2/install/nav2_costmap_2d/lib:/home/kgh/ws2/install/nav2_util/lib:/home/kgh/ws2/install/nav2_voxel_grid/lib:/home/kgh/ws2/install/nav2_msgs/lib:/home/kgh/ws2/install/yzbot_msgs/lib:/home/kgh/ws2/install/smac_planner/lib:/home/kgh/ws2/install/nav2_controller/lib:/home/kgh/ws2/install/dwb_plugins/lib:/home/kgh/ws2/install/dwb_critics/lib:/home/kgh/ws2/install/dwb_core/lib:/home/kgh/ws2/install/nav_2d_utils/lib:/home/kgh/ws2/install/dwb_msgs/lib:/home/kgh/ws2/install/nav_2d_msgs/lib:/home/kgh/ws2/install/nav2_waypoint_follower/lib:/home/kgh/ws2/install/nav2_regulated_pure_pursuit_controller/lib:/home/kgh/ws2/install/nav2_recoveries/lib:/home/kgh/ws2/install/nav2_planner/lib:/home/kgh/ws2/install/nav2_navfn_planner/lib:/home/kgh/ws2/install/costmap_queue/lib:/home/kgh/ws2/install/nav2_rviz_plugins/lib:/home/kgh/ws2/install/nav2_map_server/lib:/home/kgh/ws2/install/nav2_lifecycle_manager/lib:/home/kgh/ws2/install/nav2_bt_navigator/lib:/home/kgh/ws2/install/nav2_behavior_tree/lib:/home/kgh/ws2/install/nav2_amcl/lib:/usr/lib/x86_64-linux-gnu/gazebo-11/plugins:/opt/ros/foxy/opt/yaml_cpp_vendor/lib:/opt/ros/foxy/opt/rviz_ogre_vendor/lib:/opt/ros/foxy/lib/x86_64-linux-gnu:/opt/ros/foxy/lib PYTHONPATH=/home/kgh/ws2/install/nav2_msgs/lib/python3.8/site-packages:/home/kgh/ws2/install/nav2_common/lib/python3.8/site-packages:/home/kgh/ws2/install/yzbot_msgs/lib/python3.8/site-packages:/home/kgh/ws2/install/yzbot_description/lib/python3.8/site-packages:/home/kgh/ws2/install/yzbot_controller/lib/python3.8/site-packages:/home/kgh/ws2/install/dwb_msgs/lib/python3.8/site-packages:/home/kgh/ws2/install/nav_2d_msgs/lib/python3.8/site-packages:/home/kgh/ws2/install/nav2_gazebo_spawner/lib/python3.8/site-packages:/opt/ros/foxy/lib/python3.8/site-packages /usr/bin/cmake --build /home/kgh/ws2/build/nav2_planner -- -j16 -l16
[9.701s] [35m[1mScanning dependencies of target planner_server_core[0m
[9.775s] [ 25%] [32mBuilding CXX object CMakeFiles/planner_server_core.dir/src/planner_server.cpp.o[0m
[23.805s] [ 50%] [32m[1mLinking CXX shared library libplanner_server_core.so[0m
[24.039s] [ 50%] Built target planner_server_core
[24.052s] [35m[1mScanning dependencies of target planner_server[0m
[24.115s] [ 75%] [32mBuilding CXX object CMakeFiles/planner_server.dir/src/main.cpp.o[0m
[27.801s] [100%] [32m[1mLinking CXX executable planner_server[0m
[28.003s] [100%] Built target planner_server
[28.016s] Invoked command in '/home/kgh/ws2/build/nav2_planner' returned '0': CMAKE_PREFIX_PATH=/home/kgh/ws2/install/nav2_core:/home/kgh/ws2/install/nav2_costmap_2d:/home/kgh/ws2/install/nav2_util:/home/kgh/ws2/install/nav2_voxel_grid:/home/kgh/ws2/install/nav2_msgs:/home/kgh/ws2/install/nav2_common:/home/kgh/ws2/install/yzbot_stm32connect:/home/kgh/ws2/install/yzbot_nav2:/home/kgh/ws2/install/yzbot_msgs:/home/kgh/ws2/install/yzbot_cartographer:/home/kgh/ws2/install/nav2_system_tests:/home/kgh/ws2/install/nav2_bringup:/home/kgh/ws2/install/navigation2:/home/kgh/ws2/install/smac_planner:/home/kgh/ws2/install/nav2_dwb_controller:/home/kgh/ws2/install/nav2_controller:/home/kgh/ws2/install/dwb_plugins:/home/kgh/ws2/install/dwb_critics:/home/kgh/ws2/install/dwb_core:/home/kgh/ws2/install/nav_2d_utils:/home/kgh/ws2/install/dwb_msgs:/home/kgh/ws2/install/nav_2d_msgs:/home/kgh/ws2/install/nav2_waypoint_follower:/home/kgh/ws2/install/nav2_regulated_pure_pursuit_controller:/home/kgh/ws2/install/nav2_recoveries:/home/kgh/ws2/install/nav2_planner:/home/kgh/ws2/install/nav2_navfn_planner:/home/kgh/ws2/install/costmap_queue:/home/kgh/ws2/install/nav2_rviz_plugins:/home/kgh/ws2/install/nav2_map_server:/home/kgh/ws2/install/nav2_lifecycle_manager:/home/kgh/ws2/install/nav2_bt_navigator:/home/kgh/ws2/install/nav2_behavior_tree:/home/kgh/ws2/install/nav2_amcl:/home/kgh/ws2/install/bluesea2:/home/kgh/ws2/install/yzbot_description:/home/kgh/ws2/install/yzbot_controller:/home/kgh/ws2/install/nav2_gazebo_spawner:/opt/ros/foxy LD_LIBRARY_PATH=/home/kgh/ws2/install/nav2_costmap_2d/lib:/home/kgh/ws2/install/nav2_util/lib:/home/kgh/ws2/install/nav2_voxel_grid/lib:/home/kgh/ws2/install/nav2_msgs/lib:/home/kgh/ws2/install/yzbot_msgs/lib:/home/kgh/ws2/install/smac_planner/lib:/home/kgh/ws2/install/nav2_controller/lib:/home/kgh/ws2/install/dwb_plugins/lib:/home/kgh/ws2/install/dwb_critics/lib:/home/kgh/ws2/install/dwb_core/lib:/home/kgh/ws2/install/nav_2d_utils/lib:/home/kgh/ws2/install/dwb_msgs/lib:/home/kgh/ws2/install/nav_2d_msgs/lib:/home/kgh/ws2/install/nav2_waypoint_follower/lib:/home/kgh/ws2/install/nav2_regulated_pure_pursuit_controller/lib:/home/kgh/ws2/install/nav2_recoveries/lib:/home/kgh/ws2/install/nav2_planner/lib:/home/kgh/ws2/install/nav2_navfn_planner/lib:/home/kgh/ws2/install/costmap_queue/lib:/home/kgh/ws2/install/nav2_rviz_plugins/lib:/home/kgh/ws2/install/nav2_map_server/lib:/home/kgh/ws2/install/nav2_lifecycle_manager/lib:/home/kgh/ws2/install/nav2_bt_navigator/lib:/home/kgh/ws2/install/nav2_behavior_tree/lib:/home/kgh/ws2/install/nav2_amcl/lib:/usr/lib/x86_64-linux-gnu/gazebo-11/plugins:/opt/ros/foxy/opt/yaml_cpp_vendor/lib:/opt/ros/foxy/opt/rviz_ogre_vendor/lib:/opt/ros/foxy/lib/x86_64-linux-gnu:/opt/ros/foxy/lib PYTHONPATH=/home/kgh/ws2/install/nav2_msgs/lib/python3.8/site-packages:/home/kgh/ws2/install/nav2_common/lib/python3.8/site-packages:/home/kgh/ws2/install/yzbot_msgs/lib/python3.8/site-packages:/home/kgh/ws2/install/yzbot_description/lib/python3.8/site-packages:/home/kgh/ws2/install/yzbot_controller/lib/python3.8/site-packages:/home/kgh/ws2/install/dwb_msgs/lib/python3.8/site-packages:/home/kgh/ws2/install/nav_2d_msgs/lib/python3.8/site-packages:/home/kgh/ws2/install/nav2_gazebo_spawner/lib/python3.8/site-packages:/opt/ros/foxy/lib/python3.8/site-packages /usr/bin/cmake --build /home/kgh/ws2/build/nav2_planner -- -j16 -l16
[28.049s] Invoking command in '/home/kgh/ws2/build/nav2_planner': CMAKE_PREFIX_PATH=/home/kgh/ws2/install/nav2_core:/home/kgh/ws2/install/nav2_costmap_2d:/home/kgh/ws2/install/nav2_util:/home/kgh/ws2/install/nav2_voxel_grid:/home/kgh/ws2/install/nav2_msgs:/home/kgh/ws2/install/nav2_common:/home/kgh/ws2/install/yzbot_stm32connect:/home/kgh/ws2/install/yzbot_nav2:/home/kgh/ws2/install/yzbot_msgs:/home/kgh/ws2/install/yzbot_cartographer:/home/kgh/ws2/install/nav2_system_tests:/home/kgh/ws2/install/nav2_bringup:/home/kgh/ws2/install/navigation2:/home/kgh/ws2/install/smac_planner:/home/kgh/ws2/install/nav2_dwb_controller:/home/kgh/ws2/install/nav2_controller:/home/kgh/ws2/install/dwb_plugins:/home/kgh/ws2/install/dwb_critics:/home/kgh/ws2/install/dwb_core:/home/kgh/ws2/install/nav_2d_utils:/home/kgh/ws2/install/dwb_msgs:/home/kgh/ws2/install/nav_2d_msgs:/home/kgh/ws2/install/nav2_waypoint_follower:/home/kgh/ws2/install/nav2_regulated_pure_pursuit_controller:/home/kgh/ws2/install/nav2_recoveries:/home/kgh/ws2/install/nav2_planner:/home/kgh/ws2/install/nav2_navfn_planner:/home/kgh/ws2/install/costmap_queue:/home/kgh/ws2/install/nav2_rviz_plugins:/home/kgh/ws2/install/nav2_map_server:/home/kgh/ws2/install/nav2_lifecycle_manager:/home/kgh/ws2/install/nav2_bt_navigator:/home/kgh/ws2/install/nav2_behavior_tree:/home/kgh/ws2/install/nav2_amcl:/home/kgh/ws2/install/bluesea2:/home/kgh/ws2/install/yzbot_description:/home/kgh/ws2/install/yzbot_controller:/home/kgh/ws2/install/nav2_gazebo_spawner:/opt/ros/foxy LD_LIBRARY_PATH=/home/kgh/ws2/install/nav2_costmap_2d/lib:/home/kgh/ws2/install/nav2_util/lib:/home/kgh/ws2/install/nav2_voxel_grid/lib:/home/kgh/ws2/install/nav2_msgs/lib:/home/kgh/ws2/install/yzbot_msgs/lib:/home/kgh/ws2/install/smac_planner/lib:/home/kgh/ws2/install/nav2_controller/lib:/home/kgh/ws2/install/dwb_plugins/lib:/home/kgh/ws2/install/dwb_critics/lib:/home/kgh/ws2/install/dwb_core/lib:/home/kgh/ws2/install/nav_2d_utils/lib:/home/kgh/ws2/install/dwb_msgs/lib:/home/kgh/ws2/install/nav_2d_msgs/lib:/home/kgh/ws2/install/nav2_waypoint_follower/lib:/home/kgh/ws2/install/nav2_regulated_pure_pursuit_controller/lib:/home/kgh/ws2/install/nav2_recoveries/lib:/home/kgh/ws2/install/nav2_planner/lib:/home/kgh/ws2/install/nav2_navfn_planner/lib:/home/kgh/ws2/install/costmap_queue/lib:/home/kgh/ws2/install/nav2_rviz_plugins/lib:/home/kgh/ws2/install/nav2_map_server/lib:/home/kgh/ws2/install/nav2_lifecycle_manager/lib:/home/kgh/ws2/install/nav2_bt_navigator/lib:/home/kgh/ws2/install/nav2_behavior_tree/lib:/home/kgh/ws2/install/nav2_amcl/lib:/usr/lib/x86_64-linux-gnu/gazebo-11/plugins:/opt/ros/foxy/opt/yaml_cpp_vendor/lib:/opt/ros/foxy/opt/rviz_ogre_vendor/lib:/opt/ros/foxy/lib/x86_64-linux-gnu:/opt/ros/foxy/lib PYTHONPATH=/home/kgh/ws2/install/nav2_msgs/lib/python3.8/site-packages:/home/kgh/ws2/install/nav2_common/lib/python3.8/site-packages:/home/kgh/ws2/install/yzbot_msgs/lib/python3.8/site-packages:/home/kgh/ws2/install/yzbot_description/lib/python3.8/site-packages:/home/kgh/ws2/install/yzbot_controller/lib/python3.8/site-packages:/home/kgh/ws2/install/dwb_msgs/lib/python3.8/site-packages:/home/kgh/ws2/install/nav_2d_msgs/lib/python3.8/site-packages:/home/kgh/ws2/install/nav2_gazebo_spawner/lib/python3.8/site-packages:/opt/ros/foxy/lib/python3.8/site-packages /usr/bin/cmake --install /home/kgh/ws2/build/nav2_planner
[28.061s] -- Install configuration: "Release"
[28.061s] -- Installing: /home/kgh/ws2/install/nav2_planner/lib/libplanner_server_core.so
[28.062s] -- Set runtime path of "/home/kgh/ws2/install/nav2_planner/lib/libplanner_server_core.so" to ""
[28.062s] -- Installing: /home/kgh/ws2/install/nav2_planner/lib/nav2_planner/planner_server
[28.063s] -- Set runtime path of "/home/kgh/ws2/install/nav2_planner/lib/nav2_planner/planner_server" to ""
[28.063s] -- Installing: /home/kgh/ws2/install/nav2_planner/include/
[28.063s] -- Installing: /home/kgh/ws2/install/nav2_planner/include//nav2_planner
[28.063s] -- Installing: /home/kgh/ws2/install/nav2_planner/include//nav2_planner/planner_server.hpp
[28.063s] -- Installing: /home/kgh/ws2/install/nav2_planner/share/nav2_planner/environment/library_path.sh
[28.063s] -- Installing: /home/kgh/ws2/install/nav2_planner/share/nav2_planner/environment/library_path.dsv
[28.064s] -- Installing: /home/kgh/ws2/install/nav2_planner/share/ament_index/resource_index/package_run_dependencies/nav2_planner
[28.064s] -- Installing: /home/kgh/ws2/install/nav2_planner/share/ament_index/resource_index/parent_prefix_path/nav2_planner
[28.064s] -- Installing: /home/kgh/ws2/install/nav2_planner/share/nav2_planner/environment/ament_prefix_path.sh
[28.064s] -- Installing: /home/kgh/ws2/install/nav2_planner/share/nav2_planner/environment/ament_prefix_path.dsv
[28.064s] -- Installing: /home/kgh/ws2/install/nav2_planner/share/nav2_planner/environment/path.sh
[28.064s] -- Installing: /home/kgh/ws2/install/nav2_planner/share/nav2_planner/environment/path.dsv
[28.064s] -- Installing: /home/kgh/ws2/install/nav2_planner/share/nav2_planner/local_setup.bash
[28.064s] -- Installing: /home/kgh/ws2/install/nav2_planner/share/nav2_planner/local_setup.sh
[28.064s] -- Installing: /home/kgh/ws2/install/nav2_planner/share/nav2_planner/local_setup.zsh
[28.065s] -- Installing: /home/kgh/ws2/install/nav2_planner/share/nav2_planner/local_setup.dsv
[28.065s] -- Installing: /home/kgh/ws2/install/nav2_planner/share/nav2_planner/package.dsv
[28.065s] -- Installing: /home/kgh/ws2/install/nav2_planner/share/ament_index/resource_index/packages/nav2_planner
[28.065s] -- Installing: /home/kgh/ws2/install/nav2_planner/share/nav2_planner/cmake/ament_cmake_export_include_directories-extras.cmake
[28.065s] -- Installing: /home/kgh/ws2/install/nav2_planner/share/nav2_planner/cmake/ament_cmake_export_libraries-extras.cmake
[28.065s] -- Installing: /home/kgh/ws2/install/nav2_planner/share/nav2_planner/cmake/ament_cmake_export_dependencies-extras.cmake
[28.065s] -- Installing: /home/kgh/ws2/install/nav2_planner/share/nav2_planner/cmake/ament_cmake_export_definitions-extras.cmake
[28.065s] -- Installing: /home/kgh/ws2/install/nav2_planner/share/nav2_planner/cmake/nav2_plannerConfig.cmake
[28.065s] -- Installing: /home/kgh/ws2/install/nav2_planner/share/nav2_planner/cmake/nav2_plannerConfig-version.cmake
[28.066s] -- Installing: /home/kgh/ws2/install/nav2_planner/share/nav2_planner/package.xml
[28.067s] Invoked command in '/home/kgh/ws2/build/nav2_planner' returned '0': CMAKE_PREFIX_PATH=/home/kgh/ws2/install/nav2_core:/home/kgh/ws2/install/nav2_costmap_2d:/home/kgh/ws2/install/nav2_util:/home/kgh/ws2/install/nav2_voxel_grid:/home/kgh/ws2/install/nav2_msgs:/home/kgh/ws2/install/nav2_common:/home/kgh/ws2/install/yzbot_stm32connect:/home/kgh/ws2/install/yzbot_nav2:/home/kgh/ws2/install/yzbot_msgs:/home/kgh/ws2/install/yzbot_cartographer:/home/kgh/ws2/install/nav2_system_tests:/home/kgh/ws2/install/nav2_bringup:/home/kgh/ws2/install/navigation2:/home/kgh/ws2/install/smac_planner:/home/kgh/ws2/install/nav2_dwb_controller:/home/kgh/ws2/install/nav2_controller:/home/kgh/ws2/install/dwb_plugins:/home/kgh/ws2/install/dwb_critics:/home/kgh/ws2/install/dwb_core:/home/kgh/ws2/install/nav_2d_utils:/home/kgh/ws2/install/dwb_msgs:/home/kgh/ws2/install/nav_2d_msgs:/home/kgh/ws2/install/nav2_waypoint_follower:/home/kgh/ws2/install/nav2_regulated_pure_pursuit_controller:/home/kgh/ws2/install/nav2_recoveries:/home/kgh/ws2/install/nav2_planner:/home/kgh/ws2/install/nav2_navfn_planner:/home/kgh/ws2/install/costmap_queue:/home/kgh/ws2/install/nav2_rviz_plugins:/home/kgh/ws2/install/nav2_map_server:/home/kgh/ws2/install/nav2_lifecycle_manager:/home/kgh/ws2/install/nav2_bt_navigator:/home/kgh/ws2/install/nav2_behavior_tree:/home/kgh/ws2/install/nav2_amcl:/home/kgh/ws2/install/bluesea2:/home/kgh/ws2/install/yzbot_description:/home/kgh/ws2/install/yzbot_controller:/home/kgh/ws2/install/nav2_gazebo_spawner:/opt/ros/foxy LD_LIBRARY_PATH=/home/kgh/ws2/install/nav2_costmap_2d/lib:/home/kgh/ws2/install/nav2_util/lib:/home/kgh/ws2/install/nav2_voxel_grid/lib:/home/kgh/ws2/install/nav2_msgs/lib:/home/kgh/ws2/install/yzbot_msgs/lib:/home/kgh/ws2/install/smac_planner/lib:/home/kgh/ws2/install/nav2_controller/lib:/home/kgh/ws2/install/dwb_plugins/lib:/home/kgh/ws2/install/dwb_critics/lib:/home/kgh/ws2/install/dwb_core/lib:/home/kgh/ws2/install/nav_2d_utils/lib:/home/kgh/ws2/install/dwb_msgs/lib:/home/kgh/ws2/install/nav_2d_msgs/lib:/home/kgh/ws2/install/nav2_waypoint_follower/lib:/home/kgh/ws2/install/nav2_regulated_pure_pursuit_controller/lib:/home/kgh/ws2/install/nav2_recoveries/lib:/home/kgh/ws2/install/nav2_planner/lib:/home/kgh/ws2/install/nav2_navfn_planner/lib:/home/kgh/ws2/install/costmap_queue/lib:/home/kgh/ws2/install/nav2_rviz_plugins/lib:/home/kgh/ws2/install/nav2_map_server/lib:/home/kgh/ws2/install/nav2_lifecycle_manager/lib:/home/kgh/ws2/install/nav2_bt_navigator/lib:/home/kgh/ws2/install/nav2_behavior_tree/lib:/home/kgh/ws2/install/nav2_amcl/lib:/usr/lib/x86_64-linux-gnu/gazebo-11/plugins:/opt/ros/foxy/opt/yaml_cpp_vendor/lib:/opt/ros/foxy/opt/rviz_ogre_vendor/lib:/opt/ros/foxy/lib/x86_64-linux-gnu:/opt/ros/foxy/lib PYTHONPATH=/home/kgh/ws2/install/nav2_msgs/lib/python3.8/site-packages:/home/kgh/ws2/install/nav2_common/lib/python3.8/site-packages:/home/kgh/ws2/install/yzbot_msgs/lib/python3.8/site-packages:/home/kgh/ws2/install/yzbot_description/lib/python3.8/site-packages:/home/kgh/ws2/install/yzbot_controller/lib/python3.8/site-packages:/home/kgh/ws2/install/dwb_msgs/lib/python3.8/site-packages:/home/kgh/ws2/install/nav_2d_msgs/lib/python3.8/site-packages:/home/kgh/ws2/install/nav2_gazebo_spawner/lib/python3.8/site-packages:/opt/ros/foxy/lib/python3.8/site-packages /usr/bin/cmake --install /home/kgh/ws2/build/nav2_planner
