[01m[K/home/kgh/ws2/src/yzbot_stm32connect/src/plc.cpp:[m[K In member function ‘[01m[Kint PLC::pub_odom(short int, short int, short int, short int, float, float, float, float)[m[K’:
[01m[K/home/kgh/ws2/src/yzbot_stm32connect/src/plc.cpp:64:29:[m[K [01;35m[Kwarning: [m[Kunused parameter ‘[01m[Kvx[m[K’ [[01;35m[K-Wunused-parameter[m[K]
   64 | int PLC::pub_odom([01;35m[Kshort int vx[m[K, short int vy, short int t1, short int t2, float angle_v, float angle, float n_vx, float n_vth)
      |                   [01;35m[K~~~~~~~~~~^~[m[K
[01m[K/home/kgh/ws2/src/yzbot_stm32connect/src/plc.cpp:64:43:[m[K [01;35m[Kwarning: [m[Kunused parameter ‘[01m[Kvy[m[K’ [[01;35m[K-Wunused-parameter[m[K]
   64 | int PLC::pub_odom(short int vx, [01;35m[Kshort int vy[m[K, short int t1, short int t2, float angle_v, float angle, float n_vx, float n_vth)
      |                                 [01;35m[K~~~~~~~~~~^~[m[K
[01m[K/home/kgh/ws2/src/yzbot_stm32connect/src/plc.cpp:64:81:[m[K [01;35m[Kwarning: [m[Kunused parameter ‘[01m[Kangle_v[m[K’ [[01;35m[K-Wunused-parameter[m[K]
   64 | int PLC::pub_odom(short int vx, short int vy, short int t1, short int t2, [01;35m[Kfloat angle_v[m[K, float angle, float n_vx, float n_vth)
      |                                                                           [01;35m[K~~~~~~^~~~~~~[m[K
[01m[K/home/kgh/ws2/src/yzbot_stm32connect/src/plc.cpp:64:109:[m[K [01;35m[Kwarning: [m[Kunused parameter ‘[01m[Kn_vx[m[K’ [[01;35m[K-Wunused-parameter[m[K]
   64 | int PLC::pub_odom(short int vx, short int vy, short int t1, short int t2, float angle_v, float angle, [01;35m[Kfloat n_vx[m[K, float n_vth)
      |                                                                                                       [01;35m[K~~~~~~^~~~[m[K
[01m[K/home/kgh/ws2/src/yzbot_stm32connect/src/plc.cpp:64:121:[m[K [01;35m[Kwarning: [m[Kunused parameter ‘[01m[Kn_vth[m[K’ [[01;35m[K-Wunused-parameter[m[K]
   64 | int PLC::pub_odom(short int vx, short int vy, short int t1, short int t2, float angle_v, float angle, float n_vx, [01;35m[Kfloat n_vth[m[K)
      |                                                                                                                   [01;35m[K~~~~~~^~~~~[m[K
[01m[K/home/kgh/ws2/src/yzbot_stm32connect/src/plc.cpp:[m[K In member function ‘[01m[Kvoid PLC::pub_robot_pose(int, int, double, double)[m[K’:
[01m[K/home/kgh/ws2/src/yzbot_stm32connect/src/plc.cpp:173:18:[m[K [01;35m[Kwarning: [m[Kunused variable ‘[01m[Ktrueth_angle[m[K’ [[01;35m[K-Wunused-variable[m[K]
  173 |     static float [01;35m[Ktrueth_angle[m[K = 0;
      |                  [01;35m[K^~~~~~~~~~~~[m[K
[01m[K/home/kgh/ws2/src/yzbot_stm32connect/src/plc.cpp:177:12:[m[K [01;35m[Kwarning: [m[Kunused variable ‘[01m[Kdt[m[K’ [[01;35m[K-Wunused-variable[m[K]
  177 |     double [01;35m[Kdt[m[K = (current_time - robot_pose_lasttime).seconds();
      |            [01;35m[K^~[m[K
[01m[K/home/kgh/ws2/src/yzbot_stm32connect/src/plc.cpp:183:12:[m[K [01;35m[Kwarning: [m[Kunused variable ‘[01m[Ksin_y[m[K’ [[01;35m[K-Wunused-variable[m[K]
  183 |     double [01;35m[Ksin_y[m[K = sin(my_robot_pose.robot_yaw + dt_th/2.0);
      |            [01;35m[K^~~~~[m[K
[01m[K/home/kgh/ws2/src/yzbot_stm32connect/src/plc.cpp:170:74:[m[K [01;35m[Kwarning: [m[Kunused parameter ‘[01m[Kangle_l[m[K’ [[01;35m[K-Wunused-parameter[m[K]
  170 | void PLC::pub_robot_pose(int left_t, int right_t, double angle_t, [01;35m[Kdouble angle_l[m[K)
      |                                                                   [01;35m[K~~~~~~~^~~~~~~[m[K
[01m[K/home/kgh/ws2/src/yzbot_stm32connect/src/plc.cpp:[m[K In member function ‘[01m[Kvoid PLC::plc_Timer_deal_odom()[m[K’:
[01m[K/home/kgh/ws2/src/yzbot_stm32connect/src/plc.cpp:247:7:[m[K [01;35m[Kwarning: [m[Kunused variable ‘[01m[Kget_odom[m[K’ [[01;35m[K-Wunused-variable[m[K]
  247 |   int [01;35m[Kget_odom[m[K = mRobotSerial->GetOdom(frameIndex, t1, t2, dbTh, dbTh_l, dbVth, fmq_status_flag, vx, vth);
      |       [01;35m[K^~~~~~~~[m[K
[01m[K/home/kgh/ws2/src/yzbot_stm32connect/src/plc.cpp:[m[K At global scope:
[01m[K/home/kgh/ws2/src/yzbot_stm32connect/src/plc.cpp:173:18:[m[K [01;35m[Kwarning: [m[K‘[01m[Ktrueth_angle[m[K’ defined but not used [[01;35m[K-Wunused-variable[m[K]
  173 |     static float [01;35m[Ktrueth_angle[m[K = 0;
      |                  [01;35m[K^~~~~~~~~~~~[m[K
/usr/bin/ld: CMakeFiles/stm32_connect.dir/src/pms.cpp.o:(.bss+0x0): multiple definition of `mRobotSerial'; CMakeFiles/stm32_connect.dir/src/plc.cpp.o:(.bss+0x0): first defined here
collect2: error: ld returned 1 exit status
make[2]: *** [CMakeFiles/stm32_connect.dir/build.make:222：stm32_connect] 错误 1
make[1]: *** [CMakeFiles/Makefile2:80：CMakeFiles/stm32_connect.dir/all] 错误 2
make: *** [Makefile:141：all] 错误 2
