[ 44%] Built target serial
[35m[1mScanning dependencies of target stm32_connect[0m
[ 55%] [32mBuilding CXX object CMakeFiles/stm32_connect.dir/src/pms.cpp.o[0m
[01m[K/home/kgh/ws2/src/yzbot_stm32connect/src/pms.cpp:[m[K In constructor ‘[01m[KPMS::PMS(RobotSerial*)[m[K’:
[01m[K/home/kgh/ws2/src/yzbot_stm32connect/src/pms.cpp:12:48:[m[K [01;31m[Kerror: [m[K‘[01m[Kget_callback[m[K’ is not a member of ‘[01m[KPMS[m[K’
   12 |         "your_topic_name", 10, std::bind(&PMS::[01;31m[Kget_callback[m[K, this, std::placeholders::_1));
      |                                                [01;31m[K^~~~~~~~~~~~[m[K
[01m[K/home/kgh/ws2/src/yzbot_stm32connect/src/pms.cpp:9:9:[m[K [01;35m[Kwarning: [m[Kunused variable ‘[01m[Kauto_charge_flag[m[K’ [[01;35m[K-Wunused-variable[m[K]
    9 |     int [01;35m[Kauto_charge_flag[m[K = 0;
      |         [01;35m[K^~~~~~~~~~~~~~~~[m[K
[01m[K/home/kgh/ws2/src/yzbot_stm32connect/src/pms.cpp:[m[K In function ‘[01m[Kvoid get_callback(yzbot_msgs::msg::ChargeCtrl_<std::allocator<void> >::SharedPtr)[m[K’:
[01m[K/home/kgh/ws2/src/yzbot_stm32connect/src/pms.cpp:19:5:[m[K [01;31m[Kerror: [m[K‘[01m[Kauto_charge_flag[m[K’ was not declared in this scope
   19 |     [01;31m[Kauto_charge_flag[m[K = msg->auto_charging_flag;
      |     [01;31m[K^~~~~~~~~~~~~~~~[m[K
In file included from [01m[K/opt/ros/foxy/include/rclcpp/service.hpp:34[m[K,
                 from [01m[K/opt/ros/foxy/include/rclcpp/callback_group.hpp:25[m[K,
                 from [01m[K/opt/ros/foxy/include/rclcpp/any_executable.hpp:20[m[K,
                 from [01m[K/opt/ros/foxy/include/rclcpp/memory_strategy.hpp:24[m[K,
                 from [01m[K/opt/ros/foxy/include/rclcpp/memory_strategies.hpp:18[m[K,
                 from [01m[K/opt/ros/foxy/include/rclcpp/executor_options.hpp:20[m[K,
                 from [01m[K/opt/ros/foxy/include/rclcpp/executor.hpp:33[m[K,
                 from [01m[K/opt/ros/foxy/include/rclcpp/executors/multi_threaded_executor.hpp:26[m[K,
                 from [01m[K/opt/ros/foxy/include/rclcpp/executors.hpp:21[m[K,
                 from [01m[K/opt/ros/foxy/include/rclcpp/rclcpp.hpp:146[m[K,
                 from [01m[K/home/kgh/ws2/src/yzbot_stm32connect/include/pms.hpp:4[m[K,
                 from [01m[K/home/kgh/ws2/src/yzbot_stm32connect/src/pms.cpp:1[m[K:
[01m[K/home/kgh/ws2/src/yzbot_stm32connect/src/pms.cpp:20:17:[m[K [01;31m[Kerror: [m[Kinvalid use of ‘[01m[Kthis[m[K’ in non-member function
   20 |     RCLCPP_INFO([01;31m[Kthis[m[K->get_logger(), "auto_charging_flag: %d", auto_charging_flag);
      |                 [01;31m[K^~~~[m[K
[01m[K/home/kgh/ws2/src/yzbot_stm32connect/src/pms.cpp:20:17:[m[K [01;31m[Kerror: [m[Kinvalid use of ‘[01m[Kthis[m[K’ in non-member function
[01m[K/home/kgh/ws2/src/yzbot_stm32connect/src/pms.cpp:20:5:[m[K [01;31m[Kerror: [m[Ktemplate argument 1 is invalid
   20 |     [01;31m[KRCLCPP_INFO[m[K(this->get_logger(), "auto_charging_flag: %d", auto_charging_flag);
      |     [01;31m[K^~~~~~~~~~~[m[K
[01m[K/home/kgh/ws2/src/yzbot_stm32connect/src/pms.cpp:20:5:[m[K [01;31m[Kerror: [m[Ktemplate argument 1 is invalid
   20 |     [01;31m[KRCLCPP_INFO[m[K(this->get_logger(), "auto_charging_flag: %d", auto_charging_flag);
      |     [01;31m[K^~~~~~~~~~~[m[K
[01m[K/home/kgh/ws2/src/yzbot_stm32connect/src/pms.cpp:20:5:[m[K [01;31m[Kerror: [m[Ktemplate argument 1 is invalid
   20 |     [01;31m[KRCLCPP_INFO[m[K(this->get_logger(), "auto_charging_flag: %d", auto_charging_flag);
      |     [01;31m[K^~~~~~~~~~~[m[K
In file included from [01m[K/opt/ros/foxy/include/rclcpp/client.hpp:40[m[K,
                 from [01m[K/opt/ros/foxy/include/rclcpp/callback_group.hpp:23[m[K,
                 from [01m[K/opt/ros/foxy/include/rclcpp/any_executable.hpp:20[m[K,
                 from [01m[K/opt/ros/foxy/include/rclcpp/memory_strategy.hpp:24[m[K,
                 from [01m[K/opt/ros/foxy/include/rclcpp/memory_strategies.hpp:18[m[K,
                 from [01m[K/opt/ros/foxy/include/rclcpp/executor_options.hpp:20[m[K,
                 from [01m[K/opt/ros/foxy/include/rclcpp/executor.hpp:33[m[K,
                 from [01m[K/opt/ros/foxy/include/rclcpp/executors/multi_threaded_executor.hpp:26[m[K,
                 from [01m[K/opt/ros/foxy/include/rclcpp/executors.hpp:21[m[K,
                 from [01m[K/opt/ros/foxy/include/rclcpp/rclcpp.hpp:146[m[K,
                 from [01m[K/home/kgh/ws2/src/yzbot_stm32connect/include/pms.hpp:4[m[K,
                 from [01m[K/home/kgh/ws2/src/yzbot_stm32connect/src/pms.cpp:1[m[K:
[01m[K/home/kgh/ws2/src/yzbot_stm32connect/src/pms.cpp:20:17:[m[K [01;31m[Kerror: [m[Kinvalid use of ‘[01m[Kthis[m[K’ in non-member function
   20 |     RCLCPP_INFO([01;31m[Kthis[m[K->get_logger(), "auto_charging_flag: %d", auto_charging_flag);
      |                 [01;31m[K^~~~[m[K
[01m[K/home/kgh/ws2/src/yzbot_stm32connect/src/pms.cpp:20:17:[m[K [01;31m[Kerror: [m[Kinvalid use of ‘[01m[Kthis[m[K’ in non-member function
   20 |     RCLCPP_INFO([01;31m[Kthis[m[K->get_logger(), "auto_charging_flag: %d", auto_charging_flag);
      |                 [01;31m[K^~~~[m[K
[01m[K/home/kgh/ws2/src/yzbot_stm32connect/src/pms.cpp:20:63:[m[K [01;31m[Kerror: [m[K‘[01m[Kauto_charging_flag[m[K’ was not declared in this scope
   20 |     RCLCPP_INFO(this->get_logger(), "auto_charging_flag: %d", [01;31m[Kauto_charging_flag[m[K);
      |                                                               [01;31m[K^~~~~~~~~~~~~~~~~~[m[K
[01m[K/home/kgh/ws2/src/yzbot_stm32connect/src/pms.cpp:22:9:[m[K [01;31m[Kerror: [m[K‘[01m[Kauto_charging_flag[m[K’ was not declared in this scope
   22 |     if ([01;31m[Kauto_charging_flag[m[K == 0) mRobotSerial->Auto_Charging(0);
      |         [01;31m[K^~~~~~~~~~~~~~~~~~[m[K
[01m[K/home/kgh/ws2/src/yzbot_stm32connect/src/pms.cpp:22:34:[m[K [01;31m[Kerror: [m[K‘[01m[KmRobotSerial[m[K’ was not declared in this scope; did you mean ‘[01m[KRobotSerial[m[K’?
   22 |     if (auto_charging_flag == 0) [01;31m[KmRobotSerial[m[K->Auto_Charging(0);
      |                                  [01;31m[K^~~~~~~~~~~~[m[K
      |                                  [32m[KRobotSerial[m[K
[01m[K/home/kgh/ws2/src/yzbot_stm32connect/src/pms.cpp:23:40:[m[K [01;31m[Kerror: [m[K‘[01m[KmRobotSerial[m[K’ was not declared in this scope; did you mean ‘[01m[KRobotSerial[m[K’?
   23 |     else if (auto_charging_flag == 1)  [01;31m[KmRobotSerial[m[K->Auto_Charging(1);
      |                                        [01;31m[K^~~~~~~~~~~~[m[K
      |                                        [32m[KRobotSerial[m[K
make[2]: *** [CMakeFiles/stm32_connect.dir/build.make:102：CMakeFiles/stm32_connect.dir/src/pms.cpp.o] 错误 1
make[1]: *** [CMakeFiles/Makefile2:80：CMakeFiles/stm32_connect.dir/all] 错误 2
make: *** [Makefile:141：all] 错误 2
