[0.113s] Invoking command in '/home/kgh/ws2/build/yzbot_stm32connect': CMAKE_PREFIX_PATH=/home/kgh/ws2/install/yzbot_msgs:/home/kgh/ws2/install/yzbot_stm32connect:/home/kgh/ws2/install/yzbot_nav2:/home/kgh/ws2/install/yzbot_cartographer:/home/kgh/ws2/install/nav2_system_tests:/home/kgh/ws2/install/nav2_bringup:/home/kgh/ws2/install/navigation2:/home/kgh/ws2/install/smac_planner:/home/kgh/ws2/install/nav2_dwb_controller:/home/kgh/ws2/install/nav2_controller:/home/kgh/ws2/install/dwb_plugins:/home/kgh/ws2/install/dwb_critics:/home/kgh/ws2/install/dwb_core:/home/kgh/ws2/install/nav_2d_utils:/home/kgh/ws2/install/dwb_msgs:/home/kgh/ws2/install/nav_2d_msgs:/home/kgh/ws2/install/nav2_waypoint_follower:/home/kgh/ws2/install/nav2_regulated_pure_pursuit_controller:/home/kgh/ws2/install/nav2_recoveries:/home/kgh/ws2/install/nav2_planner:/home/kgh/ws2/install/nav2_navfn_planner:/home/kgh/ws2/install/nav2_core:/home/kgh/ws2/install/costmap_queue:/home/kgh/ws2/install/nav2_costmap_2d:/home/kgh/ws2/install/nav2_voxel_grid:/home/kgh/ws2/install/nav2_rviz_plugins:/home/kgh/ws2/install/nav2_map_server:/home/kgh/ws2/install/nav2_lifecycle_manager:/home/kgh/ws2/install/nav2_bt_navigator:/home/kgh/ws2/install/nav2_behavior_tree:/home/kgh/ws2/install/nav2_amcl:/home/kgh/ws2/install/nav2_util:/home/kgh/ws2/install/nav2_msgs:/home/kgh/ws2/install/nav2_common:/home/kgh/ws2/install/bluesea2:/home/kgh/ws2/install/yzbot_description:/home/kgh/ws2/install/yzbot_controller:/home/kgh/ws2/install/nav2_gazebo_spawner:/opt/ros/foxy /usr/bin/cmake --build /home/kgh/ws2/build/yzbot_stm32connect -- -j16 -l16
[0.195s] [ 40%] Built target serial
[0.214s] [35m[1mScanning dependencies of target stm32_connect[0m
[0.285s] [ 60%] [32mBuilding CXX object CMakeFiles/stm32_connect.dir/src/stm32_connect.cpp.o[0m
[0.285s] [ 60%] [32mBuilding CXX object CMakeFiles/stm32_connect.dir/src/psc.cpp.o[0m
[2.288s] In file included from [01m[K/home/kgh/ws2/src/yzbot_stm32connect/src/psc.cpp:1[m[K:
[2.288s] [01m[K/home/kgh/ws2/src/yzbot_stm32connect/include/psc.hpp:87:51:[m[K [01;31m[Kerror: [m[K‘[01m[KPscHeadOffset[m[K’ in namespace ‘[01m[Kyzbot_msgs[m[K’ does not name a type
[2.288s]    87 |   void set_head_offset_callback(const yzbot_msgs::[01;31m[KPscHeadOffset[m[K &msg)
[2.288s]       |                                                   [01;31m[K^~~~~~~~~~~~~[m[K
[2.288s] [01m[K/home/kgh/ws2/src/yzbot_stm32connect/include/psc.hpp:87:69:[m[K [01;31m[Kerror: [m[Kexpected ‘[01m[K;[m[K’ at end of member declaration
[2.288s]    87 |   void set_head_offset_callback(const yzbot_msgs::PscHeadOffset &msg[01;31m[K)[m[K
[2.288s]       |                                                                     [01;31m[K^[m[K
[2.288s]       |                                                                      [32m[K;[m[K
[2.327s] [01m[K/home/kgh/ws2/src/yzbot_stm32connect/src/psc.cpp:[m[K In member function ‘[01m[Kvoid PSC::neck_Control_By_Key_callback(const PscKeyNeckControl&)[m[K’:
[2.327s] [01m[K/home/kgh/ws2/src/yzbot_stm32connect/src/psc.cpp:81:5:[m[K [01;31m[Kerror: [m[K‘[01m[Kpsc_key_neck_control_direction[m[K’ was not declared in this scope; did you mean ‘[01m[Kpsc_key_neck_control_flag[m[K’?
[2.327s]    81 |     [01;31m[Kpsc_key_neck_control_direction[m[K = msg.psc_neck_direction;
[2.327s]       |     [01;31m[K^~~~~~~~~~~~~~~~~~~~~~~~~~~~~~[m[K
[2.327s]       |     [32m[Kpsc_key_neck_control_flag[m[K
[2.336s] [01m[K/home/kgh/ws2/src/yzbot_stm32connect/src/psc.cpp:[m[K In member function ‘[01m[Kvoid PSC::head_control_by_key_callback(const PscKeyHeadControl&)[m[K’:
[2.336s] [01m[K/home/kgh/ws2/src/yzbot_stm32connect/src/psc.cpp:87:5:[m[K [01;31m[Kerror: [m[K‘[01m[Kpsc_key_head_control_direction[m[K’ was not declared in this scope
[2.336s]    87 |     [01;31m[Kpsc_key_head_control_direction[m[K = msg.psc_direction;
[2.336s]       |     [01;31m[K^~~~~~~~~~~~~~~~~~~~~~~~~~~~~~[m[K
[2.337s] [01m[K/home/kgh/ws2/src/yzbot_stm32connect/src/psc.cpp:87:42:[m[K [01;31m[Kerror: [m[K‘[01m[Kconst PscKeyHeadControl[m[K’ {aka ‘[01m[Kconst struct yzbot_msgs::msg::PscKeyHeadControl_<std::allocator<void> >[m[K’} has no member named ‘[01m[Kpsc_direction[m[K’; did you mean ‘[01m[Kpsc_head_direction[m[K’?
[2.337s]    87 |     psc_key_head_control_direction = msg.[01;31m[Kpsc_direction[m[K;
[2.337s]       |                                          [01;31m[K^~~~~~~~~~~~~[m[K
[2.337s]       |                                          [32m[Kpsc_head_direction[m[K
[2.337s] [01m[K/home/kgh/ws2/src/yzbot_stm32connect/src/psc.cpp:[m[K At global scope:
[2.337s] [01m[K/home/kgh/ws2/src/yzbot_stm32connect/src/psc.cpp:91:54:[m[K [01;31m[Kerror: [m[K‘[01m[KPscHeadOffset[m[K’ in namespace ‘[01m[Kyzbot_msgs[m[K’ does not name a type
[2.337s]    91 | void PSC::set_head_offset_callback(const yzbot_msgs::[01;31m[KPscHeadOffset[m[K &msg)
[2.337s]       |                                                      [01;31m[K^~~~~~~~~~~~~[m[K
[2.343s] [01m[K/home/kgh/ws2/src/yzbot_stm32connect/src/psc.cpp:[m[K In member function ‘[01m[Kvoid PSC::set_head_offset_callback(const int&)[m[K’:
[2.343s] [01m[K/home/kgh/ws2/src/yzbot_stm32connect/src/psc.cpp:93:5:[m[K [01;31m[Kerror: [m[K‘[01m[Kpsc_head_offset_en[m[K’ was not declared in this scope
[2.343s]    93 |     [01;31m[Kpsc_head_offset_en[m[K = msg.offset_set_en;
[2.343s]       |     [01;31m[K^~~~~~~~~~~~~~~~~~[m[K
[2.343s] [01m[K/home/kgh/ws2/src/yzbot_stm32connect/src/psc.cpp:93:30:[m[K [01;31m[Kerror: [m[Krequest for member ‘[01m[Koffset_set_en[m[K’ in ‘[01m[Kmsg[m[K’, which is of non-class type ‘[01m[Kconst int[m[K’
[2.343s]    93 |     psc_head_offset_en = msg.[01;31m[Koffset_set_en[m[K;
[2.343s]       |                              [01;31m[K^~~~~~~~~~~~~[m[K
[2.424s] In file included from [01m[K/home/kgh/ws2/src/yzbot_stm32connect/include/stm32_connect.hpp:8[m[K,
[2.424s]                  from [01m[K/home/kgh/ws2/src/yzbot_stm32connect/src/stm32_connect.cpp:1[m[K:
[2.424s] [01m[K/home/kgh/ws2/src/yzbot_stm32connect/include/psc.hpp:87:51:[m[K [01;31m[Kerror: [m[K‘[01m[KPscHeadOffset[m[K’ in namespace ‘[01m[Kyzbot_msgs[m[K’ does not name a type
[2.424s]    87 |   void set_head_offset_callback(const yzbot_msgs::[01;31m[KPscHeadOffset[m[K &msg)
[2.425s]       |                                                   [01;31m[K^~~~~~~~~~~~~[m[K
[2.425s] [01m[K/home/kgh/ws2/src/yzbot_stm32connect/include/psc.hpp:87:69:[m[K [01;31m[Kerror: [m[Kexpected ‘[01m[K;[m[K’ at end of member declaration
[2.425s]    87 |   void set_head_offset_callback(const yzbot_msgs::PscHeadOffset &msg[01;31m[K)[m[K
[2.425s]       |                                                                     [01;31m[K^[m[K
[2.425s]       |                                                                      [32m[K;[m[K
[3.057s] make[2]: *** [CMakeFiles/stm32_connect.dir/build.make:63：CMakeFiles/stm32_connect.dir/src/stm32_connect.cpp.o] 错误 1
[3.057s] make[2]: *** 正在等待未完成的任务....
[3.701s] make[2]: *** [CMakeFiles/stm32_connect.dir/build.make:115：CMakeFiles/stm32_connect.dir/src/psc.cpp.o] 错误 1
[3.702s] make[1]: *** [CMakeFiles/Makefile2:80：CMakeFiles/stm32_connect.dir/all] 错误 2
[3.702s] make: *** [Makefile:141：all] 错误 2
[3.705s] Invoked command in '/home/kgh/ws2/build/yzbot_stm32connect' returned '2': CMAKE_PREFIX_PATH=/home/kgh/ws2/install/yzbot_msgs:/home/kgh/ws2/install/yzbot_stm32connect:/home/kgh/ws2/install/yzbot_nav2:/home/kgh/ws2/install/yzbot_cartographer:/home/kgh/ws2/install/nav2_system_tests:/home/kgh/ws2/install/nav2_bringup:/home/kgh/ws2/install/navigation2:/home/kgh/ws2/install/smac_planner:/home/kgh/ws2/install/nav2_dwb_controller:/home/kgh/ws2/install/nav2_controller:/home/kgh/ws2/install/dwb_plugins:/home/kgh/ws2/install/dwb_critics:/home/kgh/ws2/install/dwb_core:/home/kgh/ws2/install/nav_2d_utils:/home/kgh/ws2/install/dwb_msgs:/home/kgh/ws2/install/nav_2d_msgs:/home/kgh/ws2/install/nav2_waypoint_follower:/home/kgh/ws2/install/nav2_regulated_pure_pursuit_controller:/home/kgh/ws2/install/nav2_recoveries:/home/kgh/ws2/install/nav2_planner:/home/kgh/ws2/install/nav2_navfn_planner:/home/kgh/ws2/install/nav2_core:/home/kgh/ws2/install/costmap_queue:/home/kgh/ws2/install/nav2_costmap_2d:/home/kgh/ws2/install/nav2_voxel_grid:/home/kgh/ws2/install/nav2_rviz_plugins:/home/kgh/ws2/install/nav2_map_server:/home/kgh/ws2/install/nav2_lifecycle_manager:/home/kgh/ws2/install/nav2_bt_navigator:/home/kgh/ws2/install/nav2_behavior_tree:/home/kgh/ws2/install/nav2_amcl:/home/kgh/ws2/install/nav2_util:/home/kgh/ws2/install/nav2_msgs:/home/kgh/ws2/install/nav2_common:/home/kgh/ws2/install/bluesea2:/home/kgh/ws2/install/yzbot_description:/home/kgh/ws2/install/yzbot_controller:/home/kgh/ws2/install/nav2_gazebo_spawner:/opt/ros/foxy /usr/bin/cmake --build /home/kgh/ws2/build/yzbot_stm32connect -- -j16 -l16
