[0.298s] Invoking command in '/home/kgh/ws2/build/dwb_msgs': CMAKE_PREFIX_PATH=/home/kgh/ws2/install/nav_2d_msgs:/home/kgh/ws2/install/yzbot_nav2:/home/kgh/ws2/install/yzbot_cartographer:/home/kgh/ws2/install/nav2_system_tests:/home/kgh/ws2/install/nav2_bringup:/home/kgh/ws2/install/navigation2:/home/kgh/ws2/install/smac_planner:/home/kgh/ws2/install/nav2_dwb_controller:/home/kgh/ws2/install/nav2_controller:/home/kgh/ws2/install/dwb_plugins:/home/kgh/ws2/install/dwb_critics:/home/kgh/ws2/install/dwb_core:/home/kgh/ws2/install/nav_2d_utils:/home/kgh/ws2/install/dwb_msgs:/home/kgh/ws2/install/nav2_waypoint_follower:/home/kgh/ws2/install/nav2_regulated_pure_pursuit_controller:/home/kgh/ws2/install/nav2_recoveries:/home/kgh/ws2/install/nav2_planner:/home/kgh/ws2/install/nav2_navfn_planner:/home/kgh/ws2/install/nav2_core:/home/kgh/ws2/install/costmap_queue:/home/kgh/ws2/install/nav2_costmap_2d:/home/kgh/ws2/install/nav2_voxel_grid:/home/kgh/ws2/install/nav2_rviz_plugins:/home/kgh/ws2/install/nav2_map_server:/home/kgh/ws2/install/nav2_lifecycle_manager:/home/kgh/ws2/install/nav2_bt_navigator:/home/kgh/ws2/install/nav2_behavior_tree:/home/kgh/ws2/install/nav2_amcl:/home/kgh/ws2/install/nav2_util:/home/kgh/ws2/install/nav2_msgs:/home/kgh/ws2/install/nav2_common:/home/kgh/ws2/install/bluesea2:/home/kgh/ws2/install/yzbot_description:/home/kgh/ws2/install/yzbot_controller:/home/kgh/ws2/install/nav2_gazebo_spawner:/opt/ros/foxy LD_LIBRARY_PATH=/home/kgh/ws2/install/nav_2d_msgs/lib:/home/kgh/ws2/install/smac_planner/lib:/home/kgh/ws2/install/nav2_controller/lib:/home/kgh/ws2/install/dwb_plugins/lib:/home/kgh/ws2/install/dwb_critics/lib:/home/kgh/ws2/install/dwb_core/lib:/home/kgh/ws2/install/nav_2d_utils/lib:/home/kgh/ws2/install/dwb_msgs/lib:/home/kgh/ws2/install/nav2_waypoint_follower/lib:/home/kgh/ws2/install/nav2_regulated_pure_pursuit_controller/lib:/home/kgh/ws2/install/nav2_recoveries/lib:/home/kgh/ws2/install/nav2_planner/lib:/home/kgh/ws2/install/nav2_navfn_planner/lib:/home/kgh/ws2/install/costmap_queue/lib:/home/kgh/ws2/install/nav2_costmap_2d/lib:/home/kgh/ws2/install/nav2_voxel_grid/lib:/home/kgh/ws2/install/nav2_rviz_plugins/lib:/home/kgh/ws2/install/nav2_map_server/lib:/home/kgh/ws2/install/nav2_lifecycle_manager/lib:/home/kgh/ws2/install/nav2_bt_navigator/lib:/home/kgh/ws2/install/nav2_behavior_tree/lib:/home/kgh/ws2/install/nav2_amcl/lib:/home/kgh/ws2/install/nav2_util/lib:/home/kgh/ws2/install/nav2_msgs/lib:/usr/lib/x86_64-linux-gnu/gazebo-11/plugins:/opt/ros/foxy/opt/yaml_cpp_vendor/lib:/opt/ros/foxy/opt/rviz_ogre_vendor/lib:/opt/ros/foxy/lib/x86_64-linux-gnu:/opt/ros/foxy/lib PYTHONPATH=/home/kgh/ws2/install/nav_2d_msgs/lib/python3.8/site-packages:/home/kgh/ws2/install/yzbot_description/lib/python3.8/site-packages:/home/kgh/ws2/install/yzbot_controller/lib/python3.8/site-packages:/home/kgh/ws2/install/dwb_msgs/lib/python3.8/site-packages:/home/kgh/ws2/install/nav2_msgs/lib/python3.8/site-packages:/home/kgh/ws2/install/nav2_gazebo_spawner/lib/python3.8/site-packages:/home/kgh/ws2/install/nav2_common/lib/python3.8/site-packages:/opt/ros/foxy/lib/python3.8/site-packages /usr/bin/cmake /home/kgh/ws2/src/navigation2/nav2_dwb_controller/dwb_msgs -DCMAKE_INSTALL_PREFIX=/home/kgh/ws2/install/dwb_msgs
[0.374s] -- The C compiler identification is GNU 9.4.0
[0.446s] -- The CXX compiler identification is GNU 9.4.0
[0.451s] -- Check for working C compiler: /usr/bin/cc
[0.608s] -- Check for working C compiler: /usr/bin/cc -- works
[0.608s] -- Detecting C compiler ABI info
[0.754s] -- Detecting C compiler ABI info - done
[0.774s] -- Detecting C compile features
[0.775s] -- Detecting C compile features - done
[0.779s] -- Check for working CXX compiler: /usr/bin/c++
[0.940s] -- Check for working CXX compiler: /usr/bin/c++ -- works
[0.941s] -- Detecting CXX compiler ABI info
[1.093s] -- Detecting CXX compiler ABI info - done
[1.110s] -- Detecting CXX compile features
[1.110s] -- Detecting CXX compile features - done
[1.114s] -- Found builtin_interfaces: 1.0.0 (/opt/ros/foxy/share/builtin_interfaces/cmake)
[1.144s] -- Found PythonInterp: /usr/bin/python3 (found suitable version "3.8.10", minimum required is "3") 
[1.144s] -- Using PYTHON_EXECUTABLE: /usr/bin/python3
[1.370s] -- Using all available rosidl_typesupport_c: rosidl_typesupport_fastrtps_c;rosidl_typesupport_introspection_c
[1.377s] -- Found rosidl_adapter: 1.3.1 (/opt/ros/foxy/share/rosidl_adapter/cmake)
[1.467s] -- Found OpenSSL: /usr/lib/x86_64-linux-gnu/libcrypto.so (found version "1.1.1f")  
[1.510s] -- Found FastRTPS: /opt/ros/foxy/include  
[1.625s] -- Using all available rosidl_typesupport_cpp: rosidl_typesupport_fastrtps_cpp;rosidl_typesupport_introspection_cpp
[1.667s] -- Found geometry_msgs: 2.0.5 (/opt/ros/foxy/share/geometry_msgs/cmake)
[1.758s] -- Found nav_2d_msgs: 0.4.7 (/home/kgh/ws2/install/nav_2d_msgs/share/nav_2d_msgs/cmake)
[1.851s] -- Found nav_msgs: 2.0.5 (/opt/ros/foxy/share/nav_msgs/cmake)
[1.915s] -- Found rosidl_default_generators: 1.0.1 (/opt/ros/foxy/share/rosidl_default_generators/cmake)
[1.951s] -- Found PythonInterp: /usr/bin/python3 (found version "3.8.10") 
[2.240s] -- Found ament_cmake_ros: 0.9.2 (/opt/ros/foxy/share/ament_cmake_ros/cmake)
[2.925s] -- Using all available rosidl_typesupport_c: rosidl_typesupport_fastrtps_c;rosidl_typesupport_introspection_c
[3.211s] -- Using all available rosidl_typesupport_cpp: rosidl_typesupport_fastrtps_cpp;rosidl_typesupport_introspection_cpp
[3.265s] -- Found PythonInterp: /usr/bin/python3 (found suitable version "3.8.10", minimum required is "3.5") 
[3.268s] -- Found python_cmake_module: 0.8.1 (/opt/ros/foxy/share/python_cmake_module/cmake)
[3.316s] -- Found PythonLibs: /usr/lib/x86_64-linux-gnu/libpython3.8.so (found suitable version "3.8.10", minimum required is "3.5") 
[3.316s] -- Using PYTHON_EXECUTABLE: /usr/bin/python3
[3.317s] -- Using PYTHON_INCLUDE_DIRS: /usr/include/python3.8
[3.317s] -- Using PYTHON_LIBRARIES: /usr/lib/x86_64-linux-gnu/libpython3.8.so
[3.392s] -- Found PythonExtra: .so  
[3.736s] -- Configuring done
[3.917s] -- Generating done
[3.925s] -- Build files have been written to: /home/kgh/ws2/build/dwb_msgs
[3.949s] Invoked command in '/home/kgh/ws2/build/dwb_msgs' returned '0': CMAKE_PREFIX_PATH=/home/kgh/ws2/install/nav_2d_msgs:/home/kgh/ws2/install/yzbot_nav2:/home/kgh/ws2/install/yzbot_cartographer:/home/kgh/ws2/install/nav2_system_tests:/home/kgh/ws2/install/nav2_bringup:/home/kgh/ws2/install/navigation2:/home/kgh/ws2/install/smac_planner:/home/kgh/ws2/install/nav2_dwb_controller:/home/kgh/ws2/install/nav2_controller:/home/kgh/ws2/install/dwb_plugins:/home/kgh/ws2/install/dwb_critics:/home/kgh/ws2/install/dwb_core:/home/kgh/ws2/install/nav_2d_utils:/home/kgh/ws2/install/dwb_msgs:/home/kgh/ws2/install/nav2_waypoint_follower:/home/kgh/ws2/install/nav2_regulated_pure_pursuit_controller:/home/kgh/ws2/install/nav2_recoveries:/home/kgh/ws2/install/nav2_planner:/home/kgh/ws2/install/nav2_navfn_planner:/home/kgh/ws2/install/nav2_core:/home/kgh/ws2/install/costmap_queue:/home/kgh/ws2/install/nav2_costmap_2d:/home/kgh/ws2/install/nav2_voxel_grid:/home/kgh/ws2/install/nav2_rviz_plugins:/home/kgh/ws2/install/nav2_map_server:/home/kgh/ws2/install/nav2_lifecycle_manager:/home/kgh/ws2/install/nav2_bt_navigator:/home/kgh/ws2/install/nav2_behavior_tree:/home/kgh/ws2/install/nav2_amcl:/home/kgh/ws2/install/nav2_util:/home/kgh/ws2/install/nav2_msgs:/home/kgh/ws2/install/nav2_common:/home/kgh/ws2/install/bluesea2:/home/kgh/ws2/install/yzbot_description:/home/kgh/ws2/install/yzbot_controller:/home/kgh/ws2/install/nav2_gazebo_spawner:/opt/ros/foxy LD_LIBRARY_PATH=/home/kgh/ws2/install/nav_2d_msgs/lib:/home/kgh/ws2/install/smac_planner/lib:/home/kgh/ws2/install/nav2_controller/lib:/home/kgh/ws2/install/dwb_plugins/lib:/home/kgh/ws2/install/dwb_critics/lib:/home/kgh/ws2/install/dwb_core/lib:/home/kgh/ws2/install/nav_2d_utils/lib:/home/kgh/ws2/install/dwb_msgs/lib:/home/kgh/ws2/install/nav2_waypoint_follower/lib:/home/kgh/ws2/install/nav2_regulated_pure_pursuit_controller/lib:/home/kgh/ws2/install/nav2_recoveries/lib:/home/kgh/ws2/install/nav2_planner/lib:/home/kgh/ws2/install/nav2_navfn_planner/lib:/home/kgh/ws2/install/costmap_queue/lib:/home/kgh/ws2/install/nav2_costmap_2d/lib:/home/kgh/ws2/install/nav2_voxel_grid/lib:/home/kgh/ws2/install/nav2_rviz_plugins/lib:/home/kgh/ws2/install/nav2_map_server/lib:/home/kgh/ws2/install/nav2_lifecycle_manager/lib:/home/kgh/ws2/install/nav2_bt_navigator/lib:/home/kgh/ws2/install/nav2_behavior_tree/lib:/home/kgh/ws2/install/nav2_amcl/lib:/home/kgh/ws2/install/nav2_util/lib:/home/kgh/ws2/install/nav2_msgs/lib:/usr/lib/x86_64-linux-gnu/gazebo-11/plugins:/opt/ros/foxy/opt/yaml_cpp_vendor/lib:/opt/ros/foxy/opt/rviz_ogre_vendor/lib:/opt/ros/foxy/lib/x86_64-linux-gnu:/opt/ros/foxy/lib PYTHONPATH=/home/kgh/ws2/install/nav_2d_msgs/lib/python3.8/site-packages:/home/kgh/ws2/install/yzbot_description/lib/python3.8/site-packages:/home/kgh/ws2/install/yzbot_controller/lib/python3.8/site-packages:/home/kgh/ws2/install/dwb_msgs/lib/python3.8/site-packages:/home/kgh/ws2/install/nav2_msgs/lib/python3.8/site-packages:/home/kgh/ws2/install/nav2_gazebo_spawner/lib/python3.8/site-packages:/home/kgh/ws2/install/nav2_common/lib/python3.8/site-packages:/opt/ros/foxy/lib/python3.8/site-packages /usr/bin/cmake /home/kgh/ws2/src/navigation2/nav2_dwb_controller/dwb_msgs -DCMAKE_INSTALL_PREFIX=/home/kgh/ws2/install/dwb_msgs
[3.951s] Invoking command in '/home/kgh/ws2/build/dwb_msgs': CMAKE_PREFIX_PATH=/home/kgh/ws2/install/nav_2d_msgs:/home/kgh/ws2/install/yzbot_nav2:/home/kgh/ws2/install/yzbot_cartographer:/home/kgh/ws2/install/nav2_system_tests:/home/kgh/ws2/install/nav2_bringup:/home/kgh/ws2/install/navigation2:/home/kgh/ws2/install/smac_planner:/home/kgh/ws2/install/nav2_dwb_controller:/home/kgh/ws2/install/nav2_controller:/home/kgh/ws2/install/dwb_plugins:/home/kgh/ws2/install/dwb_critics:/home/kgh/ws2/install/dwb_core:/home/kgh/ws2/install/nav_2d_utils:/home/kgh/ws2/install/dwb_msgs:/home/kgh/ws2/install/nav2_waypoint_follower:/home/kgh/ws2/install/nav2_regulated_pure_pursuit_controller:/home/kgh/ws2/install/nav2_recoveries:/home/kgh/ws2/install/nav2_planner:/home/kgh/ws2/install/nav2_navfn_planner:/home/kgh/ws2/install/nav2_core:/home/kgh/ws2/install/costmap_queue:/home/kgh/ws2/install/nav2_costmap_2d:/home/kgh/ws2/install/nav2_voxel_grid:/home/kgh/ws2/install/nav2_rviz_plugins:/home/kgh/ws2/install/nav2_map_server:/home/kgh/ws2/install/nav2_lifecycle_manager:/home/kgh/ws2/install/nav2_bt_navigator:/home/kgh/ws2/install/nav2_behavior_tree:/home/kgh/ws2/install/nav2_amcl:/home/kgh/ws2/install/nav2_util:/home/kgh/ws2/install/nav2_msgs:/home/kgh/ws2/install/nav2_common:/home/kgh/ws2/install/bluesea2:/home/kgh/ws2/install/yzbot_description:/home/kgh/ws2/install/yzbot_controller:/home/kgh/ws2/install/nav2_gazebo_spawner:/opt/ros/foxy LD_LIBRARY_PATH=/home/kgh/ws2/install/nav_2d_msgs/lib:/home/kgh/ws2/install/smac_planner/lib:/home/kgh/ws2/install/nav2_controller/lib:/home/kgh/ws2/install/dwb_plugins/lib:/home/kgh/ws2/install/dwb_critics/lib:/home/kgh/ws2/install/dwb_core/lib:/home/kgh/ws2/install/nav_2d_utils/lib:/home/kgh/ws2/install/dwb_msgs/lib:/home/kgh/ws2/install/nav2_waypoint_follower/lib:/home/kgh/ws2/install/nav2_regulated_pure_pursuit_controller/lib:/home/kgh/ws2/install/nav2_recoveries/lib:/home/kgh/ws2/install/nav2_planner/lib:/home/kgh/ws2/install/nav2_navfn_planner/lib:/home/kgh/ws2/install/costmap_queue/lib:/home/kgh/ws2/install/nav2_costmap_2d/lib:/home/kgh/ws2/install/nav2_voxel_grid/lib:/home/kgh/ws2/install/nav2_rviz_plugins/lib:/home/kgh/ws2/install/nav2_map_server/lib:/home/kgh/ws2/install/nav2_lifecycle_manager/lib:/home/kgh/ws2/install/nav2_bt_navigator/lib:/home/kgh/ws2/install/nav2_behavior_tree/lib:/home/kgh/ws2/install/nav2_amcl/lib:/home/kgh/ws2/install/nav2_util/lib:/home/kgh/ws2/install/nav2_msgs/lib:/usr/lib/x86_64-linux-gnu/gazebo-11/plugins:/opt/ros/foxy/opt/yaml_cpp_vendor/lib:/opt/ros/foxy/opt/rviz_ogre_vendor/lib:/opt/ros/foxy/lib/x86_64-linux-gnu:/opt/ros/foxy/lib PYTHONPATH=/home/kgh/ws2/install/nav_2d_msgs/lib/python3.8/site-packages:/home/kgh/ws2/install/yzbot_description/lib/python3.8/site-packages:/home/kgh/ws2/install/yzbot_controller/lib/python3.8/site-packages:/home/kgh/ws2/install/dwb_msgs/lib/python3.8/site-packages:/home/kgh/ws2/install/nav2_msgs/lib/python3.8/site-packages:/home/kgh/ws2/install/nav2_gazebo_spawner/lib/python3.8/site-packages:/home/kgh/ws2/install/nav2_common/lib/python3.8/site-packages:/opt/ros/foxy/lib/python3.8/site-packages /usr/bin/cmake --build /home/kgh/ws2/build/dwb_msgs -- -j16 -l16
[4.060s] [35m[1mScanning dependencies of target dwb_msgs__cpp[0m
[4.067s] [  1%] [34m[1mGenerating C code for ROS interfaces[0m
[4.098s] [  2%] [34m[1mGenerating C++ code for ROS interfaces[0m
[6.115s] [  2%] Built target dwb_msgs__cpp
[6.157s] [  3%] [34m[1mGenerating C++ type support dispatch for ROS interfaces[0m
[6.169s] [  4%] [34m[1mGenerating C++ type support for eProsima Fast-RTPS[0m
[6.202s] [  5%] [34m[1mGenerating C++ introspection for ROS interfaces[0m
[6.327s] [35m[1mScanning dependencies of target dwb_msgs__rosidl_generator_c[0m
[6.360s] [  6%] [32mBuilding C object CMakeFiles/dwb_msgs__rosidl_generator_c.dir/rosidl_generator_c/dwb_msgs/msg/detail/critic_score__functions.c.o[0m
[6.361s] [  8%] [32mBuilding C object CMakeFiles/dwb_msgs__rosidl_generator_c.dir/rosidl_generator_c/dwb_msgs/msg/detail/trajectory_score__functions.c.o[0m
[6.362s] [  8%] [32mBuilding C object CMakeFiles/dwb_msgs__rosidl_generator_c.dir/rosidl_generator_c/dwb_msgs/msg/detail/local_plan_evaluation__functions.c.o[0m
[6.365s] [  9%] [32mBuilding C object CMakeFiles/dwb_msgs__rosidl_generator_c.dir/rosidl_generator_c/dwb_msgs/msg/detail/trajectory2_d__functions.c.o[0m
[6.372s] [ 10%] [32mBuilding C object CMakeFiles/dwb_msgs__rosidl_generator_c.dir/rosidl_generator_c/dwb_msgs/srv/detail/debug_local_plan__functions.c.o[0m
[6.373s] [ 11%] [32mBuilding C object CMakeFiles/dwb_msgs__rosidl_generator_c.dir/rosidl_generator_c/dwb_msgs/srv/detail/generate_twists__functions.c.o[0m
[6.378s] [ 12%] [32mBuilding C object CMakeFiles/dwb_msgs__rosidl_generator_c.dir/rosidl_generator_c/dwb_msgs/srv/detail/generate_trajectory__functions.c.o[0m
[6.417s] [ 13%] [32mBuilding C object CMakeFiles/dwb_msgs__rosidl_generator_c.dir/rosidl_generator_c/dwb_msgs/srv/detail/get_critic_score__functions.c.o[0m
[6.420s] [ 14%] [32mBuilding C object CMakeFiles/dwb_msgs__rosidl_generator_c.dir/rosidl_generator_c/dwb_msgs/srv/detail/score_trajectory__functions.c.o[0m
[6.529s] [ 15%] [32m[1mLinking C shared library libdwb_msgs__rosidl_generator_c.so[0m
[6.571s] [ 15%] Built target dwb_msgs__rosidl_generator_c
[6.582s] [ 16%] [34m[1mGenerating C introspection for ROS interfaces[0m
[6.582s] [ 17%] [34m[1mGenerating C type support dispatch for ROS interfaces[0m
[6.833s] [35m[1mScanning dependencies of target dwb_msgs__rosidl_typesupport_cpp[0m
[6.855s] [ 18%] [32mBuilding CXX object CMakeFiles/dwb_msgs__rosidl_typesupport_cpp.dir/rosidl_typesupport_cpp/dwb_msgs/msg/critic_score__type_support.cpp.o[0m
[6.856s] [ 20%] [32mBuilding CXX object CMakeFiles/dwb_msgs__rosidl_typesupport_cpp.dir/rosidl_typesupport_cpp/dwb_msgs/msg/local_plan_evaluation__type_support.cpp.o[0m
[6.856s] [ 22%] [32mBuilding CXX object CMakeFiles/dwb_msgs__rosidl_typesupport_cpp.dir/rosidl_typesupport_cpp/dwb_msgs/msg/trajectory_score__type_support.cpp.o[0m
[6.856s] [ 22%] [32mBuilding CXX object CMakeFiles/dwb_msgs__rosidl_typesupport_cpp.dir/rosidl_typesupport_cpp/dwb_msgs/msg/trajectory2_d__type_support.cpp.o[0m
[6.856s] [ 23%] [32mBuilding CXX object CMakeFiles/dwb_msgs__rosidl_typesupport_cpp.dir/rosidl_typesupport_cpp/dwb_msgs/srv/debug_local_plan__type_support.cpp.o[0m
[6.857s] [ 24%] [32mBuilding CXX object CMakeFiles/dwb_msgs__rosidl_typesupport_cpp.dir/rosidl_typesupport_cpp/dwb_msgs/srv/generate_twists__type_support.cpp.o[0m
[6.858s] [ 25%] [32mBuilding CXX object CMakeFiles/dwb_msgs__rosidl_typesupport_cpp.dir/rosidl_typesupport_cpp/dwb_msgs/srv/generate_trajectory__type_support.cpp.o[0m
[6.867s] [ 26%] [32mBuilding CXX object CMakeFiles/dwb_msgs__rosidl_typesupport_cpp.dir/rosidl_typesupport_cpp/dwb_msgs/srv/get_critic_score__type_support.cpp.o[0m
[6.867s] [ 27%] [32mBuilding CXX object CMakeFiles/dwb_msgs__rosidl_typesupport_cpp.dir/rosidl_typesupport_cpp/dwb_msgs/srv/score_trajectory__type_support.cpp.o[0m
[7.131s] [35m[1mScanning dependencies of target dwb_msgs__rosidl_typesupport_introspection_cpp[0m
[7.192s] [ 28%] [32mBuilding CXX object CMakeFiles/dwb_msgs__rosidl_typesupport_introspection_cpp.dir/rosidl_typesupport_introspection_cpp/dwb_msgs/msg/detail/critic_score__type_support.cpp.o[0m
[7.211s] [ 29%] [32mBuilding CXX object CMakeFiles/dwb_msgs__rosidl_typesupport_introspection_cpp.dir/rosidl_typesupport_introspection_cpp/dwb_msgs/msg/detail/local_plan_evaluation__type_support.cpp.o[0m
[7.244s] [ 30%] [32mBuilding CXX object CMakeFiles/dwb_msgs__rosidl_typesupport_introspection_cpp.dir/rosidl_typesupport_introspection_cpp/dwb_msgs/msg/detail/trajectory_score__type_support.cpp.o[0m
[7.253s] [ 31%] [32mBuilding CXX object CMakeFiles/dwb_msgs__rosidl_typesupport_introspection_cpp.dir/rosidl_typesupport_introspection_cpp/dwb_msgs/msg/detail/trajectory2_d__type_support.cpp.o[0m
[7.313s] [ 32%] [32mBuilding CXX object CMakeFiles/dwb_msgs__rosidl_typesupport_introspection_cpp.dir/rosidl_typesupport_introspection_cpp/dwb_msgs/srv/detail/generate_trajectory__type_support.cpp.o[0m
[7.332s] [ 33%] [32mBuilding CXX object CMakeFiles/dwb_msgs__rosidl_typesupport_introspection_cpp.dir/rosidl_typesupport_introspection_cpp/dwb_msgs/srv/detail/generate_twists__type_support.cpp.o[0m
[7.333s] [ 34%] [32mBuilding CXX object CMakeFiles/dwb_msgs__rosidl_typesupport_introspection_cpp.dir/rosidl_typesupport_introspection_cpp/dwb_msgs/srv/detail/debug_local_plan__type_support.cpp.o[0m
[7.345s] [ 35%] [32mBuilding CXX object CMakeFiles/dwb_msgs__rosidl_typesupport_introspection_cpp.dir/rosidl_typesupport_introspection_cpp/dwb_msgs/srv/detail/get_critic_score__type_support.cpp.o[0m
[7.375s] [ 36%] [32mBuilding CXX object CMakeFiles/dwb_msgs__rosidl_typesupport_introspection_cpp.dir/rosidl_typesupport_introspection_cpp/dwb_msgs/srv/detail/score_trajectory__type_support.cpp.o[0m
[7.445s] [35m[1mScanning dependencies of target dwb_msgs__rosidl_typesupport_fastrtps_cpp[0m
[7.447s] [ 37%] [32m[1mLinking CXX shared library libdwb_msgs__rosidl_typesupport_cpp.so[0m
[7.466s] [35m[1mScanning dependencies of target dwb_msgs__rosidl_typesupport_c[0m
[7.503s] [ 40%] [32mBuilding CXX object CMakeFiles/dwb_msgs__rosidl_typesupport_fastrtps_cpp.dir/rosidl_typesupport_fastrtps_cpp/dwb_msgs/msg/detail/dds_fastrtps/local_plan_evaluation__type_support.cpp.o[0m
[7.504s] [ 38%] [32mBuilding CXX object CMakeFiles/dwb_msgs__rosidl_typesupport_fastrtps_cpp.dir/rosidl_typesupport_fastrtps_cpp/dwb_msgs/msg/detail/dds_fastrtps/trajectory2_d__type_support.cpp.o[0m
[7.510s] [ 41%] [32mBuilding CXX object CMakeFiles/dwb_msgs__rosidl_typesupport_fastrtps_cpp.dir/rosidl_typesupport_fastrtps_cpp/dwb_msgs/msg/detail/dds_fastrtps/trajectory_score__type_support.cpp.o[0m
[7.511s] [ 42%] [32mBuilding CXX object CMakeFiles/dwb_msgs__rosidl_typesupport_c.dir/rosidl_typesupport_c/dwb_msgs/msg/critic_score__type_support.cpp.o[0m
[7.514s] [ 43%] [32mBuilding CXX object CMakeFiles/dwb_msgs__rosidl_typesupport_fastrtps_cpp.dir/rosidl_typesupport_fastrtps_cpp/dwb_msgs/msg/detail/dds_fastrtps/critic_score__type_support.cpp.o[0m
[7.580s] [ 43%] Built target dwb_msgs__rosidl_typesupport_cpp
[7.617s] [ 44%] [32mBuilding CXX object CMakeFiles/dwb_msgs__rosidl_typesupport_c.dir/rosidl_typesupport_c/dwb_msgs/msg/local_plan_evaluation__type_support.cpp.o[0m
[7.688s] [ 45%] [32mBuilding CXX object CMakeFiles/dwb_msgs__rosidl_typesupport_fastrtps_cpp.dir/rosidl_typesupport_fastrtps_cpp/dwb_msgs/srv/detail/dds_fastrtps/debug_local_plan__type_support.cpp.o[0m
[7.741s] [ 46%] [32mBuilding CXX object CMakeFiles/dwb_msgs__rosidl_typesupport_c.dir/rosidl_typesupport_c/dwb_msgs/msg/trajectory2_d__type_support.cpp.o[0m
[7.841s] [ 47%] [32mBuilding CXX object CMakeFiles/dwb_msgs__rosidl_typesupport_fastrtps_cpp.dir/rosidl_typesupport_fastrtps_cpp/dwb_msgs/srv/detail/dds_fastrtps/generate_trajectory__type_support.cpp.o[0m
[7.848s] [ 48%] [32mBuilding CXX object CMakeFiles/dwb_msgs__rosidl_typesupport_c.dir/rosidl_typesupport_c/dwb_msgs/msg/trajectory_score__type_support.cpp.o[0m
[7.859s] [ 49%] [32mBuilding CXX object CMakeFiles/dwb_msgs__rosidl_typesupport_c.dir/rosidl_typesupport_c/dwb_msgs/srv/debug_local_plan__type_support.cpp.o[0m
[7.913s] [ 50%] [32mBuilding CXX object CMakeFiles/dwb_msgs__rosidl_typesupport_c.dir/rosidl_typesupport_c/dwb_msgs/srv/generate_trajectory__type_support.cpp.o[0m
[7.916s] [ 51%] [32mBuilding CXX object CMakeFiles/dwb_msgs__rosidl_typesupport_fastrtps_cpp.dir/rosidl_typesupport_fastrtps_cpp/dwb_msgs/srv/detail/dds_fastrtps/generate_twists__type_support.cpp.o[0m
[7.917s] [ 52%] [32mBuilding CXX object CMakeFiles/dwb_msgs__rosidl_typesupport_c.dir/rosidl_typesupport_c/dwb_msgs/srv/generate_twists__type_support.cpp.o[0m
[7.926s] [ 53%] [32mBuilding CXX object CMakeFiles/dwb_msgs__rosidl_typesupport_fastrtps_cpp.dir/rosidl_typesupport_fastrtps_cpp/dwb_msgs/srv/detail/dds_fastrtps/get_critic_score__type_support.cpp.o[0m
[7.928s] [ 54%] [32mBuilding CXX object CMakeFiles/dwb_msgs__rosidl_typesupport_c.dir/rosidl_typesupport_c/dwb_msgs/srv/get_critic_score__type_support.cpp.o[0m
[7.946s] [ 55%] [32mBuilding CXX object CMakeFiles/dwb_msgs__rosidl_typesupport_fastrtps_cpp.dir/rosidl_typesupport_fastrtps_cpp/dwb_msgs/srv/detail/dds_fastrtps/score_trajectory__type_support.cpp.o[0m
[7.960s] [ 56%] [32m[1mLinking CXX shared library libdwb_msgs__rosidl_typesupport_introspection_cpp.so[0m
[7.974s] [ 57%] [32mBuilding CXX object CMakeFiles/dwb_msgs__rosidl_typesupport_c.dir/rosidl_typesupport_c/dwb_msgs/srv/score_trajectory__type_support.cpp.o[0m
[8.008s] [35m[1mScanning dependencies of target dwb_msgs__rosidl_typesupport_introspection_c[0m
[8.066s] [ 58%] [32m[1mLinking CXX shared library libdwb_msgs__rosidl_typesupport_c.so[0m
[8.105s] [ 60%] [32mBuilding C object CMakeFiles/dwb_msgs__rosidl_typesupport_introspection_c.dir/rosidl_typesupport_introspection_c/dwb_msgs/msg/detail/trajectory2_d__type_support.c.o[0m
[8.112s] [ 61%] [32mBuilding C object CMakeFiles/dwb_msgs__rosidl_typesupport_introspection_c.dir/rosidl_typesupport_introspection_c/dwb_msgs/msg/detail/critic_score__type_support.c.o[0m
[8.117s] [ 62%] [32mBuilding C object CMakeFiles/dwb_msgs__rosidl_typesupport_introspection_c.dir/rosidl_typesupport_introspection_c/dwb_msgs/msg/detail/trajectory_score__type_support.c.o[0m
[8.120s] [ 63%] [32mBuilding C object CMakeFiles/dwb_msgs__rosidl_typesupport_introspection_c.dir/rosidl_typesupport_introspection_c/dwb_msgs/msg/detail/local_plan_evaluation__type_support.c.o[0m
[8.132s] [ 64%] [32mBuilding C object CMakeFiles/dwb_msgs__rosidl_typesupport_introspection_c.dir/rosidl_typesupport_introspection_c/dwb_msgs/srv/detail/debug_local_plan__type_support.c.o[0m
[8.183s] [ 65%] [32mBuilding C object CMakeFiles/dwb_msgs__rosidl_typesupport_introspection_c.dir/rosidl_typesupport_introspection_c/dwb_msgs/srv/detail/generate_trajectory__type_support.c.o[0m
[8.192s] [ 65%] Built target dwb_msgs__rosidl_typesupport_introspection_cpp
[8.211s] [ 66%] [32mBuilding C object CMakeFiles/dwb_msgs__rosidl_typesupport_introspection_c.dir/rosidl_typesupport_introspection_c/dwb_msgs/srv/detail/generate_twists__type_support.c.o[0m
[8.212s] [ 66%] Built target dwb_msgs__rosidl_typesupport_c
[8.227s] [ 67%] [32mBuilding C object CMakeFiles/dwb_msgs__rosidl_typesupport_introspection_c.dir/rosidl_typesupport_introspection_c/dwb_msgs/srv/detail/get_critic_score__type_support.c.o[0m
[8.242s] [ 68%] [32mBuilding C object CMakeFiles/dwb_msgs__rosidl_typesupport_introspection_c.dir/rosidl_typesupport_introspection_c/dwb_msgs/srv/detail/score_trajectory__type_support.c.o[0m
[8.287s] [ 69%] [32m[1mLinking C shared library libdwb_msgs__rosidl_typesupport_introspection_c.so[0m
[8.324s] [ 69%] Built target dwb_msgs__rosidl_typesupport_introspection_c
[8.572s] [ 70%] [32m[1mLinking CXX shared library libdwb_msgs__rosidl_typesupport_fastrtps_cpp.so[0m
[8.662s] [ 70%] Built target dwb_msgs__rosidl_typesupport_fastrtps_cpp
[8.673s] [ 71%] [34m[1mGenerating C type support for eProsima Fast-RTPS[0m
[9.318s] [35m[1mScanning dependencies of target dwb_msgs__rosidl_typesupport_fastrtps_c[0m
[9.357s] [ 74%] [32mBuilding CXX object CMakeFiles/dwb_msgs__rosidl_typesupport_fastrtps_c.dir/rosidl_typesupport_fastrtps_c/dwb_msgs/msg/detail/trajectory_score__type_support_c.cpp.o[0m
[9.357s] [ 74%] [32mBuilding CXX object CMakeFiles/dwb_msgs__rosidl_typesupport_fastrtps_c.dir/rosidl_typesupport_fastrtps_c/dwb_msgs/msg/detail/trajectory2_d__type_support_c.cpp.o[0m
[9.357s] [ 74%] [32mBuilding CXX object CMakeFiles/dwb_msgs__rosidl_typesupport_fastrtps_c.dir/rosidl_typesupport_fastrtps_c/dwb_msgs/msg/detail/local_plan_evaluation__type_support_c.cpp.o[0m
[9.357s] [ 75%] [32mBuilding CXX object CMakeFiles/dwb_msgs__rosidl_typesupport_fastrtps_c.dir/rosidl_typesupport_fastrtps_c/dwb_msgs/srv/detail/generate_trajectory__type_support_c.cpp.o[0m
[9.357s] [ 76%] [32mBuilding CXX object CMakeFiles/dwb_msgs__rosidl_typesupport_fastrtps_c.dir/rosidl_typesupport_fastrtps_c/dwb_msgs/srv/detail/debug_local_plan__type_support_c.cpp.o[0m
[9.357s] [ 77%] [32mBuilding CXX object CMakeFiles/dwb_msgs__rosidl_typesupport_fastrtps_c.dir/rosidl_typesupport_fastrtps_c/dwb_msgs/msg/detail/critic_score__type_support_c.cpp.o[0m
[9.358s] [ 78%] [32mBuilding CXX object CMakeFiles/dwb_msgs__rosidl_typesupport_fastrtps_c.dir/rosidl_typesupport_fastrtps_c/dwb_msgs/srv/detail/score_trajectory__type_support_c.cpp.o[0m
[9.358s] [ 80%] [32mBuilding CXX object CMakeFiles/dwb_msgs__rosidl_typesupport_fastrtps_c.dir/rosidl_typesupport_fastrtps_c/dwb_msgs/srv/detail/generate_twists__type_support_c.cpp.o[0m
[9.358s] [ 81%] [32mBuilding CXX object CMakeFiles/dwb_msgs__rosidl_typesupport_fastrtps_c.dir/rosidl_typesupport_fastrtps_c/dwb_msgs/srv/detail/get_critic_score__type_support_c.cpp.o[0m
[9.876s] [ 82%] [32m[1mLinking CXX shared library libdwb_msgs__rosidl_typesupport_fastrtps_c.so[0m
[9.966s] [ 82%] Built target dwb_msgs__rosidl_typesupport_fastrtps_c
[9.979s] [35m[1mScanning dependencies of target dwb_msgs[0m
[10.001s] [ 82%] Built target dwb_msgs
[10.012s] [35m[1mScanning dependencies of target dwb_msgs__py[0m
[10.021s] [ 83%] [34m[1mGenerating Python code for ROS interfaces[0m
[11.954s] [ 83%] Built target dwb_msgs__py
[11.964s] [35m[1mScanning dependencies of target dwb_msgs__python[0m
[11.999s] [ 84%] [32mBuilding C object CMakeFiles/dwb_msgs__python.dir/rosidl_generator_py/dwb_msgs/msg/_trajectory_score_s.c.o[0m
[11.999s] [ 85%] [32mBuilding C object CMakeFiles/dwb_msgs__python.dir/rosidl_generator_py/dwb_msgs/msg/_critic_score_s.c.o[0m
[11.999s] [ 87%] [32mBuilding C object CMakeFiles/dwb_msgs__python.dir/rosidl_generator_py/dwb_msgs/msg/_trajectory2_d_s.c.o[0m
[11.999s] [ 87%] [32mBuilding C object CMakeFiles/dwb_msgs__python.dir/rosidl_generator_py/dwb_msgs/msg/_local_plan_evaluation_s.c.o[0m
[12.000s] [ 88%] [32mBuilding C object CMakeFiles/dwb_msgs__python.dir/rosidl_generator_py/dwb_msgs/srv/_generate_twists_s.c.o[0m
[12.000s] [ 89%] [32mBuilding C object CMakeFiles/dwb_msgs__python.dir/rosidl_generator_py/dwb_msgs/srv/_debug_local_plan_s.c.o[0m
[12.001s] [ 90%] [32mBuilding C object CMakeFiles/dwb_msgs__python.dir/rosidl_generator_py/dwb_msgs/srv/_generate_trajectory_s.c.o[0m
[12.002s] [ 91%] [32mBuilding C object CMakeFiles/dwb_msgs__python.dir/rosidl_generator_py/dwb_msgs/srv/_score_trajectory_s.c.o[0m
[12.002s] [ 92%] [32mBuilding C object CMakeFiles/dwb_msgs__python.dir/rosidl_generator_py/dwb_msgs/srv/_get_critic_score_s.c.o[0m
[12.140s] [ 93%] [32m[1mLinking C shared library rosidl_generator_py/dwb_msgs/libdwb_msgs__python.so[0m
[12.188s] [ 93%] Built target dwb_msgs__python
[12.200s] [35m[1mScanning dependencies of target dwb_msgs__rosidl_typesupport_c__pyext[0m
[12.200s] [35m[1mScanning dependencies of target dwb_msgs__rosidl_typesupport_fastrtps_c__pyext[0m
[12.201s] [35m[1mScanning dependencies of target dwb_msgs__rosidl_typesupport_introspection_c__pyext[0m
[12.221s] [ 94%] [32mBuilding C object CMakeFiles/dwb_msgs__rosidl_typesupport_c__pyext.dir/rosidl_generator_py/dwb_msgs/_dwb_msgs_s.ep.rosidl_typesupport_c.c.o[0m
[12.221s] [ 95%] [32mBuilding C object CMakeFiles/dwb_msgs__rosidl_typesupport_fastrtps_c__pyext.dir/rosidl_generator_py/dwb_msgs/_dwb_msgs_s.ep.rosidl_typesupport_fastrtps_c.c.o[0m
[12.222s] [ 96%] [32mBuilding C object CMakeFiles/dwb_msgs__rosidl_typesupport_introspection_c__pyext.dir/rosidl_generator_py/dwb_msgs/_dwb_msgs_s.ep.rosidl_typesupport_introspection_c.c.o[0m
[12.329s] [ 98%] [32m[1mLinking C shared library rosidl_generator_py/dwb_msgs/dwb_msgs_s__rosidl_typesupport_introspection_c.cpython-38-x86_64-linux-gnu.so[0m
[12.329s] [ 98%] [32m[1mLinking C shared library rosidl_generator_py/dwb_msgs/dwb_msgs_s__rosidl_typesupport_c.cpython-38-x86_64-linux-gnu.so[0m
[12.329s] [100%] [32m[1mLinking CXX shared library rosidl_generator_py/dwb_msgs/dwb_msgs_s__rosidl_typesupport_fastrtps_c.cpython-38-x86_64-linux-gnu.so[0m
[12.369s] [100%] Built target dwb_msgs__rosidl_typesupport_c__pyext
[12.369s] [100%] Built target dwb_msgs__rosidl_typesupport_introspection_c__pyext
[12.393s] [100%] Built target dwb_msgs__rosidl_typesupport_fastrtps_c__pyext
[12.404s] Invoked command in '/home/kgh/ws2/build/dwb_msgs' returned '0': CMAKE_PREFIX_PATH=/home/kgh/ws2/install/nav_2d_msgs:/home/kgh/ws2/install/yzbot_nav2:/home/kgh/ws2/install/yzbot_cartographer:/home/kgh/ws2/install/nav2_system_tests:/home/kgh/ws2/install/nav2_bringup:/home/kgh/ws2/install/navigation2:/home/kgh/ws2/install/smac_planner:/home/kgh/ws2/install/nav2_dwb_controller:/home/kgh/ws2/install/nav2_controller:/home/kgh/ws2/install/dwb_plugins:/home/kgh/ws2/install/dwb_critics:/home/kgh/ws2/install/dwb_core:/home/kgh/ws2/install/nav_2d_utils:/home/kgh/ws2/install/dwb_msgs:/home/kgh/ws2/install/nav2_waypoint_follower:/home/kgh/ws2/install/nav2_regulated_pure_pursuit_controller:/home/kgh/ws2/install/nav2_recoveries:/home/kgh/ws2/install/nav2_planner:/home/kgh/ws2/install/nav2_navfn_planner:/home/kgh/ws2/install/nav2_core:/home/kgh/ws2/install/costmap_queue:/home/kgh/ws2/install/nav2_costmap_2d:/home/kgh/ws2/install/nav2_voxel_grid:/home/kgh/ws2/install/nav2_rviz_plugins:/home/kgh/ws2/install/nav2_map_server:/home/kgh/ws2/install/nav2_lifecycle_manager:/home/kgh/ws2/install/nav2_bt_navigator:/home/kgh/ws2/install/nav2_behavior_tree:/home/kgh/ws2/install/nav2_amcl:/home/kgh/ws2/install/nav2_util:/home/kgh/ws2/install/nav2_msgs:/home/kgh/ws2/install/nav2_common:/home/kgh/ws2/install/bluesea2:/home/kgh/ws2/install/yzbot_description:/home/kgh/ws2/install/yzbot_controller:/home/kgh/ws2/install/nav2_gazebo_spawner:/opt/ros/foxy LD_LIBRARY_PATH=/home/kgh/ws2/install/nav_2d_msgs/lib:/home/kgh/ws2/install/smac_planner/lib:/home/kgh/ws2/install/nav2_controller/lib:/home/kgh/ws2/install/dwb_plugins/lib:/home/kgh/ws2/install/dwb_critics/lib:/home/kgh/ws2/install/dwb_core/lib:/home/kgh/ws2/install/nav_2d_utils/lib:/home/kgh/ws2/install/dwb_msgs/lib:/home/kgh/ws2/install/nav2_waypoint_follower/lib:/home/kgh/ws2/install/nav2_regulated_pure_pursuit_controller/lib:/home/kgh/ws2/install/nav2_recoveries/lib:/home/kgh/ws2/install/nav2_planner/lib:/home/kgh/ws2/install/nav2_navfn_planner/lib:/home/kgh/ws2/install/costmap_queue/lib:/home/kgh/ws2/install/nav2_costmap_2d/lib:/home/kgh/ws2/install/nav2_voxel_grid/lib:/home/kgh/ws2/install/nav2_rviz_plugins/lib:/home/kgh/ws2/install/nav2_map_server/lib:/home/kgh/ws2/install/nav2_lifecycle_manager/lib:/home/kgh/ws2/install/nav2_bt_navigator/lib:/home/kgh/ws2/install/nav2_behavior_tree/lib:/home/kgh/ws2/install/nav2_amcl/lib:/home/kgh/ws2/install/nav2_util/lib:/home/kgh/ws2/install/nav2_msgs/lib:/usr/lib/x86_64-linux-gnu/gazebo-11/plugins:/opt/ros/foxy/opt/yaml_cpp_vendor/lib:/opt/ros/foxy/opt/rviz_ogre_vendor/lib:/opt/ros/foxy/lib/x86_64-linux-gnu:/opt/ros/foxy/lib PYTHONPATH=/home/kgh/ws2/install/nav_2d_msgs/lib/python3.8/site-packages:/home/kgh/ws2/install/yzbot_description/lib/python3.8/site-packages:/home/kgh/ws2/install/yzbot_controller/lib/python3.8/site-packages:/home/kgh/ws2/install/dwb_msgs/lib/python3.8/site-packages:/home/kgh/ws2/install/nav2_msgs/lib/python3.8/site-packages:/home/kgh/ws2/install/nav2_gazebo_spawner/lib/python3.8/site-packages:/home/kgh/ws2/install/nav2_common/lib/python3.8/site-packages:/opt/ros/foxy/lib/python3.8/site-packages /usr/bin/cmake --build /home/kgh/ws2/build/dwb_msgs -- -j16 -l16
[12.571s] Invoking command in '/home/kgh/ws2/build/dwb_msgs': CMAKE_PREFIX_PATH=/home/kgh/ws2/install/nav_2d_msgs:/home/kgh/ws2/install/yzbot_nav2:/home/kgh/ws2/install/yzbot_cartographer:/home/kgh/ws2/install/nav2_system_tests:/home/kgh/ws2/install/nav2_bringup:/home/kgh/ws2/install/navigation2:/home/kgh/ws2/install/smac_planner:/home/kgh/ws2/install/nav2_dwb_controller:/home/kgh/ws2/install/nav2_controller:/home/kgh/ws2/install/dwb_plugins:/home/kgh/ws2/install/dwb_critics:/home/kgh/ws2/install/dwb_core:/home/kgh/ws2/install/nav_2d_utils:/home/kgh/ws2/install/dwb_msgs:/home/kgh/ws2/install/nav2_waypoint_follower:/home/kgh/ws2/install/nav2_regulated_pure_pursuit_controller:/home/kgh/ws2/install/nav2_recoveries:/home/kgh/ws2/install/nav2_planner:/home/kgh/ws2/install/nav2_navfn_planner:/home/kgh/ws2/install/nav2_core:/home/kgh/ws2/install/costmap_queue:/home/kgh/ws2/install/nav2_costmap_2d:/home/kgh/ws2/install/nav2_voxel_grid:/home/kgh/ws2/install/nav2_rviz_plugins:/home/kgh/ws2/install/nav2_map_server:/home/kgh/ws2/install/nav2_lifecycle_manager:/home/kgh/ws2/install/nav2_bt_navigator:/home/kgh/ws2/install/nav2_behavior_tree:/home/kgh/ws2/install/nav2_amcl:/home/kgh/ws2/install/nav2_util:/home/kgh/ws2/install/nav2_msgs:/home/kgh/ws2/install/nav2_common:/home/kgh/ws2/install/bluesea2:/home/kgh/ws2/install/yzbot_description:/home/kgh/ws2/install/yzbot_controller:/home/kgh/ws2/install/nav2_gazebo_spawner:/opt/ros/foxy LD_LIBRARY_PATH=/home/kgh/ws2/install/nav_2d_msgs/lib:/home/kgh/ws2/install/smac_planner/lib:/home/kgh/ws2/install/nav2_controller/lib:/home/kgh/ws2/install/dwb_plugins/lib:/home/kgh/ws2/install/dwb_critics/lib:/home/kgh/ws2/install/dwb_core/lib:/home/kgh/ws2/install/nav_2d_utils/lib:/home/kgh/ws2/install/dwb_msgs/lib:/home/kgh/ws2/install/nav2_waypoint_follower/lib:/home/kgh/ws2/install/nav2_regulated_pure_pursuit_controller/lib:/home/kgh/ws2/install/nav2_recoveries/lib:/home/kgh/ws2/install/nav2_planner/lib:/home/kgh/ws2/install/nav2_navfn_planner/lib:/home/kgh/ws2/install/costmap_queue/lib:/home/kgh/ws2/install/nav2_costmap_2d/lib:/home/kgh/ws2/install/nav2_voxel_grid/lib:/home/kgh/ws2/install/nav2_rviz_plugins/lib:/home/kgh/ws2/install/nav2_map_server/lib:/home/kgh/ws2/install/nav2_lifecycle_manager/lib:/home/kgh/ws2/install/nav2_bt_navigator/lib:/home/kgh/ws2/install/nav2_behavior_tree/lib:/home/kgh/ws2/install/nav2_amcl/lib:/home/kgh/ws2/install/nav2_util/lib:/home/kgh/ws2/install/nav2_msgs/lib:/usr/lib/x86_64-linux-gnu/gazebo-11/plugins:/opt/ros/foxy/opt/yaml_cpp_vendor/lib:/opt/ros/foxy/opt/rviz_ogre_vendor/lib:/opt/ros/foxy/lib/x86_64-linux-gnu:/opt/ros/foxy/lib PYTHONPATH=/home/kgh/ws2/install/nav_2d_msgs/lib/python3.8/site-packages:/home/kgh/ws2/install/yzbot_description/lib/python3.8/site-packages:/home/kgh/ws2/install/yzbot_controller/lib/python3.8/site-packages:/home/kgh/ws2/install/dwb_msgs/lib/python3.8/site-packages:/home/kgh/ws2/install/nav2_msgs/lib/python3.8/site-packages:/home/kgh/ws2/install/nav2_gazebo_spawner/lib/python3.8/site-packages:/home/kgh/ws2/install/nav2_common/lib/python3.8/site-packages:/opt/ros/foxy/lib/python3.8/site-packages /usr/bin/cmake --install /home/kgh/ws2/build/dwb_msgs
[12.579s] -- Install configuration: ""
[12.579s] -- Installing: /home/kgh/ws2/install/dwb_msgs/share/ament_index/resource_index/rosidl_interfaces/dwb_msgs
[12.579s] -- Installing: /home/kgh/ws2/install/dwb_msgs/include/dwb_msgs
[12.579s] -- Installing: /home/kgh/ws2/install/dwb_msgs/include/dwb_msgs/msg
[12.579s] -- Installing: /home/kgh/ws2/install/dwb_msgs/include/dwb_msgs/msg/critic_score.h
[12.579s] -- Installing: /home/kgh/ws2/install/dwb_msgs/include/dwb_msgs/msg/rosidl_generator_c__visibility_control.h
[12.579s] -- Installing: /home/kgh/ws2/install/dwb_msgs/include/dwb_msgs/msg/local_plan_evaluation.h
[12.580s] -- Installing: /home/kgh/ws2/install/dwb_msgs/include/dwb_msgs/msg/trajectory2_d.h
[12.580s] -- Installing: /home/kgh/ws2/install/dwb_msgs/include/dwb_msgs/msg/detail
[12.580s] -- Installing: /home/kgh/ws2/install/dwb_msgs/include/dwb_msgs/msg/detail/trajectory_score__functions.h
[12.580s] -- Installing: /home/kgh/ws2/install/dwb_msgs/include/dwb_msgs/msg/detail/trajectory2_d__functions.c
[12.580s] -- Installing: /home/kgh/ws2/install/dwb_msgs/include/dwb_msgs/msg/detail/critic_score__functions.c
[12.580s] -- Installing: /home/kgh/ws2/install/dwb_msgs/include/dwb_msgs/msg/detail/local_plan_evaluation__type_support.h
[12.580s] -- Installing: /home/kgh/ws2/install/dwb_msgs/include/dwb_msgs/msg/detail/local_plan_evaluation__functions.c
[12.580s] -- Installing: /home/kgh/ws2/install/dwb_msgs/include/dwb_msgs/msg/detail/trajectory2_d__functions.h
[12.580s] -- Installing: /home/kgh/ws2/install/dwb_msgs/include/dwb_msgs/msg/detail/local_plan_evaluation__struct.h
[12.580s] -- Installing: /home/kgh/ws2/install/dwb_msgs/include/dwb_msgs/msg/detail/trajectory_score__struct.h
[12.580s] -- Installing: /home/kgh/ws2/install/dwb_msgs/include/dwb_msgs/msg/detail/local_plan_evaluation__functions.h
[12.580s] -- Installing: /home/kgh/ws2/install/dwb_msgs/include/dwb_msgs/msg/detail/critic_score__functions.h
[12.581s] -- Installing: /home/kgh/ws2/install/dwb_msgs/include/dwb_msgs/msg/detail/trajectory2_d__struct.h
[12.581s] -- Installing: /home/kgh/ws2/install/dwb_msgs/include/dwb_msgs/msg/detail/critic_score__struct.h
[12.581s] -- Installing: /home/kgh/ws2/install/dwb_msgs/include/dwb_msgs/msg/detail/trajectory2_d__type_support.h
[12.581s] -- Installing: /home/kgh/ws2/install/dwb_msgs/include/dwb_msgs/msg/detail/trajectory_score__functions.c
[12.581s] -- Installing: /home/kgh/ws2/install/dwb_msgs/include/dwb_msgs/msg/detail/critic_score__type_support.h
[12.581s] -- Installing: /home/kgh/ws2/install/dwb_msgs/include/dwb_msgs/msg/detail/trajectory_score__type_support.h
[12.581s] -- Installing: /home/kgh/ws2/install/dwb_msgs/include/dwb_msgs/msg/trajectory_score.h
[12.581s] -- Installing: /home/kgh/ws2/install/dwb_msgs/include/dwb_msgs/srv
[12.581s] -- Installing: /home/kgh/ws2/install/dwb_msgs/include/dwb_msgs/srv/score_trajectory.h
[12.581s] -- Installing: /home/kgh/ws2/install/dwb_msgs/include/dwb_msgs/srv/generate_twists.h
[12.581s] -- Installing: /home/kgh/ws2/install/dwb_msgs/include/dwb_msgs/srv/get_critic_score.h
[12.581s] -- Installing: /home/kgh/ws2/install/dwb_msgs/include/dwb_msgs/srv/generate_trajectory.h
[12.581s] -- Installing: /home/kgh/ws2/install/dwb_msgs/include/dwb_msgs/srv/detail
[12.582s] -- Installing: /home/kgh/ws2/install/dwb_msgs/include/dwb_msgs/srv/detail/generate_twists__functions.c
[12.582s] -- Installing: /home/kgh/ws2/install/dwb_msgs/include/dwb_msgs/srv/detail/score_trajectory__struct.h
[12.582s] -- Installing: /home/kgh/ws2/install/dwb_msgs/include/dwb_msgs/srv/detail/score_trajectory__functions.c
[12.582s] -- Installing: /home/kgh/ws2/install/dwb_msgs/include/dwb_msgs/srv/detail/score_trajectory__functions.h
[12.582s] -- Installing: /home/kgh/ws2/install/dwb_msgs/include/dwb_msgs/srv/detail/get_critic_score__functions.c
[12.582s] -- Installing: /home/kgh/ws2/install/dwb_msgs/include/dwb_msgs/srv/detail/generate_twists__struct.h
[12.582s] -- Installing: /home/kgh/ws2/install/dwb_msgs/include/dwb_msgs/srv/detail/generate_trajectory__functions.h
[12.582s] -- Installing: /home/kgh/ws2/install/dwb_msgs/include/dwb_msgs/srv/detail/generate_twists__type_support.h
[12.582s] -- Installing: /home/kgh/ws2/install/dwb_msgs/include/dwb_msgs/srv/detail/score_trajectory__type_support.h
[12.582s] -- Installing: /home/kgh/ws2/install/dwb_msgs/include/dwb_msgs/srv/detail/generate_trajectory__functions.c
[12.582s] -- Installing: /home/kgh/ws2/install/dwb_msgs/include/dwb_msgs/srv/detail/debug_local_plan__functions.c
[12.583s] -- Installing: /home/kgh/ws2/install/dwb_msgs/include/dwb_msgs/srv/detail/debug_local_plan__functions.h
[12.583s] -- Installing: /home/kgh/ws2/install/dwb_msgs/include/dwb_msgs/srv/detail/get_critic_score__type_support.h
[12.583s] -- Installing: /home/kgh/ws2/install/dwb_msgs/include/dwb_msgs/srv/detail/generate_twists__functions.h
[12.583s] -- Installing: /home/kgh/ws2/install/dwb_msgs/include/dwb_msgs/srv/detail/debug_local_plan__type_support.h
[12.583s] -- Installing: /home/kgh/ws2/install/dwb_msgs/include/dwb_msgs/srv/detail/generate_trajectory__struct.h
[12.583s] -- Installing: /home/kgh/ws2/install/dwb_msgs/include/dwb_msgs/srv/detail/get_critic_score__functions.h
[12.583s] -- Installing: /home/kgh/ws2/install/dwb_msgs/include/dwb_msgs/srv/detail/generate_trajectory__type_support.h
[12.583s] -- Installing: /home/kgh/ws2/install/dwb_msgs/include/dwb_msgs/srv/detail/debug_local_plan__struct.h
[12.583s] -- Installing: /home/kgh/ws2/install/dwb_msgs/include/dwb_msgs/srv/detail/get_critic_score__struct.h
[12.583s] -- Installing: /home/kgh/ws2/install/dwb_msgs/include/dwb_msgs/srv/debug_local_plan.h
[12.583s] -- Installing: /home/kgh/ws2/install/dwb_msgs/share/dwb_msgs/environment/library_path.sh
[12.583s] -- Installing: /home/kgh/ws2/install/dwb_msgs/share/dwb_msgs/environment/library_path.dsv
[12.584s] -- Installing: /home/kgh/ws2/install/dwb_msgs/lib/libdwb_msgs__rosidl_generator_c.so
[12.584s] -- Set runtime path of "/home/kgh/ws2/install/dwb_msgs/lib/libdwb_msgs__rosidl_generator_c.so" to ""
[12.584s] -- Up-to-date: /home/kgh/ws2/install/dwb_msgs/include/dwb_msgs
[12.584s] -- Up-to-date: /home/kgh/ws2/install/dwb_msgs/include/dwb_msgs/msg
[12.584s] -- Installing: /home/kgh/ws2/install/dwb_msgs/include/dwb_msgs/msg/rosidl_typesupport_fastrtps_c__visibility_control.h
[12.584s] -- Up-to-date: /home/kgh/ws2/install/dwb_msgs/include/dwb_msgs/msg/detail
[12.584s] -- Installing: /home/kgh/ws2/install/dwb_msgs/include/dwb_msgs/msg/detail/local_plan_evaluation__rosidl_typesupport_fastrtps_c.h
[12.585s] -- Installing: /home/kgh/ws2/install/dwb_msgs/include/dwb_msgs/msg/detail/trajectory_score__rosidl_typesupport_fastrtps_c.h
[12.585s] -- Installing: /home/kgh/ws2/install/dwb_msgs/include/dwb_msgs/msg/detail/trajectory2_d__rosidl_typesupport_fastrtps_c.h
[12.585s] -- Installing: /home/kgh/ws2/install/dwb_msgs/include/dwb_msgs/msg/detail/critic_score__rosidl_typesupport_fastrtps_c.h
[12.585s] -- Up-to-date: /home/kgh/ws2/install/dwb_msgs/include/dwb_msgs/srv
[12.585s] -- Up-to-date: /home/kgh/ws2/install/dwb_msgs/include/dwb_msgs/srv/detail
[12.585s] -- Installing: /home/kgh/ws2/install/dwb_msgs/include/dwb_msgs/srv/detail/score_trajectory__rosidl_typesupport_fastrtps_c.h
[12.585s] -- Installing: /home/kgh/ws2/install/dwb_msgs/include/dwb_msgs/srv/detail/get_critic_score__rosidl_typesupport_fastrtps_c.h
[12.585s] -- Installing: /home/kgh/ws2/install/dwb_msgs/include/dwb_msgs/srv/detail/generate_trajectory__rosidl_typesupport_fastrtps_c.h
[12.585s] -- Installing: /home/kgh/ws2/install/dwb_msgs/include/dwb_msgs/srv/detail/generate_twists__rosidl_typesupport_fastrtps_c.h
[12.585s] -- Installing: /home/kgh/ws2/install/dwb_msgs/include/dwb_msgs/srv/detail/debug_local_plan__rosidl_typesupport_fastrtps_c.h
[12.586s] -- Installing: /home/kgh/ws2/install/dwb_msgs/lib/libdwb_msgs__rosidl_typesupport_fastrtps_c.so
[12.586s] -- Set runtime path of "/home/kgh/ws2/install/dwb_msgs/lib/libdwb_msgs__rosidl_typesupport_fastrtps_c.so" to ""
[12.586s] -- Up-to-date: /home/kgh/ws2/install/dwb_msgs/include/dwb_msgs
[12.586s] -- Up-to-date: /home/kgh/ws2/install/dwb_msgs/include/dwb_msgs/msg
[12.586s] -- Installing: /home/kgh/ws2/install/dwb_msgs/include/dwb_msgs/msg/rosidl_typesupport_fastrtps_cpp__visibility_control.h
[12.586s] -- Up-to-date: /home/kgh/ws2/install/dwb_msgs/include/dwb_msgs/msg/detail
[12.586s] -- Installing: /home/kgh/ws2/install/dwb_msgs/include/dwb_msgs/msg/detail/trajectory2_d__rosidl_typesupport_fastrtps_cpp.hpp
[12.586s] -- Installing: /home/kgh/ws2/install/dwb_msgs/include/dwb_msgs/msg/detail/critic_score__rosidl_typesupport_fastrtps_cpp.hpp
[12.586s] -- Installing: /home/kgh/ws2/install/dwb_msgs/include/dwb_msgs/msg/detail/local_plan_evaluation__rosidl_typesupport_fastrtps_cpp.hpp
[12.587s] -- Installing: /home/kgh/ws2/install/dwb_msgs/include/dwb_msgs/msg/detail/dds_fastrtps
[12.587s] -- Installing: /home/kgh/ws2/install/dwb_msgs/include/dwb_msgs/msg/detail/trajectory_score__rosidl_typesupport_fastrtps_cpp.hpp
[12.587s] -- Up-to-date: /home/kgh/ws2/install/dwb_msgs/include/dwb_msgs/srv
[12.587s] -- Up-to-date: /home/kgh/ws2/install/dwb_msgs/include/dwb_msgs/srv/detail
[12.587s] -- Installing: /home/kgh/ws2/install/dwb_msgs/include/dwb_msgs/srv/detail/debug_local_plan__rosidl_typesupport_fastrtps_cpp.hpp
[12.587s] -- Installing: /home/kgh/ws2/install/dwb_msgs/include/dwb_msgs/srv/detail/dds_fastrtps
[12.587s] -- Installing: /home/kgh/ws2/install/dwb_msgs/include/dwb_msgs/srv/detail/score_trajectory__rosidl_typesupport_fastrtps_cpp.hpp
[12.587s] -- Installing: /home/kgh/ws2/install/dwb_msgs/include/dwb_msgs/srv/detail/generate_trajectory__rosidl_typesupport_fastrtps_cpp.hpp
[12.587s] -- Installing: /home/kgh/ws2/install/dwb_msgs/include/dwb_msgs/srv/detail/get_critic_score__rosidl_typesupport_fastrtps_cpp.hpp
[12.587s] -- Installing: /home/kgh/ws2/install/dwb_msgs/include/dwb_msgs/srv/detail/generate_twists__rosidl_typesupport_fastrtps_cpp.hpp
[12.587s] -- Installing: /home/kgh/ws2/install/dwb_msgs/lib/libdwb_msgs__rosidl_typesupport_fastrtps_cpp.so
[12.588s] -- Set runtime path of "/home/kgh/ws2/install/dwb_msgs/lib/libdwb_msgs__rosidl_typesupport_fastrtps_cpp.so" to ""
[12.588s] -- Up-to-date: /home/kgh/ws2/install/dwb_msgs/include/dwb_msgs
[12.588s] -- Up-to-date: /home/kgh/ws2/install/dwb_msgs/include/dwb_msgs/msg
[12.588s] -- Installing: /home/kgh/ws2/install/dwb_msgs/include/dwb_msgs/msg/rosidl_typesupport_introspection_c__visibility_control.h
[12.588s] -- Up-to-date: /home/kgh/ws2/install/dwb_msgs/include/dwb_msgs/msg/detail
[12.588s] -- Installing: /home/kgh/ws2/install/dwb_msgs/include/dwb_msgs/msg/detail/trajectory2_d__type_support.c
[12.588s] -- Installing: /home/kgh/ws2/install/dwb_msgs/include/dwb_msgs/msg/detail/trajectory_score__rosidl_typesupport_introspection_c.h
[12.588s] -- Installing: /home/kgh/ws2/install/dwb_msgs/include/dwb_msgs/msg/detail/local_plan_evaluation__rosidl_typesupport_introspection_c.h
[12.588s] -- Installing: /home/kgh/ws2/install/dwb_msgs/include/dwb_msgs/msg/detail/critic_score__rosidl_typesupport_introspection_c.h
[12.588s] -- Installing: /home/kgh/ws2/install/dwb_msgs/include/dwb_msgs/msg/detail/local_plan_evaluation__type_support.c
[12.588s] -- Installing: /home/kgh/ws2/install/dwb_msgs/include/dwb_msgs/msg/detail/trajectory2_d__rosidl_typesupport_introspection_c.h
[12.588s] -- Installing: /home/kgh/ws2/install/dwb_msgs/include/dwb_msgs/msg/detail/trajectory_score__type_support.c
[12.588s] -- Installing: /home/kgh/ws2/install/dwb_msgs/include/dwb_msgs/msg/detail/critic_score__type_support.c
[12.589s] -- Up-to-date: /home/kgh/ws2/install/dwb_msgs/include/dwb_msgs/srv
[12.589s] -- Up-to-date: /home/kgh/ws2/install/dwb_msgs/include/dwb_msgs/srv/detail
[12.589s] -- Installing: /home/kgh/ws2/install/dwb_msgs/include/dwb_msgs/srv/detail/score_trajectory__rosidl_typesupport_introspection_c.h
[12.589s] -- Installing: /home/kgh/ws2/install/dwb_msgs/include/dwb_msgs/srv/detail/generate_twists__rosidl_typesupport_introspection_c.h
[12.589s] -- Installing: /home/kgh/ws2/install/dwb_msgs/include/dwb_msgs/srv/detail/score_trajectory__type_support.c
[12.589s] -- Installing: /home/kgh/ws2/install/dwb_msgs/include/dwb_msgs/srv/detail/generate_trajectory__rosidl_typesupport_introspection_c.h
[12.589s] -- Installing: /home/kgh/ws2/install/dwb_msgs/include/dwb_msgs/srv/detail/generate_twists__type_support.c
[12.589s] -- Installing: /home/kgh/ws2/install/dwb_msgs/include/dwb_msgs/srv/detail/get_critic_score__type_support.c
[12.589s] -- Installing: /home/kgh/ws2/install/dwb_msgs/include/dwb_msgs/srv/detail/debug_local_plan__rosidl_typesupport_introspection_c.h
[12.589s] -- Installing: /home/kgh/ws2/install/dwb_msgs/include/dwb_msgs/srv/detail/debug_local_plan__type_support.c
[12.589s] -- Installing: /home/kgh/ws2/install/dwb_msgs/include/dwb_msgs/srv/detail/generate_trajectory__type_support.c
[12.589s] -- Installing: /home/kgh/ws2/install/dwb_msgs/include/dwb_msgs/srv/detail/get_critic_score__rosidl_typesupport_introspection_c.h
[12.589s] -- Installing: /home/kgh/ws2/install/dwb_msgs/lib/libdwb_msgs__rosidl_typesupport_introspection_c.so
[12.589s] -- Set runtime path of "/home/kgh/ws2/install/dwb_msgs/lib/libdwb_msgs__rosidl_typesupport_introspection_c.so" to ""
[12.590s] -- Installing: /home/kgh/ws2/install/dwb_msgs/lib/libdwb_msgs__rosidl_typesupport_c.so
[12.590s] -- Set runtime path of "/home/kgh/ws2/install/dwb_msgs/lib/libdwb_msgs__rosidl_typesupport_c.so" to ""
[12.590s] -- Up-to-date: /home/kgh/ws2/install/dwb_msgs/include/dwb_msgs
[12.590s] -- Up-to-date: /home/kgh/ws2/install/dwb_msgs/include/dwb_msgs/msg
[12.590s] -- Installing: /home/kgh/ws2/install/dwb_msgs/include/dwb_msgs/msg/critic_score.hpp
[12.590s] -- Installing: /home/kgh/ws2/install/dwb_msgs/include/dwb_msgs/msg/trajectory2_d.hpp
[12.590s] -- Installing: /home/kgh/ws2/install/dwb_msgs/include/dwb_msgs/msg/rosidl_generator_cpp__visibility_control.hpp
[12.590s] -- Installing: /home/kgh/ws2/install/dwb_msgs/include/dwb_msgs/msg/local_plan_evaluation.hpp
[12.590s] -- Up-to-date: /home/kgh/ws2/install/dwb_msgs/include/dwb_msgs/msg/detail
[12.591s] -- Installing: /home/kgh/ws2/install/dwb_msgs/include/dwb_msgs/msg/detail/critic_score__type_support.hpp
[12.591s] -- Installing: /home/kgh/ws2/install/dwb_msgs/include/dwb_msgs/msg/detail/trajectory_score__builder.hpp
[12.591s] -- Installing: /home/kgh/ws2/install/dwb_msgs/include/dwb_msgs/msg/detail/critic_score__struct.hpp
[12.591s] -- Installing: /home/kgh/ws2/install/dwb_msgs/include/dwb_msgs/msg/detail/critic_score__traits.hpp
[12.591s] -- Installing: /home/kgh/ws2/install/dwb_msgs/include/dwb_msgs/msg/detail/local_plan_evaluation__builder.hpp
[12.591s] -- Installing: /home/kgh/ws2/install/dwb_msgs/include/dwb_msgs/msg/detail/local_plan_evaluation__type_support.hpp
[12.591s] -- Installing: /home/kgh/ws2/install/dwb_msgs/include/dwb_msgs/msg/detail/trajectory_score__traits.hpp
[12.591s] -- Installing: /home/kgh/ws2/install/dwb_msgs/include/dwb_msgs/msg/detail/local_plan_evaluation__struct.hpp
[12.591s] -- Installing: /home/kgh/ws2/install/dwb_msgs/include/dwb_msgs/msg/detail/trajectory2_d__struct.hpp
[12.591s] -- Installing: /home/kgh/ws2/install/dwb_msgs/include/dwb_msgs/msg/detail/trajectory2_d__traits.hpp
[12.591s] -- Installing: /home/kgh/ws2/install/dwb_msgs/include/dwb_msgs/msg/detail/trajectory_score__type_support.hpp
[12.592s] -- Installing: /home/kgh/ws2/install/dwb_msgs/include/dwb_msgs/msg/detail/trajectory_score__struct.hpp
[12.592s] -- Installing: /home/kgh/ws2/install/dwb_msgs/include/dwb_msgs/msg/detail/local_plan_evaluation__traits.hpp
[12.592s] -- Installing: /home/kgh/ws2/install/dwb_msgs/include/dwb_msgs/msg/detail/critic_score__builder.hpp
[12.592s] -- Installing: /home/kgh/ws2/install/dwb_msgs/include/dwb_msgs/msg/detail/trajectory2_d__builder.hpp
[12.592s] -- Installing: /home/kgh/ws2/install/dwb_msgs/include/dwb_msgs/msg/detail/trajectory2_d__type_support.hpp
[12.592s] -- Installing: /home/kgh/ws2/install/dwb_msgs/include/dwb_msgs/msg/trajectory_score.hpp
[12.592s] -- Up-to-date: /home/kgh/ws2/install/dwb_msgs/include/dwb_msgs/srv
[12.592s] -- Installing: /home/kgh/ws2/install/dwb_msgs/include/dwb_msgs/srv/generate_trajectory.hpp
[12.592s] -- Up-to-date: /home/kgh/ws2/install/dwb_msgs/include/dwb_msgs/srv/detail
[12.592s] -- Installing: /home/kgh/ws2/install/dwb_msgs/include/dwb_msgs/srv/detail/generate_trajectory__struct.hpp
[12.592s] -- Installing: /home/kgh/ws2/install/dwb_msgs/include/dwb_msgs/srv/detail/get_critic_score__type_support.hpp
[12.593s] -- Installing: /home/kgh/ws2/install/dwb_msgs/include/dwb_msgs/srv/detail/score_trajectory__struct.hpp
[12.593s] -- Installing: /home/kgh/ws2/install/dwb_msgs/include/dwb_msgs/srv/detail/get_critic_score__traits.hpp
[12.593s] -- Installing: /home/kgh/ws2/install/dwb_msgs/include/dwb_msgs/srv/detail/generate_trajectory__traits.hpp
[12.593s] -- Installing: /home/kgh/ws2/install/dwb_msgs/include/dwb_msgs/srv/detail/debug_local_plan__traits.hpp
[12.593s] -- Installing: /home/kgh/ws2/install/dwb_msgs/include/dwb_msgs/srv/detail/generate_twists__type_support.hpp
[12.593s] -- Installing: /home/kgh/ws2/install/dwb_msgs/include/dwb_msgs/srv/detail/debug_local_plan__builder.hpp
[12.593s] -- Installing: /home/kgh/ws2/install/dwb_msgs/include/dwb_msgs/srv/detail/get_critic_score__struct.hpp
[12.593s] -- Installing: /home/kgh/ws2/install/dwb_msgs/include/dwb_msgs/srv/detail/debug_local_plan__type_support.hpp
[12.593s] -- Installing: /home/kgh/ws2/install/dwb_msgs/include/dwb_msgs/srv/detail/generate_twists__traits.hpp
[12.593s] -- Installing: /home/kgh/ws2/install/dwb_msgs/include/dwb_msgs/srv/detail/score_trajectory__traits.hpp
[12.593s] -- Installing: /home/kgh/ws2/install/dwb_msgs/include/dwb_msgs/srv/detail/generate_twists__struct.hpp
[12.594s] -- Installing: /home/kgh/ws2/install/dwb_msgs/include/dwb_msgs/srv/detail/debug_local_plan__struct.hpp
[12.594s] -- Installing: /home/kgh/ws2/install/dwb_msgs/include/dwb_msgs/srv/detail/score_trajectory__type_support.hpp
[12.594s] -- Installing: /home/kgh/ws2/install/dwb_msgs/include/dwb_msgs/srv/detail/generate_trajectory__type_support.hpp
[12.594s] -- Installing: /home/kgh/ws2/install/dwb_msgs/include/dwb_msgs/srv/detail/generate_trajectory__builder.hpp
[12.594s] -- Installing: /home/kgh/ws2/install/dwb_msgs/include/dwb_msgs/srv/detail/score_trajectory__builder.hpp
[12.594s] -- Installing: /home/kgh/ws2/install/dwb_msgs/include/dwb_msgs/srv/detail/generate_twists__builder.hpp
[12.594s] -- Installing: /home/kgh/ws2/install/dwb_msgs/include/dwb_msgs/srv/detail/get_critic_score__builder.hpp
[12.594s] -- Installing: /home/kgh/ws2/install/dwb_msgs/include/dwb_msgs/srv/generate_twists.hpp
[12.594s] -- Installing: /home/kgh/ws2/install/dwb_msgs/include/dwb_msgs/srv/get_critic_score.hpp
[12.594s] -- Installing: /home/kgh/ws2/install/dwb_msgs/include/dwb_msgs/srv/debug_local_plan.hpp
[12.594s] -- Installing: /home/kgh/ws2/install/dwb_msgs/include/dwb_msgs/srv/score_trajectory.hpp
[12.594s] -- Up-to-date: /home/kgh/ws2/install/dwb_msgs/include/dwb_msgs
[12.595s] -- Up-to-date: /home/kgh/ws2/install/dwb_msgs/include/dwb_msgs/msg
[12.595s] -- Up-to-date: /home/kgh/ws2/install/dwb_msgs/include/dwb_msgs/msg/detail
[12.595s] -- Installing: /home/kgh/ws2/install/dwb_msgs/include/dwb_msgs/msg/detail/local_plan_evaluation__type_support.cpp
[12.595s] -- Installing: /home/kgh/ws2/install/dwb_msgs/include/dwb_msgs/msg/detail/trajectory_score__rosidl_typesupport_introspection_cpp.hpp
[12.595s] -- Installing: /home/kgh/ws2/install/dwb_msgs/include/dwb_msgs/msg/detail/trajectory_score__type_support.cpp
[12.595s] -- Installing: /home/kgh/ws2/install/dwb_msgs/include/dwb_msgs/msg/detail/critic_score__rosidl_typesupport_introspection_cpp.hpp
[12.595s] -- Installing: /home/kgh/ws2/install/dwb_msgs/include/dwb_msgs/msg/detail/trajectory2_d__type_support.cpp
[12.595s] -- Installing: /home/kgh/ws2/install/dwb_msgs/include/dwb_msgs/msg/detail/local_plan_evaluation__rosidl_typesupport_introspection_cpp.hpp
[12.595s] -- Installing: /home/kgh/ws2/install/dwb_msgs/include/dwb_msgs/msg/detail/critic_score__type_support.cpp
[12.595s] -- Installing: /home/kgh/ws2/install/dwb_msgs/include/dwb_msgs/msg/detail/trajectory2_d__rosidl_typesupport_introspection_cpp.hpp
[12.595s] -- Up-to-date: /home/kgh/ws2/install/dwb_msgs/include/dwb_msgs/srv
[12.595s] -- Up-to-date: /home/kgh/ws2/install/dwb_msgs/include/dwb_msgs/srv/detail
[12.596s] -- Installing: /home/kgh/ws2/install/dwb_msgs/include/dwb_msgs/srv/detail/generate_trajectory__rosidl_typesupport_introspection_cpp.hpp
[12.596s] -- Installing: /home/kgh/ws2/install/dwb_msgs/include/dwb_msgs/srv/detail/generate_trajectory__type_support.cpp
[12.596s] -- Installing: /home/kgh/ws2/install/dwb_msgs/include/dwb_msgs/srv/detail/debug_local_plan__rosidl_typesupport_introspection_cpp.hpp
[12.596s] -- Installing: /home/kgh/ws2/install/dwb_msgs/include/dwb_msgs/srv/detail/get_critic_score__rosidl_typesupport_introspection_cpp.hpp
[12.596s] -- Installing: /home/kgh/ws2/install/dwb_msgs/include/dwb_msgs/srv/detail/score_trajectory__type_support.cpp
[12.596s] -- Installing: /home/kgh/ws2/install/dwb_msgs/include/dwb_msgs/srv/detail/generate_twists__type_support.cpp
[12.596s] -- Installing: /home/kgh/ws2/install/dwb_msgs/include/dwb_msgs/srv/detail/generate_twists__rosidl_typesupport_introspection_cpp.hpp
[12.596s] -- Installing: /home/kgh/ws2/install/dwb_msgs/include/dwb_msgs/srv/detail/debug_local_plan__type_support.cpp
[12.596s] -- Installing: /home/kgh/ws2/install/dwb_msgs/include/dwb_msgs/srv/detail/get_critic_score__type_support.cpp
[12.596s] -- Installing: /home/kgh/ws2/install/dwb_msgs/include/dwb_msgs/srv/detail/score_trajectory__rosidl_typesupport_introspection_cpp.hpp
[12.596s] -- Installing: /home/kgh/ws2/install/dwb_msgs/lib/libdwb_msgs__rosidl_typesupport_introspection_cpp.so
[12.596s] -- Set runtime path of "/home/kgh/ws2/install/dwb_msgs/lib/libdwb_msgs__rosidl_typesupport_introspection_cpp.so" to ""
[12.596s] -- Installing: /home/kgh/ws2/install/dwb_msgs/lib/libdwb_msgs__rosidl_typesupport_cpp.so
[12.597s] -- Set runtime path of "/home/kgh/ws2/install/dwb_msgs/lib/libdwb_msgs__rosidl_typesupport_cpp.so" to ""
[12.597s] -- Installing: /home/kgh/ws2/install/dwb_msgs/share/dwb_msgs/environment/pythonpath.sh
[12.597s] -- Installing: /home/kgh/ws2/install/dwb_msgs/share/dwb_msgs/environment/pythonpath.dsv
[12.597s] -- Installing: /home/kgh/ws2/install/dwb_msgs/lib/python3.8/site-packages/dwb_msgs/__init__.py
[12.624s] Compiling '/home/kgh/ws2/install/dwb_msgs/lib/python3.8/site-packages/dwb_msgs/__init__.py'...
[12.627s] -- Installing: /home/kgh/ws2/install/dwb_msgs/lib/python3.8/site-packages/dwb_msgs/msg
[12.628s] -- Installing: /home/kgh/ws2/install/dwb_msgs/lib/python3.8/site-packages/dwb_msgs/msg/_trajectory2_d.py
[12.628s] -- Installing: /home/kgh/ws2/install/dwb_msgs/lib/python3.8/site-packages/dwb_msgs/msg/_trajectory2_d_s.c
[12.628s] -- Installing: /home/kgh/ws2/install/dwb_msgs/lib/python3.8/site-packages/dwb_msgs/msg/_local_plan_evaluation.py
[12.628s] -- Installing: /home/kgh/ws2/install/dwb_msgs/lib/python3.8/site-packages/dwb_msgs/msg/_trajectory_score.py
[12.628s] -- Installing: /home/kgh/ws2/install/dwb_msgs/lib/python3.8/site-packages/dwb_msgs/msg/_trajectory_score_s.c
[12.628s] -- Installing: /home/kgh/ws2/install/dwb_msgs/lib/python3.8/site-packages/dwb_msgs/msg/__init__.py
[12.628s] -- Installing: /home/kgh/ws2/install/dwb_msgs/lib/python3.8/site-packages/dwb_msgs/msg/_critic_score.py
[12.628s] -- Installing: /home/kgh/ws2/install/dwb_msgs/lib/python3.8/site-packages/dwb_msgs/msg/_critic_score_s.c
[12.628s] -- Installing: /home/kgh/ws2/install/dwb_msgs/lib/python3.8/site-packages/dwb_msgs/msg/_local_plan_evaluation_s.c
[12.629s] -- Installing: /home/kgh/ws2/install/dwb_msgs/lib/python3.8/site-packages/dwb_msgs/srv
[12.629s] -- Installing: /home/kgh/ws2/install/dwb_msgs/lib/python3.8/site-packages/dwb_msgs/srv/_score_trajectory_s.c
[12.629s] -- Installing: /home/kgh/ws2/install/dwb_msgs/lib/python3.8/site-packages/dwb_msgs/srv/_debug_local_plan.py
[12.629s] -- Installing: /home/kgh/ws2/install/dwb_msgs/lib/python3.8/site-packages/dwb_msgs/srv/_generate_twists.py
[12.629s] -- Installing: /home/kgh/ws2/install/dwb_msgs/lib/python3.8/site-packages/dwb_msgs/srv/_score_trajectory.py
[12.629s] -- Installing: /home/kgh/ws2/install/dwb_msgs/lib/python3.8/site-packages/dwb_msgs/srv/_get_critic_score_s.c
[12.629s] -- Installing: /home/kgh/ws2/install/dwb_msgs/lib/python3.8/site-packages/dwb_msgs/srv/_generate_trajectory_s.c
[12.629s] -- Installing: /home/kgh/ws2/install/dwb_msgs/lib/python3.8/site-packages/dwb_msgs/srv/__init__.py
[12.629s] -- Installing: /home/kgh/ws2/install/dwb_msgs/lib/python3.8/site-packages/dwb_msgs/srv/_debug_local_plan_s.c
[12.630s] -- Installing: /home/kgh/ws2/install/dwb_msgs/lib/python3.8/site-packages/dwb_msgs/srv/_get_critic_score.py
[12.630s] -- Installing: /home/kgh/ws2/install/dwb_msgs/lib/python3.8/site-packages/dwb_msgs/srv/_generate_trajectory.py
[12.630s] -- Installing: /home/kgh/ws2/install/dwb_msgs/lib/python3.8/site-packages/dwb_msgs/srv/_generate_twists_s.c
[12.630s] -- Installing: /home/kgh/ws2/install/dwb_msgs/lib/python3.8/site-packages/dwb_msgs/dwb_msgs_s__rosidl_typesupport_fastrtps_c.cpython-38-x86_64-linux-gnu.so
[12.630s] -- Set runtime path of "/home/kgh/ws2/install/dwb_msgs/lib/python3.8/site-packages/dwb_msgs/dwb_msgs_s__rosidl_typesupport_fastrtps_c.cpython-38-x86_64-linux-gnu.so" to ""
[12.630s] -- Installing: /home/kgh/ws2/install/dwb_msgs/lib/python3.8/site-packages/dwb_msgs/dwb_msgs_s__rosidl_typesupport_introspection_c.cpython-38-x86_64-linux-gnu.so
[12.631s] -- Set runtime path of "/home/kgh/ws2/install/dwb_msgs/lib/python3.8/site-packages/dwb_msgs/dwb_msgs_s__rosidl_typesupport_introspection_c.cpython-38-x86_64-linux-gnu.so" to ""
[12.631s] -- Installing: /home/kgh/ws2/install/dwb_msgs/lib/python3.8/site-packages/dwb_msgs/dwb_msgs_s__rosidl_typesupport_c.cpython-38-x86_64-linux-gnu.so
[12.631s] -- Set runtime path of "/home/kgh/ws2/install/dwb_msgs/lib/python3.8/site-packages/dwb_msgs/dwb_msgs_s__rosidl_typesupport_c.cpython-38-x86_64-linux-gnu.so" to ""
[12.631s] -- Installing: /home/kgh/ws2/install/dwb_msgs/lib/libdwb_msgs__python.so
[12.632s] -- Set runtime path of "/home/kgh/ws2/install/dwb_msgs/lib/libdwb_msgs__python.so" to ""
[12.632s] -- Installing: /home/kgh/ws2/install/dwb_msgs/share/dwb_msgs/msg/CriticScore.idl
[12.632s] -- Installing: /home/kgh/ws2/install/dwb_msgs/share/dwb_msgs/msg/LocalPlanEvaluation.idl
[12.632s] -- Installing: /home/kgh/ws2/install/dwb_msgs/share/dwb_msgs/msg/Trajectory2D.idl
[12.632s] -- Installing: /home/kgh/ws2/install/dwb_msgs/share/dwb_msgs/msg/TrajectoryScore.idl
[12.633s] -- Installing: /home/kgh/ws2/install/dwb_msgs/share/dwb_msgs/srv/DebugLocalPlan.idl
[12.633s] -- Installing: /home/kgh/ws2/install/dwb_msgs/share/dwb_msgs/srv/GenerateTrajectory.idl
[12.633s] -- Installing: /home/kgh/ws2/install/dwb_msgs/share/dwb_msgs/srv/GenerateTwists.idl
[12.633s] -- Installing: /home/kgh/ws2/install/dwb_msgs/share/dwb_msgs/srv/GetCriticScore.idl
[12.633s] -- Installing: /home/kgh/ws2/install/dwb_msgs/share/dwb_msgs/srv/ScoreTrajectory.idl
[12.633s] -- Installing: /home/kgh/ws2/install/dwb_msgs/share/dwb_msgs/msg/CriticScore.msg
[12.633s] -- Installing: /home/kgh/ws2/install/dwb_msgs/share/dwb_msgs/msg/LocalPlanEvaluation.msg
[12.633s] -- Installing: /home/kgh/ws2/install/dwb_msgs/share/dwb_msgs/msg/Trajectory2D.msg
[12.633s] -- Installing: /home/kgh/ws2/install/dwb_msgs/share/dwb_msgs/msg/TrajectoryScore.msg
[12.634s] -- Installing: /home/kgh/ws2/install/dwb_msgs/share/dwb_msgs/srv/DebugLocalPlan.srv
[12.634s] -- Installing: /home/kgh/ws2/install/dwb_msgs/share/dwb_msgs/srv/DebugLocalPlan_Request.msg
[12.634s] -- Installing: /home/kgh/ws2/install/dwb_msgs/share/dwb_msgs/srv/DebugLocalPlan_Response.msg
[12.634s] -- Installing: /home/kgh/ws2/install/dwb_msgs/share/dwb_msgs/srv/GenerateTrajectory.srv
[12.634s] -- Installing: /home/kgh/ws2/install/dwb_msgs/share/dwb_msgs/srv/GenerateTrajectory_Request.msg
[12.634s] -- Installing: /home/kgh/ws2/install/dwb_msgs/share/dwb_msgs/srv/GenerateTrajectory_Response.msg
[12.634s] -- Installing: /home/kgh/ws2/install/dwb_msgs/share/dwb_msgs/srv/GenerateTwists.srv
[12.635s] -- Installing: /home/kgh/ws2/install/dwb_msgs/share/dwb_msgs/srv/GenerateTwists_Request.msg
[12.635s] -- Installing: /home/kgh/ws2/install/dwb_msgs/share/dwb_msgs/srv/GenerateTwists_Response.msg
[12.635s] -- Installing: /home/kgh/ws2/install/dwb_msgs/share/dwb_msgs/srv/GetCriticScore.srv
[12.635s] -- Installing: /home/kgh/ws2/install/dwb_msgs/share/dwb_msgs/srv/GetCriticScore_Request.msg
[12.635s] -- Installing: /home/kgh/ws2/install/dwb_msgs/share/dwb_msgs/srv/GetCriticScore_Response.msg
[12.635s] -- Installing: /home/kgh/ws2/install/dwb_msgs/share/dwb_msgs/srv/ScoreTrajectory.srv
[12.635s] -- Installing: /home/kgh/ws2/install/dwb_msgs/share/dwb_msgs/srv/ScoreTrajectory_Request.msg
[12.635s] -- Installing: /home/kgh/ws2/install/dwb_msgs/share/dwb_msgs/srv/ScoreTrajectory_Response.msg
[12.636s] -- Installing: /home/kgh/ws2/install/dwb_msgs/share/ament_index/resource_index/package_run_dependencies/dwb_msgs
[12.636s] -- Installing: /home/kgh/ws2/install/dwb_msgs/share/ament_index/resource_index/parent_prefix_path/dwb_msgs
[12.636s] -- Installing: /home/kgh/ws2/install/dwb_msgs/share/dwb_msgs/environment/ament_prefix_path.sh
[12.636s] -- Installing: /home/kgh/ws2/install/dwb_msgs/share/dwb_msgs/environment/ament_prefix_path.dsv
[12.636s] -- Installing: /home/kgh/ws2/install/dwb_msgs/share/dwb_msgs/environment/path.sh
[12.636s] -- Installing: /home/kgh/ws2/install/dwb_msgs/share/dwb_msgs/environment/path.dsv
[12.636s] -- Installing: /home/kgh/ws2/install/dwb_msgs/share/dwb_msgs/local_setup.bash
[12.637s] -- Installing: /home/kgh/ws2/install/dwb_msgs/share/dwb_msgs/local_setup.sh
[12.637s] -- Installing: /home/kgh/ws2/install/dwb_msgs/share/dwb_msgs/local_setup.zsh
[12.637s] -- Installing: /home/kgh/ws2/install/dwb_msgs/share/dwb_msgs/local_setup.dsv
[12.637s] -- Installing: /home/kgh/ws2/install/dwb_msgs/share/dwb_msgs/package.dsv
[12.637s] -- Installing: /home/kgh/ws2/install/dwb_msgs/share/ament_index/resource_index/packages/dwb_msgs
[12.637s] -- Installing: /home/kgh/ws2/install/dwb_msgs/share/dwb_msgs/cmake/dwb_msgs__rosidl_generator_cExport.cmake
[12.637s] -- Installing: /home/kgh/ws2/install/dwb_msgs/share/dwb_msgs/cmake/dwb_msgs__rosidl_generator_cExport-noconfig.cmake
[12.637s] -- Installing: /home/kgh/ws2/install/dwb_msgs/share/dwb_msgs/cmake/dwb_msgs__rosidl_typesupport_introspection_cExport.cmake
[12.637s] -- Installing: /home/kgh/ws2/install/dwb_msgs/share/dwb_msgs/cmake/dwb_msgs__rosidl_typesupport_introspection_cExport-noconfig.cmake
[12.638s] -- Installing: /home/kgh/ws2/install/dwb_msgs/share/dwb_msgs/cmake/dwb_msgs__rosidl_typesupport_cExport.cmake
[12.638s] -- Installing: /home/kgh/ws2/install/dwb_msgs/share/dwb_msgs/cmake/dwb_msgs__rosidl_typesupport_cExport-noconfig.cmake
[12.638s] -- Installing: /home/kgh/ws2/install/dwb_msgs/share/dwb_msgs/cmake/dwb_msgs__rosidl_generator_cppExport.cmake
[12.638s] -- Installing: /home/kgh/ws2/install/dwb_msgs/share/dwb_msgs/cmake/dwb_msgs__rosidl_typesupport_introspection_cppExport.cmake
[12.638s] -- Installing: /home/kgh/ws2/install/dwb_msgs/share/dwb_msgs/cmake/dwb_msgs__rosidl_typesupport_introspection_cppExport-noconfig.cmake
[12.638s] -- Installing: /home/kgh/ws2/install/dwb_msgs/share/dwb_msgs/cmake/dwb_msgs__rosidl_typesupport_cppExport.cmake
[12.638s] -- Installing: /home/kgh/ws2/install/dwb_msgs/share/dwb_msgs/cmake/dwb_msgs__rosidl_typesupport_cppExport-noconfig.cmake
[12.638s] -- Installing: /home/kgh/ws2/install/dwb_msgs/share/dwb_msgs/cmake/rosidl_cmake-extras.cmake
[12.639s] -- Installing: /home/kgh/ws2/install/dwb_msgs/share/dwb_msgs/cmake/ament_cmake_export_dependencies-extras.cmake
[12.639s] -- Installing: /home/kgh/ws2/install/dwb_msgs/share/dwb_msgs/cmake/ament_cmake_export_libraries-extras.cmake
[12.639s] -- Installing: /home/kgh/ws2/install/dwb_msgs/share/dwb_msgs/cmake/ament_cmake_export_targets-extras.cmake
[12.639s] -- Installing: /home/kgh/ws2/install/dwb_msgs/share/dwb_msgs/cmake/ament_cmake_export_include_directories-extras.cmake
[12.639s] -- Installing: /home/kgh/ws2/install/dwb_msgs/share/dwb_msgs/cmake/rosidl_cmake_export_typesupport_libraries-extras.cmake
[12.639s] -- Installing: /home/kgh/ws2/install/dwb_msgs/share/dwb_msgs/cmake/rosidl_cmake_export_typesupport_targets-extras.cmake
[12.639s] -- Installing: /home/kgh/ws2/install/dwb_msgs/share/dwb_msgs/cmake/dwb_msgsConfig.cmake
[12.639s] -- Installing: /home/kgh/ws2/install/dwb_msgs/share/dwb_msgs/cmake/dwb_msgsConfig-version.cmake
[12.640s] -- Installing: /home/kgh/ws2/install/dwb_msgs/share/dwb_msgs/package.xml
[12.642s] Invoked command in '/home/kgh/ws2/build/dwb_msgs' returned '0': CMAKE_PREFIX_PATH=/home/kgh/ws2/install/nav_2d_msgs:/home/kgh/ws2/install/yzbot_nav2:/home/kgh/ws2/install/yzbot_cartographer:/home/kgh/ws2/install/nav2_system_tests:/home/kgh/ws2/install/nav2_bringup:/home/kgh/ws2/install/navigation2:/home/kgh/ws2/install/smac_planner:/home/kgh/ws2/install/nav2_dwb_controller:/home/kgh/ws2/install/nav2_controller:/home/kgh/ws2/install/dwb_plugins:/home/kgh/ws2/install/dwb_critics:/home/kgh/ws2/install/dwb_core:/home/kgh/ws2/install/nav_2d_utils:/home/kgh/ws2/install/dwb_msgs:/home/kgh/ws2/install/nav2_waypoint_follower:/home/kgh/ws2/install/nav2_regulated_pure_pursuit_controller:/home/kgh/ws2/install/nav2_recoveries:/home/kgh/ws2/install/nav2_planner:/home/kgh/ws2/install/nav2_navfn_planner:/home/kgh/ws2/install/nav2_core:/home/kgh/ws2/install/costmap_queue:/home/kgh/ws2/install/nav2_costmap_2d:/home/kgh/ws2/install/nav2_voxel_grid:/home/kgh/ws2/install/nav2_rviz_plugins:/home/kgh/ws2/install/nav2_map_server:/home/kgh/ws2/install/nav2_lifecycle_manager:/home/kgh/ws2/install/nav2_bt_navigator:/home/kgh/ws2/install/nav2_behavior_tree:/home/kgh/ws2/install/nav2_amcl:/home/kgh/ws2/install/nav2_util:/home/kgh/ws2/install/nav2_msgs:/home/kgh/ws2/install/nav2_common:/home/kgh/ws2/install/bluesea2:/home/kgh/ws2/install/yzbot_description:/home/kgh/ws2/install/yzbot_controller:/home/kgh/ws2/install/nav2_gazebo_spawner:/opt/ros/foxy LD_LIBRARY_PATH=/home/kgh/ws2/install/nav_2d_msgs/lib:/home/kgh/ws2/install/smac_planner/lib:/home/kgh/ws2/install/nav2_controller/lib:/home/kgh/ws2/install/dwb_plugins/lib:/home/kgh/ws2/install/dwb_critics/lib:/home/kgh/ws2/install/dwb_core/lib:/home/kgh/ws2/install/nav_2d_utils/lib:/home/kgh/ws2/install/dwb_msgs/lib:/home/kgh/ws2/install/nav2_waypoint_follower/lib:/home/kgh/ws2/install/nav2_regulated_pure_pursuit_controller/lib:/home/kgh/ws2/install/nav2_recoveries/lib:/home/kgh/ws2/install/nav2_planner/lib:/home/kgh/ws2/install/nav2_navfn_planner/lib:/home/kgh/ws2/install/costmap_queue/lib:/home/kgh/ws2/install/nav2_costmap_2d/lib:/home/kgh/ws2/install/nav2_voxel_grid/lib:/home/kgh/ws2/install/nav2_rviz_plugins/lib:/home/kgh/ws2/install/nav2_map_server/lib:/home/kgh/ws2/install/nav2_lifecycle_manager/lib:/home/kgh/ws2/install/nav2_bt_navigator/lib:/home/kgh/ws2/install/nav2_behavior_tree/lib:/home/kgh/ws2/install/nav2_amcl/lib:/home/kgh/ws2/install/nav2_util/lib:/home/kgh/ws2/install/nav2_msgs/lib:/usr/lib/x86_64-linux-gnu/gazebo-11/plugins:/opt/ros/foxy/opt/yaml_cpp_vendor/lib:/opt/ros/foxy/opt/rviz_ogre_vendor/lib:/opt/ros/foxy/lib/x86_64-linux-gnu:/opt/ros/foxy/lib PYTHONPATH=/home/kgh/ws2/install/nav_2d_msgs/lib/python3.8/site-packages:/home/kgh/ws2/install/yzbot_description/lib/python3.8/site-packages:/home/kgh/ws2/install/yzbot_controller/lib/python3.8/site-packages:/home/kgh/ws2/install/dwb_msgs/lib/python3.8/site-packages:/home/kgh/ws2/install/nav2_msgs/lib/python3.8/site-packages:/home/kgh/ws2/install/nav2_gazebo_spawner/lib/python3.8/site-packages:/home/kgh/ws2/install/nav2_common/lib/python3.8/site-packages:/opt/ros/foxy/lib/python3.8/site-packages /usr/bin/cmake --install /home/kgh/ws2/build/dwb_msgs
