Performing C++ SOURCE FILE Test CMAKE_HAVE_LIBC_PTHREAD failed with the following output:
Change Dir: /home/kgh/ws2/build/nav2_behavior_tree/CMakeFiles/CMakeTmp

Run Build Command(s):/usr/bin/make cmTC_787e0/fast && /usr/bin/make -f CMakeFiles/cmTC_787e0.dir/build.make CMakeFiles/cmTC_787e0.dir/build
make[1]: 进入目录“/home/kgh/ws2/build/nav2_behavior_tree/CMakeFiles/CMakeTmp”
Building CXX object CMakeFiles/cmTC_787e0.dir/src.cxx.o
/usr/bin/c++    -DCMAKE_HAVE_LIBC_PTHREAD   -o CMakeFiles/cmTC_787e0.dir/src.cxx.o -c /home/kgh/ws2/build/nav2_behavior_tree/CMakeFiles/CMakeTmp/src.cxx
Linking CXX executable cmTC_787e0
/usr/bin/cmake -E cmake_link_script CMakeFiles/cmTC_787e0.dir/link.txt --verbose=1
/usr/bin/c++   -DCMAKE_HAVE_LIBC_PTHREAD    CMakeFiles/cmTC_787e0.dir/src.cxx.o  -o cmTC_787e0 
/usr/bin/ld: CMakeFiles/cmTC_787e0.dir/src.cxx.o: in function `main':
src.cxx:(.text+0x46): undefined reference to `pthread_create'
/usr/bin/ld: src.cxx:(.text+0x52): undefined reference to `pthread_detach'
/usr/bin/ld: src.cxx:(.text+0x63): undefined reference to `pthread_join'
collect2: error: ld returned 1 exit status
make[1]: *** [CMakeFiles/cmTC_787e0.dir/build.make:87：cmTC_787e0] 错误 1
make[1]: 离开目录“/home/kgh/ws2/build/nav2_behavior_tree/CMakeFiles/CMakeTmp”
make: *** [Makefile:121：cmTC_787e0/fast] 错误 2


Source file was:
#include <pthread.h>

void* test_func(void* data)
{
  return data;
}

int main(void)
{
  pthread_t thread;
  pthread_create(&thread, NULL, test_func, NULL);
  pthread_detach(thread);
  pthread_join(thread, NULL);
  pthread_atfork(NULL, NULL, NULL);
  pthread_exit(NULL);

  return 0;
}

Determining if the function pthread_create exists in the pthreads failed with the following output:
Change Dir: /home/kgh/ws2/build/nav2_behavior_tree/CMakeFiles/CMakeTmp

Run Build Command(s):/usr/bin/make cmTC_e130d/fast && /usr/bin/make -f CMakeFiles/cmTC_e130d.dir/build.make CMakeFiles/cmTC_e130d.dir/build
make[1]: 进入目录“/home/kgh/ws2/build/nav2_behavior_tree/CMakeFiles/CMakeTmp”
Building CXX object CMakeFiles/cmTC_e130d.dir/CheckFunctionExists.cxx.o
/usr/bin/c++    -DCHECK_FUNCTION_EXISTS=pthread_create   -o CMakeFiles/cmTC_e130d.dir/CheckFunctionExists.cxx.o -c /home/kgh/ws2/build/nav2_behavior_tree/CMakeFiles/CheckLibraryExists/CheckFunctionExists.cxx
Linking CXX executable cmTC_e130d
/usr/bin/cmake -E cmake_link_script CMakeFiles/cmTC_e130d.dir/link.txt --verbose=1
/usr/bin/c++   -DCHECK_FUNCTION_EXISTS=pthread_create    CMakeFiles/cmTC_e130d.dir/CheckFunctionExists.cxx.o  -o cmTC_e130d  -lpthreads 
/usr/bin/ld: 找不到 -lpthreads
collect2: error: ld returned 1 exit status
make[1]: *** [CMakeFiles/cmTC_e130d.dir/build.make:87：cmTC_e130d] 错误 1
make[1]: 离开目录“/home/kgh/ws2/build/nav2_behavior_tree/CMakeFiles/CMakeTmp”
make: *** [Makefile:121：cmTC_e130d/fast] 错误 2



