-- Install configuration: ""
-- Up-to-date: /home/kgh/ws2/install/yzbot_cartographer/share/yzbot_cartographer/config
-- Up-to-date: /home/kgh/ws2/install/yzbot_cartographer/share/yzbot_cartographer/config/yzbot_2d.lua
-- Up-to-date: /home/kgh/ws2/install/yzbot_cartographer/share/yzbot_cartographer/launch
-- Up-to-date: /home/kgh/ws2/install/yzbot_cartographer/share/yzbot_cartographer/launch/cartographer.launch.py
-- Up-to-date: /home/kgh/ws2/install/yzbot_cartographer/share/yzbot_cartographer/rviz
-- Up-to-date: /home/kgh/ws2/install/yzbot_cartographer/share/yzbot_cartographer/rviz/yzbot_cartographer.rviz
-- Up-to-date: /home/kgh/ws2/install/yzbot_cartographer/share/ament_index/resource_index/package_run_dependencies/yzbot_cartographer
-- Up-to-date: /home/kgh/ws2/install/yzbot_cartographer/share/ament_index/resource_index/parent_prefix_path/yzbot_cartographer
-- Up-to-date: /home/kgh/ws2/install/yzbot_cartographer/share/yzbot_cartographer/environment/ament_prefix_path.sh
-- Up-to-date: /home/kgh/ws2/install/yzbot_cartographer/share/yzbot_cartographer/environment/ament_prefix_path.dsv
-- Up-to-date: /home/kgh/ws2/install/yzbot_cartographer/share/yzbot_cartographer/environment/path.sh
-- Up-to-date: /home/kgh/ws2/install/yzbot_cartographer/share/yzbot_cartographer/environment/path.dsv
-- Up-to-date: /home/kgh/ws2/install/yzbot_cartographer/share/yzbot_cartographer/local_setup.bash
-- Up-to-date: /home/kgh/ws2/install/yzbot_cartographer/share/yzbot_cartographer/local_setup.sh
-- Up-to-date: /home/kgh/ws2/install/yzbot_cartographer/share/yzbot_cartographer/local_setup.zsh
-- Up-to-date: /home/kgh/ws2/install/yzbot_cartographer/share/yzbot_cartographer/local_setup.dsv
-- Up-to-date: /home/kgh/ws2/install/yzbot_cartographer/share/yzbot_cartographer/package.dsv
-- Up-to-date: /home/kgh/ws2/install/yzbot_cartographer/share/ament_index/resource_index/packages/yzbot_cartographer
-- Up-to-date: /home/kgh/ws2/install/yzbot_cartographer/share/yzbot_cartographer/cmake/yzbot_cartographerConfig.cmake
-- Up-to-date: /home/kgh/ws2/install/yzbot_cartographer/share/yzbot_cartographer/cmake/yzbot_cartographerConfig-version.cmake
-- Up-to-date: /home/kgh/ws2/install/yzbot_cartographer/share/yzbot_cartographer/package.xml
