-- The C compiler identification is GNU 9.4.0
-- The CXX compiler identification is GNU 9.4.0
-- Check for working C compiler: /usr/bin/cc
-- Check for working C compiler: /usr/bin/cc -- works
-- Detecting C compiler ABI info
-- Detecting C compiler ABI info - done
-- Detecting C compile features
-- Detecting C compile features - done
-- Check for working CXX compiler: /usr/bin/c++
-- Check for working CXX compiler: /usr/bin/c++ -- works
-- Detecting CXX compiler ABI info
-- Detecting CXX compiler ABI info - done
-- Detecting CXX compile features
-- Detecting CXX compile features - done
-- Found ament_cmake: 0.9.12 (/opt/ros/foxy/share/ament_cmake/cmake)
-- Found PythonInterp: /usr/bin/python3 (found suitable version "3.8.10", minimum required is "3") 
-- Using PYTHON_EXECUTABLE: /usr/bin/python3
-- Found ament_lint_auto: 0.9.8 (/opt/ros/foxy/share/ament_lint_auto/cmake)
-- Added test 'copyright' to check source files copyright and LICENSE
-- Added test 'flake8' to check Python code syntax and style conventions
-- Added test 'lint_cmake' to check CMake code style
-- Added test 'pep257' to check Python code against some of the style conventions in PEP 257
-- Added test 'xmllint' to check XML markup files
-- Configuring done
-- Generating done
-- Build files have been written to: /home/kgh/ws2/build/yzbot_nav2
-- Install configuration: ""
-- Installing: /home/kgh/ws2/install/yzbot_nav2/share/yzbot_nav2/launch
-- Installing: /home/kgh/ws2/install/yzbot_nav2/share/yzbot_nav2/launch/localization_launch.py
-- Installing: /home/kgh/ws2/install/yzbot_nav2/share/yzbot_nav2/launch/navigation_launch.py
-- Installing: /home/kgh/ws2/install/yzbot_nav2/share/yzbot_nav2/launch/nav2_startup.launch.py
-- Installing: /home/kgh/ws2/install/yzbot_nav2/share/yzbot_nav2/launch/slam_launch.py
-- Installing: /home/kgh/ws2/install/yzbot_nav2/share/yzbot_nav2/launch/bringup_launch.py
-- Installing: /home/kgh/ws2/install/yzbot_nav2/share/yzbot_nav2/launch/odom_ekf.launch.py
-- Installing: /home/kgh/ws2/install/yzbot_nav2/share/yzbot_nav2/config
-- Installing: /home/kgh/ws2/install/yzbot_nav2/share/yzbot_nav2/config/ekf.yaml
-- Installing: /home/kgh/ws2/install/yzbot_nav2/share/yzbot_nav2/param
-- Installing: /home/kgh/ws2/install/yzbot_nav2/share/yzbot_nav2/param/yzbot.yaml
-- Installing: /home/kgh/ws2/install/yzbot_nav2/share/yzbot_nav2/param/yzbot（复件）.yaml
-- Installing: /home/kgh/ws2/install/yzbot_nav2/share/yzbot_nav2/param/yzbot_ori.yaml
-- Installing: /home/kgh/ws2/install/yzbot_nav2/share/yzbot_nav2/maps
-- Installing: /home/kgh/ws2/install/yzbot_nav2/share/yzbot_nav2/maps/yzbot_map.yaml
-- Installing: /home/kgh/ws2/install/yzbot_nav2/share/yzbot_nav2/maps/map.pgm
-- Installing: /home/kgh/ws2/install/yzbot_nav2/share/yzbot_nav2/maps/yzbot_map.pgm
-- Installing: /home/kgh/ws2/install/yzbot_nav2/share/yzbot_nav2/maps/map.yaml
-- Installing: /home/kgh/ws2/install/yzbot_nav2/share/yzbot_nav2/maps/show_pgm.py
-- Installing: /home/kgh/ws2/install/yzbot_nav2/share/yzbot_nav2/maps/yzbot_map.png
-- Installing: /home/kgh/ws2/install/yzbot_nav2/share/yzbot_nav2/rviz
-- Installing: /home/kgh/ws2/install/yzbot_nav2/share/yzbot_nav2/rviz/nav2.rviz
-- Installing: /home/kgh/ws2/install/yzbot_nav2/share/yzbot_nav2/rviz/nav2（复件）.rviz
-- Installing: /home/kgh/ws2/install/yzbot_nav2/share/ament_index/resource_index/package_run_dependencies/yzbot_nav2
-- Installing: /home/kgh/ws2/install/yzbot_nav2/share/ament_index/resource_index/parent_prefix_path/yzbot_nav2
-- Installing: /home/kgh/ws2/install/yzbot_nav2/share/yzbot_nav2/environment/ament_prefix_path.sh
-- Installing: /home/kgh/ws2/install/yzbot_nav2/share/yzbot_nav2/environment/ament_prefix_path.dsv
-- Installing: /home/kgh/ws2/install/yzbot_nav2/share/yzbot_nav2/environment/path.sh
-- Installing: /home/kgh/ws2/install/yzbot_nav2/share/yzbot_nav2/environment/path.dsv
-- Installing: /home/kgh/ws2/install/yzbot_nav2/share/yzbot_nav2/local_setup.bash
-- Installing: /home/kgh/ws2/install/yzbot_nav2/share/yzbot_nav2/local_setup.sh
-- Installing: /home/kgh/ws2/install/yzbot_nav2/share/yzbot_nav2/local_setup.zsh
-- Installing: /home/kgh/ws2/install/yzbot_nav2/share/yzbot_nav2/local_setup.dsv
-- Installing: /home/kgh/ws2/install/yzbot_nav2/share/yzbot_nav2/package.dsv
-- Installing: /home/kgh/ws2/install/yzbot_nav2/share/ament_index/resource_index/packages/yzbot_nav2
-- Installing: /home/kgh/ws2/install/yzbot_nav2/share/yzbot_nav2/cmake/yzbot_nav2Config.cmake
-- Installing: /home/kgh/ws2/install/yzbot_nav2/share/yzbot_nav2/cmake/yzbot_nav2Config-version.cmake
-- Installing: /home/kgh/ws2/install/yzbot_nav2/share/yzbot_nav2/package.xml
