[0.567s] Invoking command in '/home/kgh/ws2/build/nav2_behavior_tree': CMAKE_PREFIX_PATH=/home/kgh/ws2/install/nav2_util:/home/kgh/ws2/install/nav2_msgs:/home/kgh/ws2/install/nav2_common:/home/kgh/ws2/install/yzbot_nav2:/home/kgh/ws2/install/yzbot_cartographer:/home/kgh/ws2/install/nav2_system_tests:/home/kgh/ws2/install/nav2_bringup:/home/kgh/ws2/install/navigation2:/home/kgh/ws2/install/smac_planner:/home/kgh/ws2/install/nav2_dwb_controller:/home/kgh/ws2/install/nav2_controller:/home/kgh/ws2/install/dwb_plugins:/home/kgh/ws2/install/dwb_critics:/home/kgh/ws2/install/dwb_core:/home/kgh/ws2/install/nav_2d_utils:/home/kgh/ws2/install/dwb_msgs:/home/kgh/ws2/install/nav_2d_msgs:/home/kgh/ws2/install/nav2_waypoint_follower:/home/kgh/ws2/install/nav2_regulated_pure_pursuit_controller:/home/kgh/ws2/install/nav2_recoveries:/home/kgh/ws2/install/nav2_planner:/home/kgh/ws2/install/nav2_navfn_planner:/home/kgh/ws2/install/nav2_core:/home/kgh/ws2/install/costmap_queue:/home/kgh/ws2/install/nav2_costmap_2d:/home/kgh/ws2/install/nav2_voxel_grid:/home/kgh/ws2/install/nav2_rviz_plugins:/home/kgh/ws2/install/nav2_map_server:/home/kgh/ws2/install/nav2_lifecycle_manager:/home/kgh/ws2/install/nav2_bt_navigator:/home/kgh/ws2/install/nav2_behavior_tree:/home/kgh/ws2/install/nav2_amcl:/home/kgh/ws2/install/yzbot_description:/home/kgh/ws2/install/yzbot_controller:/home/kgh/ws2/install/nav2_gazebo_spawner:/opt/ros/foxy LD_LIBRARY_PATH=/home/kgh/ws2/install/nav2_util/lib:/home/kgh/ws2/install/nav2_msgs/lib:/home/kgh/ws2/install/smac_planner/lib:/home/kgh/ws2/install/nav2_controller/lib:/home/kgh/ws2/install/dwb_plugins/lib:/home/kgh/ws2/install/dwb_critics/lib:/home/kgh/ws2/install/dwb_core/lib:/home/kgh/ws2/install/nav_2d_utils/lib:/home/kgh/ws2/install/dwb_msgs/lib:/home/kgh/ws2/install/nav_2d_msgs/lib:/home/kgh/ws2/install/nav2_waypoint_follower/lib:/home/kgh/ws2/install/nav2_regulated_pure_pursuit_controller/lib:/home/kgh/ws2/install/nav2_recoveries/lib:/home/kgh/ws2/install/nav2_planner/lib:/home/kgh/ws2/install/nav2_navfn_planner/lib:/home/kgh/ws2/install/costmap_queue/lib:/home/kgh/ws2/install/nav2_costmap_2d/lib:/home/kgh/ws2/install/nav2_voxel_grid/lib:/home/kgh/ws2/install/nav2_rviz_plugins/lib:/home/kgh/ws2/install/nav2_map_server/lib:/home/kgh/ws2/install/nav2_lifecycle_manager/lib:/home/kgh/ws2/install/nav2_bt_navigator/lib:/home/kgh/ws2/install/nav2_behavior_tree/lib:/home/kgh/ws2/install/nav2_amcl/lib:/usr/lib/x86_64-linux-gnu/gazebo-11/plugins:/opt/ros/foxy/opt/yaml_cpp_vendor/lib:/opt/ros/foxy/opt/rviz_ogre_vendor/lib:/opt/ros/foxy/lib/x86_64-linux-gnu:/opt/ros/foxy/lib PYTHONPATH=/home/kgh/ws2/install/nav2_msgs/lib/python3.8/site-packages:/home/kgh/ws2/install/nav2_common/lib/python3.8/site-packages:/home/kgh/ws2/install/yzbot_description/lib/python3.8/site-packages:/home/kgh/ws2/install/yzbot_controller/lib/python3.8/site-packages:/home/kgh/ws2/install/dwb_msgs/lib/python3.8/site-packages:/home/kgh/ws2/install/nav_2d_msgs/lib/python3.8/site-packages:/home/kgh/ws2/install/nav2_gazebo_spawner/lib/python3.8/site-packages:/opt/ros/foxy/lib/python3.8/site-packages /usr/bin/cmake --build /home/kgh/ws2/build/nav2_behavior_tree -- -j16 -l16
[0.697s] [  2%] Built target nav2_compute_path_to_pose_action_bt_node
[0.699s] [  6%] Built target nav2_wait_action_bt_node
[0.699s] [  6%] Built target nav2_initial_pose_received_condition_bt_node
[0.699s] [  8%] Built target nav2_goal_updater_node_bt_node
[0.701s] [ 10%] Built target nav2_spin_action_bt_node
[0.713s] [ 12%] Built target nav2_pipeline_sequence_bt_node
[0.713s] [ 14%] Built target nav2_transform_available_condition_bt_node
[0.713s] [ 16%] Built target nav2_is_stuck_condition_bt_node
[0.714s] [ 18%] Built target nav2_goal_reached_condition_bt_node
[0.715s] [ 20%] Built target nav2_behavior_tree
[0.719s] [ 22%] Built target nav2_follow_path_action_bt_node
[0.720s] [ 24%] Built target nav2_goal_updated_condition_bt_node
[0.729s] [ 26%] Built target nav2_time_expired_condition_bt_node
[0.732s] [ 28%] Built target nav2_distance_traveled_condition_bt_node
[0.733s] [ 30%] Built target nav2_is_battery_low_condition_bt_node
[0.745s] [ 32%] Built target nav2_reinitialize_global_localization_service_bt_node
[0.774s] [ 34%] Built target gtest_main
[0.775s] [ 36%] Built target nav2_rate_controller_bt_node
[0.790s] [ 38%] Built target nav2_back_up_action_bt_node
[0.790s] [ 40%] Built target gtest
[0.790s] [ 42%] Built target nav2_distance_controller_bt_node
[0.791s] [ 45%] Built target nav2_recovery_node_bt_node
[0.791s] [ 46%] Built target nav2_navigate_to_pose_action_bt_node
[0.792s] [ 48%] Built target nav2_truncate_path_action_bt_node
[0.799s] [ 51%] Built target nav2_round_robin_node_bt_node
[0.807s] [ 53%] Built target nav2_speed_controller_bt_node
[0.824s] [ 55%] Built target nav2_clear_costmap_service_bt_node
[0.895s] [ 59%] Built target test_condition_distance_traveled
[0.895s] [ 59%] Built target test_condition_initial_pose_received
[0.895s] [ 61%] Built target test_condition_time_expired
[0.895s] [ 65%] Built target test_condition_goal_updated
[0.895s] [ 65%] Built target test_bt_conversions
[0.907s] [ 69%] Built target test_goal_updater_node
[0.908s] [ 73%] Built target test_condition_goal_reached
[0.908s] [ 73%] Built target test_decorator_rate_controller
[0.909s] [ 69%] Built target test_condition_is_battery_low
[0.911s] [ 75%] Built target test_condition_transform_available
[0.911s] [ 77%] Built target test_control_round_robin_node
[0.914s] [ 79%] Built target test_decorator_distance_controller
[0.918s] [ 81%] Built target test_control_pipeline_sequence
[0.918s] [ 83%] Built target test_condition_is_stuck
[0.923s] [ 85%] Built target test_control_recovery_node
[0.968s] [ 87%] Built target test_action_follow_path_action
[0.970s] [ 89%] Built target test_action_compute_path_to_pose_action
[0.970s] [ 91%] Built target test_action_reinitialize_global_localization_service
[0.971s] [ 93%] Built target test_action_clear_costmap_service
[0.971s] [ 97%] Built target test_action_navigate_to_pose_action
[0.971s] [ 97%] Built target test_truncate_path_action
[0.986s] [100%] Built target test_decorator_speed_controller
[1.074s] Invoked command in '/home/kgh/ws2/build/nav2_behavior_tree' returned '0': CMAKE_PREFIX_PATH=/home/kgh/ws2/install/nav2_util:/home/kgh/ws2/install/nav2_msgs:/home/kgh/ws2/install/nav2_common:/home/kgh/ws2/install/yzbot_nav2:/home/kgh/ws2/install/yzbot_cartographer:/home/kgh/ws2/install/nav2_system_tests:/home/kgh/ws2/install/nav2_bringup:/home/kgh/ws2/install/navigation2:/home/kgh/ws2/install/smac_planner:/home/kgh/ws2/install/nav2_dwb_controller:/home/kgh/ws2/install/nav2_controller:/home/kgh/ws2/install/dwb_plugins:/home/kgh/ws2/install/dwb_critics:/home/kgh/ws2/install/dwb_core:/home/kgh/ws2/install/nav_2d_utils:/home/kgh/ws2/install/dwb_msgs:/home/kgh/ws2/install/nav_2d_msgs:/home/kgh/ws2/install/nav2_waypoint_follower:/home/kgh/ws2/install/nav2_regulated_pure_pursuit_controller:/home/kgh/ws2/install/nav2_recoveries:/home/kgh/ws2/install/nav2_planner:/home/kgh/ws2/install/nav2_navfn_planner:/home/kgh/ws2/install/nav2_core:/home/kgh/ws2/install/costmap_queue:/home/kgh/ws2/install/nav2_costmap_2d:/home/kgh/ws2/install/nav2_voxel_grid:/home/kgh/ws2/install/nav2_rviz_plugins:/home/kgh/ws2/install/nav2_map_server:/home/kgh/ws2/install/nav2_lifecycle_manager:/home/kgh/ws2/install/nav2_bt_navigator:/home/kgh/ws2/install/nav2_behavior_tree:/home/kgh/ws2/install/nav2_amcl:/home/kgh/ws2/install/yzbot_description:/home/kgh/ws2/install/yzbot_controller:/home/kgh/ws2/install/nav2_gazebo_spawner:/opt/ros/foxy LD_LIBRARY_PATH=/home/kgh/ws2/install/nav2_util/lib:/home/kgh/ws2/install/nav2_msgs/lib:/home/kgh/ws2/install/smac_planner/lib:/home/kgh/ws2/install/nav2_controller/lib:/home/kgh/ws2/install/dwb_plugins/lib:/home/kgh/ws2/install/dwb_critics/lib:/home/kgh/ws2/install/dwb_core/lib:/home/kgh/ws2/install/nav_2d_utils/lib:/home/kgh/ws2/install/dwb_msgs/lib:/home/kgh/ws2/install/nav_2d_msgs/lib:/home/kgh/ws2/install/nav2_waypoint_follower/lib:/home/kgh/ws2/install/nav2_regulated_pure_pursuit_controller/lib:/home/kgh/ws2/install/nav2_recoveries/lib:/home/kgh/ws2/install/nav2_planner/lib:/home/kgh/ws2/install/nav2_navfn_planner/lib:/home/kgh/ws2/install/costmap_queue/lib:/home/kgh/ws2/install/nav2_costmap_2d/lib:/home/kgh/ws2/install/nav2_voxel_grid/lib:/home/kgh/ws2/install/nav2_rviz_plugins/lib:/home/kgh/ws2/install/nav2_map_server/lib:/home/kgh/ws2/install/nav2_lifecycle_manager/lib:/home/kgh/ws2/install/nav2_bt_navigator/lib:/home/kgh/ws2/install/nav2_behavior_tree/lib:/home/kgh/ws2/install/nav2_amcl/lib:/usr/lib/x86_64-linux-gnu/gazebo-11/plugins:/opt/ros/foxy/opt/yaml_cpp_vendor/lib:/opt/ros/foxy/opt/rviz_ogre_vendor/lib:/opt/ros/foxy/lib/x86_64-linux-gnu:/opt/ros/foxy/lib PYTHONPATH=/home/kgh/ws2/install/nav2_msgs/lib/python3.8/site-packages:/home/kgh/ws2/install/nav2_common/lib/python3.8/site-packages:/home/kgh/ws2/install/yzbot_description/lib/python3.8/site-packages:/home/kgh/ws2/install/yzbot_controller/lib/python3.8/site-packages:/home/kgh/ws2/install/dwb_msgs/lib/python3.8/site-packages:/home/kgh/ws2/install/nav_2d_msgs/lib/python3.8/site-packages:/home/kgh/ws2/install/nav2_gazebo_spawner/lib/python3.8/site-packages:/opt/ros/foxy/lib/python3.8/site-packages /usr/bin/cmake --build /home/kgh/ws2/build/nav2_behavior_tree -- -j16 -l16
[1.374s] Invoking command in '/home/kgh/ws2/build/nav2_behavior_tree': CMAKE_PREFIX_PATH=/home/kgh/ws2/install/nav2_util:/home/kgh/ws2/install/nav2_msgs:/home/kgh/ws2/install/nav2_common:/home/kgh/ws2/install/yzbot_nav2:/home/kgh/ws2/install/yzbot_cartographer:/home/kgh/ws2/install/nav2_system_tests:/home/kgh/ws2/install/nav2_bringup:/home/kgh/ws2/install/navigation2:/home/kgh/ws2/install/smac_planner:/home/kgh/ws2/install/nav2_dwb_controller:/home/kgh/ws2/install/nav2_controller:/home/kgh/ws2/install/dwb_plugins:/home/kgh/ws2/install/dwb_critics:/home/kgh/ws2/install/dwb_core:/home/kgh/ws2/install/nav_2d_utils:/home/kgh/ws2/install/dwb_msgs:/home/kgh/ws2/install/nav_2d_msgs:/home/kgh/ws2/install/nav2_waypoint_follower:/home/kgh/ws2/install/nav2_regulated_pure_pursuit_controller:/home/kgh/ws2/install/nav2_recoveries:/home/kgh/ws2/install/nav2_planner:/home/kgh/ws2/install/nav2_navfn_planner:/home/kgh/ws2/install/nav2_core:/home/kgh/ws2/install/costmap_queue:/home/kgh/ws2/install/nav2_costmap_2d:/home/kgh/ws2/install/nav2_voxel_grid:/home/kgh/ws2/install/nav2_rviz_plugins:/home/kgh/ws2/install/nav2_map_server:/home/kgh/ws2/install/nav2_lifecycle_manager:/home/kgh/ws2/install/nav2_bt_navigator:/home/kgh/ws2/install/nav2_behavior_tree:/home/kgh/ws2/install/nav2_amcl:/home/kgh/ws2/install/yzbot_description:/home/kgh/ws2/install/yzbot_controller:/home/kgh/ws2/install/nav2_gazebo_spawner:/opt/ros/foxy LD_LIBRARY_PATH=/home/kgh/ws2/install/nav2_util/lib:/home/kgh/ws2/install/nav2_msgs/lib:/home/kgh/ws2/install/smac_planner/lib:/home/kgh/ws2/install/nav2_controller/lib:/home/kgh/ws2/install/dwb_plugins/lib:/home/kgh/ws2/install/dwb_critics/lib:/home/kgh/ws2/install/dwb_core/lib:/home/kgh/ws2/install/nav_2d_utils/lib:/home/kgh/ws2/install/dwb_msgs/lib:/home/kgh/ws2/install/nav_2d_msgs/lib:/home/kgh/ws2/install/nav2_waypoint_follower/lib:/home/kgh/ws2/install/nav2_regulated_pure_pursuit_controller/lib:/home/kgh/ws2/install/nav2_recoveries/lib:/home/kgh/ws2/install/nav2_planner/lib:/home/kgh/ws2/install/nav2_navfn_planner/lib:/home/kgh/ws2/install/costmap_queue/lib:/home/kgh/ws2/install/nav2_costmap_2d/lib:/home/kgh/ws2/install/nav2_voxel_grid/lib:/home/kgh/ws2/install/nav2_rviz_plugins/lib:/home/kgh/ws2/install/nav2_map_server/lib:/home/kgh/ws2/install/nav2_lifecycle_manager/lib:/home/kgh/ws2/install/nav2_bt_navigator/lib:/home/kgh/ws2/install/nav2_behavior_tree/lib:/home/kgh/ws2/install/nav2_amcl/lib:/usr/lib/x86_64-linux-gnu/gazebo-11/plugins:/opt/ros/foxy/opt/yaml_cpp_vendor/lib:/opt/ros/foxy/opt/rviz_ogre_vendor/lib:/opt/ros/foxy/lib/x86_64-linux-gnu:/opt/ros/foxy/lib PYTHONPATH=/home/kgh/ws2/install/nav2_msgs/lib/python3.8/site-packages:/home/kgh/ws2/install/nav2_common/lib/python3.8/site-packages:/home/kgh/ws2/install/yzbot_description/lib/python3.8/site-packages:/home/kgh/ws2/install/yzbot_controller/lib/python3.8/site-packages:/home/kgh/ws2/install/dwb_msgs/lib/python3.8/site-packages:/home/kgh/ws2/install/nav_2d_msgs/lib/python3.8/site-packages:/home/kgh/ws2/install/nav2_gazebo_spawner/lib/python3.8/site-packages:/opt/ros/foxy/lib/python3.8/site-packages /usr/bin/cmake --install /home/kgh/ws2/build/nav2_behavior_tree
[1.385s] -- Install configuration: "Release"
[1.386s] -- Up-to-date: /home/kgh/ws2/install/nav2_behavior_tree/lib/libnav2_behavior_tree.so
[1.387s] -- Up-to-date: /home/kgh/ws2/install/nav2_behavior_tree/lib/libnav2_compute_path_to_pose_action_bt_node.so
[1.388s] -- Up-to-date: /home/kgh/ws2/install/nav2_behavior_tree/lib/libnav2_follow_path_action_bt_node.so
[1.388s] -- Up-to-date: /home/kgh/ws2/install/nav2_behavior_tree/lib/libnav2_back_up_action_bt_node.so
[1.389s] -- Up-to-date: /home/kgh/ws2/install/nav2_behavior_tree/lib/libnav2_spin_action_bt_node.so
[1.392s] -- Up-to-date: /home/kgh/ws2/install/nav2_behavior_tree/lib/libnav2_wait_action_bt_node.so
[1.394s] -- Up-to-date: /home/kgh/ws2/install/nav2_behavior_tree/lib/libnav2_clear_costmap_service_bt_node.so
[1.394s] -- Up-to-date: /home/kgh/ws2/install/nav2_behavior_tree/lib/libnav2_is_stuck_condition_bt_node.so
[1.394s] -- Up-to-date: /home/kgh/ws2/install/nav2_behavior_tree/lib/libnav2_transform_available_condition_bt_node.so
[1.394s] -- Up-to-date: /home/kgh/ws2/install/nav2_behavior_tree/lib/libnav2_goal_reached_condition_bt_node.so
[1.395s] -- Up-to-date: /home/kgh/ws2/install/nav2_behavior_tree/lib/libnav2_goal_updated_condition_bt_node.so
[1.395s] -- Up-to-date: /home/kgh/ws2/install/nav2_behavior_tree/lib/libnav2_time_expired_condition_bt_node.so
[1.397s] -- Up-to-date: /home/kgh/ws2/install/nav2_behavior_tree/lib/libnav2_distance_traveled_condition_bt_node.so
[1.397s] -- Up-to-date: /home/kgh/ws2/install/nav2_behavior_tree/lib/libnav2_initial_pose_received_condition_bt_node.so
[1.397s] -- Up-to-date: /home/kgh/ws2/install/nav2_behavior_tree/lib/libnav2_is_battery_low_condition_bt_node.so
[1.404s] -- Up-to-date: /home/kgh/ws2/install/nav2_behavior_tree/lib/libnav2_reinitialize_global_localization_service_bt_node.so
[1.404s] -- Up-to-date: /home/kgh/ws2/install/nav2_behavior_tree/lib/libnav2_rate_controller_bt_node.so
[1.404s] -- Up-to-date: /home/kgh/ws2/install/nav2_behavior_tree/lib/libnav2_distance_controller_bt_node.so
[1.404s] -- Up-to-date: /home/kgh/ws2/install/nav2_behavior_tree/lib/libnav2_speed_controller_bt_node.so
[1.404s] -- Up-to-date: /home/kgh/ws2/install/nav2_behavior_tree/lib/libnav2_truncate_path_action_bt_node.so
[1.405s] -- Up-to-date: /home/kgh/ws2/install/nav2_behavior_tree/lib/libnav2_goal_updater_node_bt_node.so
[1.407s] -- Up-to-date: /home/kgh/ws2/install/nav2_behavior_tree/lib/libnav2_recovery_node_bt_node.so
[1.414s] -- Up-to-date: /home/kgh/ws2/install/nav2_behavior_tree/lib/libnav2_navigate_to_pose_action_bt_node.so
[1.418s] -- Up-to-date: /home/kgh/ws2/install/nav2_behavior_tree/lib/libnav2_pipeline_sequence_bt_node.so
[1.419s] -- Up-to-date: /home/kgh/ws2/install/nav2_behavior_tree/lib/libnav2_round_robin_node_bt_node.so
[1.421s] -- Up-to-date: /home/kgh/ws2/install/nav2_behavior_tree/include/
[1.421s] -- Up-to-date: /home/kgh/ws2/install/nav2_behavior_tree/include//nav2_behavior_tree
[1.421s] -- Up-to-date: /home/kgh/ws2/install/nav2_behavior_tree/include//nav2_behavior_tree/bt_service_node.hpp
[1.422s] -- Up-to-date: /home/kgh/ws2/install/nav2_behavior_tree/include//nav2_behavior_tree/bt_conversions.hpp
[1.422s] -- Up-to-date: /home/kgh/ws2/install/nav2_behavior_tree/include//nav2_behavior_tree/behavior_tree_engine.hpp
[1.422s] -- Up-to-date: /home/kgh/ws2/install/nav2_behavior_tree/include//nav2_behavior_tree/plugins
[1.422s] -- Up-to-date: /home/kgh/ws2/install/nav2_behavior_tree/include//nav2_behavior_tree/plugins/action
[1.422s] -- Up-to-date: /home/kgh/ws2/install/nav2_behavior_tree/include//nav2_behavior_tree/plugins/action/reinitialize_global_localization_service.hpp
[1.422s] -- Up-to-date: /home/kgh/ws2/install/nav2_behavior_tree/include//nav2_behavior_tree/plugins/action/follow_path_action.hpp
[1.422s] -- Up-to-date: /home/kgh/ws2/install/nav2_behavior_tree/include//nav2_behavior_tree/plugins/action/clear_costmap_service.hpp
[1.422s] -- Up-to-date: /home/kgh/ws2/install/nav2_behavior_tree/include//nav2_behavior_tree/plugins/action/truncate_path_action.hpp
[1.422s] -- Up-to-date: /home/kgh/ws2/install/nav2_behavior_tree/include//nav2_behavior_tree/plugins/action/compute_path_to_pose_action.hpp
[1.423s] -- Up-to-date: /home/kgh/ws2/install/nav2_behavior_tree/include//nav2_behavior_tree/plugins/action/spin_action.hpp
[1.423s] -- Up-to-date: /home/kgh/ws2/install/nav2_behavior_tree/include//nav2_behavior_tree/plugins/action/navigate_to_pose_action.hpp
[1.423s] -- Up-to-date: /home/kgh/ws2/install/nav2_behavior_tree/include//nav2_behavior_tree/plugins/action/wait_action.hpp
[1.423s] -- Up-to-date: /home/kgh/ws2/install/nav2_behavior_tree/include//nav2_behavior_tree/plugins/action/back_up_action.hpp
[1.423s] -- Up-to-date: /home/kgh/ws2/install/nav2_behavior_tree/include//nav2_behavior_tree/plugins/decorator
[1.423s] -- Up-to-date: /home/kgh/ws2/install/nav2_behavior_tree/include//nav2_behavior_tree/plugins/decorator/rate_controller.hpp
[1.423s] -- Up-to-date: /home/kgh/ws2/install/nav2_behavior_tree/include//nav2_behavior_tree/plugins/decorator/speed_controller.hpp
[1.423s] -- Up-to-date: /home/kgh/ws2/install/nav2_behavior_tree/include//nav2_behavior_tree/plugins/decorator/distance_controller.hpp
[1.423s] -- Up-to-date: /home/kgh/ws2/install/nav2_behavior_tree/include//nav2_behavior_tree/plugins/decorator/goal_updater_node.hpp
[1.424s] -- Up-to-date: /home/kgh/ws2/install/nav2_behavior_tree/include//nav2_behavior_tree/plugins/control
[1.424s] -- Up-to-date: /home/kgh/ws2/install/nav2_behavior_tree/include//nav2_behavior_tree/plugins/control/round_robin_node.hpp
[1.424s] -- Up-to-date: /home/kgh/ws2/install/nav2_behavior_tree/include//nav2_behavior_tree/plugins/control/recovery_node.hpp
[1.424s] -- Up-to-date: /home/kgh/ws2/install/nav2_behavior_tree/include//nav2_behavior_tree/plugins/control/pipeline_sequence.hpp
[1.424s] -- Up-to-date: /home/kgh/ws2/install/nav2_behavior_tree/include//nav2_behavior_tree/plugins/condition
[1.424s] -- Up-to-date: /home/kgh/ws2/install/nav2_behavior_tree/include//nav2_behavior_tree/plugins/condition/transform_available_condition.hpp
[1.424s] -- Up-to-date: /home/kgh/ws2/install/nav2_behavior_tree/include//nav2_behavior_tree/plugins/condition/is_stuck_condition.hpp
[1.424s] -- Up-to-date: /home/kgh/ws2/install/nav2_behavior_tree/include//nav2_behavior_tree/plugins/condition/initial_pose_received_condition.hpp
[1.424s] -- Up-to-date: /home/kgh/ws2/install/nav2_behavior_tree/include//nav2_behavior_tree/plugins/condition/goal_reached_condition.hpp
[1.425s] -- Up-to-date: /home/kgh/ws2/install/nav2_behavior_tree/include//nav2_behavior_tree/plugins/condition/is_battery_low_condition.hpp
[1.425s] -- Up-to-date: /home/kgh/ws2/install/nav2_behavior_tree/include//nav2_behavior_tree/plugins/condition/distance_traveled_condition.hpp
[1.425s] -- Up-to-date: /home/kgh/ws2/install/nav2_behavior_tree/include//nav2_behavior_tree/plugins/condition/goal_updated_condition.hpp
[1.425s] -- Up-to-date: /home/kgh/ws2/install/nav2_behavior_tree/include//nav2_behavior_tree/plugins/condition/time_expired_condition.hpp
[1.425s] -- Up-to-date: /home/kgh/ws2/install/nav2_behavior_tree/include//nav2_behavior_tree/bt_action_node.hpp
[1.425s] -- Up-to-date: /home/kgh/ws2/install/nav2_behavior_tree/share/nav2_behavior_tree/nav2_tree_nodes.xml
[1.425s] -- Up-to-date: /home/kgh/ws2/install/nav2_behavior_tree/share/nav2_behavior_tree/environment/library_path.sh
[1.425s] -- Up-to-date: /home/kgh/ws2/install/nav2_behavior_tree/share/nav2_behavior_tree/environment/library_path.dsv
[1.425s] -- Up-to-date: /home/kgh/ws2/install/nav2_behavior_tree/share/ament_index/resource_index/package_run_dependencies/nav2_behavior_tree
[1.425s] -- Up-to-date: /home/kgh/ws2/install/nav2_behavior_tree/share/ament_index/resource_index/parent_prefix_path/nav2_behavior_tree
[1.425s] -- Up-to-date: /home/kgh/ws2/install/nav2_behavior_tree/share/nav2_behavior_tree/environment/ament_prefix_path.sh
[1.425s] -- Up-to-date: /home/kgh/ws2/install/nav2_behavior_tree/share/nav2_behavior_tree/environment/ament_prefix_path.dsv
[1.425s] -- Up-to-date: /home/kgh/ws2/install/nav2_behavior_tree/share/nav2_behavior_tree/environment/path.sh
[1.426s] -- Up-to-date: /home/kgh/ws2/install/nav2_behavior_tree/share/nav2_behavior_tree/environment/path.dsv
[1.426s] -- Up-to-date: /home/kgh/ws2/install/nav2_behavior_tree/share/nav2_behavior_tree/local_setup.bash
[1.426s] -- Up-to-date: /home/kgh/ws2/install/nav2_behavior_tree/share/nav2_behavior_tree/local_setup.sh
[1.426s] -- Up-to-date: /home/kgh/ws2/install/nav2_behavior_tree/share/nav2_behavior_tree/local_setup.zsh
[1.426s] -- Up-to-date: /home/kgh/ws2/install/nav2_behavior_tree/share/nav2_behavior_tree/local_setup.dsv
[1.426s] -- Installing: /home/kgh/ws2/install/nav2_behavior_tree/share/nav2_behavior_tree/package.dsv
[1.426s] -- Up-to-date: /home/kgh/ws2/install/nav2_behavior_tree/share/ament_index/resource_index/packages/nav2_behavior_tree
[1.426s] -- Up-to-date: /home/kgh/ws2/install/nav2_behavior_tree/share/nav2_behavior_tree/cmake/ament_cmake_export_include_directories-extras.cmake
[1.426s] -- Up-to-date: /home/kgh/ws2/install/nav2_behavior_tree/share/nav2_behavior_tree/cmake/ament_cmake_export_libraries-extras.cmake
[1.426s] -- Up-to-date: /home/kgh/ws2/install/nav2_behavior_tree/share/nav2_behavior_tree/cmake/ament_cmake_export_dependencies-extras.cmake
[1.426s] -- Up-to-date: /home/kgh/ws2/install/nav2_behavior_tree/share/nav2_behavior_tree/cmake/nav2_behavior_treeConfig.cmake
[1.426s] -- Up-to-date: /home/kgh/ws2/install/nav2_behavior_tree/share/nav2_behavior_tree/cmake/nav2_behavior_treeConfig-version.cmake
[1.427s] -- Up-to-date: /home/kgh/ws2/install/nav2_behavior_tree/share/nav2_behavior_tree/package.xml
[1.664s] Invoked command in '/home/kgh/ws2/build/nav2_behavior_tree' returned '0': CMAKE_PREFIX_PATH=/home/kgh/ws2/install/nav2_util:/home/kgh/ws2/install/nav2_msgs:/home/kgh/ws2/install/nav2_common:/home/kgh/ws2/install/yzbot_nav2:/home/kgh/ws2/install/yzbot_cartographer:/home/kgh/ws2/install/nav2_system_tests:/home/kgh/ws2/install/nav2_bringup:/home/kgh/ws2/install/navigation2:/home/kgh/ws2/install/smac_planner:/home/kgh/ws2/install/nav2_dwb_controller:/home/kgh/ws2/install/nav2_controller:/home/kgh/ws2/install/dwb_plugins:/home/kgh/ws2/install/dwb_critics:/home/kgh/ws2/install/dwb_core:/home/kgh/ws2/install/nav_2d_utils:/home/kgh/ws2/install/dwb_msgs:/home/kgh/ws2/install/nav_2d_msgs:/home/kgh/ws2/install/nav2_waypoint_follower:/home/kgh/ws2/install/nav2_regulated_pure_pursuit_controller:/home/kgh/ws2/install/nav2_recoveries:/home/kgh/ws2/install/nav2_planner:/home/kgh/ws2/install/nav2_navfn_planner:/home/kgh/ws2/install/nav2_core:/home/kgh/ws2/install/costmap_queue:/home/kgh/ws2/install/nav2_costmap_2d:/home/kgh/ws2/install/nav2_voxel_grid:/home/kgh/ws2/install/nav2_rviz_plugins:/home/kgh/ws2/install/nav2_map_server:/home/kgh/ws2/install/nav2_lifecycle_manager:/home/kgh/ws2/install/nav2_bt_navigator:/home/kgh/ws2/install/nav2_behavior_tree:/home/kgh/ws2/install/nav2_amcl:/home/kgh/ws2/install/yzbot_description:/home/kgh/ws2/install/yzbot_controller:/home/kgh/ws2/install/nav2_gazebo_spawner:/opt/ros/foxy LD_LIBRARY_PATH=/home/kgh/ws2/install/nav2_util/lib:/home/kgh/ws2/install/nav2_msgs/lib:/home/kgh/ws2/install/smac_planner/lib:/home/kgh/ws2/install/nav2_controller/lib:/home/kgh/ws2/install/dwb_plugins/lib:/home/kgh/ws2/install/dwb_critics/lib:/home/kgh/ws2/install/dwb_core/lib:/home/kgh/ws2/install/nav_2d_utils/lib:/home/kgh/ws2/install/dwb_msgs/lib:/home/kgh/ws2/install/nav_2d_msgs/lib:/home/kgh/ws2/install/nav2_waypoint_follower/lib:/home/kgh/ws2/install/nav2_regulated_pure_pursuit_controller/lib:/home/kgh/ws2/install/nav2_recoveries/lib:/home/kgh/ws2/install/nav2_planner/lib:/home/kgh/ws2/install/nav2_navfn_planner/lib:/home/kgh/ws2/install/costmap_queue/lib:/home/kgh/ws2/install/nav2_costmap_2d/lib:/home/kgh/ws2/install/nav2_voxel_grid/lib:/home/kgh/ws2/install/nav2_rviz_plugins/lib:/home/kgh/ws2/install/nav2_map_server/lib:/home/kgh/ws2/install/nav2_lifecycle_manager/lib:/home/kgh/ws2/install/nav2_bt_navigator/lib:/home/kgh/ws2/install/nav2_behavior_tree/lib:/home/kgh/ws2/install/nav2_amcl/lib:/usr/lib/x86_64-linux-gnu/gazebo-11/plugins:/opt/ros/foxy/opt/yaml_cpp_vendor/lib:/opt/ros/foxy/opt/rviz_ogre_vendor/lib:/opt/ros/foxy/lib/x86_64-linux-gnu:/opt/ros/foxy/lib PYTHONPATH=/home/kgh/ws2/install/nav2_msgs/lib/python3.8/site-packages:/home/kgh/ws2/install/nav2_common/lib/python3.8/site-packages:/home/kgh/ws2/install/yzbot_description/lib/python3.8/site-packages:/home/kgh/ws2/install/yzbot_controller/lib/python3.8/site-packages:/home/kgh/ws2/install/dwb_msgs/lib/python3.8/site-packages:/home/kgh/ws2/install/nav_2d_msgs/lib/python3.8/site-packages:/home/kgh/ws2/install/nav2_gazebo_spawner/lib/python3.8/site-packages:/opt/ros/foxy/lib/python3.8/site-packages /usr/bin/cmake --install /home/kgh/ws2/build/nav2_behavior_tree
