[0.115s] Invoking command in '/home/kgh/ws2/build/yzbot_stm32connect': CMAKE_PREFIX_PATH=/home/kgh/ws2/install/yzbot_msgs:/home/kgh/ws2/install/yzbot_stm32connect:/home/kgh/ws2/install/yzbot_nav2:/home/kgh/ws2/install/yzbot_cartographer:/home/kgh/ws2/install/nav2_system_tests:/home/kgh/ws2/install/nav2_bringup:/home/kgh/ws2/install/navigation2:/home/kgh/ws2/install/smac_planner:/home/kgh/ws2/install/nav2_dwb_controller:/home/kgh/ws2/install/nav2_controller:/home/kgh/ws2/install/dwb_plugins:/home/kgh/ws2/install/dwb_critics:/home/kgh/ws2/install/dwb_core:/home/kgh/ws2/install/nav_2d_utils:/home/kgh/ws2/install/dwb_msgs:/home/kgh/ws2/install/nav_2d_msgs:/home/kgh/ws2/install/nav2_waypoint_follower:/home/kgh/ws2/install/nav2_regulated_pure_pursuit_controller:/home/kgh/ws2/install/nav2_recoveries:/home/kgh/ws2/install/nav2_planner:/home/kgh/ws2/install/nav2_navfn_planner:/home/kgh/ws2/install/nav2_core:/home/kgh/ws2/install/costmap_queue:/home/kgh/ws2/install/nav2_costmap_2d:/home/kgh/ws2/install/nav2_voxel_grid:/home/kgh/ws2/install/nav2_rviz_plugins:/home/kgh/ws2/install/nav2_map_server:/home/kgh/ws2/install/nav2_lifecycle_manager:/home/kgh/ws2/install/nav2_bt_navigator:/home/kgh/ws2/install/nav2_behavior_tree:/home/kgh/ws2/install/nav2_amcl:/home/kgh/ws2/install/nav2_util:/home/kgh/ws2/install/nav2_msgs:/home/kgh/ws2/install/nav2_common:/home/kgh/ws2/install/bluesea2:/home/kgh/ws2/install/yzbot_description:/home/kgh/ws2/install/yzbot_controller:/home/kgh/ws2/install/nav2_gazebo_spawner:/opt/ros/foxy /usr/bin/cmake --build /home/kgh/ws2/build/yzbot_stm32connect -- -j16 -l16
[0.188s] [ 40%] Built target serial
[0.226s] [ 50%] [32mBuilding CXX object CMakeFiles/stm32_connect.dir/src/stm32_connect.cpp.o[0m
[2.882s] In file included from [01m[K/usr/include/x86_64-linux-gnu/c++/9/bits/c++allocator.h:33[m[K,
[2.882s]                  from [01m[K/usr/include/c++/9/bits/allocator.h:46[m[K,
[2.882s]                  from [01m[K/usr/include/c++/9/memory:63[m[K,
[2.882s]                  from [01m[K/opt/ros/foxy/include/rclcpp/rclcpp.hpp:144[m[K,
[2.882s]                  from [01m[K/home/kgh/ws2/src/yzbot_stm32connect/include/stm32_connect.hpp:4[m[K,
[2.883s]                  from [01m[K/home/kgh/ws2/src/yzbot_stm32connect/src/stm32_connect.cpp:1[m[K:
[2.883s] /usr/include/c++/9/ext/new_allocator.h: In instantiation of ‘[01m[Kvoid __gnu_cxx::new_allocator<_Tp>::construct(_Up*, _Args&& ...) [with _Up = PLC; _Args = {std::shared_ptr<RobotSerial>&}; _Tp = PLC][m[K’:
[2.883s] [01m[K/usr/include/c++/9/bits/alloc_traits.h:483:4:[m[K   required from ‘[01m[Kstatic void std::allocator_traits<std::allocator<_Tp1> >::construct(std::allocator_traits<std::allocator<_Tp1> >::allocator_type&, _Up*, _Args&& ...) [with _Up = PLC; _Args = {std::shared_ptr<RobotSerial>&}; _Tp = PLC; std::allocator_traits<std::allocator<_Tp1> >::allocator_type = std::allocator<PLC>][m[K’
[2.883s] [01m[K/usr/include/c++/9/bits/shared_ptr_base.h:548:39:[m[K   required from ‘[01m[Kstd::_Sp_counted_ptr_inplace<_Tp, _Alloc, _Lp>::_Sp_counted_ptr_inplace(_Alloc, _Args&& ...) [with _Args = {std::shared_ptr<RobotSerial>&}; _Tp = PLC; _Alloc = std::allocator<PLC>; __gnu_cxx::_Lock_policy _Lp = __gnu_cxx::_S_atomic][m[K’
[2.883s] [01m[K/usr/include/c++/9/bits/shared_ptr_base.h:679:16:[m[K   required from ‘[01m[Kstd::__shared_count<_Lp>::__shared_count(_Tp*&, std::_Sp_alloc_shared_tag<_Alloc>, _Args&& ...) [with _Tp = PLC; _Alloc = std::allocator<PLC>; _Args = {std::shared_ptr<RobotSerial>&}; __gnu_cxx::_Lock_policy _Lp = __gnu_cxx::_S_atomic][m[K’
[2.883s] [01m[K/usr/include/c++/9/bits/shared_ptr_base.h:1344:71:[m[K   required from ‘[01m[Kstd::__shared_ptr<_Tp, _Lp>::__shared_ptr(std::_Sp_alloc_shared_tag<_Tp>, _Args&& ...) [with _Alloc = std::allocator<PLC>; _Args = {std::shared_ptr<RobotSerial>&}; _Tp = PLC; __gnu_cxx::_Lock_policy _Lp = __gnu_cxx::_S_atomic][m[K’
[2.883s] [01m[K/usr/include/c++/9/bits/shared_ptr.h:359:59:[m[K   required from ‘[01m[Kstd::shared_ptr<_Tp>::shared_ptr(std::_Sp_alloc_shared_tag<_Tp>, _Args&& ...) [with _Alloc = std::allocator<PLC>; _Args = {std::shared_ptr<RobotSerial>&}; _Tp = PLC][m[K’
[2.883s] [01m[K/usr/include/c++/9/bits/shared_ptr.h:701:14:[m[K   required from ‘[01m[Kstd::shared_ptr<_Tp> std::allocate_shared(const _Alloc&, _Args&& ...) [with _Tp = PLC; _Alloc = std::allocator<PLC>; _Args = {std::shared_ptr<RobotSerial>&}][m[K’
[2.883s] [01m[K/usr/include/c++/9/bits/shared_ptr.h:717:39:[m[K   required from ‘[01m[Kstd::shared_ptr<_Tp> std::make_shared(_Args&& ...) [with _Tp = PLC; _Args = {std::shared_ptr<RobotSerial>&}][m[K’
[2.883s] [01m[K/home/kgh/ws2/src/yzbot_stm32connect/src/stm32_connect.cpp:23:51:[m[K   required from here
[2.883s] [01m[K/usr/include/c++/9/ext/new_allocator.h:146:4:[m[K [01;31m[Kerror: [m[Kno matching function for call to ‘[01m[KPLC::PLC(std::shared_ptr<RobotSerial>&)[m[K’
[2.883s]   146 |  { [01;31m[K::new((void *)__p) _Up(std::forward<_Args>(__args)...)[m[K; }
[2.883s]       |    [01;31m[K^~~~~~~~~~~~~~~~~~~~~~~~~~~~~~~~~~~~~~~~~~~~~~~~~~~~~~[m[K
[2.883s] In file included from [01m[K/home/kgh/ws2/src/yzbot_stm32connect/include/stm32_connect.hpp:6[m[K,
[2.883s]                  from [01m[K/home/kgh/ws2/src/yzbot_stm32connect/src/stm32_connect.cpp:1[m[K:
[2.883s] [01m[K/home/kgh/ws2/src/yzbot_stm32connect/include/plc.hpp:35:5:[m[K [01;36m[Knote: [m[Kcandidate: ‘[01m[KPLC::PLC(RobotSerial*)[m[K’
[2.884s]    35 |     [01;36m[KPLC[m[K(RobotSerial *Robotserial_);
[2.884s]       |     [01;36m[K^~~[m[K
[2.884s] [01m[K/home/kgh/ws2/src/yzbot_stm32connect/include/plc.hpp:35:22:[m[K [01;36m[Knote: [m[K  no known conversion for argument 1 from ‘[01m[Kstd::shared_ptr<RobotSerial>[m[K’ to ‘[01m[KRobotSerial*[m[K’
[2.884s]    35 |     PLC([01;36m[KRobotSerial *Robotserial_[m[K);
[2.884s]       |         [01;36m[K~~~~~~~~~~~~~^~~~~~~~~~~~[m[K
[2.884s] In file included from [01m[K/usr/include/x86_64-linux-gnu/c++/9/bits/c++allocator.h:33[m[K,
[2.884s]                  from [01m[K/usr/include/c++/9/bits/allocator.h:46[m[K,
[2.884s]                  from [01m[K/usr/include/c++/9/memory:63[m[K,
[2.884s]                  from [01m[K/opt/ros/foxy/include/rclcpp/rclcpp.hpp:144[m[K,
[2.884s]                  from [01m[K/home/kgh/ws2/src/yzbot_stm32connect/include/stm32_connect.hpp:4[m[K,
[2.884s]                  from [01m[K/home/kgh/ws2/src/yzbot_stm32connect/src/stm32_connect.cpp:1[m[K:
[2.884s] /usr/include/c++/9/ext/new_allocator.h: In instantiation of ‘[01m[Kvoid __gnu_cxx::new_allocator<_Tp>::construct(_Up*, _Args&& ...) [with _Up = PSC; _Args = {std::shared_ptr<RobotSerial>&}; _Tp = PSC][m[K’:
[2.884s] [01m[K/usr/include/c++/9/bits/alloc_traits.h:483:4:[m[K   required from ‘[01m[Kstatic void std::allocator_traits<std::allocator<_Tp1> >::construct(std::allocator_traits<std::allocator<_Tp1> >::allocator_type&, _Up*, _Args&& ...) [with _Up = PSC; _Args = {std::shared_ptr<RobotSerial>&}; _Tp = PSC; std::allocator_traits<std::allocator<_Tp1> >::allocator_type = std::allocator<PSC>][m[K’
[2.884s] [01m[K/usr/include/c++/9/bits/shared_ptr_base.h:548:39:[m[K   required from ‘[01m[Kstd::_Sp_counted_ptr_inplace<_Tp, _Alloc, _Lp>::_Sp_counted_ptr_inplace(_Alloc, _Args&& ...) [with _Args = {std::shared_ptr<RobotSerial>&}; _Tp = PSC; _Alloc = std::allocator<PSC>; __gnu_cxx::_Lock_policy _Lp = __gnu_cxx::_S_atomic][m[K’
[2.884s] [01m[K/usr/include/c++/9/bits/shared_ptr_base.h:679:16:[m[K   required from ‘[01m[Kstd::__shared_count<_Lp>::__shared_count(_Tp*&, std::_Sp_alloc_shared_tag<_Alloc>, _Args&& ...) [with _Tp = PSC; _Alloc = std::allocator<PSC>; _Args = {std::shared_ptr<RobotSerial>&}; __gnu_cxx::_Lock_policy _Lp = __gnu_cxx::_S_atomic][m[K’
[2.885s] [01m[K/usr/include/c++/9/bits/shared_ptr_base.h:1344:71:[m[K   required from ‘[01m[Kstd::__shared_ptr<_Tp, _Lp>::__shared_ptr(std::_Sp_alloc_shared_tag<_Tp>, _Args&& ...) [with _Alloc = std::allocator<PSC>; _Args = {std::shared_ptr<RobotSerial>&}; _Tp = PSC; __gnu_cxx::_Lock_policy _Lp = __gnu_cxx::_S_atomic][m[K’
[2.885s] [01m[K/usr/include/c++/9/bits/shared_ptr.h:359:59:[m[K   required from ‘[01m[Kstd::shared_ptr<_Tp>::shared_ptr(std::_Sp_alloc_shared_tag<_Tp>, _Args&& ...) [with _Alloc = std::allocator<PSC>; _Args = {std::shared_ptr<RobotSerial>&}; _Tp = PSC][m[K’
[2.885s] [01m[K/usr/include/c++/9/bits/shared_ptr.h:701:14:[m[K   required from ‘[01m[Kstd::shared_ptr<_Tp> std::allocate_shared(const _Alloc&, _Args&& ...) [with _Tp = PSC; _Alloc = std::allocator<PSC>; _Args = {std::shared_ptr<RobotSerial>&}][m[K’
[2.885s] [01m[K/usr/include/c++/9/bits/shared_ptr.h:717:39:[m[K   required from ‘[01m[Kstd::shared_ptr<_Tp> std::make_shared(_Args&& ...) [with _Tp = PSC; _Args = {std::shared_ptr<RobotSerial>&}][m[K’
[2.885s] [01m[K/home/kgh/ws2/src/yzbot_stm32connect/src/stm32_connect.cpp:24:51:[m[K   required from here
[2.885s] [01m[K/usr/include/c++/9/ext/new_allocator.h:146:4:[m[K [01;31m[Kerror: [m[Kno matching function for call to ‘[01m[KPSC::PSC(std::shared_ptr<RobotSerial>&)[m[K’
[2.885s]   146 |  { [01;31m[K::new((void *)__p) _Up(std::forward<_Args>(__args)...)[m[K; }
[2.885s]       |    [01;31m[K^~~~~~~~~~~~~~~~~~~~~~~~~~~~~~~~~~~~~~~~~~~~~~~~~~~~~~[m[K
[2.885s] In file included from [01m[K/home/kgh/ws2/src/yzbot_stm32connect/include/stm32_connect.hpp:8[m[K,
[2.885s]                  from [01m[K/home/kgh/ws2/src/yzbot_stm32connect/src/stm32_connect.cpp:1[m[K:
[2.885s] [01m[K/home/kgh/ws2/src/yzbot_stm32connect/include/psc.hpp:63:3:[m[K [01;36m[Knote: [m[Kcandidate: ‘[01m[KPSC::PSC(RobotSerial*)[m[K’
[2.885s]    63 |   [01;36m[KPSC[m[K(RobotSerial *Robotserial_);
[2.885s]       |   [01;36m[K^~~[m[K
[2.885s] [01m[K/home/kgh/ws2/src/yzbot_stm32connect/include/psc.hpp:63:20:[m[K [01;36m[Knote: [m[K  no known conversion for argument 1 from ‘[01m[Kstd::shared_ptr<RobotSerial>[m[K’ to ‘[01m[KRobotSerial*[m[K’
[2.885s]    63 |   PSC([01;36m[KRobotSerial *Robotserial_[m[K);
[2.885s]       |       [01;36m[K~~~~~~~~~~~~~^~~~~~~~~~~~[m[K
[2.886s] In file included from [01m[K/usr/include/x86_64-linux-gnu/c++/9/bits/c++allocator.h:33[m[K,
[2.886s]                  from [01m[K/usr/include/c++/9/bits/allocator.h:46[m[K,
[2.886s]                  from [01m[K/usr/include/c++/9/memory:63[m[K,
[2.886s]                  from [01m[K/opt/ros/foxy/include/rclcpp/rclcpp.hpp:144[m[K,
[2.886s]                  from [01m[K/home/kgh/ws2/src/yzbot_stm32connect/include/stm32_connect.hpp:4[m[K,
[2.886s]                  from [01m[K/home/kgh/ws2/src/yzbot_stm32connect/src/stm32_connect.cpp:1[m[K:
[2.886s] /usr/include/c++/9/ext/new_allocator.h: In instantiation of ‘[01m[Kvoid __gnu_cxx::new_allocator<_Tp>::construct(_Up*, _Args&& ...) [with _Up = PMS; _Args = {std::shared_ptr<RobotSerial>&}; _Tp = PMS][m[K’:
[2.886s] [01m[K/usr/include/c++/9/bits/alloc_traits.h:483:4:[m[K   required from ‘[01m[Kstatic void std::allocator_traits<std::allocator<_Tp1> >::construct(std::allocator_traits<std::allocator<_Tp1> >::allocator_type&, _Up*, _Args&& ...) [with _Up = PMS; _Args = {std::shared_ptr<RobotSerial>&}; _Tp = PMS; std::allocator_traits<std::allocator<_Tp1> >::allocator_type = std::allocator<PMS>][m[K’
[2.886s] [01m[K/usr/include/c++/9/bits/shared_ptr_base.h:548:39:[m[K   required from ‘[01m[Kstd::_Sp_counted_ptr_inplace<_Tp, _Alloc, _Lp>::_Sp_counted_ptr_inplace(_Alloc, _Args&& ...) [with _Args = {std::shared_ptr<RobotSerial>&}; _Tp = PMS; _Alloc = std::allocator<PMS>; __gnu_cxx::_Lock_policy _Lp = __gnu_cxx::_S_atomic][m[K’
[2.886s] [01m[K/usr/include/c++/9/bits/shared_ptr_base.h:679:16:[m[K   required from ‘[01m[Kstd::__shared_count<_Lp>::__shared_count(_Tp*&, std::_Sp_alloc_shared_tag<_Alloc>, _Args&& ...) [with _Tp = PMS; _Alloc = std::allocator<PMS>; _Args = {std::shared_ptr<RobotSerial>&}; __gnu_cxx::_Lock_policy _Lp = __gnu_cxx::_S_atomic][m[K’
[2.886s] [01m[K/usr/include/c++/9/bits/shared_ptr_base.h:1344:71:[m[K   required from ‘[01m[Kstd::__shared_ptr<_Tp, _Lp>::__shared_ptr(std::_Sp_alloc_shared_tag<_Tp>, _Args&& ...) [with _Alloc = std::allocator<PMS>; _Args = {std::shared_ptr<RobotSerial>&}; _Tp = PMS; __gnu_cxx::_Lock_policy _Lp = __gnu_cxx::_S_atomic][m[K’
[2.886s] [01m[K/usr/include/c++/9/bits/shared_ptr.h:359:59:[m[K   required from ‘[01m[Kstd::shared_ptr<_Tp>::shared_ptr(std::_Sp_alloc_shared_tag<_Tp>, _Args&& ...) [with _Alloc = std::allocator<PMS>; _Args = {std::shared_ptr<RobotSerial>&}; _Tp = PMS][m[K’
[2.886s] [01m[K/usr/include/c++/9/bits/shared_ptr.h:701:14:[m[K   required from ‘[01m[Kstd::shared_ptr<_Tp> std::allocate_shared(const _Alloc&, _Args&& ...) [with _Tp = PMS; _Alloc = std::allocator<PMS>; _Args = {std::shared_ptr<RobotSerial>&}][m[K’
[2.886s] [01m[K/usr/include/c++/9/bits/shared_ptr.h:717:39:[m[K   required from ‘[01m[Kstd::shared_ptr<_Tp> std::make_shared(_Args&& ...) [with _Tp = PMS; _Args = {std::shared_ptr<RobotSerial>&}][m[K’
[2.886s] [01m[K/home/kgh/ws2/src/yzbot_stm32connect/src/stm32_connect.cpp:25:51:[m[K   required from here
[2.886s] [01m[K/usr/include/c++/9/ext/new_allocator.h:146:4:[m[K [01;31m[Kerror: [m[Kno matching function for call to ‘[01m[KPMS::PMS(std::shared_ptr<RobotSerial>&)[m[K’
[2.887s]   146 |  { [01;31m[K::new((void *)__p) _Up(std::forward<_Args>(__args)...)[m[K; }
[2.887s]       |    [01;31m[K^~~~~~~~~~~~~~~~~~~~~~~~~~~~~~~~~~~~~~~~~~~~~~~~~~~~~~[m[K
[2.887s] In file included from [01m[K/home/kgh/ws2/src/yzbot_stm32connect/include/stm32_connect.hpp:7[m[K,
[2.887s]                  from [01m[K/home/kgh/ws2/src/yzbot_stm32connect/src/stm32_connect.cpp:1[m[K:
[2.887s] [01m[K/home/kgh/ws2/src/yzbot_stm32connect/include/pms.hpp:19:5:[m[K [01;36m[Knote: [m[Kcandidate: ‘[01m[KPMS::PMS(RobotSerial*)[m[K’
[2.887s]    19 |     [01;36m[KPMS[m[K(RobotSerial *Robotserial_);
[2.887s]       |     [01;36m[K^~~[m[K
[2.887s] [01m[K/home/kgh/ws2/src/yzbot_stm32connect/include/pms.hpp:19:22:[m[K [01;36m[Knote: [m[K  no known conversion for argument 1 from ‘[01m[Kstd::shared_ptr<RobotSerial>[m[K’ to ‘[01m[KRobotSerial*[m[K’
[2.887s]    19 |     PMS([01;36m[KRobotSerial *Robotserial_[m[K);
[2.887s]       |         [01;36m[K~~~~~~~~~~~~~^~~~~~~~~~~~[m[K
[3.884s] make[2]: *** [CMakeFiles/stm32_connect.dir/build.make:63：CMakeFiles/stm32_connect.dir/src/stm32_connect.cpp.o] 错误 1
[3.885s] make[1]: *** [CMakeFiles/Makefile2:80：CMakeFiles/stm32_connect.dir/all] 错误 2
[3.885s] make: *** [Makefile:141：all] 错误 2
[3.889s] Invoked command in '/home/kgh/ws2/build/yzbot_stm32connect' returned '2': CMAKE_PREFIX_PATH=/home/kgh/ws2/install/yzbot_msgs:/home/kgh/ws2/install/yzbot_stm32connect:/home/kgh/ws2/install/yzbot_nav2:/home/kgh/ws2/install/yzbot_cartographer:/home/kgh/ws2/install/nav2_system_tests:/home/kgh/ws2/install/nav2_bringup:/home/kgh/ws2/install/navigation2:/home/kgh/ws2/install/smac_planner:/home/kgh/ws2/install/nav2_dwb_controller:/home/kgh/ws2/install/nav2_controller:/home/kgh/ws2/install/dwb_plugins:/home/kgh/ws2/install/dwb_critics:/home/kgh/ws2/install/dwb_core:/home/kgh/ws2/install/nav_2d_utils:/home/kgh/ws2/install/dwb_msgs:/home/kgh/ws2/install/nav_2d_msgs:/home/kgh/ws2/install/nav2_waypoint_follower:/home/kgh/ws2/install/nav2_regulated_pure_pursuit_controller:/home/kgh/ws2/install/nav2_recoveries:/home/kgh/ws2/install/nav2_planner:/home/kgh/ws2/install/nav2_navfn_planner:/home/kgh/ws2/install/nav2_core:/home/kgh/ws2/install/costmap_queue:/home/kgh/ws2/install/nav2_costmap_2d:/home/kgh/ws2/install/nav2_voxel_grid:/home/kgh/ws2/install/nav2_rviz_plugins:/home/kgh/ws2/install/nav2_map_server:/home/kgh/ws2/install/nav2_lifecycle_manager:/home/kgh/ws2/install/nav2_bt_navigator:/home/kgh/ws2/install/nav2_behavior_tree:/home/kgh/ws2/install/nav2_amcl:/home/kgh/ws2/install/nav2_util:/home/kgh/ws2/install/nav2_msgs:/home/kgh/ws2/install/nav2_common:/home/kgh/ws2/install/bluesea2:/home/kgh/ws2/install/yzbot_description:/home/kgh/ws2/install/yzbot_controller:/home/kgh/ws2/install/nav2_gazebo_spawner:/opt/ros/foxy /usr/bin/cmake --build /home/kgh/ws2/build/yzbot_stm32connect -- -j16 -l16
