[0.124s] Invoking command in '/home/kgh/ws2/build/yzbot_stm32connect': CMAKE_PREFIX_PATH=${CMAKE_PREFIX_PATH}:/home/kgh/ws2/install/yzbot_description:/home/kgh/ws2/install/yzbot_controller:/home/kgh/ws2/install/nav2_gazebo_spawner:/opt/ros/foxy /usr/bin/cmake --build /home/kgh/ws2/build/yzbot_stm32connect -- -j16 -l16
[0.203s] [ 57%] Built target serial
[0.221s] [35m[1mScanning dependencies of target stm32_connect[0m
[0.249s] [ 71%] [32mBuilding CXX object CMakeFiles/stm32_connect.dir/src/robotserial.cpp.o[0m
[1.277s] [01m[K/home/kgh/ws2/src/yzbot_stm32connect/src/robotserial.cpp:[m[K In member function ‘[01m[Kint8_t RobotSerial::robotSerialRead()[m[K’:
[1.277s] [01m[K/home/kgh/ws2/src/yzbot_stm32connect/src/robotserial.cpp:31:11:[m[K [01;35m[Kwarning: [m[Kunused variable ‘[01m[Kread_byte[m[K’ [[01;35m[K-Wunused-variable[m[K]
[1.277s]    31 |    size_t [01;35m[Kread_byte[m[K = mSerial->read(RecvBUF+2, 17);
[1.277s]       |           [01;35m[K^~~~~~~~~[m[K
[1.280s] [01m[K/home/kgh/ws2/src/yzbot_stm32connect/src/robotserial.cpp:[m[K In member function ‘[01m[Kint RobotSerial::Get_Pms(int&, int&)[m[K’:
[1.280s] [01m[K/home/kgh/ws2/src/yzbot_stm32connect/src/robotserial.cpp:182:35:[m[K [01;35m[Kwarning: [m[Kvariable ‘[01m[KrecvFrameIndex[m[K’ set but not used [[01;35m[K-Wunused-but-set-variable[m[K]
[1.280s]   182 |                     unsigned char [01;35m[KrecvFrameIndex[m[K=0;
[1.280s]       |                                   [01;35m[K^~~~~~~~~~~~~~[m[K
[1.280s] [01m[K/home/kgh/ws2/src/yzbot_stm32connect/src/robotserial.cpp:183:35:[m[K [01;35m[Kwarning: [m[Kunused variable ‘[01m[Klength[m[K’ [[01;35m[K-Wunused-variable[m[K]
[1.280s]   183 |                     unsigned char [01;35m[Klength[m[K;
[1.281s]       |                                   [01;35m[K^~~~~~[m[K
[1.281s] [01m[K/home/kgh/ws2/src/yzbot_stm32connect/src/robotserial.cpp:184:35:[m[K [01;35m[Kwarning: [m[Kunused variable ‘[01m[Ks_devid[m[K’ [[01;35m[K-Wunused-variable[m[K]
[1.281s]   184 |                     unsigned char [01;35m[Ks_devid[m[K;
[1.281s]       |                                   [01;35m[K^~~~~~~[m[K
[1.281s] [01m[K/home/kgh/ws2/src/yzbot_stm32connect/src/robotserial.cpp:185:35:[m[K [01;35m[Kwarning: [m[Kunused variable ‘[01m[Kp_devid[m[K’ [[01;35m[K-Wunused-variable[m[K]
[1.281s]   185 |                     unsigned char [01;35m[Kp_devid[m[K;
[1.281s]       |                                   [01;35m[K^~~~~~~[m[K
[1.281s] [01m[K/home/kgh/ws2/src/yzbot_stm32connect/src/robotserial.cpp:186:35:[m[K [01;35m[Kwarning: [m[Kunused variable ‘[01m[Kcmd[m[K’ [[01;35m[K-Wunused-variable[m[K]
[1.281s]   186 |                     unsigned char [01;35m[Kcmd[m[K;
[1.281s]       |                                   [01;35m[K^~~[m[K
[1.282s] [01m[K/home/kgh/ws2/src/yzbot_stm32connect/src/robotserial.cpp:187:25:[m[K [01;35m[Kwarning: [m[Kunused variable ‘[01m[Kcharging_flag[m[K’ [[01;35m[K-Wunused-variable[m[K]
[1.282s]   187 |                     int [01;35m[Kcharging_flag[m[K = 0;
[1.282s]       |                         [01;35m[K^~~~~~~~~~~~~[m[K
[1.282s] [01m[K/home/kgh/ws2/src/yzbot_stm32connect/src/robotserial.cpp:188:25:[m[K [01;35m[Kwarning: [m[Kunused variable ‘[01m[Kbattary_level[m[K’ [[01;35m[K-Wunused-variable[m[K]
[1.282s]   188 |                     int [01;35m[Kbattary_level[m[K = 0;
[1.282s]       |                         [01;35m[K^~~~~~~~~~~~~[m[K
[1.596s] [01m[K/home/kgh/ws2/src/yzbot_stm32connect/src/robotserial.cpp:[m[K In member function ‘[01m[Kint8_t RobotSerial::robotSerialRead()[m[K’:
[1.597s] [01m[K/home/kgh/ws2/src/yzbot_stm32connect/src/robotserial.cpp:48:1:[m[K [01;35m[Kwarning: [m[Kcontrol reaches end of non-void function [[01;35m[K-Wreturn-type[m[K]
[1.597s]    48 | [01;35m[K}[m[K
[1.597s]       | [01;35m[K^[m[K
[1.710s] [ 85%] [32m[1mLinking CXX executable stm32_connect[0m
[1.828s] [100%] Built target stm32_connect
[1.842s] Invoked command in '/home/kgh/ws2/build/yzbot_stm32connect' returned '0': CMAKE_PREFIX_PATH=${CMAKE_PREFIX_PATH}:/home/kgh/ws2/install/yzbot_description:/home/kgh/ws2/install/yzbot_controller:/home/kgh/ws2/install/nav2_gazebo_spawner:/opt/ros/foxy /usr/bin/cmake --build /home/kgh/ws2/build/yzbot_stm32connect -- -j16 -l16
[1.909s] Invoking command in '/home/kgh/ws2/build/yzbot_stm32connect': CMAKE_PREFIX_PATH=${CMAKE_PREFIX_PATH}:/home/kgh/ws2/install/yzbot_description:/home/kgh/ws2/install/yzbot_controller:/home/kgh/ws2/install/nav2_gazebo_spawner:/opt/ros/foxy /usr/bin/cmake --install /home/kgh/ws2/build/yzbot_stm32connect
[1.916s] -- Install configuration: ""
[1.916s] -- Up-to-date: /home/kgh/ws2/install/yzbot_stm32connect/lib/yzbot_stm32connect/libserial.a
[1.916s] -- Installing: /home/kgh/ws2/install/yzbot_stm32connect/lib/yzbot_stm32connect/stm32_connect
[1.916s] -- Set runtime path of "/home/kgh/ws2/install/yzbot_stm32connect/lib/yzbot_stm32connect/stm32_connect" to ""
[1.916s] -- Up-to-date: /home/kgh/ws2/install/yzbot_stm32connect/share/ament_index/resource_index/package_run_dependencies/yzbot_stm32connect
[1.917s] -- Up-to-date: /home/kgh/ws2/install/yzbot_stm32connect/share/ament_index/resource_index/parent_prefix_path/yzbot_stm32connect
[1.917s] -- Up-to-date: /home/kgh/ws2/install/yzbot_stm32connect/share/yzbot_stm32connect/environment/ament_prefix_path.sh
[1.917s] -- Up-to-date: /home/kgh/ws2/install/yzbot_stm32connect/share/yzbot_stm32connect/environment/ament_prefix_path.dsv
[1.917s] -- Up-to-date: /home/kgh/ws2/install/yzbot_stm32connect/share/yzbot_stm32connect/environment/path.sh
[1.917s] -- Up-to-date: /home/kgh/ws2/install/yzbot_stm32connect/share/yzbot_stm32connect/environment/path.dsv
[1.917s] -- Up-to-date: /home/kgh/ws2/install/yzbot_stm32connect/share/yzbot_stm32connect/local_setup.bash
[1.917s] -- Up-to-date: /home/kgh/ws2/install/yzbot_stm32connect/share/yzbot_stm32connect/local_setup.sh
[1.917s] -- Up-to-date: /home/kgh/ws2/install/yzbot_stm32connect/share/yzbot_stm32connect/local_setup.zsh
[1.917s] -- Up-to-date: /home/kgh/ws2/install/yzbot_stm32connect/share/yzbot_stm32connect/local_setup.dsv
[1.917s] -- Installing: /home/kgh/ws2/install/yzbot_stm32connect/share/yzbot_stm32connect/package.dsv
[1.917s] -- Up-to-date: /home/kgh/ws2/install/yzbot_stm32connect/share/ament_index/resource_index/packages/yzbot_stm32connect
[1.917s] -- Up-to-date: /home/kgh/ws2/install/yzbot_stm32connect/share/yzbot_stm32connect/cmake/yzbot_stm32connectConfig.cmake
[1.917s] -- Up-to-date: /home/kgh/ws2/install/yzbot_stm32connect/share/yzbot_stm32connect/cmake/yzbot_stm32connectConfig-version.cmake
[1.917s] -- Up-to-date: /home/kgh/ws2/install/yzbot_stm32connect/share/yzbot_stm32connect/package.xml
[1.918s] Invoked command in '/home/kgh/ws2/build/yzbot_stm32connect' returned '0': CMAKE_PREFIX_PATH=${CMAKE_PREFIX_PATH}:/home/kgh/ws2/install/yzbot_description:/home/kgh/ws2/install/yzbot_controller:/home/kgh/ws2/install/nav2_gazebo_spawner:/opt/ros/foxy /usr/bin/cmake --install /home/kgh/ws2/build/yzbot_stm32connect
