[0.120s] Invoking command in '/home/kgh/ws2/build/yzbot_stm32connect': CMAKE_PREFIX_PATH=${CMAKE_PREFIX_PATH}:/home/kgh/ws2/install/yzbot_description:/home/kgh/ws2/install/yzbot_controller:/home/kgh/ws2/install/nav2_gazebo_spawner:/opt/ros/foxy /usr/bin/cmake --build /home/kgh/ws2/build/yzbot_stm32connect -- -j16 -l16
[0.202s] [ 50%] Built target serial
[0.216s] [35m[1mScanning dependencies of target stm32_connect[0m
[0.246s] [ 75%] [32mBuilding CXX object CMakeFiles/stm32_connect.dir/src/stm32_connect.cpp.o[0m
[0.246s] [ 75%] [32mBuilding CXX object CMakeFiles/stm32_connect.dir/src/plc.cpp.o[0m
[0.598s] In file included from [01m[K/home/kgh/ws2/src/yzbot_stm32connect/src/plc.cpp:1[m[K:
[0.598s] [01m[K/home/kgh/ws2/src/yzbot_stm32connect/include/plc.hpp:10:10:[m[K [01;31m[Kfatal error: [m[Kyzbot_msgs/msg/RobotPose.h: æ²¡æœ‰é‚£ä¸ªæ–‡ä»¶æˆ–ç›®å½•
[0.598s]    10 | #include [01;31m[K"yzbot_msgs/msg/RobotPose.h"[m[K
[0.598s]       |          [01;31m[K^~~~~~~~~~~~~~~~~~~~~~~~~~~~[m[K
[0.598s] compilation terminated.
[0.604s] In file included from [01m[K/home/kgh/ws2/src/yzbot_stm32connect/include/stm32_connect.hpp:6[m[K,
[0.604s]                  from [01m[K/home/kgh/ws2/src/yzbot_stm32connect/src/stm32_connect.cpp:1[m[K:
[0.604s] [01m[K/home/kgh/ws2/src/yzbot_stm32connect/include/plc.hpp:10:10:[m[K [01;31m[Kfatal error: [m[Kyzbot_msgs/msg/RobotPose.h: æ²¡æœ‰é‚£ä¸ªæ–‡ä»¶æˆ–ç›®å½•
[0.604s]    10 | #include [01;31m[K"yzbot_msgs/msg/RobotPose.h"[m[K
[0.604s]       |          [01;31m[K^~~~~~~~~~~~~~~~~~~~~~~~~~~~[m[K
[0.604s] compilation terminated.
[0.615s] make[2]: *** [CMakeFiles/stm32_connect.dir/build.make:63ï¼šCMakeFiles/stm32_connect.dir/src/stm32_connect.cpp.o] é”™è¯¯ 1
[0.615s] make[2]: *** æ­£åœ¨ç­‰å¾…æœªå®Œæˆçš„ä»»åŠ¡....
[0.615s] make[2]: *** [CMakeFiles/stm32_connect.dir/build.make:89ï¼šCMakeFiles/stm32_connect.dir/src/plc.cpp.o] é”™è¯¯ 1
[0.615s] make[1]: *** [CMakeFiles/Makefile2:80ï¼šCMakeFiles/stm32_connect.dir/all] é”™è¯¯ 2
[0.615s] make: *** [Makefile:141ï¼šall] é”™è¯¯ 2
[0.620s] Invoked command in '/home/kgh/ws2/build/yzbot_stm32connect' returned '2': CMAKE_PREFIX_PATH=${CMAKE_PREFIX_PATH}:/home/kgh/ws2/install/yzbot_description:/home/kgh/ws2/install/yzbot_controller:/home/kgh/ws2/install/nav2_gazebo_spawner:/opt/ros/foxy /usr/bin/cmake --build /home/kgh/ws2/build/yzbot_stm32connect -- -j16 -l16
