[0.114s] Invoking command in '/home/kgh/ws2/build/yzbot_stm32connect': CMAKE_PREFIX_PATH=${CMAKE_PREFIX_PATH}:/home/kgh/ws2/install/yzbot_description:/home/kgh/ws2/install/yzbot_controller:/home/kgh/ws2/install/nav2_gazebo_spawner:/opt/ros/foxy /usr/bin/cmake --build /home/kgh/ws2/build/yzbot_stm32connect -- -j16 -l16
[0.182s] [ 57%] Built target serial
[0.204s] [35m[1mScanning dependencies of target stm32_connect[0m
[0.236s] [ 71%] [32mBuilding CXX object CMakeFiles/stm32_connect.dir/src/robotserial.cpp.o[0m
[2.189s] [01m[K/home/kgh/ws2/src/yzbot_stm32connect/src/robotserial.cpp:[m[K In function ‘[01m[Kvoid* Timer_Call_Back(void*)[m[K’:
[2.189s] [01m[K/home/kgh/ws2/src/yzbot_stm32connect/src/robotserial.cpp:9:29:[m[K [01;35m[Kwarning: [m[Kunused parameter ‘[01m[Karge[m[K’ [[01;35m[K-Wunused-parameter[m[K]
[2.190s]     9 | void *Timer_Call_Back([01;35m[Kvoid *arge[m[K)
[2.190s]       |                       [01;35m[K~~~~~~^~~~[m[K
[2.190s] [01m[K/home/kgh/ws2/src/yzbot_stm32connect/src/robotserial.cpp:[m[K In constructor ‘[01m[KRobotSerial::RobotSerial(std::shared_ptr<serial::Serial>)[m[K’:
[2.190s] [01m[K/home/kgh/ws2/src/yzbot_stm32connect/src/robotserial.cpp:29:9:[m[K [01;35m[Kwarning: [m[Kunused variable ‘[01m[Kret[m[K’ [[01;35m[K-Wunused-variable[m[K]
[2.190s]    29 |     int [01;35m[Kret[m[K = pthread_create(&pid, &attr, Timer_Call_Back, NULL);
[2.190s]       |         [01;35m[K^~~[m[K
[2.190s] [01m[K/home/kgh/ws2/src/yzbot_stm32connect/src/robotserial.cpp:[m[K In member function ‘[01m[Kint8_t RobotSerial::robotSerialRead()[m[K’:
[2.190s] [01m[K/home/kgh/ws2/src/yzbot_stm32connect/src/robotserial.cpp:48:11:[m[K [01;35m[Kwarning: [m[Kunused variable ‘[01m[Kread_byte[m[K’ [[01;35m[K-Wunused-variable[m[K]
[2.190s]    48 |    size_t [01;35m[Kread_byte[m[K = mSerial->read(RecvBUF+2, 17);
[2.191s]       |           [01;35m[K^~~~~~~~~[m[K
[2.193s] [01m[K/home/kgh/ws2/src/yzbot_stm32connect/src/robotserial.cpp:[m[K In member function ‘[01m[Kint RobotSerial::Get_Pms(int&, int&)[m[K’:
[2.193s] [01m[K/home/kgh/ws2/src/yzbot_stm32connect/src/robotserial.cpp:199:35:[m[K [01;35m[Kwarning: [m[Kvariable ‘[01m[KrecvFrameIndex[m[K’ set but not used [[01;35m[K-Wunused-but-set-variable[m[K]
[2.193s]   199 |                     unsigned char [01;35m[KrecvFrameIndex[m[K=0;
[2.193s]       |                                   [01;35m[K^~~~~~~~~~~~~~[m[K
[2.193s] [01m[K/home/kgh/ws2/src/yzbot_stm32connect/src/robotserial.cpp:200:35:[m[K [01;35m[Kwarning: [m[Kunused variable ‘[01m[Klength[m[K’ [[01;35m[K-Wunused-variable[m[K]
[2.193s]   200 |                     unsigned char [01;35m[Klength[m[K;
[2.193s]       |                                   [01;35m[K^~~~~~[m[K
[2.193s] [01m[K/home/kgh/ws2/src/yzbot_stm32connect/src/robotserial.cpp:201:35:[m[K [01;35m[Kwarning: [m[Kunused variable ‘[01m[Ks_devid[m[K’ [[01;35m[K-Wunused-variable[m[K]
[2.193s]   201 |                     unsigned char [01;35m[Ks_devid[m[K;
[2.194s]       |                                   [01;35m[K^~~~~~~[m[K
[2.194s] [01m[K/home/kgh/ws2/src/yzbot_stm32connect/src/robotserial.cpp:202:35:[m[K [01;35m[Kwarning: [m[Kunused variable ‘[01m[Kp_devid[m[K’ [[01;35m[K-Wunused-variable[m[K]
[2.194s]   202 |                     unsigned char [01;35m[Kp_devid[m[K;
[2.194s]       |                                   [01;35m[K^~~~~~~[m[K
[2.194s] [01m[K/home/kgh/ws2/src/yzbot_stm32connect/src/robotserial.cpp:203:35:[m[K [01;35m[Kwarning: [m[Kunused variable ‘[01m[Kcmd[m[K’ [[01;35m[K-Wunused-variable[m[K]
[2.194s]   203 |                     unsigned char [01;35m[Kcmd[m[K;
[2.194s]       |                                   [01;35m[K^~~[m[K
[2.194s] [01m[K/home/kgh/ws2/src/yzbot_stm32connect/src/robotserial.cpp:204:25:[m[K [01;35m[Kwarning: [m[Kunused variable ‘[01m[Kcharging_flag[m[K’ [[01;35m[K-Wunused-variable[m[K]
[2.194s]   204 |                     int [01;35m[Kcharging_flag[m[K = 0;
[2.194s]       |                         [01;35m[K^~~~~~~~~~~~~[m[K
[2.194s] [01m[K/home/kgh/ws2/src/yzbot_stm32connect/src/robotserial.cpp:205:25:[m[K [01;35m[Kwarning: [m[Kunused variable ‘[01m[Kbattary_level[m[K’ [[01;35m[K-Wunused-variable[m[K]
[2.194s]   205 |                     int [01;35m[Kbattary_level[m[K = 0;
[2.195s]       |                         [01;35m[K^~~~~~~~~~~~~[m[K
[2.197s] [01m[K/home/kgh/ws2/src/yzbot_stm32connect/src/robotserial.cpp:[m[K In member function ‘[01m[Kint8_t RobotSerial::GetOdom(unsigned char&, int16_t&, int16_t&, float&, float&, float&, int, int16_t&, int16_t&)[m[K’:
[2.197s] [01m[K/home/kgh/ws2/src/yzbot_stm32connect/src/robotserial.cpp:404:31:[m[K [01;35m[Kwarning: [m[K‘[01m[Kint ftime(timeb*)[m[K’ is deprecated [[01;35m[K-Wdeprecated-declarations[m[K]
[2.197s]   404 |                 ftime(&stTimeb[01;35m[K)[m[K;
[2.197s]       |                               [01;35m[K^[m[K
[2.197s] In file included from [01m[K/home/kgh/ws2/src/yzbot_stm32connect/include/robotserial.hpp:9[m[K,
[2.197s]                  from [01m[K/home/kgh/ws2/src/yzbot_stm32connect/src/robotserial.cpp:1[m[K:
[2.197s] [01m[K/usr/include/x86_64-linux-gnu/sys/timeb.h:39:12:[m[K [01;36m[Knote: [m[Kdeclared here
[2.197s]    39 | extern int [01;36m[Kftime[m[K (struct timeb *__timebuf)
[2.197s]       |            [01;36m[K^~~~~[m[K
[2.197s] [01m[K/home/kgh/ws2/src/yzbot_stm32connect/src/robotserial.cpp:404:31:[m[K [01;35m[Kwarning: [m[K‘[01m[Kint ftime(timeb*)[m[K’ is deprecated [[01;35m[K-Wdeprecated-declarations[m[K]
[2.197s]   404 |                 ftime(&stTimeb[01;35m[K)[m[K;
[2.197s]       |                               [01;35m[K^[m[K
[2.197s] In file included from [01m[K/home/kgh/ws2/src/yzbot_stm32connect/include/robotserial.hpp:9[m[K,
[2.198s]                  from [01m[K/home/kgh/ws2/src/yzbot_stm32connect/src/robotserial.cpp:1[m[K:
[2.198s] [01m[K/usr/include/x86_64-linux-gnu/sys/timeb.h:39:12:[m[K [01;36m[Knote: [m[Kdeclared here
[2.198s]    39 | extern int [01;36m[Kftime[m[K (struct timeb *__timebuf)
[2.198s]       |            [01;36m[K^~~~~[m[K
[2.198s] [01m[K/home/kgh/ws2/src/yzbot_stm32connect/src/robotserial.cpp:363:30:[m[K [01;35m[Kwarning: [m[Kvariable ‘[01m[Kper_get_Angle[m[K’ set but not used [[01;35m[K-Wunused-but-set-variable[m[K]
[2.198s]   363 |                 static float [01;35m[Kper_get_Angle[m[K = 0;
[2.198s]       |                              [01;35m[K^~~~~~~~~~~~~[m[K
[2.198s] [01m[K/home/kgh/ws2/src/yzbot_stm32connect/src/robotserial.cpp:365:31:[m[K [01;35m[Kwarning: [m[Kunused variable ‘[01m[Klength[m[K’ [[01;35m[K-Wunused-variable[m[K]
[2.198s]   365 |                 unsigned char [01;35m[Klength[m[K;
[2.198s]       |                               [01;35m[K^~~~~~[m[K
[2.198s] [01m[K/home/kgh/ws2/src/yzbot_stm32connect/src/robotserial.cpp:366:31:[m[K [01;35m[Kwarning: [m[Kunused variable ‘[01m[Ks_devid[m[K’ [[01;35m[K-Wunused-variable[m[K]
[2.198s]   366 |                 unsigned char [01;35m[Ks_devid[m[K;
[2.198s]       |                               [01;35m[K^~~~~~~[m[K
[2.198s] [01m[K/home/kgh/ws2/src/yzbot_stm32connect/src/robotserial.cpp:367:31:[m[K [01;35m[Kwarning: [m[Kunused variable ‘[01m[Kp_devid[m[K’ [[01;35m[K-Wunused-variable[m[K]
[2.199s]   367 |                 unsigned char [01;35m[Kp_devid[m[K;
[2.199s]       |                               [01;35m[K^~~~~~~[m[K
[2.199s] [01m[K/home/kgh/ws2/src/yzbot_stm32connect/src/robotserial.cpp:368:31:[m[K [01;35m[Kwarning: [m[Kunused variable ‘[01m[Kcmd[m[K’ [[01;35m[K-Wunused-variable[m[K]
[2.199s]   368 |                 unsigned char [01;35m[Kcmd[m[K;
[2.199s]       |                               [01;35m[K^~~[m[K
[2.199s] [01m[K/home/kgh/ws2/src/yzbot_stm32connect/src/robotserial.cpp:318:18:[m[K [01;35m[Kwarning: [m[Kunused variable ‘[01m[Kangle_per[m[K’ [[01;35m[K-Wunused-variable[m[K]
[2.199s]   318 |     static float [01;35m[Kangle_per[m[K = 0;
[2.199s]       |                  [01;35m[K^~~~~~~~~[m[K
[2.199s] [01m[K/home/kgh/ws2/src/yzbot_stm32connect/src/robotserial.cpp:[m[K In member function ‘[01m[Kint8_t RobotSerial::GetAutoSpeed()[m[K’:
[2.199s] [01m[K/home/kgh/ws2/src/yzbot_stm32connect/src/robotserial.cpp:470:24:[m[K [01;35m[Kwarning: [m[Kunused variable ‘[01m[Klinear[m[K’ [[01;35m[K-Wunused-variable[m[K]
[2.199s]   470 |                 double [01;35m[Klinear[m[K = (short)((RecvBUF[8]<<8) + RecvBUF[9]);     // 线速度
[2.199s]       |                        [01;35m[K^~~~~~[m[K
[2.199s] [01m[K/home/kgh/ws2/src/yzbot_stm32connect/src/robotserial.cpp:471:24:[m[K [01;35m[Kwarning: [m[Kunused variable ‘[01m[Kangular[m[K’ [[01;35m[K-Wunused-variable[m[K]
[2.199s]   471 |                 double [01;35m[Kangular[m[K = (short)((RecvBUF[10]<<8) + RecvBUF[11]);  // 角速度
[2.199s]       |                        [01;35m[K^~~~~~~[m[K
[2.199s] [01m[K/home/kgh/ws2/src/yzbot_stm32connect/src/robotserial.cpp:472:21:[m[K [01;35m[Kwarning: [m[Kunused variable ‘[01m[KautoChargeTaskFlag[m[K’ [[01;35m[K-Wunused-variable[m[K]
[2.200s]   472 |                 int [01;35m[KautoChargeTaskFlag[m[K = RecvBUF[12];
[2.200s]       |                     [01;35m[K^~~~~~~~~~~~~~~~~~[m[K
[2.200s] [01m[K/home/kgh/ws2/src/yzbot_stm32connect/src/robotserial.cpp:473:21:[m[K [01;35m[Kwarning: [m[Kunused variable ‘[01m[KEmergency_flag[m[K’ [[01;35m[K-Wunused-variable[m[K]
[2.200s]   473 |                 int [01;35m[KEmergency_flag[m[K = RecvBUF[13];
[2.200s]       |                     [01;35m[K^~~~~~~~~~~~~~[m[K
[2.200s] [01m[K/home/kgh/ws2/src/yzbot_stm32connect/src/robotserial.cpp:474:21:[m[K [01;35m[Kwarning: [m[Kunused variable ‘[01m[KreChargeFlag[m[K’ [[01;35m[K-Wunused-variable[m[K]
[2.200s]   474 |                 int [01;35m[KreChargeFlag[m[K = RecvBUF[14];
[2.200s]       |                     [01;35m[K^~~~~~~~~~~~[m[K
[2.200s] [01m[K/home/kgh/ws2/src/yzbot_stm32connect/src/robotserial.cpp:[m[K In member function ‘[01m[Kint8_t RobotSerial::SetSensorEn(int, int)[m[K’:
[2.200s] [01m[K/home/kgh/ws2/src/yzbot_stm32connect/src/robotserial.cpp:526:13:[m[K [01;35m[Kwarning: [m[Kunused variable ‘[01m[KcarLight_result[m[K’ [[01;35m[K-Wunused-variable[m[K]
[2.200s]   526 |         int [01;35m[KcarLight_result[m[K = RecvBUF[9];
[2.200s]       |             [01;35m[K^~~~~~~~~~~~~~~[m[K
[2.200s] [01m[K/home/kgh/ws2/src/yzbot_stm32connect/src/robotserial.cpp:527:13:[m[K [01;35m[Kwarning: [m[Kunused variable ‘[01m[KturnLight_result[m[K’ [[01;35m[K-Wunused-variable[m[K]
[2.200s]   527 |         int [01;35m[KturnLight_result[m[K = RecvBUF[10];
[2.200s]       |             [01;35m[K^~~~~~~~~~~~~~~~[m[K
[2.201s] [01m[K/home/kgh/ws2/src/yzbot_stm32connect/src/robotserial.cpp:[m[K In member function ‘[01m[Kint RobotSerial::get_ultrasound_result(int&, int&)[m[K’:
[2.201s] [01m[K/home/kgh/ws2/src/yzbot_stm32connect/src/robotserial.cpp:611:31:[m[K [01;35m[Kwarning: [m[Kunused variable ‘[01m[KrecvFrameIndex[m[K’ [[01;35m[K-Wunused-variable[m[K]
[2.201s]   611 |                 unsigned char [01;35m[KrecvFrameIndex[m[K=0;
[2.201s]       |                               [01;35m[K^~~~~~~~~~~~~~[m[K
[2.201s] [01m[K/home/kgh/ws2/src/yzbot_stm32connect/src/robotserial.cpp:612:31:[m[K [01;35m[Kwarning: [m[Kunused variable ‘[01m[Klength[m[K’ [[01;35m[K-Wunused-variable[m[K]
[2.201s]   612 |                 unsigned char [01;35m[Klength[m[K;
[2.201s]       |                               [01;35m[K^~~~~~[m[K
[2.201s] [01m[K/home/kgh/ws2/src/yzbot_stm32connect/src/robotserial.cpp:613:31:[m[K [01;35m[Kwarning: [m[Kunused variable ‘[01m[Ks_devid[m[K’ [[01;35m[K-Wunused-variable[m[K]
[2.201s]   613 |                 unsigned char [01;35m[Ks_devid[m[K;
[2.201s]       |                               [01;35m[K^~~~~~~[m[K
[2.201s] [01m[K/home/kgh/ws2/src/yzbot_stm32connect/src/robotserial.cpp:614:31:[m[K [01;35m[Kwarning: [m[Kunused variable ‘[01m[Kp_devid[m[K’ [[01;35m[K-Wunused-variable[m[K]
[2.201s]   614 |                 unsigned char [01;35m[Kp_devid[m[K;
[2.201s]       |                               [01;35m[K^~~~~~~[m[K
[2.201s] [01m[K/home/kgh/ws2/src/yzbot_stm32connect/src/robotserial.cpp:615:31:[m[K [01;35m[Kwarning: [m[Kunused variable ‘[01m[Kcmd[m[K’ [[01;35m[K-Wunused-variable[m[K]
[2.201s]   615 |                 unsigned char [01;35m[Kcmd[m[K;
[2.201s]       |                               [01;35m[K^~~[m[K
[2.202s] [01m[K/home/kgh/ws2/src/yzbot_stm32connect/src/robotserial.cpp:581:16:[m[K [01;35m[Kwarning: [m[Kunused variable ‘[01m[Ktmp[m[K’ [[01;35m[K-Wunused-variable[m[K]
[2.202s]   581 |     static int [01;35m[Ktmp[m[K = 0;
[2.202s]       |                [01;35m[K^~~[m[K
[2.202s] [01m[K/home/kgh/ws2/src/yzbot_stm32connect/src/robotserial.cpp:[m[K In member function ‘[01m[Kint8_t RobotSerial::GetNeckPose(int&, int&, int&, int, int)[m[K’:
[2.202s] [01m[K/home/kgh/ws2/src/yzbot_stm32connect/src/robotserial.cpp:676:27:[m[K [01;35m[Kwarning: [m[Kunused variable ‘[01m[Kmheight[m[K’ [[01;35m[K-Wunused-variable[m[K]
[2.202s]   676 |                 short int [01;35m[Kmheight[m[K = 0;
[2.202s]       |                           [01;35m[K^~~~~~~[m[K
[2.202s] [01m[K/home/kgh/ws2/src/yzbot_stm32connect/src/robotserial.cpp:677:27:[m[K [01;35m[Kwarning: [m[Kunused variable ‘[01m[Kmlimit[m[K’ [[01;35m[K-Wunused-variable[m[K]
[2.202s]   677 |                 short int [01;35m[Kmlimit[m[K = 0;
[2.202s]       |                           [01;35m[K^~~~~~[m[K
[2.202s] [01m[K/home/kgh/ws2/src/yzbot_stm32connect/src/robotserial.cpp:678:27:[m[K [01;35m[Kwarning: [m[Kunused variable ‘[01m[Kmdone[m[K’ [[01;35m[K-Wunused-variable[m[K]
[2.202s]   678 |                 short int [01;35m[Kmdone[m[K = 0;
[2.202s]       |                           [01;35m[K^~~~~[m[K
[2.202s] [01m[K/home/kgh/ws2/src/yzbot_stm32connect/src/robotserial.cpp:[m[K In member function ‘[01m[Kint8_t RobotSerial::GetHeadPose(int&, int&, int&)[m[K’:
[2.202s] [01m[K/home/kgh/ws2/src/yzbot_stm32connect/src/robotserial.cpp:726:27:[m[K [01;35m[Kwarning: [m[Kunused variable ‘[01m[KmSwitch_flag[m[K’ [[01;35m[K-Wunused-variable[m[K]
[2.202s]   726 |                 short int [01;35m[KmSwitch_flag[m[K = 0;
[2.202s]       |                           [01;35m[K^~~~~~~~~~~~[m[K
[2.784s] [01m[K/home/kgh/ws2/src/yzbot_stm32connect/src/robotserial.cpp:[m[K In member function ‘[01m[Kint8_t RobotSerial::robotSerialRead()[m[K’:
[2.784s] [01m[K/home/kgh/ws2/src/yzbot_stm32connect/src/robotserial.cpp:65:1:[m[K [01;35m[Kwarning: [m[Kcontrol reaches end of non-void function [[01;35m[K-Wreturn-type[m[K]
[2.784s]    65 | [01;35m[K}[m[K
[2.784s]       | [01;35m[K^[m[K
[2.789s] [01m[K/home/kgh/ws2/src/yzbot_stm32connect/src/robotserial.cpp:[m[K In member function ‘[01m[Kint RobotSerial::SendHeardCtrl(int)[m[K’:
[2.790s] [01m[K/home/kgh/ws2/src/yzbot_stm32connect/src/robotserial.cpp:858:19:[m[K [01;35m[Kwarning: [m[Kthis statement may fall through [[01;35m[K-Wimplicit-fallthrough=[m[K]
[2.790s]   858 |         [01;35m[KSendBUF[8]=0x08[m[K;
[2.790s]       |         [01;35m[K~~~~~~~~~~^~~~~[m[K
[2.790s] [01m[K/home/kgh/ws2/src/yzbot_stm32connect/src/robotserial.cpp:859:9:[m[K [01;36m[Knote: [m[Khere
[2.790s]   859 |         [01;36m[Kcase[m[K 9:
[2.790s]       |         [01;36m[K^~~~[m[K
[2.798s] [01m[K/home/kgh/ws2/src/yzbot_stm32connect/src/robotserial.cpp:[m[K At global scope:
[2.798s] [01m[K/home/kgh/ws2/src/yzbot_stm32connect/src/robotserial.cpp:581:16:[m[K [01;35m[Kwarning: [m[K‘[01m[Ktmp[m[K’ defined but not used [[01;35m[K-Wunused-variable[m[K]
[2.798s]   581 |     static int [01;35m[Ktmp[m[K = 0;
[2.798s]       |                [01;35m[K^~~[m[K
[2.798s] [01m[K/home/kgh/ws2/src/yzbot_stm32connect/src/robotserial.cpp:318:18:[m[K [01;35m[Kwarning: [m[K‘[01m[Kangle_per[m[K’ defined but not used [[01;35m[K-Wunused-variable[m[K]
[2.798s]   318 |     static float [01;35m[Kangle_per[m[K = 0;
[2.798s]       |                  [01;35m[K^~~~~~~~~[m[K
[3.033s] [ 85%] [32m[1mLinking CXX executable stm32_connect[0m
[3.163s] [100%] Built target stm32_connect
[3.178s] Invoked command in '/home/kgh/ws2/build/yzbot_stm32connect' returned '0': CMAKE_PREFIX_PATH=${CMAKE_PREFIX_PATH}:/home/kgh/ws2/install/yzbot_description:/home/kgh/ws2/install/yzbot_controller:/home/kgh/ws2/install/nav2_gazebo_spawner:/opt/ros/foxy /usr/bin/cmake --build /home/kgh/ws2/build/yzbot_stm32connect -- -j16 -l16
[3.234s] Invoking command in '/home/kgh/ws2/build/yzbot_stm32connect': CMAKE_PREFIX_PATH=${CMAKE_PREFIX_PATH}:/home/kgh/ws2/install/yzbot_description:/home/kgh/ws2/install/yzbot_controller:/home/kgh/ws2/install/nav2_gazebo_spawner:/opt/ros/foxy /usr/bin/cmake --install /home/kgh/ws2/build/yzbot_stm32connect
[3.241s] -- Install configuration: ""
[3.242s] -- Up-to-date: /home/kgh/ws2/install/yzbot_stm32connect/lib/yzbot_stm32connect/libserial.a
[3.242s] -- Installing: /home/kgh/ws2/install/yzbot_stm32connect/lib/yzbot_stm32connect/stm32_connect
[3.242s] -- Set runtime path of "/home/kgh/ws2/install/yzbot_stm32connect/lib/yzbot_stm32connect/stm32_connect" to ""
[3.242s] -- Up-to-date: /home/kgh/ws2/install/yzbot_stm32connect/share/ament_index/resource_index/package_run_dependencies/yzbot_stm32connect
[3.242s] -- Up-to-date: /home/kgh/ws2/install/yzbot_stm32connect/share/ament_index/resource_index/parent_prefix_path/yzbot_stm32connect
[3.242s] -- Up-to-date: /home/kgh/ws2/install/yzbot_stm32connect/share/yzbot_stm32connect/environment/ament_prefix_path.sh
[3.242s] -- Up-to-date: /home/kgh/ws2/install/yzbot_stm32connect/share/yzbot_stm32connect/environment/ament_prefix_path.dsv
[3.243s] -- Up-to-date: /home/kgh/ws2/install/yzbot_stm32connect/share/yzbot_stm32connect/environment/path.sh
[3.243s] -- Up-to-date: /home/kgh/ws2/install/yzbot_stm32connect/share/yzbot_stm32connect/environment/path.dsv
[3.243s] -- Up-to-date: /home/kgh/ws2/install/yzbot_stm32connect/share/yzbot_stm32connect/local_setup.bash
[3.243s] -- Up-to-date: /home/kgh/ws2/install/yzbot_stm32connect/share/yzbot_stm32connect/local_setup.sh
[3.243s] -- Up-to-date: /home/kgh/ws2/install/yzbot_stm32connect/share/yzbot_stm32connect/local_setup.zsh
[3.243s] -- Up-to-date: /home/kgh/ws2/install/yzbot_stm32connect/share/yzbot_stm32connect/local_setup.dsv
[3.243s] -- Installing: /home/kgh/ws2/install/yzbot_stm32connect/share/yzbot_stm32connect/package.dsv
[3.243s] -- Up-to-date: /home/kgh/ws2/install/yzbot_stm32connect/share/ament_index/resource_index/packages/yzbot_stm32connect
[3.243s] -- Up-to-date: /home/kgh/ws2/install/yzbot_stm32connect/share/yzbot_stm32connect/cmake/yzbot_stm32connectConfig.cmake
[3.243s] -- Up-to-date: /home/kgh/ws2/install/yzbot_stm32connect/share/yzbot_stm32connect/cmake/yzbot_stm32connectConfig-version.cmake
[3.243s] -- Up-to-date: /home/kgh/ws2/install/yzbot_stm32connect/share/yzbot_stm32connect/package.xml
[3.244s] Invoked command in '/home/kgh/ws2/build/yzbot_stm32connect' returned '0': CMAKE_PREFIX_PATH=${CMAKE_PREFIX_PATH}:/home/kgh/ws2/install/yzbot_description:/home/kgh/ws2/install/yzbot_controller:/home/kgh/ws2/install/nav2_gazebo_spawner:/opt/ros/foxy /usr/bin/cmake --install /home/kgh/ws2/build/yzbot_stm32connect
