[0.107s] Invoking command in '/home/kgh/ws2/build/yzbot_stm32connect': CMAKE_PREFIX_PATH=${CMAKE_PREFIX_PATH}:/home/kgh/ws2/install/yzbot_description:/home/kgh/ws2/install/yzbot_controller:/home/kgh/ws2/install/nav2_gazebo_spawner:/opt/ros/foxy /usr/bin/cmake --build /home/kgh/ws2/build/yzbot_stm32connect -- -j16 -l16
[0.179s] [ 57%] Built target serial
[0.194s] [35m[1mScanning dependencies of target stm32_connect[0m
[0.219s] [ 71%] [32mBuilding CXX object CMakeFiles/stm32_connect.dir/src/robotserial.cpp.o[0m
[2.148s] [01m[K/home/kgh/ws2/src/yzbot_stm32connect/src/robotserial.cpp:[m[K In constructor ‘[01m[KRobotSerial::RobotSerial(std::shared_ptr<serial::Serial>)[m[K’:
[2.148s] [01m[K/home/kgh/ws2/src/yzbot_stm32connect/src/robotserial.cpp:22:9:[m[K [01;35m[Kwarning: [m[Kunused variable ‘[01m[Kret[m[K’ [[01;35m[K-Wunused-variable[m[K]
[2.148s]    22 |     int [01;35m[Kret[m[K = pthread_create(&pid, &attr, Timer_Callback, NULL);
[2.148s]       |         [01;35m[K^~~[m[K
[2.149s] In file included from [01m[K/opt/ros/foxy/include/rclcpp/service.hpp:34[m[K,
[2.149s]                  from [01m[K/opt/ros/foxy/include/rclcpp/callback_group.hpp:25[m[K,
[2.149s]                  from [01m[K/opt/ros/foxy/include/rclcpp/any_executable.hpp:20[m[K,
[2.149s]                  from [01m[K/opt/ros/foxy/include/rclcpp/memory_strategy.hpp:24[m[K,
[2.149s]                  from [01m[K/opt/ros/foxy/include/rclcpp/memory_strategies.hpp:18[m[K,
[2.149s]                  from [01m[K/opt/ros/foxy/include/rclcpp/executor_options.hpp:20[m[K,
[2.149s]                  from [01m[K/opt/ros/foxy/include/rclcpp/executor.hpp:33[m[K,
[2.149s]                  from [01m[K/opt/ros/foxy/include/rclcpp/executors/multi_threaded_executor.hpp:26[m[K,
[2.149s]                  from [01m[K/opt/ros/foxy/include/rclcpp/executors.hpp:21[m[K,
[2.149s]                  from [01m[K/opt/ros/foxy/include/rclcpp/rclcpp.hpp:146[m[K,
[2.149s]                  from [01m[K/home/kgh/ws2/src/yzbot_stm32connect/include/robotserial.hpp:4[m[K,
[2.150s]                  from [01m[K/home/kgh/ws2/src/yzbot_stm32connect/src/robotserial.cpp:1[m[K:
[2.150s] [01m[K/home/kgh/ws2/src/yzbot_stm32connect/src/robotserial.cpp:[m[K In function ‘[01m[Kvoid* Timer_Callback(void*)[m[K’:
[2.150s] [01m[K/home/kgh/ws2/src/yzbot_stm32connect/src/robotserial.cpp:36:17:[m[K [01;31m[Kerror: [m[K‘[01m[Kget_logger[m[K’ was not declared in this scope; did you mean ‘[01m[Krclcpp::get_logger[m[K’?
[2.150s]    36 |     RCLCPP_INFO([01;31m[Kget_logger[m[K(), "Time_Count: %d\r\n", Time_Count);
[2.150s]       |                 [01;31m[K^~~~~~~~~~[m[K
[2.150s] In file included from [01m[K/opt/ros/foxy/include/rclcpp/logging.hpp:23[m[K,
[2.150s]                  from [01m[K/opt/ros/foxy/include/rclcpp/service.hpp:34[m[K,
[2.150s]                  from [01m[K/opt/ros/foxy/include/rclcpp/callback_group.hpp:25[m[K,
[2.150s]                  from [01m[K/opt/ros/foxy/include/rclcpp/any_executable.hpp:20[m[K,
[2.150s]                  from [01m[K/opt/ros/foxy/include/rclcpp/memory_strategy.hpp:24[m[K,
[2.150s]                  from [01m[K/opt/ros/foxy/include/rclcpp/memory_strategies.hpp:18[m[K,
[2.150s]                  from [01m[K/opt/ros/foxy/include/rclcpp/executor_options.hpp:20[m[K,
[2.150s]                  from [01m[K/opt/ros/foxy/include/rclcpp/executor.hpp:33[m[K,
[2.150s]                  from [01m[K/opt/ros/foxy/include/rclcpp/executors/multi_threaded_executor.hpp:26[m[K,
[2.150s]                  from [01m[K/opt/ros/foxy/include/rclcpp/executors.hpp:21[m[K,
[2.150s]                  from [01m[K/opt/ros/foxy/include/rclcpp/rclcpp.hpp:146[m[K,
[2.150s]                  from [01m[K/home/kgh/ws2/src/yzbot_stm32connect/include/robotserial.hpp:4[m[K,
[2.151s]                  from [01m[K/home/kgh/ws2/src/yzbot_stm32connect/src/robotserial.cpp:1[m[K:
[2.151s] [01m[K/opt/ros/foxy/include/rclcpp/logger.hpp:80:17:[m[K [01;36m[Knote: [m[K‘[01m[Krclcpp::get_logger[m[K’ declared here
[2.151s]    80 |   friend Logger [01;36m[Krclcpp[m[K::get_logger(const std::string & name);
[2.151s]       |                 [01;36m[K^~~~~~[m[K
[2.151s] In file included from [01m[K/opt/ros/foxy/include/rclcpp/service.hpp:34[m[K,
[2.151s]                  from [01m[K/opt/ros/foxy/include/rclcpp/callback_group.hpp:25[m[K,
[2.151s]                  from [01m[K/opt/ros/foxy/include/rclcpp/any_executable.hpp:20[m[K,
[2.151s]                  from [01m[K/opt/ros/foxy/include/rclcpp/memory_strategy.hpp:24[m[K,
[2.151s]                  from [01m[K/opt/ros/foxy/include/rclcpp/memory_strategies.hpp:18[m[K,
[2.151s]                  from [01m[K/opt/ros/foxy/include/rclcpp/executor_options.hpp:20[m[K,
[2.151s]                  from [01m[K/opt/ros/foxy/include/rclcpp/executor.hpp:33[m[K,
[2.151s]                  from [01m[K/opt/ros/foxy/include/rclcpp/executors/multi_threaded_executor.hpp:26[m[K,
[2.151s]                  from [01m[K/opt/ros/foxy/include/rclcpp/executors.hpp:21[m[K,
[2.151s]                  from [01m[K/opt/ros/foxy/include/rclcpp/rclcpp.hpp:146[m[K,
[2.151s]                  from [01m[K/home/kgh/ws2/src/yzbot_stm32connect/include/robotserial.hpp:4[m[K,
[2.151s]                  from [01m[K/home/kgh/ws2/src/yzbot_stm32connect/src/robotserial.cpp:1[m[K:
[2.151s] [01m[K/home/kgh/ws2/src/yzbot_stm32connect/src/robotserial.cpp:36:5:[m[K [01;31m[Kerror: [m[Ktemplate argument 1 is invalid
[2.152s]    36 |     [01;31m[KRCLCPP_INFO[m[K(get_logger(), "Time_Count: %d\r\n", Time_Count);
[2.152s]       |     [01;31m[K^~~~~~~~~~~[m[K
[2.152s] [01m[K/home/kgh/ws2/src/yzbot_stm32connect/src/robotserial.cpp:36:5:[m[K [01;31m[Kerror: [m[Ktemplate argument 1 is invalid
[2.152s]    36 |     [01;31m[KRCLCPP_INFO[m[K(get_logger(), "Time_Count: %d\r\n", Time_Count);
[2.152s]       |     [01;31m[K^~~~~~~~~~~[m[K
[2.152s] [01m[K/home/kgh/ws2/src/yzbot_stm32connect/src/robotserial.cpp:36:5:[m[K [01;31m[Kerror: [m[Ktemplate argument 1 is invalid
[2.152s]    36 |     [01;31m[KRCLCPP_INFO[m[K(get_logger(), "Time_Count: %d\r\n", Time_Count);
[2.152s]       |     [01;31m[K^~~~~~~~~~~[m[K
[2.152s] [01m[K/home/kgh/ws2/src/yzbot_stm32connect/src/robotserial.cpp:30:28:[m[K [01;35m[Kwarning: [m[Kunused parameter ‘[01m[Karge[m[K’ [[01;35m[K-Wunused-parameter[m[K]
[2.152s]    30 | void *Timer_Callback([01;35m[Kvoid *arge[m[K)
[2.152s]       |                      [01;35m[K~~~~~~^~~~[m[K
[2.152s] [01m[K/home/kgh/ws2/src/yzbot_stm32connect/src/robotserial.cpp:[m[K In member function ‘[01m[Kint8_t RobotSerial::robotSerialRead()[m[K’:
[2.152s] [01m[K/home/kgh/ws2/src/yzbot_stm32connect/src/robotserial.cpp:53:11:[m[K [01;35m[Kwarning: [m[Kunused variable ‘[01m[Kread_byte[m[K’ [[01;35m[K-Wunused-variable[m[K]
[2.152s]    53 |    size_t [01;35m[Kread_byte[m[K = mSerial->read(RecvBUF+2, 17);
[2.153s]       |           [01;35m[K^~~~~~~~~[m[K
[2.153s] [01m[K/home/kgh/ws2/src/yzbot_stm32connect/src/robotserial.cpp:[m[K In member function ‘[01m[Kint RobotSerial::Get_Pms(int&, int&)[m[K’:
[2.153s] [01m[K/home/kgh/ws2/src/yzbot_stm32connect/src/robotserial.cpp:205:35:[m[K [01;35m[Kwarning: [m[Kunused variable ‘[01m[Klength[m[K’ [[01;35m[K-Wunused-variable[m[K]
[2.153s]   205 |                     unsigned char [01;35m[Klength[m[K;
[2.153s]       |                                   [01;35m[K^~~~~~[m[K
[2.153s] [01m[K/home/kgh/ws2/src/yzbot_stm32connect/src/robotserial.cpp:206:35:[m[K [01;35m[Kwarning: [m[Kunused variable ‘[01m[Ks_devid[m[K’ [[01;35m[K-Wunused-variable[m[K]
[2.153s]   206 |                     unsigned char [01;35m[Ks_devid[m[K;
[2.153s]       |                                   [01;35m[K^~~~~~~[m[K
[2.153s] [01m[K/home/kgh/ws2/src/yzbot_stm32connect/src/robotserial.cpp:207:35:[m[K [01;35m[Kwarning: [m[Kunused variable ‘[01m[Kp_devid[m[K’ [[01;35m[K-Wunused-variable[m[K]
[2.153s]   207 |                     unsigned char [01;35m[Kp_devid[m[K;
[2.153s]       |                                   [01;35m[K^~~~~~~[m[K
[2.153s] [01m[K/home/kgh/ws2/src/yzbot_stm32connect/src/robotserial.cpp:208:35:[m[K [01;35m[Kwarning: [m[Kunused variable ‘[01m[Kcmd[m[K’ [[01;35m[K-Wunused-variable[m[K]
[2.153s]   208 |                     unsigned char [01;35m[Kcmd[m[K;
[2.153s]       |                                   [01;35m[K^~~[m[K
[2.153s] [01m[K/home/kgh/ws2/src/yzbot_stm32connect/src/robotserial.cpp:209:25:[m[K [01;35m[Kwarning: [m[Kunused variable ‘[01m[Kcharging_flag[m[K’ [[01;35m[K-Wunused-variable[m[K]
[2.153s]   209 |                     int [01;35m[Kcharging_flag[m[K = 0;
[2.153s]       |                         [01;35m[K^~~~~~~~~~~~~[m[K
[2.154s] [01m[K/home/kgh/ws2/src/yzbot_stm32connect/src/robotserial.cpp:210:25:[m[K [01;35m[Kwarning: [m[Kunused variable ‘[01m[Kbattary_level[m[K’ [[01;35m[K-Wunused-variable[m[K]
[2.154s]   210 |                     int [01;35m[Kbattary_level[m[K = 0;
[2.154s]       |                         [01;35m[K^~~~~~~~~~~~~[m[K
[2.156s] [01m[K/home/kgh/ws2/src/yzbot_stm32connect/src/robotserial.cpp:[m[K In member function ‘[01m[Kint8_t RobotSerial::GetOdom(unsigned char&, int16_t&, int16_t&, float&, float&, float&, int, int16_t&, int16_t&)[m[K’:
[2.156s] [01m[K/home/kgh/ws2/src/yzbot_stm32connect/src/robotserial.cpp:409:31:[m[K [01;35m[Kwarning: [m[K‘[01m[Kint ftime(timeb*)[m[K’ is deprecated [[01;35m[K-Wdeprecated-declarations[m[K]
[2.156s]   409 |                 ftime(&stTimeb[01;35m[K)[m[K;
[2.156s]       |                               [01;35m[K^[m[K
[2.156s] In file included from [01m[K/home/kgh/ws2/src/yzbot_stm32connect/include/robotserial.hpp:9[m[K,
[2.156s]                  from [01m[K/home/kgh/ws2/src/yzbot_stm32connect/src/robotserial.cpp:1[m[K:
[2.156s] [01m[K/usr/include/x86_64-linux-gnu/sys/timeb.h:39:12:[m[K [01;36m[Knote: [m[Kdeclared here
[2.157s]    39 | extern int [01;36m[Kftime[m[K (struct timeb *__timebuf)
[2.157s]       |            [01;36m[K^~~~~[m[K
[2.157s] [01m[K/home/kgh/ws2/src/yzbot_stm32connect/src/robotserial.cpp:409:31:[m[K [01;35m[Kwarning: [m[K‘[01m[Kint ftime(timeb*)[m[K’ is deprecated [[01;35m[K-Wdeprecated-declarations[m[K]
[2.157s]   409 |                 ftime(&stTimeb[01;35m[K)[m[K;
[2.157s]       |                               [01;35m[K^[m[K
[2.157s] In file included from [01m[K/home/kgh/ws2/src/yzbot_stm32connect/include/robotserial.hpp:9[m[K,
[2.157s]                  from [01m[K/home/kgh/ws2/src/yzbot_stm32connect/src/robotserial.cpp:1[m[K:
[2.157s] [01m[K/usr/include/x86_64-linux-gnu/sys/timeb.h:39:12:[m[K [01;36m[Knote: [m[Kdeclared here
[2.157s]    39 | extern int [01;36m[Kftime[m[K (struct timeb *__timebuf)
[2.157s]       |            [01;36m[K^~~~~[m[K
[2.157s] [01m[K/home/kgh/ws2/src/yzbot_stm32connect/src/robotserial.cpp:370:31:[m[K [01;35m[Kwarning: [m[Kunused variable ‘[01m[Klength[m[K’ [[01;35m[K-Wunused-variable[m[K]
[2.157s]   370 |                 unsigned char [01;35m[Klength[m[K;
[2.157s]       |                               [01;35m[K^~~~~~[m[K
[2.157s] [01m[K/home/kgh/ws2/src/yzbot_stm32connect/src/robotserial.cpp:371:31:[m[K [01;35m[Kwarning: [m[Kunused variable ‘[01m[Ks_devid[m[K’ [[01;35m[K-Wunused-variable[m[K]
[2.157s]   371 |                 unsigned char [01;35m[Ks_devid[m[K;
[2.157s]       |                               [01;35m[K^~~~~~~[m[K
[2.157s] [01m[K/home/kgh/ws2/src/yzbot_stm32connect/src/robotserial.cpp:372:31:[m[K [01;35m[Kwarning: [m[Kunused variable ‘[01m[Kp_devid[m[K’ [[01;35m[K-Wunused-variable[m[K]
[2.158s]   372 |                 unsigned char [01;35m[Kp_devid[m[K;
[2.158s]       |                               [01;35m[K^~~~~~~[m[K
[2.158s] [01m[K/home/kgh/ws2/src/yzbot_stm32connect/src/robotserial.cpp:373:31:[m[K [01;35m[Kwarning: [m[Kunused variable ‘[01m[Kcmd[m[K’ [[01;35m[K-Wunused-variable[m[K]
[2.158s]   373 |                 unsigned char [01;35m[Kcmd[m[K;
[2.158s]       |                               [01;35m[K^~~[m[K
[2.158s] [01m[K/home/kgh/ws2/src/yzbot_stm32connect/src/robotserial.cpp:323:18:[m[K [01;35m[Kwarning: [m[Kunused variable ‘[01m[Kangle_per[m[K’ [[01;35m[K-Wunused-variable[m[K]
[2.158s]   323 |     static float [01;35m[Kangle_per[m[K = 0;
[2.158s]       |                  [01;35m[K^~~~~~~~~[m[K
[2.158s] [01m[K/home/kgh/ws2/src/yzbot_stm32connect/src/robotserial.cpp:[m[K In member function ‘[01m[Kint8_t RobotSerial::GetAutoSpeed()[m[K’:
[2.158s] [01m[K/home/kgh/ws2/src/yzbot_stm32connect/src/robotserial.cpp:475:24:[m[K [01;35m[Kwarning: [m[Kunused variable ‘[01m[Klinear[m[K’ [[01;35m[K-Wunused-variable[m[K]
[2.158s]   475 |                 double [01;35m[Klinear[m[K = (short)((RecvBUF[8]<<8) + RecvBUF[9]);     // 线速度
[2.158s]       |                        [01;35m[K^~~~~~[m[K
[2.158s] [01m[K/home/kgh/ws2/src/yzbot_stm32connect/src/robotserial.cpp:476:24:[m[K [01;35m[Kwarning: [m[Kunused variable ‘[01m[Kangular[m[K’ [[01;35m[K-Wunused-variable[m[K]
[2.158s]   476 |                 double [01;35m[Kangular[m[K = (short)((RecvBUF[10]<<8) + RecvBUF[11]);  // 角速度
[2.158s]       |                        [01;35m[K^~~~~~~[m[K
[2.159s] [01m[K/home/kgh/ws2/src/yzbot_stm32connect/src/robotserial.cpp:477:21:[m[K [01;35m[Kwarning: [m[Kunused variable ‘[01m[KautoChargeTaskFlag[m[K’ [[01;35m[K-Wunused-variable[m[K]
[2.159s]   477 |                 int [01;35m[KautoChargeTaskFlag[m[K = RecvBUF[12];
[2.159s]       |                     [01;35m[K^~~~~~~~~~~~~~~~~~[m[K
[2.159s] [01m[K/home/kgh/ws2/src/yzbot_stm32connect/src/robotserial.cpp:478:21:[m[K [01;35m[Kwarning: [m[Kunused variable ‘[01m[KEmergency_flag[m[K’ [[01;35m[K-Wunused-variable[m[K]
[2.159s]   478 |                 int [01;35m[KEmergency_flag[m[K = RecvBUF[13];
[2.159s]       |                     [01;35m[K^~~~~~~~~~~~~~[m[K
[2.159s] [01m[K/home/kgh/ws2/src/yzbot_stm32connect/src/robotserial.cpp:479:21:[m[K [01;35m[Kwarning: [m[Kunused variable ‘[01m[KreChargeFlag[m[K’ [[01;35m[K-Wunused-variable[m[K]
[2.159s]   479 |                 int [01;35m[KreChargeFlag[m[K = RecvBUF[14];
[2.159s]       |                     [01;35m[K^~~~~~~~~~~~[m[K
[2.159s] [01m[K/home/kgh/ws2/src/yzbot_stm32connect/src/robotserial.cpp:[m[K In member function ‘[01m[Kint8_t RobotSerial::SetSensorEn(int, int)[m[K’:
[2.159s] [01m[K/home/kgh/ws2/src/yzbot_stm32connect/src/robotserial.cpp:531:13:[m[K [01;35m[Kwarning: [m[Kunused variable ‘[01m[KcarLight_result[m[K’ [[01;35m[K-Wunused-variable[m[K]
[2.159s]   531 |         int [01;35m[KcarLight_result[m[K = RecvBUF[9];
[2.159s]       |             [01;35m[K^~~~~~~~~~~~~~~[m[K
[2.159s] [01m[K/home/kgh/ws2/src/yzbot_stm32connect/src/robotserial.cpp:532:13:[m[K [01;35m[Kwarning: [m[Kunused variable ‘[01m[KturnLight_result[m[K’ [[01;35m[K-Wunused-variable[m[K]
[2.159s]   532 |         int [01;35m[KturnLight_result[m[K = RecvBUF[10];
[2.159s]       |             [01;35m[K^~~~~~~~~~~~~~~~[m[K
[2.159s] [01m[K/home/kgh/ws2/src/yzbot_stm32connect/src/robotserial.cpp:[m[K In member function ‘[01m[Kint RobotSerial::get_ultrasound_result(int&, int&)[m[K’:
[2.160s] [01m[K/home/kgh/ws2/src/yzbot_stm32connect/src/robotserial.cpp:616:31:[m[K [01;35m[Kwarning: [m[Kunused variable ‘[01m[KrecvFrameIndex[m[K’ [[01;35m[K-Wunused-variable[m[K]
[2.160s]   616 |                 unsigned char [01;35m[KrecvFrameIndex[m[K=0;
[2.160s]       |                               [01;35m[K^~~~~~~~~~~~~~[m[K
[2.160s] [01m[K/home/kgh/ws2/src/yzbot_stm32connect/src/robotserial.cpp:617:31:[m[K [01;35m[Kwarning: [m[Kunused variable ‘[01m[Klength[m[K’ [[01;35m[K-Wunused-variable[m[K]
[2.160s]   617 |                 unsigned char [01;35m[Klength[m[K;
[2.160s]       |                               [01;35m[K^~~~~~[m[K
[2.160s] [01m[K/home/kgh/ws2/src/yzbot_stm32connect/src/robotserial.cpp:618:31:[m[K [01;35m[Kwarning: [m[Kunused variable ‘[01m[Ks_devid[m[K’ [[01;35m[K-Wunused-variable[m[K]
[2.160s]   618 |                 unsigned char [01;35m[Ks_devid[m[K;
[2.160s]       |                               [01;35m[K^~~~~~~[m[K
[2.160s] [01m[K/home/kgh/ws2/src/yzbot_stm32connect/src/robotserial.cpp:619:31:[m[K [01;35m[Kwarning: [m[Kunused variable ‘[01m[Kp_devid[m[K’ [[01;35m[K-Wunused-variable[m[K]
[2.160s]   619 |                 unsigned char [01;35m[Kp_devid[m[K;
[2.160s]       |                               [01;35m[K^~~~~~~[m[K
[2.160s] [01m[K/home/kgh/ws2/src/yzbot_stm32connect/src/robotserial.cpp:620:31:[m[K [01;35m[Kwarning: [m[Kunused variable ‘[01m[Kcmd[m[K’ [[01;35m[K-Wunused-variable[m[K]
[2.160s]   620 |                 unsigned char [01;35m[Kcmd[m[K;
[2.160s]       |                               [01;35m[K^~~[m[K
[2.160s] [01m[K/home/kgh/ws2/src/yzbot_stm32connect/src/robotserial.cpp:586:16:[m[K [01;35m[Kwarning: [m[Kunused variable ‘[01m[Ktmp[m[K’ [[01;35m[K-Wunused-variable[m[K]
[2.160s]   586 |     static int [01;35m[Ktmp[m[K = 0;
[2.161s]       |                [01;35m[K^~~[m[K
[2.161s] [01m[K/home/kgh/ws2/src/yzbot_stm32connect/src/robotserial.cpp:[m[K In member function ‘[01m[Kint8_t RobotSerial::GetNeckPose(int&, int&, int&, int, int)[m[K’:
[2.161s] [01m[K/home/kgh/ws2/src/yzbot_stm32connect/src/robotserial.cpp:681:27:[m[K [01;35m[Kwarning: [m[Kunused variable ‘[01m[Kmheight[m[K’ [[01;35m[K-Wunused-variable[m[K]
[2.161s]   681 |                 short int [01;35m[Kmheight[m[K = 0;
[2.161s]       |                           [01;35m[K^~~~~~~[m[K
[2.161s] [01m[K/home/kgh/ws2/src/yzbot_stm32connect/src/robotserial.cpp:682:27:[m[K [01;35m[Kwarning: [m[Kunused variable ‘[01m[Kmlimit[m[K’ [[01;35m[K-Wunused-variable[m[K]
[2.161s]   682 |                 short int [01;35m[Kmlimit[m[K = 0;
[2.161s]       |                           [01;35m[K^~~~~~[m[K
[2.161s] [01m[K/home/kgh/ws2/src/yzbot_stm32connect/src/robotserial.cpp:683:27:[m[K [01;35m[Kwarning: [m[Kunused variable ‘[01m[Kmdone[m[K’ [[01;35m[K-Wunused-variable[m[K]
[2.161s]   683 |                 short int [01;35m[Kmdone[m[K = 0;
[2.161s]       |                           [01;35m[K^~~~~[m[K
[2.161s] [01m[K/home/kgh/ws2/src/yzbot_stm32connect/src/robotserial.cpp:[m[K In member function ‘[01m[Kint8_t RobotSerial::GetHeadPose(int&, int&, int&)[m[K’:
[2.161s] [01m[K/home/kgh/ws2/src/yzbot_stm32connect/src/robotserial.cpp:731:27:[m[K [01;35m[Kwarning: [m[Kunused variable ‘[01m[KmSwitch_flag[m[K’ [[01;35m[K-Wunused-variable[m[K]
[2.161s]   731 |                 short int [01;35m[KmSwitch_flag[m[K = 0;
[2.161s]       |                           [01;35m[K^~~~~~~~~~~~[m[K
[2.750s] [01m[K/home/kgh/ws2/src/yzbot_stm32connect/src/robotserial.cpp:[m[K In member function ‘[01m[Kint8_t RobotSerial::robotSerialRead()[m[K’:
[2.750s] [01m[K/home/kgh/ws2/src/yzbot_stm32connect/src/robotserial.cpp:70:1:[m[K [01;35m[Kwarning: [m[Kcontrol reaches end of non-void function [[01;35m[K-Wreturn-type[m[K]
[2.750s]    70 | [01;35m[K}[m[K
[2.750s]       | [01;35m[K^[m[K
[2.755s] [01m[K/home/kgh/ws2/src/yzbot_stm32connect/src/robotserial.cpp:[m[K In member function ‘[01m[Kint RobotSerial::SendHeardCtrl(int)[m[K’:
[2.755s] [01m[K/home/kgh/ws2/src/yzbot_stm32connect/src/robotserial.cpp:863:19:[m[K [01;35m[Kwarning: [m[Kthis statement may fall through [[01;35m[K-Wimplicit-fallthrough=[m[K]
[2.755s]   863 |         [01;35m[KSendBUF[8]=0x08[m[K;
[2.755s]       |         [01;35m[K~~~~~~~~~~^~~~~[m[K
[2.755s] [01m[K/home/kgh/ws2/src/yzbot_stm32connect/src/robotserial.cpp:864:9:[m[K [01;36m[Knote: [m[Khere
[2.755s]   864 |         [01;36m[Kcase[m[K 9:
[2.755s]       |         [01;36m[K^~~~[m[K
[2.764s] [01m[K/home/kgh/ws2/src/yzbot_stm32connect/src/robotserial.cpp:[m[K At global scope:
[2.764s] [01m[K/home/kgh/ws2/src/yzbot_stm32connect/src/robotserial.cpp:586:16:[m[K [01;35m[Kwarning: [m[K‘[01m[Ktmp[m[K’ defined but not used [[01;35m[K-Wunused-variable[m[K]
[2.764s]   586 |     static int [01;35m[Ktmp[m[K = 0;
[2.764s]       |                [01;35m[K^~~[m[K
[2.764s] [01m[K/home/kgh/ws2/src/yzbot_stm32connect/src/robotserial.cpp:323:18:[m[K [01;35m[Kwarning: [m[K‘[01m[Kangle_per[m[K’ defined but not used [[01;35m[K-Wunused-variable[m[K]
[2.764s]   323 |     static float [01;35m[Kangle_per[m[K = 0;
[2.764s]       |                  [01;35m[K^~~~~~~~~[m[K
[2.780s] make[2]: *** [CMakeFiles/stm32_connect.dir/build.make:76：CMakeFiles/stm32_connect.dir/src/robotserial.cpp.o] 错误 1
[2.781s] make[1]: *** [CMakeFiles/Makefile2:80：CMakeFiles/stm32_connect.dir/all] 错误 2
[2.781s] make: *** [Makefile:141：all] 错误 2
[2.784s] Invoked command in '/home/kgh/ws2/build/yzbot_stm32connect' returned '2': CMAKE_PREFIX_PATH=${CMAKE_PREFIX_PATH}:/home/kgh/ws2/install/yzbot_description:/home/kgh/ws2/install/yzbot_controller:/home/kgh/ws2/install/nav2_gazebo_spawner:/opt/ros/foxy /usr/bin/cmake --build /home/kgh/ws2/build/yzbot_stm32connect -- -j16 -l16
