[01m[K/home/kgh/ws2/src/yzbot_sensors/bluesea2/src/uart.c:[m[K In function ‘[01m[Kchange_baud[m[K’:
[01m[K/home/kgh/ws2/src/yzbot_sensors/bluesea2/src/uart.c:31:7:[m[K [01;35m[Kwarning: [m[Ktaking the absolute value of unsigned type ‘[01m[Kspeed_t[m[K’ {aka ‘[01m[Kunsigned int[m[K’} has no effect [[01;35m[K-Wabsolute-value[m[K]
   31 |   if ([01;35m[Kabs[m[K(t.c_ospeed - baud) <= 20000)
      |       [01;35m[K^~~[m[K
[01m[K/home/kgh/ws2/src/yzbot_sensors/bluesea2/src/algorithmAPI.cpp:[m[K In function ‘[01m[Kbool checkWindowValid2(std::vector<DataPoint>, size_t, size_t, double, double)[m[K’:
[01m[K/home/kgh/ws2/src/yzbot_sensors/bluesea2/src/algorithmAPI.cpp:16:58:[m[K [01;35m[Kwarning: [m[Kcomparison of integer expressions of different signedness: ‘[01m[Ksize_t[m[K’ {aka ‘[01m[Klong unsigned int[m[K’} and ‘[01m[Kint[m[K’ [[01;35m[K-Wsign-compare[m[K]
   16 |     if (j < 0 || j >= static_cast<int>(scan.size())||[01;35m[Kidx == j[m[K)
      |                                                      [01;35m[K~~~~^~~~[m[K
[01m[K/home/kgh/ws2/src/yzbot_sensors/bluesea2/src/algorithmAPI.cpp:32:21:[m[K [01;35m[Kwarning: [m[Kcomparison of integer expressions of different signedness: ‘[01m[Kint[m[K’ and ‘[01m[Ksize_t[m[K’ {aka ‘[01m[Klong unsigned int[m[K’} [[01;35m[K-Wsign-compare[m[K]
   32 |   if ([01;35m[Knum_neighbors < window[m[K)
      |       [01;35m[K~~~~~~~~~~~~~~^~~~~~~~[m[K
[01m[K/home/kgh/ws2/src/yzbot_sensors/bluesea2/src/algorithmAPI.cpp:[m[K In function ‘[01m[Kbool filter(std::vector<DataPoint>&, int, double, double, double, int, double)[m[K’:
[01m[K/home/kgh/ws2/src/yzbot_sensors/bluesea2/src/algorithmAPI.cpp:47:26:[m[K [01;35m[Kwarning: [m[Kcomparison of integer expressions of different signedness: ‘[01m[Kstd::vector<DataPoint>::size_type[m[K’ {aka ‘[01m[Klong unsigned int[m[K’} and ‘[01m[Kint[m[K’ [[01;35m[K-Wsign-compare[m[K]
   47 |   if ([01;35m[Koutput_scan.size() <= filter_window + 1[m[K)
      |       [01;35m[K~~~~~~~~~~~~~~~~~~~^~~~~~~~~~~~~~~~~~~~[m[K
[01m[K/home/kgh/ws2/src/yzbot_sensors/bluesea2/src/algorithmAPI.cpp:43:55:[m[K [01;35m[Kwarning: [m[Kunused parameter ‘[01m[Kfilter_type[m[K’ [[01;35m[K-Wunused-parameter[m[K]
   43 | bool filter(std::vector<DataPoint>  &output_scan, [01;35m[Kint filter_type[m[K, double max_range, double min_range, double max_range_difference, int filter_window,double angle_increment)
      |                                                   [01;35m[K~~~~^~~~~~~~~~~[m[K
[01m[K/home/kgh/ws2/src/yzbot_sensors/bluesea2/src/algorithmAPI.cpp:[m[K In function ‘[01m[Kbool checkZeroDistance(std::vector<DataPoint>, float)[m[K’:
[01m[K/home/kgh/ws2/src/yzbot_sensors/bluesea2/src/algorithmAPI.cpp:97:16:[m[K [01;35m[Kwarning: [m[Kcomparison of integer expressions of different signedness: ‘[01m[Kint[m[K’ and ‘[01m[Kstd::vector<DataPoint>::size_type[m[K’ {aka ‘[01m[Klong unsigned int[m[K’} [[01;35m[K-Wsign-compare[m[K]
   97 |   for(int i=0;[01;35m[Ki<data.size()[m[K;i++)
      |               [01;35m[K~^~~~~~~~~~~~[m[K
[01m[K/home/kgh/ws2/src/yzbot_sensors/bluesea2/src/algorithmAPI.cpp:95:8:[m[K [01;35m[Kwarning: [m[Kunused variable ‘[01m[Kresult[m[K’ [[01;35m[K-Wunused-variable[m[K]
   95 |   bool [01;35m[Kresult[m[K=true;
      |        [01;35m[K^~~~~~[m[K
[01m[K/home/kgh/ws2/src/yzbot_sensors/bluesea2/src/udp_reader.cpp:[m[K In function ‘[01m[Kvoid* UdpThreadProc(void*)[m[K’:
[01m[K/home/kgh/ws2/src/yzbot_sensors/bluesea2/src/udp_reader.cpp:148:6:[m[K [01;35m[Kwarning: [m[Kunused variable ‘[01m[Kerror_num[m[K’ [[01;35m[K-Wunused-variable[m[K]
  148 |  int [01;35m[Kerror_num[m[K = 0;
      |      [01;35m[K^~~~~~~~~[m[K
[01m[K/home/kgh/ws2/src/yzbot_sensors/bluesea2/src/uart_reader.cpp:[m[K In function ‘[01m[Kbool uart_talk(int, int, const char*, int, const char*, int, char*, int, int)[m[K’:
[01m[K/home/kgh/ws2/src/yzbot_sensors/bluesea2/src/uart_reader.cpp:38:29:[m[K [01;35m[Kwarning: [m[Kcomparison of integer expressions of different signedness: ‘[01m[Kunsigned int[m[K’ and ‘[01m[Kint[m[K’ [[01;35m[K-Wsign-compare[m[K]
   38 |  for (unsigned int i = 0; [01;35m[Ki < CacheLength - nhdr - nfetch[m[K; i++)
      |                           [01;35m[K~~^~~~~~~~~~~~~~~~~~~~~~~~~~~~~[m[K
[01m[K/home/kgh/ws2/src/yzbot_sensors/bluesea2/src/uart_reader.cpp:37:7:[m[K [01;35m[Kwarning: [m[Kunused variable ‘[01m[Kres[m[K’ [[01;35m[K-Wunused-variable[m[K]
   37 |  bool [01;35m[Kres[m[K=false;
      |       [01;35m[K^~~[m[K
[01m[K/home/kgh/ws2/src/yzbot_sensors/bluesea2/src/uart_reader.cpp:[m[K In function ‘[01m[Kbool vpc_talk(int, int, short int, int, const char*, int, void*)[m[K’:
[01m[K/home/kgh/ws2/src/yzbot_sensors/bluesea2/src/uart_reader.cpp:154:51:[m[K [01;35m[Kwarning: [m[Kcomparison is always true due to limited range of data type [[01;35m[K-Wtype-limits[m[K]
  154 |       if ((buf[i + j + 8] >= 33 && [01;35m[Kbuf[i + j + 8] <= 127[m[K))
      |                                    [01;35m[K~~~~~~~~~~~~~~~^~~~~~[m[K
[01m[K/home/kgh/ws2/src/yzbot_sensors/bluesea2/src/uart_reader.cpp:[m[K In function ‘[01m[Kbool setup_lidar_uart(HParser, int)[m[K’:
[01m[K/home/kgh/ws2/src/yzbot_sensors/bluesea2/src/uart_reader.cpp:285:7:[m[K [01;35m[Kwarning: [m[Kvariable ‘[01m[Kresult[m[K’ set but not used [[01;35m[K-Wunused-but-set-variable[m[K]
  285 |  char [01;35m[Kresult[m[K[3] = {0};
      |       [01;35m[K^~~~~~[m[K
[01m[K/home/kgh/ws2/src/yzbot_sensors/bluesea2/src/parser.cpp:[m[K In function ‘[01m[Kint autoGetFirstAngle(RawData, bool, std::vector<RawData>&, std::string&)[m[K’:
[01m[K/home/kgh/ws2/src/yzbot_sensors/bluesea2/src/parser.cpp:1385:92:[m[K [01;35m[Kwarning: [m[Kunused parameter ‘[01m[Kresult[m[K’ [[01;35m[K-Wunused-parameter[m[K]
 1385 | int autoGetFirstAngle(RawData raw, bool from_zero, std::vector<RawData> &raws,[01;35m[Kstd::string &result[m[K)
      |                                                                               [01;35m[K~~~~~~~~~~~~~^~~~~~[m[K
[01m[K/home/kgh/ws2/src/yzbot_sensors/bluesea2/src/uart_reader.cpp:[m[K In function ‘[01m[Kbool uart_talk(int, int, const char*, int, const char*, int, char*, int, int)[m[K’:
[01m[K/home/kgh/ws2/src/yzbot_sensors/bluesea2/src/uart_reader.cpp:57:14:[m[K [01;35m[Kwarning: [m[K‘[01m[Kchar* strncpy(char*, const char*, size_t)[m[K’ output truncated before terminating nul copying 2 bytes from a string of the same length [[01;35m[K-Wstringop-truncation[m[K]
   57 |       [01;35m[Kstrncpy(fetch, "OK", 2)[m[K;
      |       [01;35m[K~~~~~~~^~~~~~~~~~~~~~~~[m[K
[01m[K/home/kgh/ws2/src/yzbot_sensors/bluesea2/src/uart_reader.cpp:62:14:[m[K [01;35m[Kwarning: [m[K‘[01m[Kchar* strncpy(char*, const char*, size_t)[m[K’ output truncated before terminating nul copying 2 bytes from a string of the same length [[01;35m[K-Wstringop-truncation[m[K]
   62 |       [01;35m[Kstrncpy(fetch, "NG", 2)[m[K;
      |       [01;35m[K~~~~~~~^~~~~~~~~~~~~~~~[m[K
[01m[K/home/kgh/ws2/src/yzbot_sensors/bluesea2/src/uart_reader.cpp:68:13:[m[K [01;35m[Kwarning: [m[K‘[01m[Kchar* strncpy(char*, const char*, size_t)[m[K’ output truncated before terminating nul copying 2 bytes from a string of the same length [[01;35m[K-Wstringop-truncation[m[K]
   68 |      [01;35m[Kstrncpy(fetch, "OK", 2)[m[K;
      |      [01;35m[K~~~~~~~^~~~~~~~~~~~~~~~[m[K
