[0.498s] Invoking command in '/home/kgh/ws2/build/bluesea2': CMAKE_PREFIX_PATH=${CMAKE_PREFIX_PATH}:/home/kgh/ws2/install/yzbot_description:/home/kgh/ws2/install/yzbot_controller:/home/kgh/ws2/install/nav2_gazebo_spawner:/opt/ros/foxy /usr/bin/cmake /home/kgh/ws2/src/yzbot_sensors/bluesea2 -DCMAKE_INSTALL_PREFIX=/home/kgh/ws2/install/bluesea2
[0.792s] -- The C compiler identification is GNU 9.4.0
[0.792s] -- The CXX compiler identification is GNU 9.4.0
[0.793s] -- Check for working C compiler: /usr/bin/cc
[0.793s] -- Check for working C compiler: /usr/bin/cc -- works
[0.793s] -- Detecting C compiler ABI info
[0.793s] -- Detecting C compiler ABI info - done
[0.793s] -- Detecting C compile features
[0.793s] -- Detecting C compile features - done
[0.793s] -- Check for working CXX compiler: /usr/bin/c++
[0.812s] -- Check for working CXX compiler: /usr/bin/c++ -- works
[0.813s] -- Detecting CXX compiler ABI info
[0.883s] -- Detecting CXX compiler ABI info - done
[0.892s] -- Detecting CXX compile features
[0.892s] -- Detecting CXX compile features - done
[0.894s] -- Found ament_cmake: 0.9.12 (/opt/ros/foxy/share/ament_cmake/cmake)
[0.913s] -- Found PythonInterp: /usr/bin/python3 (found suitable version "3.8.10", minimum required is "3") 
[0.913s] -- Using PYTHON_EXECUTABLE: /usr/bin/python3
[1.075s] -- Found rclcpp: 2.4.3 (/opt/ros/foxy/share/rclcpp/cmake)
[1.116s] -- Using all available rosidl_typesupport_c: rosidl_typesupport_fastrtps_c;rosidl_typesupport_introspection_c
[1.121s] -- Found rosidl_adapter: 1.3.1 (/opt/ros/foxy/share/rosidl_adapter/cmake)
[1.198s] -- Found OpenSSL: /usr/lib/x86_64-linux-gnu/libcrypto.so (found version "1.1.1f")  
[1.226s] -- Found FastRTPS: /opt/ros/foxy/include  
[1.295s] -- Using all available rosidl_typesupport_cpp: rosidl_typesupport_fastrtps_cpp;rosidl_typesupport_introspection_cpp
[1.344s] -- Found rmw_implementation_cmake: 1.0.4 (/opt/ros/foxy/share/rmw_implementation_cmake/cmake)
[1.349s] -- Using RMW implementation 'rmw_fastrtps_cpp' as default
[1.354s] -- Looking for pthread.h
[1.415s] -- Looking for pthread.h - found
[1.416s] -- Performing Test CMAKE_HAVE_LIBC_PTHREAD
[1.481s] -- Performing Test CMAKE_HAVE_LIBC_PTHREAD - Failed
[1.481s] -- Looking for pthread_create in pthreads
[1.532s] -- Looking for pthread_create in pthreads - not found
[1.533s] -- Looking for pthread_create in pthread
[1.596s] -- Looking for pthread_create in pthread - found
[1.597s] -- Found Threads: TRUE  
[1.712s] -- Found sensor_msgs: 2.0.5 (/opt/ros/foxy/share/sensor_msgs/cmake)
[1.801s] -- Found visualization_msgs: 2.0.5 (/opt/ros/foxy/share/visualization_msgs/cmake)
[1.879s] -- Found std_srvs: 2.0.5 (/opt/ros/foxy/share/std_srvs/cmake)
[1.907s] -- Found ament_lint_auto: 0.9.8 (/opt/ros/foxy/share/ament_lint_auto/cmake)
[1.981s] -- Added test 'copyright' to check source files copyright and LICENSE
[1.983s] -- Added test 'cppcheck' to perform static code analysis on C / C++ code
[1.983s] -- Configured cppcheck include dirs: $<BUILD_INTERFACE:/home/kgh/ws2/src/yzbot_sensors/bluesea2/include>
[1.983s] -- Configured cppcheck exclude dirs and/or files: 
[1.986s] -- Added test 'cpplint' to check C / C++ code against the Google style
[1.986s] -- Configured cpplint exclude dirs and/or files: 
[1.987s] -- Added test 'flake8' to check Python code syntax and style conventions
[1.988s] -- Added test 'lint_cmake' to check CMake code style
[1.988s] -- Added test 'pep257' to check Python code against some of the style conventions in PEP 257
[1.991s] -- Added test 'uncrustify' to check C / C++ code style
[1.991s] -- Configured uncrustify additional arguments: 
[1.991s] -- Added test 'xmllint' to check XML markup files
[1.995s] -- Configuring done
[2.011s] -- Generating done
[2.014s] -- Build files have been written to: /home/kgh/ws2/build/bluesea2
[2.141s] Invoked command in '/home/kgh/ws2/build/bluesea2' returned '0': CMAKE_PREFIX_PATH=${CMAKE_PREFIX_PATH}:/home/kgh/ws2/install/yzbot_description:/home/kgh/ws2/install/yzbot_controller:/home/kgh/ws2/install/nav2_gazebo_spawner:/opt/ros/foxy /usr/bin/cmake /home/kgh/ws2/src/yzbot_sensors/bluesea2 -DCMAKE_INSTALL_PREFIX=/home/kgh/ws2/install/bluesea2
[2.144s] Invoking command in '/home/kgh/ws2/build/bluesea2': CMAKE_PREFIX_PATH=${CMAKE_PREFIX_PATH}:/home/kgh/ws2/install/yzbot_description:/home/kgh/ws2/install/yzbot_controller:/home/kgh/ws2/install/nav2_gazebo_spawner:/opt/ros/foxy /usr/bin/cmake --build /home/kgh/ws2/build/bluesea2 -- -j16 -l16
[2.457s] [01m[K/home/kgh/ws2/src/yzbot_sensors/bluesea2/src/uart.c:[m[K In function ‘[01m[Kchange_baud[m[K’:
[2.457s] [01m[K/home/kgh/ws2/src/yzbot_sensors/bluesea2/src/uart.c:31:7:[m[K [01;35m[Kwarning: [m[Ktaking the absolute value of unsigned type ‘[01m[Kspeed_t[m[K’ {aka ‘[01m[Kunsigned int[m[K’} has no effect [[01;35m[K-Wabsolute-value[m[K]
[2.458s]    31 |   if ([01;35m[Kabs[m[K(t.c_ospeed - baud) <= 20000)
[2.458s]       |       [01;35m[K^~~[m[K
[2.458s] [35m[1mScanning dependencies of target bluesea_node_client[0m
[2.458s] [35m[1mScanning dependencies of target bluesea_node[0m
[2.458s] [ 10%] [32mBuilding CXX object CMakeFiles/bluesea_node_client.dir/src/bluesea_client.cpp.o[0m
[2.458s] [ 20%] [32mBuilding C object CMakeFiles/bluesea_node.dir/src/uart.c.o[0m
[2.458s] [ 50%] [32mBuilding CXX object CMakeFiles/bluesea_node.dir/src/bluesea_node.cpp.o[0m
[2.459s] [ 50%] [32mBuilding CXX object CMakeFiles/bluesea_node.dir/src/tcp_reader.cpp.o[0m
[2.459s] [ 60%] [32mBuilding CXX object CMakeFiles/bluesea_node.dir/src/udp_reader.cpp.o[0m
[2.459s] [ 60%] [32mBuilding CXX object CMakeFiles/bluesea_node.dir/src/uart_reader.cpp.o[0m
[2.459s] [ 70%] [32mBuilding CXX object CMakeFiles/bluesea_node.dir/src/algorithmAPI.cpp.o[0m
[2.459s] [ 80%] [32mBuilding CXX object CMakeFiles/bluesea_node.dir/src/parser.cpp.o[0m
[2.648s] [01m[K/home/kgh/ws2/src/yzbot_sensors/bluesea2/src/algorithmAPI.cpp:[m[K In function ‘[01m[Kbool checkWindowValid2(std::vector<DataPoint>, size_t, size_t, double, double)[m[K’:
[2.648s] [01m[K/home/kgh/ws2/src/yzbot_sensors/bluesea2/src/algorithmAPI.cpp:16:58:[m[K [01;35m[Kwarning: [m[Kcomparison of integer expressions of different signedness: ‘[01m[Ksize_t[m[K’ {aka ‘[01m[Klong unsigned int[m[K’} and ‘[01m[Kint[m[K’ [[01;35m[K-Wsign-compare[m[K]
[2.649s]    16 |     if (j < 0 || j >= static_cast<int>(scan.size())||[01;35m[Kidx == j[m[K)
[2.649s]       |                                                      [01;35m[K~~~~^~~~[m[K
[2.649s] [01m[K/home/kgh/ws2/src/yzbot_sensors/bluesea2/src/algorithmAPI.cpp:32:21:[m[K [01;35m[Kwarning: [m[Kcomparison of integer expressions of different signedness: ‘[01m[Kint[m[K’ and ‘[01m[Ksize_t[m[K’ {aka ‘[01m[Klong unsigned int[m[K’} [[01;35m[K-Wsign-compare[m[K]
[2.649s]    32 |   if ([01;35m[Knum_neighbors < window[m[K)
[2.650s]       |       [01;35m[K~~~~~~~~~~~~~~^~~~~~~~[m[K
[2.652s] [01m[K/home/kgh/ws2/src/yzbot_sensors/bluesea2/src/algorithmAPI.cpp:[m[K In function ‘[01m[Kbool filter(std::vector<DataPoint>&, int, double, double, double, int, double)[m[K’:
[2.652s] [01m[K/home/kgh/ws2/src/yzbot_sensors/bluesea2/src/algorithmAPI.cpp:47:26:[m[K [01;35m[Kwarning: [m[Kcomparison of integer expressions of different signedness: ‘[01m[Kstd::vector<DataPoint>::size_type[m[K’ {aka ‘[01m[Klong unsigned int[m[K’} and ‘[01m[Kint[m[K’ [[01;35m[K-Wsign-compare[m[K]
[2.652s]    47 |   if ([01;35m[Koutput_scan.size() <= filter_window + 1[m[K)
[2.653s]       |       [01;35m[K~~~~~~~~~~~~~~~~~~~^~~~~~~~~~~~~~~~~~~~[m[K
[2.653s] [01m[K/home/kgh/ws2/src/yzbot_sensors/bluesea2/src/algorithmAPI.cpp:43:55:[m[K [01;35m[Kwarning: [m[Kunused parameter ‘[01m[Kfilter_type[m[K’ [[01;35m[K-Wunused-parameter[m[K]
[2.653s]    43 | bool filter(std::vector<DataPoint>  &output_scan, [01;35m[Kint filter_type[m[K, double max_range, double min_range, double max_range_difference, int filter_window,double angle_increment)
[2.653s]       |                                                   [01;35m[K~~~~^~~~~~~~~~~[m[K
[2.653s] [01m[K/home/kgh/ws2/src/yzbot_sensors/bluesea2/src/algorithmAPI.cpp:[m[K In function ‘[01m[Kbool checkZeroDistance(std::vector<DataPoint>, float)[m[K’:
[2.653s] [01m[K/home/kgh/ws2/src/yzbot_sensors/bluesea2/src/algorithmAPI.cpp:97:16:[m[K [01;35m[Kwarning: [m[Kcomparison of integer expressions of different signedness: ‘[01m[Kint[m[K’ and ‘[01m[Kstd::vector<DataPoint>::size_type[m[K’ {aka ‘[01m[Klong unsigned int[m[K’} [[01;35m[K-Wsign-compare[m[K]
[2.654s]    97 |   for(int i=0;[01;35m[Ki<data.size()[m[K;i++)
[2.654s]       |               [01;35m[K~^~~~~~~~~~~~[m[K
[2.654s] [01m[K/home/kgh/ws2/src/yzbot_sensors/bluesea2/src/algorithmAPI.cpp:95:8:[m[K [01;35m[Kwarning: [m[Kunused variable ‘[01m[Kresult[m[K’ [[01;35m[K-Wunused-variable[m[K]
[2.654s]    95 |   bool [01;35m[Kresult[m[K=true;
[2.654s]       |        [01;35m[K^~~~~~[m[K
[2.664s] [01m[K/home/kgh/ws2/src/yzbot_sensors/bluesea2/src/udp_reader.cpp:[m[K In function ‘[01m[Kvoid* UdpThreadProc(void*)[m[K’:
[2.664s] [01m[K/home/kgh/ws2/src/yzbot_sensors/bluesea2/src/udp_reader.cpp:148:6:[m[K [01;35m[Kwarning: [m[Kunused variable ‘[01m[Kerror_num[m[K’ [[01;35m[K-Wunused-variable[m[K]
[2.664s]   148 |  int [01;35m[Kerror_num[m[K = 0;
[2.665s]       |      [01;35m[K^~~~~~~~~[m[K
[2.672s] [01m[K/home/kgh/ws2/src/yzbot_sensors/bluesea2/src/uart_reader.cpp:[m[K In function ‘[01m[Kbool uart_talk(int, int, const char*, int, const char*, int, char*, int, int)[m[K’:
[2.673s] [01m[K/home/kgh/ws2/src/yzbot_sensors/bluesea2/src/uart_reader.cpp:38:29:[m[K [01;35m[Kwarning: [m[Kcomparison of integer expressions of different signedness: ‘[01m[Kunsigned int[m[K’ and ‘[01m[Kint[m[K’ [[01;35m[K-Wsign-compare[m[K]
[2.673s]    38 |  for (unsigned int i = 0; [01;35m[Ki < CacheLength - nhdr - nfetch[m[K; i++)
[2.673s]       |                           [01;35m[K~~^~~~~~~~~~~~~~~~~~~~~~~~~~~~~[m[K
[2.673s] [01m[K/home/kgh/ws2/src/yzbot_sensors/bluesea2/src/uart_reader.cpp:37:7:[m[K [01;35m[Kwarning: [m[Kunused variable ‘[01m[Kres[m[K’ [[01;35m[K-Wunused-variable[m[K]
[2.674s]    37 |  bool [01;35m[Kres[m[K=false;
[2.674s]       |       [01;35m[K^~~[m[K
[2.674s] [01m[K/home/kgh/ws2/src/yzbot_sensors/bluesea2/src/uart_reader.cpp:[m[K In function ‘[01m[Kbool vpc_talk(int, int, short int, int, const char*, int, void*)[m[K’:
[2.674s] [01m[K/home/kgh/ws2/src/yzbot_sensors/bluesea2/src/uart_reader.cpp:154:51:[m[K [01;35m[Kwarning: [m[Kcomparison is always true due to limited range of data type [[01;35m[K-Wtype-limits[m[K]
[2.674s]   154 |       if ((buf[i + j + 8] >= 33 && [01;35m[Kbuf[i + j + 8] <= 127[m[K))
[2.675s]       |                                    [01;35m[K~~~~~~~~~~~~~~~^~~~~~[m[K
[2.676s] [01m[K/home/kgh/ws2/src/yzbot_sensors/bluesea2/src/uart_reader.cpp:[m[K In function ‘[01m[Kbool setup_lidar_uart(HParser, int)[m[K’:
[2.676s] [01m[K/home/kgh/ws2/src/yzbot_sensors/bluesea2/src/uart_reader.cpp:285:7:[m[K [01;35m[Kwarning: [m[Kvariable ‘[01m[Kresult[m[K’ set but not used [[01;35m[K-Wunused-but-set-variable[m[K]
[2.676s]   285 |  char [01;35m[Kresult[m[K[3] = {0};
[2.677s]       |       [01;35m[K^~~~~~[m[K
[2.688s] [01m[K/home/kgh/ws2/src/yzbot_sensors/bluesea2/src/parser.cpp:[m[K In function ‘[01m[Kint autoGetFirstAngle(RawData, bool, std::vector<RawData>&, std::string&)[m[K’:
[2.688s] [01m[K/home/kgh/ws2/src/yzbot_sensors/bluesea2/src/parser.cpp:1385:92:[m[K [01;35m[Kwarning: [m[Kunused parameter ‘[01m[Kresult[m[K’ [[01;35m[K-Wunused-parameter[m[K]
[2.688s]  1385 | int autoGetFirstAngle(RawData raw, bool from_zero, std::vector<RawData> &raws,[01;35m[Kstd::string &result[m[K)
[2.688s]       |                                                                               [01;35m[K~~~~~~~~~~~~~^~~~~~[m[K
[2.709s] [01m[K/home/kgh/ws2/src/yzbot_sensors/bluesea2/src/uart_reader.cpp:[m[K In function ‘[01m[Kbool uart_talk(int, int, const char*, int, const char*, int, char*, int, int)[m[K’:
[2.710s] [01m[K/home/kgh/ws2/src/yzbot_sensors/bluesea2/src/uart_reader.cpp:57:14:[m[K [01;35m[Kwarning: [m[K‘[01m[Kchar* strncpy(char*, const char*, size_t)[m[K’ output truncated before terminating nul copying 2 bytes from a string of the same length [[01;35m[K-Wstringop-truncation[m[K]
[2.710s]    57 |       [01;35m[Kstrncpy(fetch, "OK", 2)[m[K;
[2.710s]       |       [01;35m[K~~~~~~~^~~~~~~~~~~~~~~~[m[K
[2.710s] [01m[K/home/kgh/ws2/src/yzbot_sensors/bluesea2/src/uart_reader.cpp:62:14:[m[K [01;35m[Kwarning: [m[K‘[01m[Kchar* strncpy(char*, const char*, size_t)[m[K’ output truncated before terminating nul copying 2 bytes from a string of the same length [[01;35m[K-Wstringop-truncation[m[K]
[2.710s]    62 |       [01;35m[Kstrncpy(fetch, "NG", 2)[m[K;
[2.710s]       |       [01;35m[K~~~~~~~^~~~~~~~~~~~~~~~[m[K
[2.711s] [01m[K/home/kgh/ws2/src/yzbot_sensors/bluesea2/src/uart_reader.cpp:68:13:[m[K [01;35m[Kwarning: [m[K‘[01m[Kchar* strncpy(char*, const char*, size_t)[m[K’ output truncated before terminating nul copying 2 bytes from a string of the same length [[01;35m[K-Wstringop-truncation[m[K]
[2.711s]    68 |      [01;35m[Kstrncpy(fetch, "OK", 2)[m[K;
[2.711s]       |      [01;35m[K~~~~~~~^~~~~~~~~~~~~~~~[m[K
[5.844s] [ 90%] [32m[1mLinking CXX executable bluesea_node_client[0m
[5.974s] [ 90%] Built target bluesea_node_client
[6.977s] [100%] [32m[1mLinking CXX executable bluesea_node[0m
[7.158s] [100%] Built target bluesea_node
[7.169s] Invoked command in '/home/kgh/ws2/build/bluesea2' returned '0': CMAKE_PREFIX_PATH=${CMAKE_PREFIX_PATH}:/home/kgh/ws2/install/yzbot_description:/home/kgh/ws2/install/yzbot_controller:/home/kgh/ws2/install/nav2_gazebo_spawner:/opt/ros/foxy /usr/bin/cmake --build /home/kgh/ws2/build/bluesea2 -- -j16 -l16
[7.210s] Invoking command in '/home/kgh/ws2/build/bluesea2': CMAKE_PREFIX_PATH=${CMAKE_PREFIX_PATH}:/home/kgh/ws2/install/yzbot_description:/home/kgh/ws2/install/yzbot_controller:/home/kgh/ws2/install/nav2_gazebo_spawner:/opt/ros/foxy /usr/bin/cmake --install /home/kgh/ws2/build/bluesea2
[7.218s] -- Install configuration: ""
[7.218s] -- Installing: /home/kgh/ws2/install/bluesea2/lib/bluesea2/bluesea_node
[7.219s] -- Set runtime path of "/home/kgh/ws2/install/bluesea2/lib/bluesea2/bluesea_node" to ""
[7.219s] -- Installing: /home/kgh/ws2/install/bluesea2/lib/bluesea2/bluesea_node_client
[7.220s] -- Set runtime path of "/home/kgh/ws2/install/bluesea2/lib/bluesea2/bluesea_node_client" to ""
[7.220s] -- Installing: /home/kgh/ws2/install/bluesea2/share/bluesea2/launch
[7.220s] -- Installing: /home/kgh/ws2/install/bluesea2/share/bluesea2/launch/VPC.launch
[7.220s] -- Installing: /home/kgh/ws2/install/bluesea2/share/bluesea2/launch/LDS-50C-R.launch
[7.220s] -- Installing: /home/kgh/ws2/install/bluesea2/share/bluesea2/launch/LDS-50C-C30E.launch
[7.220s] -- Installing: /home/kgh/ws2/install/bluesea2/share/bluesea2/launch/LDS-E330-S.launch
[7.221s] -- Installing: /home/kgh/ws2/install/bluesea2/share/bluesea2/launch/LDS-E310-R.launch
[7.221s] -- Installing: /home/kgh/ws2/install/bluesea2/share/bluesea2/launch/LDS-E320-S.launch
[7.221s] -- Installing: /home/kgh/ws2/install/bluesea2/share/bluesea2/launch/LDS-15D-B25R.launch
[7.221s] -- Installing: /home/kgh/ws2/install/bluesea2/share/bluesea2/launch/LDS-E300-E.launch
[7.221s] -- Installing: /home/kgh/ws2/install/bluesea2/share/bluesea2/launch/LDS-E120-R.launch
[7.221s] -- Installing: /home/kgh/ws2/install/bluesea2/share/bluesea2/launch/LDS-E340-E.launch
[7.221s] -- Installing: /home/kgh/ws2/install/bluesea2/share/bluesea2/launch/LDS-25BDM.launch
[7.221s] -- Installing: /home/kgh/ws2/install/bluesea2/share/bluesea2/launch/LDS-E200-R.launch
[7.221s] -- Installing: /home/kgh/ws2/install/bluesea2/share/bluesea2/launch/LDS-50C-2.launch
[7.221s] -- Installing: /home/kgh/ws2/install/bluesea2/share/bluesea2/launch/LDS-50C-E.launch
[7.221s] -- Installing: /home/kgh/ws2/install/bluesea2/share/bluesea2/launch/LSS-40D-C20E.launch
[7.221s] -- Installing: /home/kgh/ws2/install/bluesea2/share/bluesea2/launch/bluesea.py
[7.222s] -- Installing: /home/kgh/ws2/install/bluesea2/share/bluesea2/launch/test.launch
[7.222s] -- Installing: /home/kgh/ws2/install/bluesea2/share/bluesea2/launch/LDS-E200-E.launch
[7.222s] -- Installing: /home/kgh/ws2/install/bluesea2/share/bluesea2/launch/LDS-25D-B25R .launch
[7.222s] -- Installing: /home/kgh/ws2/install/bluesea2/share/bluesea2/launch/LDS-E340-S.launch
[7.222s] -- Installing: /home/kgh/ws2/install/bluesea2/share/bluesea2/launch/LES-10A-D40U44.launch
[7.222s] -- Installing: /home/kgh/ws2/install/bluesea2/share/bluesea2/launch/LSS-40D-C30E_VPC.launch
[7.222s] -- Installing: /home/kgh/ws2/install/bluesea2/share/bluesea2/launch/LDS-15BDM.launch
[7.222s] -- Installing: /home/kgh/ws2/install/bluesea2/share/bluesea2/launch/LDS-E310-E.launch
[7.222s] -- Installing: /home/kgh/ws2/install/bluesea2/share/bluesea2/launch/LDS-E330-S-R.launch
[7.222s] -- Installing: /home/kgh/ws2/install/bluesea2/share/bluesea2/launch/LSS-40S-B20E44.launch
[7.222s] -- Installing: /home/kgh/ws2/install/bluesea2/share/bluesea2/launch/LDS-E400-E.launch
[7.223s] -- Installing: /home/kgh/ws2/install/bluesea2/share/bluesea2/launch/LDS-E200-A.launch
[7.223s] -- Installing: /home/kgh/ws2/install/bluesea2/share/bluesea2/launch/LDS-50C-C20E.launch
[7.223s] -- Installing: /home/kgh/ws2/install/bluesea2/share/bluesea2/launch/dual_lidar.launch
[7.223s] -- Installing: /home/kgh/ws2/install/bluesea2/share/bluesea2/launch/LSS-40D-C30E.launch
[7.223s] -- Installing: /home/kgh/ws2/install/bluesea2/share/bluesea2/launch/LDS-E100-R.launch
[7.223s] -- Installing: /home/kgh/ws2/install/bluesea2/share/bluesea2/launch/LDS-50C-3.launch
[7.223s] -- Installing: /home/kgh/ws2/install/bluesea2/share/bluesea2/launch/LDS-E300-R.launch
[7.223s] -- Installing: /home/kgh/ws2/install/bluesea2/share/bluesea2/params
[7.223s] -- Installing: /home/kgh/ws2/install/bluesea2/share/bluesea2/params/LDS-E200-E.yaml
[7.223s] -- Installing: /home/kgh/ws2/install/bluesea2/share/bluesea2/params/LSS-10A-C30E44.yaml
[7.223s] -- Installing: /home/kgh/ws2/install/bluesea2/share/bluesea2/params/LDS-E340-S.yaml
[7.224s] -- Installing: /home/kgh/ws2/install/bluesea2/share/bluesea2/params/LDS-25D-B25R.yaml
[7.224s] -- Installing: /home/kgh/ws2/install/bluesea2/share/bluesea2/params/LSS-40D-C30E_VPC.yaml
[7.224s] -- Installing: /home/kgh/ws2/install/bluesea2/share/bluesea2/params/LDS-E330-S-R.yaml
[7.224s] -- Installing: /home/kgh/ws2/install/bluesea2/share/bluesea2/params/LDS-15BDM-2.yaml
[7.224s] -- Installing: /home/kgh/ws2/install/bluesea2/share/bluesea2/params/LDS-E120-R.yaml
[7.224s] -- Installing: /home/kgh/ws2/install/bluesea2/share/bluesea2/params/LSS-40D-C20E_VPC.yaml
[7.224s] -- Installing: /home/kgh/ws2/install/bluesea2/share/bluesea2/params/LSS-40S-B20E44.yaml
[7.224s] -- Installing: /home/kgh/ws2/install/bluesea2/share/bluesea2/params/LDS-50C-C30E.yaml
[7.224s] -- Installing: /home/kgh/ws2/install/bluesea2/share/bluesea2/params/LDS-15D-B25R.yaml
[7.224s] -- Installing: /home/kgh/ws2/install/bluesea2/share/bluesea2/params/LDS-E310-E.yaml
[7.225s] -- Installing: /home/kgh/ws2/install/bluesea2/share/bluesea2/params/LDS-E300-E.yaml
[7.225s] -- Installing: /home/kgh/ws2/install/bluesea2/share/bluesea2/params/LDS-E330-S.yaml
[7.225s] -- Installing: /home/kgh/ws2/install/bluesea2/share/bluesea2/params/LDS-50C-E.yaml
[7.225s] -- Installing: /home/kgh/ws2/install/bluesea2/share/bluesea2/params/LSS-40D-C20E.yaml
[7.225s] -- Installing: /home/kgh/ws2/install/bluesea2/share/bluesea2/params/LDS-E200-A.yaml
[7.225s] -- Installing: /home/kgh/ws2/install/bluesea2/share/bluesea2/params/LDS-25BDM-2.yaml
[7.225s] -- Installing: /home/kgh/ws2/install/bluesea2/share/bluesea2/params/LDS-E200-R.yaml
[7.225s] -- Installing: /home/kgh/ws2/install/bluesea2/share/bluesea2/params/LDS-50C-C30E-R.yaml
[7.225s] -- Installing: /home/kgh/ws2/install/bluesea2/share/bluesea2/params/LDS-E300-R.yaml
[7.225s] -- Installing: /home/kgh/ws2/install/bluesea2/share/bluesea2/params/LDS-E100-R.yaml
[7.225s] -- Installing: /home/kgh/ws2/install/bluesea2/share/bluesea2/params/LDS-E310-R.yaml
[7.226s] -- Installing: /home/kgh/ws2/install/bluesea2/share/bluesea2/params/LSS-40D-C30E.yaml
[7.226s] -- Installing: /home/kgh/ws2/install/bluesea2/share/bluesea2/params/VPC.yaml
[7.226s] -- Installing: /home/kgh/ws2/install/bluesea2/share/bluesea2/params/LDS-E400-E.yaml
[7.226s] -- Installing: /home/kgh/ws2/install/bluesea2/share/bluesea2/params/LDS-50C-R.yaml
[7.226s] -- Installing: /home/kgh/ws2/install/bluesea2/share/bluesea2/params/LDS-E340-E.yaml
[7.226s] -- Installing: /home/kgh/ws2/install/bluesea2/share/bluesea2/params/LDS-50C-3.yaml
[7.226s] -- Installing: /home/kgh/ws2/install/bluesea2/share/bluesea2/params/LDS-50C-2.yaml
[7.226s] -- Installing: /home/kgh/ws2/install/bluesea2/share/bluesea2/params/LDS-E321-S.yaml
[7.226s] -- Installing: /home/kgh/ws2/install/bluesea2/share/bluesea2/params/dual_lidar.yaml
[7.226s] -- Installing: /home/kgh/ws2/install/bluesea2/share/bluesea2/params/LDS-50C-C20E.yaml
[7.226s] -- Installing: /home/kgh/ws2/install/bluesea2/share/bluesea2/params/LDS-E340-E-R.yaml
[7.227s] -- Installing: /home/kgh/ws2/install/bluesea2/share/bluesea2/params/LDS-E320-S.yaml
[7.227s] -- Installing: /home/kgh/ws2/install/bluesea2/share/ament_index/resource_index/package_run_dependencies/bluesea2
[7.227s] -- Installing: /home/kgh/ws2/install/bluesea2/share/ament_index/resource_index/parent_prefix_path/bluesea2
[7.227s] -- Installing: /home/kgh/ws2/install/bluesea2/share/bluesea2/environment/ament_prefix_path.sh
[7.227s] -- Installing: /home/kgh/ws2/install/bluesea2/share/bluesea2/environment/ament_prefix_path.dsv
[7.227s] -- Installing: /home/kgh/ws2/install/bluesea2/share/bluesea2/environment/path.sh
[7.227s] -- Installing: /home/kgh/ws2/install/bluesea2/share/bluesea2/environment/path.dsv
[7.227s] -- Installing: /home/kgh/ws2/install/bluesea2/share/bluesea2/local_setup.bash
[7.227s] -- Installing: /home/kgh/ws2/install/bluesea2/share/bluesea2/local_setup.sh
[7.227s] -- Installing: /home/kgh/ws2/install/bluesea2/share/bluesea2/local_setup.zsh
[7.227s] -- Installing: /home/kgh/ws2/install/bluesea2/share/bluesea2/local_setup.dsv
[7.228s] -- Installing: /home/kgh/ws2/install/bluesea2/share/bluesea2/package.dsv
[7.228s] -- Installing: /home/kgh/ws2/install/bluesea2/share/ament_index/resource_index/packages/bluesea2
[7.228s] -- Installing: /home/kgh/ws2/install/bluesea2/share/bluesea2/cmake/bluesea2Config.cmake
[7.228s] -- Installing: /home/kgh/ws2/install/bluesea2/share/bluesea2/cmake/bluesea2Config-version.cmake
[7.228s] -- Installing: /home/kgh/ws2/install/bluesea2/share/bluesea2/package.xml
[7.229s] Invoked command in '/home/kgh/ws2/build/bluesea2' returned '0': CMAKE_PREFIX_PATH=${CMAKE_PREFIX_PATH}:/home/kgh/ws2/install/yzbot_description:/home/kgh/ws2/install/yzbot_controller:/home/kgh/ws2/install/nav2_gazebo_spawner:/opt/ros/foxy /usr/bin/cmake --install /home/kgh/ws2/build/bluesea2
