[0.320s] Invoking command in '/home/kgh/ws2/build/dwb_plugins': CMAKE_PREFIX_PATH=/home/kgh/ws2/install/dwb_core:/home/kgh/ws2/install/nav2_core:/home/kgh/ws2/install/nav2_costmap_2d:/home/kgh/ws2/install/nav_2d_utils:/home/kgh/ws2/install/nav2_util:/home/kgh/ws2/install/nav2_voxel_grid:/home/kgh/ws2/install/nav2_msgs:/home/kgh/ws2/install/dwb_msgs:/home/kgh/ws2/install/nav_2d_msgs:/home/kgh/ws2/install/nav2_common:/home/kgh/ws2/install/yzbot_nav2:/home/kgh/ws2/install/yzbot_cartographer:/home/kgh/ws2/install/nav2_system_tests:/home/kgh/ws2/install/nav2_bringup:/home/kgh/ws2/install/navigation2:/home/kgh/ws2/install/smac_planner:/home/kgh/ws2/install/nav2_dwb_controller:/home/kgh/ws2/install/nav2_controller:/home/kgh/ws2/install/dwb_plugins:/home/kgh/ws2/install/dwb_critics:/home/kgh/ws2/install/nav2_waypoint_follower:/home/kgh/ws2/install/nav2_regulated_pure_pursuit_controller:/home/kgh/ws2/install/nav2_recoveries:/home/kgh/ws2/install/nav2_planner:/home/kgh/ws2/install/nav2_navfn_planner:/home/kgh/ws2/install/costmap_queue:/home/kgh/ws2/install/nav2_rviz_plugins:/home/kgh/ws2/install/nav2_map_server:/home/kgh/ws2/install/nav2_lifecycle_manager:/home/kgh/ws2/install/nav2_bt_navigator:/home/kgh/ws2/install/nav2_behavior_tree:/home/kgh/ws2/install/nav2_amcl:/home/kgh/ws2/install/bluesea2:/home/kgh/ws2/install/yzbot_description:/home/kgh/ws2/install/yzbot_controller:/home/kgh/ws2/install/nav2_gazebo_spawner:/opt/ros/foxy LD_LIBRARY_PATH=/home/kgh/ws2/install/dwb_core/lib:/home/kgh/ws2/install/nav2_costmap_2d/lib:/home/kgh/ws2/install/nav_2d_utils/lib:/home/kgh/ws2/install/nav2_util/lib:/home/kgh/ws2/install/nav2_voxel_grid/lib:/home/kgh/ws2/install/nav2_msgs/lib:/home/kgh/ws2/install/dwb_msgs/lib:/home/kgh/ws2/install/nav_2d_msgs/lib:/home/kgh/ws2/install/smac_planner/lib:/home/kgh/ws2/install/nav2_controller/lib:/home/kgh/ws2/install/dwb_plugins/lib:/home/kgh/ws2/install/dwb_critics/lib:/home/kgh/ws2/install/nav2_waypoint_follower/lib:/home/kgh/ws2/install/nav2_regulated_pure_pursuit_controller/lib:/home/kgh/ws2/install/nav2_recoveries/lib:/home/kgh/ws2/install/nav2_planner/lib:/home/kgh/ws2/install/nav2_navfn_planner/lib:/home/kgh/ws2/install/costmap_queue/lib:/home/kgh/ws2/install/nav2_rviz_plugins/lib:/home/kgh/ws2/install/nav2_map_server/lib:/home/kgh/ws2/install/nav2_lifecycle_manager/lib:/home/kgh/ws2/install/nav2_bt_navigator/lib:/home/kgh/ws2/install/nav2_behavior_tree/lib:/home/kgh/ws2/install/nav2_amcl/lib:/usr/lib/x86_64-linux-gnu/gazebo-11/plugins:/opt/ros/foxy/opt/yaml_cpp_vendor/lib:/opt/ros/foxy/opt/rviz_ogre_vendor/lib:/opt/ros/foxy/lib/x86_64-linux-gnu:/opt/ros/foxy/lib PYTHONPATH=/home/kgh/ws2/install/nav2_msgs/lib/python3.8/site-packages:/home/kgh/ws2/install/dwb_msgs/lib/python3.8/site-packages:/home/kgh/ws2/install/nav_2d_msgs/lib/python3.8/site-packages:/home/kgh/ws2/install/nav2_common/lib/python3.8/site-packages:/home/kgh/ws2/install/yzbot_description/lib/python3.8/site-packages:/home/kgh/ws2/install/yzbot_controller/lib/python3.8/site-packages:/home/kgh/ws2/install/nav2_gazebo_spawner/lib/python3.8/site-packages:/opt/ros/foxy/lib/python3.8/site-packages /usr/bin/cmake /home/kgh/ws2/src/navigation2/nav2_dwb_controller/dwb_plugins -DCMAKE_INSTALL_PREFIX=/home/kgh/ws2/install/dwb_plugins
[0.422s] -- The C compiler identification is GNU 9.4.0
[0.509s] -- The CXX compiler identification is GNU 9.4.0
[0.519s] -- Check for working C compiler: /usr/bin/cc
[0.640s] -- Check for working C compiler: /usr/bin/cc -- works
[0.642s] -- Detecting C compiler ABI info
[0.764s] -- Detecting C compiler ABI info - done
[0.784s] -- Detecting C compile features
[0.785s] -- Detecting C compile features - done
[0.789s] -- Check for working CXX compiler: /usr/bin/c++
[0.928s] -- Check for working CXX compiler: /usr/bin/c++ -- works
[0.929s] -- Detecting CXX compiler ABI info
[1.066s] -- Detecting CXX compiler ABI info - done
[1.079s] -- Detecting CXX compile features
[1.080s] -- Detecting CXX compile features - done
[1.084s] -- Found ament_cmake: 0.9.12 (/opt/ros/foxy/share/ament_cmake/cmake)
[1.123s] -- Found PythonInterp: /usr/bin/python3 (found suitable version "3.8.10", minimum required is "3") 
[1.123s] -- Using PYTHON_EXECUTABLE: /usr/bin/python3
[1.451s] -- Found nav2_common: 0.4.7 (/home/kgh/ws2/install/nav2_common/share/nav2_common/cmake)
[1.455s] -- Found angles: 1.12.6 (/opt/ros/foxy/share/angles/cmake)
[1.457s] -- Found dwb_core: 0.4.7 (/home/kgh/ws2/install/dwb_core/share/dwb_core/cmake)
[1.557s] -- Using all available rosidl_typesupport_c: rosidl_typesupport_fastrtps_c;rosidl_typesupport_introspection_c
[1.574s] -- Found rosidl_adapter: 1.3.1 (/opt/ros/foxy/share/rosidl_adapter/cmake)
[1.701s] -- Found OpenSSL: /usr/lib/x86_64-linux-gnu/libcrypto.so (found version "1.1.1f")  
[1.756s] -- Found FastRTPS: /opt/ros/foxy/include  
[1.917s] -- Using all available rosidl_typesupport_cpp: rosidl_typesupport_fastrtps_cpp;rosidl_typesupport_introspection_cpp
[2.041s] -- Found rmw_implementation_cmake: 1.0.4 (/opt/ros/foxy/share/rmw_implementation_cmake/cmake)
[2.046s] -- Using RMW implementation 'rmw_fastrtps_cpp' as default
[2.048s] -- Looking for pthread.h
[2.173s] -- Looking for pthread.h - found
[2.173s] -- Performing Test CMAKE_HAVE_LIBC_PTHREAD
[2.300s] -- Performing Test CMAKE_HAVE_LIBC_PTHREAD - Failed
[2.300s] -- Looking for pthread_create in pthreads
[2.384s] -- Looking for pthread_create in pthreads - not found
[2.384s] -- Looking for pthread_create in pthread
[2.512s] -- Looking for pthread_create in pthread - found
[2.513s] -- Found Threads: TRUE  
[4.775s] -- Found Eigen3: TRUE (found version "3.3.7") 
[9.186s] -- Setting build type to Release as none was specified.
[13.956s] -- Found ament_lint_auto: 0.9.8 (/opt/ros/foxy/share/ament_lint_auto/cmake)
[14.191s] -- Found gtest sources under '/opt/ros/foxy/src/gtest_vendor': C++ tests using 'Google Test' will be built
[14.196s] -- Check if compiler accepts -pthread
[14.382s] -- Check if compiler accepts -pthread - yes
[14.404s] -- Added test 'cppcheck' to perform static code analysis on C / C++ code
[14.404s] -- Configured cppcheck include dirs: /home/kgh/ws2/src/navigation2/nav2_dwb_controller/dwb_plugins/include
[14.405s] -- Configured cppcheck exclude dirs and/or files: 
[14.408s] -- Added test 'cpplint' to check C / C++ code against the Google style
[14.408s] -- Configured cpplint exclude dirs and/or files: 
[14.411s] -- Added test 'lint_cmake' to check CMake code style
[14.415s] -- Added test 'uncrustify' to check C / C++ code style
[14.415s] -- Configured uncrustify additional arguments: 
[14.417s] -- Added test 'xmllint' to check XML markup files
[14.431s] -- Configuring done
[14.608s] -- Generating done
[14.613s] -- Build files have been written to: /home/kgh/ws2/build/dwb_plugins
[14.665s] Invoked command in '/home/kgh/ws2/build/dwb_plugins' returned '0': CMAKE_PREFIX_PATH=/home/kgh/ws2/install/dwb_core:/home/kgh/ws2/install/nav2_core:/home/kgh/ws2/install/nav2_costmap_2d:/home/kgh/ws2/install/nav_2d_utils:/home/kgh/ws2/install/nav2_util:/home/kgh/ws2/install/nav2_voxel_grid:/home/kgh/ws2/install/nav2_msgs:/home/kgh/ws2/install/dwb_msgs:/home/kgh/ws2/install/nav_2d_msgs:/home/kgh/ws2/install/nav2_common:/home/kgh/ws2/install/yzbot_nav2:/home/kgh/ws2/install/yzbot_cartographer:/home/kgh/ws2/install/nav2_system_tests:/home/kgh/ws2/install/nav2_bringup:/home/kgh/ws2/install/navigation2:/home/kgh/ws2/install/smac_planner:/home/kgh/ws2/install/nav2_dwb_controller:/home/kgh/ws2/install/nav2_controller:/home/kgh/ws2/install/dwb_plugins:/home/kgh/ws2/install/dwb_critics:/home/kgh/ws2/install/nav2_waypoint_follower:/home/kgh/ws2/install/nav2_regulated_pure_pursuit_controller:/home/kgh/ws2/install/nav2_recoveries:/home/kgh/ws2/install/nav2_planner:/home/kgh/ws2/install/nav2_navfn_planner:/home/kgh/ws2/install/costmap_queue:/home/kgh/ws2/install/nav2_rviz_plugins:/home/kgh/ws2/install/nav2_map_server:/home/kgh/ws2/install/nav2_lifecycle_manager:/home/kgh/ws2/install/nav2_bt_navigator:/home/kgh/ws2/install/nav2_behavior_tree:/home/kgh/ws2/install/nav2_amcl:/home/kgh/ws2/install/bluesea2:/home/kgh/ws2/install/yzbot_description:/home/kgh/ws2/install/yzbot_controller:/home/kgh/ws2/install/nav2_gazebo_spawner:/opt/ros/foxy LD_LIBRARY_PATH=/home/kgh/ws2/install/dwb_core/lib:/home/kgh/ws2/install/nav2_costmap_2d/lib:/home/kgh/ws2/install/nav_2d_utils/lib:/home/kgh/ws2/install/nav2_util/lib:/home/kgh/ws2/install/nav2_voxel_grid/lib:/home/kgh/ws2/install/nav2_msgs/lib:/home/kgh/ws2/install/dwb_msgs/lib:/home/kgh/ws2/install/nav_2d_msgs/lib:/home/kgh/ws2/install/smac_planner/lib:/home/kgh/ws2/install/nav2_controller/lib:/home/kgh/ws2/install/dwb_plugins/lib:/home/kgh/ws2/install/dwb_critics/lib:/home/kgh/ws2/install/nav2_waypoint_follower/lib:/home/kgh/ws2/install/nav2_regulated_pure_pursuit_controller/lib:/home/kgh/ws2/install/nav2_recoveries/lib:/home/kgh/ws2/install/nav2_planner/lib:/home/kgh/ws2/install/nav2_navfn_planner/lib:/home/kgh/ws2/install/costmap_queue/lib:/home/kgh/ws2/install/nav2_rviz_plugins/lib:/home/kgh/ws2/install/nav2_map_server/lib:/home/kgh/ws2/install/nav2_lifecycle_manager/lib:/home/kgh/ws2/install/nav2_bt_navigator/lib:/home/kgh/ws2/install/nav2_behavior_tree/lib:/home/kgh/ws2/install/nav2_amcl/lib:/usr/lib/x86_64-linux-gnu/gazebo-11/plugins:/opt/ros/foxy/opt/yaml_cpp_vendor/lib:/opt/ros/foxy/opt/rviz_ogre_vendor/lib:/opt/ros/foxy/lib/x86_64-linux-gnu:/opt/ros/foxy/lib PYTHONPATH=/home/kgh/ws2/install/nav2_msgs/lib/python3.8/site-packages:/home/kgh/ws2/install/dwb_msgs/lib/python3.8/site-packages:/home/kgh/ws2/install/nav_2d_msgs/lib/python3.8/site-packages:/home/kgh/ws2/install/nav2_common/lib/python3.8/site-packages:/home/kgh/ws2/install/yzbot_description/lib/python3.8/site-packages:/home/kgh/ws2/install/yzbot_controller/lib/python3.8/site-packages:/home/kgh/ws2/install/nav2_gazebo_spawner/lib/python3.8/site-packages:/opt/ros/foxy/lib/python3.8/site-packages /usr/bin/cmake /home/kgh/ws2/src/navigation2/nav2_dwb_controller/dwb_plugins -DCMAKE_INSTALL_PREFIX=/home/kgh/ws2/install/dwb_plugins
[14.666s] Invoking command in '/home/kgh/ws2/build/dwb_plugins': CMAKE_PREFIX_PATH=/home/kgh/ws2/install/dwb_core:/home/kgh/ws2/install/nav2_core:/home/kgh/ws2/install/nav2_costmap_2d:/home/kgh/ws2/install/nav_2d_utils:/home/kgh/ws2/install/nav2_util:/home/kgh/ws2/install/nav2_voxel_grid:/home/kgh/ws2/install/nav2_msgs:/home/kgh/ws2/install/dwb_msgs:/home/kgh/ws2/install/nav_2d_msgs:/home/kgh/ws2/install/nav2_common:/home/kgh/ws2/install/yzbot_nav2:/home/kgh/ws2/install/yzbot_cartographer:/home/kgh/ws2/install/nav2_system_tests:/home/kgh/ws2/install/nav2_bringup:/home/kgh/ws2/install/navigation2:/home/kgh/ws2/install/smac_planner:/home/kgh/ws2/install/nav2_dwb_controller:/home/kgh/ws2/install/nav2_controller:/home/kgh/ws2/install/dwb_plugins:/home/kgh/ws2/install/dwb_critics:/home/kgh/ws2/install/nav2_waypoint_follower:/home/kgh/ws2/install/nav2_regulated_pure_pursuit_controller:/home/kgh/ws2/install/nav2_recoveries:/home/kgh/ws2/install/nav2_planner:/home/kgh/ws2/install/nav2_navfn_planner:/home/kgh/ws2/install/costmap_queue:/home/kgh/ws2/install/nav2_rviz_plugins:/home/kgh/ws2/install/nav2_map_server:/home/kgh/ws2/install/nav2_lifecycle_manager:/home/kgh/ws2/install/nav2_bt_navigator:/home/kgh/ws2/install/nav2_behavior_tree:/home/kgh/ws2/install/nav2_amcl:/home/kgh/ws2/install/bluesea2:/home/kgh/ws2/install/yzbot_description:/home/kgh/ws2/install/yzbot_controller:/home/kgh/ws2/install/nav2_gazebo_spawner:/opt/ros/foxy LD_LIBRARY_PATH=/home/kgh/ws2/install/dwb_core/lib:/home/kgh/ws2/install/nav2_costmap_2d/lib:/home/kgh/ws2/install/nav_2d_utils/lib:/home/kgh/ws2/install/nav2_util/lib:/home/kgh/ws2/install/nav2_voxel_grid/lib:/home/kgh/ws2/install/nav2_msgs/lib:/home/kgh/ws2/install/dwb_msgs/lib:/home/kgh/ws2/install/nav_2d_msgs/lib:/home/kgh/ws2/install/smac_planner/lib:/home/kgh/ws2/install/nav2_controller/lib:/home/kgh/ws2/install/dwb_plugins/lib:/home/kgh/ws2/install/dwb_critics/lib:/home/kgh/ws2/install/nav2_waypoint_follower/lib:/home/kgh/ws2/install/nav2_regulated_pure_pursuit_controller/lib:/home/kgh/ws2/install/nav2_recoveries/lib:/home/kgh/ws2/install/nav2_planner/lib:/home/kgh/ws2/install/nav2_navfn_planner/lib:/home/kgh/ws2/install/costmap_queue/lib:/home/kgh/ws2/install/nav2_rviz_plugins/lib:/home/kgh/ws2/install/nav2_map_server/lib:/home/kgh/ws2/install/nav2_lifecycle_manager/lib:/home/kgh/ws2/install/nav2_bt_navigator/lib:/home/kgh/ws2/install/nav2_behavior_tree/lib:/home/kgh/ws2/install/nav2_amcl/lib:/usr/lib/x86_64-linux-gnu/gazebo-11/plugins:/opt/ros/foxy/opt/yaml_cpp_vendor/lib:/opt/ros/foxy/opt/rviz_ogre_vendor/lib:/opt/ros/foxy/lib/x86_64-linux-gnu:/opt/ros/foxy/lib PYTHONPATH=/home/kgh/ws2/install/nav2_msgs/lib/python3.8/site-packages:/home/kgh/ws2/install/dwb_msgs/lib/python3.8/site-packages:/home/kgh/ws2/install/nav_2d_msgs/lib/python3.8/site-packages:/home/kgh/ws2/install/nav2_common/lib/python3.8/site-packages:/home/kgh/ws2/install/yzbot_description/lib/python3.8/site-packages:/home/kgh/ws2/install/yzbot_controller/lib/python3.8/site-packages:/home/kgh/ws2/install/nav2_gazebo_spawner/lib/python3.8/site-packages:/opt/ros/foxy/lib/python3.8/site-packages /usr/bin/cmake --build /home/kgh/ws2/build/dwb_plugins -- -j16 -l16
[14.749s] [35m[1mScanning dependencies of target gtest[0m
[14.749s] [35m[1mScanning dependencies of target standard_traj_generator[0m
[14.751s] [35m[1mScanning dependencies of target gtest_main[0m
[14.787s] [  7%] [32mBuilding CXX object gtest/CMakeFiles/gtest_main.dir/src/gtest_main.cc.o[0m
[14.800s] [ 15%] [32mBuilding CXX object gtest/CMakeFiles/gtest.dir/src/gtest-all.cc.o[0m
[14.863s] [ 23%] [32mBuilding CXX object CMakeFiles/standard_traj_generator.dir/src/limited_accel_generator.cpp.o[0m
[14.871s] [ 30%] [32mBuilding CXX object CMakeFiles/standard_traj_generator.dir/src/kinematic_parameters.cpp.o[0m
[14.884s] [ 38%] [32mBuilding CXX object CMakeFiles/standard_traj_generator.dir/src/standard_traj_generator.cpp.o[0m
[14.891s] [ 46%] [32mBuilding CXX object CMakeFiles/standard_traj_generator.dir/src/xy_theta_iterator.cpp.o[0m
[16.193s] [ 53%] [32m[1mLinking CXX static library libgtest_main.a[0m
[16.263s] [ 53%] Built target gtest_main
[27.093s] [ 61%] [32m[1mLinking CXX shared library libstandard_traj_generator.so[0m
[27.324s] [ 61%] Built target standard_traj_generator
[27.675s] [ 69%] [32m[1mLinking CXX static library libgtest.a[0m
[27.725s] [ 69%] Built target gtest
[27.741s] [35m[1mScanning dependencies of target twist_gen_test[0m
[27.743s] [35m[1mScanning dependencies of target vtest[0m
[27.761s] [ 76%] [32mBuilding CXX object test/CMakeFiles/vtest.dir/velocity_iterator_test.cpp.o[0m
[27.794s] [ 84%] [32mBuilding CXX object test/CMakeFiles/twist_gen_test.dir/twist_gen.cpp.o[0m
[28.873s] [ 92%] [32m[1mLinking CXX executable vtest[0m
[28.966s] [ 92%] Built target vtest
[32.115s] [100%] [32m[1mLinking CXX executable twist_gen_test[0m
[32.413s] [100%] Built target twist_gen_test
[32.428s] Invoked command in '/home/kgh/ws2/build/dwb_plugins' returned '0': CMAKE_PREFIX_PATH=/home/kgh/ws2/install/dwb_core:/home/kgh/ws2/install/nav2_core:/home/kgh/ws2/install/nav2_costmap_2d:/home/kgh/ws2/install/nav_2d_utils:/home/kgh/ws2/install/nav2_util:/home/kgh/ws2/install/nav2_voxel_grid:/home/kgh/ws2/install/nav2_msgs:/home/kgh/ws2/install/dwb_msgs:/home/kgh/ws2/install/nav_2d_msgs:/home/kgh/ws2/install/nav2_common:/home/kgh/ws2/install/yzbot_nav2:/home/kgh/ws2/install/yzbot_cartographer:/home/kgh/ws2/install/nav2_system_tests:/home/kgh/ws2/install/nav2_bringup:/home/kgh/ws2/install/navigation2:/home/kgh/ws2/install/smac_planner:/home/kgh/ws2/install/nav2_dwb_controller:/home/kgh/ws2/install/nav2_controller:/home/kgh/ws2/install/dwb_plugins:/home/kgh/ws2/install/dwb_critics:/home/kgh/ws2/install/nav2_waypoint_follower:/home/kgh/ws2/install/nav2_regulated_pure_pursuit_controller:/home/kgh/ws2/install/nav2_recoveries:/home/kgh/ws2/install/nav2_planner:/home/kgh/ws2/install/nav2_navfn_planner:/home/kgh/ws2/install/costmap_queue:/home/kgh/ws2/install/nav2_rviz_plugins:/home/kgh/ws2/install/nav2_map_server:/home/kgh/ws2/install/nav2_lifecycle_manager:/home/kgh/ws2/install/nav2_bt_navigator:/home/kgh/ws2/install/nav2_behavior_tree:/home/kgh/ws2/install/nav2_amcl:/home/kgh/ws2/install/bluesea2:/home/kgh/ws2/install/yzbot_description:/home/kgh/ws2/install/yzbot_controller:/home/kgh/ws2/install/nav2_gazebo_spawner:/opt/ros/foxy LD_LIBRARY_PATH=/home/kgh/ws2/install/dwb_core/lib:/home/kgh/ws2/install/nav2_costmap_2d/lib:/home/kgh/ws2/install/nav_2d_utils/lib:/home/kgh/ws2/install/nav2_util/lib:/home/kgh/ws2/install/nav2_voxel_grid/lib:/home/kgh/ws2/install/nav2_msgs/lib:/home/kgh/ws2/install/dwb_msgs/lib:/home/kgh/ws2/install/nav_2d_msgs/lib:/home/kgh/ws2/install/smac_planner/lib:/home/kgh/ws2/install/nav2_controller/lib:/home/kgh/ws2/install/dwb_plugins/lib:/home/kgh/ws2/install/dwb_critics/lib:/home/kgh/ws2/install/nav2_waypoint_follower/lib:/home/kgh/ws2/install/nav2_regulated_pure_pursuit_controller/lib:/home/kgh/ws2/install/nav2_recoveries/lib:/home/kgh/ws2/install/nav2_planner/lib:/home/kgh/ws2/install/nav2_navfn_planner/lib:/home/kgh/ws2/install/costmap_queue/lib:/home/kgh/ws2/install/nav2_rviz_plugins/lib:/home/kgh/ws2/install/nav2_map_server/lib:/home/kgh/ws2/install/nav2_lifecycle_manager/lib:/home/kgh/ws2/install/nav2_bt_navigator/lib:/home/kgh/ws2/install/nav2_behavior_tree/lib:/home/kgh/ws2/install/nav2_amcl/lib:/usr/lib/x86_64-linux-gnu/gazebo-11/plugins:/opt/ros/foxy/opt/yaml_cpp_vendor/lib:/opt/ros/foxy/opt/rviz_ogre_vendor/lib:/opt/ros/foxy/lib/x86_64-linux-gnu:/opt/ros/foxy/lib PYTHONPATH=/home/kgh/ws2/install/nav2_msgs/lib/python3.8/site-packages:/home/kgh/ws2/install/dwb_msgs/lib/python3.8/site-packages:/home/kgh/ws2/install/nav_2d_msgs/lib/python3.8/site-packages:/home/kgh/ws2/install/nav2_common/lib/python3.8/site-packages:/home/kgh/ws2/install/yzbot_description/lib/python3.8/site-packages:/home/kgh/ws2/install/yzbot_controller/lib/python3.8/site-packages:/home/kgh/ws2/install/nav2_gazebo_spawner/lib/python3.8/site-packages:/opt/ros/foxy/lib/python3.8/site-packages /usr/bin/cmake --build /home/kgh/ws2/build/dwb_plugins -- -j16 -l16
[32.478s] Invoking command in '/home/kgh/ws2/build/dwb_plugins': CMAKE_PREFIX_PATH=/home/kgh/ws2/install/dwb_core:/home/kgh/ws2/install/nav2_core:/home/kgh/ws2/install/nav2_costmap_2d:/home/kgh/ws2/install/nav_2d_utils:/home/kgh/ws2/install/nav2_util:/home/kgh/ws2/install/nav2_voxel_grid:/home/kgh/ws2/install/nav2_msgs:/home/kgh/ws2/install/dwb_msgs:/home/kgh/ws2/install/nav_2d_msgs:/home/kgh/ws2/install/nav2_common:/home/kgh/ws2/install/yzbot_nav2:/home/kgh/ws2/install/yzbot_cartographer:/home/kgh/ws2/install/nav2_system_tests:/home/kgh/ws2/install/nav2_bringup:/home/kgh/ws2/install/navigation2:/home/kgh/ws2/install/smac_planner:/home/kgh/ws2/install/nav2_dwb_controller:/home/kgh/ws2/install/nav2_controller:/home/kgh/ws2/install/dwb_plugins:/home/kgh/ws2/install/dwb_critics:/home/kgh/ws2/install/nav2_waypoint_follower:/home/kgh/ws2/install/nav2_regulated_pure_pursuit_controller:/home/kgh/ws2/install/nav2_recoveries:/home/kgh/ws2/install/nav2_planner:/home/kgh/ws2/install/nav2_navfn_planner:/home/kgh/ws2/install/costmap_queue:/home/kgh/ws2/install/nav2_rviz_plugins:/home/kgh/ws2/install/nav2_map_server:/home/kgh/ws2/install/nav2_lifecycle_manager:/home/kgh/ws2/install/nav2_bt_navigator:/home/kgh/ws2/install/nav2_behavior_tree:/home/kgh/ws2/install/nav2_amcl:/home/kgh/ws2/install/bluesea2:/home/kgh/ws2/install/yzbot_description:/home/kgh/ws2/install/yzbot_controller:/home/kgh/ws2/install/nav2_gazebo_spawner:/opt/ros/foxy LD_LIBRARY_PATH=/home/kgh/ws2/install/dwb_core/lib:/home/kgh/ws2/install/nav2_costmap_2d/lib:/home/kgh/ws2/install/nav_2d_utils/lib:/home/kgh/ws2/install/nav2_util/lib:/home/kgh/ws2/install/nav2_voxel_grid/lib:/home/kgh/ws2/install/nav2_msgs/lib:/home/kgh/ws2/install/dwb_msgs/lib:/home/kgh/ws2/install/nav_2d_msgs/lib:/home/kgh/ws2/install/smac_planner/lib:/home/kgh/ws2/install/nav2_controller/lib:/home/kgh/ws2/install/dwb_plugins/lib:/home/kgh/ws2/install/dwb_critics/lib:/home/kgh/ws2/install/nav2_waypoint_follower/lib:/home/kgh/ws2/install/nav2_regulated_pure_pursuit_controller/lib:/home/kgh/ws2/install/nav2_recoveries/lib:/home/kgh/ws2/install/nav2_planner/lib:/home/kgh/ws2/install/nav2_navfn_planner/lib:/home/kgh/ws2/install/costmap_queue/lib:/home/kgh/ws2/install/nav2_rviz_plugins/lib:/home/kgh/ws2/install/nav2_map_server/lib:/home/kgh/ws2/install/nav2_lifecycle_manager/lib:/home/kgh/ws2/install/nav2_bt_navigator/lib:/home/kgh/ws2/install/nav2_behavior_tree/lib:/home/kgh/ws2/install/nav2_amcl/lib:/usr/lib/x86_64-linux-gnu/gazebo-11/plugins:/opt/ros/foxy/opt/yaml_cpp_vendor/lib:/opt/ros/foxy/opt/rviz_ogre_vendor/lib:/opt/ros/foxy/lib/x86_64-linux-gnu:/opt/ros/foxy/lib PYTHONPATH=/home/kgh/ws2/install/nav2_msgs/lib/python3.8/site-packages:/home/kgh/ws2/install/dwb_msgs/lib/python3.8/site-packages:/home/kgh/ws2/install/nav_2d_msgs/lib/python3.8/site-packages:/home/kgh/ws2/install/nav2_common/lib/python3.8/site-packages:/home/kgh/ws2/install/yzbot_description/lib/python3.8/site-packages:/home/kgh/ws2/install/yzbot_controller/lib/python3.8/site-packages:/home/kgh/ws2/install/nav2_gazebo_spawner/lib/python3.8/site-packages:/opt/ros/foxy/lib/python3.8/site-packages /usr/bin/cmake --install /home/kgh/ws2/build/dwb_plugins
[32.491s] -- Install configuration: "Release"
[32.491s] -- Installing: /home/kgh/ws2/install/dwb_plugins/lib/libstandard_traj_generator.so
[32.492s] -- Set runtime path of "/home/kgh/ws2/install/dwb_plugins/lib/libstandard_traj_generator.so" to ""
[32.492s] -- Installing: /home/kgh/ws2/install/dwb_plugins/include/
[32.492s] -- Installing: /home/kgh/ws2/install/dwb_plugins/include//dwb_plugins
[32.492s] -- Installing: /home/kgh/ws2/install/dwb_plugins/include//dwb_plugins/one_d_velocity_iterator.hpp
[32.493s] -- Installing: /home/kgh/ws2/install/dwb_plugins/include//dwb_plugins/limited_accel_generator.hpp
[32.493s] -- Installing: /home/kgh/ws2/install/dwb_plugins/include//dwb_plugins/standard_traj_generator.hpp
[32.493s] -- Installing: /home/kgh/ws2/install/dwb_plugins/include//dwb_plugins/kinematic_parameters.hpp
[32.493s] -- Installing: /home/kgh/ws2/install/dwb_plugins/include//dwb_plugins/xy_theta_iterator.hpp
[32.493s] -- Installing: /home/kgh/ws2/install/dwb_plugins/include//dwb_plugins/velocity_iterator.hpp
[32.493s] -- Installing: /home/kgh/ws2/install/dwb_plugins/share/dwb_plugins/plugins.xml
[32.494s] -- Installing: /home/kgh/ws2/install/dwb_plugins/share/dwb_plugins/environment/library_path.sh
[32.494s] -- Installing: /home/kgh/ws2/install/dwb_plugins/share/dwb_plugins/environment/library_path.dsv
[32.494s] -- Up-to-date: /home/kgh/ws2/install/dwb_plugins/share/dwb_plugins/plugins.xml
[32.494s] -- Installing: /home/kgh/ws2/install/dwb_plugins/share/ament_index/resource_index/package_run_dependencies/dwb_plugins
[32.494s] -- Installing: /home/kgh/ws2/install/dwb_plugins/share/ament_index/resource_index/parent_prefix_path/dwb_plugins
[32.494s] -- Installing: /home/kgh/ws2/install/dwb_plugins/share/dwb_plugins/environment/ament_prefix_path.sh
[32.494s] -- Installing: /home/kgh/ws2/install/dwb_plugins/share/dwb_plugins/environment/ament_prefix_path.dsv
[32.495s] -- Installing: /home/kgh/ws2/install/dwb_plugins/share/dwb_plugins/environment/path.sh
[32.495s] -- Installing: /home/kgh/ws2/install/dwb_plugins/share/dwb_plugins/environment/path.dsv
[32.495s] -- Installing: /home/kgh/ws2/install/dwb_plugins/share/dwb_plugins/local_setup.bash
[32.495s] -- Installing: /home/kgh/ws2/install/dwb_plugins/share/dwb_plugins/local_setup.sh
[32.495s] -- Installing: /home/kgh/ws2/install/dwb_plugins/share/dwb_plugins/local_setup.zsh
[32.495s] -- Installing: /home/kgh/ws2/install/dwb_plugins/share/dwb_plugins/local_setup.dsv
[32.496s] -- Installing: /home/kgh/ws2/install/dwb_plugins/share/dwb_plugins/package.dsv
[32.496s] -- Installing: /home/kgh/ws2/install/dwb_plugins/share/ament_index/resource_index/packages/dwb_plugins
[32.496s] -- Installing: /home/kgh/ws2/install/dwb_plugins/share/ament_index/resource_index/dwb_core__pluginlib__plugin/dwb_plugins
[32.496s] -- Installing: /home/kgh/ws2/install/dwb_plugins/share/dwb_plugins/cmake/ament_cmake_export_include_directories-extras.cmake
[32.496s] -- Installing: /home/kgh/ws2/install/dwb_plugins/share/dwb_plugins/cmake/ament_cmake_export_libraries-extras.cmake
[32.496s] -- Installing: /home/kgh/ws2/install/dwb_plugins/share/dwb_plugins/cmake/ament_cmake_export_definitions-extras.cmake
[32.497s] -- Installing: /home/kgh/ws2/install/dwb_plugins/share/dwb_plugins/cmake/dwb_pluginsConfig.cmake
[32.497s] -- Installing: /home/kgh/ws2/install/dwb_plugins/share/dwb_plugins/cmake/dwb_pluginsConfig-version.cmake
[32.497s] -- Installing: /home/kgh/ws2/install/dwb_plugins/share/dwb_plugins/package.xml
[32.498s] Invoked command in '/home/kgh/ws2/build/dwb_plugins' returned '0': CMAKE_PREFIX_PATH=/home/kgh/ws2/install/dwb_core:/home/kgh/ws2/install/nav2_core:/home/kgh/ws2/install/nav2_costmap_2d:/home/kgh/ws2/install/nav_2d_utils:/home/kgh/ws2/install/nav2_util:/home/kgh/ws2/install/nav2_voxel_grid:/home/kgh/ws2/install/nav2_msgs:/home/kgh/ws2/install/dwb_msgs:/home/kgh/ws2/install/nav_2d_msgs:/home/kgh/ws2/install/nav2_common:/home/kgh/ws2/install/yzbot_nav2:/home/kgh/ws2/install/yzbot_cartographer:/home/kgh/ws2/install/nav2_system_tests:/home/kgh/ws2/install/nav2_bringup:/home/kgh/ws2/install/navigation2:/home/kgh/ws2/install/smac_planner:/home/kgh/ws2/install/nav2_dwb_controller:/home/kgh/ws2/install/nav2_controller:/home/kgh/ws2/install/dwb_plugins:/home/kgh/ws2/install/dwb_critics:/home/kgh/ws2/install/nav2_waypoint_follower:/home/kgh/ws2/install/nav2_regulated_pure_pursuit_controller:/home/kgh/ws2/install/nav2_recoveries:/home/kgh/ws2/install/nav2_planner:/home/kgh/ws2/install/nav2_navfn_planner:/home/kgh/ws2/install/costmap_queue:/home/kgh/ws2/install/nav2_rviz_plugins:/home/kgh/ws2/install/nav2_map_server:/home/kgh/ws2/install/nav2_lifecycle_manager:/home/kgh/ws2/install/nav2_bt_navigator:/home/kgh/ws2/install/nav2_behavior_tree:/home/kgh/ws2/install/nav2_amcl:/home/kgh/ws2/install/bluesea2:/home/kgh/ws2/install/yzbot_description:/home/kgh/ws2/install/yzbot_controller:/home/kgh/ws2/install/nav2_gazebo_spawner:/opt/ros/foxy LD_LIBRARY_PATH=/home/kgh/ws2/install/dwb_core/lib:/home/kgh/ws2/install/nav2_costmap_2d/lib:/home/kgh/ws2/install/nav_2d_utils/lib:/home/kgh/ws2/install/nav2_util/lib:/home/kgh/ws2/install/nav2_voxel_grid/lib:/home/kgh/ws2/install/nav2_msgs/lib:/home/kgh/ws2/install/dwb_msgs/lib:/home/kgh/ws2/install/nav_2d_msgs/lib:/home/kgh/ws2/install/smac_planner/lib:/home/kgh/ws2/install/nav2_controller/lib:/home/kgh/ws2/install/dwb_plugins/lib:/home/kgh/ws2/install/dwb_critics/lib:/home/kgh/ws2/install/nav2_waypoint_follower/lib:/home/kgh/ws2/install/nav2_regulated_pure_pursuit_controller/lib:/home/kgh/ws2/install/nav2_recoveries/lib:/home/kgh/ws2/install/nav2_planner/lib:/home/kgh/ws2/install/nav2_navfn_planner/lib:/home/kgh/ws2/install/costmap_queue/lib:/home/kgh/ws2/install/nav2_rviz_plugins/lib:/home/kgh/ws2/install/nav2_map_server/lib:/home/kgh/ws2/install/nav2_lifecycle_manager/lib:/home/kgh/ws2/install/nav2_bt_navigator/lib:/home/kgh/ws2/install/nav2_behavior_tree/lib:/home/kgh/ws2/install/nav2_amcl/lib:/usr/lib/x86_64-linux-gnu/gazebo-11/plugins:/opt/ros/foxy/opt/yaml_cpp_vendor/lib:/opt/ros/foxy/opt/rviz_ogre_vendor/lib:/opt/ros/foxy/lib/x86_64-linux-gnu:/opt/ros/foxy/lib PYTHONPATH=/home/kgh/ws2/install/nav2_msgs/lib/python3.8/site-packages:/home/kgh/ws2/install/dwb_msgs/lib/python3.8/site-packages:/home/kgh/ws2/install/nav_2d_msgs/lib/python3.8/site-packages:/home/kgh/ws2/install/nav2_common/lib/python3.8/site-packages:/home/kgh/ws2/install/yzbot_description/lib/python3.8/site-packages:/home/kgh/ws2/install/yzbot_controller/lib/python3.8/site-packages:/home/kgh/ws2/install/nav2_gazebo_spawner/lib/python3.8/site-packages:/opt/ros/foxy/lib/python3.8/site-packages /usr/bin/cmake --install /home/kgh/ws2/build/dwb_plugins
