[01m[K/home/kgh/ws2/src/yzbot_stm32connect/src/robotserial.cpp:[m[K In member function ‘[01m[Kint8_t RobotSerial::robotSerialRead()[m[K’:
[01m[K/home/kgh/ws2/src/yzbot_stm32connect/src/robotserial.cpp:31:11:[m[K [01;35m[Kwarning: [m[Kunused variable ‘[01m[Kread_byte[m[K’ [[01;35m[K-Wunused-variable[m[K]
   31 |    size_t [01;35m[Kread_byte[m[K = mSerial->read(RecvBUF+2, 17);
      |           [01;35m[K^~~~~~~~~[m[K
[01m[K/home/kgh/ws2/src/yzbot_stm32connect/src/robotserial.cpp:[m[K In member function ‘[01m[Kint RobotSerial::Get_Pms(int&, int&)[m[K’:
[01m[K/home/kgh/ws2/src/yzbot_stm32connect/src/robotserial.cpp:182:35:[m[K [01;35m[Kwarning: [m[Kvariable ‘[01m[KrecvFrameIndex[m[K’ set but not used [[01;35m[K-Wunused-but-set-variable[m[K]
  182 |                     unsigned char [01;35m[KrecvFrameIndex[m[K=0;
      |                                   [01;35m[K^~~~~~~~~~~~~~[m[K
[01m[K/home/kgh/ws2/src/yzbot_stm32connect/src/robotserial.cpp:183:35:[m[K [01;35m[Kwarning: [m[Kunused variable ‘[01m[Klength[m[K’ [[01;35m[K-Wunused-variable[m[K]
  183 |                     unsigned char [01;35m[Klength[m[K;
      |                                   [01;35m[K^~~~~~[m[K
[01m[K/home/kgh/ws2/src/yzbot_stm32connect/src/robotserial.cpp:184:35:[m[K [01;35m[Kwarning: [m[Kunused variable ‘[01m[Ks_devid[m[K’ [[01;35m[K-Wunused-variable[m[K]
  184 |                     unsigned char [01;35m[Ks_devid[m[K;
      |                                   [01;35m[K^~~~~~~[m[K
[01m[K/home/kgh/ws2/src/yzbot_stm32connect/src/robotserial.cpp:185:35:[m[K [01;35m[Kwarning: [m[Kunused variable ‘[01m[Kp_devid[m[K’ [[01;35m[K-Wunused-variable[m[K]
  185 |                     unsigned char [01;35m[Kp_devid[m[K;
      |                                   [01;35m[K^~~~~~~[m[K
[01m[K/home/kgh/ws2/src/yzbot_stm32connect/src/robotserial.cpp:186:35:[m[K [01;35m[Kwarning: [m[Kunused variable ‘[01m[Kcmd[m[K’ [[01;35m[K-Wunused-variable[m[K]
  186 |                     unsigned char [01;35m[Kcmd[m[K;
      |                                   [01;35m[K^~~[m[K
[01m[K/home/kgh/ws2/src/yzbot_stm32connect/src/robotserial.cpp:187:25:[m[K [01;35m[Kwarning: [m[Kunused variable ‘[01m[Kcharging_flag[m[K’ [[01;35m[K-Wunused-variable[m[K]
  187 |                     int [01;35m[Kcharging_flag[m[K = 0;
      |                         [01;35m[K^~~~~~~~~~~~~[m[K
[01m[K/home/kgh/ws2/src/yzbot_stm32connect/src/robotserial.cpp:188:25:[m[K [01;35m[Kwarning: [m[Kunused variable ‘[01m[Kbattary_level[m[K’ [[01;35m[K-Wunused-variable[m[K]
  188 |                     int [01;35m[Kbattary_level[m[K = 0;
      |                         [01;35m[K^~~~~~~~~~~~~[m[K
[01m[K/home/kgh/ws2/src/yzbot_stm32connect/src/robotserial.cpp:[m[K In member function ‘[01m[Kint8_t RobotSerial::GetOdom(unsigned char&, int16_t&, int16_t&, float&, float&, float&, int, int16_t&, int16_t&)[m[K’:
[01m[K/home/kgh/ws2/src/yzbot_stm32connect/src/robotserial.cpp:387:31:[m[K [01;35m[Kwarning: [m[K‘[01m[Kint ftime(timeb*)[m[K’ is deprecated [[01;35m[K-Wdeprecated-declarations[m[K]
  387 |                 ftime(&stTimeb[01;35m[K)[m[K;
      |                               [01;35m[K^[m[K
In file included from [01m[K/home/kgh/ws2/src/yzbot_stm32connect/include/robotserial.hpp:7[m[K,
                 from [01m[K/home/kgh/ws2/src/yzbot_stm32connect/src/robotserial.cpp:1[m[K:
[01m[K/usr/include/x86_64-linux-gnu/sys/timeb.h:39:12:[m[K [01;36m[Knote: [m[Kdeclared here
   39 | extern int [01;36m[Kftime[m[K (struct timeb *__timebuf)
      |            [01;36m[K^~~~~[m[K
[01m[K/home/kgh/ws2/src/yzbot_stm32connect/src/robotserial.cpp:387:31:[m[K [01;35m[Kwarning: [m[K‘[01m[Kint ftime(timeb*)[m[K’ is deprecated [[01;35m[K-Wdeprecated-declarations[m[K]
  387 |                 ftime(&stTimeb[01;35m[K)[m[K;
      |                               [01;35m[K^[m[K
In file included from [01m[K/home/kgh/ws2/src/yzbot_stm32connect/include/robotserial.hpp:7[m[K,
                 from [01m[K/home/kgh/ws2/src/yzbot_stm32connect/src/robotserial.cpp:1[m[K:
[01m[K/usr/include/x86_64-linux-gnu/sys/timeb.h:39:12:[m[K [01;36m[Knote: [m[Kdeclared here
   39 | extern int [01;36m[Kftime[m[K (struct timeb *__timebuf)
      |            [01;36m[K^~~~~[m[K
[01m[K/home/kgh/ws2/src/yzbot_stm32connect/src/robotserial.cpp:346:30:[m[K [01;35m[Kwarning: [m[Kvariable ‘[01m[Kper_get_Angle[m[K’ set but not used [[01;35m[K-Wunused-but-set-variable[m[K]
  346 |                 static float [01;35m[Kper_get_Angle[m[K = 0;
      |                              [01;35m[K^~~~~~~~~~~~~[m[K
[01m[K/home/kgh/ws2/src/yzbot_stm32connect/src/robotserial.cpp:348:31:[m[K [01;35m[Kwarning: [m[Kunused variable ‘[01m[Klength[m[K’ [[01;35m[K-Wunused-variable[m[K]
  348 |                 unsigned char [01;35m[Klength[m[K;
      |                               [01;35m[K^~~~~~[m[K
[01m[K/home/kgh/ws2/src/yzbot_stm32connect/src/robotserial.cpp:349:31:[m[K [01;35m[Kwarning: [m[Kunused variable ‘[01m[Ks_devid[m[K’ [[01;35m[K-Wunused-variable[m[K]
  349 |                 unsigned char [01;35m[Ks_devid[m[K;
      |                               [01;35m[K^~~~~~~[m[K
[01m[K/home/kgh/ws2/src/yzbot_stm32connect/src/robotserial.cpp:350:31:[m[K [01;35m[Kwarning: [m[Kunused variable ‘[01m[Kp_devid[m[K’ [[01;35m[K-Wunused-variable[m[K]
  350 |                 unsigned char [01;35m[Kp_devid[m[K;
      |                               [01;35m[K^~~~~~~[m[K
[01m[K/home/kgh/ws2/src/yzbot_stm32connect/src/robotserial.cpp:351:31:[m[K [01;35m[Kwarning: [m[Kunused variable ‘[01m[Kcmd[m[K’ [[01;35m[K-Wunused-variable[m[K]
  351 |                 unsigned char [01;35m[Kcmd[m[K;
      |                               [01;35m[K^~~[m[K
[01m[K/home/kgh/ws2/src/yzbot_stm32connect/src/robotserial.cpp:301:18:[m[K [01;35m[Kwarning: [m[Kunused variable ‘[01m[Kangle_per[m[K’ [[01;35m[K-Wunused-variable[m[K]
  301 |     static float [01;35m[Kangle_per[m[K = 0;
      |                  [01;35m[K^~~~~~~~~[m[K
[01m[K/home/kgh/ws2/src/yzbot_stm32connect/src/robotserial.cpp:[m[K In member function ‘[01m[Kint8_t RobotSerial::GetAutoSpeed()[m[K’:
[01m[K/home/kgh/ws2/src/yzbot_stm32connect/src/robotserial.cpp:453:24:[m[K [01;35m[Kwarning: [m[Kunused variable ‘[01m[Klinear[m[K’ [[01;35m[K-Wunused-variable[m[K]
  453 |                 double [01;35m[Klinear[m[K = (short)((RecvBUF[8]<<8) + RecvBUF[9]);     // 线速度
      |                        [01;35m[K^~~~~~[m[K
[01m[K/home/kgh/ws2/src/yzbot_stm32connect/src/robotserial.cpp:454:24:[m[K [01;35m[Kwarning: [m[Kunused variable ‘[01m[Kangular[m[K’ [[01;35m[K-Wunused-variable[m[K]
  454 |                 double [01;35m[Kangular[m[K = (short)((RecvBUF[10]<<8) + RecvBUF[11]);  // 角速度
      |                        [01;35m[K^~~~~~~[m[K
[01m[K/home/kgh/ws2/src/yzbot_stm32connect/src/robotserial.cpp:455:21:[m[K [01;35m[Kwarning: [m[Kunused variable ‘[01m[KautoChargeTaskFlag[m[K’ [[01;35m[K-Wunused-variable[m[K]
  455 |                 int [01;35m[KautoChargeTaskFlag[m[K = RecvBUF[12];
      |                     [01;35m[K^~~~~~~~~~~~~~~~~~[m[K
[01m[K/home/kgh/ws2/src/yzbot_stm32connect/src/robotserial.cpp:456:21:[m[K [01;35m[Kwarning: [m[Kunused variable ‘[01m[KEmergency_flag[m[K’ [[01;35m[K-Wunused-variable[m[K]
  456 |                 int [01;35m[KEmergency_flag[m[K = RecvBUF[13];
      |                     [01;35m[K^~~~~~~~~~~~~~[m[K
[01m[K/home/kgh/ws2/src/yzbot_stm32connect/src/robotserial.cpp:457:21:[m[K [01;35m[Kwarning: [m[Kunused variable ‘[01m[KreChargeFlag[m[K’ [[01;35m[K-Wunused-variable[m[K]
  457 |                 int [01;35m[KreChargeFlag[m[K = RecvBUF[14];
      |                     [01;35m[K^~~~~~~~~~~~[m[K
[01m[K/home/kgh/ws2/src/yzbot_stm32connect/src/robotserial.cpp:[m[K In member function ‘[01m[Kint8_t RobotSerial::SetSensorEn(int, int)[m[K’:
[01m[K/home/kgh/ws2/src/yzbot_stm32connect/src/robotserial.cpp:509:13:[m[K [01;35m[Kwarning: [m[Kunused variable ‘[01m[KcarLight_result[m[K’ [[01;35m[K-Wunused-variable[m[K]
  509 |         int [01;35m[KcarLight_result[m[K = RecvBUF[9];
      |             [01;35m[K^~~~~~~~~~~~~~~[m[K
[01m[K/home/kgh/ws2/src/yzbot_stm32connect/src/robotserial.cpp:510:13:[m[K [01;35m[Kwarning: [m[Kunused variable ‘[01m[KturnLight_result[m[K’ [[01;35m[K-Wunused-variable[m[K]
  510 |         int [01;35m[KturnLight_result[m[K = RecvBUF[10];
      |             [01;35m[K^~~~~~~~~~~~~~~~[m[K
[01m[K/home/kgh/ws2/src/yzbot_stm32connect/src/robotserial.cpp:[m[K In member function ‘[01m[Kint RobotSerial::get_ultrasound_result(int&, int&)[m[K’:
[01m[K/home/kgh/ws2/src/yzbot_stm32connect/src/robotserial.cpp:594:31:[m[K [01;35m[Kwarning: [m[Kunused variable ‘[01m[KrecvFrameIndex[m[K’ [[01;35m[K-Wunused-variable[m[K]
  594 |                 unsigned char [01;35m[KrecvFrameIndex[m[K=0;
      |                               [01;35m[K^~~~~~~~~~~~~~[m[K
[01m[K/home/kgh/ws2/src/yzbot_stm32connect/src/robotserial.cpp:595:31:[m[K [01;35m[Kwarning: [m[Kunused variable ‘[01m[Klength[m[K’ [[01;35m[K-Wunused-variable[m[K]
  595 |                 unsigned char [01;35m[Klength[m[K;
      |                               [01;35m[K^~~~~~[m[K
[01m[K/home/kgh/ws2/src/yzbot_stm32connect/src/robotserial.cpp:596:31:[m[K [01;35m[Kwarning: [m[Kunused variable ‘[01m[Ks_devid[m[K’ [[01;35m[K-Wunused-variable[m[K]
  596 |                 unsigned char [01;35m[Ks_devid[m[K;
      |                               [01;35m[K^~~~~~~[m[K
[01m[K/home/kgh/ws2/src/yzbot_stm32connect/src/robotserial.cpp:597:31:[m[K [01;35m[Kwarning: [m[Kunused variable ‘[01m[Kp_devid[m[K’ [[01;35m[K-Wunused-variable[m[K]
  597 |                 unsigned char [01;35m[Kp_devid[m[K;
      |                               [01;35m[K^~~~~~~[m[K
[01m[K/home/kgh/ws2/src/yzbot_stm32connect/src/robotserial.cpp:598:31:[m[K [01;35m[Kwarning: [m[Kunused variable ‘[01m[Kcmd[m[K’ [[01;35m[K-Wunused-variable[m[K]
  598 |                 unsigned char [01;35m[Kcmd[m[K;
      |                               [01;35m[K^~~[m[K
[01m[K/home/kgh/ws2/src/yzbot_stm32connect/src/robotserial.cpp:564:16:[m[K [01;35m[Kwarning: [m[Kunused variable ‘[01m[Ktmp[m[K’ [[01;35m[K-Wunused-variable[m[K]
  564 |     static int [01;35m[Ktmp[m[K = 0;
      |                [01;35m[K^~~[m[K
[01m[K/home/kgh/ws2/src/yzbot_stm32connect/src/robotserial.cpp:[m[K In member function ‘[01m[Kint8_t RobotSerial::GetNeckPose(int&, int&, int&, int, int)[m[K’:
[01m[K/home/kgh/ws2/src/yzbot_stm32connect/src/robotserial.cpp:659:27:[m[K [01;35m[Kwarning: [m[Kunused variable ‘[01m[Kmheight[m[K’ [[01;35m[K-Wunused-variable[m[K]
  659 |                 short int [01;35m[Kmheight[m[K = 0;
      |                           [01;35m[K^~~~~~~[m[K
[01m[K/home/kgh/ws2/src/yzbot_stm32connect/src/robotserial.cpp:660:27:[m[K [01;35m[Kwarning: [m[Kunused variable ‘[01m[Kmlimit[m[K’ [[01;35m[K-Wunused-variable[m[K]
  660 |                 short int [01;35m[Kmlimit[m[K = 0;
      |                           [01;35m[K^~~~~~[m[K
[01m[K/home/kgh/ws2/src/yzbot_stm32connect/src/robotserial.cpp:661:27:[m[K [01;35m[Kwarning: [m[Kunused variable ‘[01m[Kmdone[m[K’ [[01;35m[K-Wunused-variable[m[K]
  661 |                 short int [01;35m[Kmdone[m[K = 0;
      |                           [01;35m[K^~~~~[m[K
[01m[K/home/kgh/ws2/src/yzbot_stm32connect/src/robotserial.cpp:[m[K In member function ‘[01m[Kint8_t RobotSerial::GetHeadPose(int&, int&, int&)[m[K’:
[01m[K/home/kgh/ws2/src/yzbot_stm32connect/src/robotserial.cpp:709:27:[m[K [01;35m[Kwarning: [m[Kunused variable ‘[01m[KmSwitch_flag[m[K’ [[01;35m[K-Wunused-variable[m[K]
  709 |                 short int [01;35m[KmSwitch_flag[m[K = 0;
      |                           [01;35m[K^~~~~~~~~~~~[m[K
[01m[K/home/kgh/ws2/src/yzbot_stm32connect/src/robotserial.cpp:[m[K In member function ‘[01m[Kint8_t RobotSerial::robotSerialRead()[m[K’:
[01m[K/home/kgh/ws2/src/yzbot_stm32connect/src/robotserial.cpp:48:1:[m[K [01;35m[Kwarning: [m[Kcontrol reaches end of non-void function [[01;35m[K-Wreturn-type[m[K]
   48 | [01;35m[K}[m[K
      | [01;35m[K^[m[K
[01m[K/home/kgh/ws2/src/yzbot_stm32connect/src/robotserial.cpp:[m[K In member function ‘[01m[Kint RobotSerial::SendHeardCtrl(int)[m[K’:
[01m[K/home/kgh/ws2/src/yzbot_stm32connect/src/robotserial.cpp:841:19:[m[K [01;35m[Kwarning: [m[Kthis statement may fall through [[01;35m[K-Wimplicit-fallthrough=[m[K]
  841 |         [01;35m[KSendBUF[8]=0x08[m[K;
      |         [01;35m[K~~~~~~~~~~^~~~~[m[K
[01m[K/home/kgh/ws2/src/yzbot_stm32connect/src/robotserial.cpp:842:9:[m[K [01;36m[Knote: [m[Khere
  842 |         [01;36m[Kcase[m[K 9:
      |         [01;36m[K^~~~[m[K
[01m[K/home/kgh/ws2/src/yzbot_stm32connect/src/robotserial.cpp:[m[K At global scope:
[01m[K/home/kgh/ws2/src/yzbot_stm32connect/src/robotserial.cpp:564:16:[m[K [01;35m[Kwarning: [m[K‘[01m[Ktmp[m[K’ defined but not used [[01;35m[K-Wunused-variable[m[K]
  564 |     static int [01;35m[Ktmp[m[K = 0;
      |                [01;35m[K^~~[m[K
[01m[K/home/kgh/ws2/src/yzbot_stm32connect/src/robotserial.cpp:301:18:[m[K [01;35m[Kwarning: [m[K‘[01m[Kangle_per[m[K’ defined but not used [[01;35m[K-Wunused-variable[m[K]
  301 |     static float [01;35m[Kangle_per[m[K = 0;
      |                  [01;35m[K^~~~~~~~~[m[K
