[  2%] Built target yzbot_msgs__cpp
[ 12%] Built target yzbot_msgs__rosidl_generator_c
[ 58%] Built target yzbot_msgs__rosidl_typesupport_introspection_c
[ 58%] Built target yzbot_msgs__rosidl_typesupport_introspection_cpp
[ 58%] Built target yzbot_msgs__rosidl_typesupport_cpp
[ 58%] Built target yzbot_msgs__rosidl_typesupport_c
[ 70%] Built target yzbot_msgs__rosidl_typesupport_fastrtps_cpp
[ 82%] Built target yzbot_msgs__rosidl_typesupport_fastrtps_c
[ 82%] Built target yzbot_msgs
[ 83%] Built target yzbot_msgs__py
[ 93%] Built target yzbot_msgs__python
[100%] Built target yzbot_msgs__rosidl_typesupport_fastrtps_c__pyext
[100%] Built target yzbot_msgs__rosidl_typesupport_introspection_c__pyext
[100%] Built target yzbot_msgs__rosidl_typesupport_c__pyext
-- Install configuration: ""
-- Up-to-date: /home/kgh/ws2/install/yzbot_msgs/share/ament_index/resource_index/rosidl_interfaces/yzbot_msgs
-- Up-to-date: /home/kgh/ws2/install/yzbot_msgs/include/yzbot_msgs
-- Up-to-date: /home/kgh/ws2/install/yzbot_msgs/include/yzbot_msgs/msg
-- Up-to-date: /home/kgh/ws2/install/yzbot_msgs/include/yzbot_msgs/msg/fmq_set.h
-- Up-to-date: /home/kgh/ws2/install/yzbot_msgs/include/yzbot_msgs/msg/rosidl_generator_c__visibility_control.h
-- Up-to-date: /home/kgh/ws2/install/yzbot_msgs/include/yzbot_msgs/msg/robot_pose.h
-- Up-to-date: /home/kgh/ws2/install/yzbot_msgs/include/yzbot_msgs/msg/psc_get_neck_status.h
-- Up-to-date: /home/kgh/ws2/install/yzbot_msgs/include/yzbot_msgs/msg/pms_status.h
-- Up-to-date: /home/kgh/ws2/install/yzbot_msgs/include/yzbot_msgs/msg/obs_result.h
-- Up-to-date: /home/kgh/ws2/install/yzbot_msgs/include/yzbot_msgs/msg/robot_button.h
-- Up-to-date: /home/kgh/ws2/install/yzbot_msgs/include/yzbot_msgs/msg/detail
-- Up-to-date: /home/kgh/ws2/install/yzbot_msgs/include/yzbot_msgs/msg/detail/emergency_button__functions.c
-- Up-to-date: /home/kgh/ws2/install/yzbot_msgs/include/yzbot_msgs/msg/detail/ultrasound_result__functions.c
-- Up-to-date: /home/kgh/ws2/install/yzbot_msgs/include/yzbot_msgs/msg/detail/psc_get_neck_status__functions.c
-- Up-to-date: /home/kgh/ws2/install/yzbot_msgs/include/yzbot_msgs/msg/detail/emergency_button__type_support.h
-- Up-to-date: /home/kgh/ws2/install/yzbot_msgs/include/yzbot_msgs/msg/detail/psc_get_head_status__type_support.h
-- Up-to-date: /home/kgh/ws2/install/yzbot_msgs/include/yzbot_msgs/msg/detail/robot_button__struct.h
-- Up-to-date: /home/kgh/ws2/install/yzbot_msgs/include/yzbot_msgs/msg/detail/charge_ctrl__type_support.h
-- Up-to-date: /home/kgh/ws2/install/yzbot_msgs/include/yzbot_msgs/msg/detail/charge_ctrl__functions.h
-- Up-to-date: /home/kgh/ws2/install/yzbot_msgs/include/yzbot_msgs/msg/detail/fmq_set__struct.h
-- Up-to-date: /home/kgh/ws2/install/yzbot_msgs/include/yzbot_msgs/msg/detail/ultrasound_result__struct.h
-- Up-to-date: /home/kgh/ws2/install/yzbot_msgs/include/yzbot_msgs/msg/detail/pms_status__struct.h
-- Up-to-date: /home/kgh/ws2/install/yzbot_msgs/include/yzbot_msgs/msg/detail/ultrasound_result__functions.h
-- Up-to-date: /home/kgh/ws2/install/yzbot_msgs/include/yzbot_msgs/msg/detail/fmq_set__functions.h
-- Up-to-date: /home/kgh/ws2/install/yzbot_msgs/include/yzbot_msgs/msg/detail/robot_pose__functions.c
-- Up-to-date: /home/kgh/ws2/install/yzbot_msgs/include/yzbot_msgs/msg/detail/fmq_set__functions.c
-- Up-to-date: /home/kgh/ws2/install/yzbot_msgs/include/yzbot_msgs/msg/detail/charge_ctrl__functions.c
-- Up-to-date: /home/kgh/ws2/install/yzbot_msgs/include/yzbot_msgs/msg/detail/charge_ctrl__struct.h
-- Up-to-date: /home/kgh/ws2/install/yzbot_msgs/include/yzbot_msgs/msg/detail/pms_status__functions.h
-- Up-to-date: /home/kgh/ws2/install/yzbot_msgs/include/yzbot_msgs/msg/detail/robot_pose__struct.h
-- Up-to-date: /home/kgh/ws2/install/yzbot_msgs/include/yzbot_msgs/msg/detail/obs_result__type_support.h
-- Up-to-date: /home/kgh/ws2/install/yzbot_msgs/include/yzbot_msgs/msg/detail/robot_pose__type_support.h
-- Up-to-date: /home/kgh/ws2/install/yzbot_msgs/include/yzbot_msgs/msg/detail/robot_button__type_support.h
-- Up-to-date: /home/kgh/ws2/install/yzbot_msgs/include/yzbot_msgs/msg/detail/pms_status__functions.c
-- Up-to-date: /home/kgh/ws2/install/yzbot_msgs/include/yzbot_msgs/msg/detail/robot_pose__functions.h
-- Up-to-date: /home/kgh/ws2/install/yzbot_msgs/include/yzbot_msgs/msg/detail/ultrasound_result__type_support.h
-- Up-to-date: /home/kgh/ws2/install/yzbot_msgs/include/yzbot_msgs/msg/detail/obs_result__functions.h
-- Up-to-date: /home/kgh/ws2/install/yzbot_msgs/include/yzbot_msgs/msg/detail/obs_result__struct.h
-- Up-to-date: /home/kgh/ws2/install/yzbot_msgs/include/yzbot_msgs/msg/detail/robot_button__functions.h
-- Up-to-date: /home/kgh/ws2/install/yzbot_msgs/include/yzbot_msgs/msg/detail/robot_button__functions.c
-- Up-to-date: /home/kgh/ws2/install/yzbot_msgs/include/yzbot_msgs/msg/detail/psc_get_head_status__functions.h
-- Up-to-date: /home/kgh/ws2/install/yzbot_msgs/include/yzbot_msgs/msg/detail/psc_get_head_status__struct.h
-- Up-to-date: /home/kgh/ws2/install/yzbot_msgs/include/yzbot_msgs/msg/detail/psc_get_neck_status__struct.h
-- Up-to-date: /home/kgh/ws2/install/yzbot_msgs/include/yzbot_msgs/msg/detail/psc_get_neck_status__functions.h
-- Up-to-date: /home/kgh/ws2/install/yzbot_msgs/include/yzbot_msgs/msg/detail/emergency_button__struct.h
-- Up-to-date: /home/kgh/ws2/install/yzbot_msgs/include/yzbot_msgs/msg/detail/emergency_button__functions.h
-- Up-to-date: /home/kgh/ws2/install/yzbot_msgs/include/yzbot_msgs/msg/detail/pms_status__type_support.h
-- Up-to-date: /home/kgh/ws2/install/yzbot_msgs/include/yzbot_msgs/msg/detail/psc_get_neck_status__type_support.h
-- Up-to-date: /home/kgh/ws2/install/yzbot_msgs/include/yzbot_msgs/msg/detail/fmq_set__type_support.h
-- Up-to-date: /home/kgh/ws2/install/yzbot_msgs/include/yzbot_msgs/msg/detail/obs_result__functions.c
-- Up-to-date: /home/kgh/ws2/install/yzbot_msgs/include/yzbot_msgs/msg/detail/psc_get_head_status__functions.c
-- Up-to-date: /home/kgh/ws2/install/yzbot_msgs/include/yzbot_msgs/msg/psc_get_head_status.h
-- Up-to-date: /home/kgh/ws2/install/yzbot_msgs/include/yzbot_msgs/msg/ultrasound_result.h
-- Up-to-date: /home/kgh/ws2/install/yzbot_msgs/include/yzbot_msgs/msg/emergency_button.h
-- Up-to-date: /home/kgh/ws2/install/yzbot_msgs/include/yzbot_msgs/msg/charge_ctrl.h
-- Up-to-date: /home/kgh/ws2/install/yzbot_msgs/share/yzbot_msgs/environment/library_path.sh
-- Up-to-date: /home/kgh/ws2/install/yzbot_msgs/share/yzbot_msgs/environment/library_path.dsv
-- Up-to-date: /home/kgh/ws2/install/yzbot_msgs/lib/libyzbot_msgs__rosidl_generator_c.so
-- Up-to-date: /home/kgh/ws2/install/yzbot_msgs/include/yzbot_msgs
-- Up-to-date: /home/kgh/ws2/install/yzbot_msgs/include/yzbot_msgs/msg
-- Up-to-date: /home/kgh/ws2/install/yzbot_msgs/include/yzbot_msgs/msg/rosidl_typesupport_fastrtps_c__visibility_control.h
-- Up-to-date: /home/kgh/ws2/install/yzbot_msgs/include/yzbot_msgs/msg/detail
-- Up-to-date: /home/kgh/ws2/install/yzbot_msgs/include/yzbot_msgs/msg/detail/obs_result__rosidl_typesupport_fastrtps_c.h
-- Up-to-date: /home/kgh/ws2/install/yzbot_msgs/include/yzbot_msgs/msg/detail/fmq_set__rosidl_typesupport_fastrtps_c.h
-- Up-to-date: /home/kgh/ws2/install/yzbot_msgs/include/yzbot_msgs/msg/detail/ultrasound_result__rosidl_typesupport_fastrtps_c.h
-- Up-to-date: /home/kgh/ws2/install/yzbot_msgs/include/yzbot_msgs/msg/detail/charge_ctrl__rosidl_typesupport_fastrtps_c.h
-- Up-to-date: /home/kgh/ws2/install/yzbot_msgs/include/yzbot_msgs/msg/detail/psc_get_head_status__rosidl_typesupport_fastrtps_c.h
-- Up-to-date: /home/kgh/ws2/install/yzbot_msgs/include/yzbot_msgs/msg/detail/robot_button__rosidl_typesupport_fastrtps_c.h
-- Up-to-date: /home/kgh/ws2/install/yzbot_msgs/include/yzbot_msgs/msg/detail/robot_pose__rosidl_typesupport_fastrtps_c.h
-- Up-to-date: /home/kgh/ws2/install/yzbot_msgs/include/yzbot_msgs/msg/detail/psc_get_neck_status__rosidl_typesupport_fastrtps_c.h
-- Up-to-date: /home/kgh/ws2/install/yzbot_msgs/include/yzbot_msgs/msg/detail/emergency_button__rosidl_typesupport_fastrtps_c.h
-- Up-to-date: /home/kgh/ws2/install/yzbot_msgs/include/yzbot_msgs/msg/detail/pms_status__rosidl_typesupport_fastrtps_c.h
-- Up-to-date: /home/kgh/ws2/install/yzbot_msgs/lib/libyzbot_msgs__rosidl_typesupport_fastrtps_c.so
-- Up-to-date: /home/kgh/ws2/install/yzbot_msgs/include/yzbot_msgs
-- Up-to-date: /home/kgh/ws2/install/yzbot_msgs/include/yzbot_msgs/msg
-- Up-to-date: /home/kgh/ws2/install/yzbot_msgs/include/yzbot_msgs/msg/rosidl_typesupport_fastrtps_cpp__visibility_control.h
-- Up-to-date: /home/kgh/ws2/install/yzbot_msgs/include/yzbot_msgs/msg/detail
-- Up-to-date: /home/kgh/ws2/install/yzbot_msgs/include/yzbot_msgs/msg/detail/psc_get_head_status__rosidl_typesupport_fastrtps_cpp.hpp
-- Up-to-date: /home/kgh/ws2/install/yzbot_msgs/include/yzbot_msgs/msg/detail/pms_status__rosidl_typesupport_fastrtps_cpp.hpp
-- Up-to-date: /home/kgh/ws2/install/yzbot_msgs/include/yzbot_msgs/msg/detail/emergency_button__rosidl_typesupport_fastrtps_cpp.hpp
-- Up-to-date: /home/kgh/ws2/install/yzbot_msgs/include/yzbot_msgs/msg/detail/robot_pose__rosidl_typesupport_fastrtps_cpp.hpp
-- Up-to-date: /home/kgh/ws2/install/yzbot_msgs/include/yzbot_msgs/msg/detail/robot_button__rosidl_typesupport_fastrtps_cpp.hpp
-- Up-to-date: /home/kgh/ws2/install/yzbot_msgs/include/yzbot_msgs/msg/detail/fmq_set__rosidl_typesupport_fastrtps_cpp.hpp
-- Up-to-date: /home/kgh/ws2/install/yzbot_msgs/include/yzbot_msgs/msg/detail/dds_fastrtps
-- Up-to-date: /home/kgh/ws2/install/yzbot_msgs/include/yzbot_msgs/msg/detail/charge_ctrl__rosidl_typesupport_fastrtps_cpp.hpp
-- Up-to-date: /home/kgh/ws2/install/yzbot_msgs/include/yzbot_msgs/msg/detail/psc_get_neck_status__rosidl_typesupport_fastrtps_cpp.hpp
-- Up-to-date: /home/kgh/ws2/install/yzbot_msgs/include/yzbot_msgs/msg/detail/ultrasound_result__rosidl_typesupport_fastrtps_cpp.hpp
-- Up-to-date: /home/kgh/ws2/install/yzbot_msgs/include/yzbot_msgs/msg/detail/obs_result__rosidl_typesupport_fastrtps_cpp.hpp
-- Up-to-date: /home/kgh/ws2/install/yzbot_msgs/lib/libyzbot_msgs__rosidl_typesupport_fastrtps_cpp.so
-- Up-to-date: /home/kgh/ws2/install/yzbot_msgs/include/yzbot_msgs
-- Up-to-date: /home/kgh/ws2/install/yzbot_msgs/include/yzbot_msgs/msg
-- Up-to-date: /home/kgh/ws2/install/yzbot_msgs/include/yzbot_msgs/msg/rosidl_typesupport_introspection_c__visibility_control.h
-- Up-to-date: /home/kgh/ws2/install/yzbot_msgs/include/yzbot_msgs/msg/detail
-- Up-to-date: /home/kgh/ws2/install/yzbot_msgs/include/yzbot_msgs/msg/detail/psc_get_head_status__rosidl_typesupport_introspection_c.h
-- Up-to-date: /home/kgh/ws2/install/yzbot_msgs/include/yzbot_msgs/msg/detail/pms_status__rosidl_typesupport_introspection_c.h
-- Up-to-date: /home/kgh/ws2/install/yzbot_msgs/include/yzbot_msgs/msg/detail/psc_get_neck_status__type_support.c
-- Up-to-date: /home/kgh/ws2/install/yzbot_msgs/include/yzbot_msgs/msg/detail/fmq_set__type_support.c
-- Up-to-date: /home/kgh/ws2/install/yzbot_msgs/include/yzbot_msgs/msg/detail/obs_result__rosidl_typesupport_introspection_c.h
-- Up-to-date: /home/kgh/ws2/install/yzbot_msgs/include/yzbot_msgs/msg/detail/robot_pose__type_support.c
-- Up-to-date: /home/kgh/ws2/install/yzbot_msgs/include/yzbot_msgs/msg/detail/psc_get_head_status__type_support.c
-- Up-to-date: /home/kgh/ws2/install/yzbot_msgs/include/yzbot_msgs/msg/detail/fmq_set__rosidl_typesupport_introspection_c.h
-- Up-to-date: /home/kgh/ws2/install/yzbot_msgs/include/yzbot_msgs/msg/detail/emergency_button__rosidl_typesupport_introspection_c.h
-- Up-to-date: /home/kgh/ws2/install/yzbot_msgs/include/yzbot_msgs/msg/detail/psc_get_neck_status__rosidl_typesupport_introspection_c.h
-- Up-to-date: /home/kgh/ws2/install/yzbot_msgs/include/yzbot_msgs/msg/detail/obs_result__type_support.c
-- Up-to-date: /home/kgh/ws2/install/yzbot_msgs/include/yzbot_msgs/msg/detail/robot_button__type_support.c
-- Up-to-date: /home/kgh/ws2/install/yzbot_msgs/include/yzbot_msgs/msg/detail/robot_button__rosidl_typesupport_introspection_c.h
-- Up-to-date: /home/kgh/ws2/install/yzbot_msgs/include/yzbot_msgs/msg/detail/robot_pose__rosidl_typesupport_introspection_c.h
-- Up-to-date: /home/kgh/ws2/install/yzbot_msgs/include/yzbot_msgs/msg/detail/pms_status__type_support.c
-- Up-to-date: /home/kgh/ws2/install/yzbot_msgs/include/yzbot_msgs/msg/detail/emergency_button__type_support.c
-- Up-to-date: /home/kgh/ws2/install/yzbot_msgs/include/yzbot_msgs/msg/detail/ultrasound_result__type_support.c
-- Up-to-date: /home/kgh/ws2/install/yzbot_msgs/include/yzbot_msgs/msg/detail/charge_ctrl__rosidl_typesupport_introspection_c.h
-- Up-to-date: /home/kgh/ws2/install/yzbot_msgs/include/yzbot_msgs/msg/detail/ultrasound_result__rosidl_typesupport_introspection_c.h
-- Up-to-date: /home/kgh/ws2/install/yzbot_msgs/include/yzbot_msgs/msg/detail/charge_ctrl__type_support.c
-- Up-to-date: /home/kgh/ws2/install/yzbot_msgs/lib/libyzbot_msgs__rosidl_typesupport_introspection_c.so
-- Up-to-date: /home/kgh/ws2/install/yzbot_msgs/lib/libyzbot_msgs__rosidl_typesupport_c.so
-- Up-to-date: /home/kgh/ws2/install/yzbot_msgs/include/yzbot_msgs
-- Up-to-date: /home/kgh/ws2/install/yzbot_msgs/include/yzbot_msgs/msg
-- Up-to-date: /home/kgh/ws2/install/yzbot_msgs/include/yzbot_msgs/msg/psc_get_head_status.hpp
-- Up-to-date: /home/kgh/ws2/install/yzbot_msgs/include/yzbot_msgs/msg/psc_get_neck_status.hpp
-- Up-to-date: /home/kgh/ws2/install/yzbot_msgs/include/yzbot_msgs/msg/rosidl_generator_cpp__visibility_control.hpp
-- Up-to-date: /home/kgh/ws2/install/yzbot_msgs/include/yzbot_msgs/msg/ultrasound_result.hpp
-- Up-to-date: /home/kgh/ws2/install/yzbot_msgs/include/yzbot_msgs/msg/emergency_button.hpp
-- Up-to-date: /home/kgh/ws2/install/yzbot_msgs/include/yzbot_msgs/msg/robot_pose.hpp
-- Up-to-date: /home/kgh/ws2/install/yzbot_msgs/include/yzbot_msgs/msg/obs_result.hpp
-- Up-to-date: /home/kgh/ws2/install/yzbot_msgs/include/yzbot_msgs/msg/pms_status.hpp
-- Up-to-date: /home/kgh/ws2/install/yzbot_msgs/include/yzbot_msgs/msg/fmq_set.hpp
-- Up-to-date: /home/kgh/ws2/install/yzbot_msgs/include/yzbot_msgs/msg/detail
-- Up-to-date: /home/kgh/ws2/install/yzbot_msgs/include/yzbot_msgs/msg/detail/obs_result__builder.hpp
-- Up-to-date: /home/kgh/ws2/install/yzbot_msgs/include/yzbot_msgs/msg/detail/psc_get_neck_status__builder.hpp
-- Up-to-date: /home/kgh/ws2/install/yzbot_msgs/include/yzbot_msgs/msg/detail/robot_pose__traits.hpp
-- Up-to-date: /home/kgh/ws2/install/yzbot_msgs/include/yzbot_msgs/msg/detail/fmq_set__builder.hpp
-- Up-to-date: /home/kgh/ws2/install/yzbot_msgs/include/yzbot_msgs/msg/detail/ultrasound_result__traits.hpp
-- Up-to-date: /home/kgh/ws2/install/yzbot_msgs/include/yzbot_msgs/msg/detail/psc_get_head_status__builder.hpp
-- Up-to-date: /home/kgh/ws2/install/yzbot_msgs/include/yzbot_msgs/msg/detail/psc_get_head_status__struct.hpp
-- Up-to-date: /home/kgh/ws2/install/yzbot_msgs/include/yzbot_msgs/msg/detail/fmq_set__type_support.hpp
-- Up-to-date: /home/kgh/ws2/install/yzbot_msgs/include/yzbot_msgs/msg/detail/ultrasound_result__builder.hpp
-- Up-to-date: /home/kgh/ws2/install/yzbot_msgs/include/yzbot_msgs/msg/detail/charge_ctrl__struct.hpp
-- Up-to-date: /home/kgh/ws2/install/yzbot_msgs/include/yzbot_msgs/msg/detail/obs_result__struct.hpp
-- Up-to-date: /home/kgh/ws2/install/yzbot_msgs/include/yzbot_msgs/msg/detail/robot_button__traits.hpp
-- Up-to-date: /home/kgh/ws2/install/yzbot_msgs/include/yzbot_msgs/msg/detail/obs_result__type_support.hpp
-- Up-to-date: /home/kgh/ws2/install/yzbot_msgs/include/yzbot_msgs/msg/detail/pms_status__type_support.hpp
-- Up-to-date: /home/kgh/ws2/install/yzbot_msgs/include/yzbot_msgs/msg/detail/pms_status__struct.hpp
-- Up-to-date: /home/kgh/ws2/install/yzbot_msgs/include/yzbot_msgs/msg/detail/fmq_set__struct.hpp
-- Up-to-date: /home/kgh/ws2/install/yzbot_msgs/include/yzbot_msgs/msg/detail/robot_button__type_support.hpp
-- Up-to-date: /home/kgh/ws2/install/yzbot_msgs/include/yzbot_msgs/msg/detail/emergency_button__type_support.hpp
-- Up-to-date: /home/kgh/ws2/install/yzbot_msgs/include/yzbot_msgs/msg/detail/charge_ctrl__type_support.hpp
-- Up-to-date: /home/kgh/ws2/install/yzbot_msgs/include/yzbot_msgs/msg/detail/fmq_set__traits.hpp
-- Up-to-date: /home/kgh/ws2/install/yzbot_msgs/include/yzbot_msgs/msg/detail/psc_get_head_status__traits.hpp
-- Up-to-date: /home/kgh/ws2/install/yzbot_msgs/include/yzbot_msgs/msg/detail/psc_get_neck_status__struct.hpp
-- Up-to-date: /home/kgh/ws2/install/yzbot_msgs/include/yzbot_msgs/msg/detail/emergency_button__traits.hpp
-- Up-to-date: /home/kgh/ws2/install/yzbot_msgs/include/yzbot_msgs/msg/detail/emergency_button__builder.hpp
-- Up-to-date: /home/kgh/ws2/install/yzbot_msgs/include/yzbot_msgs/msg/detail/pms_status__builder.hpp
-- Up-to-date: /home/kgh/ws2/install/yzbot_msgs/include/yzbot_msgs/msg/detail/psc_get_neck_status__traits.hpp
-- Up-to-date: /home/kgh/ws2/install/yzbot_msgs/include/yzbot_msgs/msg/detail/ultrasound_result__type_support.hpp
-- Up-to-date: /home/kgh/ws2/install/yzbot_msgs/include/yzbot_msgs/msg/detail/robot_pose__type_support.hpp
-- Up-to-date: /home/kgh/ws2/install/yzbot_msgs/include/yzbot_msgs/msg/detail/ultrasound_result__struct.hpp
-- Up-to-date: /home/kgh/ws2/install/yzbot_msgs/include/yzbot_msgs/msg/detail/pms_status__traits.hpp
-- Up-to-date: /home/kgh/ws2/install/yzbot_msgs/include/yzbot_msgs/msg/detail/robot_button__builder.hpp
-- Up-to-date: /home/kgh/ws2/install/yzbot_msgs/include/yzbot_msgs/msg/detail/psc_get_neck_status__type_support.hpp
-- Up-to-date: /home/kgh/ws2/install/yzbot_msgs/include/yzbot_msgs/msg/detail/emergency_button__struct.hpp
-- Up-to-date: /home/kgh/ws2/install/yzbot_msgs/include/yzbot_msgs/msg/detail/robot_pose__builder.hpp
-- Up-to-date: /home/kgh/ws2/install/yzbot_msgs/include/yzbot_msgs/msg/detail/charge_ctrl__traits.hpp
-- Up-to-date: /home/kgh/ws2/install/yzbot_msgs/include/yzbot_msgs/msg/detail/psc_get_head_status__type_support.hpp
-- Up-to-date: /home/kgh/ws2/install/yzbot_msgs/include/yzbot_msgs/msg/detail/obs_result__traits.hpp
-- Up-to-date: /home/kgh/ws2/install/yzbot_msgs/include/yzbot_msgs/msg/detail/robot_button__struct.hpp
-- Up-to-date: /home/kgh/ws2/install/yzbot_msgs/include/yzbot_msgs/msg/detail/charge_ctrl__builder.hpp
-- Up-to-date: /home/kgh/ws2/install/yzbot_msgs/include/yzbot_msgs/msg/detail/robot_pose__struct.hpp
-- Up-to-date: /home/kgh/ws2/install/yzbot_msgs/include/yzbot_msgs/msg/charge_ctrl.hpp
-- Up-to-date: /home/kgh/ws2/install/yzbot_msgs/include/yzbot_msgs/msg/robot_button.hpp
-- Up-to-date: /home/kgh/ws2/install/yzbot_msgs/include/yzbot_msgs
-- Up-to-date: /home/kgh/ws2/install/yzbot_msgs/include/yzbot_msgs/msg
-- Up-to-date: /home/kgh/ws2/install/yzbot_msgs/include/yzbot_msgs/msg/detail
-- Up-to-date: /home/kgh/ws2/install/yzbot_msgs/include/yzbot_msgs/msg/detail/fmq_set__rosidl_typesupport_introspection_cpp.hpp
-- Up-to-date: /home/kgh/ws2/install/yzbot_msgs/include/yzbot_msgs/msg/detail/robot_button__rosidl_typesupport_introspection_cpp.hpp
-- Up-to-date: /home/kgh/ws2/install/yzbot_msgs/include/yzbot_msgs/msg/detail/pms_status__type_support.cpp
-- Up-to-date: /home/kgh/ws2/install/yzbot_msgs/include/yzbot_msgs/msg/detail/psc_get_neck_status__rosidl_typesupport_introspection_cpp.hpp
-- Up-to-date: /home/kgh/ws2/install/yzbot_msgs/include/yzbot_msgs/msg/detail/pms_status__rosidl_typesupport_introspection_cpp.hpp
-- Up-to-date: /home/kgh/ws2/install/yzbot_msgs/include/yzbot_msgs/msg/detail/obs_result__type_support.cpp
-- Up-to-date: /home/kgh/ws2/install/yzbot_msgs/include/yzbot_msgs/msg/detail/robot_button__type_support.cpp
-- Up-to-date: /home/kgh/ws2/install/yzbot_msgs/include/yzbot_msgs/msg/detail/psc_get_neck_status__type_support.cpp
-- Up-to-date: /home/kgh/ws2/install/yzbot_msgs/include/yzbot_msgs/msg/detail/ultrasound_result__type_support.cpp
-- Up-to-date: /home/kgh/ws2/install/yzbot_msgs/include/yzbot_msgs/msg/detail/charge_ctrl__type_support.cpp
-- Up-to-date: /home/kgh/ws2/install/yzbot_msgs/include/yzbot_msgs/msg/detail/psc_get_head_status__type_support.cpp
-- Up-to-date: /home/kgh/ws2/install/yzbot_msgs/include/yzbot_msgs/msg/detail/ultrasound_result__rosidl_typesupport_introspection_cpp.hpp
-- Up-to-date: /home/kgh/ws2/install/yzbot_msgs/include/yzbot_msgs/msg/detail/robot_pose__type_support.cpp
-- Up-to-date: /home/kgh/ws2/install/yzbot_msgs/include/yzbot_msgs/msg/detail/emergency_button__type_support.cpp
-- Up-to-date: /home/kgh/ws2/install/yzbot_msgs/include/yzbot_msgs/msg/detail/emergency_button__rosidl_typesupport_introspection_cpp.hpp
-- Up-to-date: /home/kgh/ws2/install/yzbot_msgs/include/yzbot_msgs/msg/detail/charge_ctrl__rosidl_typesupport_introspection_cpp.hpp
-- Up-to-date: /home/kgh/ws2/install/yzbot_msgs/include/yzbot_msgs/msg/detail/psc_get_head_status__rosidl_typesupport_introspection_cpp.hpp
-- Up-to-date: /home/kgh/ws2/install/yzbot_msgs/include/yzbot_msgs/msg/detail/fmq_set__type_support.cpp
-- Up-to-date: /home/kgh/ws2/install/yzbot_msgs/include/yzbot_msgs/msg/detail/robot_pose__rosidl_typesupport_introspection_cpp.hpp
-- Up-to-date: /home/kgh/ws2/install/yzbot_msgs/include/yzbot_msgs/msg/detail/obs_result__rosidl_typesupport_introspection_cpp.hpp
-- Up-to-date: /home/kgh/ws2/install/yzbot_msgs/lib/libyzbot_msgs__rosidl_typesupport_introspection_cpp.so
-- Up-to-date: /home/kgh/ws2/install/yzbot_msgs/lib/libyzbot_msgs__rosidl_typesupport_cpp.so
-- Up-to-date: /home/kgh/ws2/install/yzbot_msgs/share/yzbot_msgs/environment/pythonpath.sh
-- Up-to-date: /home/kgh/ws2/install/yzbot_msgs/share/yzbot_msgs/environment/pythonpath.dsv
-- Up-to-date: /home/kgh/ws2/install/yzbot_msgs/lib/python3.8/site-packages/yzbot_msgs/__init__.py
-- Up-to-date: /home/kgh/ws2/install/yzbot_msgs/lib/python3.8/site-packages/yzbot_msgs/msg
-- Up-to-date: /home/kgh/ws2/install/yzbot_msgs/lib/python3.8/site-packages/yzbot_msgs/msg/_obs_result.py
-- Up-to-date: /home/kgh/ws2/install/yzbot_msgs/lib/python3.8/site-packages/yzbot_msgs/msg/_fmq_set.py
-- Up-to-date: /home/kgh/ws2/install/yzbot_msgs/lib/python3.8/site-packages/yzbot_msgs/msg/_robot_pose_s.c
-- Up-to-date: /home/kgh/ws2/install/yzbot_msgs/lib/python3.8/site-packages/yzbot_msgs/msg/_robot_button.py
-- Up-to-date: /home/kgh/ws2/install/yzbot_msgs/lib/python3.8/site-packages/yzbot_msgs/msg/_emergency_button_s.c
-- Up-to-date: /home/kgh/ws2/install/yzbot_msgs/lib/python3.8/site-packages/yzbot_msgs/msg/_pms_status.py
-- Up-to-date: /home/kgh/ws2/install/yzbot_msgs/lib/python3.8/site-packages/yzbot_msgs/msg/_charge_ctrl.py
-- Up-to-date: /home/kgh/ws2/install/yzbot_msgs/lib/python3.8/site-packages/yzbot_msgs/msg/_ultrasound_result.py
-- Up-to-date: /home/kgh/ws2/install/yzbot_msgs/lib/python3.8/site-packages/yzbot_msgs/msg/_robot_button_s.c
-- Up-to-date: /home/kgh/ws2/install/yzbot_msgs/lib/python3.8/site-packages/yzbot_msgs/msg/_psc_get_head_status.py
-- Up-to-date: /home/kgh/ws2/install/yzbot_msgs/lib/python3.8/site-packages/yzbot_msgs/msg/_psc_get_neck_status.py
-- Up-to-date: /home/kgh/ws2/install/yzbot_msgs/lib/python3.8/site-packages/yzbot_msgs/msg/__init__.py
-- Up-to-date: /home/kgh/ws2/install/yzbot_msgs/lib/python3.8/site-packages/yzbot_msgs/msg/_robot_pose.py
-- Up-to-date: /home/kgh/ws2/install/yzbot_msgs/lib/python3.8/site-packages/yzbot_msgs/msg/_fmq_set_s.c
-- Up-to-date: /home/kgh/ws2/install/yzbot_msgs/lib/python3.8/site-packages/yzbot_msgs/msg/_psc_get_neck_status_s.c
-- Up-to-date: /home/kgh/ws2/install/yzbot_msgs/lib/python3.8/site-packages/yzbot_msgs/msg/_psc_get_head_status_s.c
-- Up-to-date: /home/kgh/ws2/install/yzbot_msgs/lib/python3.8/site-packages/yzbot_msgs/msg/_emergency_button.py
-- Up-to-date: /home/kgh/ws2/install/yzbot_msgs/lib/python3.8/site-packages/yzbot_msgs/msg/_ultrasound_result_s.c
-- Up-to-date: /home/kgh/ws2/install/yzbot_msgs/lib/python3.8/site-packages/yzbot_msgs/msg/_pms_status_s.c
-- Up-to-date: /home/kgh/ws2/install/yzbot_msgs/lib/python3.8/site-packages/yzbot_msgs/msg/_obs_result_s.c
-- Up-to-date: /home/kgh/ws2/install/yzbot_msgs/lib/python3.8/site-packages/yzbot_msgs/msg/_charge_ctrl_s.c
-- Up-to-date: /home/kgh/ws2/install/yzbot_msgs/lib/python3.8/site-packages/yzbot_msgs/yzbot_msgs_s__rosidl_typesupport_fastrtps_c.cpython-38-x86_64-linux-gnu.so
-- Up-to-date: /home/kgh/ws2/install/yzbot_msgs/lib/python3.8/site-packages/yzbot_msgs/yzbot_msgs_s__rosidl_typesupport_introspection_c.cpython-38-x86_64-linux-gnu.so
-- Up-to-date: /home/kgh/ws2/install/yzbot_msgs/lib/python3.8/site-packages/yzbot_msgs/yzbot_msgs_s__rosidl_typesupport_c.cpython-38-x86_64-linux-gnu.so
-- Up-to-date: /home/kgh/ws2/install/yzbot_msgs/lib/libyzbot_msgs__python.so
-- Up-to-date: /home/kgh/ws2/install/yzbot_msgs/share/yzbot_msgs/msg/RobotPose.idl
-- Up-to-date: /home/kgh/ws2/install/yzbot_msgs/share/yzbot_msgs/msg/RobotButton.idl
-- Up-to-date: /home/kgh/ws2/install/yzbot_msgs/share/yzbot_msgs/msg/FmqSet.idl
-- Up-to-date: /home/kgh/ws2/install/yzbot_msgs/share/yzbot_msgs/msg/ChargeCtrl.idl
-- Up-to-date: /home/kgh/ws2/install/yzbot_msgs/share/yzbot_msgs/msg/PmsStatus.idl
-- Up-to-date: /home/kgh/ws2/install/yzbot_msgs/share/yzbot_msgs/msg/ObsResult.idl
-- Up-to-date: /home/kgh/ws2/install/yzbot_msgs/share/yzbot_msgs/msg/EmergencyButton.idl
-- Up-to-date: /home/kgh/ws2/install/yzbot_msgs/share/yzbot_msgs/msg/PscGetHeadStatus.idl
-- Up-to-date: /home/kgh/ws2/install/yzbot_msgs/share/yzbot_msgs/msg/PscGetNeckStatus.idl
-- Up-to-date: /home/kgh/ws2/install/yzbot_msgs/share/yzbot_msgs/msg/RobotPose.msg
-- Up-to-date: /home/kgh/ws2/install/yzbot_msgs/share/yzbot_msgs/msg/RobotButton.msg
-- Up-to-date: /home/kgh/ws2/install/yzbot_msgs/share/yzbot_msgs/msg/FmqSet.msg
-- Up-to-date: /home/kgh/ws2/install/yzbot_msgs/share/yzbot_msgs/msg/ChargeCtrl.msg
-- Up-to-date: /home/kgh/ws2/install/yzbot_msgs/share/yzbot_msgs/msg/PmsStatus.msg
-- Up-to-date: /home/kgh/ws2/install/yzbot_msgs/share/yzbot_msgs/msg/ObsResult.msg
-- Up-to-date: /home/kgh/ws2/install/yzbot_msgs/share/yzbot_msgs/msg/EmergencyButton.msg
-- Up-to-date: /home/kgh/ws2/install/yzbot_msgs/share/yzbot_msgs/msg/PscGetHeadStatus.msg
-- Up-to-date: /home/kgh/ws2/install/yzbot_msgs/share/yzbot_msgs/msg/PscGetNeckStatus.msg
-- Up-to-date: /home/kgh/ws2/install/yzbot_msgs/share/ament_index/resource_index/package_run_dependencies/yzbot_msgs
-- Up-to-date: /home/kgh/ws2/install/yzbot_msgs/share/ament_index/resource_index/parent_prefix_path/yzbot_msgs
-- Up-to-date: /home/kgh/ws2/install/yzbot_msgs/share/yzbot_msgs/environment/ament_prefix_path.sh
-- Up-to-date: /home/kgh/ws2/install/yzbot_msgs/share/yzbot_msgs/environment/ament_prefix_path.dsv
-- Up-to-date: /home/kgh/ws2/install/yzbot_msgs/share/yzbot_msgs/environment/path.sh
-- Up-to-date: /home/kgh/ws2/install/yzbot_msgs/share/yzbot_msgs/environment/path.dsv
-- Up-to-date: /home/kgh/ws2/install/yzbot_msgs/share/yzbot_msgs/local_setup.bash
-- Up-to-date: /home/kgh/ws2/install/yzbot_msgs/share/yzbot_msgs/local_setup.sh
-- Up-to-date: /home/kgh/ws2/install/yzbot_msgs/share/yzbot_msgs/local_setup.zsh
-- Up-to-date: /home/kgh/ws2/install/yzbot_msgs/share/yzbot_msgs/local_setup.dsv
-- Installing: /home/kgh/ws2/install/yzbot_msgs/share/yzbot_msgs/package.dsv
-- Up-to-date: /home/kgh/ws2/install/yzbot_msgs/share/ament_index/resource_index/packages/yzbot_msgs
-- Up-to-date: /home/kgh/ws2/install/yzbot_msgs/share/yzbot_msgs/cmake/yzbot_msgs__rosidl_generator_cExport.cmake
-- Up-to-date: /home/kgh/ws2/install/yzbot_msgs/share/yzbot_msgs/cmake/yzbot_msgs__rosidl_generator_cExport-noconfig.cmake
-- Up-to-date: /home/kgh/ws2/install/yzbot_msgs/share/yzbot_msgs/cmake/yzbot_msgs__rosidl_typesupport_introspection_cExport.cmake
-- Up-to-date: /home/kgh/ws2/install/yzbot_msgs/share/yzbot_msgs/cmake/yzbot_msgs__rosidl_typesupport_introspection_cExport-noconfig.cmake
-- Up-to-date: /home/kgh/ws2/install/yzbot_msgs/share/yzbot_msgs/cmake/yzbot_msgs__rosidl_typesupport_cExport.cmake
-- Up-to-date: /home/kgh/ws2/install/yzbot_msgs/share/yzbot_msgs/cmake/yzbot_msgs__rosidl_typesupport_cExport-noconfig.cmake
-- Up-to-date: /home/kgh/ws2/install/yzbot_msgs/share/yzbot_msgs/cmake/yzbot_msgs__rosidl_generator_cppExport.cmake
-- Up-to-date: /home/kgh/ws2/install/yzbot_msgs/share/yzbot_msgs/cmake/yzbot_msgs__rosidl_typesupport_introspection_cppExport.cmake
-- Up-to-date: /home/kgh/ws2/install/yzbot_msgs/share/yzbot_msgs/cmake/yzbot_msgs__rosidl_typesupport_introspection_cppExport-noconfig.cmake
-- Up-to-date: /home/kgh/ws2/install/yzbot_msgs/share/yzbot_msgs/cmake/yzbot_msgs__rosidl_typesupport_cppExport.cmake
-- Up-to-date: /home/kgh/ws2/install/yzbot_msgs/share/yzbot_msgs/cmake/yzbot_msgs__rosidl_typesupport_cppExport-noconfig.cmake
-- Up-to-date: /home/kgh/ws2/install/yzbot_msgs/share/yzbot_msgs/cmake/rosidl_cmake-extras.cmake
-- Up-to-date: /home/kgh/ws2/install/yzbot_msgs/share/yzbot_msgs/cmake/ament_cmake_export_dependencies-extras.cmake
-- Up-to-date: /home/kgh/ws2/install/yzbot_msgs/share/yzbot_msgs/cmake/ament_cmake_export_libraries-extras.cmake
-- Up-to-date: /home/kgh/ws2/install/yzbot_msgs/share/yzbot_msgs/cmake/ament_cmake_export_targets-extras.cmake
-- Up-to-date: /home/kgh/ws2/install/yzbot_msgs/share/yzbot_msgs/cmake/ament_cmake_export_include_directories-extras.cmake
-- Up-to-date: /home/kgh/ws2/install/yzbot_msgs/share/yzbot_msgs/cmake/rosidl_cmake_export_typesupport_libraries-extras.cmake
-- Up-to-date: /home/kgh/ws2/install/yzbot_msgs/share/yzbot_msgs/cmake/rosidl_cmake_export_typesupport_targets-extras.cmake
-- Up-to-date: /home/kgh/ws2/install/yzbot_msgs/share/yzbot_msgs/cmake/yzbot_msgsConfig.cmake
-- Up-to-date: /home/kgh/ws2/install/yzbot_msgs/share/yzbot_msgs/cmake/yzbot_msgsConfig-version.cmake
-- Up-to-date: /home/kgh/ws2/install/yzbot_msgs/share/yzbot_msgs/package.xml
