[0.122s] Invoking command in '/home/kgh/ws2/build/yzbot_stm32connect': CMAKE_PREFIX_PATH=/home/kgh/ws2/install/yzbot_msgs:/home/kgh/ws2/install/yzbot_stm32connect:/home/kgh/ws2/install/yzbot_nav2:/home/kgh/ws2/install/yzbot_cartographer:/home/kgh/ws2/install/nav2_system_tests:/home/kgh/ws2/install/nav2_bringup:/home/kgh/ws2/install/navigation2:/home/kgh/ws2/install/smac_planner:/home/kgh/ws2/install/nav2_dwb_controller:/home/kgh/ws2/install/nav2_controller:/home/kgh/ws2/install/dwb_plugins:/home/kgh/ws2/install/dwb_critics:/home/kgh/ws2/install/dwb_core:/home/kgh/ws2/install/nav_2d_utils:/home/kgh/ws2/install/dwb_msgs:/home/kgh/ws2/install/nav_2d_msgs:/home/kgh/ws2/install/nav2_waypoint_follower:/home/kgh/ws2/install/nav2_regulated_pure_pursuit_controller:/home/kgh/ws2/install/nav2_recoveries:/home/kgh/ws2/install/nav2_planner:/home/kgh/ws2/install/nav2_navfn_planner:/home/kgh/ws2/install/nav2_core:/home/kgh/ws2/install/costmap_queue:/home/kgh/ws2/install/nav2_costmap_2d:/home/kgh/ws2/install/nav2_voxel_grid:/home/kgh/ws2/install/nav2_rviz_plugins:/home/kgh/ws2/install/nav2_map_server:/home/kgh/ws2/install/nav2_lifecycle_manager:/home/kgh/ws2/install/nav2_bt_navigator:/home/kgh/ws2/install/nav2_behavior_tree:/home/kgh/ws2/install/nav2_amcl:/home/kgh/ws2/install/nav2_util:/home/kgh/ws2/install/nav2_msgs:/home/kgh/ws2/install/nav2_common:/home/kgh/ws2/install/bluesea2:/home/kgh/ws2/install/yzbot_description:/home/kgh/ws2/install/yzbot_controller:/home/kgh/ws2/install/nav2_gazebo_spawner:/opt/ros/foxy /usr/bin/cmake --build /home/kgh/ws2/build/yzbot_stm32connect -- -j16 -l16
[0.204s] [ 50%] Built target serial
[0.227s] [35m[1mScanning dependencies of target stm32_connect[0m
[0.260s] [ 75%] [32mBuilding CXX object CMakeFiles/stm32_connect.dir/src/stm32_connect.cpp.o[0m
[0.261s] [ 75%] [32mBuilding CXX object CMakeFiles/stm32_connect.dir/src/plc.cpp.o[0m
[0.634s] In file included from [01m[K/home/kgh/ws2/src/yzbot_stm32connect/src/stm32_connect.cpp:1[m[K:
[0.634s] [01m[K/home/kgh/ws2/src/yzbot_stm32connect/include/stm32_connect.hpp:12:10:[m[K [01;31m[Kfatal error: [m[Kyzbot_msgs/msg/RobotPose.hpp: 没有那个文件或目录
[0.634s]    12 | #include [01;31m[K<yzbot_msgs/msg/RobotPose.hpp>[m[K
[0.634s]       |          [01;31m[K^~~~~~~~~~~~~~~~~~~~~~~~~~~~~~[m[K
[0.635s] compilation terminated.
[0.648s] make[2]: *** [CMakeFiles/stm32_connect.dir/build.make:63：CMakeFiles/stm32_connect.dir/src/stm32_connect.cpp.o] 错误 1
[0.648s] make[2]: *** 正在等待未完成的任务....
[2.136s] In file included from [01m[K/home/kgh/ws2/src/yzbot_stm32connect/src/plc.cpp:1[m[K:
[2.136s] [01m[K/home/kgh/ws2/src/yzbot_stm32connect/include/plc.hpp:51:23:[m[K [01;31m[Kerror: [m[K‘[01m[Kyzbot_msgs[m[K’ was not declared in this scope
[2.136s]    51 |     rclcpp::Publisher<[01;31m[Kyzbot_msgs[m[K::msg::RobotPose>::SharedPtr robot_pose_pub;
[2.136s]       |                       [01;31m[K^~~~~~~~~~[m[K
[2.136s] [01m[K/home/kgh/ws2/src/yzbot_stm32connect/include/plc.hpp:51:49:[m[K [01;31m[Kerror: [m[Ktemplate argument 1 is invalid
[2.136s]    51 |     rclcpp::Publisher<yzbot_msgs::msg::RobotPose[01;31m[K>[m[K::SharedPtr robot_pose_pub;
[2.136s]       |                                                 [01;31m[K^[m[K
[2.136s] [01m[K/home/kgh/ws2/src/yzbot_stm32connect/include/plc.hpp:51:52:[m[K [01;31m[Kerror: [m[Kexpected ‘[01m[K;[m[K’ at end of member declaration
[2.136s]    51 |     rclcpp::Publisher<yzbot_msgs::msg::RobotPose>::[01;31m[KSharedPtr[m[K robot_pose_pub;
[2.136s]       |                                                    [01;31m[K^~~~~~~~~[m[K
[2.136s]       |                                                             [32m[K;[m[K
[2.138s] [01m[K/home/kgh/ws2/src/yzbot_stm32connect/include/plc.hpp:51:62:[m[K [01;31m[Kerror: [m[K‘[01m[Krobot_pose_pub[m[K’ does not name a type; did you mean ‘[01m[KRobot_pose[m[K’?
[2.139s]    51 |     rclcpp::Publisher<yzbot_msgs::msg::RobotPose>::SharedPtr [01;31m[Krobot_pose_pub[m[K;
[2.139s]       |                                                              [01;31m[K^~~~~~~~~~~~~~[m[K
[2.139s]       |                                                              [32m[KRobot_pose[m[K
[2.154s] [01m[K/home/kgh/ws2/src/yzbot_stm32connect/src/plc.cpp:[m[K In constructor ‘[01m[KPLC::PLC(RobotSerial*)[m[K’:
[2.154s] [01m[K/home/kgh/ws2/src/yzbot_stm32connect/src/plc.cpp:15:5:[m[K [01;31m[Kerror: [m[K‘[01m[Krobot_pose_pub[m[K’ was not declared in this scope; did you mean ‘[01m[KRobot_pose[m[K’?
[2.154s]    15 |     [01;31m[Krobot_pose_pub[m[K = this->create_publisher<yzbot_msgs::msg::RobotPose>("robot_pose", 10);
[2.154s]       |     [01;31m[K^~~~~~~~~~~~~~[m[K
[2.154s]       |     [32m[KRobot_pose[m[K
[2.157s] [01m[K/home/kgh/ws2/src/yzbot_stm32connect/src/plc.cpp:15:45:[m[K [01;31m[Kerror: [m[K‘[01m[Kyzbot_msgs[m[K’ was not declared in this scope
[2.157s]    15 |     robot_pose_pub = this->create_publisher<[01;31m[Kyzbot_msgs[m[K::msg::RobotPose>("robot_pose", 10);
[2.157s]       |                                             [01;31m[K^~~~~~~~~~[m[K
[2.157s] [01m[K/home/kgh/ws2/src/yzbot_stm32connect/src/plc.cpp:15:28:[m[K [01;31m[Kerror: [m[Kparse error in template argument list
[2.157s]    15 |     robot_pose_pub = this->[01;31m[Kcreate_publisher<yzbot_msgs::msg::RobotPose>[m[K("robot_pose", 10);
[2.157s]       |                            [01;31m[K^~~~~~~~~~~~~~~~~~~~~~~~~~~~~~~~~~~~~~~~~~~~[m[K
[2.157s] [01m[K/home/kgh/ws2/src/yzbot_stm32connect/src/plc.cpp:15:89:[m[K [01;31m[Kerror: [m[Kno matching function for call to ‘[01m[KPLC::create_publisher<<expression error> >(const char [11], int)[m[K’
[2.157s]    15 |     robot_pose_pub = this->create_publisher<yzbot_msgs::msg::RobotPose>("robot_pose", 10[01;31m[K)[m[K;
[2.158s]       |                                                                                         [01;31m[K^[m[K
[2.158s] In file included from [01m[K/opt/ros/foxy/include/rclcpp/node.hpp:1224[m[K,
[2.158s]                  from [01m[K/opt/ros/foxy/include/rclcpp/executors/single_threaded_executor.hpp:28[m[K,
[2.158s]                  from [01m[K/opt/ros/foxy/include/rclcpp/executors.hpp:22[m[K,
[2.158s]                  from [01m[K/opt/ros/foxy/include/rclcpp/rclcpp.hpp:146[m[K,
[2.158s]                  from [01m[K/home/kgh/ws2/src/yzbot_stm32connect/include/plc.hpp:4[m[K,
[2.158s]                  from [01m[K/home/kgh/ws2/src/yzbot_stm32connect/src/plc.cpp:1[m[K:
[2.158s] [01m[K/opt/ros/foxy/include/rclcpp/node_impl.hpp:71:1:[m[K [01;36m[Knote: [m[Kcandidate: ‘[01m[Ktemplate<class MessageT, class AllocatorT, class PublisherT> std::shared_ptr<PublisherT> rclcpp::Node::create_publisher(const string&, const rclcpp::QoS&, const rclcpp::PublisherOptionsWithAllocator<AllocatorT>&)[m[K’
[2.158s]    71 | [01;36m[KNode[m[K::create_publisher(
[2.158s]       | [01;36m[K^~~~[m[K
[2.158s] [01m[K/opt/ros/foxy/include/rclcpp/node_impl.hpp:71:1:[m[K [01;36m[Knote: [m[K  template argument deduction/substitution failed:
[2.158s] [01m[K/home/kgh/ws2/src/yzbot_stm32connect/src/plc.cpp:15:89:[m[K [01;31m[Kerror: [m[Ktemplate argument 1 is invalid
[2.158s]    15 |     robot_pose_pub = this->create_publisher<yzbot_msgs::msg::RobotPose>("robot_pose", 10[01;31m[K)[m[K;
[2.158s]       |                                                                                         [01;31m[K^[m[K
[2.172s] [01m[K/home/kgh/ws2/src/yzbot_stm32connect/src/plc.cpp:[m[K In member function ‘[01m[Kint PLC::pub_odom(short int, short int, short int, short int, float, float, float, float)[m[K’:
[2.172s] [01m[K/home/kgh/ws2/src/yzbot_stm32connect/src/plc.cpp:40:29:[m[K [01;35m[Kwarning: [m[Kunused parameter ‘[01m[Kvx[m[K’ [[01;35m[K-Wunused-parameter[m[K]
[2.173s]    40 | int PLC::pub_odom([01;35m[Kshort int vx[m[K, short int vy, short int t1, short int t2, float angle_v, float angle, float n_vx, float n_vth)
[2.173s]       |                   [01;35m[K~~~~~~~~~~^~[m[K
[2.173s] [01m[K/home/kgh/ws2/src/yzbot_stm32connect/src/plc.cpp:40:43:[m[K [01;35m[Kwarning: [m[Kunused parameter ‘[01m[Kvy[m[K’ [[01;35m[K-Wunused-parameter[m[K]
[2.173s]    40 | int PLC::pub_odom(short int vx, [01;35m[Kshort int vy[m[K, short int t1, short int t2, float angle_v, float angle, float n_vx, float n_vth)
[2.173s]       |                                 [01;35m[K~~~~~~~~~~^~[m[K
[2.173s] [01m[K/home/kgh/ws2/src/yzbot_stm32connect/src/plc.cpp:40:81:[m[K [01;35m[Kwarning: [m[Kunused parameter ‘[01m[Kangle_v[m[K’ [[01;35m[K-Wunused-parameter[m[K]
[2.173s]    40 | int PLC::pub_odom(short int vx, short int vy, short int t1, short int t2, [01;35m[Kfloat angle_v[m[K, float angle, float n_vx, float n_vth)
[2.173s]       |                                                                           [01;35m[K~~~~~~^~~~~~~[m[K
[2.173s] [01m[K/home/kgh/ws2/src/yzbot_stm32connect/src/plc.cpp:40:109:[m[K [01;35m[Kwarning: [m[Kunused parameter ‘[01m[Kn_vx[m[K’ [[01;35m[K-Wunused-parameter[m[K]
[2.173s]    40 | int PLC::pub_odom(short int vx, short int vy, short int t1, short int t2, float angle_v, float angle, [01;35m[Kfloat n_vx[m[K, float n_vth)
[2.173s]       |                                                                                                       [01;35m[K~~~~~~^~~~[m[K
[2.173s] [01m[K/home/kgh/ws2/src/yzbot_stm32connect/src/plc.cpp:40:121:[m[K [01;35m[Kwarning: [m[Kunused parameter ‘[01m[Kn_vth[m[K’ [[01;35m[K-Wunused-parameter[m[K]
[2.173s]    40 | int PLC::pub_odom(short int vx, short int vy, short int t1, short int t2, float angle_v, float angle, float n_vx, [01;35m[Kfloat n_vth[m[K)
[2.173s]       |                                                                                                                   [01;35m[K~~~~~~^~~~~[m[K
[2.173s] [01m[K/home/kgh/ws2/src/yzbot_stm32connect/src/plc.cpp:[m[K In member function ‘[01m[Kvoid PLC::pub_robot_pose(int, int, double, double)[m[K’:
[2.173s] [01m[K/home/kgh/ws2/src/yzbot_stm32connect/src/plc.cpp:148:16:[m[K [01;35m[Kwarning: [m[Kunused variable ‘[01m[Kper_angle[m[K’ [[01;35m[K-Wunused-variable[m[K]
[2.174s]   148 |   static float [01;35m[Kper_angle[m[K = 0;
[2.174s]       |                [01;35m[K^~~~~~~~~[m[K
[2.174s] [01m[K/home/kgh/ws2/src/yzbot_stm32connect/src/plc.cpp:149:16:[m[K [01;35m[Kwarning: [m[Kunused variable ‘[01m[Ktrueth_angle[m[K’ [[01;35m[K-Wunused-variable[m[K]
[2.174s]   149 |   static float [01;35m[Ktrueth_angle[m[K = 0;
[2.174s]       |                [01;35m[K^~~~~~~~~~~~[m[K
[2.174s] [01m[K/home/kgh/ws2/src/yzbot_stm32connect/src/plc.cpp:146:30:[m[K [01;35m[Kwarning: [m[Kunused parameter ‘[01m[Kleft_t[m[K’ [[01;35m[K-Wunused-parameter[m[K]
[2.174s]   146 | void PLC::pub_robot_pose([01;35m[Kint left_t[m[K, int right_t, double angle_t, double angle_l)
[2.174s]       |                          [01;35m[K~~~~^~~~~~[m[K
[2.174s] [01m[K/home/kgh/ws2/src/yzbot_stm32connect/src/plc.cpp:146:42:[m[K [01;35m[Kwarning: [m[Kunused parameter ‘[01m[Kright_t[m[K’ [[01;35m[K-Wunused-parameter[m[K]
[2.174s]   146 | void PLC::pub_robot_pose(int left_t, [01;35m[Kint right_t[m[K, double angle_t, double angle_l)
[2.174s]       |                                      [01;35m[K~~~~^~~~~~~[m[K
[2.174s] [01m[K/home/kgh/ws2/src/yzbot_stm32connect/src/plc.cpp:146:58:[m[K [01;35m[Kwarning: [m[Kunused parameter ‘[01m[Kangle_t[m[K’ [[01;35m[K-Wunused-parameter[m[K]
[2.174s]   146 | void PLC::pub_robot_pose(int left_t, int right_t, [01;35m[Kdouble angle_t[m[K, double angle_l)
[2.174s]       |                                                   [01;35m[K~~~~~~~^~~~~~~[m[K
[2.174s] [01m[K/home/kgh/ws2/src/yzbot_stm32connect/src/plc.cpp:146:74:[m[K [01;35m[Kwarning: [m[Kunused parameter ‘[01m[Kangle_l[m[K’ [[01;35m[K-Wunused-parameter[m[K]
[2.174s]   146 | void PLC::pub_robot_pose(int left_t, int right_t, double angle_t, [01;35m[Kdouble angle_l[m[K)
[2.175s]       |                                                                   [01;35m[K~~~~~~~^~~~~~~[m[K
[3.698s] [01m[K/home/kgh/ws2/src/yzbot_stm32connect/src/plc.cpp:[m[K At global scope:
[3.699s] [01m[K/home/kgh/ws2/src/yzbot_stm32connect/src/plc.cpp:149:16:[m[K [01;35m[Kwarning: [m[K‘[01m[Ktrueth_angle[m[K’ defined but not used [[01;35m[K-Wunused-variable[m[K]
[3.699s]   149 |   static float [01;35m[Ktrueth_angle[m[K = 0;
[3.699s]       |                [01;35m[K^~~~~~~~~~~~[m[K
[3.699s] [01m[K/home/kgh/ws2/src/yzbot_stm32connect/src/plc.cpp:148:16:[m[K [01;35m[Kwarning: [m[K‘[01m[Kper_angle[m[K’ defined but not used [[01;35m[K-Wunused-variable[m[K]
[3.699s]   148 |   static float [01;35m[Kper_angle[m[K = 0;
[3.699s]       |                [01;35m[K^~~~~~~~~[m[K
[3.750s] make[2]: *** [CMakeFiles/stm32_connect.dir/build.make:89：CMakeFiles/stm32_connect.dir/src/plc.cpp.o] 错误 1
[3.751s] make[1]: *** [CMakeFiles/Makefile2:80：CMakeFiles/stm32_connect.dir/all] 错误 2
[3.751s] make: *** [Makefile:141：all] 错误 2
[3.756s] Invoked command in '/home/kgh/ws2/build/yzbot_stm32connect' returned '2': CMAKE_PREFIX_PATH=/home/kgh/ws2/install/yzbot_msgs:/home/kgh/ws2/install/yzbot_stm32connect:/home/kgh/ws2/install/yzbot_nav2:/home/kgh/ws2/install/yzbot_cartographer:/home/kgh/ws2/install/nav2_system_tests:/home/kgh/ws2/install/nav2_bringup:/home/kgh/ws2/install/navigation2:/home/kgh/ws2/install/smac_planner:/home/kgh/ws2/install/nav2_dwb_controller:/home/kgh/ws2/install/nav2_controller:/home/kgh/ws2/install/dwb_plugins:/home/kgh/ws2/install/dwb_critics:/home/kgh/ws2/install/dwb_core:/home/kgh/ws2/install/nav_2d_utils:/home/kgh/ws2/install/dwb_msgs:/home/kgh/ws2/install/nav_2d_msgs:/home/kgh/ws2/install/nav2_waypoint_follower:/home/kgh/ws2/install/nav2_regulated_pure_pursuit_controller:/home/kgh/ws2/install/nav2_recoveries:/home/kgh/ws2/install/nav2_planner:/home/kgh/ws2/install/nav2_navfn_planner:/home/kgh/ws2/install/nav2_core:/home/kgh/ws2/install/costmap_queue:/home/kgh/ws2/install/nav2_costmap_2d:/home/kgh/ws2/install/nav2_voxel_grid:/home/kgh/ws2/install/nav2_rviz_plugins:/home/kgh/ws2/install/nav2_map_server:/home/kgh/ws2/install/nav2_lifecycle_manager:/home/kgh/ws2/install/nav2_bt_navigator:/home/kgh/ws2/install/nav2_behavior_tree:/home/kgh/ws2/install/nav2_amcl:/home/kgh/ws2/install/nav2_util:/home/kgh/ws2/install/nav2_msgs:/home/kgh/ws2/install/nav2_common:/home/kgh/ws2/install/bluesea2:/home/kgh/ws2/install/yzbot_description:/home/kgh/ws2/install/yzbot_controller:/home/kgh/ws2/install/nav2_gazebo_spawner:/opt/ros/foxy /usr/bin/cmake --build /home/kgh/ws2/build/yzbot_stm32connect -- -j16 -l16
