[0.643s] Invoking command in '/home/kgh/ws2/build/yzbot_cartographer': CMAKE_PREFIX_PATH=${CMAKE_PREFIX_PATH}:/home/kgh/ws2/install/yzbot_description:/home/kgh/ws2/install/yzbot_controller:/home/kgh/ws2/install/nav2_gazebo_spawner:/opt/ros/foxy /usr/bin/cmake /home/kgh/ws2/src/yzbot_cartographer -DCMAKE_INSTALL_PREFIX=/home/kgh/ws2/install/yzbot_cartographer
[0.706s] -- The C compiler identification is GNU 9.4.0
[0.774s] -- The CXX compiler identification is GNU 9.4.0
[0.782s] -- Check for working C compiler: /usr/bin/cc
[0.877s] -- Check for working C compiler: /usr/bin/cc -- works
[0.878s] -- Detecting C compiler ABI info
[0.953s] -- Detecting C compiler ABI info - done
[0.967s] -- Detecting C compile features
[0.967s] -- Detecting C compile features - done
[0.970s] -- Check for working CXX compiler: /usr/bin/c++
[1.053s] -- Check for working CXX compiler: /usr/bin/c++ -- works
[1.054s] -- Detecting CXX compiler ABI info
[1.142s] -- Detecting CXX compiler ABI info - done
[1.150s] -- Detecting CXX compile features
[1.151s] -- Detecting CXX compile features - done
[1.154s] -- Found ament_cmake: 0.9.12 (/opt/ros/foxy/share/ament_cmake/cmake)
[1.176s] -- Found PythonInterp: /usr/bin/python3 (found suitable version "3.8.10", minimum required is "3") 
[1.176s] -- Using PYTHON_EXECUTABLE: /usr/bin/python3
[1.386s] -- Found ament_lint_auto: 0.9.8 (/opt/ros/foxy/share/ament_lint_auto/cmake)
[1.505s] -- Added test 'copyright' to check source files copyright and LICENSE
[1.506s] -- Added test 'flake8' to check Python code syntax and style conventions
[1.506s] -- Added test 'lint_cmake' to check CMake code style
[1.506s] -- Added test 'pep257' to check Python code against some of the style conventions in PEP 257
[1.507s] -- Added test 'xmllint' to check XML markup files
[1.508s] -- Configuring done
[1.509s] -- Generating done
[1.510s] -- Build files have been written to: /home/kgh/ws2/build/yzbot_cartographer
[1.907s] Invoked command in '/home/kgh/ws2/build/yzbot_cartographer' returned '0': CMAKE_PREFIX_PATH=${CMAKE_PREFIX_PATH}:/home/kgh/ws2/install/yzbot_description:/home/kgh/ws2/install/yzbot_controller:/home/kgh/ws2/install/nav2_gazebo_spawner:/opt/ros/foxy /usr/bin/cmake /home/kgh/ws2/src/yzbot_cartographer -DCMAKE_INSTALL_PREFIX=/home/kgh/ws2/install/yzbot_cartographer
[1.909s] Invoking command in '/home/kgh/ws2/build/yzbot_cartographer': CMAKE_PREFIX_PATH=${CMAKE_PREFIX_PATH}:/home/kgh/ws2/install/yzbot_description:/home/kgh/ws2/install/yzbot_controller:/home/kgh/ws2/install/nav2_gazebo_spawner:/opt/ros/foxy /usr/bin/cmake --build /home/kgh/ws2/build/yzbot_cartographer -- -j16 -l16
[1.985s] Invoked command in '/home/kgh/ws2/build/yzbot_cartographer' returned '0': CMAKE_PREFIX_PATH=${CMAKE_PREFIX_PATH}:/home/kgh/ws2/install/yzbot_description:/home/kgh/ws2/install/yzbot_controller:/home/kgh/ws2/install/nav2_gazebo_spawner:/opt/ros/foxy /usr/bin/cmake --build /home/kgh/ws2/build/yzbot_cartographer -- -j16 -l16
[2.035s] Invoking command in '/home/kgh/ws2/build/yzbot_cartographer': CMAKE_PREFIX_PATH=${CMAKE_PREFIX_PATH}:/home/kgh/ws2/install/yzbot_description:/home/kgh/ws2/install/yzbot_controller:/home/kgh/ws2/install/nav2_gazebo_spawner:/opt/ros/foxy /usr/bin/cmake --install /home/kgh/ws2/build/yzbot_cartographer
[2.056s] -- Install configuration: ""
[2.056s] -- Installing: /home/kgh/ws2/install/yzbot_cartographer/share/yzbot_cartographer/config
[2.056s] -- Installing: /home/kgh/ws2/install/yzbot_cartographer/share/yzbot_cartographer/config/yzbot_2d.lua
[2.056s] -- Installing: /home/kgh/ws2/install/yzbot_cartographer/share/yzbot_cartographer/launch
[2.056s] -- Installing: /home/kgh/ws2/install/yzbot_cartographer/share/yzbot_cartographer/launch/cartographer.launch.py
[2.056s] -- Installing: /home/kgh/ws2/install/yzbot_cartographer/share/yzbot_cartographer/rviz
[2.057s] -- Installing: /home/kgh/ws2/install/yzbot_cartographer/share/yzbot_cartographer/rviz/yzbot_cartographer.rviz
[2.057s] -- Installing: /home/kgh/ws2/install/yzbot_cartographer/share/ament_index/resource_index/package_run_dependencies/yzbot_cartographer
[2.057s] -- Installing: /home/kgh/ws2/install/yzbot_cartographer/share/ament_index/resource_index/parent_prefix_path/yzbot_cartographer
[2.057s] -- Installing: /home/kgh/ws2/install/yzbot_cartographer/share/yzbot_cartographer/environment/ament_prefix_path.sh
[2.057s] -- Installing: /home/kgh/ws2/install/yzbot_cartographer/share/yzbot_cartographer/environment/ament_prefix_path.dsv
[2.057s] -- Installing: /home/kgh/ws2/install/yzbot_cartographer/share/yzbot_cartographer/environment/path.sh
[2.057s] -- Installing: /home/kgh/ws2/install/yzbot_cartographer/share/yzbot_cartographer/environment/path.dsv
[2.057s] -- Installing: /home/kgh/ws2/install/yzbot_cartographer/share/yzbot_cartographer/local_setup.bash
[2.058s] -- Installing: /home/kgh/ws2/install/yzbot_cartographer/share/yzbot_cartographer/local_setup.sh
[2.058s] -- Installing: /home/kgh/ws2/install/yzbot_cartographer/share/yzbot_cartographer/local_setup.zsh
[2.058s] -- Installing: /home/kgh/ws2/install/yzbot_cartographer/share/yzbot_cartographer/local_setup.dsv
[2.058s] -- Installing: /home/kgh/ws2/install/yzbot_cartographer/share/yzbot_cartographer/package.dsv
[2.058s] -- Installing: /home/kgh/ws2/install/yzbot_cartographer/share/ament_index/resource_index/packages/yzbot_cartographer
[2.058s] -- Installing: /home/kgh/ws2/install/yzbot_cartographer/share/yzbot_cartographer/cmake/yzbot_cartographerConfig.cmake
[2.059s] -- Installing: /home/kgh/ws2/install/yzbot_cartographer/share/yzbot_cartographer/cmake/yzbot_cartographerConfig-version.cmake
[2.059s] -- Installing: /home/kgh/ws2/install/yzbot_cartographer/share/yzbot_cartographer/package.xml
[2.061s] Invoked command in '/home/kgh/ws2/build/yzbot_cartographer' returned '0': CMAKE_PREFIX_PATH=${CMAKE_PREFIX_PATH}:/home/kgh/ws2/install/yzbot_description:/home/kgh/ws2/install/yzbot_controller:/home/kgh/ws2/install/nav2_gazebo_spawner:/opt/ros/foxy /usr/bin/cmake --install /home/kgh/ws2/build/yzbot_cartographer
