[0.105s] Invoking command in '/home/kgh/ws2/build/yzbot_msgs': CMAKE_PREFIX_PATH=${CMAKE_PREFIX_PATH}:/home/kgh/ws2/install/yzbot_description:/home/kgh/ws2/install/yzbot_controller:/home/kgh/ws2/install/nav2_gazebo_spawner:/opt/ros/foxy /usr/bin/cmake --build /home/kgh/ws2/build/yzbot_msgs -- -j16 -l16
[0.132s] -- Found ament_cmake: 0.9.12 (/opt/ros/foxy/share/ament_cmake/cmake)
[0.153s] -- Found PythonInterp: /usr/bin/python3 (found suitable version "3.8.10", minimum required is "3") 
[0.154s] -- Using PYTHON_EXECUTABLE: /usr/bin/python3
[0.285s] -- Found rosidl_default_generators: 1.0.1 (/opt/ros/foxy/share/rosidl_default_generators/cmake)
[0.291s] -- Using all available rosidl_typesupport_c: rosidl_typesupport_fastrtps_c;rosidl_typesupport_introspection_c
[0.293s] -- Found rosidl_adapter: 1.3.1 (/opt/ros/foxy/share/rosidl_adapter/cmake)
[0.408s] -- Using all available rosidl_typesupport_cpp: rosidl_typesupport_fastrtps_cpp;rosidl_typesupport_introspection_cpp
[0.424s] -- Found ament_lint_auto: 0.9.8 (/opt/ros/foxy/share/ament_lint_auto/cmake)
[0.497s] -- Found PythonInterp: /usr/bin/python3 (found version "3.8.10") 
[0.573s] -- Found ament_cmake_ros: 0.9.2 (/opt/ros/foxy/share/ament_cmake_ros/cmake)
[0.664s] -- Using all available rosidl_typesupport_c: rosidl_typesupport_fastrtps_c;rosidl_typesupport_introspection_c
[0.673s] -- Using all available rosidl_typesupport_cpp: rosidl_typesupport_fastrtps_cpp;rosidl_typesupport_introspection_cpp
[0.695s] -- Found PythonInterp: /usr/bin/python3 (found suitable version "3.8.10", minimum required is "3.5") 
[0.695s] -- Found python_cmake_module: 0.8.1 (/opt/ros/foxy/share/python_cmake_module/cmake)
[0.722s] -- Using PYTHON_EXECUTABLE: /usr/bin/python3
[0.722s] -- Using PYTHON_INCLUDE_DIRS: /usr/include/python3.8
[0.722s] -- Using PYTHON_LIBRARIES: /usr/lib/x86_64-linux-gnu/libpython3.8.so
[0.745s] -- Added test 'copyright' to check source files copyright and LICENSE
[0.746s] -- Added test 'lint_cmake' to check CMake code style
[0.747s] -- Added test 'xmllint' to check XML markup files
[0.752s] -- Configuring done
[0.791s] -- Generating done
[0.793s] -- Build files have been written to: /home/kgh/ws2/build/yzbot_msgs
[0.828s] [  1%] [34m[1mGenerating C code for ROS interfaces[0m
[0.828s] [35m[1mScanning dependencies of target yzbot_msgs__cpp[0m
[0.839s] [  2%] [34m[1mGenerating C++ code for ROS interfaces[0m
[1.223s] [  2%] Built target yzbot_msgs__cpp
[1.239s] [  3%] [34m[1mGenerating C++ type support dispatch for ROS interfaces[0m
[1.239s] [  5%] [34m[1mGenerating C++ type support for eProsima Fast-RTPS[0m
[1.239s] [  5%] [34m[1mGenerating C++ introspection for ROS interfaces[0m
[1.286s] [35m[1mScanning dependencies of target yzbot_msgs__rosidl_generator_c[0m
[1.306s] [  7%] [32mBuilding C object CMakeFiles/yzbot_msgs__rosidl_generator_c.dir/rosidl_generator_c/yzbot_msgs/msg/detail/robot_pose__functions.c.o[0m
[1.306s] [  7%] [32mBuilding C object CMakeFiles/yzbot_msgs__rosidl_generator_c.dir/rosidl_generator_c/yzbot_msgs/msg/detail/pms_status__functions.c.o[0m
[1.306s] [  8%] [32mBuilding C object CMakeFiles/yzbot_msgs__rosidl_generator_c.dir/rosidl_generator_c/yzbot_msgs/msg/detail/charge_ctrl__functions.c.o[0m
[1.306s] [  9%] [32mBuilding C object CMakeFiles/yzbot_msgs__rosidl_generator_c.dir/rosidl_generator_c/yzbot_msgs/msg/detail/psc_get_neck_status__functions.c.o[0m
[1.306s] [ 10%] [32mBuilding C object CMakeFiles/yzbot_msgs__rosidl_generator_c.dir/rosidl_generator_c/yzbot_msgs/msg/detail/obs_result__functions.c.o[0m
[1.307s] [ 11%] [32mBuilding C object CMakeFiles/yzbot_msgs__rosidl_generator_c.dir/rosidl_generator_c/yzbot_msgs/msg/detail/robot_button__functions.c.o[0m
[1.309s] [ 12%] [32mBuilding C object CMakeFiles/yzbot_msgs__rosidl_generator_c.dir/rosidl_generator_c/yzbot_msgs/msg/detail/emergency_button__functions.c.o[0m
[1.309s] [ 14%] [32mBuilding C object CMakeFiles/yzbot_msgs__rosidl_generator_c.dir/rosidl_generator_c/yzbot_msgs/msg/detail/fmq_set__functions.c.o[0m
[1.309s] [ 13%] [32mBuilding C object CMakeFiles/yzbot_msgs__rosidl_generator_c.dir/rosidl_generator_c/yzbot_msgs/msg/detail/psc_get_head_status__functions.c.o[0m
[1.368s] [ 15%] [32m[1mLinking C shared library libyzbot_msgs__rosidl_generator_c.so[0m
[1.402s] [ 15%] Built target yzbot_msgs__rosidl_generator_c
[1.413s] [ 17%] [34m[1mGenerating C introspection for ROS interfaces[0m
[1.413s] [ 17%] [34m[1mGenerating C type support dispatch for ROS interfaces[0m
[1.613s] [35m[1mScanning dependencies of target yzbot_msgs__rosidl_typesupport_cpp[0m
[1.634s] [ 22%] [32mBuilding CXX object CMakeFiles/yzbot_msgs__rosidl_typesupport_cpp.dir/rosidl_typesupport_cpp/yzbot_msgs/msg/fmq_set__type_support.cpp.o[0m
[1.634s] [ 22%] [32mBuilding CXX object CMakeFiles/yzbot_msgs__rosidl_typesupport_cpp.dir/rosidl_typesupport_cpp/yzbot_msgs/msg/robot_pose__type_support.cpp.o[0m
[1.634s] [ 23%] [32mBuilding CXX object CMakeFiles/yzbot_msgs__rosidl_typesupport_cpp.dir/rosidl_typesupport_cpp/yzbot_msgs/msg/robot_button__type_support.cpp.o[0m
[1.634s] [ 24%] [32mBuilding CXX object CMakeFiles/yzbot_msgs__rosidl_typesupport_cpp.dir/rosidl_typesupport_cpp/yzbot_msgs/msg/emergency_button__type_support.cpp.o[0m
[1.635s] [ 22%] [32mBuilding CXX object CMakeFiles/yzbot_msgs__rosidl_typesupport_cpp.dir/rosidl_typesupport_cpp/yzbot_msgs/msg/charge_ctrl__type_support.cpp.o[0m
[1.636s] [ 22%] [32mBuilding CXX object CMakeFiles/yzbot_msgs__rosidl_typesupport_cpp.dir/rosidl_typesupport_cpp/yzbot_msgs/msg/pms_status__type_support.cpp.o[0m
[1.637s] [ 25%] [32mBuilding CXX object CMakeFiles/yzbot_msgs__rosidl_typesupport_cpp.dir/rosidl_typesupport_cpp/yzbot_msgs/msg/obs_result__type_support.cpp.o[0m
[1.641s] [ 26%] [32mBuilding CXX object CMakeFiles/yzbot_msgs__rosidl_typesupport_cpp.dir/rosidl_typesupport_cpp/yzbot_msgs/msg/psc_get_head_status__type_support.cpp.o[0m
[1.667s] [ 27%] [32mBuilding CXX object CMakeFiles/yzbot_msgs__rosidl_typesupport_cpp.dir/rosidl_typesupport_cpp/yzbot_msgs/msg/psc_get_neck_status__type_support.cpp.o[0m
[1.795s] [35m[1mScanning dependencies of target yzbot_msgs__rosidl_typesupport_fastrtps_cpp[0m
[1.823s] [35m[1mScanning dependencies of target yzbot_msgs__rosidl_typesupport_introspection_cpp[0m
[1.854s] [ 28%] [32mBuilding CXX object CMakeFiles/yzbot_msgs__rosidl_typesupport_fastrtps_cpp.dir/rosidl_typesupport_fastrtps_cpp/yzbot_msgs/msg/detail/dds_fastrtps/robot_button__type_support.cpp.o[0m
[1.868s] [ 29%] [32mBuilding CXX object CMakeFiles/yzbot_msgs__rosidl_typesupport_introspection_cpp.dir/rosidl_typesupport_introspection_cpp/yzbot_msgs/msg/detail/robot_pose__type_support.cpp.o[0m
[1.880s] [ 30%] [32mBuilding CXX object CMakeFiles/yzbot_msgs__rosidl_typesupport_fastrtps_cpp.dir/rosidl_typesupport_fastrtps_cpp/yzbot_msgs/msg/detail/dds_fastrtps/fmq_set__type_support.cpp.o[0m
[1.882s] [ 31%] [32mBuilding CXX object CMakeFiles/yzbot_msgs__rosidl_typesupport_fastrtps_cpp.dir/rosidl_typesupport_fastrtps_cpp/yzbot_msgs/msg/detail/dds_fastrtps/charge_ctrl__type_support.cpp.o[0m
[1.894s] [ 32%] [32mBuilding CXX object CMakeFiles/yzbot_msgs__rosidl_typesupport_fastrtps_cpp.dir/rosidl_typesupport_fastrtps_cpp/yzbot_msgs/msg/detail/dds_fastrtps/robot_pose__type_support.cpp.o[0m
[1.902s] [35m[1mScanning dependencies of target yzbot_msgs__rosidl_typesupport_c[0m
[1.991s] [ 33%] [32mBuilding CXX object CMakeFiles/yzbot_msgs__rosidl_typesupport_c.dir/rosidl_typesupport_c/yzbot_msgs/msg/robot_pose__type_support.cpp.o[0m
[2.038s] [ 34%] [32mBuilding CXX object CMakeFiles/yzbot_msgs__rosidl_typesupport_introspection_cpp.dir/rosidl_typesupport_introspection_cpp/yzbot_msgs/msg/detail/robot_button__type_support.cpp.o[0m
[2.046s] [ 35%] [32mBuilding CXX object CMakeFiles/yzbot_msgs__rosidl_typesupport_c.dir/rosidl_typesupport_c/yzbot_msgs/msg/robot_button__type_support.cpp.o[0m
[2.064s] [ 36%] [32mBuilding CXX object CMakeFiles/yzbot_msgs__rosidl_typesupport_c.dir/rosidl_typesupport_c/yzbot_msgs/msg/fmq_set__type_support.cpp.o[0m
[2.084s] [ 37%] [32mBuilding CXX object CMakeFiles/yzbot_msgs__rosidl_typesupport_c.dir/rosidl_typesupport_c/yzbot_msgs/msg/charge_ctrl__type_support.cpp.o[0m
[2.089s] [ 38%] [32mBuilding CXX object CMakeFiles/yzbot_msgs__rosidl_typesupport_c.dir/rosidl_typesupport_c/yzbot_msgs/msg/pms_status__type_support.cpp.o[0m
[2.106s] [ 40%] [32mBuilding CXX object CMakeFiles/yzbot_msgs__rosidl_typesupport_c.dir/rosidl_typesupport_c/yzbot_msgs/msg/obs_result__type_support.cpp.o[0m
[2.108s] [ 41%] [32mBuilding CXX object CMakeFiles/yzbot_msgs__rosidl_typesupport_c.dir/rosidl_typesupport_c/yzbot_msgs/msg/emergency_button__type_support.cpp.o[0m
[2.115s] [ 42%] [32mBuilding CXX object CMakeFiles/yzbot_msgs__rosidl_typesupport_c.dir/rosidl_typesupport_c/yzbot_msgs/msg/psc_get_head_status__type_support.cpp.o[0m
[2.137s] [ 43%] [32mBuilding CXX object CMakeFiles/yzbot_msgs__rosidl_typesupport_introspection_cpp.dir/rosidl_typesupport_introspection_cpp/yzbot_msgs/msg/detail/fmq_set__type_support.cpp.o[0m
[2.149s] [ 44%] [32mBuilding CXX object CMakeFiles/yzbot_msgs__rosidl_typesupport_c.dir/rosidl_typesupport_c/yzbot_msgs/msg/psc_get_neck_status__type_support.cpp.o[0m
[2.152s] [ 45%] [32m[1mLinking CXX shared library libyzbot_msgs__rosidl_typesupport_cpp.so[0m
[2.159s] [ 47%] [32mBuilding CXX object CMakeFiles/yzbot_msgs__rosidl_typesupport_introspection_cpp.dir/rosidl_typesupport_introspection_cpp/yzbot_msgs/msg/detail/charge_ctrl__type_support.cpp.o[0m
[2.161s] [ 47%] [32mBuilding CXX object CMakeFiles/yzbot_msgs__rosidl_typesupport_fastrtps_cpp.dir/rosidl_typesupport_fastrtps_cpp/yzbot_msgs/msg/detail/dds_fastrtps/pms_status__type_support.cpp.o[0m
[2.161s] [ 48%] [32mBuilding CXX object CMakeFiles/yzbot_msgs__rosidl_typesupport_fastrtps_cpp.dir/rosidl_typesupport_fastrtps_cpp/yzbot_msgs/msg/detail/dds_fastrtps/emergency_button__type_support.cpp.o[0m
[2.169s] [ 49%] [32mBuilding CXX object CMakeFiles/yzbot_msgs__rosidl_typesupport_fastrtps_cpp.dir/rosidl_typesupport_fastrtps_cpp/yzbot_msgs/msg/detail/dds_fastrtps/obs_result__type_support.cpp.o[0m
[2.194s] [ 51%] [32mBuilding CXX object CMakeFiles/yzbot_msgs__rosidl_typesupport_introspection_cpp.dir/rosidl_typesupport_introspection_cpp/yzbot_msgs/msg/detail/pms_status__type_support.cpp.o[0m
[2.196s] [ 51%] [32mBuilding CXX object CMakeFiles/yzbot_msgs__rosidl_typesupport_fastrtps_cpp.dir/rosidl_typesupport_fastrtps_cpp/yzbot_msgs/msg/detail/dds_fastrtps/psc_get_head_status__type_support.cpp.o[0m
[2.235s] [ 52%] [32m[1mLinking CXX shared library libyzbot_msgs__rosidl_typesupport_c.so[0m
[2.263s] [ 52%] Built target yzbot_msgs__rosidl_typesupport_cpp
[2.284s] [35m[1mScanning dependencies of target yzbot_msgs__rosidl_typesupport_introspection_c[0m
[2.324s] [ 53%] [32mBuilding CXX object CMakeFiles/yzbot_msgs__rosidl_typesupport_introspection_cpp.dir/rosidl_typesupport_introspection_cpp/yzbot_msgs/msg/detail/obs_result__type_support.cpp.o[0m
[2.366s] [ 53%] Built target yzbot_msgs__rosidl_typesupport_c
[2.371s] [ 54%] [32mBuilding C object CMakeFiles/yzbot_msgs__rosidl_typesupport_introspection_c.dir/rosidl_typesupport_introspection_c/yzbot_msgs/msg/detail/robot_pose__type_support.c.o[0m
[2.390s] [ 55%] [32mBuilding C object CMakeFiles/yzbot_msgs__rosidl_typesupport_introspection_c.dir/rosidl_typesupport_introspection_c/yzbot_msgs/msg/detail/fmq_set__type_support.c.o[0m
[2.410s] [ 56%] [32mBuilding C object CMakeFiles/yzbot_msgs__rosidl_typesupport_introspection_c.dir/rosidl_typesupport_introspection_c/yzbot_msgs/msg/detail/robot_button__type_support.c.o[0m
[2.443s] [ 57%] [32mBuilding C object CMakeFiles/yzbot_msgs__rosidl_typesupport_introspection_c.dir/rosidl_typesupport_introspection_c/yzbot_msgs/msg/detail/charge_ctrl__type_support.c.o[0m
[2.479s] [ 58%] [32mBuilding C object CMakeFiles/yzbot_msgs__rosidl_typesupport_introspection_c.dir/rosidl_typesupport_introspection_c/yzbot_msgs/msg/detail/pms_status__type_support.c.o[0m
[2.498s] [ 60%] [32mBuilding CXX object CMakeFiles/yzbot_msgs__rosidl_typesupport_introspection_cpp.dir/rosidl_typesupport_introspection_cpp/yzbot_msgs/msg/detail/emergency_button__type_support.cpp.o[0m
[2.529s] [ 61%] [32mBuilding C object CMakeFiles/yzbot_msgs__rosidl_typesupport_introspection_c.dir/rosidl_typesupport_introspection_c/yzbot_msgs/msg/detail/obs_result__type_support.c.o[0m
[2.544s] [ 62%] [32mBuilding CXX object CMakeFiles/yzbot_msgs__rosidl_typesupport_fastrtps_cpp.dir/rosidl_typesupport_fastrtps_cpp/yzbot_msgs/msg/detail/dds_fastrtps/psc_get_neck_status__type_support.cpp.o[0m
[2.557s] [ 63%] [32mBuilding C object CMakeFiles/yzbot_msgs__rosidl_typesupport_introspection_c.dir/rosidl_typesupport_introspection_c/yzbot_msgs/msg/detail/emergency_button__type_support.c.o[0m
[2.566s] [ 64%] [32mBuilding C object CMakeFiles/yzbot_msgs__rosidl_typesupport_introspection_c.dir/rosidl_typesupport_introspection_c/yzbot_msgs/msg/detail/psc_get_head_status__type_support.c.o[0m
[2.608s] [ 65%] [32mBuilding CXX object CMakeFiles/yzbot_msgs__rosidl_typesupport_introspection_cpp.dir/rosidl_typesupport_introspection_cpp/yzbot_msgs/msg/detail/psc_get_head_status__type_support.cpp.o[0m
[2.616s] [ 66%] [32mBuilding CXX object CMakeFiles/yzbot_msgs__rosidl_typesupport_introspection_cpp.dir/rosidl_typesupport_introspection_cpp/yzbot_msgs/msg/detail/psc_get_neck_status__type_support.cpp.o[0m
[2.626s] [ 67%] [32mBuilding C object CMakeFiles/yzbot_msgs__rosidl_typesupport_introspection_c.dir/rosidl_typesupport_introspection_c/yzbot_msgs/msg/detail/psc_get_neck_status__type_support.c.o[0m
[2.676s] [ 68%] [32m[1mLinking C shared library libyzbot_msgs__rosidl_typesupport_introspection_c.so[0m
[2.721s] [ 68%] Built target yzbot_msgs__rosidl_typesupport_introspection_c
[2.889s] [ 69%] [32m[1mLinking CXX shared library libyzbot_msgs__rosidl_typesupport_introspection_cpp.so[0m
[2.928s] [ 69%] Built target yzbot_msgs__rosidl_typesupport_introspection_cpp
[2.975s] [ 70%] [32m[1mLinking CXX shared library libyzbot_msgs__rosidl_typesupport_fastrtps_cpp.so[0m
[3.044s] [ 70%] Built target yzbot_msgs__rosidl_typesupport_fastrtps_cpp
[3.057s] [ 71%] [34m[1mGenerating C type support for eProsima Fast-RTPS[0m
[3.384s] [35m[1mScanning dependencies of target yzbot_msgs__rosidl_typesupport_fastrtps_c[0m
[3.404s] [ 73%] [32mBuilding CXX object CMakeFiles/yzbot_msgs__rosidl_typesupport_fastrtps_c.dir/rosidl_typesupport_fastrtps_c/yzbot_msgs/msg/detail/obs_result__type_support_c.cpp.o[0m
[3.404s] [ 73%] [32mBuilding CXX object CMakeFiles/yzbot_msgs__rosidl_typesupport_fastrtps_c.dir/rosidl_typesupport_fastrtps_c/yzbot_msgs/msg/detail/charge_ctrl__type_support_c.cpp.o[0m
[3.405s] [ 74%] [32mBuilding CXX object CMakeFiles/yzbot_msgs__rosidl_typesupport_fastrtps_c.dir/rosidl_typesupport_fastrtps_c/yzbot_msgs/msg/detail/psc_get_head_status__type_support_c.cpp.o[0m
[3.405s] [ 75%] [32mBuilding CXX object CMakeFiles/yzbot_msgs__rosidl_typesupport_fastrtps_c.dir/rosidl_typesupport_fastrtps_c/yzbot_msgs/msg/detail/robot_button__type_support_c.cpp.o[0m
[3.405s] [ 77%] [32mBuilding CXX object CMakeFiles/yzbot_msgs__rosidl_typesupport_fastrtps_c.dir/rosidl_typesupport_fastrtps_c/yzbot_msgs/msg/detail/robot_pose__type_support_c.cpp.o[0m
[3.406s] [ 77%] [32mBuilding CXX object CMakeFiles/yzbot_msgs__rosidl_typesupport_fastrtps_c.dir/rosidl_typesupport_fastrtps_c/yzbot_msgs/msg/detail/emergency_button__type_support_c.cpp.o[0m
[3.406s] [ 78%] [32mBuilding CXX object CMakeFiles/yzbot_msgs__rosidl_typesupport_fastrtps_c.dir/rosidl_typesupport_fastrtps_c/yzbot_msgs/msg/detail/pms_status__type_support_c.cpp.o[0m
[3.406s] [ 80%] [32mBuilding CXX object CMakeFiles/yzbot_msgs__rosidl_typesupport_fastrtps_c.dir/rosidl_typesupport_fastrtps_c/yzbot_msgs/msg/detail/fmq_set__type_support_c.cpp.o[0m
[3.407s] [ 81%] [32mBuilding CXX object CMakeFiles/yzbot_msgs__rosidl_typesupport_fastrtps_c.dir/rosidl_typesupport_fastrtps_c/yzbot_msgs/msg/detail/psc_get_neck_status__type_support_c.cpp.o[0m
[3.859s] [ 82%] [32m[1mLinking CXX shared library libyzbot_msgs__rosidl_typesupport_fastrtps_c.so[0m
[3.926s] [ 82%] Built target yzbot_msgs__rosidl_typesupport_fastrtps_c
[3.946s] [ 82%] Built target yzbot_msgs
[3.957s] [35m[1mScanning dependencies of target yzbot_msgs__py[0m
[3.968s] [ 83%] [34m[1mGenerating Python code for ROS interfaces[0m
[4.675s] [ 83%] Built target yzbot_msgs__py
[4.687s] [35m[1mScanning dependencies of target yzbot_msgs__python[0m
[4.719s] [ 84%] [32mBuilding C object CMakeFiles/yzbot_msgs__python.dir/rosidl_generator_py/yzbot_msgs/msg/_psc_get_head_status_s.c.o[0m
[4.720s] [ 86%] [32mBuilding C object CMakeFiles/yzbot_msgs__python.dir/rosidl_generator_py/yzbot_msgs/msg/_obs_result_s.c.o[0m
[4.720s] [ 86%] [32mBuilding C object CMakeFiles/yzbot_msgs__python.dir/rosidl_generator_py/yzbot_msgs/msg/_robot_pose_s.c.o[0m
[4.720s] [ 87%] [32mBuilding C object CMakeFiles/yzbot_msgs__python.dir/rosidl_generator_py/yzbot_msgs/msg/_emergency_button_s.c.o[0m
[4.720s] [ 88%] [32mBuilding C object CMakeFiles/yzbot_msgs__python.dir/rosidl_generator_py/yzbot_msgs/msg/_fmq_set_s.c.o[0m
[4.720s] [ 89%] [32mBuilding C object CMakeFiles/yzbot_msgs__python.dir/rosidl_generator_py/yzbot_msgs/msg/_robot_button_s.c.o[0m
[4.720s] [ 90%] [32mBuilding C object CMakeFiles/yzbot_msgs__python.dir/rosidl_generator_py/yzbot_msgs/msg/_psc_get_neck_status_s.c.o[0m
[4.720s] [ 91%] [32mBuilding C object CMakeFiles/yzbot_msgs__python.dir/rosidl_generator_py/yzbot_msgs/msg/_pms_status_s.c.o[0m
[4.721s] [ 92%] [32mBuilding C object CMakeFiles/yzbot_msgs__python.dir/rosidl_generator_py/yzbot_msgs/msg/_charge_ctrl_s.c.o[0m
[4.837s] [ 93%] [32m[1mLinking C shared library rosidl_generator_py/yzbot_msgs/libyzbot_msgs__python.so[0m
[4.874s] [ 93%] Built target yzbot_msgs__python
[4.885s] [35m[1mScanning dependencies of target yzbot_msgs__rosidl_typesupport_c__pyext[0m
[4.885s] [35m[1mScanning dependencies of target yzbot_msgs__rosidl_typesupport_fastrtps_c__pyext[0m
[4.885s] [35m[1mScanning dependencies of target yzbot_msgs__rosidl_typesupport_introspection_c__pyext[0m
[4.902s] [ 94%] [32mBuilding C object CMakeFiles/yzbot_msgs__rosidl_typesupport_introspection_c__pyext.dir/rosidl_generator_py/yzbot_msgs/_yzbot_msgs_s.ep.rosidl_typesupport_introspection_c.c.o[0m
[4.904s] [ 95%] [32mBuilding C object CMakeFiles/yzbot_msgs__rosidl_typesupport_fastrtps_c__pyext.dir/rosidl_generator_py/yzbot_msgs/_yzbot_msgs_s.ep.rosidl_typesupport_fastrtps_c.c.o[0m
[4.904s] [ 96%] [32mBuilding C object CMakeFiles/yzbot_msgs__rosidl_typesupport_c__pyext.dir/rosidl_generator_py/yzbot_msgs/_yzbot_msgs_s.ep.rosidl_typesupport_c.c.o[0m
[4.992s] [ 98%] [32m[1mLinking CXX shared library rosidl_generator_py/yzbot_msgs/yzbot_msgs_s__rosidl_typesupport_fastrtps_c.cpython-38-x86_64-linux-gnu.so[0m
[4.992s] [ 98%] [32m[1mLinking C shared library rosidl_generator_py/yzbot_msgs/yzbot_msgs_s__rosidl_typesupport_c.cpython-38-x86_64-linux-gnu.so[0m
[4.992s] [100%] [32m[1mLinking C shared library rosidl_generator_py/yzbot_msgs/yzbot_msgs_s__rosidl_typesupport_introspection_c.cpython-38-x86_64-linux-gnu.so[0m
[5.028s] [100%] Built target yzbot_msgs__rosidl_typesupport_c__pyext
[5.028s] [100%] Built target yzbot_msgs__rosidl_typesupport_introspection_c__pyext
[5.050s] [100%] Built target yzbot_msgs__rosidl_typesupport_fastrtps_c__pyext
[5.062s] Invoked command in '/home/kgh/ws2/build/yzbot_msgs' returned '0': CMAKE_PREFIX_PATH=${CMAKE_PREFIX_PATH}:/home/kgh/ws2/install/yzbot_description:/home/kgh/ws2/install/yzbot_controller:/home/kgh/ws2/install/nav2_gazebo_spawner:/opt/ros/foxy /usr/bin/cmake --build /home/kgh/ws2/build/yzbot_msgs -- -j16 -l16
[5.243s] Invoking command in '/home/kgh/ws2/build/yzbot_msgs': CMAKE_PREFIX_PATH=${CMAKE_PREFIX_PATH}:/home/kgh/ws2/install/yzbot_description:/home/kgh/ws2/install/yzbot_controller:/home/kgh/ws2/install/nav2_gazebo_spawner:/opt/ros/foxy /usr/bin/cmake --install /home/kgh/ws2/build/yzbot_msgs
[5.253s] -- Install configuration: ""
[5.253s] -- Installing: /home/kgh/ws2/install/yzbot_msgs/share/ament_index/resource_index/rosidl_interfaces/yzbot_msgs
[5.253s] -- Up-to-date: /home/kgh/ws2/install/yzbot_msgs/include/yzbot_msgs
[5.253s] -- Up-to-date: /home/kgh/ws2/install/yzbot_msgs/include/yzbot_msgs/msg
[5.253s] -- Installing: /home/kgh/ws2/install/yzbot_msgs/include/yzbot_msgs/msg/fmq_set.h
[5.253s] -- Up-to-date: /home/kgh/ws2/install/yzbot_msgs/include/yzbot_msgs/msg/rosidl_generator_c__visibility_control.h
[5.253s] -- Installing: /home/kgh/ws2/install/yzbot_msgs/include/yzbot_msgs/msg/robot_pose.h
[5.253s] -- Installing: /home/kgh/ws2/install/yzbot_msgs/include/yzbot_msgs/msg/psc_get_neck_status.h
[5.254s] -- Installing: /home/kgh/ws2/install/yzbot_msgs/include/yzbot_msgs/msg/pms_status.h
[5.254s] -- Installing: /home/kgh/ws2/install/yzbot_msgs/include/yzbot_msgs/msg/obs_result.h
[5.254s] -- Installing: /home/kgh/ws2/install/yzbot_msgs/include/yzbot_msgs/msg/robot_button.h
[5.254s] -- Up-to-date: /home/kgh/ws2/install/yzbot_msgs/include/yzbot_msgs/msg/detail
[5.254s] -- Installing: /home/kgh/ws2/install/yzbot_msgs/include/yzbot_msgs/msg/detail/emergency_button__functions.c
[5.254s] -- Up-to-date: /home/kgh/ws2/install/yzbot_msgs/include/yzbot_msgs/msg/detail/ultrasound_result__functions.c
[5.254s] -- Installing: /home/kgh/ws2/install/yzbot_msgs/include/yzbot_msgs/msg/detail/psc_get_neck_status__functions.c
[5.254s] -- Installing: /home/kgh/ws2/install/yzbot_msgs/include/yzbot_msgs/msg/detail/emergency_button__type_support.h
[5.254s] -- Installing: /home/kgh/ws2/install/yzbot_msgs/include/yzbot_msgs/msg/detail/psc_get_head_status__type_support.h
[5.254s] -- Installing: /home/kgh/ws2/install/yzbot_msgs/include/yzbot_msgs/msg/detail/robot_button__struct.h
[5.255s] -- Installing: /home/kgh/ws2/install/yzbot_msgs/include/yzbot_msgs/msg/detail/charge_ctrl__type_support.h
[5.255s] -- Installing: /home/kgh/ws2/install/yzbot_msgs/include/yzbot_msgs/msg/detail/charge_ctrl__functions.h
[5.255s] -- Installing: /home/kgh/ws2/install/yzbot_msgs/include/yzbot_msgs/msg/detail/fmq_set__struct.h
[5.255s] -- Up-to-date: /home/kgh/ws2/install/yzbot_msgs/include/yzbot_msgs/msg/detail/ultrasound_result__struct.h
[5.255s] -- Installing: /home/kgh/ws2/install/yzbot_msgs/include/yzbot_msgs/msg/detail/pms_status__struct.h
[5.255s] -- Up-to-date: /home/kgh/ws2/install/yzbot_msgs/include/yzbot_msgs/msg/detail/ultrasound_result__functions.h
[5.255s] -- Installing: /home/kgh/ws2/install/yzbot_msgs/include/yzbot_msgs/msg/detail/fmq_set__functions.h
[5.255s] -- Installing: /home/kgh/ws2/install/yzbot_msgs/include/yzbot_msgs/msg/detail/robot_pose__functions.c
[5.255s] -- Installing: /home/kgh/ws2/install/yzbot_msgs/include/yzbot_msgs/msg/detail/fmq_set__functions.c
[5.256s] -- Installing: /home/kgh/ws2/install/yzbot_msgs/include/yzbot_msgs/msg/detail/charge_ctrl__functions.c
[5.256s] -- Installing: /home/kgh/ws2/install/yzbot_msgs/include/yzbot_msgs/msg/detail/charge_ctrl__struct.h
[5.256s] -- Installing: /home/kgh/ws2/install/yzbot_msgs/include/yzbot_msgs/msg/detail/pms_status__functions.h
[5.256s] -- Installing: /home/kgh/ws2/install/yzbot_msgs/include/yzbot_msgs/msg/detail/robot_pose__struct.h
[5.256s] -- Installing: /home/kgh/ws2/install/yzbot_msgs/include/yzbot_msgs/msg/detail/obs_result__type_support.h
[5.256s] -- Installing: /home/kgh/ws2/install/yzbot_msgs/include/yzbot_msgs/msg/detail/robot_pose__type_support.h
[5.256s] -- Installing: /home/kgh/ws2/install/yzbot_msgs/include/yzbot_msgs/msg/detail/robot_button__type_support.h
[5.256s] -- Installing: /home/kgh/ws2/install/yzbot_msgs/include/yzbot_msgs/msg/detail/pms_status__functions.c
[5.256s] -- Installing: /home/kgh/ws2/install/yzbot_msgs/include/yzbot_msgs/msg/detail/robot_pose__functions.h
[5.256s] -- Up-to-date: /home/kgh/ws2/install/yzbot_msgs/include/yzbot_msgs/msg/detail/ultrasound_result__type_support.h
[5.257s] -- Installing: /home/kgh/ws2/install/yzbot_msgs/include/yzbot_msgs/msg/detail/obs_result__functions.h
[5.257s] -- Installing: /home/kgh/ws2/install/yzbot_msgs/include/yzbot_msgs/msg/detail/obs_result__struct.h
[5.257s] -- Installing: /home/kgh/ws2/install/yzbot_msgs/include/yzbot_msgs/msg/detail/robot_button__functions.h
[5.257s] -- Installing: /home/kgh/ws2/install/yzbot_msgs/include/yzbot_msgs/msg/detail/robot_button__functions.c
[5.257s] -- Installing: /home/kgh/ws2/install/yzbot_msgs/include/yzbot_msgs/msg/detail/psc_get_head_status__functions.h
[5.257s] -- Installing: /home/kgh/ws2/install/yzbot_msgs/include/yzbot_msgs/msg/detail/psc_get_head_status__struct.h
[5.257s] -- Installing: /home/kgh/ws2/install/yzbot_msgs/include/yzbot_msgs/msg/detail/psc_get_neck_status__struct.h
[5.257s] -- Installing: /home/kgh/ws2/install/yzbot_msgs/include/yzbot_msgs/msg/detail/psc_get_neck_status__functions.h
[5.257s] -- Installing: /home/kgh/ws2/install/yzbot_msgs/include/yzbot_msgs/msg/detail/emergency_button__struct.h
[5.258s] -- Installing: /home/kgh/ws2/install/yzbot_msgs/include/yzbot_msgs/msg/detail/emergency_button__functions.h
[5.258s] -- Installing: /home/kgh/ws2/install/yzbot_msgs/include/yzbot_msgs/msg/detail/pms_status__type_support.h
[5.258s] -- Installing: /home/kgh/ws2/install/yzbot_msgs/include/yzbot_msgs/msg/detail/psc_get_neck_status__type_support.h
[5.258s] -- Installing: /home/kgh/ws2/install/yzbot_msgs/include/yzbot_msgs/msg/detail/fmq_set__type_support.h
[5.258s] -- Installing: /home/kgh/ws2/install/yzbot_msgs/include/yzbot_msgs/msg/detail/obs_result__functions.c
[5.258s] -- Installing: /home/kgh/ws2/install/yzbot_msgs/include/yzbot_msgs/msg/detail/psc_get_head_status__functions.c
[5.258s] -- Installing: /home/kgh/ws2/install/yzbot_msgs/include/yzbot_msgs/msg/psc_get_head_status.h
[5.258s] -- Up-to-date: /home/kgh/ws2/install/yzbot_msgs/include/yzbot_msgs/msg/ultrasound_result.h
[5.258s] -- Installing: /home/kgh/ws2/install/yzbot_msgs/include/yzbot_msgs/msg/emergency_button.h
[5.258s] -- Installing: /home/kgh/ws2/install/yzbot_msgs/include/yzbot_msgs/msg/charge_ctrl.h
[5.259s] -- Up-to-date: /home/kgh/ws2/install/yzbot_msgs/share/yzbot_msgs/environment/library_path.sh
[5.259s] -- Installing: /home/kgh/ws2/install/yzbot_msgs/share/yzbot_msgs/environment/library_path.dsv
[5.259s] -- Installing: /home/kgh/ws2/install/yzbot_msgs/lib/libyzbot_msgs__rosidl_generator_c.so
[5.259s] -- Set runtime path of "/home/kgh/ws2/install/yzbot_msgs/lib/libyzbot_msgs__rosidl_generator_c.so" to ""
[5.259s] -- Up-to-date: /home/kgh/ws2/install/yzbot_msgs/include/yzbot_msgs
[5.259s] -- Up-to-date: /home/kgh/ws2/install/yzbot_msgs/include/yzbot_msgs/msg
[5.260s] -- Up-to-date: /home/kgh/ws2/install/yzbot_msgs/include/yzbot_msgs/msg/rosidl_typesupport_fastrtps_c__visibility_control.h
[5.260s] -- Up-to-date: /home/kgh/ws2/install/yzbot_msgs/include/yzbot_msgs/msg/detail
[5.260s] -- Installing: /home/kgh/ws2/install/yzbot_msgs/include/yzbot_msgs/msg/detail/obs_result__rosidl_typesupport_fastrtps_c.h
[5.260s] -- Installing: /home/kgh/ws2/install/yzbot_msgs/include/yzbot_msgs/msg/detail/fmq_set__rosidl_typesupport_fastrtps_c.h
[5.260s] -- Up-to-date: /home/kgh/ws2/install/yzbot_msgs/include/yzbot_msgs/msg/detail/ultrasound_result__rosidl_typesupport_fastrtps_c.h
[5.260s] -- Installing: /home/kgh/ws2/install/yzbot_msgs/include/yzbot_msgs/msg/detail/charge_ctrl__rosidl_typesupport_fastrtps_c.h
[5.260s] -- Installing: /home/kgh/ws2/install/yzbot_msgs/include/yzbot_msgs/msg/detail/psc_get_head_status__rosidl_typesupport_fastrtps_c.h
[5.260s] -- Installing: /home/kgh/ws2/install/yzbot_msgs/include/yzbot_msgs/msg/detail/robot_button__rosidl_typesupport_fastrtps_c.h
[5.260s] -- Installing: /home/kgh/ws2/install/yzbot_msgs/include/yzbot_msgs/msg/detail/robot_pose__rosidl_typesupport_fastrtps_c.h
[5.260s] -- Installing: /home/kgh/ws2/install/yzbot_msgs/include/yzbot_msgs/msg/detail/psc_get_neck_status__rosidl_typesupport_fastrtps_c.h
[5.261s] -- Installing: /home/kgh/ws2/install/yzbot_msgs/include/yzbot_msgs/msg/detail/emergency_button__rosidl_typesupport_fastrtps_c.h
[5.261s] -- Installing: /home/kgh/ws2/install/yzbot_msgs/include/yzbot_msgs/msg/detail/pms_status__rosidl_typesupport_fastrtps_c.h
[5.261s] -- Installing: /home/kgh/ws2/install/yzbot_msgs/lib/libyzbot_msgs__rosidl_typesupport_fastrtps_c.so
[5.261s] -- Set runtime path of "/home/kgh/ws2/install/yzbot_msgs/lib/libyzbot_msgs__rosidl_typesupport_fastrtps_c.so" to ""
[5.261s] -- Up-to-date: /home/kgh/ws2/install/yzbot_msgs/include/yzbot_msgs
[5.261s] -- Up-to-date: /home/kgh/ws2/install/yzbot_msgs/include/yzbot_msgs/msg
[5.261s] -- Up-to-date: /home/kgh/ws2/install/yzbot_msgs/include/yzbot_msgs/msg/rosidl_typesupport_fastrtps_cpp__visibility_control.h
[5.261s] -- Up-to-date: /home/kgh/ws2/install/yzbot_msgs/include/yzbot_msgs/msg/detail
[5.261s] -- Installing: /home/kgh/ws2/install/yzbot_msgs/include/yzbot_msgs/msg/detail/psc_get_head_status__rosidl_typesupport_fastrtps_cpp.hpp
[5.262s] -- Installing: /home/kgh/ws2/install/yzbot_msgs/include/yzbot_msgs/msg/detail/pms_status__rosidl_typesupport_fastrtps_cpp.hpp
[5.262s] -- Installing: /home/kgh/ws2/install/yzbot_msgs/include/yzbot_msgs/msg/detail/emergency_button__rosidl_typesupport_fastrtps_cpp.hpp
[5.262s] -- Installing: /home/kgh/ws2/install/yzbot_msgs/include/yzbot_msgs/msg/detail/robot_pose__rosidl_typesupport_fastrtps_cpp.hpp
[5.262s] -- Installing: /home/kgh/ws2/install/yzbot_msgs/include/yzbot_msgs/msg/detail/robot_button__rosidl_typesupport_fastrtps_cpp.hpp
[5.262s] -- Installing: /home/kgh/ws2/install/yzbot_msgs/include/yzbot_msgs/msg/detail/fmq_set__rosidl_typesupport_fastrtps_cpp.hpp
[5.262s] -- Up-to-date: /home/kgh/ws2/install/yzbot_msgs/include/yzbot_msgs/msg/detail/dds_fastrtps
[5.262s] -- Installing: /home/kgh/ws2/install/yzbot_msgs/include/yzbot_msgs/msg/detail/charge_ctrl__rosidl_typesupport_fastrtps_cpp.hpp
[5.262s] -- Installing: /home/kgh/ws2/install/yzbot_msgs/include/yzbot_msgs/msg/detail/psc_get_neck_status__rosidl_typesupport_fastrtps_cpp.hpp
[5.262s] -- Up-to-date: /home/kgh/ws2/install/yzbot_msgs/include/yzbot_msgs/msg/detail/ultrasound_result__rosidl_typesupport_fastrtps_cpp.hpp
[5.262s] -- Installing: /home/kgh/ws2/install/yzbot_msgs/include/yzbot_msgs/msg/detail/obs_result__rosidl_typesupport_fastrtps_cpp.hpp
[5.262s] -- Installing: /home/kgh/ws2/install/yzbot_msgs/lib/libyzbot_msgs__rosidl_typesupport_fastrtps_cpp.so
[5.263s] -- Set runtime path of "/home/kgh/ws2/install/yzbot_msgs/lib/libyzbot_msgs__rosidl_typesupport_fastrtps_cpp.so" to ""
[5.263s] -- Up-to-date: /home/kgh/ws2/install/yzbot_msgs/include/yzbot_msgs
[5.263s] -- Up-to-date: /home/kgh/ws2/install/yzbot_msgs/include/yzbot_msgs/msg
[5.263s] -- Up-to-date: /home/kgh/ws2/install/yzbot_msgs/include/yzbot_msgs/msg/rosidl_typesupport_introspection_c__visibility_control.h
[5.263s] -- Up-to-date: /home/kgh/ws2/install/yzbot_msgs/include/yzbot_msgs/msg/detail
[5.263s] -- Installing: /home/kgh/ws2/install/yzbot_msgs/include/yzbot_msgs/msg/detail/psc_get_head_status__rosidl_typesupport_introspection_c.h
[5.263s] -- Installing: /home/kgh/ws2/install/yzbot_msgs/include/yzbot_msgs/msg/detail/pms_status__rosidl_typesupport_introspection_c.h
[5.263s] -- Installing: /home/kgh/ws2/install/yzbot_msgs/include/yzbot_msgs/msg/detail/psc_get_neck_status__type_support.c
[5.264s] -- Installing: /home/kgh/ws2/install/yzbot_msgs/include/yzbot_msgs/msg/detail/fmq_set__type_support.c
[5.264s] -- Installing: /home/kgh/ws2/install/yzbot_msgs/include/yzbot_msgs/msg/detail/obs_result__rosidl_typesupport_introspection_c.h
[5.264s] -- Installing: /home/kgh/ws2/install/yzbot_msgs/include/yzbot_msgs/msg/detail/robot_pose__type_support.c
[5.264s] -- Installing: /home/kgh/ws2/install/yzbot_msgs/include/yzbot_msgs/msg/detail/psc_get_head_status__type_support.c
[5.264s] -- Installing: /home/kgh/ws2/install/yzbot_msgs/include/yzbot_msgs/msg/detail/fmq_set__rosidl_typesupport_introspection_c.h
[5.264s] -- Installing: /home/kgh/ws2/install/yzbot_msgs/include/yzbot_msgs/msg/detail/emergency_button__rosidl_typesupport_introspection_c.h
[5.264s] -- Installing: /home/kgh/ws2/install/yzbot_msgs/include/yzbot_msgs/msg/detail/psc_get_neck_status__rosidl_typesupport_introspection_c.h
[5.264s] -- Installing: /home/kgh/ws2/install/yzbot_msgs/include/yzbot_msgs/msg/detail/obs_result__type_support.c
[5.264s] -- Installing: /home/kgh/ws2/install/yzbot_msgs/include/yzbot_msgs/msg/detail/robot_button__type_support.c
[5.264s] -- Installing: /home/kgh/ws2/install/yzbot_msgs/include/yzbot_msgs/msg/detail/robot_button__rosidl_typesupport_introspection_c.h
[5.265s] -- Installing: /home/kgh/ws2/install/yzbot_msgs/include/yzbot_msgs/msg/detail/robot_pose__rosidl_typesupport_introspection_c.h
[5.265s] -- Installing: /home/kgh/ws2/install/yzbot_msgs/include/yzbot_msgs/msg/detail/pms_status__type_support.c
[5.265s] -- Installing: /home/kgh/ws2/install/yzbot_msgs/include/yzbot_msgs/msg/detail/emergency_button__type_support.c
[5.265s] -- Up-to-date: /home/kgh/ws2/install/yzbot_msgs/include/yzbot_msgs/msg/detail/ultrasound_result__type_support.c
[5.265s] -- Installing: /home/kgh/ws2/install/yzbot_msgs/include/yzbot_msgs/msg/detail/charge_ctrl__rosidl_typesupport_introspection_c.h
[5.265s] -- Up-to-date: /home/kgh/ws2/install/yzbot_msgs/include/yzbot_msgs/msg/detail/ultrasound_result__rosidl_typesupport_introspection_c.h
[5.265s] -- Installing: /home/kgh/ws2/install/yzbot_msgs/include/yzbot_msgs/msg/detail/charge_ctrl__type_support.c
[5.265s] -- Installing: /home/kgh/ws2/install/yzbot_msgs/lib/libyzbot_msgs__rosidl_typesupport_introspection_c.so
[5.266s] -- Set runtime path of "/home/kgh/ws2/install/yzbot_msgs/lib/libyzbot_msgs__rosidl_typesupport_introspection_c.so" to ""
[5.266s] -- Installing: /home/kgh/ws2/install/yzbot_msgs/lib/libyzbot_msgs__rosidl_typesupport_c.so
[5.266s] -- Set runtime path of "/home/kgh/ws2/install/yzbot_msgs/lib/libyzbot_msgs__rosidl_typesupport_c.so" to ""
[5.266s] -- Up-to-date: /home/kgh/ws2/install/yzbot_msgs/include/yzbot_msgs
[5.266s] -- Up-to-date: /home/kgh/ws2/install/yzbot_msgs/include/yzbot_msgs/msg
[5.266s] -- Installing: /home/kgh/ws2/install/yzbot_msgs/include/yzbot_msgs/msg/psc_get_head_status.hpp
[5.266s] -- Installing: /home/kgh/ws2/install/yzbot_msgs/include/yzbot_msgs/msg/psc_get_neck_status.hpp
[5.267s] -- Up-to-date: /home/kgh/ws2/install/yzbot_msgs/include/yzbot_msgs/msg/rosidl_generator_cpp__visibility_control.hpp
[5.267s] -- Up-to-date: /home/kgh/ws2/install/yzbot_msgs/include/yzbot_msgs/msg/ultrasound_result.hpp
[5.267s] -- Installing: /home/kgh/ws2/install/yzbot_msgs/include/yzbot_msgs/msg/emergency_button.hpp
[5.267s] -- Installing: /home/kgh/ws2/install/yzbot_msgs/include/yzbot_msgs/msg/robot_pose.hpp
[5.267s] -- Installing: /home/kgh/ws2/install/yzbot_msgs/include/yzbot_msgs/msg/obs_result.hpp
[5.267s] -- Installing: /home/kgh/ws2/install/yzbot_msgs/include/yzbot_msgs/msg/pms_status.hpp
[5.267s] -- Installing: /home/kgh/ws2/install/yzbot_msgs/include/yzbot_msgs/msg/fmq_set.hpp
[5.267s] -- Up-to-date: /home/kgh/ws2/install/yzbot_msgs/include/yzbot_msgs/msg/detail
[5.267s] -- Installing: /home/kgh/ws2/install/yzbot_msgs/include/yzbot_msgs/msg/detail/obs_result__builder.hpp
[5.267s] -- Installing: /home/kgh/ws2/install/yzbot_msgs/include/yzbot_msgs/msg/detail/psc_get_neck_status__builder.hpp
[5.267s] -- Installing: /home/kgh/ws2/install/yzbot_msgs/include/yzbot_msgs/msg/detail/robot_pose__traits.hpp
[5.267s] -- Installing: /home/kgh/ws2/install/yzbot_msgs/include/yzbot_msgs/msg/detail/fmq_set__builder.hpp
[5.268s] -- Up-to-date: /home/kgh/ws2/install/yzbot_msgs/include/yzbot_msgs/msg/detail/ultrasound_result__traits.hpp
[5.268s] -- Installing: /home/kgh/ws2/install/yzbot_msgs/include/yzbot_msgs/msg/detail/psc_get_head_status__builder.hpp
[5.268s] -- Installing: /home/kgh/ws2/install/yzbot_msgs/include/yzbot_msgs/msg/detail/psc_get_head_status__struct.hpp
[5.268s] -- Installing: /home/kgh/ws2/install/yzbot_msgs/include/yzbot_msgs/msg/detail/fmq_set__type_support.hpp
[5.268s] -- Up-to-date: /home/kgh/ws2/install/yzbot_msgs/include/yzbot_msgs/msg/detail/ultrasound_result__builder.hpp
[5.268s] -- Installing: /home/kgh/ws2/install/yzbot_msgs/include/yzbot_msgs/msg/detail/charge_ctrl__struct.hpp
[5.268s] -- Installing: /home/kgh/ws2/install/yzbot_msgs/include/yzbot_msgs/msg/detail/obs_result__struct.hpp
[5.268s] -- Installing: /home/kgh/ws2/install/yzbot_msgs/include/yzbot_msgs/msg/detail/robot_button__traits.hpp
[5.268s] -- Installing: /home/kgh/ws2/install/yzbot_msgs/include/yzbot_msgs/msg/detail/obs_result__type_support.hpp
[5.268s] -- Installing: /home/kgh/ws2/install/yzbot_msgs/include/yzbot_msgs/msg/detail/pms_status__type_support.hpp
[5.269s] -- Installing: /home/kgh/ws2/install/yzbot_msgs/include/yzbot_msgs/msg/detail/pms_status__struct.hpp
[5.269s] -- Installing: /home/kgh/ws2/install/yzbot_msgs/include/yzbot_msgs/msg/detail/fmq_set__struct.hpp
[5.269s] -- Installing: /home/kgh/ws2/install/yzbot_msgs/include/yzbot_msgs/msg/detail/robot_button__type_support.hpp
[5.269s] -- Installing: /home/kgh/ws2/install/yzbot_msgs/include/yzbot_msgs/msg/detail/emergency_button__type_support.hpp
[5.269s] -- Installing: /home/kgh/ws2/install/yzbot_msgs/include/yzbot_msgs/msg/detail/charge_ctrl__type_support.hpp
[5.269s] -- Installing: /home/kgh/ws2/install/yzbot_msgs/include/yzbot_msgs/msg/detail/fmq_set__traits.hpp
[5.269s] -- Installing: /home/kgh/ws2/install/yzbot_msgs/include/yzbot_msgs/msg/detail/psc_get_head_status__traits.hpp
[5.269s] -- Installing: /home/kgh/ws2/install/yzbot_msgs/include/yzbot_msgs/msg/detail/psc_get_neck_status__struct.hpp
[5.269s] -- Installing: /home/kgh/ws2/install/yzbot_msgs/include/yzbot_msgs/msg/detail/emergency_button__traits.hpp
[5.270s] -- Installing: /home/kgh/ws2/install/yzbot_msgs/include/yzbot_msgs/msg/detail/emergency_button__builder.hpp
[5.270s] -- Installing: /home/kgh/ws2/install/yzbot_msgs/include/yzbot_msgs/msg/detail/pms_status__builder.hpp
[5.270s] -- Installing: /home/kgh/ws2/install/yzbot_msgs/include/yzbot_msgs/msg/detail/psc_get_neck_status__traits.hpp
[5.270s] -- Up-to-date: /home/kgh/ws2/install/yzbot_msgs/include/yzbot_msgs/msg/detail/ultrasound_result__type_support.hpp
[5.270s] -- Installing: /home/kgh/ws2/install/yzbot_msgs/include/yzbot_msgs/msg/detail/robot_pose__type_support.hpp
[5.270s] -- Up-to-date: /home/kgh/ws2/install/yzbot_msgs/include/yzbot_msgs/msg/detail/ultrasound_result__struct.hpp
[5.270s] -- Installing: /home/kgh/ws2/install/yzbot_msgs/include/yzbot_msgs/msg/detail/pms_status__traits.hpp
[5.270s] -- Installing: /home/kgh/ws2/install/yzbot_msgs/include/yzbot_msgs/msg/detail/robot_button__builder.hpp
[5.270s] -- Installing: /home/kgh/ws2/install/yzbot_msgs/include/yzbot_msgs/msg/detail/psc_get_neck_status__type_support.hpp
[5.270s] -- Installing: /home/kgh/ws2/install/yzbot_msgs/include/yzbot_msgs/msg/detail/emergency_button__struct.hpp
[5.270s] -- Installing: /home/kgh/ws2/install/yzbot_msgs/include/yzbot_msgs/msg/detail/robot_pose__builder.hpp
[5.271s] -- Installing: /home/kgh/ws2/install/yzbot_msgs/include/yzbot_msgs/msg/detail/charge_ctrl__traits.hpp
[5.271s] -- Installing: /home/kgh/ws2/install/yzbot_msgs/include/yzbot_msgs/msg/detail/psc_get_head_status__type_support.hpp
[5.271s] -- Installing: /home/kgh/ws2/install/yzbot_msgs/include/yzbot_msgs/msg/detail/obs_result__traits.hpp
[5.271s] -- Installing: /home/kgh/ws2/install/yzbot_msgs/include/yzbot_msgs/msg/detail/robot_button__struct.hpp
[5.271s] -- Installing: /home/kgh/ws2/install/yzbot_msgs/include/yzbot_msgs/msg/detail/charge_ctrl__builder.hpp
[5.271s] -- Installing: /home/kgh/ws2/install/yzbot_msgs/include/yzbot_msgs/msg/detail/robot_pose__struct.hpp
[5.271s] -- Installing: /home/kgh/ws2/install/yzbot_msgs/include/yzbot_msgs/msg/charge_ctrl.hpp
[5.271s] -- Installing: /home/kgh/ws2/install/yzbot_msgs/include/yzbot_msgs/msg/robot_button.hpp
[5.271s] -- Up-to-date: /home/kgh/ws2/install/yzbot_msgs/include/yzbot_msgs
[5.272s] -- Up-to-date: /home/kgh/ws2/install/yzbot_msgs/include/yzbot_msgs/msg
[5.272s] -- Up-to-date: /home/kgh/ws2/install/yzbot_msgs/include/yzbot_msgs/msg/detail
[5.272s] -- Installing: /home/kgh/ws2/install/yzbot_msgs/include/yzbot_msgs/msg/detail/fmq_set__rosidl_typesupport_introspection_cpp.hpp
[5.272s] -- Installing: /home/kgh/ws2/install/yzbot_msgs/include/yzbot_msgs/msg/detail/robot_button__rosidl_typesupport_introspection_cpp.hpp
[5.272s] -- Installing: /home/kgh/ws2/install/yzbot_msgs/include/yzbot_msgs/msg/detail/pms_status__type_support.cpp
[5.272s] -- Installing: /home/kgh/ws2/install/yzbot_msgs/include/yzbot_msgs/msg/detail/psc_get_neck_status__rosidl_typesupport_introspection_cpp.hpp
[5.272s] -- Installing: /home/kgh/ws2/install/yzbot_msgs/include/yzbot_msgs/msg/detail/pms_status__rosidl_typesupport_introspection_cpp.hpp
[5.272s] -- Installing: /home/kgh/ws2/install/yzbot_msgs/include/yzbot_msgs/msg/detail/obs_result__type_support.cpp
[5.272s] -- Installing: /home/kgh/ws2/install/yzbot_msgs/include/yzbot_msgs/msg/detail/robot_button__type_support.cpp
[5.272s] -- Installing: /home/kgh/ws2/install/yzbot_msgs/include/yzbot_msgs/msg/detail/psc_get_neck_status__type_support.cpp
[5.272s] -- Up-to-date: /home/kgh/ws2/install/yzbot_msgs/include/yzbot_msgs/msg/detail/ultrasound_result__type_support.cpp
[5.273s] -- Installing: /home/kgh/ws2/install/yzbot_msgs/include/yzbot_msgs/msg/detail/charge_ctrl__type_support.cpp
[5.273s] -- Installing: /home/kgh/ws2/install/yzbot_msgs/include/yzbot_msgs/msg/detail/psc_get_head_status__type_support.cpp
[5.273s] -- Up-to-date: /home/kgh/ws2/install/yzbot_msgs/include/yzbot_msgs/msg/detail/ultrasound_result__rosidl_typesupport_introspection_cpp.hpp
[5.273s] -- Installing: /home/kgh/ws2/install/yzbot_msgs/include/yzbot_msgs/msg/detail/robot_pose__type_support.cpp
[5.273s] -- Installing: /home/kgh/ws2/install/yzbot_msgs/include/yzbot_msgs/msg/detail/emergency_button__type_support.cpp
[5.273s] -- Installing: /home/kgh/ws2/install/yzbot_msgs/include/yzbot_msgs/msg/detail/emergency_button__rosidl_typesupport_introspection_cpp.hpp
[5.273s] -- Installing: /home/kgh/ws2/install/yzbot_msgs/include/yzbot_msgs/msg/detail/charge_ctrl__rosidl_typesupport_introspection_cpp.hpp
[5.273s] -- Installing: /home/kgh/ws2/install/yzbot_msgs/include/yzbot_msgs/msg/detail/psc_get_head_status__rosidl_typesupport_introspection_cpp.hpp
[5.273s] -- Installing: /home/kgh/ws2/install/yzbot_msgs/include/yzbot_msgs/msg/detail/fmq_set__type_support.cpp
[5.274s] -- Installing: /home/kgh/ws2/install/yzbot_msgs/include/yzbot_msgs/msg/detail/robot_pose__rosidl_typesupport_introspection_cpp.hpp
[5.274s] -- Installing: /home/kgh/ws2/install/yzbot_msgs/include/yzbot_msgs/msg/detail/obs_result__rosidl_typesupport_introspection_cpp.hpp
[5.274s] -- Installing: /home/kgh/ws2/install/yzbot_msgs/lib/libyzbot_msgs__rosidl_typesupport_introspection_cpp.so
[5.274s] -- Set runtime path of "/home/kgh/ws2/install/yzbot_msgs/lib/libyzbot_msgs__rosidl_typesupport_introspection_cpp.so" to ""
[5.274s] -- Installing: /home/kgh/ws2/install/yzbot_msgs/lib/libyzbot_msgs__rosidl_typesupport_cpp.so
[5.275s] -- Set runtime path of "/home/kgh/ws2/install/yzbot_msgs/lib/libyzbot_msgs__rosidl_typesupport_cpp.so" to ""
[5.275s] -- Up-to-date: /home/kgh/ws2/install/yzbot_msgs/share/yzbot_msgs/environment/pythonpath.sh
[5.275s] -- Installing: /home/kgh/ws2/install/yzbot_msgs/share/yzbot_msgs/environment/pythonpath.dsv
[5.275s] -- Installing: /home/kgh/ws2/install/yzbot_msgs/lib/python3.8/site-packages/yzbot_msgs/__init__.py
[5.303s] Compiling '/home/kgh/ws2/install/yzbot_msgs/lib/python3.8/site-packages/yzbot_msgs/__init__.py'...
[5.306s] -- Up-to-date: /home/kgh/ws2/install/yzbot_msgs/lib/python3.8/site-packages/yzbot_msgs/msg
[5.306s] -- Installing: /home/kgh/ws2/install/yzbot_msgs/lib/python3.8/site-packages/yzbot_msgs/msg/_obs_result.py
[5.306s] -- Installing: /home/kgh/ws2/install/yzbot_msgs/lib/python3.8/site-packages/yzbot_msgs/msg/_fmq_set.py
[5.306s] -- Installing: /home/kgh/ws2/install/yzbot_msgs/lib/python3.8/site-packages/yzbot_msgs/msg/_robot_pose_s.c
[5.306s] -- Installing: /home/kgh/ws2/install/yzbot_msgs/lib/python3.8/site-packages/yzbot_msgs/msg/_robot_button.py
[5.306s] -- Installing: /home/kgh/ws2/install/yzbot_msgs/lib/python3.8/site-packages/yzbot_msgs/msg/_emergency_button_s.c
[5.307s] -- Installing: /home/kgh/ws2/install/yzbot_msgs/lib/python3.8/site-packages/yzbot_msgs/msg/_pms_status.py
[5.307s] -- Installing: /home/kgh/ws2/install/yzbot_msgs/lib/python3.8/site-packages/yzbot_msgs/msg/_charge_ctrl.py
[5.307s] -- Up-to-date: /home/kgh/ws2/install/yzbot_msgs/lib/python3.8/site-packages/yzbot_msgs/msg/_ultrasound_result.py
[5.307s] -- Installing: /home/kgh/ws2/install/yzbot_msgs/lib/python3.8/site-packages/yzbot_msgs/msg/_robot_button_s.c
[5.307s] -- Installing: /home/kgh/ws2/install/yzbot_msgs/lib/python3.8/site-packages/yzbot_msgs/msg/_psc_get_head_status.py
[5.307s] -- Installing: /home/kgh/ws2/install/yzbot_msgs/lib/python3.8/site-packages/yzbot_msgs/msg/_psc_get_neck_status.py
[5.307s] -- Installing: /home/kgh/ws2/install/yzbot_msgs/lib/python3.8/site-packages/yzbot_msgs/msg/__init__.py
[5.308s] -- Installing: /home/kgh/ws2/install/yzbot_msgs/lib/python3.8/site-packages/yzbot_msgs/msg/_robot_pose.py
[5.308s] -- Installing: /home/kgh/ws2/install/yzbot_msgs/lib/python3.8/site-packages/yzbot_msgs/msg/_fmq_set_s.c
[5.308s] -- Installing: /home/kgh/ws2/install/yzbot_msgs/lib/python3.8/site-packages/yzbot_msgs/msg/_psc_get_neck_status_s.c
[5.308s] -- Installing: /home/kgh/ws2/install/yzbot_msgs/lib/python3.8/site-packages/yzbot_msgs/msg/_psc_get_head_status_s.c
[5.308s] -- Installing: /home/kgh/ws2/install/yzbot_msgs/lib/python3.8/site-packages/yzbot_msgs/msg/_emergency_button.py
[5.308s] -- Up-to-date: /home/kgh/ws2/install/yzbot_msgs/lib/python3.8/site-packages/yzbot_msgs/msg/_ultrasound_result_s.c
[5.308s] -- Installing: /home/kgh/ws2/install/yzbot_msgs/lib/python3.8/site-packages/yzbot_msgs/msg/_pms_status_s.c
[5.308s] -- Installing: /home/kgh/ws2/install/yzbot_msgs/lib/python3.8/site-packages/yzbot_msgs/msg/_obs_result_s.c
[5.309s] -- Installing: /home/kgh/ws2/install/yzbot_msgs/lib/python3.8/site-packages/yzbot_msgs/msg/_charge_ctrl_s.c
[5.309s] -- Installing: /home/kgh/ws2/install/yzbot_msgs/lib/python3.8/site-packages/yzbot_msgs/yzbot_msgs_s__rosidl_typesupport_fastrtps_c.cpython-38-x86_64-linux-gnu.so
[5.310s] -- Set runtime path of "/home/kgh/ws2/install/yzbot_msgs/lib/python3.8/site-packages/yzbot_msgs/yzbot_msgs_s__rosidl_typesupport_fastrtps_c.cpython-38-x86_64-linux-gnu.so" to ""
[5.310s] -- Installing: /home/kgh/ws2/install/yzbot_msgs/lib/python3.8/site-packages/yzbot_msgs/yzbot_msgs_s__rosidl_typesupport_introspection_c.cpython-38-x86_64-linux-gnu.so
[5.311s] -- Set runtime path of "/home/kgh/ws2/install/yzbot_msgs/lib/python3.8/site-packages/yzbot_msgs/yzbot_msgs_s__rosidl_typesupport_introspection_c.cpython-38-x86_64-linux-gnu.so" to ""
[5.311s] -- Installing: /home/kgh/ws2/install/yzbot_msgs/lib/python3.8/site-packages/yzbot_msgs/yzbot_msgs_s__rosidl_typesupport_c.cpython-38-x86_64-linux-gnu.so
[5.311s] -- Set runtime path of "/home/kgh/ws2/install/yzbot_msgs/lib/python3.8/site-packages/yzbot_msgs/yzbot_msgs_s__rosidl_typesupport_c.cpython-38-x86_64-linux-gnu.so" to ""
[5.312s] -- Installing: /home/kgh/ws2/install/yzbot_msgs/lib/libyzbot_msgs__python.so
[5.312s] -- Set runtime path of "/home/kgh/ws2/install/yzbot_msgs/lib/libyzbot_msgs__python.so" to ""
[5.312s] -- Up-to-date: /home/kgh/ws2/install/yzbot_msgs/share/yzbot_msgs/msg/RobotPose.idl
[5.312s] -- Up-to-date: /home/kgh/ws2/install/yzbot_msgs/share/yzbot_msgs/msg/RobotButton.idl
[5.312s] -- Up-to-date: /home/kgh/ws2/install/yzbot_msgs/share/yzbot_msgs/msg/FmqSet.idl
[5.313s] -- Up-to-date: /home/kgh/ws2/install/yzbot_msgs/share/yzbot_msgs/msg/ChargeCtrl.idl
[5.313s] -- Up-to-date: /home/kgh/ws2/install/yzbot_msgs/share/yzbot_msgs/msg/PmsStatus.idl
[5.313s] -- Up-to-date: /home/kgh/ws2/install/yzbot_msgs/share/yzbot_msgs/msg/ObsResult.idl
[5.313s] -- Installing: /home/kgh/ws2/install/yzbot_msgs/share/yzbot_msgs/msg/EmergencyButton.idl
[5.313s] -- Installing: /home/kgh/ws2/install/yzbot_msgs/share/yzbot_msgs/msg/PscGetHeadStatus.idl
[5.313s] -- Installing: /home/kgh/ws2/install/yzbot_msgs/share/yzbot_msgs/msg/PscGetNeckStatus.idl
[5.313s] -- Up-to-date: /home/kgh/ws2/install/yzbot_msgs/share/yzbot_msgs/msg/RobotPose.msg
[5.313s] -- Up-to-date: /home/kgh/ws2/install/yzbot_msgs/share/yzbot_msgs/msg/RobotButton.msg
[5.313s] -- Up-to-date: /home/kgh/ws2/install/yzbot_msgs/share/yzbot_msgs/msg/FmqSet.msg
[5.314s] -- Up-to-date: /home/kgh/ws2/install/yzbot_msgs/share/yzbot_msgs/msg/ChargeCtrl.msg
[5.314s] -- Up-to-date: /home/kgh/ws2/install/yzbot_msgs/share/yzbot_msgs/msg/PmsStatus.msg
[5.314s] -- Up-to-date: /home/kgh/ws2/install/yzbot_msgs/share/yzbot_msgs/msg/ObsResult.msg
[5.314s] -- Installing: /home/kgh/ws2/install/yzbot_msgs/share/yzbot_msgs/msg/EmergencyButton.msg
[5.314s] -- Installing: /home/kgh/ws2/install/yzbot_msgs/share/yzbot_msgs/msg/PscGetHeadStatus.msg
[5.314s] -- Installing: /home/kgh/ws2/install/yzbot_msgs/share/yzbot_msgs/msg/PscGetNeckStatus.msg
[5.314s] -- Up-to-date: /home/kgh/ws2/install/yzbot_msgs/share/ament_index/resource_index/package_run_dependencies/yzbot_msgs
[5.314s] -- Up-to-date: /home/kgh/ws2/install/yzbot_msgs/share/ament_index/resource_index/parent_prefix_path/yzbot_msgs
[5.314s] -- Up-to-date: /home/kgh/ws2/install/yzbot_msgs/share/yzbot_msgs/environment/ament_prefix_path.sh
[5.315s] -- Installing: /home/kgh/ws2/install/yzbot_msgs/share/yzbot_msgs/environment/ament_prefix_path.dsv
[5.315s] -- Up-to-date: /home/kgh/ws2/install/yzbot_msgs/share/yzbot_msgs/environment/path.sh
[5.315s] -- Installing: /home/kgh/ws2/install/yzbot_msgs/share/yzbot_msgs/environment/path.dsv
[5.315s] -- Up-to-date: /home/kgh/ws2/install/yzbot_msgs/share/yzbot_msgs/local_setup.bash
[5.315s] -- Up-to-date: /home/kgh/ws2/install/yzbot_msgs/share/yzbot_msgs/local_setup.sh
[5.315s] -- Up-to-date: /home/kgh/ws2/install/yzbot_msgs/share/yzbot_msgs/local_setup.zsh
[5.315s] -- Installing: /home/kgh/ws2/install/yzbot_msgs/share/yzbot_msgs/local_setup.dsv
[5.315s] -- Installing: /home/kgh/ws2/install/yzbot_msgs/share/yzbot_msgs/package.dsv
[5.315s] -- Up-to-date: /home/kgh/ws2/install/yzbot_msgs/share/ament_index/resource_index/packages/yzbot_msgs
[5.315s] -- Up-to-date: /home/kgh/ws2/install/yzbot_msgs/share/yzbot_msgs/cmake/yzbot_msgs__rosidl_generator_cExport.cmake
[5.316s] -- Installing: /home/kgh/ws2/install/yzbot_msgs/share/yzbot_msgs/cmake/yzbot_msgs__rosidl_generator_cExport-noconfig.cmake
[5.316s] -- Up-to-date: /home/kgh/ws2/install/yzbot_msgs/share/yzbot_msgs/cmake/yzbot_msgs__rosidl_typesupport_introspection_cExport.cmake
[5.316s] -- Installing: /home/kgh/ws2/install/yzbot_msgs/share/yzbot_msgs/cmake/yzbot_msgs__rosidl_typesupport_introspection_cExport-noconfig.cmake
[5.316s] -- Up-to-date: /home/kgh/ws2/install/yzbot_msgs/share/yzbot_msgs/cmake/yzbot_msgs__rosidl_typesupport_cExport.cmake
[5.316s] -- Installing: /home/kgh/ws2/install/yzbot_msgs/share/yzbot_msgs/cmake/yzbot_msgs__rosidl_typesupport_cExport-noconfig.cmake
[5.316s] -- Up-to-date: /home/kgh/ws2/install/yzbot_msgs/share/yzbot_msgs/cmake/yzbot_msgs__rosidl_generator_cppExport.cmake
[5.316s] -- Up-to-date: /home/kgh/ws2/install/yzbot_msgs/share/yzbot_msgs/cmake/yzbot_msgs__rosidl_typesupport_introspection_cppExport.cmake
[5.316s] -- Installing: /home/kgh/ws2/install/yzbot_msgs/share/yzbot_msgs/cmake/yzbot_msgs__rosidl_typesupport_introspection_cppExport-noconfig.cmake
[5.316s] -- Up-to-date: /home/kgh/ws2/install/yzbot_msgs/share/yzbot_msgs/cmake/yzbot_msgs__rosidl_typesupport_cppExport.cmake
[5.317s] -- Installing: /home/kgh/ws2/install/yzbot_msgs/share/yzbot_msgs/cmake/yzbot_msgs__rosidl_typesupport_cppExport-noconfig.cmake
[5.317s] -- Installing: /home/kgh/ws2/install/yzbot_msgs/share/yzbot_msgs/cmake/rosidl_cmake-extras.cmake
[5.317s] -- Up-to-date: /home/kgh/ws2/install/yzbot_msgs/share/yzbot_msgs/cmake/ament_cmake_export_dependencies-extras.cmake
[5.317s] -- Up-to-date: /home/kgh/ws2/install/yzbot_msgs/share/yzbot_msgs/cmake/ament_cmake_export_libraries-extras.cmake
[5.317s] -- Up-to-date: /home/kgh/ws2/install/yzbot_msgs/share/yzbot_msgs/cmake/ament_cmake_export_targets-extras.cmake
[5.317s] -- Up-to-date: /home/kgh/ws2/install/yzbot_msgs/share/yzbot_msgs/cmake/ament_cmake_export_include_directories-extras.cmake
[5.317s] -- Up-to-date: /home/kgh/ws2/install/yzbot_msgs/share/yzbot_msgs/cmake/rosidl_cmake_export_typesupport_libraries-extras.cmake
[5.317s] -- Up-to-date: /home/kgh/ws2/install/yzbot_msgs/share/yzbot_msgs/cmake/rosidl_cmake_export_typesupport_targets-extras.cmake
[5.317s] -- Up-to-date: /home/kgh/ws2/install/yzbot_msgs/share/yzbot_msgs/cmake/yzbot_msgsConfig.cmake
[5.318s] -- Up-to-date: /home/kgh/ws2/install/yzbot_msgs/share/yzbot_msgs/cmake/yzbot_msgsConfig-version.cmake
[5.318s] -- Up-to-date: /home/kgh/ws2/install/yzbot_msgs/share/yzbot_msgs/package.xml
[5.320s] Invoked command in '/home/kgh/ws2/build/yzbot_msgs' returned '0': CMAKE_PREFIX_PATH=${CMAKE_PREFIX_PATH}:/home/kgh/ws2/install/yzbot_description:/home/kgh/ws2/install/yzbot_controller:/home/kgh/ws2/install/nav2_gazebo_spawner:/opt/ros/foxy /usr/bin/cmake --install /home/kgh/ws2/build/yzbot_msgs
