[0.119s] Invoking command in '/home/kgh/ws2/build/dwb_msgs': CMAKE_PREFIX_PATH=/home/kgh/ws2/install/nav_2d_msgs:/home/kgh/ws2/install/yzbot_nav2:/home/kgh/ws2/install/yzbot_navigation2:/home/kgh/ws2/install/yzbot_cartographer:/home/kgh/ws2/install/nav2_system_tests:/home/kgh/ws2/install/fishbot_navigation2:/home/kgh/ws2/install/nav2_bringup:/home/kgh/ws2/install/navigation2:/home/kgh/ws2/install/smac_planner:/home/kgh/ws2/install/nav2_dwb_controller:/home/kgh/ws2/install/nav2_controller:/home/kgh/ws2/install/dwb_plugins:/home/kgh/ws2/install/dwb_critics:/home/kgh/ws2/install/dwb_core:/home/kgh/ws2/install/nav_2d_utils:/home/kgh/ws2/install/dwb_msgs:/home/kgh/ws2/install/nav2_waypoint_follower:/home/kgh/ws2/install/nav2_regulated_pure_pursuit_controller:/home/kgh/ws2/install/nav2_recoveries:/home/kgh/ws2/install/nav2_planner:/home/kgh/ws2/install/nav2_navfn_planner:/home/kgh/ws2/install/nav2_core:/home/kgh/ws2/install/costmap_queue:/home/kgh/ws2/install/nav2_costmap_2d:/home/kgh/ws2/install/nav2_voxel_grid:/home/kgh/ws2/install/nav2_rviz_plugins:/home/kgh/ws2/install/nav2_map_server:/home/kgh/ws2/install/nav2_lifecycle_manager:/home/kgh/ws2/install/nav2_bt_navigator:/home/kgh/ws2/install/nav2_behavior_tree:/home/kgh/ws2/install/nav2_amcl:/home/kgh/ws2/install/nav2_util:/home/kgh/ws2/install/nav2_msgs:/home/kgh/ws2/install/nav2_common:/home/kgh/ws2/install/fishbot_cartographer:/home/kgh/ws2/install/cartographer_ros:/home/kgh/ws2/install/cartographer_ros_msgs:/home/kgh/ws2/install/cartographer:/home/kgh/ws2/install/yzbot_description:/home/kgh/ws2/install/yzbot_controller:/home/kgh/ws2/install/fishbot_description:/home/kgh/ws2/install/nav2_gazebo_spawner:/home/kgh/ws2/install/fishbot_controller:/opt/ros/foxy LD_LIBRARY_PATH=/home/kgh/ws2/install/nav_2d_msgs/lib:/home/kgh/ws2/install/smac_planner/lib:/home/kgh/ws2/install/nav2_controller/lib:/home/kgh/ws2/install/dwb_plugins/lib:/home/kgh/ws2/install/dwb_critics/lib:/home/kgh/ws2/install/dwb_core/lib:/home/kgh/ws2/install/nav_2d_utils/lib:/home/kgh/ws2/install/dwb_msgs/lib:/home/kgh/ws2/install/nav2_waypoint_follower/lib:/home/kgh/ws2/install/nav2_regulated_pure_pursuit_controller/lib:/home/kgh/ws2/install/nav2_recoveries/lib:/home/kgh/ws2/install/nav2_planner/lib:/home/kgh/ws2/install/nav2_navfn_planner/lib:/home/kgh/ws2/install/costmap_queue/lib:/home/kgh/ws2/install/nav2_costmap_2d/lib:/home/kgh/ws2/install/nav2_voxel_grid/lib:/home/kgh/ws2/install/nav2_rviz_plugins/lib:/home/kgh/ws2/install/nav2_map_server/lib:/home/kgh/ws2/install/nav2_lifecycle_manager/lib:/home/kgh/ws2/install/nav2_bt_navigator/lib:/home/kgh/ws2/install/nav2_behavior_tree/lib:/home/kgh/ws2/install/nav2_amcl/lib:/home/kgh/ws2/install/nav2_util/lib:/home/kgh/ws2/install/nav2_msgs/lib:/home/kgh/ws2/install/cartographer_ros_msgs/lib:/usr/lib/x86_64-linux-gnu/gazebo-11/plugins:/opt/ros/foxy/opt/yaml_cpp_vendor/lib:/opt/ros/foxy/opt/rviz_ogre_vendor/lib:/opt/ros/foxy/lib/x86_64-linux-gnu:/opt/ros/foxy/lib PYTHONPATH=/home/kgh/ws2/install/nav_2d_msgs/lib/python3.8/site-packages:/home/kgh/ws2/install/yzbot_description/lib/python3.8/site-packages:/home/kgh/ws2/install/yzbot_controller/lib/python3.8/site-packages:/home/kgh/ws2/install/fishbot_description/lib/python3.8/site-packages:/home/kgh/ws2/install/dwb_msgs/lib/python3.8/site-packages:/home/kgh/ws2/install/nav2_msgs/lib/python3.8/site-packages:/home/kgh/ws2/install/nav2_gazebo_spawner/lib/python3.8/site-packages:/home/kgh/ws2/install/nav2_common/lib/python3.8/site-packages:/home/kgh/ws2/install/fishbot_controller/lib/python3.8/site-packages:/home/kgh/ws2/install/cartographer_ros_msgs/lib/python3.8/site-packages:/opt/ros/foxy/lib/python3.8/site-packages /usr/bin/cmake /home/kgh/ws2/src/navigation2/nav2_dwb_controller/dwb_msgs -DCMAKE_INSTALL_PREFIX=/home/kgh/ws2/install/dwb_msgs
[0.166s] -- The C compiler identification is GNU 9.4.0
[0.215s] -- The CXX compiler identification is GNU 9.4.0
[0.220s] -- Check for working C compiler: /usr/bin/cc
[0.306s] -- Check for working C compiler: /usr/bin/cc -- works
[0.307s] -- Detecting C compiler ABI info
[0.376s] -- Detecting C compiler ABI info - done
[0.391s] -- Detecting C compile features
[0.391s] -- Detecting C compile features - done
[0.394s] -- Check for working CXX compiler: /usr/bin/c++
[0.500s] -- Check for working CXX compiler: /usr/bin/c++ -- works
[0.501s] -- Detecting CXX compiler ABI info
[0.621s] -- Detecting CXX compiler ABI info - done
[0.653s] -- Detecting CXX compile features
[0.653s] -- Detecting CXX compile features - done
[0.662s] -- Found builtin_interfaces: 1.0.0 (/opt/ros/foxy/share/builtin_interfaces/cmake)
[0.703s] -- Found PythonInterp: /usr/bin/python3 (found suitable version "3.8.10", minimum required is "3") 
[0.703s] -- Using PYTHON_EXECUTABLE: /usr/bin/python3
[1.004s] -- Using all available rosidl_typesupport_c: rosidl_typesupport_fastrtps_c;rosidl_typesupport_introspection_c
[1.011s] -- Found rosidl_adapter: 1.3.1 (/opt/ros/foxy/share/rosidl_adapter/cmake)
[1.101s] -- Found OpenSSL: /usr/lib/x86_64-linux-gnu/libcrypto.so (found version "1.1.1f")  
[1.137s] -- Found FastRTPS: /opt/ros/foxy/include  
[1.216s] -- Using all available rosidl_typesupport_cpp: rosidl_typesupport_fastrtps_cpp;rosidl_typesupport_introspection_cpp
[1.249s] -- Found geometry_msgs: 2.0.5 (/opt/ros/foxy/share/geometry_msgs/cmake)
[1.304s] -- Found nav_2d_msgs: 0.4.7 (/home/kgh/ws2/install/nav_2d_msgs/share/nav_2d_msgs/cmake)
[1.363s] -- Found nav_msgs: 2.0.5 (/opt/ros/foxy/share/nav_msgs/cmake)
[1.428s] -- Found rosidl_default_generators: 1.0.1 (/opt/ros/foxy/share/rosidl_default_generators/cmake)
[1.466s] -- Found PythonInterp: /usr/bin/python3 (found version "3.8.10") 
[1.696s] -- Found ament_cmake_ros: 0.9.2 (/opt/ros/foxy/share/ament_cmake_ros/cmake)
[2.006s] -- Using all available rosidl_typesupport_c: rosidl_typesupport_fastrtps_c;rosidl_typesupport_introspection_c
[2.141s] -- Using all available rosidl_typesupport_cpp: rosidl_typesupport_fastrtps_cpp;rosidl_typesupport_introspection_cpp
[2.184s] -- Found PythonInterp: /usr/bin/python3 (found suitable version "3.8.10", minimum required is "3.5") 
[2.186s] -- Found python_cmake_module: 0.8.1 (/opt/ros/foxy/share/python_cmake_module/cmake)
[2.221s] -- Found PythonLibs: /usr/lib/x86_64-linux-gnu/libpython3.8.so (found suitable version "3.8.10", minimum required is "3.5") 
[2.221s] -- Using PYTHON_EXECUTABLE: /usr/bin/python3
[2.221s] -- Using PYTHON_INCLUDE_DIRS: /usr/include/python3.8
[2.221s] -- Using PYTHON_LIBRARIES: /usr/lib/x86_64-linux-gnu/libpython3.8.so
[2.253s] -- Found PythonExtra: .so  
[2.572s] -- Configuring done
[2.807s] -- Generating done
[2.830s] -- Build files have been written to: /home/kgh/ws2/build/dwb_msgs
[2.853s] Invoked command in '/home/kgh/ws2/build/dwb_msgs' returned '0': CMAKE_PREFIX_PATH=/home/kgh/ws2/install/nav_2d_msgs:/home/kgh/ws2/install/yzbot_nav2:/home/kgh/ws2/install/yzbot_navigation2:/home/kgh/ws2/install/yzbot_cartographer:/home/kgh/ws2/install/nav2_system_tests:/home/kgh/ws2/install/fishbot_navigation2:/home/kgh/ws2/install/nav2_bringup:/home/kgh/ws2/install/navigation2:/home/kgh/ws2/install/smac_planner:/home/kgh/ws2/install/nav2_dwb_controller:/home/kgh/ws2/install/nav2_controller:/home/kgh/ws2/install/dwb_plugins:/home/kgh/ws2/install/dwb_critics:/home/kgh/ws2/install/dwb_core:/home/kgh/ws2/install/nav_2d_utils:/home/kgh/ws2/install/dwb_msgs:/home/kgh/ws2/install/nav2_waypoint_follower:/home/kgh/ws2/install/nav2_regulated_pure_pursuit_controller:/home/kgh/ws2/install/nav2_recoveries:/home/kgh/ws2/install/nav2_planner:/home/kgh/ws2/install/nav2_navfn_planner:/home/kgh/ws2/install/nav2_core:/home/kgh/ws2/install/costmap_queue:/home/kgh/ws2/install/nav2_costmap_2d:/home/kgh/ws2/install/nav2_voxel_grid:/home/kgh/ws2/install/nav2_rviz_plugins:/home/kgh/ws2/install/nav2_map_server:/home/kgh/ws2/install/nav2_lifecycle_manager:/home/kgh/ws2/install/nav2_bt_navigator:/home/kgh/ws2/install/nav2_behavior_tree:/home/kgh/ws2/install/nav2_amcl:/home/kgh/ws2/install/nav2_util:/home/kgh/ws2/install/nav2_msgs:/home/kgh/ws2/install/nav2_common:/home/kgh/ws2/install/fishbot_cartographer:/home/kgh/ws2/install/cartographer_ros:/home/kgh/ws2/install/cartographer_ros_msgs:/home/kgh/ws2/install/cartographer:/home/kgh/ws2/install/yzbot_description:/home/kgh/ws2/install/yzbot_controller:/home/kgh/ws2/install/fishbot_description:/home/kgh/ws2/install/nav2_gazebo_spawner:/home/kgh/ws2/install/fishbot_controller:/opt/ros/foxy LD_LIBRARY_PATH=/home/kgh/ws2/install/nav_2d_msgs/lib:/home/kgh/ws2/install/smac_planner/lib:/home/kgh/ws2/install/nav2_controller/lib:/home/kgh/ws2/install/dwb_plugins/lib:/home/kgh/ws2/install/dwb_critics/lib:/home/kgh/ws2/install/dwb_core/lib:/home/kgh/ws2/install/nav_2d_utils/lib:/home/kgh/ws2/install/dwb_msgs/lib:/home/kgh/ws2/install/nav2_waypoint_follower/lib:/home/kgh/ws2/install/nav2_regulated_pure_pursuit_controller/lib:/home/kgh/ws2/install/nav2_recoveries/lib:/home/kgh/ws2/install/nav2_planner/lib:/home/kgh/ws2/install/nav2_navfn_planner/lib:/home/kgh/ws2/install/costmap_queue/lib:/home/kgh/ws2/install/nav2_costmap_2d/lib:/home/kgh/ws2/install/nav2_voxel_grid/lib:/home/kgh/ws2/install/nav2_rviz_plugins/lib:/home/kgh/ws2/install/nav2_map_server/lib:/home/kgh/ws2/install/nav2_lifecycle_manager/lib:/home/kgh/ws2/install/nav2_bt_navigator/lib:/home/kgh/ws2/install/nav2_behavior_tree/lib:/home/kgh/ws2/install/nav2_amcl/lib:/home/kgh/ws2/install/nav2_util/lib:/home/kgh/ws2/install/nav2_msgs/lib:/home/kgh/ws2/install/cartographer_ros_msgs/lib:/usr/lib/x86_64-linux-gnu/gazebo-11/plugins:/opt/ros/foxy/opt/yaml_cpp_vendor/lib:/opt/ros/foxy/opt/rviz_ogre_vendor/lib:/opt/ros/foxy/lib/x86_64-linux-gnu:/opt/ros/foxy/lib PYTHONPATH=/home/kgh/ws2/install/nav_2d_msgs/lib/python3.8/site-packages:/home/kgh/ws2/install/yzbot_description/lib/python3.8/site-packages:/home/kgh/ws2/install/yzbot_controller/lib/python3.8/site-packages:/home/kgh/ws2/install/fishbot_description/lib/python3.8/site-packages:/home/kgh/ws2/install/dwb_msgs/lib/python3.8/site-packages:/home/kgh/ws2/install/nav2_msgs/lib/python3.8/site-packages:/home/kgh/ws2/install/nav2_gazebo_spawner/lib/python3.8/site-packages:/home/kgh/ws2/install/nav2_common/lib/python3.8/site-packages:/home/kgh/ws2/install/fishbot_controller/lib/python3.8/site-packages:/home/kgh/ws2/install/cartographer_ros_msgs/lib/python3.8/site-packages:/opt/ros/foxy/lib/python3.8/site-packages /usr/bin/cmake /home/kgh/ws2/src/navigation2/nav2_dwb_controller/dwb_msgs -DCMAKE_INSTALL_PREFIX=/home/kgh/ws2/install/dwb_msgs
[2.855s] Invoking command in '/home/kgh/ws2/build/dwb_msgs': CMAKE_PREFIX_PATH=/home/kgh/ws2/install/nav_2d_msgs:/home/kgh/ws2/install/yzbot_nav2:/home/kgh/ws2/install/yzbot_navigation2:/home/kgh/ws2/install/yzbot_cartographer:/home/kgh/ws2/install/nav2_system_tests:/home/kgh/ws2/install/fishbot_navigation2:/home/kgh/ws2/install/nav2_bringup:/home/kgh/ws2/install/navigation2:/home/kgh/ws2/install/smac_planner:/home/kgh/ws2/install/nav2_dwb_controller:/home/kgh/ws2/install/nav2_controller:/home/kgh/ws2/install/dwb_plugins:/home/kgh/ws2/install/dwb_critics:/home/kgh/ws2/install/dwb_core:/home/kgh/ws2/install/nav_2d_utils:/home/kgh/ws2/install/dwb_msgs:/home/kgh/ws2/install/nav2_waypoint_follower:/home/kgh/ws2/install/nav2_regulated_pure_pursuit_controller:/home/kgh/ws2/install/nav2_recoveries:/home/kgh/ws2/install/nav2_planner:/home/kgh/ws2/install/nav2_navfn_planner:/home/kgh/ws2/install/nav2_core:/home/kgh/ws2/install/costmap_queue:/home/kgh/ws2/install/nav2_costmap_2d:/home/kgh/ws2/install/nav2_voxel_grid:/home/kgh/ws2/install/nav2_rviz_plugins:/home/kgh/ws2/install/nav2_map_server:/home/kgh/ws2/install/nav2_lifecycle_manager:/home/kgh/ws2/install/nav2_bt_navigator:/home/kgh/ws2/install/nav2_behavior_tree:/home/kgh/ws2/install/nav2_amcl:/home/kgh/ws2/install/nav2_util:/home/kgh/ws2/install/nav2_msgs:/home/kgh/ws2/install/nav2_common:/home/kgh/ws2/install/fishbot_cartographer:/home/kgh/ws2/install/cartographer_ros:/home/kgh/ws2/install/cartographer_ros_msgs:/home/kgh/ws2/install/cartographer:/home/kgh/ws2/install/yzbot_description:/home/kgh/ws2/install/yzbot_controller:/home/kgh/ws2/install/fishbot_description:/home/kgh/ws2/install/nav2_gazebo_spawner:/home/kgh/ws2/install/fishbot_controller:/opt/ros/foxy LD_LIBRARY_PATH=/home/kgh/ws2/install/nav_2d_msgs/lib:/home/kgh/ws2/install/smac_planner/lib:/home/kgh/ws2/install/nav2_controller/lib:/home/kgh/ws2/install/dwb_plugins/lib:/home/kgh/ws2/install/dwb_critics/lib:/home/kgh/ws2/install/dwb_core/lib:/home/kgh/ws2/install/nav_2d_utils/lib:/home/kgh/ws2/install/dwb_msgs/lib:/home/kgh/ws2/install/nav2_waypoint_follower/lib:/home/kgh/ws2/install/nav2_regulated_pure_pursuit_controller/lib:/home/kgh/ws2/install/nav2_recoveries/lib:/home/kgh/ws2/install/nav2_planner/lib:/home/kgh/ws2/install/nav2_navfn_planner/lib:/home/kgh/ws2/install/costmap_queue/lib:/home/kgh/ws2/install/nav2_costmap_2d/lib:/home/kgh/ws2/install/nav2_voxel_grid/lib:/home/kgh/ws2/install/nav2_rviz_plugins/lib:/home/kgh/ws2/install/nav2_map_server/lib:/home/kgh/ws2/install/nav2_lifecycle_manager/lib:/home/kgh/ws2/install/nav2_bt_navigator/lib:/home/kgh/ws2/install/nav2_behavior_tree/lib:/home/kgh/ws2/install/nav2_amcl/lib:/home/kgh/ws2/install/nav2_util/lib:/home/kgh/ws2/install/nav2_msgs/lib:/home/kgh/ws2/install/cartographer_ros_msgs/lib:/usr/lib/x86_64-linux-gnu/gazebo-11/plugins:/opt/ros/foxy/opt/yaml_cpp_vendor/lib:/opt/ros/foxy/opt/rviz_ogre_vendor/lib:/opt/ros/foxy/lib/x86_64-linux-gnu:/opt/ros/foxy/lib PYTHONPATH=/home/kgh/ws2/install/nav_2d_msgs/lib/python3.8/site-packages:/home/kgh/ws2/install/yzbot_description/lib/python3.8/site-packages:/home/kgh/ws2/install/yzbot_controller/lib/python3.8/site-packages:/home/kgh/ws2/install/fishbot_description/lib/python3.8/site-packages:/home/kgh/ws2/install/dwb_msgs/lib/python3.8/site-packages:/home/kgh/ws2/install/nav2_msgs/lib/python3.8/site-packages:/home/kgh/ws2/install/nav2_gazebo_spawner/lib/python3.8/site-packages:/home/kgh/ws2/install/nav2_common/lib/python3.8/site-packages:/home/kgh/ws2/install/fishbot_controller/lib/python3.8/site-packages:/home/kgh/ws2/install/cartographer_ros_msgs/lib/python3.8/site-packages:/opt/ros/foxy/lib/python3.8/site-packages /usr/bin/cmake --build /home/kgh/ws2/build/dwb_msgs -- -j16 -l16
[2.971s] [35m[1mScanning dependencies of target dwb_msgs__cpp[0m
[2.975s] [  1%] [34m[1mGenerating C code for ROS interfaces[0m
[3.030s] [  2%] [34m[1mGenerating C++ code for ROS interfaces[0m
[5.099s] [  2%] Built target dwb_msgs__cpp
[5.126s] [  3%] [34m[1mGenerating C++ introspection for ROS interfaces[0m
[5.154s] [  4%] [34m[1mGenerating C++ type support dispatch for ROS interfaces[0m
[5.190s] [  5%] [34m[1mGenerating C++ type support for eProsima Fast-RTPS[0m
[5.195s] [35m[1mScanning dependencies of target dwb_msgs__rosidl_generator_c[0m
[5.280s] [  6%] [32mBuilding C object CMakeFiles/dwb_msgs__rosidl_generator_c.dir/rosidl_generator_c/dwb_msgs/msg/detail/critic_score__functions.c.o[0m
[5.294s] [  7%] [32mBuilding C object CMakeFiles/dwb_msgs__rosidl_generator_c.dir/rosidl_generator_c/dwb_msgs/msg/detail/local_plan_evaluation__functions.c.o[0m
[5.308s] [  8%] [32mBuilding C object CMakeFiles/dwb_msgs__rosidl_generator_c.dir/rosidl_generator_c/dwb_msgs/msg/detail/trajectory2_d__functions.c.o[0m
[5.334s] [  9%] [32mBuilding C object CMakeFiles/dwb_msgs__rosidl_generator_c.dir/rosidl_generator_c/dwb_msgs/msg/detail/trajectory_score__functions.c.o[0m
[5.417s] [ 10%] [32mBuilding C object CMakeFiles/dwb_msgs__rosidl_generator_c.dir/rosidl_generator_c/dwb_msgs/srv/detail/debug_local_plan__functions.c.o[0m
[5.435s] [ 11%] [32mBuilding C object CMakeFiles/dwb_msgs__rosidl_generator_c.dir/rosidl_generator_c/dwb_msgs/srv/detail/generate_twists__functions.c.o[0m
[5.436s] [ 12%] [32mBuilding C object CMakeFiles/dwb_msgs__rosidl_generator_c.dir/rosidl_generator_c/dwb_msgs/srv/detail/generate_trajectory__functions.c.o[0m
[5.447s] [ 13%] [32mBuilding C object CMakeFiles/dwb_msgs__rosidl_generator_c.dir/rosidl_generator_c/dwb_msgs/srv/detail/score_trajectory__functions.c.o[0m
[5.468s] [ 14%] [32mBuilding C object CMakeFiles/dwb_msgs__rosidl_generator_c.dir/rosidl_generator_c/dwb_msgs/srv/detail/get_critic_score__functions.c.o[0m
[5.691s] [ 15%] [32m[1mLinking C shared library libdwb_msgs__rosidl_generator_c.so[0m
[5.811s] [ 15%] Built target dwb_msgs__rosidl_generator_c
[5.871s] [ 16%] [34m[1mGenerating C type support dispatch for ROS interfaces[0m
[5.875s] [ 17%] [34m[1mGenerating C introspection for ROS interfaces[0m
[6.452s] [35m[1mScanning dependencies of target dwb_msgs__rosidl_typesupport_cpp[0m
[6.492s] [ 18%] [32mBuilding CXX object CMakeFiles/dwb_msgs__rosidl_typesupport_cpp.dir/rosidl_typesupport_cpp/dwb_msgs/msg/critic_score__type_support.cpp.o[0m
[6.501s] [ 20%] [32mBuilding CXX object CMakeFiles/dwb_msgs__rosidl_typesupport_cpp.dir/rosidl_typesupport_cpp/dwb_msgs/msg/trajectory_score__type_support.cpp.o[0m
[6.509s] [ 21%] [32mBuilding CXX object CMakeFiles/dwb_msgs__rosidl_typesupport_cpp.dir/rosidl_typesupport_cpp/dwb_msgs/msg/trajectory2_d__type_support.cpp.o[0m
[6.516s] [ 22%] [32mBuilding CXX object CMakeFiles/dwb_msgs__rosidl_typesupport_cpp.dir/rosidl_typesupport_cpp/dwb_msgs/srv/generate_trajectory__type_support.cpp.o[0m
[6.522s] [ 23%] [32mBuilding CXX object CMakeFiles/dwb_msgs__rosidl_typesupport_cpp.dir/rosidl_typesupport_cpp/dwb_msgs/srv/debug_local_plan__type_support.cpp.o[0m
[6.524s] [ 24%] [32mBuilding CXX object CMakeFiles/dwb_msgs__rosidl_typesupport_cpp.dir/rosidl_typesupport_cpp/dwb_msgs/msg/local_plan_evaluation__type_support.cpp.o[0m
[6.584s] [ 25%] [32mBuilding CXX object CMakeFiles/dwb_msgs__rosidl_typesupport_cpp.dir/rosidl_typesupport_cpp/dwb_msgs/srv/generate_twists__type_support.cpp.o[0m
[6.587s] [ 26%] [32mBuilding CXX object CMakeFiles/dwb_msgs__rosidl_typesupport_cpp.dir/rosidl_typesupport_cpp/dwb_msgs/srv/score_trajectory__type_support.cpp.o[0m
[6.596s] [ 27%] [32mBuilding CXX object CMakeFiles/dwb_msgs__rosidl_typesupport_cpp.dir/rosidl_typesupport_cpp/dwb_msgs/srv/get_critic_score__type_support.cpp.o[0m
[6.856s] [35m[1mScanning dependencies of target dwb_msgs__rosidl_typesupport_introspection_cpp[0m
[6.921s] [ 28%] [32mBuilding CXX object CMakeFiles/dwb_msgs__rosidl_typesupport_introspection_cpp.dir/rosidl_typesupport_introspection_cpp/dwb_msgs/msg/detail/critic_score__type_support.cpp.o[0m
[6.934s] [ 29%] [32mBuilding CXX object CMakeFiles/dwb_msgs__rosidl_typesupport_introspection_cpp.dir/rosidl_typesupport_introspection_cpp/dwb_msgs/msg/detail/local_plan_evaluation__type_support.cpp.o[0m
[6.946s] [35m[1mScanning dependencies of target dwb_msgs__rosidl_typesupport_c[0m
[6.958s] [ 30%] [32mBuilding CXX object CMakeFiles/dwb_msgs__rosidl_typesupport_introspection_cpp.dir/rosidl_typesupport_introspection_cpp/dwb_msgs/msg/detail/trajectory2_d__type_support.cpp.o[0m
[6.983s] [ 31%] [32mBuilding CXX object CMakeFiles/dwb_msgs__rosidl_typesupport_c.dir/rosidl_typesupport_c/dwb_msgs/msg/critic_score__type_support.cpp.o[0m
[6.986s] [ 32%] [32mBuilding CXX object CMakeFiles/dwb_msgs__rosidl_typesupport_c.dir/rosidl_typesupport_c/dwb_msgs/msg/local_plan_evaluation__type_support.cpp.o[0m
[6.997s] [ 33%] [32mBuilding CXX object CMakeFiles/dwb_msgs__rosidl_typesupport_c.dir/rosidl_typesupport_c/dwb_msgs/msg/trajectory_score__type_support.cpp.o[0m
[7.001s] [ 34%] [32mBuilding CXX object CMakeFiles/dwb_msgs__rosidl_typesupport_c.dir/rosidl_typesupport_c/dwb_msgs/msg/trajectory2_d__type_support.cpp.o[0m
[7.007s] [ 35%] [32mBuilding CXX object CMakeFiles/dwb_msgs__rosidl_typesupport_introspection_cpp.dir/rosidl_typesupport_introspection_cpp/dwb_msgs/msg/detail/trajectory_score__type_support.cpp.o[0m
[7.013s] [ 36%] [32mBuilding CXX object CMakeFiles/dwb_msgs__rosidl_typesupport_introspection_cpp.dir/rosidl_typesupport_introspection_cpp/dwb_msgs/srv/detail/debug_local_plan__type_support.cpp.o[0m
[7.020s] [35m[1mScanning dependencies of target dwb_msgs__rosidl_typesupport_fastrtps_cpp[0m
[7.051s] [ 37%] [32mBuilding CXX object CMakeFiles/dwb_msgs__rosidl_typesupport_c.dir/rosidl_typesupport_c/dwb_msgs/srv/debug_local_plan__type_support.cpp.o[0m
[7.060s] [ 38%] [32mBuilding CXX object CMakeFiles/dwb_msgs__rosidl_typesupport_introspection_cpp.dir/rosidl_typesupport_introspection_cpp/dwb_msgs/srv/detail/generate_trajectory__type_support.cpp.o[0m
[7.062s] [ 40%] [32mBuilding CXX object CMakeFiles/dwb_msgs__rosidl_typesupport_introspection_cpp.dir/rosidl_typesupport_introspection_cpp/dwb_msgs/srv/detail/generate_twists__type_support.cpp.o[0m
[7.062s] [ 41%] [32mBuilding CXX object CMakeFiles/dwb_msgs__rosidl_typesupport_c.dir/rosidl_typesupport_c/dwb_msgs/srv/generate_trajectory__type_support.cpp.o[0m
[7.062s] [ 42%] [32mBuilding CXX object CMakeFiles/dwb_msgs__rosidl_typesupport_introspection_cpp.dir/rosidl_typesupport_introspection_cpp/dwb_msgs/srv/detail/get_critic_score__type_support.cpp.o[0m
[7.073s] [ 43%] [32mBuilding CXX object CMakeFiles/dwb_msgs__rosidl_typesupport_fastrtps_cpp.dir/rosidl_typesupport_fastrtps_cpp/dwb_msgs/msg/detail/dds_fastrtps/critic_score__type_support.cpp.o[0m
[7.074s] [ 45%] [32mBuilding CXX object CMakeFiles/dwb_msgs__rosidl_typesupport_fastrtps_cpp.dir/rosidl_typesupport_fastrtps_cpp/dwb_msgs/msg/detail/dds_fastrtps/local_plan_evaluation__type_support.cpp.o[0m
[7.074s] [ 45%] [32mBuilding CXX object CMakeFiles/dwb_msgs__rosidl_typesupport_introspection_cpp.dir/rosidl_typesupport_introspection_cpp/dwb_msgs/srv/detail/score_trajectory__type_support.cpp.o[0m
[7.095s] [ 46%] [32m[1mLinking CXX shared library libdwb_msgs__rosidl_typesupport_cpp.so[0m
[7.126s] [ 47%] [32mBuilding CXX object CMakeFiles/dwb_msgs__rosidl_typesupport_fastrtps_cpp.dir/rosidl_typesupport_fastrtps_cpp/dwb_msgs/msg/detail/dds_fastrtps/trajectory2_d__type_support.cpp.o[0m
[7.154s] [ 48%] [32mBuilding CXX object CMakeFiles/dwb_msgs__rosidl_typesupport_c.dir/rosidl_typesupport_c/dwb_msgs/srv/generate_twists__type_support.cpp.o[0m
[7.159s] [ 49%] [32mBuilding CXX object CMakeFiles/dwb_msgs__rosidl_typesupport_fastrtps_cpp.dir/rosidl_typesupport_fastrtps_cpp/dwb_msgs/msg/detail/dds_fastrtps/trajectory_score__type_support.cpp.o[0m
[7.220s] [ 49%] Built target dwb_msgs__rosidl_typesupport_cpp
[7.237s] [ 50%] [32mBuilding CXX object CMakeFiles/dwb_msgs__rosidl_typesupport_c.dir/rosidl_typesupport_c/dwb_msgs/srv/get_critic_score__type_support.cpp.o[0m
[7.314s] [ 51%] [32mBuilding CXX object CMakeFiles/dwb_msgs__rosidl_typesupport_c.dir/rosidl_typesupport_c/dwb_msgs/srv/score_trajectory__type_support.cpp.o[0m
[7.362s] [ 52%] [32mBuilding CXX object CMakeFiles/dwb_msgs__rosidl_typesupport_fastrtps_cpp.dir/rosidl_typesupport_fastrtps_cpp/dwb_msgs/srv/detail/dds_fastrtps/debug_local_plan__type_support.cpp.o[0m
[7.443s] [ 53%] [32m[1mLinking CXX shared library libdwb_msgs__rosidl_typesupport_c.so[0m
[7.506s] [ 54%] [32mBuilding CXX object CMakeFiles/dwb_msgs__rosidl_typesupport_fastrtps_cpp.dir/rosidl_typesupport_fastrtps_cpp/dwb_msgs/srv/detail/dds_fastrtps/generate_trajectory__type_support.cpp.o[0m
[7.589s] [ 55%] [32mBuilding CXX object CMakeFiles/dwb_msgs__rosidl_typesupport_fastrtps_cpp.dir/rosidl_typesupport_fastrtps_cpp/dwb_msgs/srv/detail/dds_fastrtps/generate_twists__type_support.cpp.o[0m
[7.603s] [ 56%] [32mBuilding CXX object CMakeFiles/dwb_msgs__rosidl_typesupport_fastrtps_cpp.dir/rosidl_typesupport_fastrtps_cpp/dwb_msgs/srv/detail/dds_fastrtps/get_critic_score__type_support.cpp.o[0m
[7.607s] [ 56%] Built target dwb_msgs__rosidl_typesupport_c
[7.620s] [ 57%] [32mBuilding CXX object CMakeFiles/dwb_msgs__rosidl_typesupport_fastrtps_cpp.dir/rosidl_typesupport_fastrtps_cpp/dwb_msgs/srv/detail/dds_fastrtps/score_trajectory__type_support.cpp.o[0m
[7.647s] [ 58%] [32m[1mLinking CXX shared library libdwb_msgs__rosidl_typesupport_introspection_cpp.so[0m
[7.656s] [35m[1mScanning dependencies of target dwb_msgs__rosidl_typesupport_introspection_c[0m
[7.697s] [ 60%] [32mBuilding C object CMakeFiles/dwb_msgs__rosidl_typesupport_introspection_c.dir/rosidl_typesupport_introspection_c/dwb_msgs/msg/detail/critic_score__type_support.c.o[0m
[7.707s] [ 61%] [32mBuilding C object CMakeFiles/dwb_msgs__rosidl_typesupport_introspection_c.dir/rosidl_typesupport_introspection_c/dwb_msgs/srv/detail/generate_trajectory__type_support.c.o[0m
[7.730s] [ 62%] [32mBuilding C object CMakeFiles/dwb_msgs__rosidl_typesupport_introspection_c.dir/rosidl_typesupport_introspection_c/dwb_msgs/msg/detail/local_plan_evaluation__type_support.c.o[0m
[7.734s] [ 65%] [32mBuilding C object CMakeFiles/dwb_msgs__rosidl_typesupport_introspection_c.dir/rosidl_typesupport_introspection_c/dwb_msgs/msg/detail/trajectory2_d__type_support.c.o[0m
[7.735s] [ 65%] [32mBuilding C object CMakeFiles/dwb_msgs__rosidl_typesupport_introspection_c.dir/rosidl_typesupport_introspection_c/dwb_msgs/msg/detail/trajectory_score__type_support.c.o[0m
[7.735s] [ 65%] [32mBuilding C object CMakeFiles/dwb_msgs__rosidl_typesupport_introspection_c.dir/rosidl_typesupport_introspection_c/dwb_msgs/srv/detail/debug_local_plan__type_support.c.o[0m
[7.766s] [ 66%] [32mBuilding C object CMakeFiles/dwb_msgs__rosidl_typesupport_introspection_c.dir/rosidl_typesupport_introspection_c/dwb_msgs/srv/detail/generate_twists__type_support.c.o[0m
[7.815s] [ 66%] Built target dwb_msgs__rosidl_typesupport_introspection_cpp
[7.817s] [ 67%] [32mBuilding C object CMakeFiles/dwb_msgs__rosidl_typesupport_introspection_c.dir/rosidl_typesupport_introspection_c/dwb_msgs/srv/detail/get_critic_score__type_support.c.o[0m
[7.818s] [ 68%] [32mBuilding C object CMakeFiles/dwb_msgs__rosidl_typesupport_introspection_c.dir/rosidl_typesupport_introspection_c/dwb_msgs/srv/detail/score_trajectory__type_support.c.o[0m
[7.884s] [ 69%] [32m[1mLinking C shared library libdwb_msgs__rosidl_typesupport_introspection_c.so[0m
[7.935s] [ 69%] Built target dwb_msgs__rosidl_typesupport_introspection_c
[8.215s] [ 70%] [32m[1mLinking CXX shared library libdwb_msgs__rosidl_typesupport_fastrtps_cpp.so[0m
[8.299s] [ 70%] Built target dwb_msgs__rosidl_typesupport_fastrtps_cpp
[8.310s] [ 71%] [34m[1mGenerating C type support for eProsima Fast-RTPS[0m
[8.923s] [35m[1mScanning dependencies of target dwb_msgs__rosidl_typesupport_fastrtps_c[0m
[8.954s] [ 72%] [32mBuilding CXX object CMakeFiles/dwb_msgs__rosidl_typesupport_fastrtps_c.dir/rosidl_typesupport_fastrtps_c/dwb_msgs/msg/detail/local_plan_evaluation__type_support_c.cpp.o[0m
[8.954s] [ 73%] [32mBuilding CXX object CMakeFiles/dwb_msgs__rosidl_typesupport_fastrtps_c.dir/rosidl_typesupport_fastrtps_c/dwb_msgs/srv/detail/generate_trajectory__type_support_c.cpp.o[0m
[8.954s] [ 74%] [32mBuilding CXX object CMakeFiles/dwb_msgs__rosidl_typesupport_fastrtps_c.dir/rosidl_typesupport_fastrtps_c/dwb_msgs/msg/detail/critic_score__type_support_c.cpp.o[0m
[8.955s] [ 75%] [32mBuilding CXX object CMakeFiles/dwb_msgs__rosidl_typesupport_fastrtps_c.dir/rosidl_typesupport_fastrtps_c/dwb_msgs/msg/detail/trajectory_score__type_support_c.cpp.o[0m
[8.955s] [ 76%] [32mBuilding CXX object CMakeFiles/dwb_msgs__rosidl_typesupport_fastrtps_c.dir/rosidl_typesupport_fastrtps_c/dwb_msgs/msg/detail/trajectory2_d__type_support_c.cpp.o[0m
[8.955s] [ 77%] [32mBuilding CXX object CMakeFiles/dwb_msgs__rosidl_typesupport_fastrtps_c.dir/rosidl_typesupport_fastrtps_c/dwb_msgs/srv/detail/debug_local_plan__type_support_c.cpp.o[0m
[8.956s] [ 78%] [32mBuilding CXX object CMakeFiles/dwb_msgs__rosidl_typesupport_fastrtps_c.dir/rosidl_typesupport_fastrtps_c/dwb_msgs/srv/detail/score_trajectory__type_support_c.cpp.o[0m
[8.957s] [ 80%] [32mBuilding CXX object CMakeFiles/dwb_msgs__rosidl_typesupport_fastrtps_c.dir/rosidl_typesupport_fastrtps_c/dwb_msgs/srv/detail/generate_twists__type_support_c.cpp.o[0m
[8.960s] [ 81%] [32mBuilding CXX object CMakeFiles/dwb_msgs__rosidl_typesupport_fastrtps_c.dir/rosidl_typesupport_fastrtps_c/dwb_msgs/srv/detail/get_critic_score__type_support_c.cpp.o[0m
[9.451s] [ 82%] [32m[1mLinking CXX shared library libdwb_msgs__rosidl_typesupport_fastrtps_c.so[0m
[9.530s] [ 82%] Built target dwb_msgs__rosidl_typesupport_fastrtps_c
[9.540s] [35m[1mScanning dependencies of target dwb_msgs[0m
[9.551s] [ 82%] Built target dwb_msgs
[9.562s] [35m[1mScanning dependencies of target dwb_msgs__py[0m
[9.574s] [ 83%] [34m[1mGenerating Python code for ROS interfaces[0m
[11.554s] [ 83%] Built target dwb_msgs__py
[11.564s] [35m[1mScanning dependencies of target dwb_msgs__python[0m
[11.596s] [ 85%] [32mBuilding C object CMakeFiles/dwb_msgs__python.dir/rosidl_generator_py/dwb_msgs/msg/_local_plan_evaluation_s.c.o[0m
[11.596s] [ 85%] [32mBuilding C object CMakeFiles/dwb_msgs__python.dir/rosidl_generator_py/dwb_msgs/msg/_trajectory_score_s.c.o[0m
[11.596s] [ 86%] [32mBuilding C object CMakeFiles/dwb_msgs__python.dir/rosidl_generator_py/dwb_msgs/srv/_debug_local_plan_s.c.o[0m
[11.596s] [ 87%] [32mBuilding C object CMakeFiles/dwb_msgs__python.dir/rosidl_generator_py/dwb_msgs/msg/_critic_score_s.c.o[0m
[11.597s] [ 88%] [32mBuilding C object CMakeFiles/dwb_msgs__python.dir/rosidl_generator_py/dwb_msgs/srv/_generate_twists_s.c.o[0m
[11.597s] [ 89%] [32mBuilding C object CMakeFiles/dwb_msgs__python.dir/rosidl_generator_py/dwb_msgs/msg/_trajectory2_d_s.c.o[0m
[11.597s] [ 90%] [32mBuilding C object CMakeFiles/dwb_msgs__python.dir/rosidl_generator_py/dwb_msgs/srv/_score_trajectory_s.c.o[0m
[11.598s] [ 91%] [32mBuilding C object CMakeFiles/dwb_msgs__python.dir/rosidl_generator_py/dwb_msgs/srv/_get_critic_score_s.c.o[0m
[11.598s] [ 92%] [32mBuilding C object CMakeFiles/dwb_msgs__python.dir/rosidl_generator_py/dwb_msgs/srv/_generate_trajectory_s.c.o[0m
[11.729s] [ 93%] [32m[1mLinking C shared library rosidl_generator_py/dwb_msgs/libdwb_msgs__python.so[0m
[11.777s] [ 93%] Built target dwb_msgs__python
[11.788s] [35m[1mScanning dependencies of target dwb_msgs__rosidl_typesupport_fastrtps_c__pyext[0m
[11.788s] [35m[1mScanning dependencies of target dwb_msgs__rosidl_typesupport_introspection_c__pyext[0m
[11.788s] [35m[1mScanning dependencies of target dwb_msgs__rosidl_typesupport_c__pyext[0m
[11.806s] [ 95%] [32mBuilding C object CMakeFiles/dwb_msgs__rosidl_typesupport_introspection_c__pyext.dir/rosidl_generator_py/dwb_msgs/_dwb_msgs_s.ep.rosidl_typesupport_introspection_c.c.o[0m
[11.806s] [ 95%] [32mBuilding C object CMakeFiles/dwb_msgs__rosidl_typesupport_c__pyext.dir/rosidl_generator_py/dwb_msgs/_dwb_msgs_s.ep.rosidl_typesupport_c.c.o[0m
[11.807s] [ 96%] [32mBuilding C object CMakeFiles/dwb_msgs__rosidl_typesupport_fastrtps_c__pyext.dir/rosidl_generator_py/dwb_msgs/_dwb_msgs_s.ep.rosidl_typesupport_fastrtps_c.c.o[0m
[11.909s] [100%] [32m[1mLinking C shared library rosidl_generator_py/dwb_msgs/dwb_msgs_s__rosidl_typesupport_c.cpython-38-x86_64-linux-gnu.so[0m
[11.909s] [100%] [32m[1mLinking C shared library rosidl_generator_py/dwb_msgs/dwb_msgs_s__rosidl_typesupport_introspection_c.cpython-38-x86_64-linux-gnu.so[0m
[11.909s] [100%] [32m[1mLinking CXX shared library rosidl_generator_py/dwb_msgs/dwb_msgs_s__rosidl_typesupport_fastrtps_c.cpython-38-x86_64-linux-gnu.so[0m
[11.946s] [100%] Built target dwb_msgs__rosidl_typesupport_c__pyext
[11.947s] [100%] Built target dwb_msgs__rosidl_typesupport_introspection_c__pyext
[11.975s] [100%] Built target dwb_msgs__rosidl_typesupport_fastrtps_c__pyext
[11.987s] Invoked command in '/home/kgh/ws2/build/dwb_msgs' returned '0': CMAKE_PREFIX_PATH=/home/kgh/ws2/install/nav_2d_msgs:/home/kgh/ws2/install/yzbot_nav2:/home/kgh/ws2/install/yzbot_navigation2:/home/kgh/ws2/install/yzbot_cartographer:/home/kgh/ws2/install/nav2_system_tests:/home/kgh/ws2/install/fishbot_navigation2:/home/kgh/ws2/install/nav2_bringup:/home/kgh/ws2/install/navigation2:/home/kgh/ws2/install/smac_planner:/home/kgh/ws2/install/nav2_dwb_controller:/home/kgh/ws2/install/nav2_controller:/home/kgh/ws2/install/dwb_plugins:/home/kgh/ws2/install/dwb_critics:/home/kgh/ws2/install/dwb_core:/home/kgh/ws2/install/nav_2d_utils:/home/kgh/ws2/install/dwb_msgs:/home/kgh/ws2/install/nav2_waypoint_follower:/home/kgh/ws2/install/nav2_regulated_pure_pursuit_controller:/home/kgh/ws2/install/nav2_recoveries:/home/kgh/ws2/install/nav2_planner:/home/kgh/ws2/install/nav2_navfn_planner:/home/kgh/ws2/install/nav2_core:/home/kgh/ws2/install/costmap_queue:/home/kgh/ws2/install/nav2_costmap_2d:/home/kgh/ws2/install/nav2_voxel_grid:/home/kgh/ws2/install/nav2_rviz_plugins:/home/kgh/ws2/install/nav2_map_server:/home/kgh/ws2/install/nav2_lifecycle_manager:/home/kgh/ws2/install/nav2_bt_navigator:/home/kgh/ws2/install/nav2_behavior_tree:/home/kgh/ws2/install/nav2_amcl:/home/kgh/ws2/install/nav2_util:/home/kgh/ws2/install/nav2_msgs:/home/kgh/ws2/install/nav2_common:/home/kgh/ws2/install/fishbot_cartographer:/home/kgh/ws2/install/cartographer_ros:/home/kgh/ws2/install/cartographer_ros_msgs:/home/kgh/ws2/install/cartographer:/home/kgh/ws2/install/yzbot_description:/home/kgh/ws2/install/yzbot_controller:/home/kgh/ws2/install/fishbot_description:/home/kgh/ws2/install/nav2_gazebo_spawner:/home/kgh/ws2/install/fishbot_controller:/opt/ros/foxy LD_LIBRARY_PATH=/home/kgh/ws2/install/nav_2d_msgs/lib:/home/kgh/ws2/install/smac_planner/lib:/home/kgh/ws2/install/nav2_controller/lib:/home/kgh/ws2/install/dwb_plugins/lib:/home/kgh/ws2/install/dwb_critics/lib:/home/kgh/ws2/install/dwb_core/lib:/home/kgh/ws2/install/nav_2d_utils/lib:/home/kgh/ws2/install/dwb_msgs/lib:/home/kgh/ws2/install/nav2_waypoint_follower/lib:/home/kgh/ws2/install/nav2_regulated_pure_pursuit_controller/lib:/home/kgh/ws2/install/nav2_recoveries/lib:/home/kgh/ws2/install/nav2_planner/lib:/home/kgh/ws2/install/nav2_navfn_planner/lib:/home/kgh/ws2/install/costmap_queue/lib:/home/kgh/ws2/install/nav2_costmap_2d/lib:/home/kgh/ws2/install/nav2_voxel_grid/lib:/home/kgh/ws2/install/nav2_rviz_plugins/lib:/home/kgh/ws2/install/nav2_map_server/lib:/home/kgh/ws2/install/nav2_lifecycle_manager/lib:/home/kgh/ws2/install/nav2_bt_navigator/lib:/home/kgh/ws2/install/nav2_behavior_tree/lib:/home/kgh/ws2/install/nav2_amcl/lib:/home/kgh/ws2/install/nav2_util/lib:/home/kgh/ws2/install/nav2_msgs/lib:/home/kgh/ws2/install/cartographer_ros_msgs/lib:/usr/lib/x86_64-linux-gnu/gazebo-11/plugins:/opt/ros/foxy/opt/yaml_cpp_vendor/lib:/opt/ros/foxy/opt/rviz_ogre_vendor/lib:/opt/ros/foxy/lib/x86_64-linux-gnu:/opt/ros/foxy/lib PYTHONPATH=/home/kgh/ws2/install/nav_2d_msgs/lib/python3.8/site-packages:/home/kgh/ws2/install/yzbot_description/lib/python3.8/site-packages:/home/kgh/ws2/install/yzbot_controller/lib/python3.8/site-packages:/home/kgh/ws2/install/fishbot_description/lib/python3.8/site-packages:/home/kgh/ws2/install/dwb_msgs/lib/python3.8/site-packages:/home/kgh/ws2/install/nav2_msgs/lib/python3.8/site-packages:/home/kgh/ws2/install/nav2_gazebo_spawner/lib/python3.8/site-packages:/home/kgh/ws2/install/nav2_common/lib/python3.8/site-packages:/home/kgh/ws2/install/fishbot_controller/lib/python3.8/site-packages:/home/kgh/ws2/install/cartographer_ros_msgs/lib/python3.8/site-packages:/opt/ros/foxy/lib/python3.8/site-packages /usr/bin/cmake --build /home/kgh/ws2/build/dwb_msgs -- -j16 -l16
[12.157s] Invoking command in '/home/kgh/ws2/build/dwb_msgs': CMAKE_PREFIX_PATH=/home/kgh/ws2/install/nav_2d_msgs:/home/kgh/ws2/install/yzbot_nav2:/home/kgh/ws2/install/yzbot_navigation2:/home/kgh/ws2/install/yzbot_cartographer:/home/kgh/ws2/install/nav2_system_tests:/home/kgh/ws2/install/fishbot_navigation2:/home/kgh/ws2/install/nav2_bringup:/home/kgh/ws2/install/navigation2:/home/kgh/ws2/install/smac_planner:/home/kgh/ws2/install/nav2_dwb_controller:/home/kgh/ws2/install/nav2_controller:/home/kgh/ws2/install/dwb_plugins:/home/kgh/ws2/install/dwb_critics:/home/kgh/ws2/install/dwb_core:/home/kgh/ws2/install/nav_2d_utils:/home/kgh/ws2/install/dwb_msgs:/home/kgh/ws2/install/nav2_waypoint_follower:/home/kgh/ws2/install/nav2_regulated_pure_pursuit_controller:/home/kgh/ws2/install/nav2_recoveries:/home/kgh/ws2/install/nav2_planner:/home/kgh/ws2/install/nav2_navfn_planner:/home/kgh/ws2/install/nav2_core:/home/kgh/ws2/install/costmap_queue:/home/kgh/ws2/install/nav2_costmap_2d:/home/kgh/ws2/install/nav2_voxel_grid:/home/kgh/ws2/install/nav2_rviz_plugins:/home/kgh/ws2/install/nav2_map_server:/home/kgh/ws2/install/nav2_lifecycle_manager:/home/kgh/ws2/install/nav2_bt_navigator:/home/kgh/ws2/install/nav2_behavior_tree:/home/kgh/ws2/install/nav2_amcl:/home/kgh/ws2/install/nav2_util:/home/kgh/ws2/install/nav2_msgs:/home/kgh/ws2/install/nav2_common:/home/kgh/ws2/install/fishbot_cartographer:/home/kgh/ws2/install/cartographer_ros:/home/kgh/ws2/install/cartographer_ros_msgs:/home/kgh/ws2/install/cartographer:/home/kgh/ws2/install/yzbot_description:/home/kgh/ws2/install/yzbot_controller:/home/kgh/ws2/install/fishbot_description:/home/kgh/ws2/install/nav2_gazebo_spawner:/home/kgh/ws2/install/fishbot_controller:/opt/ros/foxy LD_LIBRARY_PATH=/home/kgh/ws2/install/nav_2d_msgs/lib:/home/kgh/ws2/install/smac_planner/lib:/home/kgh/ws2/install/nav2_controller/lib:/home/kgh/ws2/install/dwb_plugins/lib:/home/kgh/ws2/install/dwb_critics/lib:/home/kgh/ws2/install/dwb_core/lib:/home/kgh/ws2/install/nav_2d_utils/lib:/home/kgh/ws2/install/dwb_msgs/lib:/home/kgh/ws2/install/nav2_waypoint_follower/lib:/home/kgh/ws2/install/nav2_regulated_pure_pursuit_controller/lib:/home/kgh/ws2/install/nav2_recoveries/lib:/home/kgh/ws2/install/nav2_planner/lib:/home/kgh/ws2/install/nav2_navfn_planner/lib:/home/kgh/ws2/install/costmap_queue/lib:/home/kgh/ws2/install/nav2_costmap_2d/lib:/home/kgh/ws2/install/nav2_voxel_grid/lib:/home/kgh/ws2/install/nav2_rviz_plugins/lib:/home/kgh/ws2/install/nav2_map_server/lib:/home/kgh/ws2/install/nav2_lifecycle_manager/lib:/home/kgh/ws2/install/nav2_bt_navigator/lib:/home/kgh/ws2/install/nav2_behavior_tree/lib:/home/kgh/ws2/install/nav2_amcl/lib:/home/kgh/ws2/install/nav2_util/lib:/home/kgh/ws2/install/nav2_msgs/lib:/home/kgh/ws2/install/cartographer_ros_msgs/lib:/usr/lib/x86_64-linux-gnu/gazebo-11/plugins:/opt/ros/foxy/opt/yaml_cpp_vendor/lib:/opt/ros/foxy/opt/rviz_ogre_vendor/lib:/opt/ros/foxy/lib/x86_64-linux-gnu:/opt/ros/foxy/lib PYTHONPATH=/home/kgh/ws2/install/nav_2d_msgs/lib/python3.8/site-packages:/home/kgh/ws2/install/yzbot_description/lib/python3.8/site-packages:/home/kgh/ws2/install/yzbot_controller/lib/python3.8/site-packages:/home/kgh/ws2/install/fishbot_description/lib/python3.8/site-packages:/home/kgh/ws2/install/dwb_msgs/lib/python3.8/site-packages:/home/kgh/ws2/install/nav2_msgs/lib/python3.8/site-packages:/home/kgh/ws2/install/nav2_gazebo_spawner/lib/python3.8/site-packages:/home/kgh/ws2/install/nav2_common/lib/python3.8/site-packages:/home/kgh/ws2/install/fishbot_controller/lib/python3.8/site-packages:/home/kgh/ws2/install/cartographer_ros_msgs/lib/python3.8/site-packages:/opt/ros/foxy/lib/python3.8/site-packages /usr/bin/cmake --install /home/kgh/ws2/build/dwb_msgs
[12.164s] -- Install configuration: ""
[12.165s] -- Installing: /home/kgh/ws2/install/dwb_msgs/share/ament_index/resource_index/rosidl_interfaces/dwb_msgs
[12.165s] -- Installing: /home/kgh/ws2/install/dwb_msgs/include/dwb_msgs
[12.165s] -- Installing: /home/kgh/ws2/install/dwb_msgs/include/dwb_msgs/msg
[12.165s] -- Installing: /home/kgh/ws2/install/dwb_msgs/include/dwb_msgs/msg/critic_score.h
[12.165s] -- Installing: /home/kgh/ws2/install/dwb_msgs/include/dwb_msgs/msg/rosidl_generator_c__visibility_control.h
[12.165s] -- Installing: /home/kgh/ws2/install/dwb_msgs/include/dwb_msgs/msg/local_plan_evaluation.h
[12.165s] -- Installing: /home/kgh/ws2/install/dwb_msgs/include/dwb_msgs/msg/trajectory2_d.h
[12.165s] -- Installing: /home/kgh/ws2/install/dwb_msgs/include/dwb_msgs/msg/detail
[12.165s] -- Installing: /home/kgh/ws2/install/dwb_msgs/include/dwb_msgs/msg/detail/trajectory_score__functions.h
[12.165s] -- Installing: /home/kgh/ws2/install/dwb_msgs/include/dwb_msgs/msg/detail/trajectory2_d__functions.c
[12.165s] -- Installing: /home/kgh/ws2/install/dwb_msgs/include/dwb_msgs/msg/detail/critic_score__functions.c
[12.166s] -- Installing: /home/kgh/ws2/install/dwb_msgs/include/dwb_msgs/msg/detail/local_plan_evaluation__type_support.h
[12.166s] -- Installing: /home/kgh/ws2/install/dwb_msgs/include/dwb_msgs/msg/detail/local_plan_evaluation__functions.c
[12.166s] -- Installing: /home/kgh/ws2/install/dwb_msgs/include/dwb_msgs/msg/detail/trajectory2_d__functions.h
[12.166s] -- Installing: /home/kgh/ws2/install/dwb_msgs/include/dwb_msgs/msg/detail/local_plan_evaluation__struct.h
[12.166s] -- Installing: /home/kgh/ws2/install/dwb_msgs/include/dwb_msgs/msg/detail/trajectory_score__struct.h
[12.166s] -- Installing: /home/kgh/ws2/install/dwb_msgs/include/dwb_msgs/msg/detail/local_plan_evaluation__functions.h
[12.166s] -- Installing: /home/kgh/ws2/install/dwb_msgs/include/dwb_msgs/msg/detail/critic_score__functions.h
[12.166s] -- Installing: /home/kgh/ws2/install/dwb_msgs/include/dwb_msgs/msg/detail/trajectory2_d__struct.h
[12.166s] -- Installing: /home/kgh/ws2/install/dwb_msgs/include/dwb_msgs/msg/detail/critic_score__struct.h
[12.166s] -- Installing: /home/kgh/ws2/install/dwb_msgs/include/dwb_msgs/msg/detail/trajectory2_d__type_support.h
[12.166s] -- Installing: /home/kgh/ws2/install/dwb_msgs/include/dwb_msgs/msg/detail/trajectory_score__functions.c
[12.166s] -- Installing: /home/kgh/ws2/install/dwb_msgs/include/dwb_msgs/msg/detail/critic_score__type_support.h
[12.166s] -- Installing: /home/kgh/ws2/install/dwb_msgs/include/dwb_msgs/msg/detail/trajectory_score__type_support.h
[12.167s] -- Installing: /home/kgh/ws2/install/dwb_msgs/include/dwb_msgs/msg/trajectory_score.h
[12.167s] -- Installing: /home/kgh/ws2/install/dwb_msgs/include/dwb_msgs/srv
[12.167s] -- Installing: /home/kgh/ws2/install/dwb_msgs/include/dwb_msgs/srv/score_trajectory.h
[12.167s] -- Installing: /home/kgh/ws2/install/dwb_msgs/include/dwb_msgs/srv/generate_twists.h
[12.167s] -- Installing: /home/kgh/ws2/install/dwb_msgs/include/dwb_msgs/srv/get_critic_score.h
[12.167s] -- Installing: /home/kgh/ws2/install/dwb_msgs/include/dwb_msgs/srv/generate_trajectory.h
[12.167s] -- Installing: /home/kgh/ws2/install/dwb_msgs/include/dwb_msgs/srv/detail
[12.167s] -- Installing: /home/kgh/ws2/install/dwb_msgs/include/dwb_msgs/srv/detail/generate_twists__functions.c
[12.167s] -- Installing: /home/kgh/ws2/install/dwb_msgs/include/dwb_msgs/srv/detail/score_trajectory__struct.h
[12.167s] -- Installing: /home/kgh/ws2/install/dwb_msgs/include/dwb_msgs/srv/detail/score_trajectory__functions.c
[12.167s] -- Installing: /home/kgh/ws2/install/dwb_msgs/include/dwb_msgs/srv/detail/score_trajectory__functions.h
[12.167s] -- Installing: /home/kgh/ws2/install/dwb_msgs/include/dwb_msgs/srv/detail/get_critic_score__functions.c
[12.168s] -- Installing: /home/kgh/ws2/install/dwb_msgs/include/dwb_msgs/srv/detail/generate_twists__struct.h
[12.168s] -- Installing: /home/kgh/ws2/install/dwb_msgs/include/dwb_msgs/srv/detail/generate_trajectory__functions.h
[12.168s] -- Installing: /home/kgh/ws2/install/dwb_msgs/include/dwb_msgs/srv/detail/generate_twists__type_support.h
[12.168s] -- Installing: /home/kgh/ws2/install/dwb_msgs/include/dwb_msgs/srv/detail/score_trajectory__type_support.h
[12.168s] -- Installing: /home/kgh/ws2/install/dwb_msgs/include/dwb_msgs/srv/detail/generate_trajectory__functions.c
[12.168s] -- Installing: /home/kgh/ws2/install/dwb_msgs/include/dwb_msgs/srv/detail/debug_local_plan__functions.c
[12.168s] -- Installing: /home/kgh/ws2/install/dwb_msgs/include/dwb_msgs/srv/detail/debug_local_plan__functions.h
[12.168s] -- Installing: /home/kgh/ws2/install/dwb_msgs/include/dwb_msgs/srv/detail/get_critic_score__type_support.h
[12.168s] -- Installing: /home/kgh/ws2/install/dwb_msgs/include/dwb_msgs/srv/detail/generate_twists__functions.h
[12.168s] -- Installing: /home/kgh/ws2/install/dwb_msgs/include/dwb_msgs/srv/detail/debug_local_plan__type_support.h
[12.168s] -- Installing: /home/kgh/ws2/install/dwb_msgs/include/dwb_msgs/srv/detail/generate_trajectory__struct.h
[12.168s] -- Installing: /home/kgh/ws2/install/dwb_msgs/include/dwb_msgs/srv/detail/get_critic_score__functions.h
[12.169s] -- Installing: /home/kgh/ws2/install/dwb_msgs/include/dwb_msgs/srv/detail/generate_trajectory__type_support.h
[12.169s] -- Installing: /home/kgh/ws2/install/dwb_msgs/include/dwb_msgs/srv/detail/debug_local_plan__struct.h
[12.169s] -- Installing: /home/kgh/ws2/install/dwb_msgs/include/dwb_msgs/srv/detail/get_critic_score__struct.h
[12.169s] -- Installing: /home/kgh/ws2/install/dwb_msgs/include/dwb_msgs/srv/debug_local_plan.h
[12.169s] -- Installing: /home/kgh/ws2/install/dwb_msgs/share/dwb_msgs/environment/library_path.sh
[12.169s] -- Installing: /home/kgh/ws2/install/dwb_msgs/share/dwb_msgs/environment/library_path.dsv
[12.169s] -- Installing: /home/kgh/ws2/install/dwb_msgs/lib/libdwb_msgs__rosidl_generator_c.so
[12.169s] -- Set runtime path of "/home/kgh/ws2/install/dwb_msgs/lib/libdwb_msgs__rosidl_generator_c.so" to ""
[12.169s] -- Up-to-date: /home/kgh/ws2/install/dwb_msgs/include/dwb_msgs
[12.169s] -- Up-to-date: /home/kgh/ws2/install/dwb_msgs/include/dwb_msgs/msg
[12.169s] -- Installing: /home/kgh/ws2/install/dwb_msgs/include/dwb_msgs/msg/rosidl_typesupport_fastrtps_c__visibility_control.h
[12.170s] -- Up-to-date: /home/kgh/ws2/install/dwb_msgs/include/dwb_msgs/msg/detail
[12.170s] -- Installing: /home/kgh/ws2/install/dwb_msgs/include/dwb_msgs/msg/detail/local_plan_evaluation__rosidl_typesupport_fastrtps_c.h
[12.170s] -- Installing: /home/kgh/ws2/install/dwb_msgs/include/dwb_msgs/msg/detail/trajectory_score__rosidl_typesupport_fastrtps_c.h
[12.170s] -- Installing: /home/kgh/ws2/install/dwb_msgs/include/dwb_msgs/msg/detail/trajectory2_d__rosidl_typesupport_fastrtps_c.h
[12.170s] -- Installing: /home/kgh/ws2/install/dwb_msgs/include/dwb_msgs/msg/detail/critic_score__rosidl_typesupport_fastrtps_c.h
[12.170s] -- Up-to-date: /home/kgh/ws2/install/dwb_msgs/include/dwb_msgs/srv
[12.170s] -- Up-to-date: /home/kgh/ws2/install/dwb_msgs/include/dwb_msgs/srv/detail
[12.170s] -- Installing: /home/kgh/ws2/install/dwb_msgs/include/dwb_msgs/srv/detail/score_trajectory__rosidl_typesupport_fastrtps_c.h
[12.170s] -- Installing: /home/kgh/ws2/install/dwb_msgs/include/dwb_msgs/srv/detail/get_critic_score__rosidl_typesupport_fastrtps_c.h
[12.170s] -- Installing: /home/kgh/ws2/install/dwb_msgs/include/dwb_msgs/srv/detail/generate_trajectory__rosidl_typesupport_fastrtps_c.h
[12.171s] -- Installing: /home/kgh/ws2/install/dwb_msgs/include/dwb_msgs/srv/detail/generate_twists__rosidl_typesupport_fastrtps_c.h
[12.171s] -- Installing: /home/kgh/ws2/install/dwb_msgs/include/dwb_msgs/srv/detail/debug_local_plan__rosidl_typesupport_fastrtps_c.h
[12.171s] -- Installing: /home/kgh/ws2/install/dwb_msgs/lib/libdwb_msgs__rosidl_typesupport_fastrtps_c.so
[12.171s] -- Set runtime path of "/home/kgh/ws2/install/dwb_msgs/lib/libdwb_msgs__rosidl_typesupport_fastrtps_c.so" to ""
[12.171s] -- Up-to-date: /home/kgh/ws2/install/dwb_msgs/include/dwb_msgs
[12.171s] -- Up-to-date: /home/kgh/ws2/install/dwb_msgs/include/dwb_msgs/msg
[12.171s] -- Installing: /home/kgh/ws2/install/dwb_msgs/include/dwb_msgs/msg/rosidl_typesupport_fastrtps_cpp__visibility_control.h
[12.171s] -- Up-to-date: /home/kgh/ws2/install/dwb_msgs/include/dwb_msgs/msg/detail
[12.171s] -- Installing: /home/kgh/ws2/install/dwb_msgs/include/dwb_msgs/msg/detail/trajectory2_d__rosidl_typesupport_fastrtps_cpp.hpp
[12.171s] -- Installing: /home/kgh/ws2/install/dwb_msgs/include/dwb_msgs/msg/detail/critic_score__rosidl_typesupport_fastrtps_cpp.hpp
[12.171s] -- Installing: /home/kgh/ws2/install/dwb_msgs/include/dwb_msgs/msg/detail/local_plan_evaluation__rosidl_typesupport_fastrtps_cpp.hpp
[12.171s] -- Installing: /home/kgh/ws2/install/dwb_msgs/include/dwb_msgs/msg/detail/dds_fastrtps
[12.172s] -- Installing: /home/kgh/ws2/install/dwb_msgs/include/dwb_msgs/msg/detail/trajectory_score__rosidl_typesupport_fastrtps_cpp.hpp
[12.172s] -- Up-to-date: /home/kgh/ws2/install/dwb_msgs/include/dwb_msgs/srv
[12.172s] -- Up-to-date: /home/kgh/ws2/install/dwb_msgs/include/dwb_msgs/srv/detail
[12.172s] -- Installing: /home/kgh/ws2/install/dwb_msgs/include/dwb_msgs/srv/detail/debug_local_plan__rosidl_typesupport_fastrtps_cpp.hpp
[12.172s] -- Installing: /home/kgh/ws2/install/dwb_msgs/include/dwb_msgs/srv/detail/dds_fastrtps
[12.172s] -- Installing: /home/kgh/ws2/install/dwb_msgs/include/dwb_msgs/srv/detail/score_trajectory__rosidl_typesupport_fastrtps_cpp.hpp
[12.172s] -- Installing: /home/kgh/ws2/install/dwb_msgs/include/dwb_msgs/srv/detail/generate_trajectory__rosidl_typesupport_fastrtps_cpp.hpp
[12.172s] -- Installing: /home/kgh/ws2/install/dwb_msgs/include/dwb_msgs/srv/detail/get_critic_score__rosidl_typesupport_fastrtps_cpp.hpp
[12.172s] -- Installing: /home/kgh/ws2/install/dwb_msgs/include/dwb_msgs/srv/detail/generate_twists__rosidl_typesupport_fastrtps_cpp.hpp
[12.172s] -- Installing: /home/kgh/ws2/install/dwb_msgs/lib/libdwb_msgs__rosidl_typesupport_fastrtps_cpp.so
[12.172s] -- Set runtime path of "/home/kgh/ws2/install/dwb_msgs/lib/libdwb_msgs__rosidl_typesupport_fastrtps_cpp.so" to ""
[12.172s] -- Up-to-date: /home/kgh/ws2/install/dwb_msgs/include/dwb_msgs
[12.172s] -- Up-to-date: /home/kgh/ws2/install/dwb_msgs/include/dwb_msgs/msg
[12.173s] -- Installing: /home/kgh/ws2/install/dwb_msgs/include/dwb_msgs/msg/rosidl_typesupport_introspection_c__visibility_control.h
[12.173s] -- Up-to-date: /home/kgh/ws2/install/dwb_msgs/include/dwb_msgs/msg/detail
[12.173s] -- Installing: /home/kgh/ws2/install/dwb_msgs/include/dwb_msgs/msg/detail/trajectory2_d__type_support.c
[12.173s] -- Installing: /home/kgh/ws2/install/dwb_msgs/include/dwb_msgs/msg/detail/trajectory_score__rosidl_typesupport_introspection_c.h
[12.173s] -- Installing: /home/kgh/ws2/install/dwb_msgs/include/dwb_msgs/msg/detail/local_plan_evaluation__rosidl_typesupport_introspection_c.h
[12.173s] -- Installing: /home/kgh/ws2/install/dwb_msgs/include/dwb_msgs/msg/detail/critic_score__rosidl_typesupport_introspection_c.h
[12.173s] -- Installing: /home/kgh/ws2/install/dwb_msgs/include/dwb_msgs/msg/detail/local_plan_evaluation__type_support.c
[12.173s] -- Installing: /home/kgh/ws2/install/dwb_msgs/include/dwb_msgs/msg/detail/trajectory2_d__rosidl_typesupport_introspection_c.h
[12.173s] -- Installing: /home/kgh/ws2/install/dwb_msgs/include/dwb_msgs/msg/detail/trajectory_score__type_support.c
[12.173s] -- Installing: /home/kgh/ws2/install/dwb_msgs/include/dwb_msgs/msg/detail/critic_score__type_support.c
[12.173s] -- Up-to-date: /home/kgh/ws2/install/dwb_msgs/include/dwb_msgs/srv
[12.173s] -- Up-to-date: /home/kgh/ws2/install/dwb_msgs/include/dwb_msgs/srv/detail
[12.173s] -- Installing: /home/kgh/ws2/install/dwb_msgs/include/dwb_msgs/srv/detail/score_trajectory__rosidl_typesupport_introspection_c.h
[12.173s] -- Installing: /home/kgh/ws2/install/dwb_msgs/include/dwb_msgs/srv/detail/generate_twists__rosidl_typesupport_introspection_c.h
[12.173s] -- Installing: /home/kgh/ws2/install/dwb_msgs/include/dwb_msgs/srv/detail/score_trajectory__type_support.c
[12.173s] -- Installing: /home/kgh/ws2/install/dwb_msgs/include/dwb_msgs/srv/detail/generate_trajectory__rosidl_typesupport_introspection_c.h
[12.174s] -- Installing: /home/kgh/ws2/install/dwb_msgs/include/dwb_msgs/srv/detail/generate_twists__type_support.c
[12.174s] -- Installing: /home/kgh/ws2/install/dwb_msgs/include/dwb_msgs/srv/detail/get_critic_score__type_support.c
[12.174s] -- Installing: /home/kgh/ws2/install/dwb_msgs/include/dwb_msgs/srv/detail/debug_local_plan__rosidl_typesupport_introspection_c.h
[12.174s] -- Installing: /home/kgh/ws2/install/dwb_msgs/include/dwb_msgs/srv/detail/debug_local_plan__type_support.c
[12.174s] -- Installing: /home/kgh/ws2/install/dwb_msgs/include/dwb_msgs/srv/detail/generate_trajectory__type_support.c
[12.174s] -- Installing: /home/kgh/ws2/install/dwb_msgs/include/dwb_msgs/srv/detail/get_critic_score__rosidl_typesupport_introspection_c.h
[12.174s] -- Installing: /home/kgh/ws2/install/dwb_msgs/lib/libdwb_msgs__rosidl_typesupport_introspection_c.so
[12.174s] -- Set runtime path of "/home/kgh/ws2/install/dwb_msgs/lib/libdwb_msgs__rosidl_typesupport_introspection_c.so" to ""
[12.174s] -- Installing: /home/kgh/ws2/install/dwb_msgs/lib/libdwb_msgs__rosidl_typesupport_c.so
[12.174s] -- Set runtime path of "/home/kgh/ws2/install/dwb_msgs/lib/libdwb_msgs__rosidl_typesupport_c.so" to ""
[12.174s] -- Up-to-date: /home/kgh/ws2/install/dwb_msgs/include/dwb_msgs
[12.174s] -- Up-to-date: /home/kgh/ws2/install/dwb_msgs/include/dwb_msgs/msg
[12.174s] -- Installing: /home/kgh/ws2/install/dwb_msgs/include/dwb_msgs/msg/critic_score.hpp
[12.174s] -- Installing: /home/kgh/ws2/install/dwb_msgs/include/dwb_msgs/msg/trajectory2_d.hpp
[12.174s] -- Installing: /home/kgh/ws2/install/dwb_msgs/include/dwb_msgs/msg/rosidl_generator_cpp__visibility_control.hpp
[12.174s] -- Installing: /home/kgh/ws2/install/dwb_msgs/include/dwb_msgs/msg/local_plan_evaluation.hpp
[12.174s] -- Up-to-date: /home/kgh/ws2/install/dwb_msgs/include/dwb_msgs/msg/detail
[12.174s] -- Installing: /home/kgh/ws2/install/dwb_msgs/include/dwb_msgs/msg/detail/critic_score__type_support.hpp
[12.175s] -- Installing: /home/kgh/ws2/install/dwb_msgs/include/dwb_msgs/msg/detail/trajectory_score__builder.hpp
[12.175s] -- Installing: /home/kgh/ws2/install/dwb_msgs/include/dwb_msgs/msg/detail/critic_score__struct.hpp
[12.175s] -- Installing: /home/kgh/ws2/install/dwb_msgs/include/dwb_msgs/msg/detail/critic_score__traits.hpp
[12.175s] -- Installing: /home/kgh/ws2/install/dwb_msgs/include/dwb_msgs/msg/detail/local_plan_evaluation__builder.hpp
[12.175s] -- Installing: /home/kgh/ws2/install/dwb_msgs/include/dwb_msgs/msg/detail/local_plan_evaluation__type_support.hpp
[12.175s] -- Installing: /home/kgh/ws2/install/dwb_msgs/include/dwb_msgs/msg/detail/trajectory_score__traits.hpp
[12.175s] -- Installing: /home/kgh/ws2/install/dwb_msgs/include/dwb_msgs/msg/detail/local_plan_evaluation__struct.hpp
[12.175s] -- Installing: /home/kgh/ws2/install/dwb_msgs/include/dwb_msgs/msg/detail/trajectory2_d__struct.hpp
[12.175s] -- Installing: /home/kgh/ws2/install/dwb_msgs/include/dwb_msgs/msg/detail/trajectory2_d__traits.hpp
[12.175s] -- Installing: /home/kgh/ws2/install/dwb_msgs/include/dwb_msgs/msg/detail/trajectory_score__type_support.hpp
[12.176s] -- Installing: /home/kgh/ws2/install/dwb_msgs/include/dwb_msgs/msg/detail/trajectory_score__struct.hpp
[12.176s] -- Installing: /home/kgh/ws2/install/dwb_msgs/include/dwb_msgs/msg/detail/local_plan_evaluation__traits.hpp
[12.176s] -- Installing: /home/kgh/ws2/install/dwb_msgs/include/dwb_msgs/msg/detail/critic_score__builder.hpp
[12.176s] -- Installing: /home/kgh/ws2/install/dwb_msgs/include/dwb_msgs/msg/detail/trajectory2_d__builder.hpp
[12.176s] -- Installing: /home/kgh/ws2/install/dwb_msgs/include/dwb_msgs/msg/detail/trajectory2_d__type_support.hpp
[12.176s] -- Installing: /home/kgh/ws2/install/dwb_msgs/include/dwb_msgs/msg/trajectory_score.hpp
[12.176s] -- Up-to-date: /home/kgh/ws2/install/dwb_msgs/include/dwb_msgs/srv
[12.176s] -- Installing: /home/kgh/ws2/install/dwb_msgs/include/dwb_msgs/srv/generate_trajectory.hpp
[12.176s] -- Up-to-date: /home/kgh/ws2/install/dwb_msgs/include/dwb_msgs/srv/detail
[12.176s] -- Installing: /home/kgh/ws2/install/dwb_msgs/include/dwb_msgs/srv/detail/generate_trajectory__struct.hpp
[12.176s] -- Installing: /home/kgh/ws2/install/dwb_msgs/include/dwb_msgs/srv/detail/get_critic_score__type_support.hpp
[12.176s] -- Installing: /home/kgh/ws2/install/dwb_msgs/include/dwb_msgs/srv/detail/score_trajectory__struct.hpp
[12.176s] -- Installing: /home/kgh/ws2/install/dwb_msgs/include/dwb_msgs/srv/detail/get_critic_score__traits.hpp
[12.176s] -- Installing: /home/kgh/ws2/install/dwb_msgs/include/dwb_msgs/srv/detail/generate_trajectory__traits.hpp
[12.177s] -- Installing: /home/kgh/ws2/install/dwb_msgs/include/dwb_msgs/srv/detail/debug_local_plan__traits.hpp
[12.177s] -- Installing: /home/kgh/ws2/install/dwb_msgs/include/dwb_msgs/srv/detail/generate_twists__type_support.hpp
[12.177s] -- Installing: /home/kgh/ws2/install/dwb_msgs/include/dwb_msgs/srv/detail/debug_local_plan__builder.hpp
[12.177s] -- Installing: /home/kgh/ws2/install/dwb_msgs/include/dwb_msgs/srv/detail/get_critic_score__struct.hpp
[12.177s] -- Installing: /home/kgh/ws2/install/dwb_msgs/include/dwb_msgs/srv/detail/debug_local_plan__type_support.hpp
[12.177s] -- Installing: /home/kgh/ws2/install/dwb_msgs/include/dwb_msgs/srv/detail/generate_twists__traits.hpp
[12.177s] -- Installing: /home/kgh/ws2/install/dwb_msgs/include/dwb_msgs/srv/detail/score_trajectory__traits.hpp
[12.177s] -- Installing: /home/kgh/ws2/install/dwb_msgs/include/dwb_msgs/srv/detail/generate_twists__struct.hpp
[12.177s] -- Installing: /home/kgh/ws2/install/dwb_msgs/include/dwb_msgs/srv/detail/debug_local_plan__struct.hpp
[12.177s] -- Installing: /home/kgh/ws2/install/dwb_msgs/include/dwb_msgs/srv/detail/score_trajectory__type_support.hpp
[12.177s] -- Installing: /home/kgh/ws2/install/dwb_msgs/include/dwb_msgs/srv/detail/generate_trajectory__type_support.hpp
[12.177s] -- Installing: /home/kgh/ws2/install/dwb_msgs/include/dwb_msgs/srv/detail/generate_trajectory__builder.hpp
[12.177s] -- Installing: /home/kgh/ws2/install/dwb_msgs/include/dwb_msgs/srv/detail/score_trajectory__builder.hpp
[12.177s] -- Installing: /home/kgh/ws2/install/dwb_msgs/include/dwb_msgs/srv/detail/generate_twists__builder.hpp
[12.177s] -- Installing: /home/kgh/ws2/install/dwb_msgs/include/dwb_msgs/srv/detail/get_critic_score__builder.hpp
[12.178s] -- Installing: /home/kgh/ws2/install/dwb_msgs/include/dwb_msgs/srv/generate_twists.hpp
[12.178s] -- Installing: /home/kgh/ws2/install/dwb_msgs/include/dwb_msgs/srv/get_critic_score.hpp
[12.178s] -- Installing: /home/kgh/ws2/install/dwb_msgs/include/dwb_msgs/srv/debug_local_plan.hpp
[12.178s] -- Installing: /home/kgh/ws2/install/dwb_msgs/include/dwb_msgs/srv/score_trajectory.hpp
[12.178s] -- Up-to-date: /home/kgh/ws2/install/dwb_msgs/include/dwb_msgs
[12.178s] -- Up-to-date: /home/kgh/ws2/install/dwb_msgs/include/dwb_msgs/msg
[12.178s] -- Up-to-date: /home/kgh/ws2/install/dwb_msgs/include/dwb_msgs/msg/detail
[12.178s] -- Installing: /home/kgh/ws2/install/dwb_msgs/include/dwb_msgs/msg/detail/local_plan_evaluation__type_support.cpp
[12.178s] -- Installing: /home/kgh/ws2/install/dwb_msgs/include/dwb_msgs/msg/detail/trajectory_score__rosidl_typesupport_introspection_cpp.hpp
[12.178s] -- Installing: /home/kgh/ws2/install/dwb_msgs/include/dwb_msgs/msg/detail/trajectory_score__type_support.cpp
[12.178s] -- Installing: /home/kgh/ws2/install/dwb_msgs/include/dwb_msgs/msg/detail/critic_score__rosidl_typesupport_introspection_cpp.hpp
[12.178s] -- Installing: /home/kgh/ws2/install/dwb_msgs/include/dwb_msgs/msg/detail/trajectory2_d__type_support.cpp
[12.178s] -- Installing: /home/kgh/ws2/install/dwb_msgs/include/dwb_msgs/msg/detail/local_plan_evaluation__rosidl_typesupport_introspection_cpp.hpp
[12.178s] -- Installing: /home/kgh/ws2/install/dwb_msgs/include/dwb_msgs/msg/detail/critic_score__type_support.cpp
[12.179s] -- Installing: /home/kgh/ws2/install/dwb_msgs/include/dwb_msgs/msg/detail/trajectory2_d__rosidl_typesupport_introspection_cpp.hpp
[12.179s] -- Up-to-date: /home/kgh/ws2/install/dwb_msgs/include/dwb_msgs/srv
[12.179s] -- Up-to-date: /home/kgh/ws2/install/dwb_msgs/include/dwb_msgs/srv/detail
[12.179s] -- Installing: /home/kgh/ws2/install/dwb_msgs/include/dwb_msgs/srv/detail/generate_trajectory__rosidl_typesupport_introspection_cpp.hpp
[12.179s] -- Installing: /home/kgh/ws2/install/dwb_msgs/include/dwb_msgs/srv/detail/generate_trajectory__type_support.cpp
[12.179s] -- Installing: /home/kgh/ws2/install/dwb_msgs/include/dwb_msgs/srv/detail/debug_local_plan__rosidl_typesupport_introspection_cpp.hpp
[12.179s] -- Installing: /home/kgh/ws2/install/dwb_msgs/include/dwb_msgs/srv/detail/get_critic_score__rosidl_typesupport_introspection_cpp.hpp
[12.179s] -- Installing: /home/kgh/ws2/install/dwb_msgs/include/dwb_msgs/srv/detail/score_trajectory__type_support.cpp
[12.179s] -- Installing: /home/kgh/ws2/install/dwb_msgs/include/dwb_msgs/srv/detail/generate_twists__type_support.cpp
[12.179s] -- Installing: /home/kgh/ws2/install/dwb_msgs/include/dwb_msgs/srv/detail/generate_twists__rosidl_typesupport_introspection_cpp.hpp
[12.179s] -- Installing: /home/kgh/ws2/install/dwb_msgs/include/dwb_msgs/srv/detail/debug_local_plan__type_support.cpp
[12.179s] -- Installing: /home/kgh/ws2/install/dwb_msgs/include/dwb_msgs/srv/detail/get_critic_score__type_support.cpp
[12.179s] -- Installing: /home/kgh/ws2/install/dwb_msgs/include/dwb_msgs/srv/detail/score_trajectory__rosidl_typesupport_introspection_cpp.hpp
[12.179s] -- Installing: /home/kgh/ws2/install/dwb_msgs/lib/libdwb_msgs__rosidl_typesupport_introspection_cpp.so
[12.180s] -- Set runtime path of "/home/kgh/ws2/install/dwb_msgs/lib/libdwb_msgs__rosidl_typesupport_introspection_cpp.so" to ""
[12.180s] -- Installing: /home/kgh/ws2/install/dwb_msgs/lib/libdwb_msgs__rosidl_typesupport_cpp.so
[12.180s] -- Set runtime path of "/home/kgh/ws2/install/dwb_msgs/lib/libdwb_msgs__rosidl_typesupport_cpp.so" to ""
[12.180s] -- Installing: /home/kgh/ws2/install/dwb_msgs/share/dwb_msgs/environment/pythonpath.sh
[12.180s] -- Installing: /home/kgh/ws2/install/dwb_msgs/share/dwb_msgs/environment/pythonpath.dsv
[12.180s] -- Installing: /home/kgh/ws2/install/dwb_msgs/lib/python3.8/site-packages/dwb_msgs/__init__.py
[12.210s] Compiling '/home/kgh/ws2/install/dwb_msgs/lib/python3.8/site-packages/dwb_msgs/__init__.py'...
[12.215s] -- Installing: /home/kgh/ws2/install/dwb_msgs/lib/python3.8/site-packages/dwb_msgs/msg
[12.215s] -- Installing: /home/kgh/ws2/install/dwb_msgs/lib/python3.8/site-packages/dwb_msgs/msg/_trajectory2_d.py
[12.215s] -- Installing: /home/kgh/ws2/install/dwb_msgs/lib/python3.8/site-packages/dwb_msgs/msg/_trajectory2_d_s.c
[12.215s] -- Installing: /home/kgh/ws2/install/dwb_msgs/lib/python3.8/site-packages/dwb_msgs/msg/_local_plan_evaluation.py
[12.215s] -- Installing: /home/kgh/ws2/install/dwb_msgs/lib/python3.8/site-packages/dwb_msgs/msg/_trajectory_score.py
[12.215s] -- Installing: /home/kgh/ws2/install/dwb_msgs/lib/python3.8/site-packages/dwb_msgs/msg/_trajectory_score_s.c
[12.215s] -- Installing: /home/kgh/ws2/install/dwb_msgs/lib/python3.8/site-packages/dwb_msgs/msg/__init__.py
[12.215s] -- Installing: /home/kgh/ws2/install/dwb_msgs/lib/python3.8/site-packages/dwb_msgs/msg/_critic_score.py
[12.215s] -- Installing: /home/kgh/ws2/install/dwb_msgs/lib/python3.8/site-packages/dwb_msgs/msg/_critic_score_s.c
[12.215s] -- Installing: /home/kgh/ws2/install/dwb_msgs/lib/python3.8/site-packages/dwb_msgs/msg/_local_plan_evaluation_s.c
[12.215s] -- Installing: /home/kgh/ws2/install/dwb_msgs/lib/python3.8/site-packages/dwb_msgs/srv
[12.216s] -- Installing: /home/kgh/ws2/install/dwb_msgs/lib/python3.8/site-packages/dwb_msgs/srv/_score_trajectory_s.c
[12.216s] -- Installing: /home/kgh/ws2/install/dwb_msgs/lib/python3.8/site-packages/dwb_msgs/srv/_debug_local_plan.py
[12.216s] -- Installing: /home/kgh/ws2/install/dwb_msgs/lib/python3.8/site-packages/dwb_msgs/srv/_generate_twists.py
[12.216s] -- Installing: /home/kgh/ws2/install/dwb_msgs/lib/python3.8/site-packages/dwb_msgs/srv/_score_trajectory.py
[12.216s] -- Installing: /home/kgh/ws2/install/dwb_msgs/lib/python3.8/site-packages/dwb_msgs/srv/_get_critic_score_s.c
[12.216s] -- Installing: /home/kgh/ws2/install/dwb_msgs/lib/python3.8/site-packages/dwb_msgs/srv/_generate_trajectory_s.c
[12.216s] -- Installing: /home/kgh/ws2/install/dwb_msgs/lib/python3.8/site-packages/dwb_msgs/srv/__init__.py
[12.216s] -- Installing: /home/kgh/ws2/install/dwb_msgs/lib/python3.8/site-packages/dwb_msgs/srv/_debug_local_plan_s.c
[12.216s] -- Installing: /home/kgh/ws2/install/dwb_msgs/lib/python3.8/site-packages/dwb_msgs/srv/_get_critic_score.py
[12.216s] -- Installing: /home/kgh/ws2/install/dwb_msgs/lib/python3.8/site-packages/dwb_msgs/srv/_generate_trajectory.py
[12.216s] -- Installing: /home/kgh/ws2/install/dwb_msgs/lib/python3.8/site-packages/dwb_msgs/srv/_generate_twists_s.c
[12.217s] -- Installing: /home/kgh/ws2/install/dwb_msgs/lib/python3.8/site-packages/dwb_msgs/dwb_msgs_s__rosidl_typesupport_fastrtps_c.cpython-38-x86_64-linux-gnu.so
[12.217s] -- Set runtime path of "/home/kgh/ws2/install/dwb_msgs/lib/python3.8/site-packages/dwb_msgs/dwb_msgs_s__rosidl_typesupport_fastrtps_c.cpython-38-x86_64-linux-gnu.so" to ""
[12.217s] -- Installing: /home/kgh/ws2/install/dwb_msgs/lib/python3.8/site-packages/dwb_msgs/dwb_msgs_s__rosidl_typesupport_introspection_c.cpython-38-x86_64-linux-gnu.so
[12.218s] -- Set runtime path of "/home/kgh/ws2/install/dwb_msgs/lib/python3.8/site-packages/dwb_msgs/dwb_msgs_s__rosidl_typesupport_introspection_c.cpython-38-x86_64-linux-gnu.so" to ""
[12.218s] -- Installing: /home/kgh/ws2/install/dwb_msgs/lib/python3.8/site-packages/dwb_msgs/dwb_msgs_s__rosidl_typesupport_c.cpython-38-x86_64-linux-gnu.so
[12.218s] -- Set runtime path of "/home/kgh/ws2/install/dwb_msgs/lib/python3.8/site-packages/dwb_msgs/dwb_msgs_s__rosidl_typesupport_c.cpython-38-x86_64-linux-gnu.so" to ""
[12.219s] -- Installing: /home/kgh/ws2/install/dwb_msgs/lib/libdwb_msgs__python.so
[12.219s] -- Set runtime path of "/home/kgh/ws2/install/dwb_msgs/lib/libdwb_msgs__python.so" to ""
[12.219s] -- Installing: /home/kgh/ws2/install/dwb_msgs/share/dwb_msgs/msg/CriticScore.idl
[12.219s] -- Installing: /home/kgh/ws2/install/dwb_msgs/share/dwb_msgs/msg/LocalPlanEvaluation.idl
[12.219s] -- Installing: /home/kgh/ws2/install/dwb_msgs/share/dwb_msgs/msg/Trajectory2D.idl
[12.219s] -- Installing: /home/kgh/ws2/install/dwb_msgs/share/dwb_msgs/msg/TrajectoryScore.idl
[12.220s] -- Installing: /home/kgh/ws2/install/dwb_msgs/share/dwb_msgs/srv/DebugLocalPlan.idl
[12.220s] -- Installing: /home/kgh/ws2/install/dwb_msgs/share/dwb_msgs/srv/GenerateTrajectory.idl
[12.220s] -- Installing: /home/kgh/ws2/install/dwb_msgs/share/dwb_msgs/srv/GenerateTwists.idl
[12.220s] -- Installing: /home/kgh/ws2/install/dwb_msgs/share/dwb_msgs/srv/GetCriticScore.idl
[12.220s] -- Installing: /home/kgh/ws2/install/dwb_msgs/share/dwb_msgs/srv/ScoreTrajectory.idl
[12.220s] -- Installing: /home/kgh/ws2/install/dwb_msgs/share/dwb_msgs/msg/CriticScore.msg
[12.220s] -- Installing: /home/kgh/ws2/install/dwb_msgs/share/dwb_msgs/msg/LocalPlanEvaluation.msg
[12.220s] -- Installing: /home/kgh/ws2/install/dwb_msgs/share/dwb_msgs/msg/Trajectory2D.msg
[12.221s] -- Installing: /home/kgh/ws2/install/dwb_msgs/share/dwb_msgs/msg/TrajectoryScore.msg
[12.221s] -- Installing: /home/kgh/ws2/install/dwb_msgs/share/dwb_msgs/srv/DebugLocalPlan.srv
[12.221s] -- Installing: /home/kgh/ws2/install/dwb_msgs/share/dwb_msgs/srv/DebugLocalPlan_Request.msg
[12.221s] -- Installing: /home/kgh/ws2/install/dwb_msgs/share/dwb_msgs/srv/DebugLocalPlan_Response.msg
[12.221s] -- Installing: /home/kgh/ws2/install/dwb_msgs/share/dwb_msgs/srv/GenerateTrajectory.srv
[12.221s] -- Installing: /home/kgh/ws2/install/dwb_msgs/share/dwb_msgs/srv/GenerateTrajectory_Request.msg
[12.221s] -- Installing: /home/kgh/ws2/install/dwb_msgs/share/dwb_msgs/srv/GenerateTrajectory_Response.msg
[12.221s] -- Installing: /home/kgh/ws2/install/dwb_msgs/share/dwb_msgs/srv/GenerateTwists.srv
[12.222s] -- Installing: /home/kgh/ws2/install/dwb_msgs/share/dwb_msgs/srv/GenerateTwists_Request.msg
[12.222s] -- Installing: /home/kgh/ws2/install/dwb_msgs/share/dwb_msgs/srv/GenerateTwists_Response.msg
[12.222s] -- Installing: /home/kgh/ws2/install/dwb_msgs/share/dwb_msgs/srv/GetCriticScore.srv
[12.222s] -- Installing: /home/kgh/ws2/install/dwb_msgs/share/dwb_msgs/srv/GetCriticScore_Request.msg
[12.222s] -- Installing: /home/kgh/ws2/install/dwb_msgs/share/dwb_msgs/srv/GetCriticScore_Response.msg
[12.222s] -- Installing: /home/kgh/ws2/install/dwb_msgs/share/dwb_msgs/srv/ScoreTrajectory.srv
[12.222s] -- Installing: /home/kgh/ws2/install/dwb_msgs/share/dwb_msgs/srv/ScoreTrajectory_Request.msg
[12.222s] -- Installing: /home/kgh/ws2/install/dwb_msgs/share/dwb_msgs/srv/ScoreTrajectory_Response.msg
[12.223s] -- Installing: /home/kgh/ws2/install/dwb_msgs/share/ament_index/resource_index/package_run_dependencies/dwb_msgs
[12.223s] -- Installing: /home/kgh/ws2/install/dwb_msgs/share/ament_index/resource_index/parent_prefix_path/dwb_msgs
[12.223s] -- Installing: /home/kgh/ws2/install/dwb_msgs/share/dwb_msgs/environment/ament_prefix_path.sh
[12.223s] -- Installing: /home/kgh/ws2/install/dwb_msgs/share/dwb_msgs/environment/ament_prefix_path.dsv
[12.223s] -- Installing: /home/kgh/ws2/install/dwb_msgs/share/dwb_msgs/environment/path.sh
[12.223s] -- Installing: /home/kgh/ws2/install/dwb_msgs/share/dwb_msgs/environment/path.dsv
[12.223s] -- Installing: /home/kgh/ws2/install/dwb_msgs/share/dwb_msgs/local_setup.bash
[12.223s] -- Installing: /home/kgh/ws2/install/dwb_msgs/share/dwb_msgs/local_setup.sh
[12.223s] -- Installing: /home/kgh/ws2/install/dwb_msgs/share/dwb_msgs/local_setup.zsh
[12.224s] -- Installing: /home/kgh/ws2/install/dwb_msgs/share/dwb_msgs/local_setup.dsv
[12.224s] -- Installing: /home/kgh/ws2/install/dwb_msgs/share/dwb_msgs/package.dsv
[12.224s] -- Installing: /home/kgh/ws2/install/dwb_msgs/share/ament_index/resource_index/packages/dwb_msgs
[12.224s] -- Installing: /home/kgh/ws2/install/dwb_msgs/share/dwb_msgs/cmake/dwb_msgs__rosidl_generator_cExport.cmake
[12.224s] -- Installing: /home/kgh/ws2/install/dwb_msgs/share/dwb_msgs/cmake/dwb_msgs__rosidl_generator_cExport-noconfig.cmake
[12.224s] -- Installing: /home/kgh/ws2/install/dwb_msgs/share/dwb_msgs/cmake/dwb_msgs__rosidl_typesupport_introspection_cExport.cmake
[12.224s] -- Installing: /home/kgh/ws2/install/dwb_msgs/share/dwb_msgs/cmake/dwb_msgs__rosidl_typesupport_introspection_cExport-noconfig.cmake
[12.224s] -- Installing: /home/kgh/ws2/install/dwb_msgs/share/dwb_msgs/cmake/dwb_msgs__rosidl_typesupport_cExport.cmake
[12.225s] -- Installing: /home/kgh/ws2/install/dwb_msgs/share/dwb_msgs/cmake/dwb_msgs__rosidl_typesupport_cExport-noconfig.cmake
[12.225s] -- Installing: /home/kgh/ws2/install/dwb_msgs/share/dwb_msgs/cmake/dwb_msgs__rosidl_generator_cppExport.cmake
[12.225s] -- Installing: /home/kgh/ws2/install/dwb_msgs/share/dwb_msgs/cmake/dwb_msgs__rosidl_typesupport_introspection_cppExport.cmake
[12.225s] -- Installing: /home/kgh/ws2/install/dwb_msgs/share/dwb_msgs/cmake/dwb_msgs__rosidl_typesupport_introspection_cppExport-noconfig.cmake
[12.225s] -- Installing: /home/kgh/ws2/install/dwb_msgs/share/dwb_msgs/cmake/dwb_msgs__rosidl_typesupport_cppExport.cmake
[12.225s] -- Installing: /home/kgh/ws2/install/dwb_msgs/share/dwb_msgs/cmake/dwb_msgs__rosidl_typesupport_cppExport-noconfig.cmake
[12.225s] -- Installing: /home/kgh/ws2/install/dwb_msgs/share/dwb_msgs/cmake/rosidl_cmake-extras.cmake
[12.225s] -- Installing: /home/kgh/ws2/install/dwb_msgs/share/dwb_msgs/cmake/ament_cmake_export_dependencies-extras.cmake
[12.226s] -- Installing: /home/kgh/ws2/install/dwb_msgs/share/dwb_msgs/cmake/ament_cmake_export_libraries-extras.cmake
[12.226s] -- Installing: /home/kgh/ws2/install/dwb_msgs/share/dwb_msgs/cmake/ament_cmake_export_targets-extras.cmake
[12.226s] -- Installing: /home/kgh/ws2/install/dwb_msgs/share/dwb_msgs/cmake/ament_cmake_export_include_directories-extras.cmake
[12.226s] -- Installing: /home/kgh/ws2/install/dwb_msgs/share/dwb_msgs/cmake/rosidl_cmake_export_typesupport_libraries-extras.cmake
[12.226s] -- Installing: /home/kgh/ws2/install/dwb_msgs/share/dwb_msgs/cmake/rosidl_cmake_export_typesupport_targets-extras.cmake
[12.226s] -- Installing: /home/kgh/ws2/install/dwb_msgs/share/dwb_msgs/cmake/dwb_msgsConfig.cmake
[12.226s] -- Installing: /home/kgh/ws2/install/dwb_msgs/share/dwb_msgs/cmake/dwb_msgsConfig-version.cmake
[12.226s] -- Installing: /home/kgh/ws2/install/dwb_msgs/share/dwb_msgs/package.xml
[12.229s] Invoked command in '/home/kgh/ws2/build/dwb_msgs' returned '0': CMAKE_PREFIX_PATH=/home/kgh/ws2/install/nav_2d_msgs:/home/kgh/ws2/install/yzbot_nav2:/home/kgh/ws2/install/yzbot_navigation2:/home/kgh/ws2/install/yzbot_cartographer:/home/kgh/ws2/install/nav2_system_tests:/home/kgh/ws2/install/fishbot_navigation2:/home/kgh/ws2/install/nav2_bringup:/home/kgh/ws2/install/navigation2:/home/kgh/ws2/install/smac_planner:/home/kgh/ws2/install/nav2_dwb_controller:/home/kgh/ws2/install/nav2_controller:/home/kgh/ws2/install/dwb_plugins:/home/kgh/ws2/install/dwb_critics:/home/kgh/ws2/install/dwb_core:/home/kgh/ws2/install/nav_2d_utils:/home/kgh/ws2/install/dwb_msgs:/home/kgh/ws2/install/nav2_waypoint_follower:/home/kgh/ws2/install/nav2_regulated_pure_pursuit_controller:/home/kgh/ws2/install/nav2_recoveries:/home/kgh/ws2/install/nav2_planner:/home/kgh/ws2/install/nav2_navfn_planner:/home/kgh/ws2/install/nav2_core:/home/kgh/ws2/install/costmap_queue:/home/kgh/ws2/install/nav2_costmap_2d:/home/kgh/ws2/install/nav2_voxel_grid:/home/kgh/ws2/install/nav2_rviz_plugins:/home/kgh/ws2/install/nav2_map_server:/home/kgh/ws2/install/nav2_lifecycle_manager:/home/kgh/ws2/install/nav2_bt_navigator:/home/kgh/ws2/install/nav2_behavior_tree:/home/kgh/ws2/install/nav2_amcl:/home/kgh/ws2/install/nav2_util:/home/kgh/ws2/install/nav2_msgs:/home/kgh/ws2/install/nav2_common:/home/kgh/ws2/install/fishbot_cartographer:/home/kgh/ws2/install/cartographer_ros:/home/kgh/ws2/install/cartographer_ros_msgs:/home/kgh/ws2/install/cartographer:/home/kgh/ws2/install/yzbot_description:/home/kgh/ws2/install/yzbot_controller:/home/kgh/ws2/install/fishbot_description:/home/kgh/ws2/install/nav2_gazebo_spawner:/home/kgh/ws2/install/fishbot_controller:/opt/ros/foxy LD_LIBRARY_PATH=/home/kgh/ws2/install/nav_2d_msgs/lib:/home/kgh/ws2/install/smac_planner/lib:/home/kgh/ws2/install/nav2_controller/lib:/home/kgh/ws2/install/dwb_plugins/lib:/home/kgh/ws2/install/dwb_critics/lib:/home/kgh/ws2/install/dwb_core/lib:/home/kgh/ws2/install/nav_2d_utils/lib:/home/kgh/ws2/install/dwb_msgs/lib:/home/kgh/ws2/install/nav2_waypoint_follower/lib:/home/kgh/ws2/install/nav2_regulated_pure_pursuit_controller/lib:/home/kgh/ws2/install/nav2_recoveries/lib:/home/kgh/ws2/install/nav2_planner/lib:/home/kgh/ws2/install/nav2_navfn_planner/lib:/home/kgh/ws2/install/costmap_queue/lib:/home/kgh/ws2/install/nav2_costmap_2d/lib:/home/kgh/ws2/install/nav2_voxel_grid/lib:/home/kgh/ws2/install/nav2_rviz_plugins/lib:/home/kgh/ws2/install/nav2_map_server/lib:/home/kgh/ws2/install/nav2_lifecycle_manager/lib:/home/kgh/ws2/install/nav2_bt_navigator/lib:/home/kgh/ws2/install/nav2_behavior_tree/lib:/home/kgh/ws2/install/nav2_amcl/lib:/home/kgh/ws2/install/nav2_util/lib:/home/kgh/ws2/install/nav2_msgs/lib:/home/kgh/ws2/install/cartographer_ros_msgs/lib:/usr/lib/x86_64-linux-gnu/gazebo-11/plugins:/opt/ros/foxy/opt/yaml_cpp_vendor/lib:/opt/ros/foxy/opt/rviz_ogre_vendor/lib:/opt/ros/foxy/lib/x86_64-linux-gnu:/opt/ros/foxy/lib PYTHONPATH=/home/kgh/ws2/install/nav_2d_msgs/lib/python3.8/site-packages:/home/kgh/ws2/install/yzbot_description/lib/python3.8/site-packages:/home/kgh/ws2/install/yzbot_controller/lib/python3.8/site-packages:/home/kgh/ws2/install/fishbot_description/lib/python3.8/site-packages:/home/kgh/ws2/install/dwb_msgs/lib/python3.8/site-packages:/home/kgh/ws2/install/nav2_msgs/lib/python3.8/site-packages:/home/kgh/ws2/install/nav2_gazebo_spawner/lib/python3.8/site-packages:/home/kgh/ws2/install/nav2_common/lib/python3.8/site-packages:/home/kgh/ws2/install/fishbot_controller/lib/python3.8/site-packages:/home/kgh/ws2/install/cartographer_ros_msgs/lib/python3.8/site-packages:/opt/ros/foxy/lib/python3.8/site-packages /usr/bin/cmake --install /home/kgh/ws2/build/dwb_msgs
