[ 57%] Built target serial
[35m[1mScanning dependencies of target stm32_connect[0m
[ 85%] [32mBuilding CXX object CMakeFiles/stm32_connect.dir/src/robotserial.cpp.o[0m
[ 85%] [32mBuilding CXX object CMakeFiles/stm32_connect.dir/src/stm32_connect.cpp.o[0m
In file included from [01m[K/home/kgh/ws2/src/yzbot_stm32connect/include/stm32_connect.hpp:5[m[K,
                 from [01m[K/home/kgh/ws2/src/yzbot_stm32connect/src/stm32_connect.cpp:1[m[K:
[01m[K/home/kgh/ws2/src/yzbot_stm32connect/include/robotserial.hpp:10:25:[m[K [01;31m[Kerror: [m[Kexpected class-name before ‘[01m[K([m[K’ token
   10 | class RobotSerial : Node[01;31m[K([m[K"stm32_connect")
      |                         [01;31m[K^[m[K
[01m[K/home/kgh/ws2/src/yzbot_stm32connect/include/robotserial.hpp:10:25:[m[K [01;31m[Kerror: [m[Kexpected ‘[01m[K{[m[K’ before ‘[01m[K([m[K’ token
[01m[K/home/kgh/ws2/src/yzbot_stm32connect/include/robotserial.hpp:10:26:[m[K [01;31m[Kerror: [m[Kexpected unqualified-id before string constant
   10 | class RobotSerial : Node([01;31m[K"stm32_connect"[m[K)
      |                          [01;31m[K^~~~~~~~~~~~~~~[m[K
[01m[K/home/kgh/ws2/src/yzbot_stm32connect/include/robotserial.hpp:10:26:[m[K [01;31m[Kerror: [m[Kexpected ‘[01m[K)[m[K’ before string constant
   10 | class RobotSerial : Node[34m[K([m[K[01;31m[K"[m[K[32m[Kstm32_connect"[m[K)
      |                         [34m[K~[m[K[01;31m[K^[m[K[32m[K~~~~~~~~~~~~~~[m[K
      |                          [32m[K)[m[K
In file included from [01m[K/home/kgh/ws2/src/yzbot_stm32connect/src/robotserial.cpp:1[m[K:
[01m[K/home/kgh/ws2/src/yzbot_stm32connect/include/robotserial.hpp:10:25:[m[K [01;31m[Kerror: [m[Kexpected class-name before ‘[01m[K([m[K’ token
   10 | class RobotSerial : Node[01;31m[K([m[K"stm32_connect")
      |                         [01;31m[K^[m[K
[01m[K/home/kgh/ws2/src/yzbot_stm32connect/include/robotserial.hpp:10:25:[m[K [01;31m[Kerror: [m[Kexpected ‘[01m[K{[m[K’ before ‘[01m[K([m[K’ token
[01m[K/home/kgh/ws2/src/yzbot_stm32connect/include/robotserial.hpp:10:26:[m[K [01;31m[Kerror: [m[Kexpected unqualified-id before string constant
   10 | class RobotSerial : Node([01;31m[K"stm32_connect"[m[K)
      |                          [01;31m[K^~~~~~~~~~~~~~~[m[K
[01m[K/home/kgh/ws2/src/yzbot_stm32connect/include/robotserial.hpp:10:26:[m[K [01;31m[Kerror: [m[Kexpected ‘[01m[K)[m[K’ before string constant
   10 | class RobotSerial : Node[34m[K([m[K[01;31m[K"[m[K[32m[Kstm32_connect"[m[K)
      |                         [34m[K~[m[K[01;31m[K^[m[K[32m[K~~~~~~~~~~~~~~[m[K
      |                          [32m[K)[m[K
[01m[K/home/kgh/ws2/src/yzbot_stm32connect/src/robotserial.cpp:9:65:[m[K [01;31m[Kerror: [m[Kinvalid use of incomplete type ‘[01m[Kclass RobotSerial[m[K’
    9 | RobotSerial::RobotSerial(std::shared_ptr<serial::Serial> serial_[01;31m[K)[m[K
      |                                                                 [01;31m[K^[m[K
In file included from [01m[K/home/kgh/ws2/src/yzbot_stm32connect/src/robotserial.cpp:1[m[K:
[01m[K/home/kgh/ws2/src/yzbot_stm32connect/include/robotserial.hpp:10:7:[m[K [01;36m[Knote: [m[Kforward declaration of ‘[01m[Kclass RobotSerial[m[K’
   10 | class [01;36m[KRobotSerial[m[K : Node("stm32_connect")
      |       [01;36m[K^~~~~~~~~~~[m[K
[01m[K/home/kgh/ws2/src/yzbot_stm32connect/src/robotserial.cpp:15:27:[m[K [01;31m[Kerror: [m[Kinvalid use of incomplete type ‘[01m[Kclass RobotSerial[m[K’
   15 | RobotSerial::~RobotSerial([01;31m[K)[m[K
      |                           [01;31m[K^[m[K
In file included from [01m[K/home/kgh/ws2/src/yzbot_stm32connect/src/robotserial.cpp:1[m[K:
[01m[K/home/kgh/ws2/src/yzbot_stm32connect/include/robotserial.hpp:10:7:[m[K [01;36m[Knote: [m[Kforward declaration of ‘[01m[Kclass RobotSerial[m[K’
   10 | class [01;36m[KRobotSerial[m[K : Node("stm32_connect")
      |       [01;36m[K^~~~~~~~~~~[m[K
[01m[K/home/kgh/ws2/src/yzbot_stm32connect/src/robotserial.cpp:20:41:[m[K [01;31m[Kerror: [m[Kinvalid use of incomplete type ‘[01m[Kclass RobotSerial[m[K’
   20 | int8_t RobotSerial::robotSerialRead(void[01;31m[K)[m[K
      |                                         [01;31m[K^[m[K
In file included from [01m[K/home/kgh/ws2/src/yzbot_stm32connect/src/robotserial.cpp:1[m[K:
[01m[K/home/kgh/ws2/src/yzbot_stm32connect/include/robotserial.hpp:10:7:[m[K [01;36m[Knote: [m[Kforward declaration of ‘[01m[Kclass RobotSerial[m[K’
   10 | class [01;36m[KRobotSerial[m[K : Node("stm32_connect")
      |       [01;36m[K^~~~~~~~~~~[m[K
[01m[K/home/kgh/ws2/src/yzbot_stm32connect/src/robotserial.cpp:50:46:[m[K [01;31m[Kerror: [m[Kinvalid use of incomplete type ‘[01m[Kclass RobotSerial[m[K’
   50 | int RobotSerial::Auto_Charging(int chargeFlag[01;31m[K)[m[K
      |                                              [01;31m[K^[m[K
In file included from [01m[K/home/kgh/ws2/src/yzbot_stm32connect/src/robotserial.cpp:1[m[K:
[01m[K/home/kgh/ws2/src/yzbot_stm32connect/include/robotserial.hpp:10:7:[m[K [01;36m[Knote: [m[Kforward declaration of ‘[01m[Kclass RobotSerial[m[K’
   10 | class [01;36m[KRobotSerial[m[K : Node("stm32_connect")
      |       [01;36m[K^~~~~~~~~~~[m[K
[01m[K/home/kgh/ws2/src/yzbot_stm32connect/src/robotserial.cpp:115:69:[m[K [01;31m[Kerror: [m[Kinvalid use of incomplete type ‘[01m[Kclass RobotSerial[m[K’
  115 | unsigned char RobotSerial::CRC8_Table(unsigned char *p, char counter[01;31m[K)[m[K
      |                                                                     [01;31m[K^[m[K
In file included from [01m[K/home/kgh/ws2/src/yzbot_stm32connect/src/robotserial.cpp:1[m[K:
[01m[K/home/kgh/ws2/src/yzbot_stm32connect/include/robotserial.hpp:10:7:[m[K [01;36m[Knote: [m[Kforward declaration of ‘[01m[Kclass RobotSerial[m[K’
   10 | class [01;36m[KRobotSerial[m[K : Node("stm32_connect")
      |       [01;36m[K^~~~~~~~~~~[m[K
[01m[K/home/kgh/ws2/src/yzbot_stm32connect/src/stm32_connect.cpp:[m[K In function ‘[01m[Kint main(int, char**)[m[K’:
[01m[K/home/kgh/ws2/src/yzbot_stm32connect/src/stm32_connect.cpp:56:43:[m[K [01;31m[Kerror: [m[Kinvalid use of incomplete type ‘[01m[Kclass RobotSerial[m[K’
   56 |     RobotSerial_ = new RobotSerial(serial_[01;31m[K)[m[K;
      |                                           [01;31m[K^[m[K
In file included from [01m[K/home/kgh/ws2/src/yzbot_stm32connect/include/stm32_connect.hpp:5[m[K,
                 from [01m[K/home/kgh/ws2/src/yzbot_stm32connect/src/stm32_connect.cpp:1[m[K:
[01m[K/home/kgh/ws2/src/yzbot_stm32connect/include/robotserial.hpp:10:7:[m[K [01;36m[Knote: [m[Kforward declaration of ‘[01m[Kclass RobotSerial[m[K’
   10 | class [01;36m[KRobotSerial[m[K : Node("stm32_connect")
      |       [01;36m[K^~~~~~~~~~~[m[K
make[2]: *** [CMakeFiles/stm32_connect.dir/build.make:76：CMakeFiles/stm32_connect.dir/src/robotserial.cpp.o] 错误 1
make[2]: *** 正在等待未完成的任务....
make[2]: *** [CMakeFiles/stm32_connect.dir/build.make:63：CMakeFiles/stm32_connect.dir/src/stm32_connect.cpp.o] 错误 1
make[1]: *** [CMakeFiles/Makefile2:80：CMakeFiles/stm32_connect.dir/all] 错误 2
make: *** [Makefile:141：all] 错误 2
