[0.536s] Invoking command in '/home/kgh/ws2/build/yzbot_cartographer': CMAKE_PREFIX_PATH=${CMAKE_PREFIX_PATH}:/home/kgh/ws2/install/yzbot_description:/home/kgh/ws2/install/yzbot_controller:/home/kgh/ws2/install/nav2_gazebo_spawner:/opt/ros/foxy /usr/bin/cmake /home/kgh/ws2/src/yzbot_cartographer -DCMAKE_INSTALL_PREFIX=/home/kgh/ws2/install/yzbot_cartographer
[0.581s] -- The C compiler identification is GNU 9.4.0
[0.630s] -- The CXX compiler identification is GNU 9.4.0
[0.636s] -- Check for working C compiler: /usr/bin/cc
[0.698s] -- Check for working C compiler: /usr/bin/cc -- works
[0.699s] -- Detecting C compiler ABI info
[0.757s] -- Detecting C compiler ABI info - done
[0.765s] -- Detecting C compile features
[0.765s] -- Detecting C compile features - done
[0.767s] -- Check for working CXX compiler: /usr/bin/c++
[0.833s] -- Check for working CXX compiler: /usr/bin/c++ -- works
[0.833s] -- Detecting CXX compiler ABI info
[0.900s] -- Detecting CXX compiler ABI info - done
[0.910s] -- Detecting CXX compile features
[0.911s] -- Detecting CXX compile features - done
[0.912s] -- Found ament_cmake: 0.9.12 (/opt/ros/foxy/share/ament_cmake/cmake)
[0.935s] -- Found PythonInterp: /usr/bin/python3 (found suitable version "3.8.10", minimum required is "3") 
[0.935s] -- Using PYTHON_EXECUTABLE: /usr/bin/python3
[1.130s] -- Found ament_lint_auto: 0.9.8 (/opt/ros/foxy/share/ament_lint_auto/cmake)
[1.194s] -- Added test 'copyright' to check source files copyright and LICENSE
[1.194s] -- Added test 'flake8' to check Python code syntax and style conventions
[1.195s] -- Added test 'lint_cmake' to check CMake code style
[1.198s] -- Added test 'pep257' to check Python code against some of the style conventions in PEP 257
[1.198s] -- Added test 'xmllint' to check XML markup files
[1.199s] -- Configuring done
[1.203s] -- Generating done
[1.203s] -- Build files have been written to: /home/kgh/ws2/build/yzbot_cartographer
[1.537s] Invoked command in '/home/kgh/ws2/build/yzbot_cartographer' returned '0': CMAKE_PREFIX_PATH=${CMAKE_PREFIX_PATH}:/home/kgh/ws2/install/yzbot_description:/home/kgh/ws2/install/yzbot_controller:/home/kgh/ws2/install/nav2_gazebo_spawner:/opt/ros/foxy /usr/bin/cmake /home/kgh/ws2/src/yzbot_cartographer -DCMAKE_INSTALL_PREFIX=/home/kgh/ws2/install/yzbot_cartographer
[1.540s] Invoking command in '/home/kgh/ws2/build/yzbot_cartographer': CMAKE_PREFIX_PATH=${CMAKE_PREFIX_PATH}:/home/kgh/ws2/install/yzbot_description:/home/kgh/ws2/install/yzbot_controller:/home/kgh/ws2/install/nav2_gazebo_spawner:/opt/ros/foxy /usr/bin/cmake --build /home/kgh/ws2/build/yzbot_cartographer -- -j16 -l16
[1.573s] Invoked command in '/home/kgh/ws2/build/yzbot_cartographer' returned '0': CMAKE_PREFIX_PATH=${CMAKE_PREFIX_PATH}:/home/kgh/ws2/install/yzbot_description:/home/kgh/ws2/install/yzbot_controller:/home/kgh/ws2/install/nav2_gazebo_spawner:/opt/ros/foxy /usr/bin/cmake --build /home/kgh/ws2/build/yzbot_cartographer -- -j16 -l16
[1.599s] Invoking command in '/home/kgh/ws2/build/yzbot_cartographer': CMAKE_PREFIX_PATH=${CMAKE_PREFIX_PATH}:/home/kgh/ws2/install/yzbot_description:/home/kgh/ws2/install/yzbot_controller:/home/kgh/ws2/install/nav2_gazebo_spawner:/opt/ros/foxy /usr/bin/cmake --install /home/kgh/ws2/build/yzbot_cartographer
[1.607s] -- Install configuration: ""
[1.607s] -- Installing: /home/kgh/ws2/install/yzbot_cartographer/share/yzbot_cartographer/config
[1.607s] -- Installing: /home/kgh/ws2/install/yzbot_cartographer/share/yzbot_cartographer/config/yzbot_2d.lua
[1.608s] -- Installing: /home/kgh/ws2/install/yzbot_cartographer/share/yzbot_cartographer/launch
[1.608s] -- Installing: /home/kgh/ws2/install/yzbot_cartographer/share/yzbot_cartographer/launch/cartographer.launch.py
[1.608s] -- Installing: /home/kgh/ws2/install/yzbot_cartographer/share/yzbot_cartographer/rviz
[1.608s] -- Installing: /home/kgh/ws2/install/yzbot_cartographer/share/yzbot_cartographer/rviz/yzbot_cartographer.rviz
[1.608s] -- Installing: /home/kgh/ws2/install/yzbot_cartographer/share/ament_index/resource_index/package_run_dependencies/yzbot_cartographer
[1.608s] -- Installing: /home/kgh/ws2/install/yzbot_cartographer/share/ament_index/resource_index/parent_prefix_path/yzbot_cartographer
[1.608s] -- Installing: /home/kgh/ws2/install/yzbot_cartographer/share/yzbot_cartographer/environment/ament_prefix_path.sh
[1.608s] -- Installing: /home/kgh/ws2/install/yzbot_cartographer/share/yzbot_cartographer/environment/ament_prefix_path.dsv
[1.608s] -- Installing: /home/kgh/ws2/install/yzbot_cartographer/share/yzbot_cartographer/environment/path.sh
[1.609s] -- Installing: /home/kgh/ws2/install/yzbot_cartographer/share/yzbot_cartographer/environment/path.dsv
[1.609s] -- Installing: /home/kgh/ws2/install/yzbot_cartographer/share/yzbot_cartographer/local_setup.bash
[1.609s] -- Installing: /home/kgh/ws2/install/yzbot_cartographer/share/yzbot_cartographer/local_setup.sh
[1.609s] -- Installing: /home/kgh/ws2/install/yzbot_cartographer/share/yzbot_cartographer/local_setup.zsh
[1.609s] -- Installing: /home/kgh/ws2/install/yzbot_cartographer/share/yzbot_cartographer/local_setup.dsv
[1.609s] -- Installing: /home/kgh/ws2/install/yzbot_cartographer/share/yzbot_cartographer/package.dsv
[1.609s] -- Installing: /home/kgh/ws2/install/yzbot_cartographer/share/ament_index/resource_index/packages/yzbot_cartographer
[1.610s] -- Installing: /home/kgh/ws2/install/yzbot_cartographer/share/yzbot_cartographer/cmake/yzbot_cartographerConfig.cmake
[1.610s] -- Installing: /home/kgh/ws2/install/yzbot_cartographer/share/yzbot_cartographer/cmake/yzbot_cartographerConfig-version.cmake
[1.610s] -- Installing: /home/kgh/ws2/install/yzbot_cartographer/share/yzbot_cartographer/package.xml
[1.612s] Invoked command in '/home/kgh/ws2/build/yzbot_cartographer' returned '0': CMAKE_PREFIX_PATH=${CMAKE_PREFIX_PATH}:/home/kgh/ws2/install/yzbot_description:/home/kgh/ws2/install/yzbot_controller:/home/kgh/ws2/install/nav2_gazebo_spawner:/opt/ros/foxy /usr/bin/cmake --install /home/kgh/ws2/build/yzbot_cartographer
