running egg_info
creating ../../build/yzbot_description/yzbot_description.egg-info
writing ../../build/yzbot_description/yzbot_description.egg-info/PKG-INFO
writing dependency_links to ../../build/yzbot_description/yzbot_description.egg-info/dependency_links.txt
writing entry points to ../../build/yzbot_description/yzbot_description.egg-info/entry_points.txt
writing requirements to ../../build/yzbot_description/yzbot_description.egg-info/requires.txt
writing top-level names to ../../build/yzbot_description/yzbot_description.egg-info/top_level.txt
writing manifest file '../../build/yzbot_description/yzbot_description.egg-info/SOURCES.txt'
reading manifest file '../../build/yzbot_description/yzbot_description.egg-info/SOURCES.txt'
writing manifest file '../../build/yzbot_description/yzbot_description.egg-info/SOURCES.txt'
running build
running build_py
creating /home/kgh/ws2/build/yzbot_description/build
creating /home/kgh/ws2/build/yzbot_description/build/lib
creating /home/kgh/ws2/build/yzbot_description/build/lib/yzbot_description
copying yzbot_description/__init__.py -> /home/kgh/ws2/build/yzbot_description/build/lib/yzbot_description
copying yzbot_description/rotate_wheel.py -> /home/kgh/ws2/build/yzbot_description/build/lib/yzbot_description
running install
running install_lib
creating /home/kgh/ws2/install/yzbot_description/lib/python3.8/site-packages/yzbot_description
copying /home/kgh/ws2/build/yzbot_description/build/lib/yzbot_description/__init__.py -> /home/kgh/ws2/install/yzbot_description/lib/python3.8/site-packages/yzbot_description
copying /home/kgh/ws2/build/yzbot_description/build/lib/yzbot_description/rotate_wheel.py -> /home/kgh/ws2/install/yzbot_description/lib/python3.8/site-packages/yzbot_description
byte-compiling /home/kgh/ws2/install/yzbot_description/lib/python3.8/site-packages/yzbot_description/__init__.py to __init__.cpython-38.pyc
byte-compiling /home/kgh/ws2/install/yzbot_description/lib/python3.8/site-packages/yzbot_description/rotate_wheel.py to rotate_wheel.cpython-38.pyc
running install_data
creating /home/kgh/ws2/install/yzbot_description/share/ament_index
creating /home/kgh/ws2/install/yzbot_description/share/ament_index/resource_index
creating /home/kgh/ws2/install/yzbot_description/share/ament_index/resource_index/packages
copying resource/yzbot_description -> /home/kgh/ws2/install/yzbot_description/share/ament_index/resource_index/packages
copying package.xml -> /home/kgh/ws2/install/yzbot_description/share/yzbot_description
creating /home/kgh/ws2/install/yzbot_description/share/yzbot_description/launch
copying launch/display_rviz2.launch.py -> /home/kgh/ws2/install/yzbot_description/share/yzbot_description/launch
copying launch/gazebo.launch.py -> /home/kgh/ws2/install/yzbot_description/share/yzbot_description/launch
creating /home/kgh/ws2/install/yzbot_description/share/yzbot_description/urdf
copying urdf/yzbot_gazebo（复件）.urdf -> /home/kgh/ws2/install/yzbot_description/share/yzbot_description/urdf
copying urdf/yzbot_base.urdf -> /home/kgh/ws2/install/yzbot_description/share/yzbot_description/urdf
copying urdf/yzbot_base（复件）.urdf -> /home/kgh/ws2/install/yzbot_description/share/yzbot_description/urdf
copying urdf/yzbot_gazebo.urdf -> /home/kgh/ws2/install/yzbot_description/share/yzbot_description/urdf
creating /home/kgh/ws2/install/yzbot_description/share/yzbot_description/world
copying world/yzbot（复件）.world -> /home/kgh/ws2/install/yzbot_description/share/yzbot_description/world
copying world/yzbot.world -> /home/kgh/ws2/install/yzbot_description/share/yzbot_description/world
copying world/fish.world -> /home/kgh/ws2/install/yzbot_description/share/yzbot_description/world
running install_egg_info
Copying ../../build/yzbot_description/yzbot_description.egg-info to /home/kgh/ws2/install/yzbot_description/lib/python3.8/site-packages/yzbot_description-0.0.0-py3.8.egg-info
running install_scripts
Installing rotate_wheel script to /home/kgh/ws2/install/yzbot_description/lib/yzbot_description
writing list of installed files to '/home/kgh/ws2/build/yzbot_description/install.log'
