[0.123s] Invoking command in '/home/kgh/ws2/build/yzbot_stm32connect': CMAKE_PREFIX_PATH=${CMAKE_PREFIX_PATH}:/home/kgh/ws2/install/yzbot_description:/home/kgh/ws2/install/yzbot_controller:/home/kgh/ws2/install/nav2_gazebo_spawner:/opt/ros/foxy /usr/bin/cmake --build /home/kgh/ws2/build/yzbot_stm32connect -- -j16 -l16
[0.152s] -- Found ament_cmake: 0.9.12 (/opt/ros/foxy/share/ament_cmake/cmake)
[0.175s] -- Using PYTHON_EXECUTABLE: /usr/bin/python3
[0.318s] -- Found rclcpp: 2.4.3 (/opt/ros/foxy/share/rclcpp/cmake)
[0.343s] -- Using all available rosidl_typesupport_c: rosidl_typesupport_fastrtps_c;rosidl_typesupport_introspection_c
[0.346s] -- Found rosidl_adapter: 1.3.1 (/opt/ros/foxy/share/rosidl_adapter/cmake)
[0.451s] -- Using all available rosidl_typesupport_cpp: rosidl_typesupport_fastrtps_cpp;rosidl_typesupport_introspection_cpp
[0.493s] -- Found rmw_implementation_cmake: 1.0.4 (/opt/ros/foxy/share/rmw_implementation_cmake/cmake)
[0.495s] -- Using RMW implementation 'rmw_fastrtps_cpp' as default
[0.593s] -- Found yzbot_msgs: 0.0.0 (/home/kgh/ws2/install/yzbot_msgs/share/yzbot_msgs/cmake)
[0.597s] -- Found nav_msgs: 2.0.5 (/opt/ros/foxy/share/nav_msgs/cmake)
[0.677s] -- Found tf2_msgs: 0.13.14 (/opt/ros/foxy/share/tf2_msgs/cmake)
[0.806s] -- Found tf2_ros: 0.13.14 (/opt/ros/foxy/share/tf2_ros/cmake)
[0.906s] -- Found ament_lint_auto: 0.9.8 (/opt/ros/foxy/share/ament_lint_auto/cmake)
[0.968s] CMake Error at CMakeLists.txt:69 (add_dependencies):
[0.968s]   add_dependencies called with incorrect number of arguments
[0.969s] 
[0.969s] 
[0.970s] -- Added test 'copyright' to check source files copyright and LICENSE
[0.971s] -- Added test 'cppcheck' to perform static code analysis on C / C++ code
[0.971s] -- Configured cppcheck include dirs: /home/kgh/ws2/src/yzbot_stm32connect/include
[0.971s] -- Configured cppcheck exclude dirs and/or files: 
[0.972s] -- Added test 'cpplint' to check C / C++ code against the Google style
[0.972s] -- Configured cpplint exclude dirs and/or files: 
[0.972s] -- Added test 'lint_cmake' to check CMake code style
[0.973s] -- Added test 'uncrustify' to check C / C++ code style
[0.973s] -- Configured uncrustify additional arguments: 
[0.974s] -- Added test 'xmllint' to check XML markup files
[0.975s] -- Configuring incomplete, errors occurred!
[0.976s] See also "/home/kgh/ws2/build/yzbot_stm32connect/CMakeFiles/CMakeOutput.log".
[0.976s] See also "/home/kgh/ws2/build/yzbot_stm32connect/CMakeFiles/CMakeError.log".
[0.982s] make: *** [Makefile:430：cmake_check_build_system] 错误 1
[0.984s] Invoked command in '/home/kgh/ws2/build/yzbot_stm32connect' returned '2': CMAKE_PREFIX_PATH=${CMAKE_PREFIX_PATH}:/home/kgh/ws2/install/yzbot_description:/home/kgh/ws2/install/yzbot_controller:/home/kgh/ws2/install/nav2_gazebo_spawner:/opt/ros/foxy /usr/bin/cmake --build /home/kgh/ws2/build/yzbot_stm32connect -- -j16 -l16
