[0.112s] Invoking command in '/home/kgh/ws2/build/yzbot_stm32connect': CMAKE_PREFIX_PATH=/home/kgh/ws2/install/yzbot_msgs:/home/kgh/ws2/install/yzbot_stm32connect:/home/kgh/ws2/install/yzbot_nav2:/home/kgh/ws2/install/yzbot_cartographer:/home/kgh/ws2/install/nav2_system_tests:/home/kgh/ws2/install/nav2_bringup:/home/kgh/ws2/install/navigation2:/home/kgh/ws2/install/smac_planner:/home/kgh/ws2/install/nav2_dwb_controller:/home/kgh/ws2/install/nav2_controller:/home/kgh/ws2/install/dwb_plugins:/home/kgh/ws2/install/dwb_critics:/home/kgh/ws2/install/dwb_core:/home/kgh/ws2/install/nav_2d_utils:/home/kgh/ws2/install/dwb_msgs:/home/kgh/ws2/install/nav_2d_msgs:/home/kgh/ws2/install/nav2_waypoint_follower:/home/kgh/ws2/install/nav2_regulated_pure_pursuit_controller:/home/kgh/ws2/install/nav2_recoveries:/home/kgh/ws2/install/nav2_planner:/home/kgh/ws2/install/nav2_navfn_planner:/home/kgh/ws2/install/nav2_core:/home/kgh/ws2/install/costmap_queue:/home/kgh/ws2/install/nav2_costmap_2d:/home/kgh/ws2/install/nav2_voxel_grid:/home/kgh/ws2/install/nav2_rviz_plugins:/home/kgh/ws2/install/nav2_map_server:/home/kgh/ws2/install/nav2_lifecycle_manager:/home/kgh/ws2/install/nav2_bt_navigator:/home/kgh/ws2/install/nav2_behavior_tree:/home/kgh/ws2/install/nav2_amcl:/home/kgh/ws2/install/nav2_util:/home/kgh/ws2/install/nav2_msgs:/home/kgh/ws2/install/nav2_common:/home/kgh/ws2/install/bluesea2:/home/kgh/ws2/install/yzbot_description:/home/kgh/ws2/install/yzbot_controller:/home/kgh/ws2/install/nav2_gazebo_spawner:/opt/ros/foxy /usr/bin/cmake --build /home/kgh/ws2/build/yzbot_stm32connect -- -j16 -l16
[0.179s] [ 44%] Built target serial
[0.194s] [35m[1mScanning dependencies of target stm32_connect[0m
[0.239s] [ 66%] [32mBuilding CXX object CMakeFiles/stm32_connect.dir/src/stm32_connect.cpp.o[0m
[0.239s] [ 66%] [32mBuilding CXX object CMakeFiles/stm32_connect.dir/src/pms.cpp.o[0m
[2.166s] [01m[K/home/kgh/ws2/src/yzbot_stm32connect/src/pms.cpp:[m[K In constructor ‘[01m[KPMS::PMS(RobotSerial*)[m[K’:
[2.166s] [01m[K/home/kgh/ws2/src/yzbot_stm32connect/src/pms.cpp:11:61:[m[K [01;31m[Kerror: [m[K‘[01m[KChargingControl[m[K’ is not a member of ‘[01m[Kyzbot_msgs::msg[m[K’
[2.166s]    11 |     charge_sub = this->create_subscription<yzbot_msgs::msg::[01;31m[KChargingControl[m[K>(
[2.166s]       |                                                             [01;31m[K^~~~~~~~~~~~~~~[m[K
[2.166s] [01m[K/home/kgh/ws2/src/yzbot_stm32connect/src/pms.cpp:12:43:[m[K [01;31m[Kerror: [m[K‘[01m[KYourNode[m[K’ has not been declared
[2.167s]    12 |         "your_topic_name", 10, std::bind(&[01;31m[KYourNode[m[K::get_callback, this, std::placeholders::_1));
[2.167s]       |                                           [01;31m[K^~~~~~~~[m[K
[2.167s] [01m[K/home/kgh/ws2/src/yzbot_stm32connect/src/pms.cpp:9:9:[m[K [01;35m[Kwarning: [m[Kunused variable ‘[01m[Kauto_charge_flag[m[K’ [[01;35m[K-Wunused-variable[m[K]
[2.167s]     9 |     int [01;35m[Kauto_charge_flag[m[K = 0;
[2.167s]       |         [01;35m[K^~~~~~~~~~~~~~~~[m[K
[2.167s] [01m[K/home/kgh/ws2/src/yzbot_stm32connect/src/pms.cpp:[m[K At global scope:
[2.167s] [01m[K/home/kgh/ws2/src/yzbot_stm32connect/src/pms.cpp:17:42:[m[K [01;31m[Kerror: [m[K‘[01m[KChargingControl[m[K’ in namespace ‘[01m[Kyzbot_msgs::msg[m[K’ does not name a type
[2.167s]    17 | void get_callback(const yzbot_msgs::msg::[01;31m[KChargingControl[m[K::SharedPtr msg)
[2.167s]       |                                          [01;31m[K^~~~~~~~~~~~~~~[m[K
[2.168s] [01m[K/home/kgh/ws2/src/yzbot_stm32connect/src/pms.cpp:17:69:[m[K [01;31m[Kerror: [m[Kexpected unqualified-id before ‘[01m[Kmsg[m[K’
[2.168s]    17 | void get_callback(const yzbot_msgs::msg::ChargingControl::SharedPtr [01;31m[Kmsg[m[K)
[2.168s]       |                                                                     [01;31m[K^~~[m[K
[2.168s] [01m[K/home/kgh/ws2/src/yzbot_stm32connect/src/pms.cpp:17:68:[m[K [01;31m[Kerror: [m[Kexpected ‘[01m[K)[m[K’ before ‘[01m[Kmsg[m[K’
[2.168s]    17 | void get_callback[34m[K([m[Kconst yzbot_msgs::msg::ChargingControl::SharedPtr[01;31m[K [m[K[32m[Kmsg[m[K)
[2.168s]       |                  [34m[K~[m[K                                                 [01;31m[K^[m[K[32m[K~~~[m[K
[2.168s]       |                                                                    [32m[K)[m[K
[2.168s] [01m[K/home/kgh/ws2/src/yzbot_stm32connect/src/pms.cpp:17:69:[m[K [01;31m[Kerror: [m[Kexpected initializer before ‘[01m[Kmsg[m[K’
[2.168s]    17 | void get_callback(const yzbot_msgs::msg::ChargingControl::SharedPtr [01;31m[Kmsg[m[K)
[2.169s]       |                                                                     [01;31m[K^~~[m[K
[2.683s] make[2]: *** [CMakeFiles/stm32_connect.dir/build.make:102：CMakeFiles/stm32_connect.dir/src/pms.cpp.o] 错误 1
[2.683s] make[2]: *** 正在等待未完成的任务....
[3.218s] make[1]: *** [CMakeFiles/Makefile2:80：CMakeFiles/stm32_connect.dir/all] 错误 2
[3.218s] make: *** [Makefile:141：all] 错误 2
[3.220s] Invoked command in '/home/kgh/ws2/build/yzbot_stm32connect' returned '2': CMAKE_PREFIX_PATH=/home/kgh/ws2/install/yzbot_msgs:/home/kgh/ws2/install/yzbot_stm32connect:/home/kgh/ws2/install/yzbot_nav2:/home/kgh/ws2/install/yzbot_cartographer:/home/kgh/ws2/install/nav2_system_tests:/home/kgh/ws2/install/nav2_bringup:/home/kgh/ws2/install/navigation2:/home/kgh/ws2/install/smac_planner:/home/kgh/ws2/install/nav2_dwb_controller:/home/kgh/ws2/install/nav2_controller:/home/kgh/ws2/install/dwb_plugins:/home/kgh/ws2/install/dwb_critics:/home/kgh/ws2/install/dwb_core:/home/kgh/ws2/install/nav_2d_utils:/home/kgh/ws2/install/dwb_msgs:/home/kgh/ws2/install/nav_2d_msgs:/home/kgh/ws2/install/nav2_waypoint_follower:/home/kgh/ws2/install/nav2_regulated_pure_pursuit_controller:/home/kgh/ws2/install/nav2_recoveries:/home/kgh/ws2/install/nav2_planner:/home/kgh/ws2/install/nav2_navfn_planner:/home/kgh/ws2/install/nav2_core:/home/kgh/ws2/install/costmap_queue:/home/kgh/ws2/install/nav2_costmap_2d:/home/kgh/ws2/install/nav2_voxel_grid:/home/kgh/ws2/install/nav2_rviz_plugins:/home/kgh/ws2/install/nav2_map_server:/home/kgh/ws2/install/nav2_lifecycle_manager:/home/kgh/ws2/install/nav2_bt_navigator:/home/kgh/ws2/install/nav2_behavior_tree:/home/kgh/ws2/install/nav2_amcl:/home/kgh/ws2/install/nav2_util:/home/kgh/ws2/install/nav2_msgs:/home/kgh/ws2/install/nav2_common:/home/kgh/ws2/install/bluesea2:/home/kgh/ws2/install/yzbot_description:/home/kgh/ws2/install/yzbot_controller:/home/kgh/ws2/install/nav2_gazebo_spawner:/opt/ros/foxy /usr/bin/cmake --build /home/kgh/ws2/build/yzbot_stm32connect -- -j16 -l16
