[0.124s] Invoking command in '/home/kgh/ws2/build/yzbot_stm32connect': CMAKE_PREFIX_PATH=/home/kgh/ws2/install/yzbot_msgs:/home/kgh/ws2/install/yzbot_stm32connect:/home/kgh/ws2/install/yzbot_nav2:/home/kgh/ws2/install/yzbot_cartographer:/home/kgh/ws2/install/nav2_system_tests:/home/kgh/ws2/install/nav2_bringup:/home/kgh/ws2/install/navigation2:/home/kgh/ws2/install/smac_planner:/home/kgh/ws2/install/nav2_dwb_controller:/home/kgh/ws2/install/nav2_controller:/home/kgh/ws2/install/dwb_plugins:/home/kgh/ws2/install/dwb_critics:/home/kgh/ws2/install/dwb_core:/home/kgh/ws2/install/nav_2d_utils:/home/kgh/ws2/install/dwb_msgs:/home/kgh/ws2/install/nav_2d_msgs:/home/kgh/ws2/install/nav2_waypoint_follower:/home/kgh/ws2/install/nav2_regulated_pure_pursuit_controller:/home/kgh/ws2/install/nav2_recoveries:/home/kgh/ws2/install/nav2_planner:/home/kgh/ws2/install/nav2_navfn_planner:/home/kgh/ws2/install/nav2_core:/home/kgh/ws2/install/costmap_queue:/home/kgh/ws2/install/nav2_costmap_2d:/home/kgh/ws2/install/nav2_voxel_grid:/home/kgh/ws2/install/nav2_rviz_plugins:/home/kgh/ws2/install/nav2_map_server:/home/kgh/ws2/install/nav2_lifecycle_manager:/home/kgh/ws2/install/nav2_bt_navigator:/home/kgh/ws2/install/nav2_behavior_tree:/home/kgh/ws2/install/nav2_amcl:/home/kgh/ws2/install/nav2_util:/home/kgh/ws2/install/nav2_msgs:/home/kgh/ws2/install/nav2_common:/home/kgh/ws2/install/bluesea2:/home/kgh/ws2/install/yzbot_description:/home/kgh/ws2/install/yzbot_controller:/home/kgh/ws2/install/nav2_gazebo_spawner:/opt/ros/foxy /usr/bin/cmake --build /home/kgh/ws2/build/yzbot_stm32connect -- -j16 -l16
[0.190s] [ 40%] Built target serial
[0.216s] [35m[1mScanning dependencies of target stm32_connect[0m
[0.263s] [ 80%] [32mBuilding CXX object CMakeFiles/stm32_connect.dir/src/pms.cpp.o[0m
[0.263s] [ 80%] [32mBuilding CXX object CMakeFiles/stm32_connect.dir/src/plc.cpp.o[0m
[0.264s] [ 80%] [32mBuilding CXX object CMakeFiles/stm32_connect.dir/src/stm32_connect.cpp.o[0m
[0.264s] [ 80%] [32mBuilding CXX object CMakeFiles/stm32_connect.dir/src/robotserial.cpp.o[0m
[0.264s] [ 90%] [32mBuilding CXX object CMakeFiles/stm32_connect.dir/src/psc.cpp.o[0m
[2.449s] [01m[K/home/kgh/ws2/src/yzbot_stm32connect/src/robotserial.cpp:[m[K In function ‘[01m[Kvoid* Timer_Callback(void*)[m[K’:
[2.449s] [01m[K/home/kgh/ws2/src/yzbot_stm32connect/src/robotserial.cpp:7:28:[m[K [01;35m[Kwarning: [m[Kunused parameter ‘[01m[Karge[m[K’ [[01;35m[K-Wunused-parameter[m[K]
[2.449s]     7 | void *Timer_Callback([01;35m[Kvoid *arge[m[K)
[2.449s]       |                      [01;35m[K~~~~~~^~~~[m[K
[2.449s] [01m[K/home/kgh/ws2/src/yzbot_stm32connect/src/robotserial.cpp:[m[K In constructor ‘[01m[KRobotSerial::RobotSerial(std::shared_ptr<serial::Serial>)[m[K’:
[2.449s] [01m[K/home/kgh/ws2/src/yzbot_stm32connect/src/robotserial.cpp:27:9:[m[K [01;35m[Kwarning: [m[Kunused variable ‘[01m[Kret[m[K’ [[01;35m[K-Wunused-variable[m[K]
[2.450s]    27 |     int [01;35m[Kret[m[K = pthread_create(&pid, &attr, Timer_Callback, NULL);
[2.450s]       |         [01;35m[K^~~[m[K
[2.450s] [01m[K/home/kgh/ws2/src/yzbot_stm32connect/src/robotserial.cpp:[m[K In member function ‘[01m[Kint8_t RobotSerial::robotSerialRead()[m[K’:
[2.451s] [01m[K/home/kgh/ws2/src/yzbot_stm32connect/src/robotserial.cpp:46:11:[m[K [01;35m[Kwarning: [m[Kunused variable ‘[01m[Kread_byte[m[K’ [[01;35m[K-Wunused-variable[m[K]
[2.451s]    46 |    size_t [01;35m[Kread_byte[m[K = mSerial->read(RecvBUF+2, 17);
[2.451s]       |           [01;35m[K^~~~~~~~~[m[K
[2.454s] [01m[K/home/kgh/ws2/src/yzbot_stm32connect/src/robotserial.cpp:[m[K In member function ‘[01m[Kint RobotSerial::getPms(int&, int&)[m[K’:
[2.454s] [01m[K/home/kgh/ws2/src/yzbot_stm32connect/src/robotserial.cpp:197:35:[m[K [01;35m[Kwarning: [m[Kvariable ‘[01m[KrecvFrameIndex[m[K’ set but not used [[01;35m[K-Wunused-but-set-variable[m[K]
[2.454s]   197 |                     unsigned char [01;35m[KrecvFrameIndex[m[K=0;
[2.455s]       |                                   [01;35m[K^~~~~~~~~~~~~~[m[K
[2.455s] [01m[K/home/kgh/ws2/src/yzbot_stm32connect/src/robotserial.cpp:198:35:[m[K [01;35m[Kwarning: [m[Kunused variable ‘[01m[Klength[m[K’ [[01;35m[K-Wunused-variable[m[K]
[2.455s]   198 |                     unsigned char [01;35m[Klength[m[K;
[2.455s]       |                                   [01;35m[K^~~~~~[m[K
[2.455s] [01m[K/home/kgh/ws2/src/yzbot_stm32connect/src/robotserial.cpp:199:35:[m[K [01;35m[Kwarning: [m[Kunused variable ‘[01m[Ks_devid[m[K’ [[01;35m[K-Wunused-variable[m[K]
[2.455s]   199 |                     unsigned char [01;35m[Ks_devid[m[K;
[2.455s]       |                                   [01;35m[K^~~~~~~[m[K
[2.455s] [01m[K/home/kgh/ws2/src/yzbot_stm32connect/src/robotserial.cpp:200:35:[m[K [01;35m[Kwarning: [m[Kunused variable ‘[01m[Kp_devid[m[K’ [[01;35m[K-Wunused-variable[m[K]
[2.455s]   200 |                     unsigned char [01;35m[Kp_devid[m[K;
[2.455s]       |                                   [01;35m[K^~~~~~~[m[K
[2.455s] [01m[K/home/kgh/ws2/src/yzbot_stm32connect/src/robotserial.cpp:201:35:[m[K [01;35m[Kwarning: [m[Kunused variable ‘[01m[Kcmd[m[K’ [[01;35m[K-Wunused-variable[m[K]
[2.455s]   201 |                     unsigned char [01;35m[Kcmd[m[K;
[2.455s]       |                                   [01;35m[K^~~[m[K
[2.455s] [01m[K/home/kgh/ws2/src/yzbot_stm32connect/src/robotserial.cpp:202:25:[m[K [01;35m[Kwarning: [m[Kunused variable ‘[01m[Kcharging_flag[m[K’ [[01;35m[K-Wunused-variable[m[K]
[2.456s]   202 |                     int [01;35m[Kcharging_flag[m[K = 0;
[2.456s]       |                         [01;35m[K^~~~~~~~~~~~~[m[K
[2.456s] [01m[K/home/kgh/ws2/src/yzbot_stm32connect/src/robotserial.cpp:203:25:[m[K [01;35m[Kwarning: [m[Kunused variable ‘[01m[Kbattary_level[m[K’ [[01;35m[K-Wunused-variable[m[K]
[2.456s]   203 |                     int [01;35m[Kbattary_level[m[K = 0;
[2.456s]       |                         [01;35m[K^~~~~~~~~~~~~[m[K
[2.459s] [01m[K/home/kgh/ws2/src/yzbot_stm32connect/src/robotserial.cpp:[m[K In member function ‘[01m[Kint8_t RobotSerial::getOdom(unsigned char&, int16_t&, int16_t&, float&, float&, float&, int, int16_t&, int16_t&)[m[K’:
[2.459s] [01m[K/home/kgh/ws2/src/yzbot_stm32connect/src/robotserial.cpp:402:31:[m[K [01;35m[Kwarning: [m[K‘[01m[Kint ftime(timeb*)[m[K’ is deprecated [[01;35m[K-Wdeprecated-declarations[m[K]
[2.460s]   402 |                 ftime(&stTimeb[01;35m[K)[m[K;
[2.460s]       |                               [01;35m[K^[m[K
[2.460s] In file included from [01m[K/home/kgh/ws2/src/yzbot_stm32connect/include/robotserial.hpp:9[m[K,
[2.460s]                  from [01m[K/home/kgh/ws2/src/yzbot_stm32connect/src/robotserial.cpp:1[m[K:
[2.460s] [01m[K/usr/include/x86_64-linux-gnu/sys/timeb.h:39:12:[m[K [01;36m[Knote: [m[Kdeclared here
[2.460s]    39 | extern int [01;36m[Kftime[m[K (struct timeb *__timebuf)
[2.460s]       |            [01;36m[K^~~~~[m[K
[2.460s] [01m[K/home/kgh/ws2/src/yzbot_stm32connect/src/robotserial.cpp:402:31:[m[K [01;35m[Kwarning: [m[K‘[01m[Kint ftime(timeb*)[m[K’ is deprecated [[01;35m[K-Wdeprecated-declarations[m[K]
[2.460s]   402 |                 ftime(&stTimeb[01;35m[K)[m[K;
[2.460s]       |                               [01;35m[K^[m[K
[2.460s] In file included from [01m[K/home/kgh/ws2/src/yzbot_stm32connect/include/robotserial.hpp:9[m[K,
[2.460s]                  from [01m[K/home/kgh/ws2/src/yzbot_stm32connect/src/robotserial.cpp:1[m[K:
[2.460s] [01m[K/usr/include/x86_64-linux-gnu/sys/timeb.h:39:12:[m[K [01;36m[Knote: [m[Kdeclared here
[2.461s]    39 | extern int [01;36m[Kftime[m[K (struct timeb *__timebuf)
[2.461s]       |            [01;36m[K^~~~~[m[K
[2.461s] [01m[K/home/kgh/ws2/src/yzbot_stm32connect/src/robotserial.cpp:361:30:[m[K [01;35m[Kwarning: [m[Kvariable ‘[01m[Kper_get_Angle[m[K’ set but not used [[01;35m[K-Wunused-but-set-variable[m[K]
[2.461s]   361 |                 static float [01;35m[Kper_get_Angle[m[K = 0;
[2.461s]       |                              [01;35m[K^~~~~~~~~~~~~[m[K
[2.461s] [01m[K/home/kgh/ws2/src/yzbot_stm32connect/src/robotserial.cpp:363:31:[m[K [01;35m[Kwarning: [m[Kunused variable ‘[01m[Klength[m[K’ [[01;35m[K-Wunused-variable[m[K]
[2.461s]   363 |                 unsigned char [01;35m[Klength[m[K;
[2.461s]       |                               [01;35m[K^~~~~~[m[K
[2.461s] [01m[K/home/kgh/ws2/src/yzbot_stm32connect/src/robotserial.cpp:364:31:[m[K [01;35m[Kwarning: [m[Kunused variable ‘[01m[Ks_devid[m[K’ [[01;35m[K-Wunused-variable[m[K]
[2.461s]   364 |                 unsigned char [01;35m[Ks_devid[m[K;
[2.461s]       |                               [01;35m[K^~~~~~~[m[K
[2.461s] [01m[K/home/kgh/ws2/src/yzbot_stm32connect/src/robotserial.cpp:365:31:[m[K [01;35m[Kwarning: [m[Kunused variable ‘[01m[Kp_devid[m[K’ [[01;35m[K-Wunused-variable[m[K]
[2.462s]   365 |                 unsigned char [01;35m[Kp_devid[m[K;
[2.462s]       |                               [01;35m[K^~~~~~~[m[K
[2.462s] [01m[K/home/kgh/ws2/src/yzbot_stm32connect/src/robotserial.cpp:366:31:[m[K [01;35m[Kwarning: [m[Kunused variable ‘[01m[Kcmd[m[K’ [[01;35m[K-Wunused-variable[m[K]
[2.462s]   366 |                 unsigned char [01;35m[Kcmd[m[K;
[2.462s]       |                               [01;35m[K^~~[m[K
[2.462s] [01m[K/home/kgh/ws2/src/yzbot_stm32connect/src/robotserial.cpp:316:18:[m[K [01;35m[Kwarning: [m[Kunused variable ‘[01m[Kangle_per[m[K’ [[01;35m[K-Wunused-variable[m[K]
[2.462s]   316 |     static float [01;35m[Kangle_per[m[K = 0;
[2.462s]       |                  [01;35m[K^~~~~~~~~[m[K
[2.462s] [01m[K/home/kgh/ws2/src/yzbot_stm32connect/src/robotserial.cpp:[m[K In member function ‘[01m[Kint8_t RobotSerial::getAutoSpeed()[m[K’:
[2.462s] [01m[K/home/kgh/ws2/src/yzbot_stm32connect/src/robotserial.cpp:468:24:[m[K [01;35m[Kwarning: [m[Kunused variable ‘[01m[Klinear[m[K’ [[01;35m[K-Wunused-variable[m[K]
[2.462s]   468 |                 double [01;35m[Klinear[m[K = (short)((RecvBUF[8]<<8) + RecvBUF[9]);     // 线速度
[2.462s]       |                        [01;35m[K^~~~~~[m[K
[2.462s] [01m[K/home/kgh/ws2/src/yzbot_stm32connect/src/robotserial.cpp:469:24:[m[K [01;35m[Kwarning: [m[Kunused variable ‘[01m[Kangular[m[K’ [[01;35m[K-Wunused-variable[m[K]
[2.462s]   469 |                 double [01;35m[Kangular[m[K = (short)((RecvBUF[10]<<8) + RecvBUF[11]);  // 角速度
[2.463s]       |                        [01;35m[K^~~~~~~[m[K
[2.463s] [01m[K/home/kgh/ws2/src/yzbot_stm32connect/src/robotserial.cpp:470:21:[m[K [01;35m[Kwarning: [m[Kunused variable ‘[01m[KautoChargeTaskFlag[m[K’ [[01;35m[K-Wunused-variable[m[K]
[2.463s]   470 |                 int [01;35m[KautoChargeTaskFlag[m[K = RecvBUF[12];
[2.463s]       |                     [01;35m[K^~~~~~~~~~~~~~~~~~[m[K
[2.463s] [01m[K/home/kgh/ws2/src/yzbot_stm32connect/src/robotserial.cpp:471:21:[m[K [01;35m[Kwarning: [m[Kunused variable ‘[01m[KEmergency_flag[m[K’ [[01;35m[K-Wunused-variable[m[K]
[2.463s]   471 |                 int [01;35m[KEmergency_flag[m[K = RecvBUF[13];
[2.463s]       |                     [01;35m[K^~~~~~~~~~~~~~[m[K
[2.463s] [01m[K/home/kgh/ws2/src/yzbot_stm32connect/src/robotserial.cpp:472:21:[m[K [01;35m[Kwarning: [m[Kunused variable ‘[01m[KreChargeFlag[m[K’ [[01;35m[K-Wunused-variable[m[K]
[2.463s]   472 |                 int [01;35m[KreChargeFlag[m[K = RecvBUF[14];
[2.463s]       |                     [01;35m[K^~~~~~~~~~~~[m[K
[2.463s] [01m[K/home/kgh/ws2/src/yzbot_stm32connect/src/robotserial.cpp:[m[K In member function ‘[01m[Kint8_t RobotSerial::setSensorEn(int, int)[m[K’:
[2.463s] [01m[K/home/kgh/ws2/src/yzbot_stm32connect/src/robotserial.cpp:524:13:[m[K [01;35m[Kwarning: [m[Kunused variable ‘[01m[KcarLight_result[m[K’ [[01;35m[K-Wunused-variable[m[K]
[2.463s]   524 |         int [01;35m[KcarLight_result[m[K = RecvBUF[9];
[2.463s]       |             [01;35m[K^~~~~~~~~~~~~~~[m[K
[2.464s] [01m[K/home/kgh/ws2/src/yzbot_stm32connect/src/robotserial.cpp:525:13:[m[K [01;35m[Kwarning: [m[Kunused variable ‘[01m[KturnLight_result[m[K’ [[01;35m[K-Wunused-variable[m[K]
[2.464s]   525 |         int [01;35m[KturnLight_result[m[K = RecvBUF[10];
[2.464s]       |             [01;35m[K^~~~~~~~~~~~~~~~[m[K
[2.465s] [01m[K/home/kgh/ws2/src/yzbot_stm32connect/src/robotserial.cpp:[m[K In member function ‘[01m[Kint RobotSerial::getUltrasoundResult(int&, int&)[m[K’:
[2.465s] [01m[K/home/kgh/ws2/src/yzbot_stm32connect/src/robotserial.cpp:609:31:[m[K [01;35m[Kwarning: [m[Kunused variable ‘[01m[KrecvFrameIndex[m[K’ [[01;35m[K-Wunused-variable[m[K]
[2.465s]   609 |                 unsigned char [01;35m[KrecvFrameIndex[m[K = 0;
[2.465s]       |                               [01;35m[K^~~~~~~~~~~~~~[m[K
[2.465s] [01m[K/home/kgh/ws2/src/yzbot_stm32connect/src/robotserial.cpp:610:31:[m[K [01;35m[Kwarning: [m[Kunused variable ‘[01m[Klength[m[K’ [[01;35m[K-Wunused-variable[m[K]
[2.465s]   610 |                 unsigned char [01;35m[Klength[m[K;
[2.465s]       |                               [01;35m[K^~~~~~[m[K
[2.465s] [01m[K/home/kgh/ws2/src/yzbot_stm32connect/src/robotserial.cpp:611:31:[m[K [01;35m[Kwarning: [m[Kunused variable ‘[01m[Ks_devid[m[K’ [[01;35m[K-Wunused-variable[m[K]
[2.465s]   611 |                 unsigned char [01;35m[Ks_devid[m[K;
[2.465s]       |                               [01;35m[K^~~~~~~[m[K
[2.465s] [01m[K/home/kgh/ws2/src/yzbot_stm32connect/src/robotserial.cpp:612:31:[m[K [01;35m[Kwarning: [m[Kunused variable ‘[01m[Kp_devid[m[K’ [[01;35m[K-Wunused-variable[m[K]
[2.466s]   612 |                 unsigned char [01;35m[Kp_devid[m[K;
[2.466s]       |                               [01;35m[K^~~~~~~[m[K
[2.466s] [01m[K/home/kgh/ws2/src/yzbot_stm32connect/src/robotserial.cpp:613:31:[m[K [01;35m[Kwarning: [m[Kunused variable ‘[01m[Kcmd[m[K’ [[01;35m[K-Wunused-variable[m[K]
[2.466s]   613 |                 unsigned char [01;35m[Kcmd[m[K;
[2.466s]       |                               [01;35m[K^~~[m[K
[2.466s] [01m[K/home/kgh/ws2/src/yzbot_stm32connect/src/robotserial.cpp:579:16:[m[K [01;35m[Kwarning: [m[Kunused variable ‘[01m[Ktmp[m[K’ [[01;35m[K-Wunused-variable[m[K]
[2.466s]   579 |     static int [01;35m[Ktmp[m[K = 0;
[2.466s]       |                [01;35m[K^~~[m[K
[2.466s] [01m[K/home/kgh/ws2/src/yzbot_stm32connect/src/robotserial.cpp:[m[K In member function ‘[01m[Kint8_t RobotSerial::getNeckPose(int&, int&, int&, int, int)[m[K’:
[2.466s] [01m[K/home/kgh/ws2/src/yzbot_stm32connect/src/robotserial.cpp:674:27:[m[K [01;35m[Kwarning: [m[Kunused variable ‘[01m[Kmheight[m[K’ [[01;35m[K-Wunused-variable[m[K]
[2.466s]   674 |                 short int [01;35m[Kmheight[m[K = 0;
[2.466s]       |                           [01;35m[K^~~~~~~[m[K
[2.466s] [01m[K/home/kgh/ws2/src/yzbot_stm32connect/src/robotserial.cpp:675:27:[m[K [01;35m[Kwarning: [m[Kunused variable ‘[01m[Kmlimit[m[K’ [[01;35m[K-Wunused-variable[m[K]
[2.466s]   675 |                 short int [01;35m[Kmlimit[m[K = 0;
[2.467s]       |                           [01;35m[K^~~~~~[m[K
[2.467s] [01m[K/home/kgh/ws2/src/yzbot_stm32connect/src/robotserial.cpp:676:27:[m[K [01;35m[Kwarning: [m[Kunused variable ‘[01m[Kmdone[m[K’ [[01;35m[K-Wunused-variable[m[K]
[2.467s]   676 |                 short int [01;35m[Kmdone[m[K = 0;
[2.467s]       |                           [01;35m[K^~~~~[m[K
[2.468s] [01m[K/home/kgh/ws2/src/yzbot_stm32connect/src/robotserial.cpp:[m[K In member function ‘[01m[Kint8_t RobotSerial::getHeadPose(int&, int&, int&)[m[K’:
[2.468s] [01m[K/home/kgh/ws2/src/yzbot_stm32connect/src/robotserial.cpp:724:27:[m[K [01;35m[Kwarning: [m[Kunused variable ‘[01m[KmSwitch_flag[m[K’ [[01;35m[K-Wunused-variable[m[K]
[2.468s]   724 |                 short int [01;35m[KmSwitch_flag[m[K = 0;
[2.468s]       |                           [01;35m[K^~~~~~~~~~~~[m[K
[2.495s] [01m[K/home/kgh/ws2/src/yzbot_stm32connect/src/psc.cpp:39:5:[m[K [01;31m[Kerror: [m[Kno declaration matches ‘[01m[Kint PSC::queryNeckose()[m[K’
[2.496s]    39 | int [01;31m[KPSC[m[K::queryNeckose(void)
[2.496s]       |     [01;31m[K^~~[m[K
[2.496s] [01m[K/home/kgh/ws2/src/yzbot_stm32connect/src/psc.cpp:39:5:[m[K [01;36m[Knote: [m[Kno functions named ‘[01m[Kint PSC::queryNeckose()[m[K’
[2.496s] In file included from [01m[K/home/kgh/ws2/src/yzbot_stm32connect/src/psc.cpp:1[m[K:
[2.496s] [01m[K/home/kgh/ws2/src/yzbot_stm32connect/include/psc.hpp:60:7:[m[K [01;36m[Knote: [m[K‘[01m[Kclass PSC[m[K’ defined here
[2.496s]    60 | class [01;36m[KPSC[m[K : public rclcpp::Node
[2.496s]       |       [01;36m[K^~~[m[K
[2.501s] [01m[K/home/kgh/ws2/src/yzbot_stm32connect/src/psc.cpp:69:5:[m[K [01;31m[Kerror: [m[Kno declaration matches ‘[01m[Kint PSC::queryRobotButton()[m[K’
[2.501s]    69 | int [01;31m[KPSC[m[K::queryRobotButton(void)
[2.502s]       |     [01;31m[K^~~[m[K
[2.502s] [01m[K/home/kgh/ws2/src/yzbot_stm32connect/src/psc.cpp:69:5:[m[K [01;36m[Knote: [m[Kno functions named ‘[01m[Kint PSC::queryRobotButton()[m[K’
[2.502s] In file included from [01m[K/home/kgh/ws2/src/yzbot_stm32connect/src/psc.cpp:1[m[K:
[2.502s] [01m[K/home/kgh/ws2/src/yzbot_stm32connect/include/psc.hpp:60:7:[m[K [01;36m[Knote: [m[K‘[01m[Kclass PSC[m[K’ defined here
[2.502s]    60 | class [01;36m[KPSC[m[K : public rclcpp::Node
[2.502s]       |       [01;36m[K^~~[m[K
[2.638s] [01m[K/home/kgh/ws2/src/yzbot_stm32connect/src/plc.cpp:[m[K In member function ‘[01m[Kint PLC::pubOdom(short int, short int, short int, short int, float, float, float, float)[m[K’:
[2.638s] [01m[K/home/kgh/ws2/src/yzbot_stm32connect/src/plc.cpp:56:28:[m[K [01;35m[Kwarning: [m[Kunused parameter ‘[01m[Kvx[m[K’ [[01;35m[K-Wunused-parameter[m[K]
[2.638s]    56 | int PLC::pubOdom([01;35m[Kshort int vx[m[K, short int vy, short int t1, short int t2, float angle_v, float angle, float n_vx, float n_vth)
[2.638s]       |                  [01;35m[K~~~~~~~~~~^~[m[K
[2.638s] [01m[K/home/kgh/ws2/src/yzbot_stm32connect/src/plc.cpp:56:42:[m[K [01;35m[Kwarning: [m[Kunused parameter ‘[01m[Kvy[m[K’ [[01;35m[K-Wunused-parameter[m[K]
[2.638s]    56 | int PLC::pubOdom(short int vx, [01;35m[Kshort int vy[m[K, short int t1, short int t2, float angle_v, float angle, float n_vx, float n_vth)
[2.638s]       |                                [01;35m[K~~~~~~~~~~^~[m[K
[2.638s] [01m[K/home/kgh/ws2/src/yzbot_stm32connect/src/plc.cpp:56:80:[m[K [01;35m[Kwarning: [m[Kunused parameter ‘[01m[Kangle_v[m[K’ [[01;35m[K-Wunused-parameter[m[K]
[2.638s]    56 | int PLC::pubOdom(short int vx, short int vy, short int t1, short int t2, [01;35m[Kfloat angle_v[m[K, float angle, float n_vx, float n_vth)
[2.638s]       |                                                                          [01;35m[K~~~~~~^~~~~~~[m[K
[2.638s] [01m[K/home/kgh/ws2/src/yzbot_stm32connect/src/plc.cpp:56:108:[m[K [01;35m[Kwarning: [m[Kunused parameter ‘[01m[Kn_vx[m[K’ [[01;35m[K-Wunused-parameter[m[K]
[2.638s]    56 | int PLC::pubOdom(short int vx, short int vy, short int t1, short int t2, float angle_v, float angle, [01;35m[Kfloat n_vx[m[K, float n_vth)
[2.638s]       |                                                                                                      [01;35m[K~~~~~~^~~~[m[K
[2.639s] [01m[K/home/kgh/ws2/src/yzbot_stm32connect/src/plc.cpp:56:120:[m[K [01;35m[Kwarning: [m[Kunused parameter ‘[01m[Kn_vth[m[K’ [[01;35m[K-Wunused-parameter[m[K]
[2.639s]    56 | int PLC::pubOdom(short int vx, short int vy, short int t1, short int t2, float angle_v, float angle, float n_vx, [01;35m[Kfloat n_vth[m[K)
[2.639s]       |                                                                                                                  [01;35m[K~~~~~~^~~~~[m[K
[2.644s] [01m[K/home/kgh/ws2/src/yzbot_stm32connect/src/plc.cpp:[m[K In member function ‘[01m[Kvoid PLC::pubRobotPose(int, int, double, double)[m[K’:
[2.644s] [01m[K/home/kgh/ws2/src/yzbot_stm32connect/src/plc.cpp:165:18:[m[K [01;35m[Kwarning: [m[Kunused variable ‘[01m[Ktrueth_angle[m[K’ [[01;35m[K-Wunused-variable[m[K]
[2.645s]   165 |     static float [01;35m[Ktrueth_angle[m[K = 0;
[2.645s]       |                  [01;35m[K^~~~~~~~~~~~[m[K
[2.645s] [01m[K/home/kgh/ws2/src/yzbot_stm32connect/src/plc.cpp:169:12:[m[K [01;35m[Kwarning: [m[Kunused variable ‘[01m[Kdt[m[K’ [[01;35m[K-Wunused-variable[m[K]
[2.645s]   169 |     double [01;35m[Kdt[m[K = (current_time - robot_pose_lasttime).seconds();
[2.645s]       |            [01;35m[K^~[m[K
[2.645s] [01m[K/home/kgh/ws2/src/yzbot_stm32connect/src/plc.cpp:175:12:[m[K [01;35m[Kwarning: [m[Kunused variable ‘[01m[Ksin_y[m[K’ [[01;35m[K-Wunused-variable[m[K]
[2.645s]   175 |     double [01;35m[Ksin_y[m[K = sin(my_robot_pose.robot_yaw + dt_th/2.0);
[2.645s]       |            [01;35m[K^~~~~[m[K
[2.645s] [01m[K/home/kgh/ws2/src/yzbot_stm32connect/src/plc.cpp:162:72:[m[K [01;35m[Kwarning: [m[Kunused parameter ‘[01m[Kangle_l[m[K’ [[01;35m[K-Wunused-parameter[m[K]
[2.645s]   162 | void PLC::pubRobotPose(int left_t, int right_t, double angle_t, [01;35m[Kdouble angle_l[m[K)
[2.645s]       |                                                                 [01;35m[K~~~~~~~^~~~~~~[m[K
[2.645s] [01m[K/home/kgh/ws2/src/yzbot_stm32connect/src/plc.cpp:[m[K In member function ‘[01m[Kvoid PLC::odomTimerDeal()[m[K’:
[2.645s] [01m[K/home/kgh/ws2/src/yzbot_stm32connect/src/plc.cpp:239:7:[m[K [01;35m[Kwarning: [m[Kunused variable ‘[01m[Kget_odom[m[K’ [[01;35m[K-Wunused-variable[m[K]
[2.646s]   239 |   int [01;35m[Kget_odom[m[K = mRobotSerial->getOdom(frameIndex, t1, t2, dbTh, dbTh_l, dbVth, fmq_status_flag, vx, vth);
[2.646s]       |       [01;35m[K^~~~~~~~[m[K
[2.646s] [01m[K/home/kgh/ws2/src/yzbot_stm32connect/src/plc.cpp:[m[K In member function ‘[01m[Kvoid PLC::getAutoSpeed()[m[K’:
[2.646s] [01m[K/home/kgh/ws2/src/yzbot_stm32connect/src/plc.cpp:248:7:[m[K [01;35m[Kwarning: [m[Kunused variable ‘[01m[Kautospeed[m[K’ [[01;35m[K-Wunused-variable[m[K]
[2.646s]   248 |   int [01;35m[Kautospeed[m[K = mRobotSerial->getAutoSpeed();
[2.646s]       |       [01;35m[K^~~~~~~~~[m[K
[2.715s] [01m[K/home/kgh/ws2/src/yzbot_stm32connect/src/stm32_connect.cpp:[m[K In constructor ‘[01m[KStm32_Connect::Stm32_Connect()[m[K’:
[2.715s] [01m[K/home/kgh/ws2/src/yzbot_stm32connect/src/stm32_connect.cpp:29:40:[m[K [01;31m[Kerror: [m[K‘[01m[KCmdVelCallback[m[K’ is not a member of ‘[01m[KPLC[m[K’
[2.715s]    29 |         "cmd_vel", 10, std::bind(&PLC::[01;31m[KCmdVelCallback[m[K, PLC_, std::placeholders::_1));
[2.715s]       |                                        [01;31m[K^~~~~~~~~~~~~~[m[K
[2.715s] [01m[K/home/kgh/ws2/src/yzbot_stm32connect/src/stm32_connect.cpp:31:42:[m[K [01;31m[Kerror: [m[K‘[01m[KAmclPoseCallback[m[K’ is not a member of ‘[01m[KPLC[m[K’
[2.715s]    31 |         "amcl_pose", 10, std::bind(&PLC::[01;31m[KAmclPoseCallback[m[K, PLC_, std::placeholders::_1));
[2.715s]       |                                          [01;31m[K^~~~~~~~~~~~~~~~[m[K
[2.716s] [01m[K/home/kgh/ws2/src/yzbot_stm32connect/src/stm32_connect.cpp:33:40:[m[K [01;31m[Kerror: [m[K‘[01m[KGetFmqCallback[m[K’ is not a member of ‘[01m[KPLC[m[K’
[2.716s]    33 |         "Fmq_set", 10, std::bind(&PLC::[01;31m[KGetFmqCallback[m[K, PLC_, std::placeholders::_1));
[2.716s]       |                                        [01;31m[K^~~~~~~~~~~~~~[m[K
[2.716s] [01m[K/home/kgh/ws2/src/yzbot_stm32connect/src/stm32_connect.cpp:36:44:[m[K [01;31m[Kerror: [m[K‘[01m[KGetAutoChargeCallback[m[K’ is not a member of ‘[01m[KPMS[m[K’
[2.716s]    36 |         "auto_charge", 10, std::bind(&PMS::[01;31m[KGetAutoChargeCallback[m[K, PMS_, std::placeholders::_1));
[2.716s]       |                                            [01;31m[K^~~~~~~~~~~~~~~~~~~~~[m[K
[2.716s] [01m[K/home/kgh/ws2/src/yzbot_stm32connect/src/stm32_connect.cpp:39:49:[m[K [01;31m[Kerror: [m[K‘[01m[KNeckControlByHeightCallback[m[K’ is not a member of ‘[01m[KPSC[m[K’
[2.716s]    39 |         "psc_neck_control", 10, std::bind(&PSC::[01;31m[KNeckControlByHeightCallback[m[K, PSC_, std::placeholders::_1));
[2.716s]       |                                                 [01;31m[K^~~~~~~~~~~~~~~~~~~~~~~~~~~[m[K
[2.716s] [01m[K/home/kgh/ws2/src/yzbot_stm32connect/src/stm32_connect.cpp:41:49:[m[K [01;31m[Kerror: [m[K‘[01m[KHeadControlByAngleCallback[m[K’ is not a member of ‘[01m[KPSC[m[K’
[2.716s]    41 |         "psc_head_control", 10, std::bind(&PSC::[01;31m[KHeadControlByAngleCallback[m[K, PSC_, std::placeholders::_1));
[2.717s]       |                                                 [01;31m[K^~~~~~~~~~~~~~~~~~~~~~~~~~[m[K
[2.717s] [01m[K/home/kgh/ws2/src/yzbot_stm32connect/src/stm32_connect.cpp:43:53:[m[K [01;31m[Kerror: [m[K‘[01m[KNeckControlByKeyCallback[m[K’ is not a member of ‘[01m[KPSC[m[K’
[2.717s]    43 |         "psc_key_neck_control", 10, std::bind(&PSC::[01;31m[KNeckControlByKeyCallback[m[K, PSC_, std::placeholders::_1));
[2.717s]       |                                                     [01;31m[K^~~~~~~~~~~~~~~~~~~~~~~~[m[K
[2.717s] [01m[K/home/kgh/ws2/src/yzbot_stm32connect/src/stm32_connect.cpp:45:53:[m[K [01;31m[Kerror: [m[K‘[01m[KHeadControlByKeyCallback[m[K’ is not a member of ‘[01m[KPSC[m[K’
[2.717s]    45 |         "psc_key_head_control", 10, std::bind(&PSC::[01;31m[KHeadControlByKeyCallback[m[K, PSC_, std::placeholders::_1));
[2.717s]       |                                                     [01;31m[K^~~~~~~~~~~~~~~~~~~~~~~~[m[K
[2.717s] [01m[K/home/kgh/ws2/src/yzbot_stm32connect/src/stm32_connect.cpp:47:48:[m[K [01;31m[Kerror: [m[K‘[01m[KSetHeadOffsetCallback[m[K’ is not a member of ‘[01m[KPSC[m[K’
[2.717s]    47 |         "psc_head_offset", 10, std::bind(&PSC::[01;31m[KSetHeadOffsetCallback[m[K, PSC_, std::placeholders::_1));
[2.717s]       |                                                [01;31m[K^~~~~~~~~~~~~~~~~~~~~[m[K
[3.055s] [01m[K/home/kgh/ws2/src/yzbot_stm32connect/src/robotserial.cpp:[m[K In member function ‘[01m[Kint8_t RobotSerial::robotSerialRead()[m[K’:
[3.056s] [01m[K/home/kgh/ws2/src/yzbot_stm32connect/src/robotserial.cpp:63:1:[m[K [01;35m[Kwarning: [m[Kcontrol reaches end of non-void function [[01;35m[K-Wreturn-type[m[K]
[3.056s]    63 | [01;35m[K}[m[K
[3.056s]       | [01;35m[K^[m[K
[3.061s] [01m[K/home/kgh/ws2/src/yzbot_stm32connect/src/robotserial.cpp:[m[K In member function ‘[01m[Kint RobotSerial::sendHeadCtrl(int)[m[K’:
[3.061s] [01m[K/home/kgh/ws2/src/yzbot_stm32connect/src/robotserial.cpp:856:19:[m[K [01;35m[Kwarning: [m[Kthis statement may fall through [[01;35m[K-Wimplicit-fallthrough=[m[K]
[3.061s]   856 |         [01;35m[KSendBUF[8]=0x08[m[K;
[3.061s]       |         [01;35m[K~~~~~~~~~~^~~~~[m[K
[3.061s] [01m[K/home/kgh/ws2/src/yzbot_stm32connect/src/robotserial.cpp:857:9:[m[K [01;36m[Knote: [m[Khere
[3.061s]   857 |         [01;36m[Kcase[m[K 9:
[3.061s]       |         [01;36m[K^~~~[m[K
[3.071s] [01m[K/home/kgh/ws2/src/yzbot_stm32connect/src/robotserial.cpp:[m[K At global scope:
[3.071s] [01m[K/home/kgh/ws2/src/yzbot_stm32connect/src/robotserial.cpp:579:16:[m[K [01;35m[Kwarning: [m[K‘[01m[Ktmp[m[K’ defined but not used [[01;35m[K-Wunused-variable[m[K]
[3.071s]   579 |     static int [01;35m[Ktmp[m[K = 0;
[3.071s]       |                [01;35m[K^~~[m[K
[3.071s] [01m[K/home/kgh/ws2/src/yzbot_stm32connect/src/robotserial.cpp:316:18:[m[K [01;35m[Kwarning: [m[K‘[01m[Kangle_per[m[K’ defined but not used [[01;35m[K-Wunused-variable[m[K]
[3.071s]   316 |     static float [01;35m[Kangle_per[m[K = 0;
[3.071s]       |                  [01;35m[K^~~~~~~~~[m[K
[3.390s] make[2]: *** [CMakeFiles/stm32_connect.dir/build.make:63：CMakeFiles/stm32_connect.dir/src/stm32_connect.cpp.o] 错误 1
[3.390s] make[2]: *** 正在等待未完成的任务....
[3.542s] [01m[K/home/kgh/ws2/src/yzbot_stm32connect/src/plc.cpp:[m[K At global scope:
[3.542s] [01m[K/home/kgh/ws2/src/yzbot_stm32connect/src/plc.cpp:165:18:[m[K [01;35m[Kwarning: [m[K‘[01m[Ktrueth_angle[m[K’ defined but not used [[01;35m[K-Wunused-variable[m[K]
[3.542s]   165 |     static float [01;35m[Ktrueth_angle[m[K = 0;
[3.542s]       |                  [01;35m[K^~~~~~~~~~~~[m[K
[4.031s] make[2]: *** [CMakeFiles/stm32_connect.dir/build.make:115：CMakeFiles/stm32_connect.dir/src/psc.cpp.o] 错误 1
[4.663s] make[1]: *** [CMakeFiles/Makefile2:80：CMakeFiles/stm32_connect.dir/all] 错误 2
[4.663s] make: *** [Makefile:141：all] 错误 2
[4.667s] Invoked command in '/home/kgh/ws2/build/yzbot_stm32connect' returned '2': CMAKE_PREFIX_PATH=/home/kgh/ws2/install/yzbot_msgs:/home/kgh/ws2/install/yzbot_stm32connect:/home/kgh/ws2/install/yzbot_nav2:/home/kgh/ws2/install/yzbot_cartographer:/home/kgh/ws2/install/nav2_system_tests:/home/kgh/ws2/install/nav2_bringup:/home/kgh/ws2/install/navigation2:/home/kgh/ws2/install/smac_planner:/home/kgh/ws2/install/nav2_dwb_controller:/home/kgh/ws2/install/nav2_controller:/home/kgh/ws2/install/dwb_plugins:/home/kgh/ws2/install/dwb_critics:/home/kgh/ws2/install/dwb_core:/home/kgh/ws2/install/nav_2d_utils:/home/kgh/ws2/install/dwb_msgs:/home/kgh/ws2/install/nav_2d_msgs:/home/kgh/ws2/install/nav2_waypoint_follower:/home/kgh/ws2/install/nav2_regulated_pure_pursuit_controller:/home/kgh/ws2/install/nav2_recoveries:/home/kgh/ws2/install/nav2_planner:/home/kgh/ws2/install/nav2_navfn_planner:/home/kgh/ws2/install/nav2_core:/home/kgh/ws2/install/costmap_queue:/home/kgh/ws2/install/nav2_costmap_2d:/home/kgh/ws2/install/nav2_voxel_grid:/home/kgh/ws2/install/nav2_rviz_plugins:/home/kgh/ws2/install/nav2_map_server:/home/kgh/ws2/install/nav2_lifecycle_manager:/home/kgh/ws2/install/nav2_bt_navigator:/home/kgh/ws2/install/nav2_behavior_tree:/home/kgh/ws2/install/nav2_amcl:/home/kgh/ws2/install/nav2_util:/home/kgh/ws2/install/nav2_msgs:/home/kgh/ws2/install/nav2_common:/home/kgh/ws2/install/bluesea2:/home/kgh/ws2/install/yzbot_description:/home/kgh/ws2/install/yzbot_controller:/home/kgh/ws2/install/nav2_gazebo_spawner:/opt/ros/foxy /usr/bin/cmake --build /home/kgh/ws2/build/yzbot_stm32connect -- -j16 -l16
