-- Install configuration: ""
-- Up-to-date: /home/kgh/ws2/install/yzbot_nav2/share/yzbot_nav2/launch
-- Up-to-date: /home/kgh/ws2/install/yzbot_nav2/share/yzbot_nav2/launch/localization_launch.py
-- Up-to-date: /home/kgh/ws2/install/yzbot_nav2/share/yzbot_nav2/launch/navigation_launch.py
-- Up-to-date: /home/kgh/ws2/install/yzbot_nav2/share/yzbot_nav2/launch/nav2_startup.launch.py
-- Up-to-date: /home/kgh/ws2/install/yzbot_nav2/share/yzbot_nav2/launch/slam_launch.py
-- Up-to-date: /home/kgh/ws2/install/yzbot_nav2/share/yzbot_nav2/launch/bringup_launch.py
-- Up-to-date: /home/kgh/ws2/install/yzbot_nav2/share/yzbot_nav2/launch/odom_ekf.launch.py
-- Up-to-date: /home/kgh/ws2/install/yzbot_nav2/share/yzbot_nav2/config
-- Up-to-date: /home/kgh/ws2/install/yzbot_nav2/share/yzbot_nav2/config/ekf.yaml
-- Up-to-date: /home/kgh/ws2/install/yzbot_nav2/share/yzbot_nav2/param
-- Installing: /home/kgh/ws2/install/yzbot_nav2/share/yzbot_nav2/param/yzbot.yaml
-- Up-to-date: /home/kgh/ws2/install/yzbot_nav2/share/yzbot_nav2/param/yzbot（复件）.yaml
-- Up-to-date: /home/kgh/ws2/install/yzbot_nav2/share/yzbot_nav2/param/yzbot_ori.yaml
-- Up-to-date: /home/kgh/ws2/install/yzbot_nav2/share/yzbot_nav2/maps
-- Up-to-date: /home/kgh/ws2/install/yzbot_nav2/share/yzbot_nav2/maps/yzbot_map.yaml
-- Up-to-date: /home/kgh/ws2/install/yzbot_nav2/share/yzbot_nav2/maps/yzbot_map.pgm
-- Up-to-date: /home/kgh/ws2/install/yzbot_nav2/share/yzbot_nav2/maps/show_pgm.py
-- Up-to-date: /home/kgh/ws2/install/yzbot_nav2/share/yzbot_nav2/maps/yzbot_map.png
-- Up-to-date: /home/kgh/ws2/install/yzbot_nav2/share/yzbot_nav2/rviz
-- Up-to-date: /home/kgh/ws2/install/yzbot_nav2/share/yzbot_nav2/rviz/nav2.rviz
-- Up-to-date: /home/kgh/ws2/install/yzbot_nav2/share/yzbot_nav2/rviz/nav2（复件）.rviz
-- Up-to-date: /home/kgh/ws2/install/yzbot_nav2/share/ament_index/resource_index/package_run_dependencies/yzbot_nav2
-- Up-to-date: /home/kgh/ws2/install/yzbot_nav2/share/ament_index/resource_index/parent_prefix_path/yzbot_nav2
-- Up-to-date: /home/kgh/ws2/install/yzbot_nav2/share/yzbot_nav2/environment/ament_prefix_path.sh
-- Up-to-date: /home/kgh/ws2/install/yzbot_nav2/share/yzbot_nav2/environment/ament_prefix_path.dsv
-- Up-to-date: /home/kgh/ws2/install/yzbot_nav2/share/yzbot_nav2/environment/path.sh
-- Up-to-date: /home/kgh/ws2/install/yzbot_nav2/share/yzbot_nav2/environment/path.dsv
-- Up-to-date: /home/kgh/ws2/install/yzbot_nav2/share/yzbot_nav2/local_setup.bash
-- Up-to-date: /home/kgh/ws2/install/yzbot_nav2/share/yzbot_nav2/local_setup.sh
-- Up-to-date: /home/kgh/ws2/install/yzbot_nav2/share/yzbot_nav2/local_setup.zsh
-- Up-to-date: /home/kgh/ws2/install/yzbot_nav2/share/yzbot_nav2/local_setup.dsv
-- Installing: /home/kgh/ws2/install/yzbot_nav2/share/yzbot_nav2/package.dsv
-- Up-to-date: /home/kgh/ws2/install/yzbot_nav2/share/ament_index/resource_index/packages/yzbot_nav2
-- Up-to-date: /home/kgh/ws2/install/yzbot_nav2/share/yzbot_nav2/cmake/yzbot_nav2Config.cmake
-- Up-to-date: /home/kgh/ws2/install/yzbot_nav2/share/yzbot_nav2/cmake/yzbot_nav2Config-version.cmake
-- Up-to-date: /home/kgh/ws2/install/yzbot_nav2/share/yzbot_nav2/package.xml
