[1.509s] Invoking command in '/home/kgh/ws2/src/navigation2/nav2_bringup/nav2_gazebo_spawner': PYTHONPATH=/home/kgh/ws2/build/nav2_gazebo_spawner/prefix_override:/home/kgh/ws2/install/nav2_gazebo_spawner/lib/python3.8/site-packages:${PYTHONPATH} /usr/bin/python3 setup.py egg_info --egg-base ../../../../build/nav2_gazebo_spawner build --build-base /home/kgh/ws2/build/nav2_gazebo_spawner/build install --record /home/kgh/ws2/build/nav2_gazebo_spawner/install.log --install-scripts $base/lib/nav2_gazebo_spawner --single-version-externally-managed
[1.697s] running egg_info
[1.697s] creating ../../../../build/nav2_gazebo_spawner/nav2_gazebo_spawner.egg-info
[1.698s] writing ../../../../build/nav2_gazebo_spawner/nav2_gazebo_spawner.egg-info/PKG-INFO
[1.698s] writing dependency_links to ../../../../build/nav2_gazebo_spawner/nav2_gazebo_spawner.egg-info/dependency_links.txt
[1.698s] writing entry points to ../../../../build/nav2_gazebo_spawner/nav2_gazebo_spawner.egg-info/entry_points.txt
[1.698s] writing requirements to ../../../../build/nav2_gazebo_spawner/nav2_gazebo_spawner.egg-info/requires.txt
[1.698s] writing top-level names to ../../../../build/nav2_gazebo_spawner/nav2_gazebo_spawner.egg-info/top_level.txt
[1.699s] writing manifest file '../../../../build/nav2_gazebo_spawner/nav2_gazebo_spawner.egg-info/SOURCES.txt'
[1.730s] reading manifest file '../../../../build/nav2_gazebo_spawner/nav2_gazebo_spawner.egg-info/SOURCES.txt'
[1.730s] writing manifest file '../../../../build/nav2_gazebo_spawner/nav2_gazebo_spawner.egg-info/SOURCES.txt'
[1.730s] running build
[1.731s] running build_py
[1.731s] creating /home/kgh/ws2/build/nav2_gazebo_spawner/build
[1.731s] creating /home/kgh/ws2/build/nav2_gazebo_spawner/build/lib
[1.731s] creating /home/kgh/ws2/build/nav2_gazebo_spawner/build/lib/nav2_gazebo_spawner
[1.731s] copying nav2_gazebo_spawner/nav2_gazebo_spawner.py -> /home/kgh/ws2/build/nav2_gazebo_spawner/build/lib/nav2_gazebo_spawner
[1.731s] copying nav2_gazebo_spawner/__init__.py -> /home/kgh/ws2/build/nav2_gazebo_spawner/build/lib/nav2_gazebo_spawner
[1.731s] running install
[1.732s] running install_lib
[1.732s] creating /home/kgh/ws2/install/nav2_gazebo_spawner/lib/python3.8/site-packages/nav2_gazebo_spawner
[1.732s] copying /home/kgh/ws2/build/nav2_gazebo_spawner/build/lib/nav2_gazebo_spawner/nav2_gazebo_spawner.py -> /home/kgh/ws2/install/nav2_gazebo_spawner/lib/python3.8/site-packages/nav2_gazebo_spawner
[1.732s] copying /home/kgh/ws2/build/nav2_gazebo_spawner/build/lib/nav2_gazebo_spawner/__init__.py -> /home/kgh/ws2/install/nav2_gazebo_spawner/lib/python3.8/site-packages/nav2_gazebo_spawner
[1.733s] byte-compiling /home/kgh/ws2/install/nav2_gazebo_spawner/lib/python3.8/site-packages/nav2_gazebo_spawner/nav2_gazebo_spawner.py to nav2_gazebo_spawner.cpython-38.pyc
[1.735s] byte-compiling /home/kgh/ws2/install/nav2_gazebo_spawner/lib/python3.8/site-packages/nav2_gazebo_spawner/__init__.py to __init__.cpython-38.pyc
[1.735s] running install_data
[1.735s] creating /home/kgh/ws2/install/nav2_gazebo_spawner/share/ament_index
[1.735s] creating /home/kgh/ws2/install/nav2_gazebo_spawner/share/ament_index/resource_index
[1.736s] creating /home/kgh/ws2/install/nav2_gazebo_spawner/share/ament_index/resource_index/packages
[1.736s] copying resource/nav2_gazebo_spawner -> /home/kgh/ws2/install/nav2_gazebo_spawner/share/ament_index/resource_index/packages
[1.736s] copying package.xml -> /home/kgh/ws2/install/nav2_gazebo_spawner/share/nav2_gazebo_spawner
[1.736s] running install_egg_info
[1.738s] Copying ../../../../build/nav2_gazebo_spawner/nav2_gazebo_spawner.egg-info to /home/kgh/ws2/install/nav2_gazebo_spawner/lib/python3.8/site-packages/nav2_gazebo_spawner-0.3.0-py3.8.egg-info
[1.739s] running install_scripts
[1.762s] Installing nav2_gazebo_spawner script to /home/kgh/ws2/install/nav2_gazebo_spawner/lib/nav2_gazebo_spawner
[1.762s] writing list of installed files to '/home/kgh/ws2/build/nav2_gazebo_spawner/install.log'
[1.890s] Invoked command in '/home/kgh/ws2/src/navigation2/nav2_bringup/nav2_gazebo_spawner' returned '0': PYTHONPATH=/home/kgh/ws2/build/nav2_gazebo_spawner/prefix_override:/home/kgh/ws2/install/nav2_gazebo_spawner/lib/python3.8/site-packages:${PYTHONPATH} /usr/bin/python3 setup.py egg_info --egg-base ../../../../build/nav2_gazebo_spawner build --build-base /home/kgh/ws2/build/nav2_gazebo_spawner/build install --record /home/kgh/ws2/build/nav2_gazebo_spawner/install.log --install-scripts $base/lib/nav2_gazebo_spawner --single-version-externally-managed
