[0.114s] Invoking command in '/home/kgh/ws2/build/yzbot_stm32connect': CMAKE_PREFIX_PATH=/home/kgh/ws2/install/yzbot_msgs:/home/kgh/ws2/install/yzbot_stm32connect:/home/kgh/ws2/install/yzbot_nav2:/home/kgh/ws2/install/yzbot_cartographer:/home/kgh/ws2/install/nav2_system_tests:/home/kgh/ws2/install/nav2_bringup:/home/kgh/ws2/install/navigation2:/home/kgh/ws2/install/smac_planner:/home/kgh/ws2/install/nav2_dwb_controller:/home/kgh/ws2/install/nav2_controller:/home/kgh/ws2/install/dwb_plugins:/home/kgh/ws2/install/dwb_critics:/home/kgh/ws2/install/dwb_core:/home/kgh/ws2/install/nav_2d_utils:/home/kgh/ws2/install/dwb_msgs:/home/kgh/ws2/install/nav_2d_msgs:/home/kgh/ws2/install/nav2_waypoint_follower:/home/kgh/ws2/install/nav2_regulated_pure_pursuit_controller:/home/kgh/ws2/install/nav2_recoveries:/home/kgh/ws2/install/nav2_planner:/home/kgh/ws2/install/nav2_navfn_planner:/home/kgh/ws2/install/nav2_core:/home/kgh/ws2/install/costmap_queue:/home/kgh/ws2/install/nav2_costmap_2d:/home/kgh/ws2/install/nav2_voxel_grid:/home/kgh/ws2/install/nav2_rviz_plugins:/home/kgh/ws2/install/nav2_map_server:/home/kgh/ws2/install/nav2_lifecycle_manager:/home/kgh/ws2/install/nav2_bt_navigator:/home/kgh/ws2/install/nav2_behavior_tree:/home/kgh/ws2/install/nav2_amcl:/home/kgh/ws2/install/nav2_util:/home/kgh/ws2/install/nav2_msgs:/home/kgh/ws2/install/nav2_common:/home/kgh/ws2/install/bluesea2:/home/kgh/ws2/install/yzbot_description:/home/kgh/ws2/install/yzbot_controller:/home/kgh/ws2/install/nav2_gazebo_spawner:/opt/ros/foxy /usr/bin/cmake --build /home/kgh/ws2/build/yzbot_stm32connect -- -j16 -l16
[0.173s] [ 40%] Built target serial
[0.198s] [35m[1mScanning dependencies of target stm32_connect[0m
[0.254s] [ 70%] [32mBuilding CXX object CMakeFiles/stm32_connect.dir/src/pms.cpp.o[0m
[0.254s] [ 70%] [32mBuilding CXX object CMakeFiles/stm32_connect.dir/src/stm32_connect.cpp.o[0m
[0.254s] [ 70%] [32mBuilding CXX object CMakeFiles/stm32_connect.dir/src/plc.cpp.o[0m
[2.469s] [01m[K/home/kgh/ws2/src/yzbot_stm32connect/src/plc.cpp:[m[K In member function ‘[01m[Kint PLC::pub_odom(short int, short int, short int, short int, float, float, float, float)[m[K’:
[2.469s] [01m[K/home/kgh/ws2/src/yzbot_stm32connect/src/plc.cpp:56:29:[m[K [01;35m[Kwarning: [m[Kunused parameter ‘[01m[Kvx[m[K’ [[01;35m[K-Wunused-parameter[m[K]
[2.469s]    56 | int PLC::pub_odom([01;35m[Kshort int vx[m[K, short int vy, short int t1, short int t2, float angle_v, float angle, float n_vx, float n_vth)
[2.469s]       |                   [01;35m[K~~~~~~~~~~^~[m[K
[2.469s] [01m[K/home/kgh/ws2/src/yzbot_stm32connect/src/plc.cpp:56:43:[m[K [01;35m[Kwarning: [m[Kunused parameter ‘[01m[Kvy[m[K’ [[01;35m[K-Wunused-parameter[m[K]
[2.469s]    56 | int PLC::pub_odom(short int vx, [01;35m[Kshort int vy[m[K, short int t1, short int t2, float angle_v, float angle, float n_vx, float n_vth)
[2.469s]       |                                 [01;35m[K~~~~~~~~~~^~[m[K
[2.469s] [01m[K/home/kgh/ws2/src/yzbot_stm32connect/src/plc.cpp:56:81:[m[K [01;35m[Kwarning: [m[Kunused parameter ‘[01m[Kangle_v[m[K’ [[01;35m[K-Wunused-parameter[m[K]
[2.469s]    56 | int PLC::pub_odom(short int vx, short int vy, short int t1, short int t2, [01;35m[Kfloat angle_v[m[K, float angle, float n_vx, float n_vth)
[2.470s]       |                                                                           [01;35m[K~~~~~~^~~~~~~[m[K
[2.470s] [01m[K/home/kgh/ws2/src/yzbot_stm32connect/src/plc.cpp:56:109:[m[K [01;35m[Kwarning: [m[Kunused parameter ‘[01m[Kn_vx[m[K’ [[01;35m[K-Wunused-parameter[m[K]
[2.470s]    56 | int PLC::pub_odom(short int vx, short int vy, short int t1, short int t2, float angle_v, float angle, [01;35m[Kfloat n_vx[m[K, float n_vth)
[2.470s]       |                                                                                                       [01;35m[K~~~~~~^~~~[m[K
[2.470s] [01m[K/home/kgh/ws2/src/yzbot_stm32connect/src/plc.cpp:56:121:[m[K [01;35m[Kwarning: [m[Kunused parameter ‘[01m[Kn_vth[m[K’ [[01;35m[K-Wunused-parameter[m[K]
[2.470s]    56 | int PLC::pub_odom(short int vx, short int vy, short int t1, short int t2, float angle_v, float angle, float n_vx, [01;35m[Kfloat n_vth[m[K)
[2.470s]       |                                                                                                                   [01;35m[K~~~~~~^~~~~[m[K
[2.475s] [01m[K/home/kgh/ws2/src/yzbot_stm32connect/src/plc.cpp:[m[K In member function ‘[01m[Kvoid PLC::pub_robot_pose(int, int, double, double)[m[K’:
[2.475s] [01m[K/home/kgh/ws2/src/yzbot_stm32connect/src/plc.cpp:165:18:[m[K [01;35m[Kwarning: [m[Kunused variable ‘[01m[Ktrueth_angle[m[K’ [[01;35m[K-Wunused-variable[m[K]
[2.475s]   165 |     static float [01;35m[Ktrueth_angle[m[K = 0;
[2.475s]       |                  [01;35m[K^~~~~~~~~~~~[m[K
[2.475s] [01m[K/home/kgh/ws2/src/yzbot_stm32connect/src/plc.cpp:169:12:[m[K [01;35m[Kwarning: [m[Kunused variable ‘[01m[Kdt[m[K’ [[01;35m[K-Wunused-variable[m[K]
[2.475s]   169 |     double [01;35m[Kdt[m[K = (current_time - robot_pose_lasttime).seconds();
[2.475s]       |            [01;35m[K^~[m[K
[2.475s] [01m[K/home/kgh/ws2/src/yzbot_stm32connect/src/plc.cpp:175:12:[m[K [01;35m[Kwarning: [m[Kunused variable ‘[01m[Ksin_y[m[K’ [[01;35m[K-Wunused-variable[m[K]
[2.475s]   175 |     double [01;35m[Ksin_y[m[K = sin(my_robot_pose.robot_yaw + dt_th/2.0);
[2.475s]       |            [01;35m[K^~~~~[m[K
[2.475s] [01m[K/home/kgh/ws2/src/yzbot_stm32connect/src/plc.cpp:162:74:[m[K [01;35m[Kwarning: [m[Kunused parameter ‘[01m[Kangle_l[m[K’ [[01;35m[K-Wunused-parameter[m[K]
[2.476s]   162 | void PLC::pub_robot_pose(int left_t, int right_t, double angle_t, [01;35m[Kdouble angle_l[m[K)
[2.476s]       |                                                                   [01;35m[K~~~~~~~^~~~~~~[m[K
[2.476s] [01m[K/home/kgh/ws2/src/yzbot_stm32connect/src/plc.cpp:[m[K In member function ‘[01m[Kvoid PLC::plc_timer_deal_odom()[m[K’:
[2.476s] [01m[K/home/kgh/ws2/src/yzbot_stm32connect/src/plc.cpp:239:7:[m[K [01;35m[Kwarning: [m[Kunused variable ‘[01m[Kget_odom[m[K’ [[01;35m[K-Wunused-variable[m[K]
[2.476s]   239 |   int [01;35m[Kget_odom[m[K = mRobotSerial->getOdom(frameIndex, t1, t2, dbTh, dbTh_l, dbVth, fmq_status_flag, vx, vth);
[2.476s]       |       [01;35m[K^~~~~~~~[m[K
[2.476s] [01m[K/home/kgh/ws2/src/yzbot_stm32connect/src/plc.cpp:[m[K In member function ‘[01m[Kvoid PLC::get_auto_speed()[m[K’:
[2.476s] [01m[K/home/kgh/ws2/src/yzbot_stm32connect/src/plc.cpp:248:7:[m[K [01;35m[Kwarning: [m[Kunused variable ‘[01m[Kautospeed[m[K’ [[01;35m[K-Wunused-variable[m[K]
[2.476s]   248 |   int [01;35m[Kautospeed[m[K = mRobotSerial->getAutoSpeed();
[2.476s]       |       [01;35m[K^~~~~~~~~[m[K
[3.314s] [01m[K/home/kgh/ws2/src/yzbot_stm32connect/src/plc.cpp:[m[K At global scope:
[3.314s] [01m[K/home/kgh/ws2/src/yzbot_stm32connect/src/plc.cpp:165:18:[m[K [01;35m[Kwarning: [m[K‘[01m[Ktrueth_angle[m[K’ defined but not used [[01;35m[K-Wunused-variable[m[K]
[3.314s]   165 |     static float [01;35m[Ktrueth_angle[m[K = 0;
[3.315s]       |                  [01;35m[K^~~~~~~~~~~~[m[K
[9.175s] [ 80%] [32m[1mLinking CXX executable stm32_connect[0m
[9.650s] [100%] Built target stm32_connect
[9.662s] Invoked command in '/home/kgh/ws2/build/yzbot_stm32connect' returned '0': CMAKE_PREFIX_PATH=/home/kgh/ws2/install/yzbot_msgs:/home/kgh/ws2/install/yzbot_stm32connect:/home/kgh/ws2/install/yzbot_nav2:/home/kgh/ws2/install/yzbot_cartographer:/home/kgh/ws2/install/nav2_system_tests:/home/kgh/ws2/install/nav2_bringup:/home/kgh/ws2/install/navigation2:/home/kgh/ws2/install/smac_planner:/home/kgh/ws2/install/nav2_dwb_controller:/home/kgh/ws2/install/nav2_controller:/home/kgh/ws2/install/dwb_plugins:/home/kgh/ws2/install/dwb_critics:/home/kgh/ws2/install/dwb_core:/home/kgh/ws2/install/nav_2d_utils:/home/kgh/ws2/install/dwb_msgs:/home/kgh/ws2/install/nav_2d_msgs:/home/kgh/ws2/install/nav2_waypoint_follower:/home/kgh/ws2/install/nav2_regulated_pure_pursuit_controller:/home/kgh/ws2/install/nav2_recoveries:/home/kgh/ws2/install/nav2_planner:/home/kgh/ws2/install/nav2_navfn_planner:/home/kgh/ws2/install/nav2_core:/home/kgh/ws2/install/costmap_queue:/home/kgh/ws2/install/nav2_costmap_2d:/home/kgh/ws2/install/nav2_voxel_grid:/home/kgh/ws2/install/nav2_rviz_plugins:/home/kgh/ws2/install/nav2_map_server:/home/kgh/ws2/install/nav2_lifecycle_manager:/home/kgh/ws2/install/nav2_bt_navigator:/home/kgh/ws2/install/nav2_behavior_tree:/home/kgh/ws2/install/nav2_amcl:/home/kgh/ws2/install/nav2_util:/home/kgh/ws2/install/nav2_msgs:/home/kgh/ws2/install/nav2_common:/home/kgh/ws2/install/bluesea2:/home/kgh/ws2/install/yzbot_description:/home/kgh/ws2/install/yzbot_controller:/home/kgh/ws2/install/nav2_gazebo_spawner:/opt/ros/foxy /usr/bin/cmake --build /home/kgh/ws2/build/yzbot_stm32connect -- -j16 -l16
[9.711s] Invoking command in '/home/kgh/ws2/build/yzbot_stm32connect': CMAKE_PREFIX_PATH=/home/kgh/ws2/install/yzbot_msgs:/home/kgh/ws2/install/yzbot_stm32connect:/home/kgh/ws2/install/yzbot_nav2:/home/kgh/ws2/install/yzbot_cartographer:/home/kgh/ws2/install/nav2_system_tests:/home/kgh/ws2/install/nav2_bringup:/home/kgh/ws2/install/navigation2:/home/kgh/ws2/install/smac_planner:/home/kgh/ws2/install/nav2_dwb_controller:/home/kgh/ws2/install/nav2_controller:/home/kgh/ws2/install/dwb_plugins:/home/kgh/ws2/install/dwb_critics:/home/kgh/ws2/install/dwb_core:/home/kgh/ws2/install/nav_2d_utils:/home/kgh/ws2/install/dwb_msgs:/home/kgh/ws2/install/nav_2d_msgs:/home/kgh/ws2/install/nav2_waypoint_follower:/home/kgh/ws2/install/nav2_regulated_pure_pursuit_controller:/home/kgh/ws2/install/nav2_recoveries:/home/kgh/ws2/install/nav2_planner:/home/kgh/ws2/install/nav2_navfn_planner:/home/kgh/ws2/install/nav2_core:/home/kgh/ws2/install/costmap_queue:/home/kgh/ws2/install/nav2_costmap_2d:/home/kgh/ws2/install/nav2_voxel_grid:/home/kgh/ws2/install/nav2_rviz_plugins:/home/kgh/ws2/install/nav2_map_server:/home/kgh/ws2/install/nav2_lifecycle_manager:/home/kgh/ws2/install/nav2_bt_navigator:/home/kgh/ws2/install/nav2_behavior_tree:/home/kgh/ws2/install/nav2_amcl:/home/kgh/ws2/install/nav2_util:/home/kgh/ws2/install/nav2_msgs:/home/kgh/ws2/install/nav2_common:/home/kgh/ws2/install/bluesea2:/home/kgh/ws2/install/yzbot_description:/home/kgh/ws2/install/yzbot_controller:/home/kgh/ws2/install/nav2_gazebo_spawner:/opt/ros/foxy /usr/bin/cmake --install /home/kgh/ws2/build/yzbot_stm32connect
[9.719s] -- Install configuration: ""
[9.719s] -- Up-to-date: /home/kgh/ws2/install/yzbot_stm32connect/lib/yzbot_stm32connect/libserial.a
[9.719s] -- Installing: /home/kgh/ws2/install/yzbot_stm32connect/lib/yzbot_stm32connect/stm32_connect
[9.726s] -- Set runtime path of "/home/kgh/ws2/install/yzbot_stm32connect/lib/yzbot_stm32connect/stm32_connect" to ""
[9.726s] -- Up-to-date: /home/kgh/ws2/install/yzbot_stm32connect/share/ament_index/resource_index/package_run_dependencies/yzbot_stm32connect
[9.726s] -- Up-to-date: /home/kgh/ws2/install/yzbot_stm32connect/share/ament_index/resource_index/parent_prefix_path/yzbot_stm32connect
[9.727s] -- Up-to-date: /home/kgh/ws2/install/yzbot_stm32connect/share/yzbot_stm32connect/environment/ament_prefix_path.sh
[9.727s] -- Up-to-date: /home/kgh/ws2/install/yzbot_stm32connect/share/yzbot_stm32connect/environment/ament_prefix_path.dsv
[9.727s] -- Up-to-date: /home/kgh/ws2/install/yzbot_stm32connect/share/yzbot_stm32connect/environment/path.sh
[9.727s] -- Up-to-date: /home/kgh/ws2/install/yzbot_stm32connect/share/yzbot_stm32connect/environment/path.dsv
[9.727s] -- Up-to-date: /home/kgh/ws2/install/yzbot_stm32connect/share/yzbot_stm32connect/local_setup.bash
[9.727s] -- Up-to-date: /home/kgh/ws2/install/yzbot_stm32connect/share/yzbot_stm32connect/local_setup.sh
[9.727s] -- Up-to-date: /home/kgh/ws2/install/yzbot_stm32connect/share/yzbot_stm32connect/local_setup.zsh
[9.727s] -- Up-to-date: /home/kgh/ws2/install/yzbot_stm32connect/share/yzbot_stm32connect/local_setup.dsv
[9.727s] -- Installing: /home/kgh/ws2/install/yzbot_stm32connect/share/yzbot_stm32connect/package.dsv
[9.727s] -- Up-to-date: /home/kgh/ws2/install/yzbot_stm32connect/share/ament_index/resource_index/packages/yzbot_stm32connect
[9.727s] -- Up-to-date: /home/kgh/ws2/install/yzbot_stm32connect/share/yzbot_stm32connect/cmake/yzbot_stm32connectConfig.cmake
[9.727s] -- Up-to-date: /home/kgh/ws2/install/yzbot_stm32connect/share/yzbot_stm32connect/cmake/yzbot_stm32connectConfig-version.cmake
[9.728s] -- Up-to-date: /home/kgh/ws2/install/yzbot_stm32connect/share/yzbot_stm32connect/package.xml
[9.728s] Invoked command in '/home/kgh/ws2/build/yzbot_stm32connect' returned '0': CMAKE_PREFIX_PATH=/home/kgh/ws2/install/yzbot_msgs:/home/kgh/ws2/install/yzbot_stm32connect:/home/kgh/ws2/install/yzbot_nav2:/home/kgh/ws2/install/yzbot_cartographer:/home/kgh/ws2/install/nav2_system_tests:/home/kgh/ws2/install/nav2_bringup:/home/kgh/ws2/install/navigation2:/home/kgh/ws2/install/smac_planner:/home/kgh/ws2/install/nav2_dwb_controller:/home/kgh/ws2/install/nav2_controller:/home/kgh/ws2/install/dwb_plugins:/home/kgh/ws2/install/dwb_critics:/home/kgh/ws2/install/dwb_core:/home/kgh/ws2/install/nav_2d_utils:/home/kgh/ws2/install/dwb_msgs:/home/kgh/ws2/install/nav_2d_msgs:/home/kgh/ws2/install/nav2_waypoint_follower:/home/kgh/ws2/install/nav2_regulated_pure_pursuit_controller:/home/kgh/ws2/install/nav2_recoveries:/home/kgh/ws2/install/nav2_planner:/home/kgh/ws2/install/nav2_navfn_planner:/home/kgh/ws2/install/nav2_core:/home/kgh/ws2/install/costmap_queue:/home/kgh/ws2/install/nav2_costmap_2d:/home/kgh/ws2/install/nav2_voxel_grid:/home/kgh/ws2/install/nav2_rviz_plugins:/home/kgh/ws2/install/nav2_map_server:/home/kgh/ws2/install/nav2_lifecycle_manager:/home/kgh/ws2/install/nav2_bt_navigator:/home/kgh/ws2/install/nav2_behavior_tree:/home/kgh/ws2/install/nav2_amcl:/home/kgh/ws2/install/nav2_util:/home/kgh/ws2/install/nav2_msgs:/home/kgh/ws2/install/nav2_common:/home/kgh/ws2/install/bluesea2:/home/kgh/ws2/install/yzbot_description:/home/kgh/ws2/install/yzbot_controller:/home/kgh/ws2/install/nav2_gazebo_spawner:/opt/ros/foxy /usr/bin/cmake --install /home/kgh/ws2/build/yzbot_stm32connect
