[0.846s] Invoking command in '/home/kgh/ws2/src/yzbot_description': CMAKE_PREFIX_PATH=/home/kgh/ws2/install/nav2_bringup:/home/kgh/ws2/install/navigation2:/home/kgh/ws2/install/nav2_dwb_controller:/home/kgh/ws2/install/dwb_plugins:/home/kgh/ws2/install/dwb_critics:/home/kgh/ws2/install/smac_planner:/home/kgh/ws2/install/nav2_regulated_pure_pursuit_controller:/home/kgh/ws2/install/nav2_recoveries:/home/kgh/ws2/install/nav2_planner:/home/kgh/ws2/install/nav2_navfn_planner:/home/kgh/ws2/install/nav2_controller:/home/kgh/ws2/install/dwb_core:/home/kgh/ws2/install/nav2_core:/home/kgh/ws2/install/costmap_queue:/home/kgh/ws2/install/nav2_rviz_plugins:/home/kgh/ws2/install/nav2_costmap_2d:/home/kgh/ws2/install/nav2_bt_navigator:/home/kgh/ws2/install/nav_2d_utils:/home/kgh/ws2/install/nav2_waypoint_follower:/home/kgh/ws2/install/nav2_map_server:/home/kgh/ws2/install/nav2_lifecycle_manager:/home/kgh/ws2/install/nav2_behavior_tree:/home/kgh/ws2/install/nav2_amcl:/home/kgh/ws2/install/nav2_util:/home/kgh/ws2/install/nav2_voxel_grid:/home/kgh/ws2/install/nav2_msgs:/home/kgh/ws2/install/dwb_msgs:/home/kgh/ws2/install/nav_2d_msgs:/home/kgh/ws2/install/nav2_common:/home/kgh/ws2/install/yzbot_nav2:/home/kgh/ws2/install/yzbot_cartographer:/home/kgh/ws2/install/nav2_system_tests:/home/kgh/ws2/install/bluesea2 LD_LIBRARY_PATH=/home/kgh/ws2/install/dwb_plugins/lib:/home/kgh/ws2/install/dwb_critics/lib:/home/kgh/ws2/install/smac_planner/lib:/home/kgh/ws2/install/nav2_regulated_pure_pursuit_controller/lib:/home/kgh/ws2/install/nav2_recoveries/lib:/home/kgh/ws2/install/nav2_planner/lib:/home/kgh/ws2/install/nav2_navfn_planner/lib:/home/kgh/ws2/install/nav2_controller/lib:/home/kgh/ws2/install/dwb_core/lib:/home/kgh/ws2/install/nav2_rviz_plugins/lib:/home/kgh/ws2/install/nav2_costmap_2d/lib:/home/kgh/ws2/install/nav2_bt_navigator/lib:/home/kgh/ws2/install/nav_2d_utils/lib:/home/kgh/ws2/install/nav2_waypoint_follower/lib:/home/kgh/ws2/install/nav2_map_server/lib:/home/kgh/ws2/install/nav2_lifecycle_manager/lib:/home/kgh/ws2/install/nav2_behavior_tree/lib:/home/kgh/ws2/install/nav2_amcl/lib:/home/kgh/ws2/install/nav2_util/lib:/home/kgh/ws2/install/nav2_voxel_grid/lib:/home/kgh/ws2/install/nav2_msgs/lib:/home/kgh/ws2/install/dwb_msgs/lib:/home/kgh/ws2/install/nav_2d_msgs/lib:/home/kgh/ws2/install/costmap_queue/lib:/usr/lib/x86_64-linux-gnu/gazebo-11/plugins:/opt/ros/foxy/opt/yaml_cpp_vendor/lib:/opt/ros/foxy/opt/rviz_ogre_vendor/lib:/opt/ros/foxy/lib/x86_64-linux-gnu:/opt/ros/foxy/lib PYTHONPATH=/home/kgh/ws2/build/yzbot_description/prefix_override:/home/kgh/ws2/install/yzbot_description/lib/python3.8/site-packages:/home/kgh/ws2/install/nav2_msgs/lib/python3.8/site-packages:/home/kgh/ws2/install/dwb_msgs/lib/python3.8/site-packages:/home/kgh/ws2/install/nav_2d_msgs/lib/python3.8/site-packages:/home/kgh/ws2/install/nav2_common/lib/python3.8/site-packages:/home/kgh/ws2/install/yzbot_description/lib/python3.8/site-packages:/home/kgh/ws2/install/yzbot_controller/lib/python3.8/site-packages:/home/kgh/ws2/install/nav2_gazebo_spawner/lib/python3.8/site-packages:/opt/ros/foxy/lib/python3.8/site-packages /usr/bin/python3 setup.py egg_info --egg-base ../../build/yzbot_description build --build-base /home/kgh/ws2/build/yzbot_description/build install --record /home/kgh/ws2/build/yzbot_description/install.log --install-scripts $base/lib/yzbot_description --single-version-externally-managed
[0.989s] running egg_info
[0.989s] creating ../../build/yzbot_description/yzbot_description.egg-info
[0.989s] writing ../../build/yzbot_description/yzbot_description.egg-info/PKG-INFO
[0.989s] writing dependency_links to ../../build/yzbot_description/yzbot_description.egg-info/dependency_links.txt
[0.989s] writing entry points to ../../build/yzbot_description/yzbot_description.egg-info/entry_points.txt
[0.989s] writing requirements to ../../build/yzbot_description/yzbot_description.egg-info/requires.txt
[0.989s] writing top-level names to ../../build/yzbot_description/yzbot_description.egg-info/top_level.txt
[0.990s] writing manifest file '../../build/yzbot_description/yzbot_description.egg-info/SOURCES.txt'
[1.012s] reading manifest file '../../build/yzbot_description/yzbot_description.egg-info/SOURCES.txt'
[1.013s] writing manifest file '../../build/yzbot_description/yzbot_description.egg-info/SOURCES.txt'
[1.013s] running build
[1.013s] running build_py
[1.013s] creating /home/kgh/ws2/build/yzbot_description/build
[1.013s] creating /home/kgh/ws2/build/yzbot_description/build/lib
[1.013s] creating /home/kgh/ws2/build/yzbot_description/build/lib/yzbot_description
[1.013s] copying yzbot_description/__init__.py -> /home/kgh/ws2/build/yzbot_description/build/lib/yzbot_description
[1.013s] copying yzbot_description/rotate_wheel.py -> /home/kgh/ws2/build/yzbot_description/build/lib/yzbot_description
[1.013s] running install
[1.014s] running install_lib
[1.014s] creating /home/kgh/ws2/install/yzbot_description/lib/python3.8/site-packages/yzbot_description
[1.014s] copying /home/kgh/ws2/build/yzbot_description/build/lib/yzbot_description/__init__.py -> /home/kgh/ws2/install/yzbot_description/lib/python3.8/site-packages/yzbot_description
[1.015s] copying /home/kgh/ws2/build/yzbot_description/build/lib/yzbot_description/rotate_wheel.py -> /home/kgh/ws2/install/yzbot_description/lib/python3.8/site-packages/yzbot_description
[1.015s] byte-compiling /home/kgh/ws2/install/yzbot_description/lib/python3.8/site-packages/yzbot_description/__init__.py to __init__.cpython-38.pyc
[1.015s] byte-compiling /home/kgh/ws2/install/yzbot_description/lib/python3.8/site-packages/yzbot_description/rotate_wheel.py to rotate_wheel.cpython-38.pyc
[1.016s] running install_data
[1.016s] creating /home/kgh/ws2/install/yzbot_description/share/ament_index
[1.016s] creating /home/kgh/ws2/install/yzbot_description/share/ament_index/resource_index
[1.016s] creating /home/kgh/ws2/install/yzbot_description/share/ament_index/resource_index/packages
[1.016s] copying resource/yzbot_description -> /home/kgh/ws2/install/yzbot_description/share/ament_index/resource_index/packages
[1.016s] copying package.xml -> /home/kgh/ws2/install/yzbot_description/share/yzbot_description
[1.017s] creating /home/kgh/ws2/install/yzbot_description/share/yzbot_description/launch
[1.017s] copying launch/display_rviz2.launch.py -> /home/kgh/ws2/install/yzbot_description/share/yzbot_description/launch
[1.017s] copying launch/gazebo.launch.py -> /home/kgh/ws2/install/yzbot_description/share/yzbot_description/launch
[1.017s] creating /home/kgh/ws2/install/yzbot_description/share/yzbot_description/urdf
[1.017s] copying urdf/yzbot_gazebo（复件）.urdf -> /home/kgh/ws2/install/yzbot_description/share/yzbot_description/urdf
[1.017s] copying urdf/yzbot_base.urdf -> /home/kgh/ws2/install/yzbot_description/share/yzbot_description/urdf
[1.017s] copying urdf/yzbot_base（复件）.urdf -> /home/kgh/ws2/install/yzbot_description/share/yzbot_description/urdf
[1.017s] copying urdf/yzbot_gazebo.urdf -> /home/kgh/ws2/install/yzbot_description/share/yzbot_description/urdf
[1.017s] creating /home/kgh/ws2/install/yzbot_description/share/yzbot_description/world
[1.017s] copying world/yzbot（复件）.world -> /home/kgh/ws2/install/yzbot_description/share/yzbot_description/world
[1.017s] copying world/yzbot.world -> /home/kgh/ws2/install/yzbot_description/share/yzbot_description/world
[1.017s] copying world/fish.world -> /home/kgh/ws2/install/yzbot_description/share/yzbot_description/world
[1.017s] running install_egg_info
[1.018s] Copying ../../build/yzbot_description/yzbot_description.egg-info to /home/kgh/ws2/install/yzbot_description/lib/python3.8/site-packages/yzbot_description-0.0.0-py3.8.egg-info
[1.019s] running install_scripts
[1.031s] Installing rotate_wheel script to /home/kgh/ws2/install/yzbot_description/lib/yzbot_description
[1.031s] writing list of installed files to '/home/kgh/ws2/build/yzbot_description/install.log'
[1.048s] Invoked command in '/home/kgh/ws2/src/yzbot_description' returned '0': CMAKE_PREFIX_PATH=/home/kgh/ws2/install/nav2_bringup:/home/kgh/ws2/install/navigation2:/home/kgh/ws2/install/nav2_dwb_controller:/home/kgh/ws2/install/dwb_plugins:/home/kgh/ws2/install/dwb_critics:/home/kgh/ws2/install/smac_planner:/home/kgh/ws2/install/nav2_regulated_pure_pursuit_controller:/home/kgh/ws2/install/nav2_recoveries:/home/kgh/ws2/install/nav2_planner:/home/kgh/ws2/install/nav2_navfn_planner:/home/kgh/ws2/install/nav2_controller:/home/kgh/ws2/install/dwb_core:/home/kgh/ws2/install/nav2_core:/home/kgh/ws2/install/costmap_queue:/home/kgh/ws2/install/nav2_rviz_plugins:/home/kgh/ws2/install/nav2_costmap_2d:/home/kgh/ws2/install/nav2_bt_navigator:/home/kgh/ws2/install/nav_2d_utils:/home/kgh/ws2/install/nav2_waypoint_follower:/home/kgh/ws2/install/nav2_map_server:/home/kgh/ws2/install/nav2_lifecycle_manager:/home/kgh/ws2/install/nav2_behavior_tree:/home/kgh/ws2/install/nav2_amcl:/home/kgh/ws2/install/nav2_util:/home/kgh/ws2/install/nav2_voxel_grid:/home/kgh/ws2/install/nav2_msgs:/home/kgh/ws2/install/dwb_msgs:/home/kgh/ws2/install/nav_2d_msgs:/home/kgh/ws2/install/nav2_common:/home/kgh/ws2/install/yzbot_nav2:/home/kgh/ws2/install/yzbot_cartographer:/home/kgh/ws2/install/nav2_system_tests:/home/kgh/ws2/install/bluesea2 LD_LIBRARY_PATH=/home/kgh/ws2/install/dwb_plugins/lib:/home/kgh/ws2/install/dwb_critics/lib:/home/kgh/ws2/install/smac_planner/lib:/home/kgh/ws2/install/nav2_regulated_pure_pursuit_controller/lib:/home/kgh/ws2/install/nav2_recoveries/lib:/home/kgh/ws2/install/nav2_planner/lib:/home/kgh/ws2/install/nav2_navfn_planner/lib:/home/kgh/ws2/install/nav2_controller/lib:/home/kgh/ws2/install/dwb_core/lib:/home/kgh/ws2/install/nav2_rviz_plugins/lib:/home/kgh/ws2/install/nav2_costmap_2d/lib:/home/kgh/ws2/install/nav2_bt_navigator/lib:/home/kgh/ws2/install/nav_2d_utils/lib:/home/kgh/ws2/install/nav2_waypoint_follower/lib:/home/kgh/ws2/install/nav2_map_server/lib:/home/kgh/ws2/install/nav2_lifecycle_manager/lib:/home/kgh/ws2/install/nav2_behavior_tree/lib:/home/kgh/ws2/install/nav2_amcl/lib:/home/kgh/ws2/install/nav2_util/lib:/home/kgh/ws2/install/nav2_voxel_grid/lib:/home/kgh/ws2/install/nav2_msgs/lib:/home/kgh/ws2/install/dwb_msgs/lib:/home/kgh/ws2/install/nav_2d_msgs/lib:/home/kgh/ws2/install/costmap_queue/lib:/usr/lib/x86_64-linux-gnu/gazebo-11/plugins:/opt/ros/foxy/opt/yaml_cpp_vendor/lib:/opt/ros/foxy/opt/rviz_ogre_vendor/lib:/opt/ros/foxy/lib/x86_64-linux-gnu:/opt/ros/foxy/lib PYTHONPATH=/home/kgh/ws2/build/yzbot_description/prefix_override:/home/kgh/ws2/install/yzbot_description/lib/python3.8/site-packages:/home/kgh/ws2/install/nav2_msgs/lib/python3.8/site-packages:/home/kgh/ws2/install/dwb_msgs/lib/python3.8/site-packages:/home/kgh/ws2/install/nav_2d_msgs/lib/python3.8/site-packages:/home/kgh/ws2/install/nav2_common/lib/python3.8/site-packages:/home/kgh/ws2/install/yzbot_description/lib/python3.8/site-packages:/home/kgh/ws2/install/yzbot_controller/lib/python3.8/site-packages:/home/kgh/ws2/install/nav2_gazebo_spawner/lib/python3.8/site-packages:/opt/ros/foxy/lib/python3.8/site-packages /usr/bin/python3 setup.py egg_info --egg-base ../../build/yzbot_description build --build-base /home/kgh/ws2/build/yzbot_description/build install --record /home/kgh/ws2/build/yzbot_description/install.log --install-scripts $base/lib/yzbot_description --single-version-externally-managed
