[0.111s] Invoking command in '/home/kgh/ws2/build/yzbot_stm32connect': CMAKE_PREFIX_PATH=/home/kgh/ws2/install/yzbot_msgs:/home/kgh/ws2/install/yzbot_stm32connect:/home/kgh/ws2/install/yzbot_nav2:/home/kgh/ws2/install/yzbot_cartographer:/home/kgh/ws2/install/nav2_system_tests:/home/kgh/ws2/install/nav2_bringup:/home/kgh/ws2/install/navigation2:/home/kgh/ws2/install/smac_planner:/home/kgh/ws2/install/nav2_dwb_controller:/home/kgh/ws2/install/nav2_controller:/home/kgh/ws2/install/dwb_plugins:/home/kgh/ws2/install/dwb_critics:/home/kgh/ws2/install/dwb_core:/home/kgh/ws2/install/nav_2d_utils:/home/kgh/ws2/install/dwb_msgs:/home/kgh/ws2/install/nav_2d_msgs:/home/kgh/ws2/install/nav2_waypoint_follower:/home/kgh/ws2/install/nav2_regulated_pure_pursuit_controller:/home/kgh/ws2/install/nav2_recoveries:/home/kgh/ws2/install/nav2_planner:/home/kgh/ws2/install/nav2_navfn_planner:/home/kgh/ws2/install/nav2_core:/home/kgh/ws2/install/costmap_queue:/home/kgh/ws2/install/nav2_costmap_2d:/home/kgh/ws2/install/nav2_voxel_grid:/home/kgh/ws2/install/nav2_rviz_plugins:/home/kgh/ws2/install/nav2_map_server:/home/kgh/ws2/install/nav2_lifecycle_manager:/home/kgh/ws2/install/nav2_bt_navigator:/home/kgh/ws2/install/nav2_behavior_tree:/home/kgh/ws2/install/nav2_amcl:/home/kgh/ws2/install/nav2_util:/home/kgh/ws2/install/nav2_msgs:/home/kgh/ws2/install/nav2_common:/home/kgh/ws2/install/bluesea2:/home/kgh/ws2/install/yzbot_description:/home/kgh/ws2/install/yzbot_controller:/home/kgh/ws2/install/nav2_gazebo_spawner:/opt/ros/foxy /usr/bin/cmake --build /home/kgh/ws2/build/yzbot_stm32connect -- -j16 -l16
[0.177s] [ 40%] Built target serial
[0.205s] [35m[1mScanning dependencies of target stm32_connect[0m
[0.258s] [ 60%] [32mBuilding CXX object CMakeFiles/stm32_connect.dir/src/psc.cpp.o[0m
[0.258s] [ 60%] [32mBuilding CXX object CMakeFiles/stm32_connect.dir/src/stm32_connect.cpp.o[0m
[2.219s] In file included from [01m[K/home/kgh/ws2/src/yzbot_stm32connect/src/psc.cpp:1[m[K:
[2.219s] [01m[K/home/kgh/ws2/src/yzbot_stm32connect/include/psc.hpp:88:74:[m[K [01;31m[Kerror: [m[Kexpected ‘[01m[K;[m[K’ at end of member declaration
[2.219s]    88 |   void set_head_offset_callback(const yzbot_msgs::msg::PscHeadOffset &msg[01;31m[K)[m[K
[2.219s]       |                                                                          [01;31m[K^[m[K
[2.219s]       |                                                                           [32m[K;[m[K
[2.256s] [01m[K/home/kgh/ws2/src/yzbot_stm32connect/src/psc.cpp:[m[K In member function ‘[01m[Kvoid PSC::head_control_by_key_callback(const PscKeyHeadControl&)[m[K’:
[2.256s] [01m[K/home/kgh/ws2/src/yzbot_stm32connect/src/psc.cpp:87:5:[m[K [01;31m[Kerror: [m[K‘[01m[Kpsc_key_head_control_direction[m[K’ was not declared in this scope; did you mean ‘[01m[Kpsc_key_neck_control_direction[m[K’?
[2.256s]    87 |     [01;31m[Kpsc_key_head_control_direction[m[K = msg.psc_direction;
[2.256s]       |     [01;31m[K^~~~~~~~~~~~~~~~~~~~~~~~~~~~~~[m[K
[2.256s]       |     [32m[Kpsc_key_neck_control_direction[m[K
[2.256s] [01m[K/home/kgh/ws2/src/yzbot_stm32connect/src/psc.cpp:87:42:[m[K [01;31m[Kerror: [m[K‘[01m[Kconst PscKeyHeadControl[m[K’ {aka ‘[01m[Kconst struct yzbot_msgs::msg::PscKeyHeadControl_<std::allocator<void> >[m[K’} has no member named ‘[01m[Kpsc_direction[m[K’; did you mean ‘[01m[Kpsc_head_direction[m[K’?
[2.257s]    87 |     psc_key_head_control_direction = msg.[01;31m[Kpsc_direction[m[K;
[2.257s]       |                                          [01;31m[K^~~~~~~~~~~~~[m[K
[2.257s]       |                                          [32m[Kpsc_head_direction[m[K
[2.257s] [01m[K/home/kgh/ws2/src/yzbot_stm32connect/src/psc.cpp:[m[K At global scope:
[2.257s] [01m[K/home/kgh/ws2/src/yzbot_stm32connect/src/psc.cpp:91:54:[m[K [01;31m[Kerror: [m[K‘[01m[KPscHeadOffset[m[K’ in namespace ‘[01m[Kyzbot_msgs[m[K’ does not name a type
[2.257s]    91 | void PSC::set_head_offset_callback(const yzbot_msgs::[01;31m[KPscHeadOffset[m[K &msg)
[2.257s]       |                                                      [01;31m[K^~~~~~~~~~~~~[m[K
[2.257s] [01m[K/home/kgh/ws2/src/yzbot_stm32connect/src/psc.cpp:91:6:[m[K [01;31m[Kerror: [m[Kno declaration matches ‘[01m[Kvoid PSC::set_head_offset_callback(const int&)[m[K’
[2.257s]    91 | void [01;31m[KPSC[m[K::set_head_offset_callback(const yzbot_msgs::PscHeadOffset &msg)
[2.257s]       |      [01;31m[K^~~[m[K
[2.257s] In file included from [01m[K/home/kgh/ws2/src/yzbot_stm32connect/src/psc.cpp:1[m[K:
[2.257s] [01m[K/home/kgh/ws2/src/yzbot_stm32connect/include/psc.hpp:88:8:[m[K [01;36m[Knote: [m[Kcandidate is: ‘[01m[Kvoid PSC::set_head_offset_callback(const PscHeadOffset&)[m[K’
[2.257s]    88 |   void [01;36m[Kset_head_offset_callback[m[K(const yzbot_msgs::msg::PscHeadOffset &msg)
[2.257s]       |        [01;36m[K^~~~~~~~~~~~~~~~~~~~~~~~[m[K
[2.258s] [01m[K/home/kgh/ws2/src/yzbot_stm32connect/include/psc.hpp:60:7:[m[K [01;36m[Knote: [m[K‘[01m[Kclass PSC[m[K’ defined here
[2.258s]    60 | class [01;36m[KPSC[m[K : public rclcpp::Node
[2.258s]       |       [01;36m[K^~~[m[K
[2.386s] In file included from [01m[K/home/kgh/ws2/src/yzbot_stm32connect/include/stm32_connect.hpp:8[m[K,
[2.386s]                  from [01m[K/home/kgh/ws2/src/yzbot_stm32connect/src/stm32_connect.cpp:1[m[K:
[2.386s] [01m[K/home/kgh/ws2/src/yzbot_stm32connect/include/psc.hpp:88:74:[m[K [01;31m[Kerror: [m[Kexpected ‘[01m[K;[m[K’ at end of member declaration
[2.386s]    88 |   void set_head_offset_callback(const yzbot_msgs::msg::PscHeadOffset &msg[01;31m[K)[m[K
[2.386s]       |                                                                          [01;31m[K^[m[K
[2.386s]       |                                                                           [32m[K;[m[K
[3.017s] make[2]: *** [CMakeFiles/stm32_connect.dir/build.make:63：CMakeFiles/stm32_connect.dir/src/stm32_connect.cpp.o] 错误 1
[3.017s] make[2]: *** 正在等待未完成的任务....
[3.598s] make[2]: *** [CMakeFiles/stm32_connect.dir/build.make:115：CMakeFiles/stm32_connect.dir/src/psc.cpp.o] 错误 1
[3.598s] make[1]: *** [CMakeFiles/Makefile2:80：CMakeFiles/stm32_connect.dir/all] 错误 2
[3.598s] make: *** [Makefile:141：all] 错误 2
[3.600s] Invoked command in '/home/kgh/ws2/build/yzbot_stm32connect' returned '2': CMAKE_PREFIX_PATH=/home/kgh/ws2/install/yzbot_msgs:/home/kgh/ws2/install/yzbot_stm32connect:/home/kgh/ws2/install/yzbot_nav2:/home/kgh/ws2/install/yzbot_cartographer:/home/kgh/ws2/install/nav2_system_tests:/home/kgh/ws2/install/nav2_bringup:/home/kgh/ws2/install/navigation2:/home/kgh/ws2/install/smac_planner:/home/kgh/ws2/install/nav2_dwb_controller:/home/kgh/ws2/install/nav2_controller:/home/kgh/ws2/install/dwb_plugins:/home/kgh/ws2/install/dwb_critics:/home/kgh/ws2/install/dwb_core:/home/kgh/ws2/install/nav_2d_utils:/home/kgh/ws2/install/dwb_msgs:/home/kgh/ws2/install/nav_2d_msgs:/home/kgh/ws2/install/nav2_waypoint_follower:/home/kgh/ws2/install/nav2_regulated_pure_pursuit_controller:/home/kgh/ws2/install/nav2_recoveries:/home/kgh/ws2/install/nav2_planner:/home/kgh/ws2/install/nav2_navfn_planner:/home/kgh/ws2/install/nav2_core:/home/kgh/ws2/install/costmap_queue:/home/kgh/ws2/install/nav2_costmap_2d:/home/kgh/ws2/install/nav2_voxel_grid:/home/kgh/ws2/install/nav2_rviz_plugins:/home/kgh/ws2/install/nav2_map_server:/home/kgh/ws2/install/nav2_lifecycle_manager:/home/kgh/ws2/install/nav2_bt_navigator:/home/kgh/ws2/install/nav2_behavior_tree:/home/kgh/ws2/install/nav2_amcl:/home/kgh/ws2/install/nav2_util:/home/kgh/ws2/install/nav2_msgs:/home/kgh/ws2/install/nav2_common:/home/kgh/ws2/install/bluesea2:/home/kgh/ws2/install/yzbot_description:/home/kgh/ws2/install/yzbot_controller:/home/kgh/ws2/install/nav2_gazebo_spawner:/opt/ros/foxy /usr/bin/cmake --build /home/kgh/ws2/build/yzbot_stm32connect -- -j16 -l16
