[0.153s] Invoking command in '/home/kgh/ws2/build/smac_planner': CMAKE_PREFIX_PATH=/home/kgh/ws2/install/nav2_core:/home/kgh/ws2/install/nav2_costmap_2d:/home/kgh/ws2/install/nav2_util:/home/kgh/ws2/install/nav2_voxel_grid:/home/kgh/ws2/install/nav2_msgs:/home/kgh/ws2/install/nav2_common:/home/kgh/ws2/install/yzbot_nav2:/home/kgh/ws2/install/yzbot_navigation2:/home/kgh/ws2/install/yzbot_cartographer:/home/kgh/ws2/install/nav2_system_tests:/home/kgh/ws2/install/fishbot_navigation2:/home/kgh/ws2/install/nav2_bringup:/home/kgh/ws2/install/navigation2:/home/kgh/ws2/install/smac_planner:/home/kgh/ws2/install/nav2_dwb_controller:/home/kgh/ws2/install/nav2_controller:/home/kgh/ws2/install/dwb_plugins:/home/kgh/ws2/install/dwb_critics:/home/kgh/ws2/install/dwb_core:/home/kgh/ws2/install/nav_2d_utils:/home/kgh/ws2/install/dwb_msgs:/home/kgh/ws2/install/nav_2d_msgs:/home/kgh/ws2/install/nav2_waypoint_follower:/home/kgh/ws2/install/nav2_regulated_pure_pursuit_controller:/home/kgh/ws2/install/nav2_recoveries:/home/kgh/ws2/install/nav2_planner:/home/kgh/ws2/install/nav2_navfn_planner:/home/kgh/ws2/install/costmap_queue:/home/kgh/ws2/install/nav2_rviz_plugins:/home/kgh/ws2/install/nav2_map_server:/home/kgh/ws2/install/nav2_lifecycle_manager:/home/kgh/ws2/install/nav2_bt_navigator:/home/kgh/ws2/install/nav2_behavior_tree:/home/kgh/ws2/install/nav2_amcl:/home/kgh/ws2/install/fishbot_cartographer:/home/kgh/ws2/install/cartographer_ros:/home/kgh/ws2/install/cartographer_ros_msgs:/home/kgh/ws2/install/cartographer:/home/kgh/ws2/install/yzbot_description:/home/kgh/ws2/install/yzbot_controller:/home/kgh/ws2/install/fishbot_description:/home/kgh/ws2/install/nav2_gazebo_spawner:/home/kgh/ws2/install/fishbot_controller:/opt/ros/foxy LD_LIBRARY_PATH=/home/kgh/ws2/install/nav2_costmap_2d/lib:/home/kgh/ws2/install/nav2_util/lib:/home/kgh/ws2/install/nav2_voxel_grid/lib:/home/kgh/ws2/install/nav2_msgs/lib:/home/kgh/ws2/install/smac_planner/lib:/home/kgh/ws2/install/nav2_controller/lib:/home/kgh/ws2/install/dwb_plugins/lib:/home/kgh/ws2/install/dwb_critics/lib:/home/kgh/ws2/install/dwb_core/lib:/home/kgh/ws2/install/nav_2d_utils/lib:/home/kgh/ws2/install/dwb_msgs/lib:/home/kgh/ws2/install/nav_2d_msgs/lib:/home/kgh/ws2/install/nav2_waypoint_follower/lib:/home/kgh/ws2/install/nav2_regulated_pure_pursuit_controller/lib:/home/kgh/ws2/install/nav2_recoveries/lib:/home/kgh/ws2/install/nav2_planner/lib:/home/kgh/ws2/install/nav2_navfn_planner/lib:/home/kgh/ws2/install/costmap_queue/lib:/home/kgh/ws2/install/nav2_rviz_plugins/lib:/home/kgh/ws2/install/nav2_map_server/lib:/home/kgh/ws2/install/nav2_lifecycle_manager/lib:/home/kgh/ws2/install/nav2_bt_navigator/lib:/home/kgh/ws2/install/nav2_behavior_tree/lib:/home/kgh/ws2/install/nav2_amcl/lib:/home/kgh/ws2/install/cartographer_ros_msgs/lib:/usr/lib/x86_64-linux-gnu/gazebo-11/plugins:/opt/ros/foxy/opt/yaml_cpp_vendor/lib:/opt/ros/foxy/opt/rviz_ogre_vendor/lib:/opt/ros/foxy/lib/x86_64-linux-gnu:/opt/ros/foxy/lib PYTHONPATH=/home/kgh/ws2/install/nav2_msgs/lib/python3.8/site-packages:/home/kgh/ws2/install/nav2_common/lib/python3.8/site-packages:/home/kgh/ws2/install/yzbot_description/lib/python3.8/site-packages:/home/kgh/ws2/install/yzbot_controller/lib/python3.8/site-packages:/home/kgh/ws2/install/fishbot_description/lib/python3.8/site-packages:/home/kgh/ws2/install/dwb_msgs/lib/python3.8/site-packages:/home/kgh/ws2/install/nav_2d_msgs/lib/python3.8/site-packages:/home/kgh/ws2/install/nav2_gazebo_spawner/lib/python3.8/site-packages:/home/kgh/ws2/install/fishbot_controller/lib/python3.8/site-packages:/home/kgh/ws2/install/cartographer_ros_msgs/lib/python3.8/site-packages:/opt/ros/foxy/lib/python3.8/site-packages /usr/bin/cmake /home/kgh/ws2/src/navigation2/smac_planner -DCMAKE_INSTALL_PREFIX=/home/kgh/ws2/install/smac_planner
[0.221s] -- The C compiler identification is GNU 9.4.0
[0.292s] -- The CXX compiler identification is GNU 9.4.0
[0.302s] -- Check for working C compiler: /usr/bin/cc
[0.391s] -- Check for working C compiler: /usr/bin/cc -- works
[0.392s] -- Detecting C compiler ABI info
[0.478s] -- Detecting C compiler ABI info - done
[0.494s] -- Detecting C compile features
[0.494s] -- Detecting C compile features - done
[0.498s] -- Check for working CXX compiler: /usr/bin/c++
[0.614s] -- Check for working CXX compiler: /usr/bin/c++ -- works
[0.616s] -- Detecting CXX compiler ABI info
[0.728s] -- Detecting CXX compiler ABI info - done
[0.747s] -- Detecting CXX compile features
[0.748s] -- Detecting CXX compile features - done
[0.754s] -- Found ament_cmake: 0.9.12 (/opt/ros/foxy/share/ament_cmake/cmake)
[0.796s] -- Found PythonInterp: /usr/bin/python3 (found suitable version "3.8.10", minimum required is "3") 
[0.796s] -- Using PYTHON_EXECUTABLE: /usr/bin/python3
[1.100s] -- Found nav2_common: 0.4.7 (/home/kgh/ws2/install/nav2_common/share/nav2_common/cmake)
[1.104s] -- Found rclcpp: 2.4.3 (/opt/ros/foxy/share/rclcpp/cmake)
[1.175s] -- Using all available rosidl_typesupport_c: rosidl_typesupport_fastrtps_c;rosidl_typesupport_introspection_c
[1.185s] -- Found rosidl_adapter: 1.3.1 (/opt/ros/foxy/share/rosidl_adapter/cmake)
[1.289s] -- Found OpenSSL: /usr/lib/x86_64-linux-gnu/libcrypto.so (found version "1.1.1f")  
[1.330s] -- Found FastRTPS: /opt/ros/foxy/include  
[1.415s] -- Using all available rosidl_typesupport_cpp: rosidl_typesupport_fastrtps_cpp;rosidl_typesupport_introspection_cpp
[1.481s] -- Found rmw_implementation_cmake: 1.0.4 (/opt/ros/foxy/share/rmw_implementation_cmake/cmake)
[1.484s] -- Using RMW implementation 'rmw_fastrtps_cpp' as default
[1.484s] -- Looking for pthread.h
[1.555s] -- Looking for pthread.h - found
[1.555s] -- Performing Test CMAKE_HAVE_LIBC_PTHREAD
[1.633s] -- Performing Test CMAKE_HAVE_LIBC_PTHREAD - Failed
[1.633s] -- Looking for pthread_create in pthreads
[1.694s] -- Looking for pthread_create in pthreads - not found
[1.695s] -- Looking for pthread_create in pthread
[1.767s] -- Looking for pthread_create in pthread - found
[1.768s] -- Found Threads: TRUE  
[1.990s] -- Found rclcpp_action: 2.4.3 (/opt/ros/foxy/share/rclcpp_action/cmake)
[2.106s] -- Found rclcpp_lifecycle: 2.4.3 (/opt/ros/foxy/share/rclcpp_lifecycle/cmake)
[2.138s] -- Found visualization_msgs: 2.0.5 (/opt/ros/foxy/share/visualization_msgs/cmake)
[2.249s] -- Found nav2_util: 0.4.7 (/home/kgh/ws2/install/nav2_util/share/nav2_util/cmake)
[2.858s] -- Found eigen3_cmake_module: 0.1.1 (/opt/ros/foxy/share/eigen3_cmake_module/cmake)
[2.862s] -- Found Eigen3: TRUE (found version "3.3.7") 
[2.995s] -- Found nav2_core: 0.4.7 (/home/kgh/ws2/install/nav2_core/share/nav2_core/cmake)
[4.083s] -- Found installed version of Eigen: /usr/lib/cmake/eigen3
[4.084s] -- Found required Ceres dependency: Eigen version 3.3.7 in /usr/include/eigen3
[4.089s] -- Found required Ceres dependency: glog
[4.092s] -- Found installed version of gflags: /usr/lib/x86_64-linux-gnu/cmake/gflags
[4.092s] -- Detected gflags version: 2.2.2
[4.093s] -- Found required Ceres dependency: gflags
[4.093s] -- Found Ceres version: 1.14.0 installed in: /usr with components: [EigenSparse, SparseLinearAlgebraLibrary, LAPACK, SuiteSparse, CXSparse, SchurSpecializations, OpenMP, Multithreading]
[4.098s] -- Found ompl: /opt/ros/foxy/include/ompl-1.5;/usr/include/eigen3  
[4.350s] -- Found OpenMP_C: -fopenmp (found version "4.5") 
[4.431s] -- Found OpenMP_CXX: -fopenmp (found version "4.5") 
[4.431s] -- Found OpenMP: TRUE (found version "4.5")  
[8.899s] -- Found ament_lint_auto: 0.9.8 (/opt/ros/foxy/share/ament_lint_auto/cmake)
[9.004s] -- Found ament_cmake_gtest: 0.9.12 (/opt/ros/foxy/share/ament_cmake_gtest/cmake)
[9.010s] -- Found gtest sources under '/opt/ros/foxy/src/gtest_vendor': C++ tests using 'Google Test' will be built
[9.013s] -- Check if compiler accepts -pthread
[9.109s] -- Check if compiler accepts -pthread - yes
[32.086s] -- Added test 'copyright' to check source files copyright and LICENSE
[32.088s] -- Added test 'cppcheck' to perform static code analysis on C / C++ code
[32.089s] -- Configured cppcheck include dirs: /home/kgh/ws2/src/navigation2/smac_planner/include
[32.089s] -- Configured cppcheck exclude dirs and/or files: 
[32.091s] -- Added test 'cpplint' to check C / C++ code against the Google style
[32.091s] -- Configured cpplint exclude dirs and/or files: 
[32.092s] -- Added test 'lint_cmake' to check CMake code style
[32.094s] -- Added test 'uncrustify' to check C / C++ code style
[32.095s] -- Configured uncrustify additional arguments: 
[32.096s] -- Added test 'xmllint' to check XML markup files
[32.103s] -- Configuring done
[32.585s] -- Generating done
[32.587s] -- Build files have been written to: /home/kgh/ws2/build/smac_planner
[32.604s] Invoked command in '/home/kgh/ws2/build/smac_planner' returned '0': CMAKE_PREFIX_PATH=/home/kgh/ws2/install/nav2_core:/home/kgh/ws2/install/nav2_costmap_2d:/home/kgh/ws2/install/nav2_util:/home/kgh/ws2/install/nav2_voxel_grid:/home/kgh/ws2/install/nav2_msgs:/home/kgh/ws2/install/nav2_common:/home/kgh/ws2/install/yzbot_nav2:/home/kgh/ws2/install/yzbot_navigation2:/home/kgh/ws2/install/yzbot_cartographer:/home/kgh/ws2/install/nav2_system_tests:/home/kgh/ws2/install/fishbot_navigation2:/home/kgh/ws2/install/nav2_bringup:/home/kgh/ws2/install/navigation2:/home/kgh/ws2/install/smac_planner:/home/kgh/ws2/install/nav2_dwb_controller:/home/kgh/ws2/install/nav2_controller:/home/kgh/ws2/install/dwb_plugins:/home/kgh/ws2/install/dwb_critics:/home/kgh/ws2/install/dwb_core:/home/kgh/ws2/install/nav_2d_utils:/home/kgh/ws2/install/dwb_msgs:/home/kgh/ws2/install/nav_2d_msgs:/home/kgh/ws2/install/nav2_waypoint_follower:/home/kgh/ws2/install/nav2_regulated_pure_pursuit_controller:/home/kgh/ws2/install/nav2_recoveries:/home/kgh/ws2/install/nav2_planner:/home/kgh/ws2/install/nav2_navfn_planner:/home/kgh/ws2/install/costmap_queue:/home/kgh/ws2/install/nav2_rviz_plugins:/home/kgh/ws2/install/nav2_map_server:/home/kgh/ws2/install/nav2_lifecycle_manager:/home/kgh/ws2/install/nav2_bt_navigator:/home/kgh/ws2/install/nav2_behavior_tree:/home/kgh/ws2/install/nav2_amcl:/home/kgh/ws2/install/fishbot_cartographer:/home/kgh/ws2/install/cartographer_ros:/home/kgh/ws2/install/cartographer_ros_msgs:/home/kgh/ws2/install/cartographer:/home/kgh/ws2/install/yzbot_description:/home/kgh/ws2/install/yzbot_controller:/home/kgh/ws2/install/fishbot_description:/home/kgh/ws2/install/nav2_gazebo_spawner:/home/kgh/ws2/install/fishbot_controller:/opt/ros/foxy LD_LIBRARY_PATH=/home/kgh/ws2/install/nav2_costmap_2d/lib:/home/kgh/ws2/install/nav2_util/lib:/home/kgh/ws2/install/nav2_voxel_grid/lib:/home/kgh/ws2/install/nav2_msgs/lib:/home/kgh/ws2/install/smac_planner/lib:/home/kgh/ws2/install/nav2_controller/lib:/home/kgh/ws2/install/dwb_plugins/lib:/home/kgh/ws2/install/dwb_critics/lib:/home/kgh/ws2/install/dwb_core/lib:/home/kgh/ws2/install/nav_2d_utils/lib:/home/kgh/ws2/install/dwb_msgs/lib:/home/kgh/ws2/install/nav_2d_msgs/lib:/home/kgh/ws2/install/nav2_waypoint_follower/lib:/home/kgh/ws2/install/nav2_regulated_pure_pursuit_controller/lib:/home/kgh/ws2/install/nav2_recoveries/lib:/home/kgh/ws2/install/nav2_planner/lib:/home/kgh/ws2/install/nav2_navfn_planner/lib:/home/kgh/ws2/install/costmap_queue/lib:/home/kgh/ws2/install/nav2_rviz_plugins/lib:/home/kgh/ws2/install/nav2_map_server/lib:/home/kgh/ws2/install/nav2_lifecycle_manager/lib:/home/kgh/ws2/install/nav2_bt_navigator/lib:/home/kgh/ws2/install/nav2_behavior_tree/lib:/home/kgh/ws2/install/nav2_amcl/lib:/home/kgh/ws2/install/cartographer_ros_msgs/lib:/usr/lib/x86_64-linux-gnu/gazebo-11/plugins:/opt/ros/foxy/opt/yaml_cpp_vendor/lib:/opt/ros/foxy/opt/rviz_ogre_vendor/lib:/opt/ros/foxy/lib/x86_64-linux-gnu:/opt/ros/foxy/lib PYTHONPATH=/home/kgh/ws2/install/nav2_msgs/lib/python3.8/site-packages:/home/kgh/ws2/install/nav2_common/lib/python3.8/site-packages:/home/kgh/ws2/install/yzbot_description/lib/python3.8/site-packages:/home/kgh/ws2/install/yzbot_controller/lib/python3.8/site-packages:/home/kgh/ws2/install/fishbot_description/lib/python3.8/site-packages:/home/kgh/ws2/install/dwb_msgs/lib/python3.8/site-packages:/home/kgh/ws2/install/nav_2d_msgs/lib/python3.8/site-packages:/home/kgh/ws2/install/nav2_gazebo_spawner/lib/python3.8/site-packages:/home/kgh/ws2/install/fishbot_controller/lib/python3.8/site-packages:/home/kgh/ws2/install/cartographer_ros_msgs/lib/python3.8/site-packages:/opt/ros/foxy/lib/python3.8/site-packages /usr/bin/cmake /home/kgh/ws2/src/navigation2/smac_planner -DCMAKE_INSTALL_PREFIX=/home/kgh/ws2/install/smac_planner
[32.608s] Invoking command in '/home/kgh/ws2/build/smac_planner': CMAKE_PREFIX_PATH=/home/kgh/ws2/install/nav2_core:/home/kgh/ws2/install/nav2_costmap_2d:/home/kgh/ws2/install/nav2_util:/home/kgh/ws2/install/nav2_voxel_grid:/home/kgh/ws2/install/nav2_msgs:/home/kgh/ws2/install/nav2_common:/home/kgh/ws2/install/yzbot_nav2:/home/kgh/ws2/install/yzbot_navigation2:/home/kgh/ws2/install/yzbot_cartographer:/home/kgh/ws2/install/nav2_system_tests:/home/kgh/ws2/install/fishbot_navigation2:/home/kgh/ws2/install/nav2_bringup:/home/kgh/ws2/install/navigation2:/home/kgh/ws2/install/smac_planner:/home/kgh/ws2/install/nav2_dwb_controller:/home/kgh/ws2/install/nav2_controller:/home/kgh/ws2/install/dwb_plugins:/home/kgh/ws2/install/dwb_critics:/home/kgh/ws2/install/dwb_core:/home/kgh/ws2/install/nav_2d_utils:/home/kgh/ws2/install/dwb_msgs:/home/kgh/ws2/install/nav_2d_msgs:/home/kgh/ws2/install/nav2_waypoint_follower:/home/kgh/ws2/install/nav2_regulated_pure_pursuit_controller:/home/kgh/ws2/install/nav2_recoveries:/home/kgh/ws2/install/nav2_planner:/home/kgh/ws2/install/nav2_navfn_planner:/home/kgh/ws2/install/costmap_queue:/home/kgh/ws2/install/nav2_rviz_plugins:/home/kgh/ws2/install/nav2_map_server:/home/kgh/ws2/install/nav2_lifecycle_manager:/home/kgh/ws2/install/nav2_bt_navigator:/home/kgh/ws2/install/nav2_behavior_tree:/home/kgh/ws2/install/nav2_amcl:/home/kgh/ws2/install/fishbot_cartographer:/home/kgh/ws2/install/cartographer_ros:/home/kgh/ws2/install/cartographer_ros_msgs:/home/kgh/ws2/install/cartographer:/home/kgh/ws2/install/yzbot_description:/home/kgh/ws2/install/yzbot_controller:/home/kgh/ws2/install/fishbot_description:/home/kgh/ws2/install/nav2_gazebo_spawner:/home/kgh/ws2/install/fishbot_controller:/opt/ros/foxy LD_LIBRARY_PATH=/home/kgh/ws2/install/nav2_costmap_2d/lib:/home/kgh/ws2/install/nav2_util/lib:/home/kgh/ws2/install/nav2_voxel_grid/lib:/home/kgh/ws2/install/nav2_msgs/lib:/home/kgh/ws2/install/smac_planner/lib:/home/kgh/ws2/install/nav2_controller/lib:/home/kgh/ws2/install/dwb_plugins/lib:/home/kgh/ws2/install/dwb_critics/lib:/home/kgh/ws2/install/dwb_core/lib:/home/kgh/ws2/install/nav_2d_utils/lib:/home/kgh/ws2/install/dwb_msgs/lib:/home/kgh/ws2/install/nav_2d_msgs/lib:/home/kgh/ws2/install/nav2_waypoint_follower/lib:/home/kgh/ws2/install/nav2_regulated_pure_pursuit_controller/lib:/home/kgh/ws2/install/nav2_recoveries/lib:/home/kgh/ws2/install/nav2_planner/lib:/home/kgh/ws2/install/nav2_navfn_planner/lib:/home/kgh/ws2/install/costmap_queue/lib:/home/kgh/ws2/install/nav2_rviz_plugins/lib:/home/kgh/ws2/install/nav2_map_server/lib:/home/kgh/ws2/install/nav2_lifecycle_manager/lib:/home/kgh/ws2/install/nav2_bt_navigator/lib:/home/kgh/ws2/install/nav2_behavior_tree/lib:/home/kgh/ws2/install/nav2_amcl/lib:/home/kgh/ws2/install/cartographer_ros_msgs/lib:/usr/lib/x86_64-linux-gnu/gazebo-11/plugins:/opt/ros/foxy/opt/yaml_cpp_vendor/lib:/opt/ros/foxy/opt/rviz_ogre_vendor/lib:/opt/ros/foxy/lib/x86_64-linux-gnu:/opt/ros/foxy/lib PYTHONPATH=/home/kgh/ws2/install/nav2_msgs/lib/python3.8/site-packages:/home/kgh/ws2/install/nav2_common/lib/python3.8/site-packages:/home/kgh/ws2/install/yzbot_description/lib/python3.8/site-packages:/home/kgh/ws2/install/yzbot_controller/lib/python3.8/site-packages:/home/kgh/ws2/install/fishbot_description/lib/python3.8/site-packages:/home/kgh/ws2/install/dwb_msgs/lib/python3.8/site-packages:/home/kgh/ws2/install/nav_2d_msgs/lib/python3.8/site-packages:/home/kgh/ws2/install/nav2_gazebo_spawner/lib/python3.8/site-packages:/home/kgh/ws2/install/fishbot_controller/lib/python3.8/site-packages:/home/kgh/ws2/install/cartographer_ros_msgs/lib/python3.8/site-packages:/opt/ros/foxy/lib/python3.8/site-packages /usr/bin/cmake --build /home/kgh/ws2/build/smac_planner -- -j16 -l16
[32.658s] [35m[1mScanning dependencies of target smac_planner_2d[0m
[32.663s] [35m[1mScanning dependencies of target gtest_main[0m
[32.663s] [35m[1mScanning dependencies of target gtest[0m
[32.663s] [35m[1mScanning dependencies of target smac_planner[0m
[32.689s] [  2%] [32mBuilding CXX object gtest/CMakeFiles/gtest_main.dir/src/gtest_main.cc.o[0m
[32.693s] [  5%] [32mBuilding CXX object gtest/CMakeFiles/gtest.dir/src/gtest-all.cc.o[0m
[32.781s] [ 11%] [32mBuilding CXX object CMakeFiles/smac_planner_2d.dir/src/a_star.cpp.o[0m
[32.781s] [ 11%] [32mBuilding CXX object CMakeFiles/smac_planner_2d.dir/src/smac_planner_2d.cpp.o[0m
[32.783s] [ 14%] [32mBuilding CXX object CMakeFiles/smac_planner_2d.dir/src/costmap_downsampler.cpp.o[0m
[32.793s] [ 17%] [32mBuilding CXX object CMakeFiles/smac_planner_2d.dir/src/node_2d.cpp.o[0m
[32.800s] [ 20%] [32mBuilding CXX object CMakeFiles/smac_planner_2d.dir/src/node_se2.cpp.o[0m
[32.860s] [ 23%] [32mBuilding CXX object CMakeFiles/smac_planner.dir/src/smac_planner.cpp.o[0m
[32.898s] [ 26%] [32mBuilding CXX object CMakeFiles/smac_planner.dir/src/a_star.cpp.o[0m
[32.917s] [ 29%] [32mBuilding CXX object CMakeFiles/smac_planner.dir/src/node_se2.cpp.o[0m
[32.949s] [ 32%] [32mBuilding CXX object CMakeFiles/smac_planner.dir/src/costmap_downsampler.cpp.o[0m
[32.977s] [ 35%] [32mBuilding CXX object CMakeFiles/smac_planner.dir/src/node_2d.cpp.o[0m
[34.318s] [ 38%] [32m[1mLinking CXX static library libgtest_main.a[0m
[34.551s] [ 38%] Built target gtest_main
[48.040s] [ 41%] [32m[1mLinking CXX shared library libsmac_planner_2d.so[0m
[48.394s] [ 44%] [32m[1mLinking CXX static library libgtest.a[0m
[48.641s] [ 44%] Built target gtest
[49.380s] [ 44%] Built target smac_planner_2d
[49.397s] [ 47%] [32m[1mLinking CXX shared library libsmac_planner.so[0m
[49.445s] [35m[1mScanning dependencies of target test_smac_2d[0m
[49.445s] [35m[1mScanning dependencies of target test_smoother[0m
[49.663s] [ 50%] [32mBuilding CXX object test/CMakeFiles/test_smoother.dir/test_smoother.cpp.o[0m
[49.684s] [ 52%] [32mBuilding CXX object test/CMakeFiles/test_smac_2d.dir/test_smac_2d.cpp.o[0m
[50.494s] [ 52%] Built target smac_planner
[50.513s] [35m[1mScanning dependencies of target test_a_star[0m
[50.513s] [35m[1mScanning dependencies of target test_costmap_downsampler[0m
[50.518s] [35m[1mScanning dependencies of target test_nodebasic[0m
[50.525s] [35m[1mScanning dependencies of target test_collision_checker[0m
[50.536s] [35m[1mScanning dependencies of target test_node2d[0m
[50.544s] [35m[1mScanning dependencies of target test_nodese2[0m
[50.556s] [35m[1mScanning dependencies of target test_smac_se2[0m
[50.634s] [ 55%] [32mBuilding CXX object test/CMakeFiles/test_costmap_downsampler.dir/test_costmap_downsampler.cpp.o[0m
[50.653s] [ 58%] [32mBuilding CXX object test/CMakeFiles/test_a_star.dir/test_a_star.cpp.o[0m
[50.673s] [ 61%] [32mBuilding CXX object test/CMakeFiles/test_collision_checker.dir/test_collision_checker.cpp.o[0m
[50.674s] [ 64%] [32mBuilding CXX object test/CMakeFiles/test_node2d.dir/test_node2d.cpp.o[0m
[50.687s] [ 67%] [32mBuilding CXX object test/CMakeFiles/test_nodebasic.dir/test_nodebasic.cpp.o[0m
[50.725s] [ 70%] [32mBuilding CXX object test/CMakeFiles/test_nodese2.dir/test_nodese2.cpp.o[0m
[50.757s] [ 73%] [32mBuilding CXX object test/CMakeFiles/test_smac_se2.dir/test_smac_se2.cpp.o[0m
[55.338s] [ 76%] [32m[1mLinking CXX executable test_collision_checker[0m
[55.794s] [ 76%] Built target test_collision_checker
[55.959s] [ 79%] [32m[1mLinking CXX executable test_nodebasic[0m
[56.309s] [ 82%] [32m[1mLinking CXX executable test_node2d[0m
[56.356s] [ 82%] Built target test_nodebasic
[56.480s] [ 85%] [32m[1mLinking CXX executable test_a_star[0m
[56.732s] [ 85%] Built target test_node2d
[56.891s] [ 85%] Built target test_a_star
[56.920s] [ 88%] [32m[1mLinking CXX executable test_costmap_downsampler[0m
[57.253s] [ 91%] [32m[1mLinking CXX executable test_nodese2[0m
[57.320s] [ 91%] Built target test_costmap_downsampler
[57.636s] [ 91%] Built target test_nodese2
[58.194s] [ 94%] [32m[1mLinking CXX executable test_smoother[0m
[58.422s] [ 97%] [32m[1mLinking CXX executable test_smac_2d[0m
[58.594s] [ 97%] Built target test_smoother
[58.776s] [ 97%] Built target test_smac_2d
[58.877s] [100%] [32m[1mLinking CXX executable test_smac_se2[0m
[59.222s] [100%] Built target test_smac_se2
[59.235s] Invoked command in '/home/kgh/ws2/build/smac_planner' returned '0': CMAKE_PREFIX_PATH=/home/kgh/ws2/install/nav2_core:/home/kgh/ws2/install/nav2_costmap_2d:/home/kgh/ws2/install/nav2_util:/home/kgh/ws2/install/nav2_voxel_grid:/home/kgh/ws2/install/nav2_msgs:/home/kgh/ws2/install/nav2_common:/home/kgh/ws2/install/yzbot_nav2:/home/kgh/ws2/install/yzbot_navigation2:/home/kgh/ws2/install/yzbot_cartographer:/home/kgh/ws2/install/nav2_system_tests:/home/kgh/ws2/install/fishbot_navigation2:/home/kgh/ws2/install/nav2_bringup:/home/kgh/ws2/install/navigation2:/home/kgh/ws2/install/smac_planner:/home/kgh/ws2/install/nav2_dwb_controller:/home/kgh/ws2/install/nav2_controller:/home/kgh/ws2/install/dwb_plugins:/home/kgh/ws2/install/dwb_critics:/home/kgh/ws2/install/dwb_core:/home/kgh/ws2/install/nav_2d_utils:/home/kgh/ws2/install/dwb_msgs:/home/kgh/ws2/install/nav_2d_msgs:/home/kgh/ws2/install/nav2_waypoint_follower:/home/kgh/ws2/install/nav2_regulated_pure_pursuit_controller:/home/kgh/ws2/install/nav2_recoveries:/home/kgh/ws2/install/nav2_planner:/home/kgh/ws2/install/nav2_navfn_planner:/home/kgh/ws2/install/costmap_queue:/home/kgh/ws2/install/nav2_rviz_plugins:/home/kgh/ws2/install/nav2_map_server:/home/kgh/ws2/install/nav2_lifecycle_manager:/home/kgh/ws2/install/nav2_bt_navigator:/home/kgh/ws2/install/nav2_behavior_tree:/home/kgh/ws2/install/nav2_amcl:/home/kgh/ws2/install/fishbot_cartographer:/home/kgh/ws2/install/cartographer_ros:/home/kgh/ws2/install/cartographer_ros_msgs:/home/kgh/ws2/install/cartographer:/home/kgh/ws2/install/yzbot_description:/home/kgh/ws2/install/yzbot_controller:/home/kgh/ws2/install/fishbot_description:/home/kgh/ws2/install/nav2_gazebo_spawner:/home/kgh/ws2/install/fishbot_controller:/opt/ros/foxy LD_LIBRARY_PATH=/home/kgh/ws2/install/nav2_costmap_2d/lib:/home/kgh/ws2/install/nav2_util/lib:/home/kgh/ws2/install/nav2_voxel_grid/lib:/home/kgh/ws2/install/nav2_msgs/lib:/home/kgh/ws2/install/smac_planner/lib:/home/kgh/ws2/install/nav2_controller/lib:/home/kgh/ws2/install/dwb_plugins/lib:/home/kgh/ws2/install/dwb_critics/lib:/home/kgh/ws2/install/dwb_core/lib:/home/kgh/ws2/install/nav_2d_utils/lib:/home/kgh/ws2/install/dwb_msgs/lib:/home/kgh/ws2/install/nav_2d_msgs/lib:/home/kgh/ws2/install/nav2_waypoint_follower/lib:/home/kgh/ws2/install/nav2_regulated_pure_pursuit_controller/lib:/home/kgh/ws2/install/nav2_recoveries/lib:/home/kgh/ws2/install/nav2_planner/lib:/home/kgh/ws2/install/nav2_navfn_planner/lib:/home/kgh/ws2/install/costmap_queue/lib:/home/kgh/ws2/install/nav2_rviz_plugins/lib:/home/kgh/ws2/install/nav2_map_server/lib:/home/kgh/ws2/install/nav2_lifecycle_manager/lib:/home/kgh/ws2/install/nav2_bt_navigator/lib:/home/kgh/ws2/install/nav2_behavior_tree/lib:/home/kgh/ws2/install/nav2_amcl/lib:/home/kgh/ws2/install/cartographer_ros_msgs/lib:/usr/lib/x86_64-linux-gnu/gazebo-11/plugins:/opt/ros/foxy/opt/yaml_cpp_vendor/lib:/opt/ros/foxy/opt/rviz_ogre_vendor/lib:/opt/ros/foxy/lib/x86_64-linux-gnu:/opt/ros/foxy/lib PYTHONPATH=/home/kgh/ws2/install/nav2_msgs/lib/python3.8/site-packages:/home/kgh/ws2/install/nav2_common/lib/python3.8/site-packages:/home/kgh/ws2/install/yzbot_description/lib/python3.8/site-packages:/home/kgh/ws2/install/yzbot_controller/lib/python3.8/site-packages:/home/kgh/ws2/install/fishbot_description/lib/python3.8/site-packages:/home/kgh/ws2/install/dwb_msgs/lib/python3.8/site-packages:/home/kgh/ws2/install/nav_2d_msgs/lib/python3.8/site-packages:/home/kgh/ws2/install/nav2_gazebo_spawner/lib/python3.8/site-packages:/home/kgh/ws2/install/fishbot_controller/lib/python3.8/site-packages:/home/kgh/ws2/install/cartographer_ros_msgs/lib/python3.8/site-packages:/opt/ros/foxy/lib/python3.8/site-packages /usr/bin/cmake --build /home/kgh/ws2/build/smac_planner -- -j16 -l16
[59.284s] Invoking command in '/home/kgh/ws2/build/smac_planner': CMAKE_PREFIX_PATH=/home/kgh/ws2/install/nav2_core:/home/kgh/ws2/install/nav2_costmap_2d:/home/kgh/ws2/install/nav2_util:/home/kgh/ws2/install/nav2_voxel_grid:/home/kgh/ws2/install/nav2_msgs:/home/kgh/ws2/install/nav2_common:/home/kgh/ws2/install/yzbot_nav2:/home/kgh/ws2/install/yzbot_navigation2:/home/kgh/ws2/install/yzbot_cartographer:/home/kgh/ws2/install/nav2_system_tests:/home/kgh/ws2/install/fishbot_navigation2:/home/kgh/ws2/install/nav2_bringup:/home/kgh/ws2/install/navigation2:/home/kgh/ws2/install/smac_planner:/home/kgh/ws2/install/nav2_dwb_controller:/home/kgh/ws2/install/nav2_controller:/home/kgh/ws2/install/dwb_plugins:/home/kgh/ws2/install/dwb_critics:/home/kgh/ws2/install/dwb_core:/home/kgh/ws2/install/nav_2d_utils:/home/kgh/ws2/install/dwb_msgs:/home/kgh/ws2/install/nav_2d_msgs:/home/kgh/ws2/install/nav2_waypoint_follower:/home/kgh/ws2/install/nav2_regulated_pure_pursuit_controller:/home/kgh/ws2/install/nav2_recoveries:/home/kgh/ws2/install/nav2_planner:/home/kgh/ws2/install/nav2_navfn_planner:/home/kgh/ws2/install/costmap_queue:/home/kgh/ws2/install/nav2_rviz_plugins:/home/kgh/ws2/install/nav2_map_server:/home/kgh/ws2/install/nav2_lifecycle_manager:/home/kgh/ws2/install/nav2_bt_navigator:/home/kgh/ws2/install/nav2_behavior_tree:/home/kgh/ws2/install/nav2_amcl:/home/kgh/ws2/install/fishbot_cartographer:/home/kgh/ws2/install/cartographer_ros:/home/kgh/ws2/install/cartographer_ros_msgs:/home/kgh/ws2/install/cartographer:/home/kgh/ws2/install/yzbot_description:/home/kgh/ws2/install/yzbot_controller:/home/kgh/ws2/install/fishbot_description:/home/kgh/ws2/install/nav2_gazebo_spawner:/home/kgh/ws2/install/fishbot_controller:/opt/ros/foxy LD_LIBRARY_PATH=/home/kgh/ws2/install/nav2_costmap_2d/lib:/home/kgh/ws2/install/nav2_util/lib:/home/kgh/ws2/install/nav2_voxel_grid/lib:/home/kgh/ws2/install/nav2_msgs/lib:/home/kgh/ws2/install/smac_planner/lib:/home/kgh/ws2/install/nav2_controller/lib:/home/kgh/ws2/install/dwb_plugins/lib:/home/kgh/ws2/install/dwb_critics/lib:/home/kgh/ws2/install/dwb_core/lib:/home/kgh/ws2/install/nav_2d_utils/lib:/home/kgh/ws2/install/dwb_msgs/lib:/home/kgh/ws2/install/nav_2d_msgs/lib:/home/kgh/ws2/install/nav2_waypoint_follower/lib:/home/kgh/ws2/install/nav2_regulated_pure_pursuit_controller/lib:/home/kgh/ws2/install/nav2_recoveries/lib:/home/kgh/ws2/install/nav2_planner/lib:/home/kgh/ws2/install/nav2_navfn_planner/lib:/home/kgh/ws2/install/costmap_queue/lib:/home/kgh/ws2/install/nav2_rviz_plugins/lib:/home/kgh/ws2/install/nav2_map_server/lib:/home/kgh/ws2/install/nav2_lifecycle_manager/lib:/home/kgh/ws2/install/nav2_bt_navigator/lib:/home/kgh/ws2/install/nav2_behavior_tree/lib:/home/kgh/ws2/install/nav2_amcl/lib:/home/kgh/ws2/install/cartographer_ros_msgs/lib:/usr/lib/x86_64-linux-gnu/gazebo-11/plugins:/opt/ros/foxy/opt/yaml_cpp_vendor/lib:/opt/ros/foxy/opt/rviz_ogre_vendor/lib:/opt/ros/foxy/lib/x86_64-linux-gnu:/opt/ros/foxy/lib PYTHONPATH=/home/kgh/ws2/install/nav2_msgs/lib/python3.8/site-packages:/home/kgh/ws2/install/nav2_common/lib/python3.8/site-packages:/home/kgh/ws2/install/yzbot_description/lib/python3.8/site-packages:/home/kgh/ws2/install/yzbot_controller/lib/python3.8/site-packages:/home/kgh/ws2/install/fishbot_description/lib/python3.8/site-packages:/home/kgh/ws2/install/dwb_msgs/lib/python3.8/site-packages:/home/kgh/ws2/install/nav_2d_msgs/lib/python3.8/site-packages:/home/kgh/ws2/install/nav2_gazebo_spawner/lib/python3.8/site-packages:/home/kgh/ws2/install/fishbot_controller/lib/python3.8/site-packages:/home/kgh/ws2/install/cartographer_ros_msgs/lib/python3.8/site-packages:/opt/ros/foxy/lib/python3.8/site-packages /usr/bin/cmake --install /home/kgh/ws2/build/smac_planner
[59.294s] -- Install configuration: "Release"
[59.295s] -- Installing: /home/kgh/ws2/install/smac_planner/share/smac_planner/smac_plugin.xml
[59.295s] -- Installing: /home/kgh/ws2/install/smac_planner/share/smac_planner/smac_plugin_2d.xml
[59.295s] -- Installing: /home/kgh/ws2/install/smac_planner/lib/libsmac_planner.so
[59.296s] -- Set runtime path of "/home/kgh/ws2/install/smac_planner/lib/libsmac_planner.so" to ""
[59.296s] -- Installing: /home/kgh/ws2/install/smac_planner/lib/libsmac_planner_2d.so
[59.296s] -- Set runtime path of "/home/kgh/ws2/install/smac_planner/lib/libsmac_planner_2d.so" to ""
[59.297s] -- Installing: /home/kgh/ws2/install/smac_planner/include/
[59.297s] -- Installing: /home/kgh/ws2/install/smac_planner/include//smac_planner
[59.297s] -- Installing: /home/kgh/ws2/install/smac_planner/include//smac_planner/constants.hpp
[59.297s] -- Installing: /home/kgh/ws2/install/smac_planner/include//smac_planner/a_star.hpp
[59.297s] -- Installing: /home/kgh/ws2/install/smac_planner/include//smac_planner/collision_checker.hpp
[59.297s] -- Installing: /home/kgh/ws2/install/smac_planner/include//smac_planner/options.hpp
[59.297s] -- Installing: /home/kgh/ws2/install/smac_planner/include//smac_planner/node_2d.hpp
[59.297s] -- Installing: /home/kgh/ws2/install/smac_planner/include//smac_planner/costmap_downsampler.hpp
[59.297s] -- Installing: /home/kgh/ws2/install/smac_planner/include//smac_planner/types.hpp
[59.297s] -- Installing: /home/kgh/ws2/install/smac_planner/include//smac_planner/smac_planner.hpp
[59.298s] -- Installing: /home/kgh/ws2/install/smac_planner/include//smac_planner/smoother.hpp
[59.298s] -- Installing: /home/kgh/ws2/install/smac_planner/include//smac_planner/smoother_cost_function.hpp
[59.298s] -- Installing: /home/kgh/ws2/install/smac_planner/include//smac_planner/smac_planner_2d.hpp
[59.298s] -- Installing: /home/kgh/ws2/install/smac_planner/include//smac_planner/node_se2.hpp
[59.298s] -- Installing: /home/kgh/ws2/install/smac_planner/include//smac_planner/node_basic.hpp
[59.298s] -- Installing: /home/kgh/ws2/install/smac_planner/share/smac_planner/environment/library_path.sh
[59.298s] -- Installing: /home/kgh/ws2/install/smac_planner/share/smac_planner/environment/library_path.dsv
[59.298s] -- Installing: /home/kgh/ws2/install/smac_planner/share/ament_index/resource_index/package_run_dependencies/smac_planner
[59.298s] -- Installing: /home/kgh/ws2/install/smac_planner/share/ament_index/resource_index/parent_prefix_path/smac_planner
[59.298s] -- Installing: /home/kgh/ws2/install/smac_planner/share/smac_planner/environment/ament_prefix_path.sh
[59.299s] -- Installing: /home/kgh/ws2/install/smac_planner/share/smac_planner/environment/ament_prefix_path.dsv
[59.299s] -- Installing: /home/kgh/ws2/install/smac_planner/share/smac_planner/environment/path.sh
[59.299s] -- Installing: /home/kgh/ws2/install/smac_planner/share/smac_planner/environment/path.dsv
[59.299s] -- Installing: /home/kgh/ws2/install/smac_planner/share/smac_planner/local_setup.bash
[59.299s] -- Installing: /home/kgh/ws2/install/smac_planner/share/smac_planner/local_setup.sh
[59.299s] -- Installing: /home/kgh/ws2/install/smac_planner/share/smac_planner/local_setup.zsh
[59.299s] -- Installing: /home/kgh/ws2/install/smac_planner/share/smac_planner/local_setup.dsv
[59.299s] -- Installing: /home/kgh/ws2/install/smac_planner/share/smac_planner/package.dsv
[59.300s] -- Installing: /home/kgh/ws2/install/smac_planner/share/ament_index/resource_index/packages/smac_planner
[59.300s] -- Installing: /home/kgh/ws2/install/smac_planner/share/ament_index/resource_index/nav2_core__pluginlib__plugin/smac_planner
[59.300s] -- Installing: /home/kgh/ws2/install/smac_planner/share/smac_planner/cmake/ament_cmake_export_include_directories-extras.cmake
[59.300s] -- Installing: /home/kgh/ws2/install/smac_planner/share/smac_planner/cmake/ament_cmake_export_libraries-extras.cmake
[59.300s] -- Installing: /home/kgh/ws2/install/smac_planner/share/smac_planner/cmake/ament_cmake_export_dependencies-extras.cmake
[59.300s] -- Installing: /home/kgh/ws2/install/smac_planner/share/smac_planner/cmake/ament_cmake_export_definitions-extras.cmake
[59.300s] -- Installing: /home/kgh/ws2/install/smac_planner/share/smac_planner/cmake/smac_plannerConfig.cmake
[59.300s] -- Installing: /home/kgh/ws2/install/smac_planner/share/smac_planner/cmake/smac_plannerConfig-version.cmake
[59.301s] -- Installing: /home/kgh/ws2/install/smac_planner/share/smac_planner/package.xml
[59.303s] Invoked command in '/home/kgh/ws2/build/smac_planner' returned '0': CMAKE_PREFIX_PATH=/home/kgh/ws2/install/nav2_core:/home/kgh/ws2/install/nav2_costmap_2d:/home/kgh/ws2/install/nav2_util:/home/kgh/ws2/install/nav2_voxel_grid:/home/kgh/ws2/install/nav2_msgs:/home/kgh/ws2/install/nav2_common:/home/kgh/ws2/install/yzbot_nav2:/home/kgh/ws2/install/yzbot_navigation2:/home/kgh/ws2/install/yzbot_cartographer:/home/kgh/ws2/install/nav2_system_tests:/home/kgh/ws2/install/fishbot_navigation2:/home/kgh/ws2/install/nav2_bringup:/home/kgh/ws2/install/navigation2:/home/kgh/ws2/install/smac_planner:/home/kgh/ws2/install/nav2_dwb_controller:/home/kgh/ws2/install/nav2_controller:/home/kgh/ws2/install/dwb_plugins:/home/kgh/ws2/install/dwb_critics:/home/kgh/ws2/install/dwb_core:/home/kgh/ws2/install/nav_2d_utils:/home/kgh/ws2/install/dwb_msgs:/home/kgh/ws2/install/nav_2d_msgs:/home/kgh/ws2/install/nav2_waypoint_follower:/home/kgh/ws2/install/nav2_regulated_pure_pursuit_controller:/home/kgh/ws2/install/nav2_recoveries:/home/kgh/ws2/install/nav2_planner:/home/kgh/ws2/install/nav2_navfn_planner:/home/kgh/ws2/install/costmap_queue:/home/kgh/ws2/install/nav2_rviz_plugins:/home/kgh/ws2/install/nav2_map_server:/home/kgh/ws2/install/nav2_lifecycle_manager:/home/kgh/ws2/install/nav2_bt_navigator:/home/kgh/ws2/install/nav2_behavior_tree:/home/kgh/ws2/install/nav2_amcl:/home/kgh/ws2/install/fishbot_cartographer:/home/kgh/ws2/install/cartographer_ros:/home/kgh/ws2/install/cartographer_ros_msgs:/home/kgh/ws2/install/cartographer:/home/kgh/ws2/install/yzbot_description:/home/kgh/ws2/install/yzbot_controller:/home/kgh/ws2/install/fishbot_description:/home/kgh/ws2/install/nav2_gazebo_spawner:/home/kgh/ws2/install/fishbot_controller:/opt/ros/foxy LD_LIBRARY_PATH=/home/kgh/ws2/install/nav2_costmap_2d/lib:/home/kgh/ws2/install/nav2_util/lib:/home/kgh/ws2/install/nav2_voxel_grid/lib:/home/kgh/ws2/install/nav2_msgs/lib:/home/kgh/ws2/install/smac_planner/lib:/home/kgh/ws2/install/nav2_controller/lib:/home/kgh/ws2/install/dwb_plugins/lib:/home/kgh/ws2/install/dwb_critics/lib:/home/kgh/ws2/install/dwb_core/lib:/home/kgh/ws2/install/nav_2d_utils/lib:/home/kgh/ws2/install/dwb_msgs/lib:/home/kgh/ws2/install/nav_2d_msgs/lib:/home/kgh/ws2/install/nav2_waypoint_follower/lib:/home/kgh/ws2/install/nav2_regulated_pure_pursuit_controller/lib:/home/kgh/ws2/install/nav2_recoveries/lib:/home/kgh/ws2/install/nav2_planner/lib:/home/kgh/ws2/install/nav2_navfn_planner/lib:/home/kgh/ws2/install/costmap_queue/lib:/home/kgh/ws2/install/nav2_rviz_plugins/lib:/home/kgh/ws2/install/nav2_map_server/lib:/home/kgh/ws2/install/nav2_lifecycle_manager/lib:/home/kgh/ws2/install/nav2_bt_navigator/lib:/home/kgh/ws2/install/nav2_behavior_tree/lib:/home/kgh/ws2/install/nav2_amcl/lib:/home/kgh/ws2/install/cartographer_ros_msgs/lib:/usr/lib/x86_64-linux-gnu/gazebo-11/plugins:/opt/ros/foxy/opt/yaml_cpp_vendor/lib:/opt/ros/foxy/opt/rviz_ogre_vendor/lib:/opt/ros/foxy/lib/x86_64-linux-gnu:/opt/ros/foxy/lib PYTHONPATH=/home/kgh/ws2/install/nav2_msgs/lib/python3.8/site-packages:/home/kgh/ws2/install/nav2_common/lib/python3.8/site-packages:/home/kgh/ws2/install/yzbot_description/lib/python3.8/site-packages:/home/kgh/ws2/install/yzbot_controller/lib/python3.8/site-packages:/home/kgh/ws2/install/fishbot_description/lib/python3.8/site-packages:/home/kgh/ws2/install/dwb_msgs/lib/python3.8/site-packages:/home/kgh/ws2/install/nav_2d_msgs/lib/python3.8/site-packages:/home/kgh/ws2/install/nav2_gazebo_spawner/lib/python3.8/site-packages:/home/kgh/ws2/install/fishbot_controller/lib/python3.8/site-packages:/home/kgh/ws2/install/cartographer_ros_msgs/lib/python3.8/site-packages:/opt/ros/foxy/lib/python3.8/site-packages /usr/bin/cmake --install /home/kgh/ws2/build/smac_planner
