running egg_info
writing ../../build/yzbot_description/yzbot_description.egg-info/PKG-INFO
writing dependency_links to ../../build/yzbot_description/yzbot_description.egg-info/dependency_links.txt
writing entry points to ../../build/yzbot_description/yzbot_description.egg-info/entry_points.txt
writing requirements to ../../build/yzbot_description/yzbot_description.egg-info/requires.txt
writing top-level names to ../../build/yzbot_description/yzbot_description.egg-info/top_level.txt
reading manifest file '../../build/yzbot_description/yzbot_description.egg-info/SOURCES.txt'
writing manifest file '../../build/yzbot_description/yzbot_description.egg-info/SOURCES.txt'
running build
running build_py
running install
running install_lib
running install_data
copying urdf/xju_model.urdf -> /home/kgh/ws2/install/yzbot_description/share/yzbot_description/urdf
running install_egg_info
removing '/home/kgh/ws2/install/yzbot_description/lib/python3.8/site-packages/yzbot_description-0.0.0-py3.8.egg-info' (and everything under it)
Copying ../../build/yzbot_description/yzbot_description.egg-info to /home/kgh/ws2/install/yzbot_description/lib/python3.8/site-packages/yzbot_description-0.0.0-py3.8.egg-info
running install_scripts
Installing rotate_wheel script to /home/kgh/ws2/install/yzbot_description/lib/yzbot_description
writing list of installed files to '/home/kgh/ws2/build/yzbot_description/install.log'
