[0.533s] Invoking command in '/home/kgh/ws2/build/nav2_behavior_tree': CMAKE_PREFIX_PATH=/home/kgh/ws2/install/nav2_util:/home/kgh/ws2/install/nav2_msgs:/home/kgh/ws2/install/nav2_common:/home/kgh/ws2/install/yzbot_nav2:/home/kgh/ws2/install/yzbot_cartographer:/home/kgh/ws2/install/nav2_system_tests:/home/kgh/ws2/install/nav2_bringup:/home/kgh/ws2/install/navigation2:/home/kgh/ws2/install/smac_planner:/home/kgh/ws2/install/nav2_dwb_controller:/home/kgh/ws2/install/nav2_controller:/home/kgh/ws2/install/dwb_plugins:/home/kgh/ws2/install/dwb_critics:/home/kgh/ws2/install/dwb_core:/home/kgh/ws2/install/nav_2d_utils:/home/kgh/ws2/install/dwb_msgs:/home/kgh/ws2/install/nav_2d_msgs:/home/kgh/ws2/install/nav2_waypoint_follower:/home/kgh/ws2/install/nav2_regulated_pure_pursuit_controller:/home/kgh/ws2/install/nav2_recoveries:/home/kgh/ws2/install/nav2_planner:/home/kgh/ws2/install/nav2_navfn_planner:/home/kgh/ws2/install/nav2_core:/home/kgh/ws2/install/costmap_queue:/home/kgh/ws2/install/nav2_costmap_2d:/home/kgh/ws2/install/nav2_voxel_grid:/home/kgh/ws2/install/nav2_rviz_plugins:/home/kgh/ws2/install/nav2_map_server:/home/kgh/ws2/install/nav2_lifecycle_manager:/home/kgh/ws2/install/nav2_bt_navigator:/home/kgh/ws2/install/nav2_behavior_tree:/home/kgh/ws2/install/nav2_amcl:/home/kgh/ws2/install/bluesea2:/home/kgh/ws2/install/yzbot_description:/home/kgh/ws2/install/yzbot_controller:/home/kgh/ws2/install/nav2_gazebo_spawner:/opt/ros/foxy LD_LIBRARY_PATH=/home/kgh/ws2/install/nav2_util/lib:/home/kgh/ws2/install/nav2_msgs/lib:/home/kgh/ws2/install/smac_planner/lib:/home/kgh/ws2/install/nav2_controller/lib:/home/kgh/ws2/install/dwb_plugins/lib:/home/kgh/ws2/install/dwb_critics/lib:/home/kgh/ws2/install/dwb_core/lib:/home/kgh/ws2/install/nav_2d_utils/lib:/home/kgh/ws2/install/dwb_msgs/lib:/home/kgh/ws2/install/nav_2d_msgs/lib:/home/kgh/ws2/install/nav2_waypoint_follower/lib:/home/kgh/ws2/install/nav2_regulated_pure_pursuit_controller/lib:/home/kgh/ws2/install/nav2_recoveries/lib:/home/kgh/ws2/install/nav2_planner/lib:/home/kgh/ws2/install/nav2_navfn_planner/lib:/home/kgh/ws2/install/costmap_queue/lib:/home/kgh/ws2/install/nav2_costmap_2d/lib:/home/kgh/ws2/install/nav2_voxel_grid/lib:/home/kgh/ws2/install/nav2_rviz_plugins/lib:/home/kgh/ws2/install/nav2_map_server/lib:/home/kgh/ws2/install/nav2_lifecycle_manager/lib:/home/kgh/ws2/install/nav2_bt_navigator/lib:/home/kgh/ws2/install/nav2_behavior_tree/lib:/home/kgh/ws2/install/nav2_amcl/lib:/usr/lib/x86_64-linux-gnu/gazebo-11/plugins:/opt/ros/foxy/opt/yaml_cpp_vendor/lib:/opt/ros/foxy/opt/rviz_ogre_vendor/lib:/opt/ros/foxy/lib/x86_64-linux-gnu:/opt/ros/foxy/lib PYTHONPATH=/home/kgh/ws2/install/nav2_msgs/lib/python3.8/site-packages:/home/kgh/ws2/install/nav2_common/lib/python3.8/site-packages:/home/kgh/ws2/install/yzbot_description/lib/python3.8/site-packages:/home/kgh/ws2/install/yzbot_controller/lib/python3.8/site-packages:/home/kgh/ws2/install/dwb_msgs/lib/python3.8/site-packages:/home/kgh/ws2/install/nav_2d_msgs/lib/python3.8/site-packages:/home/kgh/ws2/install/nav2_gazebo_spawner/lib/python3.8/site-packages:/opt/ros/foxy/lib/python3.8/site-packages /usr/bin/cmake /home/kgh/ws2/src/navigation2/nav2_behavior_tree -DCMAKE_INSTALL_PREFIX=/home/kgh/ws2/install/nav2_behavior_tree
[0.588s] -- The CXX compiler identification is GNU 9.4.0
[0.599s] -- Check for working CXX compiler: /usr/bin/c++
[0.669s] -- Check for working CXX compiler: /usr/bin/c++ -- works
[0.670s] -- Detecting CXX compiler ABI info
[0.739s] -- Detecting CXX compiler ABI info - done
[0.749s] -- Detecting CXX compile features
[0.749s] -- Detecting CXX compile features - done
[0.752s] -- Found ament_cmake: 0.9.12 (/opt/ros/foxy/share/ament_cmake/cmake)
[0.775s] -- Found PythonInterp: /usr/bin/python3 (found suitable version "3.8.10", minimum required is "3") 
[0.775s] -- Using PYTHON_EXECUTABLE: /usr/bin/python3
[0.951s] -- Found nav2_common: 0.4.7 (/home/kgh/ws2/install/nav2_common/share/nav2_common/cmake)
[0.952s] -- Found rclcpp: 2.4.3 (/opt/ros/foxy/share/rclcpp/cmake)
[0.998s] -- Using all available rosidl_typesupport_c: rosidl_typesupport_fastrtps_c;rosidl_typesupport_introspection_c
[1.005s] -- Found rosidl_adapter: 1.3.1 (/opt/ros/foxy/share/rosidl_adapter/cmake)
[1.106s] -- Found OpenSSL: /usr/lib/x86_64-linux-gnu/libcrypto.so (found version "1.1.1f")  
[1.134s] -- Found FastRTPS: /opt/ros/foxy/include  
[1.213s] -- Using all available rosidl_typesupport_cpp: rosidl_typesupport_fastrtps_cpp;rosidl_typesupport_introspection_cpp
[1.263s] -- Found rmw_implementation_cmake: 1.0.4 (/opt/ros/foxy/share/rmw_implementation_cmake/cmake)
[1.266s] -- Using RMW implementation 'rmw_fastrtps_cpp' as default
[1.266s] -- Looking for C++ include pthread.h
[1.345s] -- Looking for C++ include pthread.h - found
[1.346s] -- Performing Test CMAKE_HAVE_LIBC_PTHREAD
[1.425s] -- Performing Test CMAKE_HAVE_LIBC_PTHREAD - Failed
[1.425s] -- Looking for pthread_create in pthreads
[1.488s] -- Looking for pthread_create in pthreads - not found
[1.488s] -- Looking for pthread_create in pthread
[1.564s] -- Looking for pthread_create in pthread - found
[1.565s] -- Found Threads: TRUE  
[1.700s] -- Found rclcpp_action: 2.4.3 (/opt/ros/foxy/share/rclcpp_action/cmake)
[1.768s] -- Found rclcpp_lifecycle: 2.4.3 (/opt/ros/foxy/share/rclcpp_lifecycle/cmake)
[1.796s] -- Found geometry_msgs: 2.0.5 (/opt/ros/foxy/share/geometry_msgs/cmake)
[1.836s] -- Found sensor_msgs: 2.0.5 (/opt/ros/foxy/share/sensor_msgs/cmake)
[1.899s] -- Found nav2_msgs: 0.4.7 (/home/kgh/ws2/install/nav2_msgs/share/nav2_msgs/cmake)
[2.166s] -- Found tf2_ros: 0.13.14 (/opt/ros/foxy/share/tf2_ros/cmake)
[2.415s] -- Found tf2_geometry_msgs: 0.13.14 (/opt/ros/foxy/share/tf2_geometry_msgs/cmake)
[2.423s] -- Found eigen3_cmake_module: 0.1.1 (/opt/ros/foxy/share/eigen3_cmake_module/cmake)
[2.426s] -- Found Eigen3: TRUE (found version "3.3.7") 
[2.448s] -- Found std_srvs: 2.0.5 (/opt/ros/foxy/share/std_srvs/cmake)
[2.456s] -- Found nav2_util: 0.4.7 (/home/kgh/ws2/install/nav2_util/share/nav2_util/cmake)
[2.590s] -- Setting build type to Release as none was specified.
[7.359s] -- Found ament_lint_auto: 0.9.8 (/opt/ros/foxy/share/ament_lint_auto/cmake)
[7.454s] -- Found ament_cmake_gtest: 0.9.12 (/opt/ros/foxy/share/ament_cmake_gtest/cmake)
[7.459s] -- Found gtest sources under '/opt/ros/foxy/src/gtest_vendor': C++ tests using 'Google Test' will be built
[7.500s] -- The C compiler identification is GNU 9.4.0
[7.505s] -- Check for working C compiler: /usr/bin/cc
[7.575s] -- Check for working C compiler: /usr/bin/cc -- works
[7.576s] -- Detecting C compiler ABI info
[7.649s] -- Detecting C compiler ABI info - done
[7.670s] -- Detecting C compile features
[7.670s] -- Detecting C compile features - done
[7.673s] -- Check if compiler accepts -pthread
[7.767s] -- Check if compiler accepts -pthread - yes
[11.672s] -- Added test 'copyright' to check source files copyright and LICENSE
[11.676s] -- Added test 'cppcheck' to perform static code analysis on C / C++ code
[11.679s] -- Configured cppcheck include dirs: /home/kgh/ws2/src/navigation2/nav2_behavior_tree/include
[11.679s] -- Configured cppcheck exclude dirs and/or files: 
[11.683s] -- Added test 'cpplint' to check C / C++ code against the Google style
[11.684s] -- Configured cpplint exclude dirs and/or files: 
[11.686s] -- Added test 'lint_cmake' to check CMake code style
[11.691s] -- Added test 'uncrustify' to check C / C++ code style
[11.691s] -- Configured uncrustify additional arguments: 
[11.692s] -- Added test 'xmllint' to check XML markup files
[11.700s] -- Configuring done
[12.875s] -- Generating done
[12.881s] -- Build files have been written to: /home/kgh/ws2/build/nav2_behavior_tree
[12.913s] Invoked command in '/home/kgh/ws2/build/nav2_behavior_tree' returned '0': CMAKE_PREFIX_PATH=/home/kgh/ws2/install/nav2_util:/home/kgh/ws2/install/nav2_msgs:/home/kgh/ws2/install/nav2_common:/home/kgh/ws2/install/yzbot_nav2:/home/kgh/ws2/install/yzbot_cartographer:/home/kgh/ws2/install/nav2_system_tests:/home/kgh/ws2/install/nav2_bringup:/home/kgh/ws2/install/navigation2:/home/kgh/ws2/install/smac_planner:/home/kgh/ws2/install/nav2_dwb_controller:/home/kgh/ws2/install/nav2_controller:/home/kgh/ws2/install/dwb_plugins:/home/kgh/ws2/install/dwb_critics:/home/kgh/ws2/install/dwb_core:/home/kgh/ws2/install/nav_2d_utils:/home/kgh/ws2/install/dwb_msgs:/home/kgh/ws2/install/nav_2d_msgs:/home/kgh/ws2/install/nav2_waypoint_follower:/home/kgh/ws2/install/nav2_regulated_pure_pursuit_controller:/home/kgh/ws2/install/nav2_recoveries:/home/kgh/ws2/install/nav2_planner:/home/kgh/ws2/install/nav2_navfn_planner:/home/kgh/ws2/install/nav2_core:/home/kgh/ws2/install/costmap_queue:/home/kgh/ws2/install/nav2_costmap_2d:/home/kgh/ws2/install/nav2_voxel_grid:/home/kgh/ws2/install/nav2_rviz_plugins:/home/kgh/ws2/install/nav2_map_server:/home/kgh/ws2/install/nav2_lifecycle_manager:/home/kgh/ws2/install/nav2_bt_navigator:/home/kgh/ws2/install/nav2_behavior_tree:/home/kgh/ws2/install/nav2_amcl:/home/kgh/ws2/install/bluesea2:/home/kgh/ws2/install/yzbot_description:/home/kgh/ws2/install/yzbot_controller:/home/kgh/ws2/install/nav2_gazebo_spawner:/opt/ros/foxy LD_LIBRARY_PATH=/home/kgh/ws2/install/nav2_util/lib:/home/kgh/ws2/install/nav2_msgs/lib:/home/kgh/ws2/install/smac_planner/lib:/home/kgh/ws2/install/nav2_controller/lib:/home/kgh/ws2/install/dwb_plugins/lib:/home/kgh/ws2/install/dwb_critics/lib:/home/kgh/ws2/install/dwb_core/lib:/home/kgh/ws2/install/nav_2d_utils/lib:/home/kgh/ws2/install/dwb_msgs/lib:/home/kgh/ws2/install/nav_2d_msgs/lib:/home/kgh/ws2/install/nav2_waypoint_follower/lib:/home/kgh/ws2/install/nav2_regulated_pure_pursuit_controller/lib:/home/kgh/ws2/install/nav2_recoveries/lib:/home/kgh/ws2/install/nav2_planner/lib:/home/kgh/ws2/install/nav2_navfn_planner/lib:/home/kgh/ws2/install/costmap_queue/lib:/home/kgh/ws2/install/nav2_costmap_2d/lib:/home/kgh/ws2/install/nav2_voxel_grid/lib:/home/kgh/ws2/install/nav2_rviz_plugins/lib:/home/kgh/ws2/install/nav2_map_server/lib:/home/kgh/ws2/install/nav2_lifecycle_manager/lib:/home/kgh/ws2/install/nav2_bt_navigator/lib:/home/kgh/ws2/install/nav2_behavior_tree/lib:/home/kgh/ws2/install/nav2_amcl/lib:/usr/lib/x86_64-linux-gnu/gazebo-11/plugins:/opt/ros/foxy/opt/yaml_cpp_vendor/lib:/opt/ros/foxy/opt/rviz_ogre_vendor/lib:/opt/ros/foxy/lib/x86_64-linux-gnu:/opt/ros/foxy/lib PYTHONPATH=/home/kgh/ws2/install/nav2_msgs/lib/python3.8/site-packages:/home/kgh/ws2/install/nav2_common/lib/python3.8/site-packages:/home/kgh/ws2/install/yzbot_description/lib/python3.8/site-packages:/home/kgh/ws2/install/yzbot_controller/lib/python3.8/site-packages:/home/kgh/ws2/install/dwb_msgs/lib/python3.8/site-packages:/home/kgh/ws2/install/nav_2d_msgs/lib/python3.8/site-packages:/home/kgh/ws2/install/nav2_gazebo_spawner/lib/python3.8/site-packages:/opt/ros/foxy/lib/python3.8/site-packages /usr/bin/cmake /home/kgh/ws2/src/navigation2/nav2_behavior_tree -DCMAKE_INSTALL_PREFIX=/home/kgh/ws2/install/nav2_behavior_tree
[12.919s] Invoking command in '/home/kgh/ws2/build/nav2_behavior_tree': CMAKE_PREFIX_PATH=/home/kgh/ws2/install/nav2_util:/home/kgh/ws2/install/nav2_msgs:/home/kgh/ws2/install/nav2_common:/home/kgh/ws2/install/yzbot_nav2:/home/kgh/ws2/install/yzbot_cartographer:/home/kgh/ws2/install/nav2_system_tests:/home/kgh/ws2/install/nav2_bringup:/home/kgh/ws2/install/navigation2:/home/kgh/ws2/install/smac_planner:/home/kgh/ws2/install/nav2_dwb_controller:/home/kgh/ws2/install/nav2_controller:/home/kgh/ws2/install/dwb_plugins:/home/kgh/ws2/install/dwb_critics:/home/kgh/ws2/install/dwb_core:/home/kgh/ws2/install/nav_2d_utils:/home/kgh/ws2/install/dwb_msgs:/home/kgh/ws2/install/nav_2d_msgs:/home/kgh/ws2/install/nav2_waypoint_follower:/home/kgh/ws2/install/nav2_regulated_pure_pursuit_controller:/home/kgh/ws2/install/nav2_recoveries:/home/kgh/ws2/install/nav2_planner:/home/kgh/ws2/install/nav2_navfn_planner:/home/kgh/ws2/install/nav2_core:/home/kgh/ws2/install/costmap_queue:/home/kgh/ws2/install/nav2_costmap_2d:/home/kgh/ws2/install/nav2_voxel_grid:/home/kgh/ws2/install/nav2_rviz_plugins:/home/kgh/ws2/install/nav2_map_server:/home/kgh/ws2/install/nav2_lifecycle_manager:/home/kgh/ws2/install/nav2_bt_navigator:/home/kgh/ws2/install/nav2_behavior_tree:/home/kgh/ws2/install/nav2_amcl:/home/kgh/ws2/install/bluesea2:/home/kgh/ws2/install/yzbot_description:/home/kgh/ws2/install/yzbot_controller:/home/kgh/ws2/install/nav2_gazebo_spawner:/opt/ros/foxy LD_LIBRARY_PATH=/home/kgh/ws2/install/nav2_util/lib:/home/kgh/ws2/install/nav2_msgs/lib:/home/kgh/ws2/install/smac_planner/lib:/home/kgh/ws2/install/nav2_controller/lib:/home/kgh/ws2/install/dwb_plugins/lib:/home/kgh/ws2/install/dwb_critics/lib:/home/kgh/ws2/install/dwb_core/lib:/home/kgh/ws2/install/nav_2d_utils/lib:/home/kgh/ws2/install/dwb_msgs/lib:/home/kgh/ws2/install/nav_2d_msgs/lib:/home/kgh/ws2/install/nav2_waypoint_follower/lib:/home/kgh/ws2/install/nav2_regulated_pure_pursuit_controller/lib:/home/kgh/ws2/install/nav2_recoveries/lib:/home/kgh/ws2/install/nav2_planner/lib:/home/kgh/ws2/install/nav2_navfn_planner/lib:/home/kgh/ws2/install/costmap_queue/lib:/home/kgh/ws2/install/nav2_costmap_2d/lib:/home/kgh/ws2/install/nav2_voxel_grid/lib:/home/kgh/ws2/install/nav2_rviz_plugins/lib:/home/kgh/ws2/install/nav2_map_server/lib:/home/kgh/ws2/install/nav2_lifecycle_manager/lib:/home/kgh/ws2/install/nav2_bt_navigator/lib:/home/kgh/ws2/install/nav2_behavior_tree/lib:/home/kgh/ws2/install/nav2_amcl/lib:/usr/lib/x86_64-linux-gnu/gazebo-11/plugins:/opt/ros/foxy/opt/yaml_cpp_vendor/lib:/opt/ros/foxy/opt/rviz_ogre_vendor/lib:/opt/ros/foxy/lib/x86_64-linux-gnu:/opt/ros/foxy/lib PYTHONPATH=/home/kgh/ws2/install/nav2_msgs/lib/python3.8/site-packages:/home/kgh/ws2/install/nav2_common/lib/python3.8/site-packages:/home/kgh/ws2/install/yzbot_description/lib/python3.8/site-packages:/home/kgh/ws2/install/yzbot_controller/lib/python3.8/site-packages:/home/kgh/ws2/install/dwb_msgs/lib/python3.8/site-packages:/home/kgh/ws2/install/nav_2d_msgs/lib/python3.8/site-packages:/home/kgh/ws2/install/nav2_gazebo_spawner/lib/python3.8/site-packages:/opt/ros/foxy/lib/python3.8/site-packages /usr/bin/cmake --build /home/kgh/ws2/build/nav2_behavior_tree -- -j16 -l16
[12.974s] [35m[1mScanning dependencies of target nav2_wait_action_bt_node[0m
[12.975s] [35m[1mScanning dependencies of target nav2_pipeline_sequence_bt_node[0m
[12.975s] [35m[1mScanning dependencies of target nav2_transform_available_condition_bt_node[0m
[12.975s] [35m[1mScanning dependencies of target nav2_spin_action_bt_node[0m
[12.975s] [35m[1mScanning dependencies of target nav2_goal_updated_condition_bt_node[0m
[12.976s] [35m[1mScanning dependencies of target nav2_compute_path_to_pose_action_bt_node[0m
[12.979s] [35m[1mScanning dependencies of target nav2_is_stuck_condition_bt_node[0m
[12.979s] [35m[1mScanning dependencies of target nav2_goal_reached_condition_bt_node[0m
[12.981s] [35m[1mScanning dependencies of target nav2_initial_pose_received_condition_bt_node[0m
[12.998s] [35m[1mScanning dependencies of target nav2_goal_updater_node_bt_node[0m
[13.001s] [35m[1mScanning dependencies of target nav2_behavior_tree[0m
[13.007s] [35m[1mScanning dependencies of target nav2_time_expired_condition_bt_node[0m
[13.012s] [35m[1mScanning dependencies of target nav2_distance_traveled_condition_bt_node[0m
[13.014s] [35m[1mScanning dependencies of target nav2_follow_path_action_bt_node[0m
[13.048s] [  1%] [32mBuilding CXX object CMakeFiles/nav2_pipeline_sequence_bt_node.dir/plugins/control/pipeline_sequence.cpp.o[0m
[13.050s] [  2%] [32mBuilding CXX object CMakeFiles/nav2_initial_pose_received_condition_bt_node.dir/plugins/condition/initial_pose_received_condition.cpp.o[0m
[13.065s] [  3%] [32mBuilding CXX object CMakeFiles/nav2_goal_updated_condition_bt_node.dir/plugins/condition/goal_updated_condition.cpp.o[0m
[13.084s] [35m[1mScanning dependencies of target nav2_is_battery_low_condition_bt_node[0m
[13.112s] [  4%] [32mBuilding CXX object CMakeFiles/nav2_is_stuck_condition_bt_node.dir/plugins/condition/is_stuck_condition.cpp.o[0m
[13.117s] [  5%] [32mBuilding CXX object CMakeFiles/nav2_transform_available_condition_bt_node.dir/plugins/condition/transform_available_condition.cpp.o[0m
[13.142s] [  6%] [32mBuilding CXX object CMakeFiles/nav2_behavior_tree.dir/src/behavior_tree_engine.cpp.o[0m
[13.157s] [  7%] [32mBuilding CXX object CMakeFiles/nav2_spin_action_bt_node.dir/plugins/action/spin_action.cpp.o[0m
[13.161s] [  8%] [32mBuilding CXX object CMakeFiles/nav2_wait_action_bt_node.dir/plugins/action/wait_action.cpp.o[0m
[13.162s] [  9%] [32mBuilding CXX object CMakeFiles/nav2_compute_path_to_pose_action_bt_node.dir/plugins/action/compute_path_to_pose_action.cpp.o[0m
[13.193s] [35m[1mScanning dependencies of target nav2_reinitialize_global_localization_service_bt_node[0m
[13.202s] [ 10%] [32mBuilding CXX object CMakeFiles/nav2_time_expired_condition_bt_node.dir/plugins/condition/time_expired_condition.cpp.o[0m
[13.202s] [ 11%] [32mBuilding CXX object CMakeFiles/nav2_follow_path_action_bt_node.dir/plugins/action/follow_path_action.cpp.o[0m
[13.204s] [ 12%] [32mBuilding CXX object CMakeFiles/nav2_goal_updater_node_bt_node.dir/plugins/decorator/goal_updater_node.cpp.o[0m
[13.206s] [ 13%] [32mBuilding CXX object CMakeFiles/nav2_goal_reached_condition_bt_node.dir/plugins/condition/goal_reached_condition.cpp.o[0m
[13.227s] [ 14%] [32mBuilding CXX object CMakeFiles/nav2_distance_traveled_condition_bt_node.dir/plugins/condition/distance_traveled_condition.cpp.o[0m
[13.248s] [ 15%] [32mBuilding CXX object CMakeFiles/nav2_is_battery_low_condition_bt_node.dir/plugins/condition/is_battery_low_condition.cpp.o[0m
[13.344s] [ 16%] [32mBuilding CXX object CMakeFiles/nav2_reinitialize_global_localization_service_bt_node.dir/plugins/action/reinitialize_global_localization_service.cpp.o[0m
[17.077s] [ 17%] [32m[1mLinking CXX shared library libnav2_initial_pose_received_condition_bt_node.so[0m
[17.510s] [ 17%] Built target nav2_initial_pose_received_condition_bt_node
[17.588s] [35m[1mScanning dependencies of target nav2_rate_controller_bt_node[0m
[17.705s] [ 18%] [32mBuilding CXX object CMakeFiles/nav2_rate_controller_bt_node.dir/plugins/decorator/rate_controller.cpp.o[0m
[17.770s] [ 19%] [32m[1mLinking CXX shared library libnav2_pipeline_sequence_bt_node.so[0m
[18.174s] [ 19%] Built target nav2_pipeline_sequence_bt_node
[18.245s] [35m[1mScanning dependencies of target nav2_distance_controller_bt_node[0m
[18.490s] [ 20%] [32mBuilding CXX object CMakeFiles/nav2_distance_controller_bt_node.dir/plugins/decorator/distance_controller.cpp.o[0m
[18.856s] [ 21%] [32m[1mLinking CXX shared library libnav2_goal_updated_condition_bt_node.so[0m
[19.248s] [ 21%] Built target nav2_goal_updated_condition_bt_node
[19.339s] [35m[1mScanning dependencies of target nav2_round_robin_node_bt_node[0m
[19.489s] [ 22%] [32mBuilding CXX object CMakeFiles/nav2_round_robin_node_bt_node.dir/plugins/control/round_robin_node.cpp.o[0m
[21.374s] [ 23%] [32m[1mLinking CXX shared library libnav2_behavior_tree.so[0m
[21.970s] [ 23%] Built target nav2_behavior_tree
[22.050s] [35m[1mScanning dependencies of target nav2_clear_costmap_service_bt_node[0m
[22.320s] [ 24%] [32mBuilding CXX object CMakeFiles/nav2_clear_costmap_service_bt_node.dir/plugins/action/clear_costmap_service.cpp.o[0m
[23.445s] [ 25%] [32m[1mLinking CXX shared library libnav2_transform_available_condition_bt_node.so[0m
[23.488s] [ 26%] [32m[1mLinking CXX shared library libnav2_round_robin_node_bt_node.so[0m
[23.507s] [ 27%] [32m[1mLinking CXX shared library libnav2_rate_controller_bt_node.so[0m
[23.910s] [ 27%] Built target nav2_round_robin_node_bt_node
[23.981s] [35m[1mScanning dependencies of target nav2_speed_controller_bt_node[0m
[24.010s] [ 27%] Built target nav2_rate_controller_bt_node
[24.035s] [ 27%] Built target nav2_transform_available_condition_bt_node
[24.073s] [35m[1mScanning dependencies of target nav2_truncate_path_action_bt_node[0m
[24.139s] [35m[1mScanning dependencies of target nav2_navigate_to_pose_action_bt_node[0m
[24.159s] [ 28%] [32m[1mLinking CXX shared library libnav2_time_expired_condition_bt_node.so[0m
[24.185s] [ 29%] [32mBuilding CXX object CMakeFiles/nav2_speed_controller_bt_node.dir/plugins/decorator/speed_controller.cpp.o[0m
[24.283s] [ 30%] [32mBuilding CXX object CMakeFiles/nav2_truncate_path_action_bt_node.dir/plugins/action/truncate_path_action.cpp.o[0m
[24.375s] [ 31%] [32mBuilding CXX object CMakeFiles/nav2_navigate_to_pose_action_bt_node.dir/plugins/action/navigate_to_pose_action.cpp.o[0m
[24.381s] [ 32%] [32m[1mLinking CXX shared library libnav2_distance_traveled_condition_bt_node.so[0m
[24.633s] [ 32%] Built target nav2_time_expired_condition_bt_node
[24.686s] [35m[1mScanning dependencies of target nav2_back_up_action_bt_node[0m
[24.916s] [ 33%] [32mBuilding CXX object CMakeFiles/nav2_back_up_action_bt_node.dir/plugins/action/back_up_action.cpp.o[0m
[25.122s] [ 34%] [32m[1mLinking CXX shared library libnav2_reinitialize_global_localization_service_bt_node.so[0m
[25.150s] [ 34%] Built target nav2_distance_traveled_condition_bt_node
[25.271s] [35m[1mScanning dependencies of target nav2_recovery_node_bt_node[0m
[25.354s] [ 35%] [32mBuilding CXX object CMakeFiles/nav2_recovery_node_bt_node.dir/plugins/control/recovery_node.cpp.o[0m
[25.745s] [ 35%] Built target nav2_reinitialize_global_localization_service_bt_node
[25.828s] [35m[1mScanning dependencies of target gtest[0m
[25.914s] [ 36%] [32mBuilding CXX object gtest/CMakeFiles/gtest.dir/src/gtest-all.cc.o[0m
[28.661s] [ 37%] [32m[1mLinking CXX shared library libnav2_goal_reached_condition_bt_node.so[0m
[29.147s] [ 38%] [32m[1mLinking CXX shared library libnav2_compute_path_to_pose_action_bt_node.so[0m
[29.179s] [ 38%] Built target nav2_goal_reached_condition_bt_node
[29.257s] [35m[1mScanning dependencies of target gtest_main[0m
[29.353s] [ 39%] [32mBuilding CXX object gtest/CMakeFiles/gtest_main.dir/src/gtest_main.cc.o[0m
[29.757s] [ 40%] [32m[1mLinking CXX shared library libnav2_spin_action_bt_node.so[0m
[29.822s] [ 40%] Built target nav2_compute_path_to_pose_action_bt_node
[30.149s] [ 41%] [32m[1mLinking CXX shared library libnav2_follow_path_action_bt_node.so[0m
[30.335s] [ 42%] [32m[1mLinking CXX shared library libnav2_wait_action_bt_node.so[0m
[30.530s] [ 42%] Built target nav2_spin_action_bt_node
[30.836s] [ 42%] Built target nav2_wait_action_bt_node
[30.987s] [ 42%] Built target nav2_follow_path_action_bt_node
[31.005s] [ 43%] [32m[1mLinking CXX shared library libnav2_distance_controller_bt_node.so[0m
[31.032s] [ 44%] [32m[1mLinking CXX static library libgtest_main.a[0m
[31.208s] [ 44%] Built target gtest_main
[31.413s] [ 44%] Built target nav2_distance_controller_bt_node
[31.834s] [ 45%] [32m[1mLinking CXX shared library libnav2_recovery_node_bt_node.so[0m
[32.135s] [ 45%] Built target nav2_recovery_node_bt_node
[33.748s] [ 46%] [32m[1mLinking CXX shared library libnav2_is_stuck_condition_bt_node.so[0m
[34.093s] [ 46%] Built target nav2_is_stuck_condition_bt_node
[34.124s] [ 47%] [32m[1mLinking CXX shared library libnav2_clear_costmap_service_bt_node.so[0m
[34.239s] [ 48%] [32m[1mLinking CXX shared library libnav2_is_battery_low_condition_bt_node.so[0m
[34.442s] [ 48%] Built target nav2_clear_costmap_service_bt_node
[34.567s] [ 48%] Built target nav2_is_battery_low_condition_bt_node
[34.696s] [ 50%] [32m[1mLinking CXX shared library libnav2_goal_updater_node_bt_node.so[0m
[34.905s] [ 50%] Built target nav2_goal_updater_node_bt_node
[35.106s] [ 51%] [32m[1mLinking CXX shared library libnav2_speed_controller_bt_node.so[0m
[35.320s] [ 51%] Built target nav2_speed_controller_bt_node
[35.519s] [ 52%] [32m[1mLinking CXX shared library libnav2_truncate_path_action_bt_node.so[0m
[35.695s] [ 52%] Built target nav2_truncate_path_action_bt_node
[36.349s] [ 53%] [32m[1mLinking CXX shared library libnav2_back_up_action_bt_node.so[0m
[36.551s] [ 53%] Built target nav2_back_up_action_bt_node
[36.648s] [ 54%] [32m[1mLinking CXX shared library libnav2_navigate_to_pose_action_bt_node.so[0m
[36.813s] [ 54%] Built target nav2_navigate_to_pose_action_bt_node
[38.357s] [ 55%] [32m[1mLinking CXX static library libgtest.a[0m
[38.404s] [ 55%] Built target gtest
[38.422s] [35m[1mScanning dependencies of target test_condition_time_expired[0m
[38.422s] [35m[1mScanning dependencies of target test_bt_conversions[0m
[38.423s] [35m[1mScanning dependencies of target test_condition_initial_pose_received[0m
[38.426s] [35m[1mScanning dependencies of target test_condition_goal_updated[0m
[38.431s] [35m[1mScanning dependencies of target test_condition_goal_reached[0m
[38.431s] [35m[1mScanning dependencies of target test_condition_is_stuck[0m
[38.435s] [35m[1mScanning dependencies of target test_condition_transform_available[0m
[38.443s] [35m[1mScanning dependencies of target test_condition_distance_traveled[0m
[38.453s] [35m[1mScanning dependencies of target test_condition_is_battery_low[0m
[38.486s] [35m[1mScanning dependencies of target test_decorator_distance_controller[0m
[38.486s] [35m[1mScanning dependencies of target test_decorator_rate_controller[0m
[38.486s] [35m[1mScanning dependencies of target test_decorator_speed_controller[0m
[38.487s] [35m[1mScanning dependencies of target test_goal_updater_node[0m
[38.501s] [35m[1mScanning dependencies of target test_control_round_robin_node[0m
[38.508s] [ 56%] [32mBuilding CXX object test/CMakeFiles/test_bt_conversions.dir/test_bt_conversions.cpp.o[0m
[38.526s] [35m[1mScanning dependencies of target test_control_pipeline_sequence[0m
[38.539s] [35m[1mScanning dependencies of target test_control_recovery_node[0m
[38.587s] [ 57%] [32mBuilding CXX object test/plugins/condition/CMakeFiles/test_condition_time_expired.dir/test_time_expired.cpp.o[0m
[38.591s] [ 58%] [32mBuilding CXX object test/plugins/condition/CMakeFiles/test_condition_goal_reached.dir/test_goal_reached.cpp.o[0m
[38.598s] [ 59%] [32mBuilding CXX object test/plugins/condition/CMakeFiles/test_condition_is_stuck.dir/test_is_stuck.cpp.o[0m
[38.611s] [ 60%] [32mBuilding CXX object test/plugins/condition/CMakeFiles/test_condition_distance_traveled.dir/test_distance_traveled.cpp.o[0m
[38.625s] [ 61%] [32mBuilding CXX object test/plugins/condition/CMakeFiles/test_condition_is_battery_low.dir/test_is_battery_low.cpp.o[0m
[38.625s] [ 62%] [32mBuilding CXX object test/plugins/condition/CMakeFiles/test_condition_goal_updated.dir/test_goal_updated.cpp.o[0m
[38.637s] [ 63%] [32mBuilding CXX object test/plugins/condition/CMakeFiles/test_condition_initial_pose_received.dir/test_initial_pose_received.cpp.o[0m
[38.695s] [ 64%] [32mBuilding CXX object test/plugins/decorator/CMakeFiles/test_goal_updater_node.dir/test_goal_updater_node.cpp.o[0m
[38.701s] [ 65%] [32mBuilding CXX object test/plugins/condition/CMakeFiles/test_condition_transform_available.dir/test_transform_available.cpp.o[0m
[38.710s] [ 66%] [32mBuilding CXX object test/plugins/decorator/CMakeFiles/test_decorator_rate_controller.dir/test_rate_controller.cpp.o[0m
[38.711s] [ 67%] [32mBuilding CXX object test/plugins/decorator/CMakeFiles/test_decorator_speed_controller.dir/test_speed_controller.cpp.o[0m
[38.724s] [ 68%] [32mBuilding CXX object test/plugins/decorator/CMakeFiles/test_decorator_distance_controller.dir/test_distance_controller.cpp.o[0m
[38.734s] [ 69%] [32mBuilding CXX object test/plugins/control/CMakeFiles/test_control_round_robin_node.dir/test_round_robin_node.cpp.o[0m
[38.752s] [ 70%] [32mBuilding CXX object test/plugins/control/CMakeFiles/test_control_pipeline_sequence.dir/test_pipeline_sequence.cpp.o[0m
[38.767s] [ 71%] [32mBuilding CXX object test/plugins/control/CMakeFiles/test_control_recovery_node.dir/test_recovery_node.cpp.o[0m
[48.501s] [ 72%] [32m[1mLinking CXX executable test_bt_conversions[0m
[49.083s] [ 72%] Built target test_bt_conversions
[49.157s] [35m[1mScanning dependencies of target test_truncate_path_action[0m
[49.344s] [ 73%] [32mBuilding CXX object test/plugins/action/CMakeFiles/test_truncate_path_action.dir/test_truncate_path_action.cpp.o[0m
[53.715s] [ 74%] [32m[1mLinking CXX executable test_goal_updater_node[0m
[54.785s] [ 74%] Built target test_goal_updater_node
[54.861s] [35m[1mScanning dependencies of target test_action_navigate_to_pose_action[0m
[55.082s] [ 75%] [32mBuilding CXX object test/plugins/action/CMakeFiles/test_action_navigate_to_pose_action.dir/test_navigate_to_pose_action.cpp.o[0m
[55.396s] [ 76%] [32m[1mLinking CXX executable test_condition_distance_traveled[0m
[55.596s] [ 77%] [32m[1mLinking CXX executable test_decorator_distance_controller[0m
[55.744s] [ 78%] [32m[1mLinking CXX executable test_condition_initial_pose_received[0m
[55.907s] [ 79%] [32m[1mLinking CXX executable test_control_recovery_node[0m
[56.421s] [ 80%] [32m[1mLinking CXX executable test_condition_goal_updated[0m
[56.439s] [ 80%] Built target test_condition_initial_pose_received
[56.479s] [ 81%] [32m[1mLinking CXX executable test_condition_is_stuck[0m
[56.502s] [35m[1mScanning dependencies of target test_action_follow_path_action[0m
[56.620s] [ 81%] Built target test_condition_distance_traveled
[56.723s] [ 82%] [32mBuilding CXX object test/plugins/action/CMakeFiles/test_action_follow_path_action.dir/test_follow_path_action.cpp.o[0m
[56.726s] [35m[1mScanning dependencies of target test_action_compute_path_to_pose_action[0m
[56.857s] [ 82%] Built target test_control_recovery_node
[56.872s] [ 83%] [32m[1mLinking CXX executable test_condition_time_expired[0m
[56.942s] [35m[1mScanning dependencies of target test_action_reinitialize_global_localization_service[0m
[56.969s] [ 84%] [32mBuilding CXX object test/plugins/action/CMakeFiles/test_action_compute_path_to_pose_action.dir/test_compute_path_to_pose_action.cpp.o[0m
[57.100s] [ 85%] [32mBuilding CXX object test/plugins/action/CMakeFiles/test_action_reinitialize_global_localization_service.dir/test_reinitialize_global_localization_service.cpp.o[0m
[57.149s] [ 85%] Built target test_decorator_distance_controller
[57.239s] [35m[1mScanning dependencies of target test_action_clear_costmap_service[0m
[57.362s] [ 85%] Built target test_condition_goal_updated
[57.416s] [ 86%] [32m[1mLinking CXX executable test_condition_is_battery_low[0m
[57.420s] [ 86%] Built target test_condition_is_stuck
[57.421s] [ 87%] [32mBuilding CXX object test/plugins/action/CMakeFiles/test_action_clear_costmap_service.dir/test_clear_costmap_service.cpp.o[0m
[57.749s] [ 88%] [32m[1mLinking CXX executable test_control_round_robin_node[0m
[57.797s] [ 88%] Built target test_condition_time_expired
[57.858s] [ 88%] Built target test_condition_is_battery_low
[57.893s] [ 89%] [32m[1mLinking CXX executable test_control_pipeline_sequence[0m
[58.111s] [ 90%] [32m[1mLinking CXX executable test_condition_transform_available[0m
[58.418s] [ 90%] Built target test_control_round_robin_node
[58.438s] [ 91%] [32m[1mLinking CXX executable test_decorator_rate_controller[0m
[58.609s] [ 92%] [32m[1mLinking CXX executable test_condition_goal_reached[0m
[58.663s] [ 92%] Built target test_control_pipeline_sequence
[58.839s] [ 92%] Built target test_condition_transform_available
[59.081s] [ 92%] Built target test_decorator_rate_controller
[59.245s] [ 92%] Built target test_condition_goal_reached
[59.740s] [ 93%] [32m[1mLinking CXX executable test_decorator_speed_controller[0m
[60.176s] [ 93%] Built target test_decorator_speed_controller
[62.647s] [ 94%] [32m[1mLinking CXX executable test_truncate_path_action[0m
[62.989s] [ 94%] Built target test_truncate_path_action
[64.855s] [ 95%] [32m[1mLinking CXX executable test_action_clear_costmap_service[0m
[65.098s] [ 95%] Built target test_action_clear_costmap_service
[65.970s] [ 96%] [32m[1mLinking CXX executable test_action_reinitialize_global_localization_service[0m
[66.185s] [ 96%] Built target test_action_reinitialize_global_localization_service
[66.646s] [ 97%] [32m[1mLinking CXX executable test_action_navigate_to_pose_action[0m
[66.865s] [ 97%] Built target test_action_navigate_to_pose_action
[67.040s] [ 98%] [32m[1mLinking CXX executable test_action_follow_path_action[0m
[67.243s] [ 98%] Built target test_action_follow_path_action
[67.359s] [100%] [32m[1mLinking CXX executable test_action_compute_path_to_pose_action[0m
[67.542s] [100%] Built target test_action_compute_path_to_pose_action
[67.555s] Invoked command in '/home/kgh/ws2/build/nav2_behavior_tree' returned '0': CMAKE_PREFIX_PATH=/home/kgh/ws2/install/nav2_util:/home/kgh/ws2/install/nav2_msgs:/home/kgh/ws2/install/nav2_common:/home/kgh/ws2/install/yzbot_nav2:/home/kgh/ws2/install/yzbot_cartographer:/home/kgh/ws2/install/nav2_system_tests:/home/kgh/ws2/install/nav2_bringup:/home/kgh/ws2/install/navigation2:/home/kgh/ws2/install/smac_planner:/home/kgh/ws2/install/nav2_dwb_controller:/home/kgh/ws2/install/nav2_controller:/home/kgh/ws2/install/dwb_plugins:/home/kgh/ws2/install/dwb_critics:/home/kgh/ws2/install/dwb_core:/home/kgh/ws2/install/nav_2d_utils:/home/kgh/ws2/install/dwb_msgs:/home/kgh/ws2/install/nav_2d_msgs:/home/kgh/ws2/install/nav2_waypoint_follower:/home/kgh/ws2/install/nav2_regulated_pure_pursuit_controller:/home/kgh/ws2/install/nav2_recoveries:/home/kgh/ws2/install/nav2_planner:/home/kgh/ws2/install/nav2_navfn_planner:/home/kgh/ws2/install/nav2_core:/home/kgh/ws2/install/costmap_queue:/home/kgh/ws2/install/nav2_costmap_2d:/home/kgh/ws2/install/nav2_voxel_grid:/home/kgh/ws2/install/nav2_rviz_plugins:/home/kgh/ws2/install/nav2_map_server:/home/kgh/ws2/install/nav2_lifecycle_manager:/home/kgh/ws2/install/nav2_bt_navigator:/home/kgh/ws2/install/nav2_behavior_tree:/home/kgh/ws2/install/nav2_amcl:/home/kgh/ws2/install/bluesea2:/home/kgh/ws2/install/yzbot_description:/home/kgh/ws2/install/yzbot_controller:/home/kgh/ws2/install/nav2_gazebo_spawner:/opt/ros/foxy LD_LIBRARY_PATH=/home/kgh/ws2/install/nav2_util/lib:/home/kgh/ws2/install/nav2_msgs/lib:/home/kgh/ws2/install/smac_planner/lib:/home/kgh/ws2/install/nav2_controller/lib:/home/kgh/ws2/install/dwb_plugins/lib:/home/kgh/ws2/install/dwb_critics/lib:/home/kgh/ws2/install/dwb_core/lib:/home/kgh/ws2/install/nav_2d_utils/lib:/home/kgh/ws2/install/dwb_msgs/lib:/home/kgh/ws2/install/nav_2d_msgs/lib:/home/kgh/ws2/install/nav2_waypoint_follower/lib:/home/kgh/ws2/install/nav2_regulated_pure_pursuit_controller/lib:/home/kgh/ws2/install/nav2_recoveries/lib:/home/kgh/ws2/install/nav2_planner/lib:/home/kgh/ws2/install/nav2_navfn_planner/lib:/home/kgh/ws2/install/costmap_queue/lib:/home/kgh/ws2/install/nav2_costmap_2d/lib:/home/kgh/ws2/install/nav2_voxel_grid/lib:/home/kgh/ws2/install/nav2_rviz_plugins/lib:/home/kgh/ws2/install/nav2_map_server/lib:/home/kgh/ws2/install/nav2_lifecycle_manager/lib:/home/kgh/ws2/install/nav2_bt_navigator/lib:/home/kgh/ws2/install/nav2_behavior_tree/lib:/home/kgh/ws2/install/nav2_amcl/lib:/usr/lib/x86_64-linux-gnu/gazebo-11/plugins:/opt/ros/foxy/opt/yaml_cpp_vendor/lib:/opt/ros/foxy/opt/rviz_ogre_vendor/lib:/opt/ros/foxy/lib/x86_64-linux-gnu:/opt/ros/foxy/lib PYTHONPATH=/home/kgh/ws2/install/nav2_msgs/lib/python3.8/site-packages:/home/kgh/ws2/install/nav2_common/lib/python3.8/site-packages:/home/kgh/ws2/install/yzbot_description/lib/python3.8/site-packages:/home/kgh/ws2/install/yzbot_controller/lib/python3.8/site-packages:/home/kgh/ws2/install/dwb_msgs/lib/python3.8/site-packages:/home/kgh/ws2/install/nav_2d_msgs/lib/python3.8/site-packages:/home/kgh/ws2/install/nav2_gazebo_spawner/lib/python3.8/site-packages:/opt/ros/foxy/lib/python3.8/site-packages /usr/bin/cmake --build /home/kgh/ws2/build/nav2_behavior_tree -- -j16 -l16
[67.650s] Invoking command in '/home/kgh/ws2/build/nav2_behavior_tree': CMAKE_PREFIX_PATH=/home/kgh/ws2/install/nav2_util:/home/kgh/ws2/install/nav2_msgs:/home/kgh/ws2/install/nav2_common:/home/kgh/ws2/install/yzbot_nav2:/home/kgh/ws2/install/yzbot_cartographer:/home/kgh/ws2/install/nav2_system_tests:/home/kgh/ws2/install/nav2_bringup:/home/kgh/ws2/install/navigation2:/home/kgh/ws2/install/smac_planner:/home/kgh/ws2/install/nav2_dwb_controller:/home/kgh/ws2/install/nav2_controller:/home/kgh/ws2/install/dwb_plugins:/home/kgh/ws2/install/dwb_critics:/home/kgh/ws2/install/dwb_core:/home/kgh/ws2/install/nav_2d_utils:/home/kgh/ws2/install/dwb_msgs:/home/kgh/ws2/install/nav_2d_msgs:/home/kgh/ws2/install/nav2_waypoint_follower:/home/kgh/ws2/install/nav2_regulated_pure_pursuit_controller:/home/kgh/ws2/install/nav2_recoveries:/home/kgh/ws2/install/nav2_planner:/home/kgh/ws2/install/nav2_navfn_planner:/home/kgh/ws2/install/nav2_core:/home/kgh/ws2/install/costmap_queue:/home/kgh/ws2/install/nav2_costmap_2d:/home/kgh/ws2/install/nav2_voxel_grid:/home/kgh/ws2/install/nav2_rviz_plugins:/home/kgh/ws2/install/nav2_map_server:/home/kgh/ws2/install/nav2_lifecycle_manager:/home/kgh/ws2/install/nav2_bt_navigator:/home/kgh/ws2/install/nav2_behavior_tree:/home/kgh/ws2/install/nav2_amcl:/home/kgh/ws2/install/bluesea2:/home/kgh/ws2/install/yzbot_description:/home/kgh/ws2/install/yzbot_controller:/home/kgh/ws2/install/nav2_gazebo_spawner:/opt/ros/foxy LD_LIBRARY_PATH=/home/kgh/ws2/install/nav2_util/lib:/home/kgh/ws2/install/nav2_msgs/lib:/home/kgh/ws2/install/smac_planner/lib:/home/kgh/ws2/install/nav2_controller/lib:/home/kgh/ws2/install/dwb_plugins/lib:/home/kgh/ws2/install/dwb_critics/lib:/home/kgh/ws2/install/dwb_core/lib:/home/kgh/ws2/install/nav_2d_utils/lib:/home/kgh/ws2/install/dwb_msgs/lib:/home/kgh/ws2/install/nav_2d_msgs/lib:/home/kgh/ws2/install/nav2_waypoint_follower/lib:/home/kgh/ws2/install/nav2_regulated_pure_pursuit_controller/lib:/home/kgh/ws2/install/nav2_recoveries/lib:/home/kgh/ws2/install/nav2_planner/lib:/home/kgh/ws2/install/nav2_navfn_planner/lib:/home/kgh/ws2/install/costmap_queue/lib:/home/kgh/ws2/install/nav2_costmap_2d/lib:/home/kgh/ws2/install/nav2_voxel_grid/lib:/home/kgh/ws2/install/nav2_rviz_plugins/lib:/home/kgh/ws2/install/nav2_map_server/lib:/home/kgh/ws2/install/nav2_lifecycle_manager/lib:/home/kgh/ws2/install/nav2_bt_navigator/lib:/home/kgh/ws2/install/nav2_behavior_tree/lib:/home/kgh/ws2/install/nav2_amcl/lib:/usr/lib/x86_64-linux-gnu/gazebo-11/plugins:/opt/ros/foxy/opt/yaml_cpp_vendor/lib:/opt/ros/foxy/opt/rviz_ogre_vendor/lib:/opt/ros/foxy/lib/x86_64-linux-gnu:/opt/ros/foxy/lib PYTHONPATH=/home/kgh/ws2/install/nav2_msgs/lib/python3.8/site-packages:/home/kgh/ws2/install/nav2_common/lib/python3.8/site-packages:/home/kgh/ws2/install/yzbot_description/lib/python3.8/site-packages:/home/kgh/ws2/install/yzbot_controller/lib/python3.8/site-packages:/home/kgh/ws2/install/dwb_msgs/lib/python3.8/site-packages:/home/kgh/ws2/install/nav_2d_msgs/lib/python3.8/site-packages:/home/kgh/ws2/install/nav2_gazebo_spawner/lib/python3.8/site-packages:/opt/ros/foxy/lib/python3.8/site-packages /usr/bin/cmake --install /home/kgh/ws2/build/nav2_behavior_tree
[67.659s] -- Install configuration: "Release"
[67.659s] -- Installing: /home/kgh/ws2/install/nav2_behavior_tree/lib/libnav2_behavior_tree.so
[67.659s] -- Set runtime path of "/home/kgh/ws2/install/nav2_behavior_tree/lib/libnav2_behavior_tree.so" to ""
[67.659s] -- Installing: /home/kgh/ws2/install/nav2_behavior_tree/lib/libnav2_compute_path_to_pose_action_bt_node.so
[67.659s] -- Set runtime path of "/home/kgh/ws2/install/nav2_behavior_tree/lib/libnav2_compute_path_to_pose_action_bt_node.so" to ""
[67.660s] -- Installing: /home/kgh/ws2/install/nav2_behavior_tree/lib/libnav2_follow_path_action_bt_node.so
[67.660s] -- Set runtime path of "/home/kgh/ws2/install/nav2_behavior_tree/lib/libnav2_follow_path_action_bt_node.so" to ""
[67.660s] -- Installing: /home/kgh/ws2/install/nav2_behavior_tree/lib/libnav2_back_up_action_bt_node.so
[67.661s] -- Set runtime path of "/home/kgh/ws2/install/nav2_behavior_tree/lib/libnav2_back_up_action_bt_node.so" to ""
[67.661s] -- Installing: /home/kgh/ws2/install/nav2_behavior_tree/lib/libnav2_spin_action_bt_node.so
[67.661s] -- Set runtime path of "/home/kgh/ws2/install/nav2_behavior_tree/lib/libnav2_spin_action_bt_node.so" to ""
[67.661s] -- Installing: /home/kgh/ws2/install/nav2_behavior_tree/lib/libnav2_wait_action_bt_node.so
[67.662s] -- Set runtime path of "/home/kgh/ws2/install/nav2_behavior_tree/lib/libnav2_wait_action_bt_node.so" to ""
[67.662s] -- Installing: /home/kgh/ws2/install/nav2_behavior_tree/lib/libnav2_clear_costmap_service_bt_node.so
[67.662s] -- Set runtime path of "/home/kgh/ws2/install/nav2_behavior_tree/lib/libnav2_clear_costmap_service_bt_node.so" to ""
[67.662s] -- Installing: /home/kgh/ws2/install/nav2_behavior_tree/lib/libnav2_is_stuck_condition_bt_node.so
[67.663s] -- Set runtime path of "/home/kgh/ws2/install/nav2_behavior_tree/lib/libnav2_is_stuck_condition_bt_node.so" to ""
[67.663s] -- Installing: /home/kgh/ws2/install/nav2_behavior_tree/lib/libnav2_transform_available_condition_bt_node.so
[67.663s] -- Set runtime path of "/home/kgh/ws2/install/nav2_behavior_tree/lib/libnav2_transform_available_condition_bt_node.so" to ""
[67.663s] -- Installing: /home/kgh/ws2/install/nav2_behavior_tree/lib/libnav2_goal_reached_condition_bt_node.so
[67.664s] -- Set runtime path of "/home/kgh/ws2/install/nav2_behavior_tree/lib/libnav2_goal_reached_condition_bt_node.so" to ""
[67.664s] -- Installing: /home/kgh/ws2/install/nav2_behavior_tree/lib/libnav2_goal_updated_condition_bt_node.so
[67.664s] -- Set runtime path of "/home/kgh/ws2/install/nav2_behavior_tree/lib/libnav2_goal_updated_condition_bt_node.so" to ""
[67.664s] -- Installing: /home/kgh/ws2/install/nav2_behavior_tree/lib/libnav2_time_expired_condition_bt_node.so
[67.664s] -- Set runtime path of "/home/kgh/ws2/install/nav2_behavior_tree/lib/libnav2_time_expired_condition_bt_node.so" to ""
[67.664s] -- Installing: /home/kgh/ws2/install/nav2_behavior_tree/lib/libnav2_distance_traveled_condition_bt_node.so
[67.665s] -- Set runtime path of "/home/kgh/ws2/install/nav2_behavior_tree/lib/libnav2_distance_traveled_condition_bt_node.so" to ""
[67.665s] -- Installing: /home/kgh/ws2/install/nav2_behavior_tree/lib/libnav2_initial_pose_received_condition_bt_node.so
[67.665s] -- Set runtime path of "/home/kgh/ws2/install/nav2_behavior_tree/lib/libnav2_initial_pose_received_condition_bt_node.so" to ""
[67.665s] -- Installing: /home/kgh/ws2/install/nav2_behavior_tree/lib/libnav2_is_battery_low_condition_bt_node.so
[67.666s] -- Set runtime path of "/home/kgh/ws2/install/nav2_behavior_tree/lib/libnav2_is_battery_low_condition_bt_node.so" to ""
[67.666s] -- Installing: /home/kgh/ws2/install/nav2_behavior_tree/lib/libnav2_reinitialize_global_localization_service_bt_node.so
[67.666s] -- Set runtime path of "/home/kgh/ws2/install/nav2_behavior_tree/lib/libnav2_reinitialize_global_localization_service_bt_node.so" to ""
[67.666s] -- Installing: /home/kgh/ws2/install/nav2_behavior_tree/lib/libnav2_rate_controller_bt_node.so
[67.667s] -- Set runtime path of "/home/kgh/ws2/install/nav2_behavior_tree/lib/libnav2_rate_controller_bt_node.so" to ""
[67.667s] -- Installing: /home/kgh/ws2/install/nav2_behavior_tree/lib/libnav2_distance_controller_bt_node.so
[67.667s] -- Set runtime path of "/home/kgh/ws2/install/nav2_behavior_tree/lib/libnav2_distance_controller_bt_node.so" to ""
[67.667s] -- Installing: /home/kgh/ws2/install/nav2_behavior_tree/lib/libnav2_speed_controller_bt_node.so
[67.668s] -- Set runtime path of "/home/kgh/ws2/install/nav2_behavior_tree/lib/libnav2_speed_controller_bt_node.so" to ""
[67.668s] -- Installing: /home/kgh/ws2/install/nav2_behavior_tree/lib/libnav2_truncate_path_action_bt_node.so
[67.668s] -- Set runtime path of "/home/kgh/ws2/install/nav2_behavior_tree/lib/libnav2_truncate_path_action_bt_node.so" to ""
[67.668s] -- Installing: /home/kgh/ws2/install/nav2_behavior_tree/lib/libnav2_goal_updater_node_bt_node.so
[67.669s] -- Set runtime path of "/home/kgh/ws2/install/nav2_behavior_tree/lib/libnav2_goal_updater_node_bt_node.so" to ""
[67.669s] -- Installing: /home/kgh/ws2/install/nav2_behavior_tree/lib/libnav2_recovery_node_bt_node.so
[67.669s] -- Set runtime path of "/home/kgh/ws2/install/nav2_behavior_tree/lib/libnav2_recovery_node_bt_node.so" to ""
[67.670s] -- Installing: /home/kgh/ws2/install/nav2_behavior_tree/lib/libnav2_navigate_to_pose_action_bt_node.so
[67.670s] -- Set runtime path of "/home/kgh/ws2/install/nav2_behavior_tree/lib/libnav2_navigate_to_pose_action_bt_node.so" to ""
[67.670s] -- Installing: /home/kgh/ws2/install/nav2_behavior_tree/lib/libnav2_pipeline_sequence_bt_node.so
[67.671s] -- Set runtime path of "/home/kgh/ws2/install/nav2_behavior_tree/lib/libnav2_pipeline_sequence_bt_node.so" to ""
[67.671s] -- Installing: /home/kgh/ws2/install/nav2_behavior_tree/lib/libnav2_round_robin_node_bt_node.so
[67.671s] -- Set runtime path of "/home/kgh/ws2/install/nav2_behavior_tree/lib/libnav2_round_robin_node_bt_node.so" to ""
[67.671s] -- Installing: /home/kgh/ws2/install/nav2_behavior_tree/include/
[67.671s] -- Installing: /home/kgh/ws2/install/nav2_behavior_tree/include//nav2_behavior_tree
[67.671s] -- Installing: /home/kgh/ws2/install/nav2_behavior_tree/include//nav2_behavior_tree/bt_service_node.hpp
[67.671s] -- Installing: /home/kgh/ws2/install/nav2_behavior_tree/include//nav2_behavior_tree/bt_conversions.hpp
[67.671s] -- Installing: /home/kgh/ws2/install/nav2_behavior_tree/include//nav2_behavior_tree/behavior_tree_engine.hpp
[67.671s] -- Installing: /home/kgh/ws2/install/nav2_behavior_tree/include//nav2_behavior_tree/plugins
[67.671s] -- Installing: /home/kgh/ws2/install/nav2_behavior_tree/include//nav2_behavior_tree/plugins/action
[67.672s] -- Installing: /home/kgh/ws2/install/nav2_behavior_tree/include//nav2_behavior_tree/plugins/action/reinitialize_global_localization_service.hpp
[67.672s] -- Installing: /home/kgh/ws2/install/nav2_behavior_tree/include//nav2_behavior_tree/plugins/action/follow_path_action.hpp
[67.672s] -- Installing: /home/kgh/ws2/install/nav2_behavior_tree/include//nav2_behavior_tree/plugins/action/clear_costmap_service.hpp
[67.672s] -- Installing: /home/kgh/ws2/install/nav2_behavior_tree/include//nav2_behavior_tree/plugins/action/truncate_path_action.hpp
[67.672s] -- Installing: /home/kgh/ws2/install/nav2_behavior_tree/include//nav2_behavior_tree/plugins/action/compute_path_to_pose_action.hpp
[67.672s] -- Installing: /home/kgh/ws2/install/nav2_behavior_tree/include//nav2_behavior_tree/plugins/action/spin_action.hpp
[67.672s] -- Installing: /home/kgh/ws2/install/nav2_behavior_tree/include//nav2_behavior_tree/plugins/action/navigate_to_pose_action.hpp
[67.672s] -- Installing: /home/kgh/ws2/install/nav2_behavior_tree/include//nav2_behavior_tree/plugins/action/wait_action.hpp
[67.672s] -- Installing: /home/kgh/ws2/install/nav2_behavior_tree/include//nav2_behavior_tree/plugins/action/back_up_action.hpp
[67.672s] -- Installing: /home/kgh/ws2/install/nav2_behavior_tree/include//nav2_behavior_tree/plugins/decorator
[67.672s] -- Installing: /home/kgh/ws2/install/nav2_behavior_tree/include//nav2_behavior_tree/plugins/decorator/rate_controller.hpp
[67.672s] -- Installing: /home/kgh/ws2/install/nav2_behavior_tree/include//nav2_behavior_tree/plugins/decorator/speed_controller.hpp
[67.672s] -- Installing: /home/kgh/ws2/install/nav2_behavior_tree/include//nav2_behavior_tree/plugins/decorator/distance_controller.hpp
[67.672s] -- Installing: /home/kgh/ws2/install/nav2_behavior_tree/include//nav2_behavior_tree/plugins/decorator/goal_updater_node.hpp
[67.673s] -- Installing: /home/kgh/ws2/install/nav2_behavior_tree/include//nav2_behavior_tree/plugins/control
[67.673s] -- Installing: /home/kgh/ws2/install/nav2_behavior_tree/include//nav2_behavior_tree/plugins/control/round_robin_node.hpp
[67.673s] -- Installing: /home/kgh/ws2/install/nav2_behavior_tree/include//nav2_behavior_tree/plugins/control/recovery_node.hpp
[67.673s] -- Installing: /home/kgh/ws2/install/nav2_behavior_tree/include//nav2_behavior_tree/plugins/control/pipeline_sequence.hpp
[67.673s] -- Installing: /home/kgh/ws2/install/nav2_behavior_tree/include//nav2_behavior_tree/plugins/condition
[67.673s] -- Installing: /home/kgh/ws2/install/nav2_behavior_tree/include//nav2_behavior_tree/plugins/condition/transform_available_condition.hpp
[67.673s] -- Installing: /home/kgh/ws2/install/nav2_behavior_tree/include//nav2_behavior_tree/plugins/condition/is_stuck_condition.hpp
[67.673s] -- Installing: /home/kgh/ws2/install/nav2_behavior_tree/include//nav2_behavior_tree/plugins/condition/initial_pose_received_condition.hpp
[67.673s] -- Installing: /home/kgh/ws2/install/nav2_behavior_tree/include//nav2_behavior_tree/plugins/condition/goal_reached_condition.hpp
[67.673s] -- Installing: /home/kgh/ws2/install/nav2_behavior_tree/include//nav2_behavior_tree/plugins/condition/is_battery_low_condition.hpp
[67.673s] -- Installing: /home/kgh/ws2/install/nav2_behavior_tree/include//nav2_behavior_tree/plugins/condition/distance_traveled_condition.hpp
[67.673s] -- Installing: /home/kgh/ws2/install/nav2_behavior_tree/include//nav2_behavior_tree/plugins/condition/goal_updated_condition.hpp
[67.673s] -- Installing: /home/kgh/ws2/install/nav2_behavior_tree/include//nav2_behavior_tree/plugins/condition/time_expired_condition.hpp
[67.674s] -- Installing: /home/kgh/ws2/install/nav2_behavior_tree/include//nav2_behavior_tree/bt_action_node.hpp
[67.674s] -- Installing: /home/kgh/ws2/install/nav2_behavior_tree/share/nav2_behavior_tree/nav2_tree_nodes.xml
[67.674s] -- Installing: /home/kgh/ws2/install/nav2_behavior_tree/share/nav2_behavior_tree/environment/library_path.sh
[67.674s] -- Installing: /home/kgh/ws2/install/nav2_behavior_tree/share/nav2_behavior_tree/environment/library_path.dsv
[67.674s] -- Installing: /home/kgh/ws2/install/nav2_behavior_tree/share/ament_index/resource_index/package_run_dependencies/nav2_behavior_tree
[67.674s] -- Installing: /home/kgh/ws2/install/nav2_behavior_tree/share/ament_index/resource_index/parent_prefix_path/nav2_behavior_tree
[67.674s] -- Installing: /home/kgh/ws2/install/nav2_behavior_tree/share/nav2_behavior_tree/environment/ament_prefix_path.sh
[67.674s] -- Installing: /home/kgh/ws2/install/nav2_behavior_tree/share/nav2_behavior_tree/environment/ament_prefix_path.dsv
[67.674s] -- Installing: /home/kgh/ws2/install/nav2_behavior_tree/share/nav2_behavior_tree/environment/path.sh
[67.674s] -- Installing: /home/kgh/ws2/install/nav2_behavior_tree/share/nav2_behavior_tree/environment/path.dsv
[67.674s] -- Installing: /home/kgh/ws2/install/nav2_behavior_tree/share/nav2_behavior_tree/local_setup.bash
[67.674s] -- Installing: /home/kgh/ws2/install/nav2_behavior_tree/share/nav2_behavior_tree/local_setup.sh
[67.675s] -- Installing: /home/kgh/ws2/install/nav2_behavior_tree/share/nav2_behavior_tree/local_setup.zsh
[67.675s] -- Installing: /home/kgh/ws2/install/nav2_behavior_tree/share/nav2_behavior_tree/local_setup.dsv
[67.675s] -- Installing: /home/kgh/ws2/install/nav2_behavior_tree/share/nav2_behavior_tree/package.dsv
[67.675s] -- Installing: /home/kgh/ws2/install/nav2_behavior_tree/share/ament_index/resource_index/packages/nav2_behavior_tree
[67.675s] -- Installing: /home/kgh/ws2/install/nav2_behavior_tree/share/nav2_behavior_tree/cmake/ament_cmake_export_include_directories-extras.cmake
[67.675s] -- Installing: /home/kgh/ws2/install/nav2_behavior_tree/share/nav2_behavior_tree/cmake/ament_cmake_export_libraries-extras.cmake
[67.675s] -- Installing: /home/kgh/ws2/install/nav2_behavior_tree/share/nav2_behavior_tree/cmake/ament_cmake_export_dependencies-extras.cmake
[67.675s] -- Installing: /home/kgh/ws2/install/nav2_behavior_tree/share/nav2_behavior_tree/cmake/nav2_behavior_treeConfig.cmake
[67.675s] -- Installing: /home/kgh/ws2/install/nav2_behavior_tree/share/nav2_behavior_tree/cmake/nav2_behavior_treeConfig-version.cmake
[67.676s] -- Installing: /home/kgh/ws2/install/nav2_behavior_tree/share/nav2_behavior_tree/package.xml
[67.678s] Invoked command in '/home/kgh/ws2/build/nav2_behavior_tree' returned '0': CMAKE_PREFIX_PATH=/home/kgh/ws2/install/nav2_util:/home/kgh/ws2/install/nav2_msgs:/home/kgh/ws2/install/nav2_common:/home/kgh/ws2/install/yzbot_nav2:/home/kgh/ws2/install/yzbot_cartographer:/home/kgh/ws2/install/nav2_system_tests:/home/kgh/ws2/install/nav2_bringup:/home/kgh/ws2/install/navigation2:/home/kgh/ws2/install/smac_planner:/home/kgh/ws2/install/nav2_dwb_controller:/home/kgh/ws2/install/nav2_controller:/home/kgh/ws2/install/dwb_plugins:/home/kgh/ws2/install/dwb_critics:/home/kgh/ws2/install/dwb_core:/home/kgh/ws2/install/nav_2d_utils:/home/kgh/ws2/install/dwb_msgs:/home/kgh/ws2/install/nav_2d_msgs:/home/kgh/ws2/install/nav2_waypoint_follower:/home/kgh/ws2/install/nav2_regulated_pure_pursuit_controller:/home/kgh/ws2/install/nav2_recoveries:/home/kgh/ws2/install/nav2_planner:/home/kgh/ws2/install/nav2_navfn_planner:/home/kgh/ws2/install/nav2_core:/home/kgh/ws2/install/costmap_queue:/home/kgh/ws2/install/nav2_costmap_2d:/home/kgh/ws2/install/nav2_voxel_grid:/home/kgh/ws2/install/nav2_rviz_plugins:/home/kgh/ws2/install/nav2_map_server:/home/kgh/ws2/install/nav2_lifecycle_manager:/home/kgh/ws2/install/nav2_bt_navigator:/home/kgh/ws2/install/nav2_behavior_tree:/home/kgh/ws2/install/nav2_amcl:/home/kgh/ws2/install/bluesea2:/home/kgh/ws2/install/yzbot_description:/home/kgh/ws2/install/yzbot_controller:/home/kgh/ws2/install/nav2_gazebo_spawner:/opt/ros/foxy LD_LIBRARY_PATH=/home/kgh/ws2/install/nav2_util/lib:/home/kgh/ws2/install/nav2_msgs/lib:/home/kgh/ws2/install/smac_planner/lib:/home/kgh/ws2/install/nav2_controller/lib:/home/kgh/ws2/install/dwb_plugins/lib:/home/kgh/ws2/install/dwb_critics/lib:/home/kgh/ws2/install/dwb_core/lib:/home/kgh/ws2/install/nav_2d_utils/lib:/home/kgh/ws2/install/dwb_msgs/lib:/home/kgh/ws2/install/nav_2d_msgs/lib:/home/kgh/ws2/install/nav2_waypoint_follower/lib:/home/kgh/ws2/install/nav2_regulated_pure_pursuit_controller/lib:/home/kgh/ws2/install/nav2_recoveries/lib:/home/kgh/ws2/install/nav2_planner/lib:/home/kgh/ws2/install/nav2_navfn_planner/lib:/home/kgh/ws2/install/costmap_queue/lib:/home/kgh/ws2/install/nav2_costmap_2d/lib:/home/kgh/ws2/install/nav2_voxel_grid/lib:/home/kgh/ws2/install/nav2_rviz_plugins/lib:/home/kgh/ws2/install/nav2_map_server/lib:/home/kgh/ws2/install/nav2_lifecycle_manager/lib:/home/kgh/ws2/install/nav2_bt_navigator/lib:/home/kgh/ws2/install/nav2_behavior_tree/lib:/home/kgh/ws2/install/nav2_amcl/lib:/usr/lib/x86_64-linux-gnu/gazebo-11/plugins:/opt/ros/foxy/opt/yaml_cpp_vendor/lib:/opt/ros/foxy/opt/rviz_ogre_vendor/lib:/opt/ros/foxy/lib/x86_64-linux-gnu:/opt/ros/foxy/lib PYTHONPATH=/home/kgh/ws2/install/nav2_msgs/lib/python3.8/site-packages:/home/kgh/ws2/install/nav2_common/lib/python3.8/site-packages:/home/kgh/ws2/install/yzbot_description/lib/python3.8/site-packages:/home/kgh/ws2/install/yzbot_controller/lib/python3.8/site-packages:/home/kgh/ws2/install/dwb_msgs/lib/python3.8/site-packages:/home/kgh/ws2/install/nav_2d_msgs/lib/python3.8/site-packages:/home/kgh/ws2/install/nav2_gazebo_spawner/lib/python3.8/site-packages:/opt/ros/foxy/lib/python3.8/site-packages /usr/bin/cmake --install /home/kgh/ws2/build/nav2_behavior_tree
