[0.137s] Invoking command in '/home/kgh/ws2/build/yzbot_stm32connect': CMAKE_PREFIX_PATH=/home/kgh/ws2/install/yzbot_msgs:/home/kgh/ws2/install/yzbot_stm32connect:/home/kgh/ws2/install/yzbot_nav2:/home/kgh/ws2/install/yzbot_cartographer:/home/kgh/ws2/install/nav2_system_tests:/home/kgh/ws2/install/nav2_bringup:/home/kgh/ws2/install/navigation2:/home/kgh/ws2/install/smac_planner:/home/kgh/ws2/install/nav2_dwb_controller:/home/kgh/ws2/install/nav2_controller:/home/kgh/ws2/install/dwb_plugins:/home/kgh/ws2/install/dwb_critics:/home/kgh/ws2/install/dwb_core:/home/kgh/ws2/install/nav_2d_utils:/home/kgh/ws2/install/dwb_msgs:/home/kgh/ws2/install/nav_2d_msgs:/home/kgh/ws2/install/nav2_waypoint_follower:/home/kgh/ws2/install/nav2_regulated_pure_pursuit_controller:/home/kgh/ws2/install/nav2_recoveries:/home/kgh/ws2/install/nav2_planner:/home/kgh/ws2/install/nav2_navfn_planner:/home/kgh/ws2/install/nav2_core:/home/kgh/ws2/install/costmap_queue:/home/kgh/ws2/install/nav2_costmap_2d:/home/kgh/ws2/install/nav2_voxel_grid:/home/kgh/ws2/install/nav2_rviz_plugins:/home/kgh/ws2/install/nav2_map_server:/home/kgh/ws2/install/nav2_lifecycle_manager:/home/kgh/ws2/install/nav2_bt_navigator:/home/kgh/ws2/install/nav2_behavior_tree:/home/kgh/ws2/install/nav2_amcl:/home/kgh/ws2/install/nav2_util:/home/kgh/ws2/install/nav2_msgs:/home/kgh/ws2/install/nav2_common:/home/kgh/ws2/install/bluesea2:/home/kgh/ws2/install/yzbot_description:/home/kgh/ws2/install/yzbot_controller:/home/kgh/ws2/install/nav2_gazebo_spawner:/opt/ros/foxy /usr/bin/cmake /home/kgh/ws2/src/yzbot_stm32connect -DCMAKE_INSTALL_PREFIX=/home/kgh/ws2/install/yzbot_stm32connect
[0.188s] -- The C compiler identification is GNU 9.4.0
[0.239s] -- The CXX compiler identification is GNU 9.4.0
[0.244s] -- Check for working C compiler: /usr/bin/cc
[0.312s] -- Check for working C compiler: /usr/bin/cc -- works
[0.313s] -- Detecting C compiler ABI info
[0.376s] -- Detecting C compiler ABI info - done
[0.385s] -- Detecting C compile features
[0.385s] -- Detecting C compile features - done
[0.387s] -- Check for working CXX compiler: /usr/bin/c++
[0.467s] -- Check for working CXX compiler: /usr/bin/c++ -- works
[0.468s] -- Detecting CXX compiler ABI info
[0.570s] -- Detecting CXX compiler ABI info - done
[0.582s] -- Detecting CXX compile features
[0.583s] -- Detecting CXX compile features - done
[0.585s] -- Found ament_cmake: 0.9.12 (/opt/ros/foxy/share/ament_cmake/cmake)
[0.607s] -- Found PythonInterp: /usr/bin/python3 (found suitable version "3.8.10", minimum required is "3") 
[0.607s] -- Using PYTHON_EXECUTABLE: /usr/bin/python3
[0.795s] -- Found rclcpp: 2.4.3 (/opt/ros/foxy/share/rclcpp/cmake)
[0.841s] -- Using all available rosidl_typesupport_c: rosidl_typesupport_fastrtps_c;rosidl_typesupport_introspection_c
[0.848s] -- Found rosidl_adapter: 1.3.1 (/opt/ros/foxy/share/rosidl_adapter/cmake)
[0.935s] -- Found OpenSSL: /usr/lib/x86_64-linux-gnu/libcrypto.so (found version "1.1.1f")  
[0.966s] -- Found FastRTPS: /opt/ros/foxy/include  
[1.039s] -- Using all available rosidl_typesupport_cpp: rosidl_typesupport_fastrtps_cpp;rosidl_typesupport_introspection_cpp
[1.090s] -- Found rmw_implementation_cmake: 1.0.4 (/opt/ros/foxy/share/rmw_implementation_cmake/cmake)
[1.093s] -- Using RMW implementation 'rmw_fastrtps_cpp' as default
[1.093s] -- Looking for pthread.h
[1.158s] -- Looking for pthread.h - found
[1.159s] -- Performing Test CMAKE_HAVE_LIBC_PTHREAD
[1.230s] -- Performing Test CMAKE_HAVE_LIBC_PTHREAD - Failed
[1.230s] -- Looking for pthread_create in pthreads
[1.285s] -- Looking for pthread_create in pthreads - not found
[1.285s] -- Looking for pthread_create in pthread
[1.350s] -- Looking for pthread_create in pthread - found
[1.351s] -- Found Threads: TRUE  
[1.483s] -- Found yzbot_msgs: 0.0.0 (/home/kgh/ws2/install/yzbot_msgs/share/yzbot_msgs/cmake)
[1.490s] -- Found nav_msgs: 2.0.5 (/opt/ros/foxy/share/nav_msgs/cmake)
[1.599s] -- Found tf2_msgs: 0.13.14 (/opt/ros/foxy/share/tf2_msgs/cmake)
[1.769s] -- Found tf2_ros: 0.13.14 (/opt/ros/foxy/share/tf2_ros/cmake)
[1.951s] -- Found ament_lint_auto: 0.9.8 (/opt/ros/foxy/share/ament_lint_auto/cmake)
[2.030s] -- Added test 'copyright' to check source files copyright and LICENSE
[2.031s] -- Added test 'cppcheck' to perform static code analysis on C / C++ code
[2.032s] -- Configured cppcheck include dirs: /home/kgh/ws2/src/yzbot_stm32connect/include
[2.032s] -- Configured cppcheck exclude dirs and/or files: 
[2.033s] -- Added test 'cpplint' to check C / C++ code against the Google style
[2.033s] -- Configured cpplint exclude dirs and/or files: 
[2.034s] -- Added test 'lint_cmake' to check CMake code style
[2.036s] -- Added test 'uncrustify' to check C / C++ code style
[2.036s] -- Configured uncrustify additional arguments: 
[2.036s] -- Added test 'xmllint' to check XML markup files
[2.040s] -- Configuring done
[2.052s] -- Generating done
[2.053s] -- Build files have been written to: /home/kgh/ws2/build/yzbot_stm32connect
[2.062s] Invoked command in '/home/kgh/ws2/build/yzbot_stm32connect' returned '0': CMAKE_PREFIX_PATH=/home/kgh/ws2/install/yzbot_msgs:/home/kgh/ws2/install/yzbot_stm32connect:/home/kgh/ws2/install/yzbot_nav2:/home/kgh/ws2/install/yzbot_cartographer:/home/kgh/ws2/install/nav2_system_tests:/home/kgh/ws2/install/nav2_bringup:/home/kgh/ws2/install/navigation2:/home/kgh/ws2/install/smac_planner:/home/kgh/ws2/install/nav2_dwb_controller:/home/kgh/ws2/install/nav2_controller:/home/kgh/ws2/install/dwb_plugins:/home/kgh/ws2/install/dwb_critics:/home/kgh/ws2/install/dwb_core:/home/kgh/ws2/install/nav_2d_utils:/home/kgh/ws2/install/dwb_msgs:/home/kgh/ws2/install/nav_2d_msgs:/home/kgh/ws2/install/nav2_waypoint_follower:/home/kgh/ws2/install/nav2_regulated_pure_pursuit_controller:/home/kgh/ws2/install/nav2_recoveries:/home/kgh/ws2/install/nav2_planner:/home/kgh/ws2/install/nav2_navfn_planner:/home/kgh/ws2/install/nav2_core:/home/kgh/ws2/install/costmap_queue:/home/kgh/ws2/install/nav2_costmap_2d:/home/kgh/ws2/install/nav2_voxel_grid:/home/kgh/ws2/install/nav2_rviz_plugins:/home/kgh/ws2/install/nav2_map_server:/home/kgh/ws2/install/nav2_lifecycle_manager:/home/kgh/ws2/install/nav2_bt_navigator:/home/kgh/ws2/install/nav2_behavior_tree:/home/kgh/ws2/install/nav2_amcl:/home/kgh/ws2/install/nav2_util:/home/kgh/ws2/install/nav2_msgs:/home/kgh/ws2/install/nav2_common:/home/kgh/ws2/install/bluesea2:/home/kgh/ws2/install/yzbot_description:/home/kgh/ws2/install/yzbot_controller:/home/kgh/ws2/install/nav2_gazebo_spawner:/opt/ros/foxy /usr/bin/cmake /home/kgh/ws2/src/yzbot_stm32connect -DCMAKE_INSTALL_PREFIX=/home/kgh/ws2/install/yzbot_stm32connect
[2.067s] Invoking command in '/home/kgh/ws2/build/yzbot_stm32connect': CMAKE_PREFIX_PATH=/home/kgh/ws2/install/yzbot_msgs:/home/kgh/ws2/install/yzbot_stm32connect:/home/kgh/ws2/install/yzbot_nav2:/home/kgh/ws2/install/yzbot_cartographer:/home/kgh/ws2/install/nav2_system_tests:/home/kgh/ws2/install/nav2_bringup:/home/kgh/ws2/install/navigation2:/home/kgh/ws2/install/smac_planner:/home/kgh/ws2/install/nav2_dwb_controller:/home/kgh/ws2/install/nav2_controller:/home/kgh/ws2/install/dwb_plugins:/home/kgh/ws2/install/dwb_critics:/home/kgh/ws2/install/dwb_core:/home/kgh/ws2/install/nav_2d_utils:/home/kgh/ws2/install/dwb_msgs:/home/kgh/ws2/install/nav_2d_msgs:/home/kgh/ws2/install/nav2_waypoint_follower:/home/kgh/ws2/install/nav2_regulated_pure_pursuit_controller:/home/kgh/ws2/install/nav2_recoveries:/home/kgh/ws2/install/nav2_planner:/home/kgh/ws2/install/nav2_navfn_planner:/home/kgh/ws2/install/nav2_core:/home/kgh/ws2/install/costmap_queue:/home/kgh/ws2/install/nav2_costmap_2d:/home/kgh/ws2/install/nav2_voxel_grid:/home/kgh/ws2/install/nav2_rviz_plugins:/home/kgh/ws2/install/nav2_map_server:/home/kgh/ws2/install/nav2_lifecycle_manager:/home/kgh/ws2/install/nav2_bt_navigator:/home/kgh/ws2/install/nav2_behavior_tree:/home/kgh/ws2/install/nav2_amcl:/home/kgh/ws2/install/nav2_util:/home/kgh/ws2/install/nav2_msgs:/home/kgh/ws2/install/nav2_common:/home/kgh/ws2/install/bluesea2:/home/kgh/ws2/install/yzbot_description:/home/kgh/ws2/install/yzbot_controller:/home/kgh/ws2/install/nav2_gazebo_spawner:/opt/ros/foxy /usr/bin/cmake --build /home/kgh/ws2/build/yzbot_stm32connect -- -j16 -l16
[2.106s] [35m[1mScanning dependencies of target serial[0m
[2.118s] [ 25%] [32mBuilding CXX object CMakeFiles/serial.dir/src/impl/unix.cc.o[0m
[2.118s] [ 25%] [32mBuilding CXX object CMakeFiles/serial.dir/src/impl/list_ports/list_ports_linux.cc.o[0m
[2.121s] [ 37%] [32mBuilding CXX object CMakeFiles/serial.dir/src/serial.cc.o[0m
[2.534s] [01m[K/home/kgh/ws2/src/yzbot_stm32connect/src/impl/list_ports/list_ports_linux.cc:[m[K In function ‘[01m[Kstd::vector<std::__cxx11::basic_string<char> > glob(const std::vector<std::__cxx11::basic_string<char> >&)[m[K’:
[2.535s] [01m[K/home/kgh/ws2/src/yzbot_stm32connect/src/impl/list_ports/list_ports_linux.cc:66:40:[m[K [01;35m[Kwarning: [m[Kcomparison of integer expressions of different signedness: ‘[01m[Kint[m[K’ and ‘[01m[Ksize_t[m[K’ {aka ‘[01m[Klong unsigned int[m[K’} [[01;35m[K-Wsign-compare[m[K]
[2.535s]    66 |     for(int path_index = 0; [01;35m[Kpath_index < glob_results.gl_pathc[m[K; path_index++)
[2.535s]       |                             [01;35m[K~~~~~~~~~~~^~~~~~~~~~~~~~~~~~~~~~~[m[K
[2.535s] [01m[K/home/kgh/ws2/src/yzbot_stm32connect/src/impl/list_ports/list_ports_linux.cc:57:9:[m[K [01;35m[Kwarning: [m[Kvariable ‘[01m[Kglob_retval[m[K’ set but not used [[01;35m[K-Wunused-but-set-variable[m[K]
[2.535s]    57 |     int [01;35m[Kglob_retval[m[K = glob(patterns[0].c_str(), 0, NULL, &glob_results);
[2.535s]       |         [01;35m[K^~~~~~~~~~~[m[K
[2.540s] [01m[K/home/kgh/ws2/src/yzbot_stm32connect/src/impl/list_ports/list_ports_linux.cc:[m[K In function ‘[01m[Kstd::string format(const char*, ...)[m[K’:
[2.540s] [01m[K/home/kgh/ws2/src/yzbot_stm32connect/src/impl/list_ports/list_ports_linux.cc:246:31:[m[K [01;35m[Kwarning: [m[Kcomparison of integer expressions of different signedness: ‘[01m[Kint[m[K’ and ‘[01m[Ksize_t[m[K’ {aka ‘[01m[Klong unsigned int[m[K’} [[01;35m[K-Wsign-compare[m[K]
[2.541s]   246 |         else if( [01;35m[Kreturn_value >= buffer_size_bytes[m[K )
[2.541s]       |                  [01;35m[K~~~~~~~~~~~~~^~~~~~~~~~~~~~~~~~~~[m[K
[2.849s] [ 50%] [32m[1mLinking CXX static library libserial.a[0m
[2.905s] [ 50%] Built target serial
[2.923s] [35m[1mScanning dependencies of target stm32_connect[0m
[3.004s] [ 75%] [32mBuilding CXX object CMakeFiles/stm32_connect.dir/src/stm32_connect.cpp.o[0m
[3.004s] [ 75%] [32mBuilding CXX object CMakeFiles/stm32_connect.dir/src/plc.cpp.o[0m
[3.005s] [ 87%] [32mBuilding CXX object CMakeFiles/stm32_connect.dir/src/robotserial.cpp.o[0m
[6.725s] [01m[K/home/kgh/ws2/src/yzbot_stm32connect/src/plc.cpp:[m[K In member function ‘[01m[Kint PLC::pub_odom(short int, short int, short int, short int, float, float, float, float)[m[K’:
[6.725s] [01m[K/home/kgh/ws2/src/yzbot_stm32connect/src/plc.cpp:40:29:[m[K [01;35m[Kwarning: [m[Kunused parameter ‘[01m[Kvx[m[K’ [[01;35m[K-Wunused-parameter[m[K]
[6.726s]    40 | int PLC::pub_odom([01;35m[Kshort int vx[m[K, short int vy, short int t1, short int t2, float angle_v, float angle, float n_vx, float n_vth)
[6.726s]       |                   [01;35m[K~~~~~~~~~~^~[m[K
[6.726s] [01m[K/home/kgh/ws2/src/yzbot_stm32connect/src/plc.cpp:40:43:[m[K [01;35m[Kwarning: [m[Kunused parameter ‘[01m[Kvy[m[K’ [[01;35m[K-Wunused-parameter[m[K]
[6.726s]    40 | int PLC::pub_odom(short int vx, [01;35m[Kshort int vy[m[K, short int t1, short int t2, float angle_v, float angle, float n_vx, float n_vth)
[6.727s]       |                                 [01;35m[K~~~~~~~~~~^~[m[K
[6.727s] [01m[K/home/kgh/ws2/src/yzbot_stm32connect/src/plc.cpp:40:81:[m[K [01;35m[Kwarning: [m[Kunused parameter ‘[01m[Kangle_v[m[K’ [[01;35m[K-Wunused-parameter[m[K]
[6.727s]    40 | int PLC::pub_odom(short int vx, short int vy, short int t1, short int t2, [01;35m[Kfloat angle_v[m[K, float angle, float n_vx, float n_vth)
[6.727s]       |                                                                           [01;35m[K~~~~~~^~~~~~~[m[K
[6.727s] [01m[K/home/kgh/ws2/src/yzbot_stm32connect/src/plc.cpp:40:109:[m[K [01;35m[Kwarning: [m[Kunused parameter ‘[01m[Kn_vx[m[K’ [[01;35m[K-Wunused-parameter[m[K]
[6.728s]    40 | int PLC::pub_odom(short int vx, short int vy, short int t1, short int t2, float angle_v, float angle, [01;35m[Kfloat n_vx[m[K, float n_vth)
[6.728s]       |                                                                                                       [01;35m[K~~~~~~^~~~[m[K
[6.728s] [01m[K/home/kgh/ws2/src/yzbot_stm32connect/src/plc.cpp:40:121:[m[K [01;35m[Kwarning: [m[Kunused parameter ‘[01m[Kn_vth[m[K’ [[01;35m[K-Wunused-parameter[m[K]
[6.728s]    40 | int PLC::pub_odom(short int vx, short int vy, short int t1, short int t2, float angle_v, float angle, float n_vx, [01;35m[Kfloat n_vth[m[K)
[6.728s]       |                                                                                                                   [01;35m[K~~~~~~^~~~~[m[K
[6.729s] [01m[K/home/kgh/ws2/src/yzbot_stm32connect/src/plc.cpp:[m[K In member function ‘[01m[Kvoid PLC::pub_robot_pose(int, int, double, double)[m[K’:
[6.729s] [01m[K/home/kgh/ws2/src/yzbot_stm32connect/src/plc.cpp:148:16:[m[K [01;35m[Kwarning: [m[Kunused variable ‘[01m[Kper_angle[m[K’ [[01;35m[K-Wunused-variable[m[K]
[6.729s]   148 |   static float [01;35m[Kper_angle[m[K = 0;
[6.729s]       |                [01;35m[K^~~~~~~~~[m[K
[6.730s] [01m[K/home/kgh/ws2/src/yzbot_stm32connect/src/plc.cpp:149:16:[m[K [01;35m[Kwarning: [m[Kunused variable ‘[01m[Ktrueth_angle[m[K’ [[01;35m[K-Wunused-variable[m[K]
[6.730s]   149 |   static float [01;35m[Ktrueth_angle[m[K = 0;
[6.730s]       |                [01;35m[K^~~~~~~~~~~~[m[K
[6.730s] [01m[K/home/kgh/ws2/src/yzbot_stm32connect/src/plc.cpp:146:30:[m[K [01;35m[Kwarning: [m[Kunused parameter ‘[01m[Kleft_t[m[K’ [[01;35m[K-Wunused-parameter[m[K]
[6.730s]   146 | void PLC::pub_robot_pose([01;35m[Kint left_t[m[K, int right_t, double angle_t, double angle_l)
[6.730s]       |                          [01;35m[K~~~~^~~~~~[m[K
[6.731s] [01m[K/home/kgh/ws2/src/yzbot_stm32connect/src/plc.cpp:146:42:[m[K [01;35m[Kwarning: [m[Kunused parameter ‘[01m[Kright_t[m[K’ [[01;35m[K-Wunused-parameter[m[K]
[6.731s]   146 | void PLC::pub_robot_pose(int left_t, [01;35m[Kint right_t[m[K, double angle_t, double angle_l)
[6.731s]       |                                      [01;35m[K~~~~^~~~~~~[m[K
[6.731s] [01m[K/home/kgh/ws2/src/yzbot_stm32connect/src/plc.cpp:146:58:[m[K [01;35m[Kwarning: [m[Kunused parameter ‘[01m[Kangle_t[m[K’ [[01;35m[K-Wunused-parameter[m[K]
[6.731s]   146 | void PLC::pub_robot_pose(int left_t, int right_t, [01;35m[Kdouble angle_t[m[K, double angle_l)
[6.732s]       |                                                   [01;35m[K~~~~~~~^~~~~~~[m[K
[6.732s] [01m[K/home/kgh/ws2/src/yzbot_stm32connect/src/plc.cpp:146:74:[m[K [01;35m[Kwarning: [m[Kunused parameter ‘[01m[Kangle_l[m[K’ [[01;35m[K-Wunused-parameter[m[K]
[6.732s]   146 | void PLC::pub_robot_pose(int left_t, int right_t, double angle_t, [01;35m[Kdouble angle_l[m[K)
[6.732s]       |                                                                   [01;35m[K~~~~~~~^~~~~~~[m[K
[7.171s] [01m[K/home/kgh/ws2/src/yzbot_stm32connect/src/robotserial.cpp:[m[K In function ‘[01m[Kvoid* Timer_Callback(void*)[m[K’:
[7.172s] [01m[K/home/kgh/ws2/src/yzbot_stm32connect/src/robotserial.cpp:7:28:[m[K [01;35m[Kwarning: [m[Kunused parameter ‘[01m[Karge[m[K’ [[01;35m[K-Wunused-parameter[m[K]
[7.172s]     7 | void *Timer_Callback([01;35m[Kvoid *arge[m[K)
[7.172s]       |                      [01;35m[K~~~~~~^~~~[m[K
[7.173s] [01m[K/home/kgh/ws2/src/yzbot_stm32connect/src/robotserial.cpp:[m[K In constructor ‘[01m[KRobotSerial::RobotSerial(std::shared_ptr<serial::Serial>)[m[K’:
[7.174s] [01m[K/home/kgh/ws2/src/yzbot_stm32connect/src/robotserial.cpp:27:9:[m[K [01;35m[Kwarning: [m[Kunused variable ‘[01m[Kret[m[K’ [[01;35m[K-Wunused-variable[m[K]
[7.174s]    27 |     int [01;35m[Kret[m[K = pthread_create(&pid, &attr, Timer_Callback, NULL);
[7.174s]       |         [01;35m[K^~~[m[K
[7.176s] [01m[K/home/kgh/ws2/src/yzbot_stm32connect/src/robotserial.cpp:[m[K In member function ‘[01m[Kint8_t RobotSerial::robotSerialRead()[m[K’:
[7.176s] [01m[K/home/kgh/ws2/src/yzbot_stm32connect/src/robotserial.cpp:46:11:[m[K [01;35m[Kwarning: [m[Kunused variable ‘[01m[Kread_byte[m[K’ [[01;35m[K-Wunused-variable[m[K]
[7.177s]    46 |    size_t [01;35m[Kread_byte[m[K = mSerial->read(RecvBUF+2, 17);
[7.177s]       |           [01;35m[K^~~~~~~~~[m[K
[7.184s] [01m[K/home/kgh/ws2/src/yzbot_stm32connect/src/robotserial.cpp:[m[K In member function ‘[01m[Kint RobotSerial::Get_Pms(int&, int&)[m[K’:
[7.184s] [01m[K/home/kgh/ws2/src/yzbot_stm32connect/src/robotserial.cpp:197:35:[m[K [01;35m[Kwarning: [m[Kvariable ‘[01m[KrecvFrameIndex[m[K’ set but not used [[01;35m[K-Wunused-but-set-variable[m[K]
[7.184s]   197 |                     unsigned char [01;35m[KrecvFrameIndex[m[K=0;
[7.185s]       |                                   [01;35m[K^~~~~~~~~~~~~~[m[K
[7.185s] [01m[K/home/kgh/ws2/src/yzbot_stm32connect/src/robotserial.cpp:198:35:[m[K [01;35m[Kwarning: [m[Kunused variable ‘[01m[Klength[m[K’ [[01;35m[K-Wunused-variable[m[K]
[7.185s]   198 |                     unsigned char [01;35m[Klength[m[K;
[7.185s]       |                                   [01;35m[K^~~~~~[m[K
[7.186s] [01m[K/home/kgh/ws2/src/yzbot_stm32connect/src/robotserial.cpp:199:35:[m[K [01;35m[Kwarning: [m[Kunused variable ‘[01m[Ks_devid[m[K’ [[01;35m[K-Wunused-variable[m[K]
[7.186s]   199 |                     unsigned char [01;35m[Ks_devid[m[K;
[7.186s]       |                                   [01;35m[K^~~~~~~[m[K
[7.187s] [01m[K/home/kgh/ws2/src/yzbot_stm32connect/src/robotserial.cpp:200:35:[m[K [01;35m[Kwarning: [m[Kunused variable ‘[01m[Kp_devid[m[K’ [[01;35m[K-Wunused-variable[m[K]
[7.187s]   200 |                     unsigned char [01;35m[Kp_devid[m[K;
[7.187s]       |                                   [01;35m[K^~~~~~~[m[K
[7.187s] [01m[K/home/kgh/ws2/src/yzbot_stm32connect/src/robotserial.cpp:201:35:[m[K [01;35m[Kwarning: [m[Kunused variable ‘[01m[Kcmd[m[K’ [[01;35m[K-Wunused-variable[m[K]
[7.187s]   201 |                     unsigned char [01;35m[Kcmd[m[K;
[7.188s]       |                                   [01;35m[K^~~[m[K
[7.188s] [01m[K/home/kgh/ws2/src/yzbot_stm32connect/src/robotserial.cpp:202:25:[m[K [01;35m[Kwarning: [m[Kunused variable ‘[01m[Kcharging_flag[m[K’ [[01;35m[K-Wunused-variable[m[K]
[7.188s]   202 |                     int [01;35m[Kcharging_flag[m[K = 0;
[7.188s]       |                         [01;35m[K^~~~~~~~~~~~~[m[K
[7.188s] [01m[K/home/kgh/ws2/src/yzbot_stm32connect/src/robotserial.cpp:203:25:[m[K [01;35m[Kwarning: [m[Kunused variable ‘[01m[Kbattary_level[m[K’ [[01;35m[K-Wunused-variable[m[K]
[7.189s]   203 |                     int [01;35m[Kbattary_level[m[K = 0;
[7.189s]       |                         [01;35m[K^~~~~~~~~~~~~[m[K
[7.197s] [01m[K/home/kgh/ws2/src/yzbot_stm32connect/src/robotserial.cpp:[m[K In member function ‘[01m[Kint8_t RobotSerial::GetOdom(unsigned char&, int16_t&, int16_t&, float&, float&, float&, int, int16_t&, int16_t&)[m[K’:
[7.197s] [01m[K/home/kgh/ws2/src/yzbot_stm32connect/src/robotserial.cpp:402:31:[m[K [01;35m[Kwarning: [m[K‘[01m[Kint ftime(timeb*)[m[K’ is deprecated [[01;35m[K-Wdeprecated-declarations[m[K]
[7.197s]   402 |                 ftime(&stTimeb[01;35m[K)[m[K;
[7.197s]       |                               [01;35m[K^[m[K
[7.197s] In file included from [01m[K/home/kgh/ws2/src/yzbot_stm32connect/include/robotserial.hpp:9[m[K,
[7.198s]                  from [01m[K/home/kgh/ws2/src/yzbot_stm32connect/src/robotserial.cpp:1[m[K:
[7.198s] [01m[K/usr/include/x86_64-linux-gnu/sys/timeb.h:39:12:[m[K [01;36m[Knote: [m[Kdeclared here
[7.198s]    39 | extern int [01;36m[Kftime[m[K (struct timeb *__timebuf)
[7.198s]       |            [01;36m[K^~~~~[m[K
[7.198s] [01m[K/home/kgh/ws2/src/yzbot_stm32connect/src/robotserial.cpp:402:31:[m[K [01;35m[Kwarning: [m[K‘[01m[Kint ftime(timeb*)[m[K’ is deprecated [[01;35m[K-Wdeprecated-declarations[m[K]
[7.198s]   402 |                 ftime(&stTimeb[01;35m[K)[m[K;
[7.198s]       |                               [01;35m[K^[m[K
[7.198s] In file included from [01m[K/home/kgh/ws2/src/yzbot_stm32connect/include/robotserial.hpp:9[m[K,
[7.198s]                  from [01m[K/home/kgh/ws2/src/yzbot_stm32connect/src/robotserial.cpp:1[m[K:
[7.198s] [01m[K/usr/include/x86_64-linux-gnu/sys/timeb.h:39:12:[m[K [01;36m[Knote: [m[Kdeclared here
[7.198s]    39 | extern int [01;36m[Kftime[m[K (struct timeb *__timebuf)
[7.199s]       |            [01;36m[K^~~~~[m[K
[7.199s] [01m[K/home/kgh/ws2/src/yzbot_stm32connect/src/robotserial.cpp:361:30:[m[K [01;35m[Kwarning: [m[Kvariable ‘[01m[Kper_get_Angle[m[K’ set but not used [[01;35m[K-Wunused-but-set-variable[m[K]
[7.199s]   361 |                 static float [01;35m[Kper_get_Angle[m[K = 0;
[7.199s]       |                              [01;35m[K^~~~~~~~~~~~~[m[K
[7.200s] [01m[K/home/kgh/ws2/src/yzbot_stm32connect/src/robotserial.cpp:363:31:[m[K [01;35m[Kwarning: [m[Kunused variable ‘[01m[Klength[m[K’ [[01;35m[K-Wunused-variable[m[K]
[7.200s]   363 |                 unsigned char [01;35m[Klength[m[K;
[7.200s]       |                               [01;35m[K^~~~~~[m[K
[7.201s] [01m[K/home/kgh/ws2/src/yzbot_stm32connect/src/robotserial.cpp:364:31:[m[K [01;35m[Kwarning: [m[Kunused variable ‘[01m[Ks_devid[m[K’ [[01;35m[K-Wunused-variable[m[K]
[7.201s]   364 |                 unsigned char [01;35m[Ks_devid[m[K;
[7.201s]       |                               [01;35m[K^~~~~~~[m[K
[7.201s] [01m[K/home/kgh/ws2/src/yzbot_stm32connect/src/robotserial.cpp:365:31:[m[K [01;35m[Kwarning: [m[Kunused variable ‘[01m[Kp_devid[m[K’ [[01;35m[K-Wunused-variable[m[K]
[7.201s]   365 |                 unsigned char [01;35m[Kp_devid[m[K;
[7.201s]       |                               [01;35m[K^~~~~~~[m[K
[7.201s] [01m[K/home/kgh/ws2/src/yzbot_stm32connect/src/robotserial.cpp:366:31:[m[K [01;35m[Kwarning: [m[Kunused variable ‘[01m[Kcmd[m[K’ [[01;35m[K-Wunused-variable[m[K]
[7.201s]   366 |                 unsigned char [01;35m[Kcmd[m[K;
[7.201s]       |                               [01;35m[K^~~[m[K
[7.202s] [01m[K/home/kgh/ws2/src/yzbot_stm32connect/src/robotserial.cpp:316:18:[m[K [01;35m[Kwarning: [m[Kunused variable ‘[01m[Kangle_per[m[K’ [[01;35m[K-Wunused-variable[m[K]
[7.202s]   316 |     static float [01;35m[Kangle_per[m[K = 0;
[7.202s]       |                  [01;35m[K^~~~~~~~~[m[K
[7.202s] [01m[K/home/kgh/ws2/src/yzbot_stm32connect/src/robotserial.cpp:[m[K In member function ‘[01m[Kint8_t RobotSerial::GetAutoSpeed()[m[K’:
[7.202s] [01m[K/home/kgh/ws2/src/yzbot_stm32connect/src/robotserial.cpp:468:24:[m[K [01;35m[Kwarning: [m[Kunused variable ‘[01m[Klinear[m[K’ [[01;35m[K-Wunused-variable[m[K]
[7.202s]   468 |                 double [01;35m[Klinear[m[K = (short)((RecvBUF[8]<<8) + RecvBUF[9]);     // 线速度
[7.203s]       |                        [01;35m[K^~~~~~[m[K
[7.203s] [01m[K/home/kgh/ws2/src/yzbot_stm32connect/src/robotserial.cpp:469:24:[m[K [01;35m[Kwarning: [m[Kunused variable ‘[01m[Kangular[m[K’ [[01;35m[K-Wunused-variable[m[K]
[7.203s]   469 |                 double [01;35m[Kangular[m[K = (short)((RecvBUF[10]<<8) + RecvBUF[11]);  // 角速度
[7.203s]       |                        [01;35m[K^~~~~~~[m[K
[7.203s] [01m[K/home/kgh/ws2/src/yzbot_stm32connect/src/robotserial.cpp:470:21:[m[K [01;35m[Kwarning: [m[Kunused variable ‘[01m[KautoChargeTaskFlag[m[K’ [[01;35m[K-Wunused-variable[m[K]
[7.203s]   470 |                 int [01;35m[KautoChargeTaskFlag[m[K = RecvBUF[12];
[7.203s]       |                     [01;35m[K^~~~~~~~~~~~~~~~~~[m[K
[7.203s] [01m[K/home/kgh/ws2/src/yzbot_stm32connect/src/robotserial.cpp:471:21:[m[K [01;35m[Kwarning: [m[Kunused variable ‘[01m[KEmergency_flag[m[K’ [[01;35m[K-Wunused-variable[m[K]
[7.203s]   471 |                 int [01;35m[KEmergency_flag[m[K = RecvBUF[13];
[7.203s]       |                     [01;35m[K^~~~~~~~~~~~~~[m[K
[7.207s] [01m[K/home/kgh/ws2/src/yzbot_stm32connect/src/robotserial.cpp:472:21:[m[K [01;35m[Kwarning: [m[Kunused variable ‘[01m[KreChargeFlag[m[K’ [[01;35m[K-Wunused-variable[m[K]
[7.208s]   472 |                 int [01;35m[KreChargeFlag[m[K = RecvBUF[14];
[7.208s]       |                     [01;35m[K^~~~~~~~~~~~[m[K
[7.209s] [01m[K/home/kgh/ws2/src/yzbot_stm32connect/src/robotserial.cpp:[m[K In member function ‘[01m[Kint8_t RobotSerial::SetSensorEn(int, int)[m[K’:
[7.209s] [01m[K/home/kgh/ws2/src/yzbot_stm32connect/src/robotserial.cpp:524:13:[m[K [01;35m[Kwarning: [m[Kunused variable ‘[01m[KcarLight_result[m[K’ [[01;35m[K-Wunused-variable[m[K]
[7.209s]   524 |         int [01;35m[KcarLight_result[m[K = RecvBUF[9];
[7.210s]       |             [01;35m[K^~~~~~~~~~~~~~~[m[K
[7.210s] [01m[K/home/kgh/ws2/src/yzbot_stm32connect/src/robotserial.cpp:525:13:[m[K [01;35m[Kwarning: [m[Kunused variable ‘[01m[KturnLight_result[m[K’ [[01;35m[K-Wunused-variable[m[K]
[7.210s]   525 |         int [01;35m[KturnLight_result[m[K = RecvBUF[10];
[7.210s]       |             [01;35m[K^~~~~~~~~~~~~~~~[m[K
[7.215s] [01m[K/home/kgh/ws2/src/yzbot_stm32connect/src/robotserial.cpp:[m[K In member function ‘[01m[Kint RobotSerial::get_ultrasound_result(int&, int&)[m[K’:
[7.215s] [01m[K/home/kgh/ws2/src/yzbot_stm32connect/src/robotserial.cpp:609:31:[m[K [01;35m[Kwarning: [m[Kunused variable ‘[01m[KrecvFrameIndex[m[K’ [[01;35m[K-Wunused-variable[m[K]
[7.215s]   609 |                 unsigned char [01;35m[KrecvFrameIndex[m[K=0;
[7.215s]       |                               [01;35m[K^~~~~~~~~~~~~~[m[K
[7.215s] [01m[K/home/kgh/ws2/src/yzbot_stm32connect/src/robotserial.cpp:610:31:[m[K [01;35m[Kwarning: [m[Kunused variable ‘[01m[Klength[m[K’ [[01;35m[K-Wunused-variable[m[K]
[7.215s]   610 |                 unsigned char [01;35m[Klength[m[K;
[7.215s]       |                               [01;35m[K^~~~~~[m[K
[7.215s] [01m[K/home/kgh/ws2/src/yzbot_stm32connect/src/robotserial.cpp:611:31:[m[K [01;35m[Kwarning: [m[Kunused variable ‘[01m[Ks_devid[m[K’ [[01;35m[K-Wunused-variable[m[K]
[7.215s]   611 |                 unsigned char [01;35m[Ks_devid[m[K;
[7.216s]       |                               [01;35m[K^~~~~~~[m[K
[7.216s] [01m[K/home/kgh/ws2/src/yzbot_stm32connect/src/robotserial.cpp:612:31:[m[K [01;35m[Kwarning: [m[Kunused variable ‘[01m[Kp_devid[m[K’ [[01;35m[K-Wunused-variable[m[K]
[7.216s]   612 |                 unsigned char [01;35m[Kp_devid[m[K;
[7.216s]       |                               [01;35m[K^~~~~~~[m[K
[7.216s] [01m[K/home/kgh/ws2/src/yzbot_stm32connect/src/robotserial.cpp:613:31:[m[K [01;35m[Kwarning: [m[Kunused variable ‘[01m[Kcmd[m[K’ [[01;35m[K-Wunused-variable[m[K]
[7.216s]   613 |                 unsigned char [01;35m[Kcmd[m[K;
[7.216s]       |                               [01;35m[K^~~[m[K
[7.216s] [01m[K/home/kgh/ws2/src/yzbot_stm32connect/src/robotserial.cpp:579:16:[m[K [01;35m[Kwarning: [m[Kunused variable ‘[01m[Ktmp[m[K’ [[01;35m[K-Wunused-variable[m[K]
[7.216s]   579 |     static int [01;35m[Ktmp[m[K = 0;
[7.216s]       |                [01;35m[K^~~[m[K
[7.217s] [01m[K/home/kgh/ws2/src/yzbot_stm32connect/src/robotserial.cpp:[m[K In member function ‘[01m[Kint8_t RobotSerial::GetNeckPose(int&, int&, int&, int, int)[m[K’:
[7.217s] [01m[K/home/kgh/ws2/src/yzbot_stm32connect/src/robotserial.cpp:674:27:[m[K [01;35m[Kwarning: [m[Kunused variable ‘[01m[Kmheight[m[K’ [[01;35m[K-Wunused-variable[m[K]
[7.217s]   674 |                 short int [01;35m[Kmheight[m[K = 0;
[7.217s]       |                           [01;35m[K^~~~~~~[m[K
[7.217s] [01m[K/home/kgh/ws2/src/yzbot_stm32connect/src/robotserial.cpp:675:27:[m[K [01;35m[Kwarning: [m[Kunused variable ‘[01m[Kmlimit[m[K’ [[01;35m[K-Wunused-variable[m[K]
[7.217s]   675 |                 short int [01;35m[Kmlimit[m[K = 0;
[7.217s]       |                           [01;35m[K^~~~~~[m[K
[7.217s] [01m[K/home/kgh/ws2/src/yzbot_stm32connect/src/robotserial.cpp:676:27:[m[K [01;35m[Kwarning: [m[Kunused variable ‘[01m[Kmdone[m[K’ [[01;35m[K-Wunused-variable[m[K]
[7.218s]   676 |                 short int [01;35m[Kmdone[m[K = 0;
[7.218s]       |                           [01;35m[K^~~~~[m[K
[7.218s] [01m[K/home/kgh/ws2/src/yzbot_stm32connect/src/robotserial.cpp:[m[K In member function ‘[01m[Kint8_t RobotSerial::GetHeadPose(int&, int&, int&)[m[K’:
[7.218s] [01m[K/home/kgh/ws2/src/yzbot_stm32connect/src/robotserial.cpp:724:27:[m[K [01;35m[Kwarning: [m[Kunused variable ‘[01m[KmSwitch_flag[m[K’ [[01;35m[K-Wunused-variable[m[K]
[7.218s]   724 |                 short int [01;35m[KmSwitch_flag[m[K = 0;
[7.219s]       |                           [01;35m[K^~~~~~~~~~~~[m[K
[8.691s] [01m[K/home/kgh/ws2/src/yzbot_stm32connect/src/robotserial.cpp:[m[K In member function ‘[01m[Kint8_t RobotSerial::robotSerialRead()[m[K’:
[8.691s] [01m[K/home/kgh/ws2/src/yzbot_stm32connect/src/robotserial.cpp:63:1:[m[K [01;35m[Kwarning: [m[Kcontrol reaches end of non-void function [[01;35m[K-Wreturn-type[m[K]
[8.691s]    63 | [01;35m[K}[m[K
[8.691s]       | [01;35m[K^[m[K
[8.702s] [01m[K/home/kgh/ws2/src/yzbot_stm32connect/src/robotserial.cpp:[m[K In member function ‘[01m[Kint RobotSerial::SendHeardCtrl(int)[m[K’:
[8.703s] [01m[K/home/kgh/ws2/src/yzbot_stm32connect/src/robotserial.cpp:856:19:[m[K [01;35m[Kwarning: [m[Kthis statement may fall through [[01;35m[K-Wimplicit-fallthrough=[m[K]
[8.703s]   856 |         [01;35m[KSendBUF[8]=0x08[m[K;
[8.703s]       |         [01;35m[K~~~~~~~~~~^~~~~[m[K
[8.703s] [01m[K/home/kgh/ws2/src/yzbot_stm32connect/src/robotserial.cpp:857:9:[m[K [01;36m[Knote: [m[Khere
[8.703s]   857 |         [01;36m[Kcase[m[K 9:
[8.703s]       |         [01;36m[K^~~~[m[K
[8.727s] [01m[K/home/kgh/ws2/src/yzbot_stm32connect/src/robotserial.cpp:[m[K At global scope:
[8.727s] [01m[K/home/kgh/ws2/src/yzbot_stm32connect/src/robotserial.cpp:579:16:[m[K [01;35m[Kwarning: [m[K‘[01m[Ktmp[m[K’ defined but not used [[01;35m[K-Wunused-variable[m[K]
[8.727s]   579 |     static int [01;35m[Ktmp[m[K = 0;
[8.728s]       |                [01;35m[K^~~[m[K
[8.728s] [01m[K/home/kgh/ws2/src/yzbot_stm32connect/src/robotserial.cpp:316:18:[m[K [01;35m[Kwarning: [m[K‘[01m[Kangle_per[m[K’ defined but not used [[01;35m[K-Wunused-variable[m[K]
[8.728s]   316 |     static float [01;35m[Kangle_per[m[K = 0;
[8.728s]       |                  [01;35m[K^~~~~~~~~[m[K
[10.905s] [01m[K/home/kgh/ws2/src/yzbot_stm32connect/src/plc.cpp:[m[K At global scope:
[10.905s] [01m[K/home/kgh/ws2/src/yzbot_stm32connect/src/plc.cpp:149:16:[m[K [01;35m[Kwarning: [m[K‘[01m[Ktrueth_angle[m[K’ defined but not used [[01;35m[K-Wunused-variable[m[K]
[10.905s]   149 |   static float [01;35m[Ktrueth_angle[m[K = 0;
[10.905s]       |                [01;35m[K^~~~~~~~~~~~[m[K
[10.905s] [01m[K/home/kgh/ws2/src/yzbot_stm32connect/src/plc.cpp:148:16:[m[K [01;35m[Kwarning: [m[K‘[01m[Kper_angle[m[K’ defined but not used [[01;35m[K-Wunused-variable[m[K]
[10.905s]   148 |   static float [01;35m[Kper_angle[m[K = 0;
[10.905s]       |                [01;35m[K^~~~~~~~~[m[K
[13.583s] [100%] [32m[1mLinking CXX executable stm32_connect[0m
[13.874s] [100%] Built target stm32_connect
[13.886s] Invoked command in '/home/kgh/ws2/build/yzbot_stm32connect' returned '0': CMAKE_PREFIX_PATH=/home/kgh/ws2/install/yzbot_msgs:/home/kgh/ws2/install/yzbot_stm32connect:/home/kgh/ws2/install/yzbot_nav2:/home/kgh/ws2/install/yzbot_cartographer:/home/kgh/ws2/install/nav2_system_tests:/home/kgh/ws2/install/nav2_bringup:/home/kgh/ws2/install/navigation2:/home/kgh/ws2/install/smac_planner:/home/kgh/ws2/install/nav2_dwb_controller:/home/kgh/ws2/install/nav2_controller:/home/kgh/ws2/install/dwb_plugins:/home/kgh/ws2/install/dwb_critics:/home/kgh/ws2/install/dwb_core:/home/kgh/ws2/install/nav_2d_utils:/home/kgh/ws2/install/dwb_msgs:/home/kgh/ws2/install/nav_2d_msgs:/home/kgh/ws2/install/nav2_waypoint_follower:/home/kgh/ws2/install/nav2_regulated_pure_pursuit_controller:/home/kgh/ws2/install/nav2_recoveries:/home/kgh/ws2/install/nav2_planner:/home/kgh/ws2/install/nav2_navfn_planner:/home/kgh/ws2/install/nav2_core:/home/kgh/ws2/install/costmap_queue:/home/kgh/ws2/install/nav2_costmap_2d:/home/kgh/ws2/install/nav2_voxel_grid:/home/kgh/ws2/install/nav2_rviz_plugins:/home/kgh/ws2/install/nav2_map_server:/home/kgh/ws2/install/nav2_lifecycle_manager:/home/kgh/ws2/install/nav2_bt_navigator:/home/kgh/ws2/install/nav2_behavior_tree:/home/kgh/ws2/install/nav2_amcl:/home/kgh/ws2/install/nav2_util:/home/kgh/ws2/install/nav2_msgs:/home/kgh/ws2/install/nav2_common:/home/kgh/ws2/install/bluesea2:/home/kgh/ws2/install/yzbot_description:/home/kgh/ws2/install/yzbot_controller:/home/kgh/ws2/install/nav2_gazebo_spawner:/opt/ros/foxy /usr/bin/cmake --build /home/kgh/ws2/build/yzbot_stm32connect -- -j16 -l16
[13.928s] Invoking command in '/home/kgh/ws2/build/yzbot_stm32connect': CMAKE_PREFIX_PATH=/home/kgh/ws2/install/yzbot_msgs:/home/kgh/ws2/install/yzbot_stm32connect:/home/kgh/ws2/install/yzbot_nav2:/home/kgh/ws2/install/yzbot_cartographer:/home/kgh/ws2/install/nav2_system_tests:/home/kgh/ws2/install/nav2_bringup:/home/kgh/ws2/install/navigation2:/home/kgh/ws2/install/smac_planner:/home/kgh/ws2/install/nav2_dwb_controller:/home/kgh/ws2/install/nav2_controller:/home/kgh/ws2/install/dwb_plugins:/home/kgh/ws2/install/dwb_critics:/home/kgh/ws2/install/dwb_core:/home/kgh/ws2/install/nav_2d_utils:/home/kgh/ws2/install/dwb_msgs:/home/kgh/ws2/install/nav_2d_msgs:/home/kgh/ws2/install/nav2_waypoint_follower:/home/kgh/ws2/install/nav2_regulated_pure_pursuit_controller:/home/kgh/ws2/install/nav2_recoveries:/home/kgh/ws2/install/nav2_planner:/home/kgh/ws2/install/nav2_navfn_planner:/home/kgh/ws2/install/nav2_core:/home/kgh/ws2/install/costmap_queue:/home/kgh/ws2/install/nav2_costmap_2d:/home/kgh/ws2/install/nav2_voxel_grid:/home/kgh/ws2/install/nav2_rviz_plugins:/home/kgh/ws2/install/nav2_map_server:/home/kgh/ws2/install/nav2_lifecycle_manager:/home/kgh/ws2/install/nav2_bt_navigator:/home/kgh/ws2/install/nav2_behavior_tree:/home/kgh/ws2/install/nav2_amcl:/home/kgh/ws2/install/nav2_util:/home/kgh/ws2/install/nav2_msgs:/home/kgh/ws2/install/nav2_common:/home/kgh/ws2/install/bluesea2:/home/kgh/ws2/install/yzbot_description:/home/kgh/ws2/install/yzbot_controller:/home/kgh/ws2/install/nav2_gazebo_spawner:/opt/ros/foxy /usr/bin/cmake --install /home/kgh/ws2/build/yzbot_stm32connect
[13.937s] -- Install configuration: ""
[13.937s] -- Installing: /home/kgh/ws2/install/yzbot_stm32connect/lib/yzbot_stm32connect/libserial.a
[13.938s] -- Installing: /home/kgh/ws2/install/yzbot_stm32connect/lib/yzbot_stm32connect/stm32_connect
[13.940s] -- Set runtime path of "/home/kgh/ws2/install/yzbot_stm32connect/lib/yzbot_stm32connect/stm32_connect" to ""
[13.940s] -- Installing: /home/kgh/ws2/install/yzbot_stm32connect/share/ament_index/resource_index/package_run_dependencies/yzbot_stm32connect
[13.940s] -- Installing: /home/kgh/ws2/install/yzbot_stm32connect/share/ament_index/resource_index/parent_prefix_path/yzbot_stm32connect
[13.940s] -- Installing: /home/kgh/ws2/install/yzbot_stm32connect/share/yzbot_stm32connect/environment/ament_prefix_path.sh
[13.940s] -- Installing: /home/kgh/ws2/install/yzbot_stm32connect/share/yzbot_stm32connect/environment/ament_prefix_path.dsv
[13.940s] -- Installing: /home/kgh/ws2/install/yzbot_stm32connect/share/yzbot_stm32connect/environment/path.sh
[13.941s] -- Installing: /home/kgh/ws2/install/yzbot_stm32connect/share/yzbot_stm32connect/environment/path.dsv
[13.941s] -- Installing: /home/kgh/ws2/install/yzbot_stm32connect/share/yzbot_stm32connect/local_setup.bash
[13.941s] -- Installing: /home/kgh/ws2/install/yzbot_stm32connect/share/yzbot_stm32connect/local_setup.sh
[13.941s] -- Installing: /home/kgh/ws2/install/yzbot_stm32connect/share/yzbot_stm32connect/local_setup.zsh
[13.941s] -- Installing: /home/kgh/ws2/install/yzbot_stm32connect/share/yzbot_stm32connect/local_setup.dsv
[13.941s] -- Installing: /home/kgh/ws2/install/yzbot_stm32connect/share/yzbot_stm32connect/package.dsv
[13.941s] -- Installing: /home/kgh/ws2/install/yzbot_stm32connect/share/ament_index/resource_index/packages/yzbot_stm32connect
[13.941s] -- Installing: /home/kgh/ws2/install/yzbot_stm32connect/share/yzbot_stm32connect/cmake/yzbot_stm32connectConfig.cmake
[13.942s] -- Installing: /home/kgh/ws2/install/yzbot_stm32connect/share/yzbot_stm32connect/cmake/yzbot_stm32connectConfig-version.cmake
[13.942s] -- Installing: /home/kgh/ws2/install/yzbot_stm32connect/share/yzbot_stm32connect/package.xml
[13.943s] Invoked command in '/home/kgh/ws2/build/yzbot_stm32connect' returned '0': CMAKE_PREFIX_PATH=/home/kgh/ws2/install/yzbot_msgs:/home/kgh/ws2/install/yzbot_stm32connect:/home/kgh/ws2/install/yzbot_nav2:/home/kgh/ws2/install/yzbot_cartographer:/home/kgh/ws2/install/nav2_system_tests:/home/kgh/ws2/install/nav2_bringup:/home/kgh/ws2/install/navigation2:/home/kgh/ws2/install/smac_planner:/home/kgh/ws2/install/nav2_dwb_controller:/home/kgh/ws2/install/nav2_controller:/home/kgh/ws2/install/dwb_plugins:/home/kgh/ws2/install/dwb_critics:/home/kgh/ws2/install/dwb_core:/home/kgh/ws2/install/nav_2d_utils:/home/kgh/ws2/install/dwb_msgs:/home/kgh/ws2/install/nav_2d_msgs:/home/kgh/ws2/install/nav2_waypoint_follower:/home/kgh/ws2/install/nav2_regulated_pure_pursuit_controller:/home/kgh/ws2/install/nav2_recoveries:/home/kgh/ws2/install/nav2_planner:/home/kgh/ws2/install/nav2_navfn_planner:/home/kgh/ws2/install/nav2_core:/home/kgh/ws2/install/costmap_queue:/home/kgh/ws2/install/nav2_costmap_2d:/home/kgh/ws2/install/nav2_voxel_grid:/home/kgh/ws2/install/nav2_rviz_plugins:/home/kgh/ws2/install/nav2_map_server:/home/kgh/ws2/install/nav2_lifecycle_manager:/home/kgh/ws2/install/nav2_bt_navigator:/home/kgh/ws2/install/nav2_behavior_tree:/home/kgh/ws2/install/nav2_amcl:/home/kgh/ws2/install/nav2_util:/home/kgh/ws2/install/nav2_msgs:/home/kgh/ws2/install/nav2_common:/home/kgh/ws2/install/bluesea2:/home/kgh/ws2/install/yzbot_description:/home/kgh/ws2/install/yzbot_controller:/home/kgh/ws2/install/nav2_gazebo_spawner:/opt/ros/foxy /usr/bin/cmake --install /home/kgh/ws2/build/yzbot_stm32connect
