[35m[1mScanning dependencies of target pf_lib[0m
[ 11%] [32mBuilding C object src/pf/CMakeFiles/pf_lib.dir/pf.c.o[0m
[ 26%] Built target map_lib
[01m[K/home/kgh/ws2/src/navigation2/nav2_amcl/src/pf/pf.c:[m[K In function ‘[01m[Kpf_alloc[m[K’:
[01m[K/home/kgh/ws2/src/navigation2/nav2_amcl/src/pf/pf.c:49:16:[m[K [01;31m[Kerror: [m[K‘[01m[Klost_w[m[K’ undeclared (first use in this function)
   49 |   pf->lost_w = [01;31m[Klost_w[m[K;
      |                [01;31m[K^~~~~~[m[K
[01m[K/home/kgh/ws2/src/navigation2/nav2_amcl/src/pf/pf.c:49:16:[m[K [01;36m[Knote: [m[Keach undeclared identifier is reported only once for each function it appears in
[01m[K/home/kgh/ws2/src/navigation2/nav2_amcl/src/pf/pf.c:50:16:[m[K [01;31m[Kerror: [m[K‘[01m[Kpoor_w[m[K’ undeclared (first use in this function)
   50 |   pf->poor_w = [01;31m[Kpoor_w[m[K;
      |                [01;31m[K^~~~~~[m[K
[01m[K/home/kgh/ws2/src/navigation2/nav2_amcl/src/pf/pf.c:51:16:[m[K [01;31m[Kerror: [m[K‘[01m[Klost_m[m[K’ undeclared (first use in this function)
   51 |   pf->lost_m = [01;31m[Klost_m[m[K;
      |                [01;31m[K^~~~~~[m[K
[01m[K/home/kgh/ws2/src/navigation2/nav2_amcl/src/pf/pf.c:52:16:[m[K [01;31m[Kerror: [m[K‘[01m[Kpoor_m[m[K’ undeclared (first use in this function)
   52 |   pf->poor_m = [01;31m[Kpoor_m[m[K;
      |                [01;31m[K^~~~~~[m[K
[01m[K/home/kgh/ws2/src/navigation2/nav2_amcl/src/pf/pf.c:53:20:[m[K [01;31m[Kerror: [m[K‘[01m[Kpoor_wdiff[m[K’ undeclared (first use in this function)
   53 |   pf->poor_wdiff = [01;31m[Kpoor_wdiff[m[K;
      |                    [01;31m[K^~~~~~~~~~[m[K
make[2]: *** [src/pf/CMakeFiles/pf_lib.dir/build.make:63：src/pf/CMakeFiles/pf_lib.dir/pf.c.o] 错误 1
make[1]: *** [CMakeFiles/Makefile2:278：src/pf/CMakeFiles/pf_lib.dir/all] 错误 2
make: *** [Makefile:141：all] 错误 2
