[0.578s] Invoking command in '/home/kgh/ws2/build/nav2_behavior_tree': CMAKE_PREFIX_PATH=/home/kgh/ws2/install/nav2_util:/home/kgh/ws2/install/nav2_msgs:/home/kgh/ws2/install/nav2_common:/home/kgh/ws2/install/yzbot_nav2:/home/kgh/ws2/install/yzbot_cartographer:/home/kgh/ws2/install/nav2_system_tests:/home/kgh/ws2/install/nav2_bringup:/home/kgh/ws2/install/navigation2:/home/kgh/ws2/install/smac_planner:/home/kgh/ws2/install/nav2_dwb_controller:/home/kgh/ws2/install/nav2_controller:/home/kgh/ws2/install/dwb_plugins:/home/kgh/ws2/install/dwb_critics:/home/kgh/ws2/install/dwb_core:/home/kgh/ws2/install/nav_2d_utils:/home/kgh/ws2/install/dwb_msgs:/home/kgh/ws2/install/nav_2d_msgs:/home/kgh/ws2/install/nav2_waypoint_follower:/home/kgh/ws2/install/nav2_regulated_pure_pursuit_controller:/home/kgh/ws2/install/nav2_recoveries:/home/kgh/ws2/install/nav2_planner:/home/kgh/ws2/install/nav2_navfn_planner:/home/kgh/ws2/install/nav2_core:/home/kgh/ws2/install/costmap_queue:/home/kgh/ws2/install/nav2_costmap_2d:/home/kgh/ws2/install/nav2_voxel_grid:/home/kgh/ws2/install/nav2_rviz_plugins:/home/kgh/ws2/install/nav2_map_server:/home/kgh/ws2/install/nav2_lifecycle_manager:/home/kgh/ws2/install/nav2_bt_navigator:/home/kgh/ws2/install/nav2_behavior_tree:/home/kgh/ws2/install/nav2_amcl:/home/kgh/ws2/install/bluesea2:/home/kgh/ws2/install/yzbot_description:/home/kgh/ws2/install/yzbot_controller:/home/kgh/ws2/install/nav2_gazebo_spawner:/opt/ros/foxy LD_LIBRARY_PATH=/home/kgh/ws2/install/nav2_util/lib:/home/kgh/ws2/install/nav2_msgs/lib:/home/kgh/ws2/install/smac_planner/lib:/home/kgh/ws2/install/nav2_controller/lib:/home/kgh/ws2/install/dwb_plugins/lib:/home/kgh/ws2/install/dwb_critics/lib:/home/kgh/ws2/install/dwb_core/lib:/home/kgh/ws2/install/nav_2d_utils/lib:/home/kgh/ws2/install/dwb_msgs/lib:/home/kgh/ws2/install/nav_2d_msgs/lib:/home/kgh/ws2/install/nav2_waypoint_follower/lib:/home/kgh/ws2/install/nav2_regulated_pure_pursuit_controller/lib:/home/kgh/ws2/install/nav2_recoveries/lib:/home/kgh/ws2/install/nav2_planner/lib:/home/kgh/ws2/install/nav2_navfn_planner/lib:/home/kgh/ws2/install/costmap_queue/lib:/home/kgh/ws2/install/nav2_costmap_2d/lib:/home/kgh/ws2/install/nav2_voxel_grid/lib:/home/kgh/ws2/install/nav2_rviz_plugins/lib:/home/kgh/ws2/install/nav2_map_server/lib:/home/kgh/ws2/install/nav2_lifecycle_manager/lib:/home/kgh/ws2/install/nav2_bt_navigator/lib:/home/kgh/ws2/install/nav2_behavior_tree/lib:/home/kgh/ws2/install/nav2_amcl/lib:/usr/lib/x86_64-linux-gnu/gazebo-11/plugins:/opt/ros/foxy/opt/yaml_cpp_vendor/lib:/opt/ros/foxy/opt/rviz_ogre_vendor/lib:/opt/ros/foxy/lib/x86_64-linux-gnu:/opt/ros/foxy/lib PYTHONPATH=/home/kgh/ws2/install/nav2_msgs/lib/python3.8/site-packages:/home/kgh/ws2/install/nav2_common/lib/python3.8/site-packages:/home/kgh/ws2/install/yzbot_description/lib/python3.8/site-packages:/home/kgh/ws2/install/yzbot_controller/lib/python3.8/site-packages:/home/kgh/ws2/install/dwb_msgs/lib/python3.8/site-packages:/home/kgh/ws2/install/nav_2d_msgs/lib/python3.8/site-packages:/home/kgh/ws2/install/nav2_gazebo_spawner/lib/python3.8/site-packages:/opt/ros/foxy/lib/python3.8/site-packages /usr/bin/cmake /home/kgh/ws2/src/navigation2/nav2_behavior_tree -DCMAKE_INSTALL_PREFIX=/home/kgh/ws2/install/nav2_behavior_tree
[0.635s] -- The CXX compiler identification is GNU 9.4.0
[0.643s] -- Check for working CXX compiler: /usr/bin/c++
[0.720s] -- Check for working CXX compiler: /usr/bin/c++ -- works
[0.721s] -- Detecting CXX compiler ABI info
[0.796s] -- Detecting CXX compiler ABI info - done
[0.805s] -- Detecting CXX compile features
[0.805s] -- Detecting CXX compile features - done
[0.808s] -- Found ament_cmake: 0.9.12 (/opt/ros/foxy/share/ament_cmake/cmake)
[0.832s] -- Found PythonInterp: /usr/bin/python3 (found suitable version "3.8.10", minimum required is "3") 
[0.832s] -- Using PYTHON_EXECUTABLE: /usr/bin/python3
[1.020s] -- Found nav2_common: 0.4.7 (/home/kgh/ws2/install/nav2_common/share/nav2_common/cmake)
[1.022s] -- Found rclcpp: 2.4.3 (/opt/ros/foxy/share/rclcpp/cmake)
[1.076s] -- Using all available rosidl_typesupport_c: rosidl_typesupport_fastrtps_c;rosidl_typesupport_introspection_c
[1.084s] -- Found rosidl_adapter: 1.3.1 (/opt/ros/foxy/share/rosidl_adapter/cmake)
[1.181s] -- Found OpenSSL: /usr/lib/x86_64-linux-gnu/libcrypto.so (found version "1.1.1f")  
[1.215s] -- Found FastRTPS: /opt/ros/foxy/include  
[1.289s] -- Using all available rosidl_typesupport_cpp: rosidl_typesupport_fastrtps_cpp;rosidl_typesupport_introspection_cpp
[1.346s] -- Found rmw_implementation_cmake: 1.0.4 (/opt/ros/foxy/share/rmw_implementation_cmake/cmake)
[1.349s] -- Using RMW implementation 'rmw_fastrtps_cpp' as default
[1.360s] -- Looking for C++ include pthread.h
[1.456s] -- Looking for C++ include pthread.h - found
[1.457s] -- Performing Test CMAKE_HAVE_LIBC_PTHREAD
[1.536s] -- Performing Test CMAKE_HAVE_LIBC_PTHREAD - Failed
[1.536s] -- Looking for pthread_create in pthreads
[1.601s] -- Looking for pthread_create in pthreads - not found
[1.601s] -- Looking for pthread_create in pthread
[1.678s] -- Looking for pthread_create in pthread - found
[1.679s] -- Found Threads: TRUE  
[1.823s] -- Found rclcpp_action: 2.4.3 (/opt/ros/foxy/share/rclcpp_action/cmake)
[1.896s] -- Found rclcpp_lifecycle: 2.4.3 (/opt/ros/foxy/share/rclcpp_lifecycle/cmake)
[1.934s] -- Found geometry_msgs: 2.0.5 (/opt/ros/foxy/share/geometry_msgs/cmake)
[1.966s] -- Found sensor_msgs: 2.0.5 (/opt/ros/foxy/share/sensor_msgs/cmake)
[2.026s] -- Found nav2_msgs: 0.4.7 (/home/kgh/ws2/install/nav2_msgs/share/nav2_msgs/cmake)
[2.313s] -- Found tf2_ros: 0.13.14 (/opt/ros/foxy/share/tf2_ros/cmake)
[2.560s] -- Found tf2_geometry_msgs: 0.13.14 (/opt/ros/foxy/share/tf2_geometry_msgs/cmake)
[2.570s] -- Found eigen3_cmake_module: 0.1.1 (/opt/ros/foxy/share/eigen3_cmake_module/cmake)
[2.573s] -- Found Eigen3: TRUE (found version "3.3.7") 
[2.597s] -- Found std_srvs: 2.0.5 (/opt/ros/foxy/share/std_srvs/cmake)
[2.605s] -- Found nav2_util: 0.4.7 (/home/kgh/ws2/install/nav2_util/share/nav2_util/cmake)
[2.745s] -- Setting build type to Release as none was specified.
[8.853s] -- Found ament_lint_auto: 0.9.8 (/opt/ros/foxy/share/ament_lint_auto/cmake)
[8.964s] -- Found ament_cmake_gtest: 0.9.12 (/opt/ros/foxy/share/ament_cmake_gtest/cmake)
[8.968s] -- Found gtest sources under '/opt/ros/foxy/src/gtest_vendor': C++ tests using 'Google Test' will be built
[9.010s] -- The C compiler identification is GNU 9.4.0
[9.014s] -- Check for working C compiler: /usr/bin/cc
[9.093s] -- Check for working C compiler: /usr/bin/cc -- works
[9.093s] -- Detecting C compiler ABI info
[9.166s] -- Detecting C compiler ABI info - done
[9.181s] -- Detecting C compile features
[9.182s] -- Detecting C compile features - done
[9.183s] -- Check if compiler accepts -pthread
[9.281s] -- Check if compiler accepts -pthread - yes
[12.897s] -- Added test 'copyright' to check source files copyright and LICENSE
[12.902s] -- Added test 'cppcheck' to perform static code analysis on C / C++ code
[12.904s] -- Configured cppcheck include dirs: /home/kgh/ws2/src/navigation2/nav2_behavior_tree/include
[12.904s] -- Configured cppcheck exclude dirs and/or files: 
[12.908s] -- Added test 'cpplint' to check C / C++ code against the Google style
[12.908s] -- Configured cpplint exclude dirs and/or files: 
[12.910s] -- Added test 'lint_cmake' to check CMake code style
[12.915s] -- Added test 'uncrustify' to check C / C++ code style
[12.916s] -- Configured uncrustify additional arguments: 
[12.917s] -- Added test 'xmllint' to check XML markup files
[12.925s] -- Configuring done
[14.341s] -- Generating done
[14.352s] -- Build files have been written to: /home/kgh/ws2/build/nav2_behavior_tree
[14.407s] Invoked command in '/home/kgh/ws2/build/nav2_behavior_tree' returned '0': CMAKE_PREFIX_PATH=/home/kgh/ws2/install/nav2_util:/home/kgh/ws2/install/nav2_msgs:/home/kgh/ws2/install/nav2_common:/home/kgh/ws2/install/yzbot_nav2:/home/kgh/ws2/install/yzbot_cartographer:/home/kgh/ws2/install/nav2_system_tests:/home/kgh/ws2/install/nav2_bringup:/home/kgh/ws2/install/navigation2:/home/kgh/ws2/install/smac_planner:/home/kgh/ws2/install/nav2_dwb_controller:/home/kgh/ws2/install/nav2_controller:/home/kgh/ws2/install/dwb_plugins:/home/kgh/ws2/install/dwb_critics:/home/kgh/ws2/install/dwb_core:/home/kgh/ws2/install/nav_2d_utils:/home/kgh/ws2/install/dwb_msgs:/home/kgh/ws2/install/nav_2d_msgs:/home/kgh/ws2/install/nav2_waypoint_follower:/home/kgh/ws2/install/nav2_regulated_pure_pursuit_controller:/home/kgh/ws2/install/nav2_recoveries:/home/kgh/ws2/install/nav2_planner:/home/kgh/ws2/install/nav2_navfn_planner:/home/kgh/ws2/install/nav2_core:/home/kgh/ws2/install/costmap_queue:/home/kgh/ws2/install/nav2_costmap_2d:/home/kgh/ws2/install/nav2_voxel_grid:/home/kgh/ws2/install/nav2_rviz_plugins:/home/kgh/ws2/install/nav2_map_server:/home/kgh/ws2/install/nav2_lifecycle_manager:/home/kgh/ws2/install/nav2_bt_navigator:/home/kgh/ws2/install/nav2_behavior_tree:/home/kgh/ws2/install/nav2_amcl:/home/kgh/ws2/install/bluesea2:/home/kgh/ws2/install/yzbot_description:/home/kgh/ws2/install/yzbot_controller:/home/kgh/ws2/install/nav2_gazebo_spawner:/opt/ros/foxy LD_LIBRARY_PATH=/home/kgh/ws2/install/nav2_util/lib:/home/kgh/ws2/install/nav2_msgs/lib:/home/kgh/ws2/install/smac_planner/lib:/home/kgh/ws2/install/nav2_controller/lib:/home/kgh/ws2/install/dwb_plugins/lib:/home/kgh/ws2/install/dwb_critics/lib:/home/kgh/ws2/install/dwb_core/lib:/home/kgh/ws2/install/nav_2d_utils/lib:/home/kgh/ws2/install/dwb_msgs/lib:/home/kgh/ws2/install/nav_2d_msgs/lib:/home/kgh/ws2/install/nav2_waypoint_follower/lib:/home/kgh/ws2/install/nav2_regulated_pure_pursuit_controller/lib:/home/kgh/ws2/install/nav2_recoveries/lib:/home/kgh/ws2/install/nav2_planner/lib:/home/kgh/ws2/install/nav2_navfn_planner/lib:/home/kgh/ws2/install/costmap_queue/lib:/home/kgh/ws2/install/nav2_costmap_2d/lib:/home/kgh/ws2/install/nav2_voxel_grid/lib:/home/kgh/ws2/install/nav2_rviz_plugins/lib:/home/kgh/ws2/install/nav2_map_server/lib:/home/kgh/ws2/install/nav2_lifecycle_manager/lib:/home/kgh/ws2/install/nav2_bt_navigator/lib:/home/kgh/ws2/install/nav2_behavior_tree/lib:/home/kgh/ws2/install/nav2_amcl/lib:/usr/lib/x86_64-linux-gnu/gazebo-11/plugins:/opt/ros/foxy/opt/yaml_cpp_vendor/lib:/opt/ros/foxy/opt/rviz_ogre_vendor/lib:/opt/ros/foxy/lib/x86_64-linux-gnu:/opt/ros/foxy/lib PYTHONPATH=/home/kgh/ws2/install/nav2_msgs/lib/python3.8/site-packages:/home/kgh/ws2/install/nav2_common/lib/python3.8/site-packages:/home/kgh/ws2/install/yzbot_description/lib/python3.8/site-packages:/home/kgh/ws2/install/yzbot_controller/lib/python3.8/site-packages:/home/kgh/ws2/install/dwb_msgs/lib/python3.8/site-packages:/home/kgh/ws2/install/nav_2d_msgs/lib/python3.8/site-packages:/home/kgh/ws2/install/nav2_gazebo_spawner/lib/python3.8/site-packages:/opt/ros/foxy/lib/python3.8/site-packages /usr/bin/cmake /home/kgh/ws2/src/navigation2/nav2_behavior_tree -DCMAKE_INSTALL_PREFIX=/home/kgh/ws2/install/nav2_behavior_tree
[14.412s] Invoking command in '/home/kgh/ws2/build/nav2_behavior_tree': CMAKE_PREFIX_PATH=/home/kgh/ws2/install/nav2_util:/home/kgh/ws2/install/nav2_msgs:/home/kgh/ws2/install/nav2_common:/home/kgh/ws2/install/yzbot_nav2:/home/kgh/ws2/install/yzbot_cartographer:/home/kgh/ws2/install/nav2_system_tests:/home/kgh/ws2/install/nav2_bringup:/home/kgh/ws2/install/navigation2:/home/kgh/ws2/install/smac_planner:/home/kgh/ws2/install/nav2_dwb_controller:/home/kgh/ws2/install/nav2_controller:/home/kgh/ws2/install/dwb_plugins:/home/kgh/ws2/install/dwb_critics:/home/kgh/ws2/install/dwb_core:/home/kgh/ws2/install/nav_2d_utils:/home/kgh/ws2/install/dwb_msgs:/home/kgh/ws2/install/nav_2d_msgs:/home/kgh/ws2/install/nav2_waypoint_follower:/home/kgh/ws2/install/nav2_regulated_pure_pursuit_controller:/home/kgh/ws2/install/nav2_recoveries:/home/kgh/ws2/install/nav2_planner:/home/kgh/ws2/install/nav2_navfn_planner:/home/kgh/ws2/install/nav2_core:/home/kgh/ws2/install/costmap_queue:/home/kgh/ws2/install/nav2_costmap_2d:/home/kgh/ws2/install/nav2_voxel_grid:/home/kgh/ws2/install/nav2_rviz_plugins:/home/kgh/ws2/install/nav2_map_server:/home/kgh/ws2/install/nav2_lifecycle_manager:/home/kgh/ws2/install/nav2_bt_navigator:/home/kgh/ws2/install/nav2_behavior_tree:/home/kgh/ws2/install/nav2_amcl:/home/kgh/ws2/install/bluesea2:/home/kgh/ws2/install/yzbot_description:/home/kgh/ws2/install/yzbot_controller:/home/kgh/ws2/install/nav2_gazebo_spawner:/opt/ros/foxy LD_LIBRARY_PATH=/home/kgh/ws2/install/nav2_util/lib:/home/kgh/ws2/install/nav2_msgs/lib:/home/kgh/ws2/install/smac_planner/lib:/home/kgh/ws2/install/nav2_controller/lib:/home/kgh/ws2/install/dwb_plugins/lib:/home/kgh/ws2/install/dwb_critics/lib:/home/kgh/ws2/install/dwb_core/lib:/home/kgh/ws2/install/nav_2d_utils/lib:/home/kgh/ws2/install/dwb_msgs/lib:/home/kgh/ws2/install/nav_2d_msgs/lib:/home/kgh/ws2/install/nav2_waypoint_follower/lib:/home/kgh/ws2/install/nav2_regulated_pure_pursuit_controller/lib:/home/kgh/ws2/install/nav2_recoveries/lib:/home/kgh/ws2/install/nav2_planner/lib:/home/kgh/ws2/install/nav2_navfn_planner/lib:/home/kgh/ws2/install/costmap_queue/lib:/home/kgh/ws2/install/nav2_costmap_2d/lib:/home/kgh/ws2/install/nav2_voxel_grid/lib:/home/kgh/ws2/install/nav2_rviz_plugins/lib:/home/kgh/ws2/install/nav2_map_server/lib:/home/kgh/ws2/install/nav2_lifecycle_manager/lib:/home/kgh/ws2/install/nav2_bt_navigator/lib:/home/kgh/ws2/install/nav2_behavior_tree/lib:/home/kgh/ws2/install/nav2_amcl/lib:/usr/lib/x86_64-linux-gnu/gazebo-11/plugins:/opt/ros/foxy/opt/yaml_cpp_vendor/lib:/opt/ros/foxy/opt/rviz_ogre_vendor/lib:/opt/ros/foxy/lib/x86_64-linux-gnu:/opt/ros/foxy/lib PYTHONPATH=/home/kgh/ws2/install/nav2_msgs/lib/python3.8/site-packages:/home/kgh/ws2/install/nav2_common/lib/python3.8/site-packages:/home/kgh/ws2/install/yzbot_description/lib/python3.8/site-packages:/home/kgh/ws2/install/yzbot_controller/lib/python3.8/site-packages:/home/kgh/ws2/install/dwb_msgs/lib/python3.8/site-packages:/home/kgh/ws2/install/nav_2d_msgs/lib/python3.8/site-packages:/home/kgh/ws2/install/nav2_gazebo_spawner/lib/python3.8/site-packages:/opt/ros/foxy/lib/python3.8/site-packages /usr/bin/cmake --build /home/kgh/ws2/build/nav2_behavior_tree -- -j16 -l16
[14.475s] [35m[1mScanning dependencies of target nav2_spin_action_bt_node[0m
[14.476s] [35m[1mScanning dependencies of target nav2_behavior_tree[0m
[14.476s] [35m[1mScanning dependencies of target nav2_transform_available_condition_bt_node[0m
[14.476s] [35m[1mScanning dependencies of target nav2_goal_updater_node_bt_node[0m
[14.476s] [35m[1mScanning dependencies of target nav2_is_stuck_condition_bt_node[0m
[14.477s] [35m[1mScanning dependencies of target nav2_follow_path_action_bt_node[0m
[14.478s] [35m[1mScanning dependencies of target nav2_wait_action_bt_node[0m
[14.483s] [35m[1mScanning dependencies of target nav2_distance_traveled_condition_bt_node[0m
[14.484s] [35m[1mScanning dependencies of target nav2_pipeline_sequence_bt_node[0m
[14.508s] [35m[1mScanning dependencies of target nav2_goal_updated_condition_bt_node[0m
[14.508s] [35m[1mScanning dependencies of target nav2_compute_path_to_pose_action_bt_node[0m
[14.512s] [35m[1mScanning dependencies of target nav2_goal_reached_condition_bt_node[0m
[14.535s] [35m[1mScanning dependencies of target nav2_initial_pose_received_condition_bt_node[0m
[14.537s] [35m[1mScanning dependencies of target nav2_is_battery_low_condition_bt_node[0m
[14.555s] [35m[1mScanning dependencies of target nav2_time_expired_condition_bt_node[0m
[14.557s] [35m[1mScanning dependencies of target nav2_reinitialize_global_localization_service_bt_node[0m
[14.560s] [  1%] [32mBuilding CXX object CMakeFiles/nav2_goal_updated_condition_bt_node.dir/plugins/condition/goal_updated_condition.cpp.o[0m
[14.579s] [  2%] [32mBuilding CXX object CMakeFiles/nav2_pipeline_sequence_bt_node.dir/plugins/control/pipeline_sequence.cpp.o[0m
[14.609s] [  4%] [32mBuilding CXX object CMakeFiles/nav2_behavior_tree.dir/src/behavior_tree_engine.cpp.o[0m
[14.615s] [  4%] [32mBuilding CXX object CMakeFiles/nav2_spin_action_bt_node.dir/plugins/action/spin_action.cpp.o[0m
[14.615s] [  5%] [32mBuilding CXX object CMakeFiles/nav2_is_stuck_condition_bt_node.dir/plugins/condition/is_stuck_condition.cpp.o[0m
[14.626s] [  6%] [32mBuilding CXX object CMakeFiles/nav2_goal_updater_node_bt_node.dir/plugins/decorator/goal_updater_node.cpp.o[0m
[14.634s] [  7%] [32mBuilding CXX object CMakeFiles/nav2_distance_traveled_condition_bt_node.dir/plugins/condition/distance_traveled_condition.cpp.o[0m
[14.647s] [  8%] [32mBuilding CXX object CMakeFiles/nav2_initial_pose_received_condition_bt_node.dir/plugins/condition/initial_pose_received_condition.cpp.o[0m
[14.680s] [  9%] [32mBuilding CXX object CMakeFiles/nav2_is_battery_low_condition_bt_node.dir/plugins/condition/is_battery_low_condition.cpp.o[0m
[14.693s] [ 10%] [32mBuilding CXX object CMakeFiles/nav2_follow_path_action_bt_node.dir/plugins/action/follow_path_action.cpp.o[0m
[14.699s] [ 11%] [32mBuilding CXX object CMakeFiles/nav2_transform_available_condition_bt_node.dir/plugins/condition/transform_available_condition.cpp.o[0m
[14.714s] [ 12%] [32mBuilding CXX object CMakeFiles/nav2_reinitialize_global_localization_service_bt_node.dir/plugins/action/reinitialize_global_localization_service.cpp.o[0m
[14.719s] [ 13%] [32mBuilding CXX object CMakeFiles/nav2_goal_reached_condition_bt_node.dir/plugins/condition/goal_reached_condition.cpp.o[0m
[14.741s] [ 14%] [32mBuilding CXX object CMakeFiles/nav2_time_expired_condition_bt_node.dir/plugins/condition/time_expired_condition.cpp.o[0m
[14.760s] [ 15%] [32mBuilding CXX object CMakeFiles/nav2_compute_path_to_pose_action_bt_node.dir/plugins/action/compute_path_to_pose_action.cpp.o[0m
[14.792s] [ 16%] [32mBuilding CXX object CMakeFiles/nav2_wait_action_bt_node.dir/plugins/action/wait_action.cpp.o[0m
[18.062s] [ 17%] [32m[1mLinking CXX shared library libnav2_pipeline_sequence_bt_node.so[0m
[18.604s] [ 17%] Built target nav2_pipeline_sequence_bt_node
[18.682s] [35m[1mScanning dependencies of target nav2_rate_controller_bt_node[0m
[18.710s] [ 18%] [32m[1mLinking CXX shared library libnav2_initial_pose_received_condition_bt_node.so[0m
[18.767s] [ 19%] [32mBuilding CXX object CMakeFiles/nav2_rate_controller_bt_node.dir/plugins/decorator/rate_controller.cpp.o[0m
[18.862s] [ 20%] [32m[1mLinking CXX shared library libnav2_goal_updated_condition_bt_node.so[0m
[19.255s] [ 20%] Built target nav2_goal_updated_condition_bt_node
[19.275s] [ 20%] Built target nav2_initial_pose_received_condition_bt_node
[19.348s] [35m[1mScanning dependencies of target nav2_round_robin_node_bt_node[0m
[19.348s] [35m[1mScanning dependencies of target nav2_distance_controller_bt_node[0m
[19.470s] [ 21%] [32mBuilding CXX object CMakeFiles/nav2_round_robin_node_bt_node.dir/plugins/control/round_robin_node.cpp.o[0m
[19.605s] [ 22%] [32mBuilding CXX object CMakeFiles/nav2_distance_controller_bt_node.dir/plugins/decorator/distance_controller.cpp.o[0m
[22.642s] [ 23%] [32m[1mLinking CXX shared library libnav2_round_robin_node_bt_node.so[0m
[22.776s] [ 24%] [32m[1mLinking CXX shared library libnav2_behavior_tree.so[0m
[23.083s] [ 25%] [32m[1mLinking CXX shared library libnav2_time_expired_condition_bt_node.so[0m
[23.171s] [ 25%] Built target nav2_round_robin_node_bt_node
[23.242s] [35m[1mScanning dependencies of target nav2_clear_costmap_service_bt_node[0m
[23.442s] [ 25%] Built target nav2_behavior_tree
[23.465s] [ 26%] [32mBuilding CXX object CMakeFiles/nav2_clear_costmap_service_bt_node.dir/plugins/action/clear_costmap_service.cpp.o[0m
[23.493s] [35m[1mScanning dependencies of target nav2_speed_controller_bt_node[0m
[23.493s] [ 26%] Built target nav2_time_expired_condition_bt_node
[23.578s] [35m[1mScanning dependencies of target nav2_truncate_path_action_bt_node[0m
[23.676s] [ 27%] [32mBuilding CXX object CMakeFiles/nav2_speed_controller_bt_node.dir/plugins/decorator/speed_controller.cpp.o[0m
[23.742s] [ 28%] [32m[1mLinking CXX shared library libnav2_rate_controller_bt_node.so[0m
[23.759s] [ 29%] [32m[1mLinking CXX shared library libnav2_distance_traveled_condition_bt_node.so[0m
[23.792s] [ 30%] [32mBuilding CXX object CMakeFiles/nav2_truncate_path_action_bt_node.dir/plugins/action/truncate_path_action.cpp.o[0m
[24.112s] [ 30%] Built target nav2_rate_controller_bt_node
[24.182s] [35m[1mScanning dependencies of target nav2_navigate_to_pose_action_bt_node[0m
[24.396s] [ 31%] [32mBuilding CXX object CMakeFiles/nav2_navigate_to_pose_action_bt_node.dir/plugins/action/navigate_to_pose_action.cpp.o[0m
[24.403s] [ 31%] Built target nav2_distance_traveled_condition_bt_node
[24.490s] [35m[1mScanning dependencies of target nav2_back_up_action_bt_node[0m
[24.686s] [ 32%] [32mBuilding CXX object CMakeFiles/nav2_back_up_action_bt_node.dir/plugins/action/back_up_action.cpp.o[0m
[24.963s] [ 33%] [32m[1mLinking CXX shared library libnav2_reinitialize_global_localization_service_bt_node.so[0m
[25.213s] [ 34%] [32m[1mLinking CXX shared library libnav2_transform_available_condition_bt_node.so[0m
[25.443s] [ 34%] Built target nav2_reinitialize_global_localization_service_bt_node
[25.514s] [35m[1mScanning dependencies of target nav2_recovery_node_bt_node[0m
[25.623s] [ 35%] [32mBuilding CXX object CMakeFiles/nav2_recovery_node_bt_node.dir/plugins/control/recovery_node.cpp.o[0m
[25.795s] [ 35%] Built target nav2_transform_available_condition_bt_node
[25.833s] [35m[1mScanning dependencies of target gtest[0m
[25.900s] [ 36%] [32mBuilding CXX object gtest/CMakeFiles/gtest.dir/src/gtest-all.cc.o[0m
[27.429s] [ 37%] [32m[1mLinking CXX shared library libnav2_goal_reached_condition_bt_node.so[0m
[27.943s] [ 37%] Built target nav2_goal_reached_condition_bt_node
[28.011s] [35m[1mScanning dependencies of target gtest_main[0m
[28.115s] [ 38%] [32mBuilding CXX object gtest/CMakeFiles/gtest_main.dir/src/gtest_main.cc.o[0m
[28.969s] [ 39%] [32m[1mLinking CXX shared library libnav2_spin_action_bt_node.so[0m
[29.289s] [ 40%] [32m[1mLinking CXX shared library libnav2_compute_path_to_pose_action_bt_node.so[0m
[29.652s] [ 40%] Built target nav2_spin_action_bt_node
[29.733s] [ 41%] [32m[1mLinking CXX static library libgtest_main.a[0m
[29.862s] [ 41%] Built target nav2_compute_path_to_pose_action_bt_node
[29.977s] [ 41%] Built target gtest_main
[30.489s] [ 42%] [32m[1mLinking CXX shared library libnav2_distance_controller_bt_node.so[0m
[30.678s] [ 43%] [32m[1mLinking CXX shared library libnav2_follow_path_action_bt_node.so[0m
[30.914s] [ 44%] [32m[1mLinking CXX shared library libnav2_wait_action_bt_node.so[0m
[31.176s] [ 44%] Built target nav2_distance_controller_bt_node
[31.315s] [ 44%] Built target nav2_follow_path_action_bt_node
[31.322s] [ 44%] Built target nav2_wait_action_bt_node
[31.734s] [ 45%] [32m[1mLinking CXX shared library libnav2_recovery_node_bt_node.so[0m
[31.969s] [ 45%] Built target nav2_recovery_node_bt_node
[33.570s] [ 46%] [32m[1mLinking CXX shared library libnav2_goal_updater_node_bt_node.so[0m
[33.585s] [ 47%] [32m[1mLinking CXX shared library libnav2_is_stuck_condition_bt_node.so[0m
[33.666s] [ 48%] [32m[1mLinking CXX shared library libnav2_truncate_path_action_bt_node.so[0m
[33.815s] [ 50%] [32m[1mLinking CXX shared library libnav2_is_battery_low_condition_bt_node.so[0m
[33.871s] [ 51%] [32m[1mLinking CXX shared library libnav2_clear_costmap_service_bt_node.so[0m
[33.926s] [ 51%] Built target nav2_is_stuck_condition_bt_node
[33.947s] [ 51%] Built target nav2_goal_updater_node_bt_node
[34.001s] [ 51%] Built target nav2_truncate_path_action_bt_node
[34.111s] [ 51%] Built target nav2_clear_costmap_service_bt_node
[34.148s] [ 51%] Built target nav2_is_battery_low_condition_bt_node
[34.398s] [ 52%] [32m[1mLinking CXX shared library libnav2_speed_controller_bt_node.so[0m
[34.592s] [ 52%] Built target nav2_speed_controller_bt_node
[35.518s] [ 53%] [32m[1mLinking CXX shared library libnav2_back_up_action_bt_node.so[0m
[35.603s] [ 54%] [32m[1mLinking CXX shared library libnav2_navigate_to_pose_action_bt_node.so[0m
[35.723s] [ 54%] Built target nav2_back_up_action_bt_node
[35.815s] [ 54%] Built target nav2_navigate_to_pose_action_bt_node
[37.773s] [ 55%] [32m[1mLinking CXX static library libgtest.a[0m
[37.813s] [ 55%] Built target gtest
[37.829s] [35m[1mScanning dependencies of target test_bt_conversions[0m
[37.829s] [35m[1mScanning dependencies of target test_condition_is_stuck[0m
[37.830s] [35m[1mScanning dependencies of target test_condition_goal_updated[0m
[37.830s] [35m[1mScanning dependencies of target test_condition_distance_traveled[0m
[37.831s] [35m[1mScanning dependencies of target test_condition_time_expired[0m
[37.831s] [35m[1mScanning dependencies of target test_condition_transform_available[0m
[37.831s] [35m[1mScanning dependencies of target test_condition_is_battery_low[0m
[37.831s] [35m[1mScanning dependencies of target test_condition_initial_pose_received[0m
[37.835s] [35m[1mScanning dependencies of target test_condition_goal_reached[0m
[37.853s] [35m[1mScanning dependencies of target test_decorator_speed_controller[0m
[37.862s] [35m[1mScanning dependencies of target test_decorator_rate_controller[0m
[37.874s] [35m[1mScanning dependencies of target test_decorator_distance_controller[0m
[37.883s] [35m[1mScanning dependencies of target test_goal_updater_node[0m
[37.902s] [35m[1mScanning dependencies of target test_control_round_robin_node[0m
[37.909s] [35m[1mScanning dependencies of target test_control_pipeline_sequence[0m
[37.919s] [35m[1mScanning dependencies of target test_control_recovery_node[0m
[37.922s] [ 56%] [32mBuilding CXX object test/CMakeFiles/test_bt_conversions.dir/test_bt_conversions.cpp.o[0m
[37.978s] [ 57%] [32mBuilding CXX object test/plugins/condition/CMakeFiles/test_condition_goal_reached.dir/test_goal_reached.cpp.o[0m
[37.987s] [ 58%] [32mBuilding CXX object test/plugins/condition/CMakeFiles/test_condition_initial_pose_received.dir/test_initial_pose_received.cpp.o[0m
[37.990s] [ 59%] [32mBuilding CXX object test/plugins/condition/CMakeFiles/test_condition_goal_updated.dir/test_goal_updated.cpp.o[0m
[37.991s] [ 61%] [32mBuilding CXX object test/plugins/condition/CMakeFiles/test_condition_time_expired.dir/test_time_expired.cpp.o[0m
[37.991s] [ 61%] [32mBuilding CXX object test/plugins/condition/CMakeFiles/test_condition_distance_traveled.dir/test_distance_traveled.cpp.o[0m
[37.996s] [ 62%] [32mBuilding CXX object test/plugins/condition/CMakeFiles/test_condition_transform_available.dir/test_transform_available.cpp.o[0m
[38.009s] [ 63%] [32mBuilding CXX object test/plugins/condition/CMakeFiles/test_condition_is_stuck.dir/test_is_stuck.cpp.o[0m
[38.031s] [ 64%] [32mBuilding CXX object test/plugins/condition/CMakeFiles/test_condition_is_battery_low.dir/test_is_battery_low.cpp.o[0m
[38.049s] [ 65%] [32mBuilding CXX object test/plugins/decorator/CMakeFiles/test_decorator_rate_controller.dir/test_rate_controller.cpp.o[0m
[38.056s] [ 66%] [32mBuilding CXX object test/plugins/decorator/CMakeFiles/test_decorator_speed_controller.dir/test_speed_controller.cpp.o[0m
[38.064s] [ 67%] [32mBuilding CXX object test/plugins/control/CMakeFiles/test_control_pipeline_sequence.dir/test_pipeline_sequence.cpp.o[0m
[38.065s] [ 68%] [32mBuilding CXX object test/plugins/decorator/CMakeFiles/test_decorator_distance_controller.dir/test_distance_controller.cpp.o[0m
[38.083s] [ 69%] [32mBuilding CXX object test/plugins/control/CMakeFiles/test_control_recovery_node.dir/test_recovery_node.cpp.o[0m
[38.121s] [ 70%] [32mBuilding CXX object test/plugins/control/CMakeFiles/test_control_round_robin_node.dir/test_round_robin_node.cpp.o[0m
[38.178s] [ 71%] [32mBuilding CXX object test/plugins/decorator/CMakeFiles/test_goal_updater_node.dir/test_goal_updater_node.cpp.o[0m
[45.574s] [ 72%] [32m[1mLinking CXX executable test_bt_conversions[0m
[46.161s] [ 72%] Built target test_bt_conversions
[46.232s] [35m[1mScanning dependencies of target test_truncate_path_action[0m
[46.473s] [ 73%] [32mBuilding CXX object test/plugins/action/CMakeFiles/test_truncate_path_action.dir/test_truncate_path_action.cpp.o[0m
[50.140s] [ 74%] [32m[1mLinking CXX executable test_goal_updater_node[0m
[50.941s] [ 74%] Built target test_goal_updater_node
[51.051s] [35m[1mScanning dependencies of target test_action_navigate_to_pose_action[0m
[51.267s] [ 75%] [32mBuilding CXX object test/plugins/action/CMakeFiles/test_action_navigate_to_pose_action.dir/test_navigate_to_pose_action.cpp.o[0m
[52.606s] [ 76%] [32m[1mLinking CXX executable test_condition_goal_updated[0m
[52.734s] [ 77%] [32m[1mLinking CXX executable test_condition_distance_traveled[0m
[52.794s] [ 78%] [32m[1mLinking CXX executable test_condition_is_stuck[0m
[52.967s] [ 79%] [32m[1mLinking CXX executable test_decorator_rate_controller[0m
[53.562s] [ 79%] Built target test_condition_distance_traveled
[53.642s] [35m[1mScanning dependencies of target test_action_follow_path_action[0m
[53.644s] [ 79%] Built target test_condition_goal_updated
[53.730s] [35m[1mScanning dependencies of target test_action_compute_path_to_pose_action[0m
[53.750s] [ 80%] [32m[1mLinking CXX executable test_control_round_robin_node[0m
[53.793s] [ 80%] Built target test_condition_is_stuck
[53.863s] [ 81%] [32m[1mLinking CXX executable test_condition_transform_available[0m
[53.874s] [35m[1mScanning dependencies of target test_action_reinitialize_global_localization_service[0m
[53.875s] [ 82%] [32mBuilding CXX object test/plugins/action/CMakeFiles/test_action_follow_path_action.dir/test_follow_path_action.cpp.o[0m
[53.967s] [ 83%] [32mBuilding CXX object test/plugins/action/CMakeFiles/test_action_compute_path_to_pose_action.dir/test_compute_path_to_pose_action.cpp.o[0m
[54.003s] [ 83%] Built target test_decorator_rate_controller
[54.096s] [35m[1mScanning dependencies of target test_action_clear_costmap_service[0m
[54.097s] [ 84%] [32mBuilding CXX object test/plugins/action/CMakeFiles/test_action_reinitialize_global_localization_service.dir/test_reinitialize_global_localization_service.cpp.o[0m
[54.251s] [ 85%] [32m[1mLinking CXX executable test_condition_time_expired[0m
[54.262s] [ 86%] [32m[1mLinking CXX executable test_control_recovery_node[0m
[54.283s] [ 87%] [32mBuilding CXX object test/plugins/action/CMakeFiles/test_action_clear_costmap_service.dir/test_clear_costmap_service.cpp.o[0m
[54.523s] [ 88%] [32m[1mLinking CXX executable test_condition_initial_pose_received[0m
[54.904s] [ 88%] Built target test_control_round_robin_node
[55.034s] [ 88%] Built target test_control_recovery_node
[55.244s] [ 88%] Built target test_condition_transform_available
[55.293s] [ 88%] Built target test_condition_initial_pose_received
[55.381s] [ 88%] Built target test_condition_time_expired
[55.619s] [ 89%] [32m[1mLinking CXX executable test_condition_is_battery_low[0m
[55.894s] [ 90%] [32m[1mLinking CXX executable test_decorator_distance_controller[0m
[56.258s] [ 91%] [32m[1mLinking CXX executable test_condition_goal_reached[0m
[56.407s] [ 91%] Built target test_condition_is_battery_low
[56.418s] [ 92%] [32m[1mLinking CXX executable test_control_pipeline_sequence[0m
[56.779s] [ 92%] Built target test_condition_goal_reached
[56.825s] [ 92%] Built target test_decorator_distance_controller
[57.247s] [ 92%] Built target test_control_pipeline_sequence
[57.499s] [ 93%] [32m[1mLinking CXX executable test_decorator_speed_controller[0m
[58.050s] [ 93%] Built target test_decorator_speed_controller
[59.758s] [ 94%] [32m[1mLinking CXX executable test_truncate_path_action[0m
[60.166s] [ 94%] Built target test_truncate_path_action
[63.363s] [ 95%] [32m[1mLinking CXX executable test_action_reinitialize_global_localization_service[0m
[63.527s] [ 96%] [32m[1mLinking CXX executable test_action_clear_costmap_service[0m
[63.603s] [ 96%] Built target test_action_reinitialize_global_localization_service
[63.780s] [ 96%] Built target test_action_clear_costmap_service
[64.429s] [ 97%] [32m[1mLinking CXX executable test_action_navigate_to_pose_action[0m
[64.681s] [ 97%] Built target test_action_navigate_to_pose_action
[65.147s] [ 98%] [32m[1mLinking CXX executable test_action_follow_path_action[0m
[65.366s] [ 98%] Built target test_action_follow_path_action
[65.860s] [100%] [32m[1mLinking CXX executable test_action_compute_path_to_pose_action[0m
[66.091s] [100%] Built target test_action_compute_path_to_pose_action
[66.103s] Invoked command in '/home/kgh/ws2/build/nav2_behavior_tree' returned '0': CMAKE_PREFIX_PATH=/home/kgh/ws2/install/nav2_util:/home/kgh/ws2/install/nav2_msgs:/home/kgh/ws2/install/nav2_common:/home/kgh/ws2/install/yzbot_nav2:/home/kgh/ws2/install/yzbot_cartographer:/home/kgh/ws2/install/nav2_system_tests:/home/kgh/ws2/install/nav2_bringup:/home/kgh/ws2/install/navigation2:/home/kgh/ws2/install/smac_planner:/home/kgh/ws2/install/nav2_dwb_controller:/home/kgh/ws2/install/nav2_controller:/home/kgh/ws2/install/dwb_plugins:/home/kgh/ws2/install/dwb_critics:/home/kgh/ws2/install/dwb_core:/home/kgh/ws2/install/nav_2d_utils:/home/kgh/ws2/install/dwb_msgs:/home/kgh/ws2/install/nav_2d_msgs:/home/kgh/ws2/install/nav2_waypoint_follower:/home/kgh/ws2/install/nav2_regulated_pure_pursuit_controller:/home/kgh/ws2/install/nav2_recoveries:/home/kgh/ws2/install/nav2_planner:/home/kgh/ws2/install/nav2_navfn_planner:/home/kgh/ws2/install/nav2_core:/home/kgh/ws2/install/costmap_queue:/home/kgh/ws2/install/nav2_costmap_2d:/home/kgh/ws2/install/nav2_voxel_grid:/home/kgh/ws2/install/nav2_rviz_plugins:/home/kgh/ws2/install/nav2_map_server:/home/kgh/ws2/install/nav2_lifecycle_manager:/home/kgh/ws2/install/nav2_bt_navigator:/home/kgh/ws2/install/nav2_behavior_tree:/home/kgh/ws2/install/nav2_amcl:/home/kgh/ws2/install/bluesea2:/home/kgh/ws2/install/yzbot_description:/home/kgh/ws2/install/yzbot_controller:/home/kgh/ws2/install/nav2_gazebo_spawner:/opt/ros/foxy LD_LIBRARY_PATH=/home/kgh/ws2/install/nav2_util/lib:/home/kgh/ws2/install/nav2_msgs/lib:/home/kgh/ws2/install/smac_planner/lib:/home/kgh/ws2/install/nav2_controller/lib:/home/kgh/ws2/install/dwb_plugins/lib:/home/kgh/ws2/install/dwb_critics/lib:/home/kgh/ws2/install/dwb_core/lib:/home/kgh/ws2/install/nav_2d_utils/lib:/home/kgh/ws2/install/dwb_msgs/lib:/home/kgh/ws2/install/nav_2d_msgs/lib:/home/kgh/ws2/install/nav2_waypoint_follower/lib:/home/kgh/ws2/install/nav2_regulated_pure_pursuit_controller/lib:/home/kgh/ws2/install/nav2_recoveries/lib:/home/kgh/ws2/install/nav2_planner/lib:/home/kgh/ws2/install/nav2_navfn_planner/lib:/home/kgh/ws2/install/costmap_queue/lib:/home/kgh/ws2/install/nav2_costmap_2d/lib:/home/kgh/ws2/install/nav2_voxel_grid/lib:/home/kgh/ws2/install/nav2_rviz_plugins/lib:/home/kgh/ws2/install/nav2_map_server/lib:/home/kgh/ws2/install/nav2_lifecycle_manager/lib:/home/kgh/ws2/install/nav2_bt_navigator/lib:/home/kgh/ws2/install/nav2_behavior_tree/lib:/home/kgh/ws2/install/nav2_amcl/lib:/usr/lib/x86_64-linux-gnu/gazebo-11/plugins:/opt/ros/foxy/opt/yaml_cpp_vendor/lib:/opt/ros/foxy/opt/rviz_ogre_vendor/lib:/opt/ros/foxy/lib/x86_64-linux-gnu:/opt/ros/foxy/lib PYTHONPATH=/home/kgh/ws2/install/nav2_msgs/lib/python3.8/site-packages:/home/kgh/ws2/install/nav2_common/lib/python3.8/site-packages:/home/kgh/ws2/install/yzbot_description/lib/python3.8/site-packages:/home/kgh/ws2/install/yzbot_controller/lib/python3.8/site-packages:/home/kgh/ws2/install/dwb_msgs/lib/python3.8/site-packages:/home/kgh/ws2/install/nav_2d_msgs/lib/python3.8/site-packages:/home/kgh/ws2/install/nav2_gazebo_spawner/lib/python3.8/site-packages:/opt/ros/foxy/lib/python3.8/site-packages /usr/bin/cmake --build /home/kgh/ws2/build/nav2_behavior_tree -- -j16 -l16
[66.228s] Invoking command in '/home/kgh/ws2/build/nav2_behavior_tree': CMAKE_PREFIX_PATH=/home/kgh/ws2/install/nav2_util:/home/kgh/ws2/install/nav2_msgs:/home/kgh/ws2/install/nav2_common:/home/kgh/ws2/install/yzbot_nav2:/home/kgh/ws2/install/yzbot_cartographer:/home/kgh/ws2/install/nav2_system_tests:/home/kgh/ws2/install/nav2_bringup:/home/kgh/ws2/install/navigation2:/home/kgh/ws2/install/smac_planner:/home/kgh/ws2/install/nav2_dwb_controller:/home/kgh/ws2/install/nav2_controller:/home/kgh/ws2/install/dwb_plugins:/home/kgh/ws2/install/dwb_critics:/home/kgh/ws2/install/dwb_core:/home/kgh/ws2/install/nav_2d_utils:/home/kgh/ws2/install/dwb_msgs:/home/kgh/ws2/install/nav_2d_msgs:/home/kgh/ws2/install/nav2_waypoint_follower:/home/kgh/ws2/install/nav2_regulated_pure_pursuit_controller:/home/kgh/ws2/install/nav2_recoveries:/home/kgh/ws2/install/nav2_planner:/home/kgh/ws2/install/nav2_navfn_planner:/home/kgh/ws2/install/nav2_core:/home/kgh/ws2/install/costmap_queue:/home/kgh/ws2/install/nav2_costmap_2d:/home/kgh/ws2/install/nav2_voxel_grid:/home/kgh/ws2/install/nav2_rviz_plugins:/home/kgh/ws2/install/nav2_map_server:/home/kgh/ws2/install/nav2_lifecycle_manager:/home/kgh/ws2/install/nav2_bt_navigator:/home/kgh/ws2/install/nav2_behavior_tree:/home/kgh/ws2/install/nav2_amcl:/home/kgh/ws2/install/bluesea2:/home/kgh/ws2/install/yzbot_description:/home/kgh/ws2/install/yzbot_controller:/home/kgh/ws2/install/nav2_gazebo_spawner:/opt/ros/foxy LD_LIBRARY_PATH=/home/kgh/ws2/install/nav2_util/lib:/home/kgh/ws2/install/nav2_msgs/lib:/home/kgh/ws2/install/smac_planner/lib:/home/kgh/ws2/install/nav2_controller/lib:/home/kgh/ws2/install/dwb_plugins/lib:/home/kgh/ws2/install/dwb_critics/lib:/home/kgh/ws2/install/dwb_core/lib:/home/kgh/ws2/install/nav_2d_utils/lib:/home/kgh/ws2/install/dwb_msgs/lib:/home/kgh/ws2/install/nav_2d_msgs/lib:/home/kgh/ws2/install/nav2_waypoint_follower/lib:/home/kgh/ws2/install/nav2_regulated_pure_pursuit_controller/lib:/home/kgh/ws2/install/nav2_recoveries/lib:/home/kgh/ws2/install/nav2_planner/lib:/home/kgh/ws2/install/nav2_navfn_planner/lib:/home/kgh/ws2/install/costmap_queue/lib:/home/kgh/ws2/install/nav2_costmap_2d/lib:/home/kgh/ws2/install/nav2_voxel_grid/lib:/home/kgh/ws2/install/nav2_rviz_plugins/lib:/home/kgh/ws2/install/nav2_map_server/lib:/home/kgh/ws2/install/nav2_lifecycle_manager/lib:/home/kgh/ws2/install/nav2_bt_navigator/lib:/home/kgh/ws2/install/nav2_behavior_tree/lib:/home/kgh/ws2/install/nav2_amcl/lib:/usr/lib/x86_64-linux-gnu/gazebo-11/plugins:/opt/ros/foxy/opt/yaml_cpp_vendor/lib:/opt/ros/foxy/opt/rviz_ogre_vendor/lib:/opt/ros/foxy/lib/x86_64-linux-gnu:/opt/ros/foxy/lib PYTHONPATH=/home/kgh/ws2/install/nav2_msgs/lib/python3.8/site-packages:/home/kgh/ws2/install/nav2_common/lib/python3.8/site-packages:/home/kgh/ws2/install/yzbot_description/lib/python3.8/site-packages:/home/kgh/ws2/install/yzbot_controller/lib/python3.8/site-packages:/home/kgh/ws2/install/dwb_msgs/lib/python3.8/site-packages:/home/kgh/ws2/install/nav_2d_msgs/lib/python3.8/site-packages:/home/kgh/ws2/install/nav2_gazebo_spawner/lib/python3.8/site-packages:/opt/ros/foxy/lib/python3.8/site-packages /usr/bin/cmake --install /home/kgh/ws2/build/nav2_behavior_tree
[66.238s] -- Install configuration: "Release"
[66.238s] -- Installing: /home/kgh/ws2/install/nav2_behavior_tree/lib/libnav2_behavior_tree.so
[66.238s] -- Set runtime path of "/home/kgh/ws2/install/nav2_behavior_tree/lib/libnav2_behavior_tree.so" to ""
[66.238s] -- Installing: /home/kgh/ws2/install/nav2_behavior_tree/lib/libnav2_compute_path_to_pose_action_bt_node.so
[66.239s] -- Set runtime path of "/home/kgh/ws2/install/nav2_behavior_tree/lib/libnav2_compute_path_to_pose_action_bt_node.so" to ""
[66.239s] -- Installing: /home/kgh/ws2/install/nav2_behavior_tree/lib/libnav2_follow_path_action_bt_node.so
[66.240s] -- Set runtime path of "/home/kgh/ws2/install/nav2_behavior_tree/lib/libnav2_follow_path_action_bt_node.so" to ""
[66.240s] -- Installing: /home/kgh/ws2/install/nav2_behavior_tree/lib/libnav2_back_up_action_bt_node.so
[66.240s] -- Set runtime path of "/home/kgh/ws2/install/nav2_behavior_tree/lib/libnav2_back_up_action_bt_node.so" to ""
[66.241s] -- Installing: /home/kgh/ws2/install/nav2_behavior_tree/lib/libnav2_spin_action_bt_node.so
[66.241s] -- Set runtime path of "/home/kgh/ws2/install/nav2_behavior_tree/lib/libnav2_spin_action_bt_node.so" to ""
[66.241s] -- Installing: /home/kgh/ws2/install/nav2_behavior_tree/lib/libnav2_wait_action_bt_node.so
[66.242s] -- Set runtime path of "/home/kgh/ws2/install/nav2_behavior_tree/lib/libnav2_wait_action_bt_node.so" to ""
[66.242s] -- Installing: /home/kgh/ws2/install/nav2_behavior_tree/lib/libnav2_clear_costmap_service_bt_node.so
[66.243s] -- Set runtime path of "/home/kgh/ws2/install/nav2_behavior_tree/lib/libnav2_clear_costmap_service_bt_node.so" to ""
[66.243s] -- Installing: /home/kgh/ws2/install/nav2_behavior_tree/lib/libnav2_is_stuck_condition_bt_node.so
[66.244s] -- Set runtime path of "/home/kgh/ws2/install/nav2_behavior_tree/lib/libnav2_is_stuck_condition_bt_node.so" to ""
[66.244s] -- Installing: /home/kgh/ws2/install/nav2_behavior_tree/lib/libnav2_transform_available_condition_bt_node.so
[66.245s] -- Set runtime path of "/home/kgh/ws2/install/nav2_behavior_tree/lib/libnav2_transform_available_condition_bt_node.so" to ""
[66.245s] -- Installing: /home/kgh/ws2/install/nav2_behavior_tree/lib/libnav2_goal_reached_condition_bt_node.so
[66.245s] -- Set runtime path of "/home/kgh/ws2/install/nav2_behavior_tree/lib/libnav2_goal_reached_condition_bt_node.so" to ""
[66.245s] -- Installing: /home/kgh/ws2/install/nav2_behavior_tree/lib/libnav2_goal_updated_condition_bt_node.so
[66.246s] -- Set runtime path of "/home/kgh/ws2/install/nav2_behavior_tree/lib/libnav2_goal_updated_condition_bt_node.so" to ""
[66.246s] -- Installing: /home/kgh/ws2/install/nav2_behavior_tree/lib/libnav2_time_expired_condition_bt_node.so
[66.246s] -- Set runtime path of "/home/kgh/ws2/install/nav2_behavior_tree/lib/libnav2_time_expired_condition_bt_node.so" to ""
[66.246s] -- Installing: /home/kgh/ws2/install/nav2_behavior_tree/lib/libnav2_distance_traveled_condition_bt_node.so
[66.247s] -- Set runtime path of "/home/kgh/ws2/install/nav2_behavior_tree/lib/libnav2_distance_traveled_condition_bt_node.so" to ""
[66.247s] -- Installing: /home/kgh/ws2/install/nav2_behavior_tree/lib/libnav2_initial_pose_received_condition_bt_node.so
[66.247s] -- Set runtime path of "/home/kgh/ws2/install/nav2_behavior_tree/lib/libnav2_initial_pose_received_condition_bt_node.so" to ""
[66.247s] -- Installing: /home/kgh/ws2/install/nav2_behavior_tree/lib/libnav2_is_battery_low_condition_bt_node.so
[66.248s] -- Set runtime path of "/home/kgh/ws2/install/nav2_behavior_tree/lib/libnav2_is_battery_low_condition_bt_node.so" to ""
[66.249s] -- Installing: /home/kgh/ws2/install/nav2_behavior_tree/lib/libnav2_reinitialize_global_localization_service_bt_node.so
[66.249s] -- Set runtime path of "/home/kgh/ws2/install/nav2_behavior_tree/lib/libnav2_reinitialize_global_localization_service_bt_node.so" to ""
[66.249s] -- Installing: /home/kgh/ws2/install/nav2_behavior_tree/lib/libnav2_rate_controller_bt_node.so
[66.250s] -- Set runtime path of "/home/kgh/ws2/install/nav2_behavior_tree/lib/libnav2_rate_controller_bt_node.so" to ""
[66.250s] -- Installing: /home/kgh/ws2/install/nav2_behavior_tree/lib/libnav2_distance_controller_bt_node.so
[66.250s] -- Set runtime path of "/home/kgh/ws2/install/nav2_behavior_tree/lib/libnav2_distance_controller_bt_node.so" to ""
[66.250s] -- Installing: /home/kgh/ws2/install/nav2_behavior_tree/lib/libnav2_speed_controller_bt_node.so
[66.251s] -- Set runtime path of "/home/kgh/ws2/install/nav2_behavior_tree/lib/libnav2_speed_controller_bt_node.so" to ""
[66.251s] -- Installing: /home/kgh/ws2/install/nav2_behavior_tree/lib/libnav2_truncate_path_action_bt_node.so
[66.251s] -- Set runtime path of "/home/kgh/ws2/install/nav2_behavior_tree/lib/libnav2_truncate_path_action_bt_node.so" to ""
[66.251s] -- Installing: /home/kgh/ws2/install/nav2_behavior_tree/lib/libnav2_goal_updater_node_bt_node.so
[66.252s] -- Set runtime path of "/home/kgh/ws2/install/nav2_behavior_tree/lib/libnav2_goal_updater_node_bt_node.so" to ""
[66.252s] -- Installing: /home/kgh/ws2/install/nav2_behavior_tree/lib/libnav2_recovery_node_bt_node.so
[66.252s] -- Set runtime path of "/home/kgh/ws2/install/nav2_behavior_tree/lib/libnav2_recovery_node_bt_node.so" to ""
[66.253s] -- Installing: /home/kgh/ws2/install/nav2_behavior_tree/lib/libnav2_navigate_to_pose_action_bt_node.so
[66.253s] -- Set runtime path of "/home/kgh/ws2/install/nav2_behavior_tree/lib/libnav2_navigate_to_pose_action_bt_node.so" to ""
[66.253s] -- Installing: /home/kgh/ws2/install/nav2_behavior_tree/lib/libnav2_pipeline_sequence_bt_node.so
[66.254s] -- Set runtime path of "/home/kgh/ws2/install/nav2_behavior_tree/lib/libnav2_pipeline_sequence_bt_node.so" to ""
[66.254s] -- Installing: /home/kgh/ws2/install/nav2_behavior_tree/lib/libnav2_round_robin_node_bt_node.so
[66.254s] -- Set runtime path of "/home/kgh/ws2/install/nav2_behavior_tree/lib/libnav2_round_robin_node_bt_node.so" to ""
[66.254s] -- Installing: /home/kgh/ws2/install/nav2_behavior_tree/include/
[66.254s] -- Installing: /home/kgh/ws2/install/nav2_behavior_tree/include//nav2_behavior_tree
[66.254s] -- Installing: /home/kgh/ws2/install/nav2_behavior_tree/include//nav2_behavior_tree/bt_service_node.hpp
[66.254s] -- Installing: /home/kgh/ws2/install/nav2_behavior_tree/include//nav2_behavior_tree/bt_conversions.hpp
[66.254s] -- Installing: /home/kgh/ws2/install/nav2_behavior_tree/include//nav2_behavior_tree/behavior_tree_engine.hpp
[66.265s] -- Installing: /home/kgh/ws2/install/nav2_behavior_tree/include//nav2_behavior_tree/plugins
[66.265s] -- Installing: /home/kgh/ws2/install/nav2_behavior_tree/include//nav2_behavior_tree/plugins/action
[66.265s] -- Installing: /home/kgh/ws2/install/nav2_behavior_tree/include//nav2_behavior_tree/plugins/action/reinitialize_global_localization_service.hpp
[66.265s] -- Installing: /home/kgh/ws2/install/nav2_behavior_tree/include//nav2_behavior_tree/plugins/action/follow_path_action.hpp
[66.265s] -- Installing: /home/kgh/ws2/install/nav2_behavior_tree/include//nav2_behavior_tree/plugins/action/clear_costmap_service.hpp
[66.266s] -- Installing: /home/kgh/ws2/install/nav2_behavior_tree/include//nav2_behavior_tree/plugins/action/truncate_path_action.hpp
[66.266s] -- Installing: /home/kgh/ws2/install/nav2_behavior_tree/include//nav2_behavior_tree/plugins/action/compute_path_to_pose_action.hpp
[66.266s] -- Installing: /home/kgh/ws2/install/nav2_behavior_tree/include//nav2_behavior_tree/plugins/action/spin_action.hpp
[66.266s] -- Installing: /home/kgh/ws2/install/nav2_behavior_tree/include//nav2_behavior_tree/plugins/action/navigate_to_pose_action.hpp
[66.266s] -- Installing: /home/kgh/ws2/install/nav2_behavior_tree/include//nav2_behavior_tree/plugins/action/wait_action.hpp
[66.266s] -- Installing: /home/kgh/ws2/install/nav2_behavior_tree/include//nav2_behavior_tree/plugins/action/back_up_action.hpp
[66.266s] -- Installing: /home/kgh/ws2/install/nav2_behavior_tree/include//nav2_behavior_tree/plugins/decorator
[66.266s] -- Installing: /home/kgh/ws2/install/nav2_behavior_tree/include//nav2_behavior_tree/plugins/decorator/rate_controller.hpp
[66.266s] -- Installing: /home/kgh/ws2/install/nav2_behavior_tree/include//nav2_behavior_tree/plugins/decorator/speed_controller.hpp
[66.267s] -- Installing: /home/kgh/ws2/install/nav2_behavior_tree/include//nav2_behavior_tree/plugins/decorator/distance_controller.hpp
[66.267s] -- Installing: /home/kgh/ws2/install/nav2_behavior_tree/include//nav2_behavior_tree/plugins/decorator/goal_updater_node.hpp
[66.267s] -- Installing: /home/kgh/ws2/install/nav2_behavior_tree/include//nav2_behavior_tree/plugins/control
[66.267s] -- Installing: /home/kgh/ws2/install/nav2_behavior_tree/include//nav2_behavior_tree/plugins/control/round_robin_node.hpp
[66.267s] -- Installing: /home/kgh/ws2/install/nav2_behavior_tree/include//nav2_behavior_tree/plugins/control/recovery_node.hpp
[66.267s] -- Installing: /home/kgh/ws2/install/nav2_behavior_tree/include//nav2_behavior_tree/plugins/control/pipeline_sequence.hpp
[66.267s] -- Installing: /home/kgh/ws2/install/nav2_behavior_tree/include//nav2_behavior_tree/plugins/condition
[66.267s] -- Installing: /home/kgh/ws2/install/nav2_behavior_tree/include//nav2_behavior_tree/plugins/condition/transform_available_condition.hpp
[66.267s] -- Installing: /home/kgh/ws2/install/nav2_behavior_tree/include//nav2_behavior_tree/plugins/condition/is_stuck_condition.hpp
[66.268s] -- Installing: /home/kgh/ws2/install/nav2_behavior_tree/include//nav2_behavior_tree/plugins/condition/initial_pose_received_condition.hpp
[66.268s] -- Installing: /home/kgh/ws2/install/nav2_behavior_tree/include//nav2_behavior_tree/plugins/condition/goal_reached_condition.hpp
[66.268s] -- Installing: /home/kgh/ws2/install/nav2_behavior_tree/include//nav2_behavior_tree/plugins/condition/is_battery_low_condition.hpp
[66.268s] -- Installing: /home/kgh/ws2/install/nav2_behavior_tree/include//nav2_behavior_tree/plugins/condition/distance_traveled_condition.hpp
[66.268s] -- Installing: /home/kgh/ws2/install/nav2_behavior_tree/include//nav2_behavior_tree/plugins/condition/goal_updated_condition.hpp
[66.268s] -- Installing: /home/kgh/ws2/install/nav2_behavior_tree/include//nav2_behavior_tree/plugins/condition/time_expired_condition.hpp
[66.268s] -- Installing: /home/kgh/ws2/install/nav2_behavior_tree/include//nav2_behavior_tree/bt_action_node.hpp
[66.268s] -- Installing: /home/kgh/ws2/install/nav2_behavior_tree/share/nav2_behavior_tree/nav2_tree_nodes.xml
[66.268s] -- Installing: /home/kgh/ws2/install/nav2_behavior_tree/share/nav2_behavior_tree/environment/library_path.sh
[66.268s] -- Installing: /home/kgh/ws2/install/nav2_behavior_tree/share/nav2_behavior_tree/environment/library_path.dsv
[66.268s] -- Installing: /home/kgh/ws2/install/nav2_behavior_tree/share/ament_index/resource_index/package_run_dependencies/nav2_behavior_tree
[66.269s] -- Installing: /home/kgh/ws2/install/nav2_behavior_tree/share/ament_index/resource_index/parent_prefix_path/nav2_behavior_tree
[66.269s] -- Installing: /home/kgh/ws2/install/nav2_behavior_tree/share/nav2_behavior_tree/environment/ament_prefix_path.sh
[66.269s] -- Installing: /home/kgh/ws2/install/nav2_behavior_tree/share/nav2_behavior_tree/environment/ament_prefix_path.dsv
[66.269s] -- Installing: /home/kgh/ws2/install/nav2_behavior_tree/share/nav2_behavior_tree/environment/path.sh
[66.269s] -- Installing: /home/kgh/ws2/install/nav2_behavior_tree/share/nav2_behavior_tree/environment/path.dsv
[66.269s] -- Installing: /home/kgh/ws2/install/nav2_behavior_tree/share/nav2_behavior_tree/local_setup.bash
[66.269s] -- Installing: /home/kgh/ws2/install/nav2_behavior_tree/share/nav2_behavior_tree/local_setup.sh
[66.269s] -- Installing: /home/kgh/ws2/install/nav2_behavior_tree/share/nav2_behavior_tree/local_setup.zsh
[66.270s] -- Installing: /home/kgh/ws2/install/nav2_behavior_tree/share/nav2_behavior_tree/local_setup.dsv
[66.270s] -- Installing: /home/kgh/ws2/install/nav2_behavior_tree/share/nav2_behavior_tree/package.dsv
[66.270s] -- Installing: /home/kgh/ws2/install/nav2_behavior_tree/share/ament_index/resource_index/packages/nav2_behavior_tree
[66.270s] -- Installing: /home/kgh/ws2/install/nav2_behavior_tree/share/nav2_behavior_tree/cmake/ament_cmake_export_include_directories-extras.cmake
[66.270s] -- Installing: /home/kgh/ws2/install/nav2_behavior_tree/share/nav2_behavior_tree/cmake/ament_cmake_export_libraries-extras.cmake
[66.271s] -- Installing: /home/kgh/ws2/install/nav2_behavior_tree/share/nav2_behavior_tree/cmake/ament_cmake_export_dependencies-extras.cmake
[66.271s] -- Installing: /home/kgh/ws2/install/nav2_behavior_tree/share/nav2_behavior_tree/cmake/nav2_behavior_treeConfig.cmake
[66.271s] -- Installing: /home/kgh/ws2/install/nav2_behavior_tree/share/nav2_behavior_tree/cmake/nav2_behavior_treeConfig-version.cmake
[66.271s] -- Installing: /home/kgh/ws2/install/nav2_behavior_tree/share/nav2_behavior_tree/package.xml
[66.274s] Invoked command in '/home/kgh/ws2/build/nav2_behavior_tree' returned '0': CMAKE_PREFIX_PATH=/home/kgh/ws2/install/nav2_util:/home/kgh/ws2/install/nav2_msgs:/home/kgh/ws2/install/nav2_common:/home/kgh/ws2/install/yzbot_nav2:/home/kgh/ws2/install/yzbot_cartographer:/home/kgh/ws2/install/nav2_system_tests:/home/kgh/ws2/install/nav2_bringup:/home/kgh/ws2/install/navigation2:/home/kgh/ws2/install/smac_planner:/home/kgh/ws2/install/nav2_dwb_controller:/home/kgh/ws2/install/nav2_controller:/home/kgh/ws2/install/dwb_plugins:/home/kgh/ws2/install/dwb_critics:/home/kgh/ws2/install/dwb_core:/home/kgh/ws2/install/nav_2d_utils:/home/kgh/ws2/install/dwb_msgs:/home/kgh/ws2/install/nav_2d_msgs:/home/kgh/ws2/install/nav2_waypoint_follower:/home/kgh/ws2/install/nav2_regulated_pure_pursuit_controller:/home/kgh/ws2/install/nav2_recoveries:/home/kgh/ws2/install/nav2_planner:/home/kgh/ws2/install/nav2_navfn_planner:/home/kgh/ws2/install/nav2_core:/home/kgh/ws2/install/costmap_queue:/home/kgh/ws2/install/nav2_costmap_2d:/home/kgh/ws2/install/nav2_voxel_grid:/home/kgh/ws2/install/nav2_rviz_plugins:/home/kgh/ws2/install/nav2_map_server:/home/kgh/ws2/install/nav2_lifecycle_manager:/home/kgh/ws2/install/nav2_bt_navigator:/home/kgh/ws2/install/nav2_behavior_tree:/home/kgh/ws2/install/nav2_amcl:/home/kgh/ws2/install/bluesea2:/home/kgh/ws2/install/yzbot_description:/home/kgh/ws2/install/yzbot_controller:/home/kgh/ws2/install/nav2_gazebo_spawner:/opt/ros/foxy LD_LIBRARY_PATH=/home/kgh/ws2/install/nav2_util/lib:/home/kgh/ws2/install/nav2_msgs/lib:/home/kgh/ws2/install/smac_planner/lib:/home/kgh/ws2/install/nav2_controller/lib:/home/kgh/ws2/install/dwb_plugins/lib:/home/kgh/ws2/install/dwb_critics/lib:/home/kgh/ws2/install/dwb_core/lib:/home/kgh/ws2/install/nav_2d_utils/lib:/home/kgh/ws2/install/dwb_msgs/lib:/home/kgh/ws2/install/nav_2d_msgs/lib:/home/kgh/ws2/install/nav2_waypoint_follower/lib:/home/kgh/ws2/install/nav2_regulated_pure_pursuit_controller/lib:/home/kgh/ws2/install/nav2_recoveries/lib:/home/kgh/ws2/install/nav2_planner/lib:/home/kgh/ws2/install/nav2_navfn_planner/lib:/home/kgh/ws2/install/costmap_queue/lib:/home/kgh/ws2/install/nav2_costmap_2d/lib:/home/kgh/ws2/install/nav2_voxel_grid/lib:/home/kgh/ws2/install/nav2_rviz_plugins/lib:/home/kgh/ws2/install/nav2_map_server/lib:/home/kgh/ws2/install/nav2_lifecycle_manager/lib:/home/kgh/ws2/install/nav2_bt_navigator/lib:/home/kgh/ws2/install/nav2_behavior_tree/lib:/home/kgh/ws2/install/nav2_amcl/lib:/usr/lib/x86_64-linux-gnu/gazebo-11/plugins:/opt/ros/foxy/opt/yaml_cpp_vendor/lib:/opt/ros/foxy/opt/rviz_ogre_vendor/lib:/opt/ros/foxy/lib/x86_64-linux-gnu:/opt/ros/foxy/lib PYTHONPATH=/home/kgh/ws2/install/nav2_msgs/lib/python3.8/site-packages:/home/kgh/ws2/install/nav2_common/lib/python3.8/site-packages:/home/kgh/ws2/install/yzbot_description/lib/python3.8/site-packages:/home/kgh/ws2/install/yzbot_controller/lib/python3.8/site-packages:/home/kgh/ws2/install/dwb_msgs/lib/python3.8/site-packages:/home/kgh/ws2/install/nav_2d_msgs/lib/python3.8/site-packages:/home/kgh/ws2/install/nav2_gazebo_spawner/lib/python3.8/site-packages:/opt/ros/foxy/lib/python3.8/site-packages /usr/bin/cmake --install /home/kgh/ws2/build/nav2_behavior_tree
