[0.662s] Invoking command in '/home/kgh/ws2/build/nav2_common': CMAKE_PREFIX_PATH=${CMAKE_PREFIX_PATH}:/home/kgh/ws2/install/yzbot_description:/home/kgh/ws2/install/yzbot_controller:/home/kgh/ws2/install/nav2_gazebo_spawner:/opt/ros/foxy /usr/bin/cmake /home/kgh/ws2/src/navigation2/nav2_common -DCMAKE_INSTALL_PREFIX=/home/kgh/ws2/install/nav2_common
[0.948s] -- Found ament_cmake_core: 0.9.12 (/opt/ros/foxy/share/ament_cmake_core/cmake)
[0.948s] -- Found PythonInterp: /usr/bin/python3 (found suitable version "3.8.10", minimum required is "3") 
[0.949s] -- Using PYTHON_EXECUTABLE: /usr/bin/python3
[0.949s] -- Found ament_cmake_python: 0.9.12 (/opt/ros/foxy/share/ament_cmake_python/cmake)
[0.949s] -- Configuring done
[0.949s] -- Generating done
[0.949s] -- Build files have been written to: /home/kgh/ws2/build/nav2_common
[1.233s] Invoked command in '/home/kgh/ws2/build/nav2_common' returned '0': CMAKE_PREFIX_PATH=${CMAKE_PREFIX_PATH}:/home/kgh/ws2/install/yzbot_description:/home/kgh/ws2/install/yzbot_controller:/home/kgh/ws2/install/nav2_gazebo_spawner:/opt/ros/foxy /usr/bin/cmake /home/kgh/ws2/src/navigation2/nav2_common -DCMAKE_INSTALL_PREFIX=/home/kgh/ws2/install/nav2_common
[1.237s] Invoking command in '/home/kgh/ws2/build/nav2_common': CMAKE_PREFIX_PATH=${CMAKE_PREFIX_PATH}:/home/kgh/ws2/install/yzbot_description:/home/kgh/ws2/install/yzbot_controller:/home/kgh/ws2/install/nav2_gazebo_spawner:/opt/ros/foxy /usr/bin/cmake --build /home/kgh/ws2/build/nav2_common -- -j16 -l16
[1.277s] Invoked command in '/home/kgh/ws2/build/nav2_common' returned '0': CMAKE_PREFIX_PATH=${CMAKE_PREFIX_PATH}:/home/kgh/ws2/install/yzbot_description:/home/kgh/ws2/install/yzbot_controller:/home/kgh/ws2/install/nav2_gazebo_spawner:/opt/ros/foxy /usr/bin/cmake --build /home/kgh/ws2/build/nav2_common -- -j16 -l16
[1.305s] Invoking command in '/home/kgh/ws2/build/nav2_common': CMAKE_PREFIX_PATH=${CMAKE_PREFIX_PATH}:/home/kgh/ws2/install/yzbot_description:/home/kgh/ws2/install/yzbot_controller:/home/kgh/ws2/install/nav2_gazebo_spawner:/opt/ros/foxy /usr/bin/cmake --install /home/kgh/ws2/build/nav2_common
[1.312s] -- Install configuration: ""
[1.312s] -- Installing: /home/kgh/ws2/install/nav2_common/share/nav2_common/environment/pythonpath.sh
[1.312s] -- Installing: /home/kgh/ws2/install/nav2_common/share/nav2_common/environment/pythonpath.dsv
[1.312s] -- Installing: /home/kgh/ws2/install/nav2_common/lib/python3.8/site-packages/nav2_common
[1.313s] -- Installing: /home/kgh/ws2/install/nav2_common/lib/python3.8/site-packages/nav2_common/__init__.py
[1.313s] -- Installing: /home/kgh/ws2/install/nav2_common/lib/python3.8/site-packages/nav2_common/launch
[1.313s] -- Installing: /home/kgh/ws2/install/nav2_common/lib/python3.8/site-packages/nav2_common/launch/replace_string.py
[1.313s] -- Installing: /home/kgh/ws2/install/nav2_common/lib/python3.8/site-packages/nav2_common/launch/rewritten_yaml.py
[1.313s] -- Installing: /home/kgh/ws2/install/nav2_common/lib/python3.8/site-packages/nav2_common/launch/__init__.py
[1.313s] -- Installing: /home/kgh/ws2/install/nav2_common/lib/python3.8/site-packages/nav2_common/launch/has_node_params.py
[1.341s] Listing '/home/kgh/ws2/install/nav2_common/lib/python3.8/site-packages/nav2_common'...
[1.341s] Compiling '/home/kgh/ws2/install/nav2_common/lib/python3.8/site-packages/nav2_common/__init__.py'...
[1.341s] Listing '/home/kgh/ws2/install/nav2_common/lib/python3.8/site-packages/nav2_common/launch'...
[1.341s] Compiling '/home/kgh/ws2/install/nav2_common/lib/python3.8/site-packages/nav2_common/launch/__init__.py'...
[1.341s] Compiling '/home/kgh/ws2/install/nav2_common/lib/python3.8/site-packages/nav2_common/launch/has_node_params.py'...
[1.341s] Compiling '/home/kgh/ws2/install/nav2_common/lib/python3.8/site-packages/nav2_common/launch/replace_string.py'...
[1.341s] Compiling '/home/kgh/ws2/install/nav2_common/lib/python3.8/site-packages/nav2_common/launch/rewritten_yaml.py'...
[1.345s] -- Installing: /home/kgh/ws2/install/nav2_common/share/ament_index/resource_index/package_run_dependencies/nav2_common
[1.345s] -- Installing: /home/kgh/ws2/install/nav2_common/share/ament_index/resource_index/parent_prefix_path/nav2_common
[1.345s] -- Installing: /home/kgh/ws2/install/nav2_common/share/nav2_common/environment/ament_prefix_path.sh
[1.345s] -- Installing: /home/kgh/ws2/install/nav2_common/share/nav2_common/environment/ament_prefix_path.dsv
[1.345s] -- Installing: /home/kgh/ws2/install/nav2_common/share/nav2_common/environment/path.sh
[1.345s] -- Installing: /home/kgh/ws2/install/nav2_common/share/nav2_common/environment/path.dsv
[1.346s] -- Installing: /home/kgh/ws2/install/nav2_common/share/nav2_common/local_setup.bash
[1.346s] -- Installing: /home/kgh/ws2/install/nav2_common/share/nav2_common/local_setup.sh
[1.346s] -- Installing: /home/kgh/ws2/install/nav2_common/share/nav2_common/local_setup.zsh
[1.346s] -- Installing: /home/kgh/ws2/install/nav2_common/share/nav2_common/local_setup.dsv
[1.346s] -- Installing: /home/kgh/ws2/install/nav2_common/share/nav2_common/package.dsv
[1.346s] -- Installing: /home/kgh/ws2/install/nav2_common/share/ament_index/resource_index/packages/nav2_common
[1.346s] -- Installing: /home/kgh/ws2/install/nav2_common/share/nav2_common/cmake/nav2_common-extras.cmake
[1.346s] -- Installing: /home/kgh/ws2/install/nav2_common/share/nav2_common/cmake/nav2_commonConfig.cmake
[1.347s] -- Installing: /home/kgh/ws2/install/nav2_common/share/nav2_common/cmake/nav2_commonConfig-version.cmake
[1.347s] -- Installing: /home/kgh/ws2/install/nav2_common/share/nav2_common/package.xml
[1.347s] -- Up-to-date: /home/kgh/ws2/install/nav2_common/share/nav2_common/cmake
[1.347s] -- Installing: /home/kgh/ws2/install/nav2_common/share/nav2_common/cmake/nav2_package.cmake
[1.349s] Invoked command in '/home/kgh/ws2/build/nav2_common' returned '0': CMAKE_PREFIX_PATH=${CMAKE_PREFIX_PATH}:/home/kgh/ws2/install/yzbot_description:/home/kgh/ws2/install/yzbot_controller:/home/kgh/ws2/install/nav2_gazebo_spawner:/opt/ros/foxy /usr/bin/cmake --install /home/kgh/ws2/build/nav2_common
