[ 46%] Built target map_lib
[ 50%] Built target pf_lib
[35m[1mScanning dependencies of target sensors_lib[0m
[ 53%] [32mBuilding CXX object src/sensors/CMakeFiles/sensors_lib.dir/laser/likelihood_field_model_prob.cpp.o[0m
[ 69%] Built target motions_lib
[ 73%] [32m[1mLinking CXX shared library libsensors_lib.so[0m
[ 84%] Built target sensors_lib
[ 88%] [32mBuilding CXX object CMakeFiles/amcl_core.dir/src/amcl_node.cpp.o[0m
[01m[K/home/kgh/ws2/src/navigation2/nav2_amcl/src/amcl_node.cpp:[m[K In member function ‘[01m[Kvoid nav2_amcl::AmclNode::laserReceived(sensor_msgs::msg::LaserScan_<std::allocator<void> >::ConstSharedPtr)[m[K’:
[01m[K/home/kgh/ws2/src/navigation2/nav2_amcl/src/amcl_node.cpp:719:29:[m[K [01;31m[Kerror: [m[Ktoo few arguments to function ‘[01m[Kvoid pf_update_resample(pf_t*, map_t*)[m[K’
  719 |       pf_update_resample(pf_[01;31m[K)[m[K;
      |                             [01;31m[K^[m[K
In file included from [01m[K/home/kgh/ws2/src/navigation2/nav2_amcl/include/nav2_amcl/motion_model/motion_model.hpp:21[m[K,
                 from [01m[K/home/kgh/ws2/src/navigation2/nav2_amcl/include/nav2_amcl/amcl_node.hpp:35[m[K,
                 from [01m[K/home/kgh/ws2/src/navigation2/nav2_amcl/src/amcl_node.cpp:4[m[K:
[01m[K/home/kgh/ws2/src/navigation2/nav2_amcl/include/nav2_amcl/pf/pf.hpp:198:6:[m[K [01;36m[Knote: [m[Kdeclared here
  198 | void [01;36m[Kpf_update_resample[m[K(pf_t * pf, map_t *map_);
      |      [01;36m[K^~~~~~~~~~~~~~~~~~[m[K
make[2]: *** [CMakeFiles/amcl_core.dir/build.make:63：CMakeFiles/amcl_core.dir/src/amcl_node.cpp.o] 错误 1
make[1]: *** [CMakeFiles/Makefile2:166：CMakeFiles/amcl_core.dir/all] 错误 2
make: *** [Makefile:141：all] 错误 2
