[0.134s] Invoking command in '/home/kgh/ws2/build/dwb_msgs': CMAKE_PREFIX_PATH=/home/kgh/ws2/install/nav_2d_msgs:/home/kgh/ws2/install/yzbot_nav2:/home/kgh/ws2/install/yzbot_cartographer:/home/kgh/ws2/install/nav2_system_tests:/home/kgh/ws2/install/nav2_bringup:/home/kgh/ws2/install/navigation2:/home/kgh/ws2/install/smac_planner:/home/kgh/ws2/install/nav2_dwb_controller:/home/kgh/ws2/install/nav2_controller:/home/kgh/ws2/install/dwb_plugins:/home/kgh/ws2/install/dwb_critics:/home/kgh/ws2/install/dwb_core:/home/kgh/ws2/install/nav_2d_utils:/home/kgh/ws2/install/dwb_msgs:/home/kgh/ws2/install/nav2_waypoint_follower:/home/kgh/ws2/install/nav2_regulated_pure_pursuit_controller:/home/kgh/ws2/install/nav2_recoveries:/home/kgh/ws2/install/nav2_planner:/home/kgh/ws2/install/nav2_navfn_planner:/home/kgh/ws2/install/nav2_core:/home/kgh/ws2/install/costmap_queue:/home/kgh/ws2/install/nav2_costmap_2d:/home/kgh/ws2/install/nav2_voxel_grid:/home/kgh/ws2/install/nav2_rviz_plugins:/home/kgh/ws2/install/nav2_map_server:/home/kgh/ws2/install/nav2_lifecycle_manager:/home/kgh/ws2/install/nav2_bt_navigator:/home/kgh/ws2/install/nav2_behavior_tree:/home/kgh/ws2/install/nav2_amcl:/home/kgh/ws2/install/nav2_util:/home/kgh/ws2/install/nav2_msgs:/home/kgh/ws2/install/nav2_common:/home/kgh/ws2/install/bluesea2:/home/kgh/ws2/install/yzbot_description:/home/kgh/ws2/install/yzbot_controller:/home/kgh/ws2/install/nav2_gazebo_spawner:/opt/ros/foxy LD_LIBRARY_PATH=/home/kgh/ws2/install/nav_2d_msgs/lib:/home/kgh/ws2/install/smac_planner/lib:/home/kgh/ws2/install/nav2_controller/lib:/home/kgh/ws2/install/dwb_plugins/lib:/home/kgh/ws2/install/dwb_critics/lib:/home/kgh/ws2/install/dwb_core/lib:/home/kgh/ws2/install/nav_2d_utils/lib:/home/kgh/ws2/install/dwb_msgs/lib:/home/kgh/ws2/install/nav2_waypoint_follower/lib:/home/kgh/ws2/install/nav2_regulated_pure_pursuit_controller/lib:/home/kgh/ws2/install/nav2_recoveries/lib:/home/kgh/ws2/install/nav2_planner/lib:/home/kgh/ws2/install/nav2_navfn_planner/lib:/home/kgh/ws2/install/costmap_queue/lib:/home/kgh/ws2/install/nav2_costmap_2d/lib:/home/kgh/ws2/install/nav2_voxel_grid/lib:/home/kgh/ws2/install/nav2_rviz_plugins/lib:/home/kgh/ws2/install/nav2_map_server/lib:/home/kgh/ws2/install/nav2_lifecycle_manager/lib:/home/kgh/ws2/install/nav2_bt_navigator/lib:/home/kgh/ws2/install/nav2_behavior_tree/lib:/home/kgh/ws2/install/nav2_amcl/lib:/home/kgh/ws2/install/nav2_util/lib:/home/kgh/ws2/install/nav2_msgs/lib:/usr/lib/x86_64-linux-gnu/gazebo-11/plugins:/opt/ros/foxy/opt/yaml_cpp_vendor/lib:/opt/ros/foxy/opt/rviz_ogre_vendor/lib:/opt/ros/foxy/lib/x86_64-linux-gnu:/opt/ros/foxy/lib PYTHONPATH=/home/kgh/ws2/install/nav_2d_msgs/lib/python3.8/site-packages:/home/kgh/ws2/install/yzbot_description/lib/python3.8/site-packages:/home/kgh/ws2/install/yzbot_controller/lib/python3.8/site-packages:/home/kgh/ws2/install/dwb_msgs/lib/python3.8/site-packages:/home/kgh/ws2/install/nav2_msgs/lib/python3.8/site-packages:/home/kgh/ws2/install/nav2_gazebo_spawner/lib/python3.8/site-packages:/home/kgh/ws2/install/nav2_common/lib/python3.8/site-packages:/opt/ros/foxy/lib/python3.8/site-packages /usr/bin/cmake /home/kgh/ws2/src/navigation2/nav2_dwb_controller/dwb_msgs -DCMAKE_INSTALL_PREFIX=/home/kgh/ws2/install/dwb_msgs
[0.197s] -- The C compiler identification is GNU 9.4.0
[0.275s] -- The CXX compiler identification is GNU 9.4.0
[0.279s] -- Check for working C compiler: /usr/bin/cc
[0.343s] -- Check for working C compiler: /usr/bin/cc -- works
[0.344s] -- Detecting C compiler ABI info
[0.412s] -- Detecting C compiler ABI info - done
[0.422s] -- Detecting C compile features
[0.422s] -- Detecting C compile features - done
[0.424s] -- Check for working CXX compiler: /usr/bin/c++
[0.495s] -- Check for working CXX compiler: /usr/bin/c++ -- works
[0.497s] -- Detecting CXX compiler ABI info
[0.615s] -- Detecting CXX compiler ABI info - done
[0.627s] -- Detecting CXX compile features
[0.627s] -- Detecting CXX compile features - done
[0.629s] -- Found builtin_interfaces: 1.0.0 (/opt/ros/foxy/share/builtin_interfaces/cmake)
[0.657s] -- Found PythonInterp: /usr/bin/python3 (found suitable version "3.8.10", minimum required is "3") 
[0.657s] -- Using PYTHON_EXECUTABLE: /usr/bin/python3
[1.061s] -- Using all available rosidl_typesupport_c: rosidl_typesupport_fastrtps_c;rosidl_typesupport_introspection_c
[1.074s] -- Found rosidl_adapter: 1.3.1 (/opt/ros/foxy/share/rosidl_adapter/cmake)
[1.229s] -- Found OpenSSL: /usr/lib/x86_64-linux-gnu/libcrypto.so (found version "1.1.1f")  
[1.283s] -- Found FastRTPS: /opt/ros/foxy/include  
[1.397s] -- Using all available rosidl_typesupport_cpp: rosidl_typesupport_fastrtps_cpp;rosidl_typesupport_introspection_cpp
[1.423s] -- Found geometry_msgs: 2.0.5 (/opt/ros/foxy/share/geometry_msgs/cmake)
[1.473s] -- Found nav_2d_msgs: 0.4.7 (/home/kgh/ws2/install/nav_2d_msgs/share/nav_2d_msgs/cmake)
[1.531s] -- Found nav_msgs: 2.0.5 (/opt/ros/foxy/share/nav_msgs/cmake)
[1.597s] -- Found rosidl_default_generators: 1.0.1 (/opt/ros/foxy/share/rosidl_default_generators/cmake)
[1.634s] -- Found PythonInterp: /usr/bin/python3 (found version "3.8.10") 
[1.866s] -- Found ament_cmake_ros: 0.9.2 (/opt/ros/foxy/share/ament_cmake_ros/cmake)
[2.151s] -- Using all available rosidl_typesupport_c: rosidl_typesupport_fastrtps_c;rosidl_typesupport_introspection_c
[2.399s] -- Using all available rosidl_typesupport_cpp: rosidl_typesupport_fastrtps_cpp;rosidl_typesupport_introspection_cpp
[2.461s] -- Found PythonInterp: /usr/bin/python3 (found suitable version "3.8.10", minimum required is "3.5") 
[2.465s] -- Found python_cmake_module: 0.8.1 (/opt/ros/foxy/share/python_cmake_module/cmake)
[2.514s] -- Found PythonLibs: /usr/lib/x86_64-linux-gnu/libpython3.8.so (found suitable version "3.8.10", minimum required is "3.5") 
[2.514s] -- Using PYTHON_EXECUTABLE: /usr/bin/python3
[2.515s] -- Using PYTHON_INCLUDE_DIRS: /usr/include/python3.8
[2.515s] -- Using PYTHON_LIBRARIES: /usr/lib/x86_64-linux-gnu/libpython3.8.so
[2.554s] -- Found PythonExtra: .so  
[2.860s] -- Configuring done
[3.070s] -- Generating done
[3.075s] -- Build files have been written to: /home/kgh/ws2/build/dwb_msgs
[3.099s] Invoked command in '/home/kgh/ws2/build/dwb_msgs' returned '0': CMAKE_PREFIX_PATH=/home/kgh/ws2/install/nav_2d_msgs:/home/kgh/ws2/install/yzbot_nav2:/home/kgh/ws2/install/yzbot_cartographer:/home/kgh/ws2/install/nav2_system_tests:/home/kgh/ws2/install/nav2_bringup:/home/kgh/ws2/install/navigation2:/home/kgh/ws2/install/smac_planner:/home/kgh/ws2/install/nav2_dwb_controller:/home/kgh/ws2/install/nav2_controller:/home/kgh/ws2/install/dwb_plugins:/home/kgh/ws2/install/dwb_critics:/home/kgh/ws2/install/dwb_core:/home/kgh/ws2/install/nav_2d_utils:/home/kgh/ws2/install/dwb_msgs:/home/kgh/ws2/install/nav2_waypoint_follower:/home/kgh/ws2/install/nav2_regulated_pure_pursuit_controller:/home/kgh/ws2/install/nav2_recoveries:/home/kgh/ws2/install/nav2_planner:/home/kgh/ws2/install/nav2_navfn_planner:/home/kgh/ws2/install/nav2_core:/home/kgh/ws2/install/costmap_queue:/home/kgh/ws2/install/nav2_costmap_2d:/home/kgh/ws2/install/nav2_voxel_grid:/home/kgh/ws2/install/nav2_rviz_plugins:/home/kgh/ws2/install/nav2_map_server:/home/kgh/ws2/install/nav2_lifecycle_manager:/home/kgh/ws2/install/nav2_bt_navigator:/home/kgh/ws2/install/nav2_behavior_tree:/home/kgh/ws2/install/nav2_amcl:/home/kgh/ws2/install/nav2_util:/home/kgh/ws2/install/nav2_msgs:/home/kgh/ws2/install/nav2_common:/home/kgh/ws2/install/bluesea2:/home/kgh/ws2/install/yzbot_description:/home/kgh/ws2/install/yzbot_controller:/home/kgh/ws2/install/nav2_gazebo_spawner:/opt/ros/foxy LD_LIBRARY_PATH=/home/kgh/ws2/install/nav_2d_msgs/lib:/home/kgh/ws2/install/smac_planner/lib:/home/kgh/ws2/install/nav2_controller/lib:/home/kgh/ws2/install/dwb_plugins/lib:/home/kgh/ws2/install/dwb_critics/lib:/home/kgh/ws2/install/dwb_core/lib:/home/kgh/ws2/install/nav_2d_utils/lib:/home/kgh/ws2/install/dwb_msgs/lib:/home/kgh/ws2/install/nav2_waypoint_follower/lib:/home/kgh/ws2/install/nav2_regulated_pure_pursuit_controller/lib:/home/kgh/ws2/install/nav2_recoveries/lib:/home/kgh/ws2/install/nav2_planner/lib:/home/kgh/ws2/install/nav2_navfn_planner/lib:/home/kgh/ws2/install/costmap_queue/lib:/home/kgh/ws2/install/nav2_costmap_2d/lib:/home/kgh/ws2/install/nav2_voxel_grid/lib:/home/kgh/ws2/install/nav2_rviz_plugins/lib:/home/kgh/ws2/install/nav2_map_server/lib:/home/kgh/ws2/install/nav2_lifecycle_manager/lib:/home/kgh/ws2/install/nav2_bt_navigator/lib:/home/kgh/ws2/install/nav2_behavior_tree/lib:/home/kgh/ws2/install/nav2_amcl/lib:/home/kgh/ws2/install/nav2_util/lib:/home/kgh/ws2/install/nav2_msgs/lib:/usr/lib/x86_64-linux-gnu/gazebo-11/plugins:/opt/ros/foxy/opt/yaml_cpp_vendor/lib:/opt/ros/foxy/opt/rviz_ogre_vendor/lib:/opt/ros/foxy/lib/x86_64-linux-gnu:/opt/ros/foxy/lib PYTHONPATH=/home/kgh/ws2/install/nav_2d_msgs/lib/python3.8/site-packages:/home/kgh/ws2/install/yzbot_description/lib/python3.8/site-packages:/home/kgh/ws2/install/yzbot_controller/lib/python3.8/site-packages:/home/kgh/ws2/install/dwb_msgs/lib/python3.8/site-packages:/home/kgh/ws2/install/nav2_msgs/lib/python3.8/site-packages:/home/kgh/ws2/install/nav2_gazebo_spawner/lib/python3.8/site-packages:/home/kgh/ws2/install/nav2_common/lib/python3.8/site-packages:/opt/ros/foxy/lib/python3.8/site-packages /usr/bin/cmake /home/kgh/ws2/src/navigation2/nav2_dwb_controller/dwb_msgs -DCMAKE_INSTALL_PREFIX=/home/kgh/ws2/install/dwb_msgs
[3.102s] Invoking command in '/home/kgh/ws2/build/dwb_msgs': CMAKE_PREFIX_PATH=/home/kgh/ws2/install/nav_2d_msgs:/home/kgh/ws2/install/yzbot_nav2:/home/kgh/ws2/install/yzbot_cartographer:/home/kgh/ws2/install/nav2_system_tests:/home/kgh/ws2/install/nav2_bringup:/home/kgh/ws2/install/navigation2:/home/kgh/ws2/install/smac_planner:/home/kgh/ws2/install/nav2_dwb_controller:/home/kgh/ws2/install/nav2_controller:/home/kgh/ws2/install/dwb_plugins:/home/kgh/ws2/install/dwb_critics:/home/kgh/ws2/install/dwb_core:/home/kgh/ws2/install/nav_2d_utils:/home/kgh/ws2/install/dwb_msgs:/home/kgh/ws2/install/nav2_waypoint_follower:/home/kgh/ws2/install/nav2_regulated_pure_pursuit_controller:/home/kgh/ws2/install/nav2_recoveries:/home/kgh/ws2/install/nav2_planner:/home/kgh/ws2/install/nav2_navfn_planner:/home/kgh/ws2/install/nav2_core:/home/kgh/ws2/install/costmap_queue:/home/kgh/ws2/install/nav2_costmap_2d:/home/kgh/ws2/install/nav2_voxel_grid:/home/kgh/ws2/install/nav2_rviz_plugins:/home/kgh/ws2/install/nav2_map_server:/home/kgh/ws2/install/nav2_lifecycle_manager:/home/kgh/ws2/install/nav2_bt_navigator:/home/kgh/ws2/install/nav2_behavior_tree:/home/kgh/ws2/install/nav2_amcl:/home/kgh/ws2/install/nav2_util:/home/kgh/ws2/install/nav2_msgs:/home/kgh/ws2/install/nav2_common:/home/kgh/ws2/install/bluesea2:/home/kgh/ws2/install/yzbot_description:/home/kgh/ws2/install/yzbot_controller:/home/kgh/ws2/install/nav2_gazebo_spawner:/opt/ros/foxy LD_LIBRARY_PATH=/home/kgh/ws2/install/nav_2d_msgs/lib:/home/kgh/ws2/install/smac_planner/lib:/home/kgh/ws2/install/nav2_controller/lib:/home/kgh/ws2/install/dwb_plugins/lib:/home/kgh/ws2/install/dwb_critics/lib:/home/kgh/ws2/install/dwb_core/lib:/home/kgh/ws2/install/nav_2d_utils/lib:/home/kgh/ws2/install/dwb_msgs/lib:/home/kgh/ws2/install/nav2_waypoint_follower/lib:/home/kgh/ws2/install/nav2_regulated_pure_pursuit_controller/lib:/home/kgh/ws2/install/nav2_recoveries/lib:/home/kgh/ws2/install/nav2_planner/lib:/home/kgh/ws2/install/nav2_navfn_planner/lib:/home/kgh/ws2/install/costmap_queue/lib:/home/kgh/ws2/install/nav2_costmap_2d/lib:/home/kgh/ws2/install/nav2_voxel_grid/lib:/home/kgh/ws2/install/nav2_rviz_plugins/lib:/home/kgh/ws2/install/nav2_map_server/lib:/home/kgh/ws2/install/nav2_lifecycle_manager/lib:/home/kgh/ws2/install/nav2_bt_navigator/lib:/home/kgh/ws2/install/nav2_behavior_tree/lib:/home/kgh/ws2/install/nav2_amcl/lib:/home/kgh/ws2/install/nav2_util/lib:/home/kgh/ws2/install/nav2_msgs/lib:/usr/lib/x86_64-linux-gnu/gazebo-11/plugins:/opt/ros/foxy/opt/yaml_cpp_vendor/lib:/opt/ros/foxy/opt/rviz_ogre_vendor/lib:/opt/ros/foxy/lib/x86_64-linux-gnu:/opt/ros/foxy/lib PYTHONPATH=/home/kgh/ws2/install/nav_2d_msgs/lib/python3.8/site-packages:/home/kgh/ws2/install/yzbot_description/lib/python3.8/site-packages:/home/kgh/ws2/install/yzbot_controller/lib/python3.8/site-packages:/home/kgh/ws2/install/dwb_msgs/lib/python3.8/site-packages:/home/kgh/ws2/install/nav2_msgs/lib/python3.8/site-packages:/home/kgh/ws2/install/nav2_gazebo_spawner/lib/python3.8/site-packages:/home/kgh/ws2/install/nav2_common/lib/python3.8/site-packages:/opt/ros/foxy/lib/python3.8/site-packages /usr/bin/cmake --build /home/kgh/ws2/build/dwb_msgs -- -j16 -l16
[3.188s] [35m[1mScanning dependencies of target dwb_msgs__cpp[0m
[3.192s] [  1%] [34m[1mGenerating C code for ROS interfaces[0m
[3.205s] [  2%] [34m[1mGenerating C++ code for ROS interfaces[0m
[5.230s] [  2%] Built target dwb_msgs__cpp
[5.283s] [  3%] [34m[1mGenerating C++ type support dispatch for ROS interfaces[0m
[5.305s] [  4%] [34m[1mGenerating C++ introspection for ROS interfaces[0m
[5.315s] [  5%] [34m[1mGenerating C++ type support for eProsima Fast-RTPS[0m
[5.579s] [35m[1mScanning dependencies of target dwb_msgs__rosidl_generator_c[0m
[5.630s] [  6%] [32mBuilding C object CMakeFiles/dwb_msgs__rosidl_generator_c.dir/rosidl_generator_c/dwb_msgs/msg/detail/trajectory_score__functions.c.o[0m
[5.635s] [  7%] [32mBuilding C object CMakeFiles/dwb_msgs__rosidl_generator_c.dir/rosidl_generator_c/dwb_msgs/msg/detail/critic_score__functions.c.o[0m
[5.641s] [  8%] [32mBuilding C object CMakeFiles/dwb_msgs__rosidl_generator_c.dir/rosidl_generator_c/dwb_msgs/msg/detail/local_plan_evaluation__functions.c.o[0m
[5.654s] [  9%] [32mBuilding C object CMakeFiles/dwb_msgs__rosidl_generator_c.dir/rosidl_generator_c/dwb_msgs/srv/detail/debug_local_plan__functions.c.o[0m
[5.656s] [ 10%] [32mBuilding C object CMakeFiles/dwb_msgs__rosidl_generator_c.dir/rosidl_generator_c/dwb_msgs/msg/detail/trajectory2_d__functions.c.o[0m
[5.657s] [ 11%] [32mBuilding C object CMakeFiles/dwb_msgs__rosidl_generator_c.dir/rosidl_generator_c/dwb_msgs/srv/detail/generate_trajectory__functions.c.o[0m
[5.668s] [ 12%] [32mBuilding C object CMakeFiles/dwb_msgs__rosidl_generator_c.dir/rosidl_generator_c/dwb_msgs/srv/detail/generate_twists__functions.c.o[0m
[5.810s] [ 13%] [32mBuilding C object CMakeFiles/dwb_msgs__rosidl_generator_c.dir/rosidl_generator_c/dwb_msgs/srv/detail/get_critic_score__functions.c.o[0m
[5.821s] [ 14%] [32mBuilding C object CMakeFiles/dwb_msgs__rosidl_generator_c.dir/rosidl_generator_c/dwb_msgs/srv/detail/score_trajectory__functions.c.o[0m
[6.000s] [ 15%] [32m[1mLinking C shared library libdwb_msgs__rosidl_generator_c.so[0m
[6.084s] [ 15%] Built target dwb_msgs__rosidl_generator_c
[6.122s] [ 16%] [34m[1mGenerating C introspection for ROS interfaces[0m
[6.132s] [ 17%] [34m[1mGenerating C type support dispatch for ROS interfaces[0m
[6.502s] [35m[1mScanning dependencies of target dwb_msgs__rosidl_typesupport_cpp[0m
[6.532s] [ 20%] [32mBuilding CXX object CMakeFiles/dwb_msgs__rosidl_typesupport_cpp.dir/rosidl_typesupport_cpp/dwb_msgs/msg/trajectory2_d__type_support.cpp.o[0m
[6.532s] [ 20%] [32mBuilding CXX object CMakeFiles/dwb_msgs__rosidl_typesupport_cpp.dir/rosidl_typesupport_cpp/dwb_msgs/msg/critic_score__type_support.cpp.o[0m
[6.544s] [ 21%] [32mBuilding CXX object CMakeFiles/dwb_msgs__rosidl_typesupport_cpp.dir/rosidl_typesupport_cpp/dwb_msgs/msg/trajectory_score__type_support.cpp.o[0m
[6.547s] [ 22%] [32mBuilding CXX object CMakeFiles/dwb_msgs__rosidl_typesupport_cpp.dir/rosidl_typesupport_cpp/dwb_msgs/srv/debug_local_plan__type_support.cpp.o[0m
[6.555s] [ 23%] [32mBuilding CXX object CMakeFiles/dwb_msgs__rosidl_typesupport_cpp.dir/rosidl_typesupport_cpp/dwb_msgs/msg/local_plan_evaluation__type_support.cpp.o[0m
[6.611s] [ 24%] [32mBuilding CXX object CMakeFiles/dwb_msgs__rosidl_typesupport_cpp.dir/rosidl_typesupport_cpp/dwb_msgs/srv/generate_trajectory__type_support.cpp.o[0m
[6.620s] [ 25%] [32mBuilding CXX object CMakeFiles/dwb_msgs__rosidl_typesupport_cpp.dir/rosidl_typesupport_cpp/dwb_msgs/srv/generate_twists__type_support.cpp.o[0m
[6.637s] [ 26%] [32mBuilding CXX object CMakeFiles/dwb_msgs__rosidl_typesupport_cpp.dir/rosidl_typesupport_cpp/dwb_msgs/srv/get_critic_score__type_support.cpp.o[0m
[6.653s] [ 27%] [32mBuilding CXX object CMakeFiles/dwb_msgs__rosidl_typesupport_cpp.dir/rosidl_typesupport_cpp/dwb_msgs/srv/score_trajectory__type_support.cpp.o[0m
[6.823s] [35m[1mScanning dependencies of target dwb_msgs__rosidl_typesupport_introspection_cpp[0m
[6.860s] [ 28%] [32mBuilding CXX object CMakeFiles/dwb_msgs__rosidl_typesupport_introspection_cpp.dir/rosidl_typesupport_introspection_cpp/dwb_msgs/msg/detail/critic_score__type_support.cpp.o[0m
[6.891s] [ 29%] [32mBuilding CXX object CMakeFiles/dwb_msgs__rosidl_typesupport_introspection_cpp.dir/rosidl_typesupport_introspection_cpp/dwb_msgs/msg/detail/local_plan_evaluation__type_support.cpp.o[0m
[6.906s] [ 30%] [32mBuilding CXX object CMakeFiles/dwb_msgs__rosidl_typesupport_introspection_cpp.dir/rosidl_typesupport_introspection_cpp/dwb_msgs/msg/detail/trajectory2_d__type_support.cpp.o[0m
[6.994s] [ 31%] [32mBuilding CXX object CMakeFiles/dwb_msgs__rosidl_typesupport_introspection_cpp.dir/rosidl_typesupport_introspection_cpp/dwb_msgs/msg/detail/trajectory_score__type_support.cpp.o[0m
[7.007s] [ 32%] [32mBuilding CXX object CMakeFiles/dwb_msgs__rosidl_typesupport_introspection_cpp.dir/rosidl_typesupport_introspection_cpp/dwb_msgs/srv/detail/debug_local_plan__type_support.cpp.o[0m
[7.016s] [ 33%] [32mBuilding CXX object CMakeFiles/dwb_msgs__rosidl_typesupport_introspection_cpp.dir/rosidl_typesupport_introspection_cpp/dwb_msgs/srv/detail/generate_trajectory__type_support.cpp.o[0m
[7.017s] [35m[1mScanning dependencies of target dwb_msgs__rosidl_typesupport_fastrtps_cpp[0m
[7.018s] [ 34%] [32mBuilding CXX object CMakeFiles/dwb_msgs__rosidl_typesupport_introspection_cpp.dir/rosidl_typesupport_introspection_cpp/dwb_msgs/srv/detail/generate_twists__type_support.cpp.o[0m
[7.045s] [ 35%] [32mBuilding CXX object CMakeFiles/dwb_msgs__rosidl_typesupport_introspection_cpp.dir/rosidl_typesupport_introspection_cpp/dwb_msgs/srv/detail/get_critic_score__type_support.cpp.o[0m
[7.098s] [ 36%] [32mBuilding CXX object CMakeFiles/dwb_msgs__rosidl_typesupport_fastrtps_cpp.dir/rosidl_typesupport_fastrtps_cpp/dwb_msgs/msg/detail/dds_fastrtps/critic_score__type_support.cpp.o[0m
[7.100s] [ 37%] [32mBuilding CXX object CMakeFiles/dwb_msgs__rosidl_typesupport_introspection_cpp.dir/rosidl_typesupport_introspection_cpp/dwb_msgs/srv/detail/score_trajectory__type_support.cpp.o[0m
[7.123s] [ 38%] [32mBuilding CXX object CMakeFiles/dwb_msgs__rosidl_typesupport_fastrtps_cpp.dir/rosidl_typesupport_fastrtps_cpp/dwb_msgs/msg/detail/dds_fastrtps/local_plan_evaluation__type_support.cpp.o[0m
[7.147s] [ 40%] [32mBuilding CXX object CMakeFiles/dwb_msgs__rosidl_typesupport_fastrtps_cpp.dir/rosidl_typesupport_fastrtps_cpp/dwb_msgs/msg/detail/dds_fastrtps/trajectory_score__type_support.cpp.o[0m
[7.155s] [ 41%] [32mBuilding CXX object CMakeFiles/dwb_msgs__rosidl_typesupport_fastrtps_cpp.dir/rosidl_typesupport_fastrtps_cpp/dwb_msgs/msg/detail/dds_fastrtps/trajectory2_d__type_support.cpp.o[0m
[7.202s] [ 42%] [32m[1mLinking CXX shared library libdwb_msgs__rosidl_typesupport_cpp.so[0m
[7.348s] [ 42%] Built target dwb_msgs__rosidl_typesupport_cpp
[7.390s] [ 43%] [32mBuilding CXX object CMakeFiles/dwb_msgs__rosidl_typesupport_fastrtps_cpp.dir/rosidl_typesupport_fastrtps_cpp/dwb_msgs/srv/detail/dds_fastrtps/debug_local_plan__type_support.cpp.o[0m
[7.440s] [35m[1mScanning dependencies of target dwb_msgs__rosidl_typesupport_c[0m
[7.471s] [ 44%] [32mBuilding CXX object CMakeFiles/dwb_msgs__rosidl_typesupport_fastrtps_cpp.dir/rosidl_typesupport_fastrtps_cpp/dwb_msgs/srv/detail/dds_fastrtps/generate_trajectory__type_support.cpp.o[0m
[7.516s] [ 45%] [32mBuilding CXX object CMakeFiles/dwb_msgs__rosidl_typesupport_c.dir/rosidl_typesupport_c/dwb_msgs/msg/critic_score__type_support.cpp.o[0m
[7.558s] [ 46%] [32mBuilding CXX object CMakeFiles/dwb_msgs__rosidl_typesupport_c.dir/rosidl_typesupport_c/dwb_msgs/msg/local_plan_evaluation__type_support.cpp.o[0m
[7.568s] [ 47%] [32mBuilding CXX object CMakeFiles/dwb_msgs__rosidl_typesupport_c.dir/rosidl_typesupport_c/dwb_msgs/msg/trajectory2_d__type_support.cpp.o[0m
[7.582s] [ 48%] [32mBuilding CXX object CMakeFiles/dwb_msgs__rosidl_typesupport_fastrtps_cpp.dir/rosidl_typesupport_fastrtps_cpp/dwb_msgs/srv/detail/dds_fastrtps/generate_twists__type_support.cpp.o[0m
[7.609s] [ 49%] [32mBuilding CXX object CMakeFiles/dwb_msgs__rosidl_typesupport_fastrtps_cpp.dir/rosidl_typesupport_fastrtps_cpp/dwb_msgs/srv/detail/dds_fastrtps/score_trajectory__type_support.cpp.o[0m
[7.610s] [ 50%] [32mBuilding CXX object CMakeFiles/dwb_msgs__rosidl_typesupport_c.dir/rosidl_typesupport_c/dwb_msgs/msg/trajectory_score__type_support.cpp.o[0m
[7.611s] [ 51%] [32mBuilding CXX object CMakeFiles/dwb_msgs__rosidl_typesupport_fastrtps_cpp.dir/rosidl_typesupport_fastrtps_cpp/dwb_msgs/srv/detail/dds_fastrtps/get_critic_score__type_support.cpp.o[0m
[7.628s] [ 52%] [32mBuilding CXX object CMakeFiles/dwb_msgs__rosidl_typesupport_c.dir/rosidl_typesupport_c/dwb_msgs/srv/debug_local_plan__type_support.cpp.o[0m
[7.639s] [ 53%] [32mBuilding CXX object CMakeFiles/dwb_msgs__rosidl_typesupport_c.dir/rosidl_typesupport_c/dwb_msgs/srv/generate_twists__type_support.cpp.o[0m
[7.653s] [ 54%] [32mBuilding CXX object CMakeFiles/dwb_msgs__rosidl_typesupport_c.dir/rosidl_typesupport_c/dwb_msgs/srv/generate_trajectory__type_support.cpp.o[0m
[7.672s] [ 55%] [32mBuilding CXX object CMakeFiles/dwb_msgs__rosidl_typesupport_c.dir/rosidl_typesupport_c/dwb_msgs/srv/get_critic_score__type_support.cpp.o[0m
[7.688s] [ 56%] [32mBuilding CXX object CMakeFiles/dwb_msgs__rosidl_typesupport_c.dir/rosidl_typesupport_c/dwb_msgs/srv/score_trajectory__type_support.cpp.o[0m
[7.712s] [ 57%] [32m[1mLinking CXX shared library libdwb_msgs__rosidl_typesupport_introspection_cpp.so[0m
[7.715s] [35m[1mScanning dependencies of target dwb_msgs__rosidl_typesupport_introspection_c[0m
[7.745s] [ 58%] [32m[1mLinking CXX shared library libdwb_msgs__rosidl_typesupport_c.so[0m
[7.754s] [ 60%] [32mBuilding C object CMakeFiles/dwb_msgs__rosidl_typesupport_introspection_c.dir/rosidl_typesupport_introspection_c/dwb_msgs/msg/detail/critic_score__type_support.c.o[0m
[7.759s] [ 61%] [32mBuilding C object CMakeFiles/dwb_msgs__rosidl_typesupport_introspection_c.dir/rosidl_typesupport_introspection_c/dwb_msgs/msg/detail/local_plan_evaluation__type_support.c.o[0m
[7.784s] [ 62%] [32mBuilding C object CMakeFiles/dwb_msgs__rosidl_typesupport_introspection_c.dir/rosidl_typesupport_introspection_c/dwb_msgs/msg/detail/trajectory2_d__type_support.c.o[0m
[7.786s] [ 63%] [32mBuilding C object CMakeFiles/dwb_msgs__rosidl_typesupport_introspection_c.dir/rosidl_typesupport_introspection_c/dwb_msgs/msg/detail/trajectory_score__type_support.c.o[0m
[7.787s] [ 64%] [32mBuilding C object CMakeFiles/dwb_msgs__rosidl_typesupport_introspection_c.dir/rosidl_typesupport_introspection_c/dwb_msgs/srv/detail/debug_local_plan__type_support.c.o[0m
[7.825s] [ 64%] Built target dwb_msgs__rosidl_typesupport_c
[7.842s] [ 65%] [32mBuilding C object CMakeFiles/dwb_msgs__rosidl_typesupport_introspection_c.dir/rosidl_typesupport_introspection_c/dwb_msgs/srv/detail/generate_twists__type_support.c.o[0m
[7.843s] [ 66%] [32mBuilding C object CMakeFiles/dwb_msgs__rosidl_typesupport_introspection_c.dir/rosidl_typesupport_introspection_c/dwb_msgs/srv/detail/generate_trajectory__type_support.c.o[0m
[7.853s] [ 67%] [32mBuilding C object CMakeFiles/dwb_msgs__rosidl_typesupport_introspection_c.dir/rosidl_typesupport_introspection_c/dwb_msgs/srv/detail/get_critic_score__type_support.c.o[0m
[7.855s] [ 68%] [32mBuilding C object CMakeFiles/dwb_msgs__rosidl_typesupport_introspection_c.dir/rosidl_typesupport_introspection_c/dwb_msgs/srv/detail/score_trajectory__type_support.c.o[0m
[7.898s] [ 68%] Built target dwb_msgs__rosidl_typesupport_introspection_cpp
[7.916s] [ 69%] [32m[1mLinking C shared library libdwb_msgs__rosidl_typesupport_introspection_c.so[0m
[7.954s] [ 69%] Built target dwb_msgs__rosidl_typesupport_introspection_c
[8.204s] [ 70%] [32m[1mLinking CXX shared library libdwb_msgs__rosidl_typesupport_fastrtps_cpp.so[0m
[8.285s] [ 70%] Built target dwb_msgs__rosidl_typesupport_fastrtps_cpp
[8.296s] [ 71%] [34m[1mGenerating C type support for eProsima Fast-RTPS[0m
[8.912s] [35m[1mScanning dependencies of target dwb_msgs__rosidl_typesupport_fastrtps_c[0m
[8.943s] [ 73%] [32mBuilding CXX object CMakeFiles/dwb_msgs__rosidl_typesupport_fastrtps_c.dir/rosidl_typesupport_fastrtps_c/dwb_msgs/msg/detail/trajectory_score__type_support_c.cpp.o[0m
[8.943s] [ 73%] [32mBuilding CXX object CMakeFiles/dwb_msgs__rosidl_typesupport_fastrtps_c.dir/rosidl_typesupport_fastrtps_c/dwb_msgs/msg/detail/critic_score__type_support_c.cpp.o[0m
[8.944s] [ 74%] [32mBuilding CXX object CMakeFiles/dwb_msgs__rosidl_typesupport_fastrtps_c.dir/rosidl_typesupport_fastrtps_c/dwb_msgs/srv/detail/debug_local_plan__type_support_c.cpp.o[0m
[8.944s] [ 76%] [32mBuilding CXX object CMakeFiles/dwb_msgs__rosidl_typesupport_fastrtps_c.dir/rosidl_typesupport_fastrtps_c/dwb_msgs/msg/detail/local_plan_evaluation__type_support_c.cpp.o[0m
[8.944s] [ 76%] [32mBuilding CXX object CMakeFiles/dwb_msgs__rosidl_typesupport_fastrtps_c.dir/rosidl_typesupport_fastrtps_c/dwb_msgs/msg/detail/trajectory2_d__type_support_c.cpp.o[0m
[8.945s] [ 77%] [32mBuilding CXX object CMakeFiles/dwb_msgs__rosidl_typesupport_fastrtps_c.dir/rosidl_typesupport_fastrtps_c/dwb_msgs/srv/detail/generate_twists__type_support_c.cpp.o[0m
[8.945s] [ 78%] [32mBuilding CXX object CMakeFiles/dwb_msgs__rosidl_typesupport_fastrtps_c.dir/rosidl_typesupport_fastrtps_c/dwb_msgs/srv/detail/get_critic_score__type_support_c.cpp.o[0m
[8.946s] [ 80%] [32mBuilding CXX object CMakeFiles/dwb_msgs__rosidl_typesupport_fastrtps_c.dir/rosidl_typesupport_fastrtps_c/dwb_msgs/srv/detail/generate_trajectory__type_support_c.cpp.o[0m
[8.947s] [ 81%] [32mBuilding CXX object CMakeFiles/dwb_msgs__rosidl_typesupport_fastrtps_c.dir/rosidl_typesupport_fastrtps_c/dwb_msgs/srv/detail/score_trajectory__type_support_c.cpp.o[0m
[9.451s] [ 82%] [32m[1mLinking CXX shared library libdwb_msgs__rosidl_typesupport_fastrtps_c.so[0m
[9.523s] [ 82%] Built target dwb_msgs__rosidl_typesupport_fastrtps_c
[9.533s] [35m[1mScanning dependencies of target dwb_msgs[0m
[9.542s] [ 82%] Built target dwb_msgs
[9.552s] [35m[1mScanning dependencies of target dwb_msgs__py[0m
[9.564s] [ 83%] [34m[1mGenerating Python code for ROS interfaces[0m
[11.569s] [ 83%] Built target dwb_msgs__py
[11.577s] [35m[1mScanning dependencies of target dwb_msgs__python[0m
[11.608s] [ 86%] [32mBuilding C object CMakeFiles/dwb_msgs__python.dir/rosidl_generator_py/dwb_msgs/srv/_debug_local_plan_s.c.o[0m
[11.608s] [ 86%] [32mBuilding C object CMakeFiles/dwb_msgs__python.dir/rosidl_generator_py/dwb_msgs/msg/_trajectory2_d_s.c.o[0m
[11.609s] [ 86%] [32mBuilding C object CMakeFiles/dwb_msgs__python.dir/rosidl_generator_py/dwb_msgs/msg/_critic_score_s.c.o[0m
[11.609s] [ 87%] [32mBuilding C object CMakeFiles/dwb_msgs__python.dir/rosidl_generator_py/dwb_msgs/srv/_score_trajectory_s.c.o[0m
[11.609s] [ 88%] [32mBuilding C object CMakeFiles/dwb_msgs__python.dir/rosidl_generator_py/dwb_msgs/msg/_local_plan_evaluation_s.c.o[0m
[11.609s] [ 89%] [32mBuilding C object CMakeFiles/dwb_msgs__python.dir/rosidl_generator_py/dwb_msgs/msg/_trajectory_score_s.c.o[0m
[11.610s] [ 90%] [32mBuilding C object CMakeFiles/dwb_msgs__python.dir/rosidl_generator_py/dwb_msgs/srv/_get_critic_score_s.c.o[0m
[11.610s] [ 91%] [32mBuilding C object CMakeFiles/dwb_msgs__python.dir/rosidl_generator_py/dwb_msgs/srv/_generate_trajectory_s.c.o[0m
[11.610s] [ 92%] [32mBuilding C object CMakeFiles/dwb_msgs__python.dir/rosidl_generator_py/dwb_msgs/srv/_generate_twists_s.c.o[0m
[11.733s] [ 93%] [32m[1mLinking C shared library rosidl_generator_py/dwb_msgs/libdwb_msgs__python.so[0m
[11.775s] [ 93%] Built target dwb_msgs__python
[11.785s] [35m[1mScanning dependencies of target dwb_msgs__rosidl_typesupport_c__pyext[0m
[11.785s] [35m[1mScanning dependencies of target dwb_msgs__rosidl_typesupport_introspection_c__pyext[0m
[11.785s] [35m[1mScanning dependencies of target dwb_msgs__rosidl_typesupport_fastrtps_c__pyext[0m
[11.802s] [ 94%] [32mBuilding C object CMakeFiles/dwb_msgs__rosidl_typesupport_introspection_c__pyext.dir/rosidl_generator_py/dwb_msgs/_dwb_msgs_s.ep.rosidl_typesupport_introspection_c.c.o[0m
[11.802s] [ 95%] [32mBuilding C object CMakeFiles/dwb_msgs__rosidl_typesupport_c__pyext.dir/rosidl_generator_py/dwb_msgs/_dwb_msgs_s.ep.rosidl_typesupport_c.c.o[0m
[11.804s] [ 96%] [32mBuilding C object CMakeFiles/dwb_msgs__rosidl_typesupport_fastrtps_c__pyext.dir/rosidl_generator_py/dwb_msgs/_dwb_msgs_s.ep.rosidl_typesupport_fastrtps_c.c.o[0m
[11.909s] [ 97%] [32m[1mLinking CXX shared library rosidl_generator_py/dwb_msgs/dwb_msgs_s__rosidl_typesupport_fastrtps_c.cpython-38-x86_64-linux-gnu.so[0m
[11.917s] [ 98%] [32m[1mLinking C shared library rosidl_generator_py/dwb_msgs/dwb_msgs_s__rosidl_typesupport_c.cpython-38-x86_64-linux-gnu.so[0m
[11.918s] [100%] [32m[1mLinking C shared library rosidl_generator_py/dwb_msgs/dwb_msgs_s__rosidl_typesupport_introspection_c.cpython-38-x86_64-linux-gnu.so[0m
[11.955s] [100%] Built target dwb_msgs__rosidl_typesupport_introspection_c__pyext
[11.955s] [100%] Built target dwb_msgs__rosidl_typesupport_c__pyext
[11.971s] [100%] Built target dwb_msgs__rosidl_typesupport_fastrtps_c__pyext
[11.980s] Invoked command in '/home/kgh/ws2/build/dwb_msgs' returned '0': CMAKE_PREFIX_PATH=/home/kgh/ws2/install/nav_2d_msgs:/home/kgh/ws2/install/yzbot_nav2:/home/kgh/ws2/install/yzbot_cartographer:/home/kgh/ws2/install/nav2_system_tests:/home/kgh/ws2/install/nav2_bringup:/home/kgh/ws2/install/navigation2:/home/kgh/ws2/install/smac_planner:/home/kgh/ws2/install/nav2_dwb_controller:/home/kgh/ws2/install/nav2_controller:/home/kgh/ws2/install/dwb_plugins:/home/kgh/ws2/install/dwb_critics:/home/kgh/ws2/install/dwb_core:/home/kgh/ws2/install/nav_2d_utils:/home/kgh/ws2/install/dwb_msgs:/home/kgh/ws2/install/nav2_waypoint_follower:/home/kgh/ws2/install/nav2_regulated_pure_pursuit_controller:/home/kgh/ws2/install/nav2_recoveries:/home/kgh/ws2/install/nav2_planner:/home/kgh/ws2/install/nav2_navfn_planner:/home/kgh/ws2/install/nav2_core:/home/kgh/ws2/install/costmap_queue:/home/kgh/ws2/install/nav2_costmap_2d:/home/kgh/ws2/install/nav2_voxel_grid:/home/kgh/ws2/install/nav2_rviz_plugins:/home/kgh/ws2/install/nav2_map_server:/home/kgh/ws2/install/nav2_lifecycle_manager:/home/kgh/ws2/install/nav2_bt_navigator:/home/kgh/ws2/install/nav2_behavior_tree:/home/kgh/ws2/install/nav2_amcl:/home/kgh/ws2/install/nav2_util:/home/kgh/ws2/install/nav2_msgs:/home/kgh/ws2/install/nav2_common:/home/kgh/ws2/install/bluesea2:/home/kgh/ws2/install/yzbot_description:/home/kgh/ws2/install/yzbot_controller:/home/kgh/ws2/install/nav2_gazebo_spawner:/opt/ros/foxy LD_LIBRARY_PATH=/home/kgh/ws2/install/nav_2d_msgs/lib:/home/kgh/ws2/install/smac_planner/lib:/home/kgh/ws2/install/nav2_controller/lib:/home/kgh/ws2/install/dwb_plugins/lib:/home/kgh/ws2/install/dwb_critics/lib:/home/kgh/ws2/install/dwb_core/lib:/home/kgh/ws2/install/nav_2d_utils/lib:/home/kgh/ws2/install/dwb_msgs/lib:/home/kgh/ws2/install/nav2_waypoint_follower/lib:/home/kgh/ws2/install/nav2_regulated_pure_pursuit_controller/lib:/home/kgh/ws2/install/nav2_recoveries/lib:/home/kgh/ws2/install/nav2_planner/lib:/home/kgh/ws2/install/nav2_navfn_planner/lib:/home/kgh/ws2/install/costmap_queue/lib:/home/kgh/ws2/install/nav2_costmap_2d/lib:/home/kgh/ws2/install/nav2_voxel_grid/lib:/home/kgh/ws2/install/nav2_rviz_plugins/lib:/home/kgh/ws2/install/nav2_map_server/lib:/home/kgh/ws2/install/nav2_lifecycle_manager/lib:/home/kgh/ws2/install/nav2_bt_navigator/lib:/home/kgh/ws2/install/nav2_behavior_tree/lib:/home/kgh/ws2/install/nav2_amcl/lib:/home/kgh/ws2/install/nav2_util/lib:/home/kgh/ws2/install/nav2_msgs/lib:/usr/lib/x86_64-linux-gnu/gazebo-11/plugins:/opt/ros/foxy/opt/yaml_cpp_vendor/lib:/opt/ros/foxy/opt/rviz_ogre_vendor/lib:/opt/ros/foxy/lib/x86_64-linux-gnu:/opt/ros/foxy/lib PYTHONPATH=/home/kgh/ws2/install/nav_2d_msgs/lib/python3.8/site-packages:/home/kgh/ws2/install/yzbot_description/lib/python3.8/site-packages:/home/kgh/ws2/install/yzbot_controller/lib/python3.8/site-packages:/home/kgh/ws2/install/dwb_msgs/lib/python3.8/site-packages:/home/kgh/ws2/install/nav2_msgs/lib/python3.8/site-packages:/home/kgh/ws2/install/nav2_gazebo_spawner/lib/python3.8/site-packages:/home/kgh/ws2/install/nav2_common/lib/python3.8/site-packages:/opt/ros/foxy/lib/python3.8/site-packages /usr/bin/cmake --build /home/kgh/ws2/build/dwb_msgs -- -j16 -l16
[12.149s] Invoking command in '/home/kgh/ws2/build/dwb_msgs': CMAKE_PREFIX_PATH=/home/kgh/ws2/install/nav_2d_msgs:/home/kgh/ws2/install/yzbot_nav2:/home/kgh/ws2/install/yzbot_cartographer:/home/kgh/ws2/install/nav2_system_tests:/home/kgh/ws2/install/nav2_bringup:/home/kgh/ws2/install/navigation2:/home/kgh/ws2/install/smac_planner:/home/kgh/ws2/install/nav2_dwb_controller:/home/kgh/ws2/install/nav2_controller:/home/kgh/ws2/install/dwb_plugins:/home/kgh/ws2/install/dwb_critics:/home/kgh/ws2/install/dwb_core:/home/kgh/ws2/install/nav_2d_utils:/home/kgh/ws2/install/dwb_msgs:/home/kgh/ws2/install/nav2_waypoint_follower:/home/kgh/ws2/install/nav2_regulated_pure_pursuit_controller:/home/kgh/ws2/install/nav2_recoveries:/home/kgh/ws2/install/nav2_planner:/home/kgh/ws2/install/nav2_navfn_planner:/home/kgh/ws2/install/nav2_core:/home/kgh/ws2/install/costmap_queue:/home/kgh/ws2/install/nav2_costmap_2d:/home/kgh/ws2/install/nav2_voxel_grid:/home/kgh/ws2/install/nav2_rviz_plugins:/home/kgh/ws2/install/nav2_map_server:/home/kgh/ws2/install/nav2_lifecycle_manager:/home/kgh/ws2/install/nav2_bt_navigator:/home/kgh/ws2/install/nav2_behavior_tree:/home/kgh/ws2/install/nav2_amcl:/home/kgh/ws2/install/nav2_util:/home/kgh/ws2/install/nav2_msgs:/home/kgh/ws2/install/nav2_common:/home/kgh/ws2/install/bluesea2:/home/kgh/ws2/install/yzbot_description:/home/kgh/ws2/install/yzbot_controller:/home/kgh/ws2/install/nav2_gazebo_spawner:/opt/ros/foxy LD_LIBRARY_PATH=/home/kgh/ws2/install/nav_2d_msgs/lib:/home/kgh/ws2/install/smac_planner/lib:/home/kgh/ws2/install/nav2_controller/lib:/home/kgh/ws2/install/dwb_plugins/lib:/home/kgh/ws2/install/dwb_critics/lib:/home/kgh/ws2/install/dwb_core/lib:/home/kgh/ws2/install/nav_2d_utils/lib:/home/kgh/ws2/install/dwb_msgs/lib:/home/kgh/ws2/install/nav2_waypoint_follower/lib:/home/kgh/ws2/install/nav2_regulated_pure_pursuit_controller/lib:/home/kgh/ws2/install/nav2_recoveries/lib:/home/kgh/ws2/install/nav2_planner/lib:/home/kgh/ws2/install/nav2_navfn_planner/lib:/home/kgh/ws2/install/costmap_queue/lib:/home/kgh/ws2/install/nav2_costmap_2d/lib:/home/kgh/ws2/install/nav2_voxel_grid/lib:/home/kgh/ws2/install/nav2_rviz_plugins/lib:/home/kgh/ws2/install/nav2_map_server/lib:/home/kgh/ws2/install/nav2_lifecycle_manager/lib:/home/kgh/ws2/install/nav2_bt_navigator/lib:/home/kgh/ws2/install/nav2_behavior_tree/lib:/home/kgh/ws2/install/nav2_amcl/lib:/home/kgh/ws2/install/nav2_util/lib:/home/kgh/ws2/install/nav2_msgs/lib:/usr/lib/x86_64-linux-gnu/gazebo-11/plugins:/opt/ros/foxy/opt/yaml_cpp_vendor/lib:/opt/ros/foxy/opt/rviz_ogre_vendor/lib:/opt/ros/foxy/lib/x86_64-linux-gnu:/opt/ros/foxy/lib PYTHONPATH=/home/kgh/ws2/install/nav_2d_msgs/lib/python3.8/site-packages:/home/kgh/ws2/install/yzbot_description/lib/python3.8/site-packages:/home/kgh/ws2/install/yzbot_controller/lib/python3.8/site-packages:/home/kgh/ws2/install/dwb_msgs/lib/python3.8/site-packages:/home/kgh/ws2/install/nav2_msgs/lib/python3.8/site-packages:/home/kgh/ws2/install/nav2_gazebo_spawner/lib/python3.8/site-packages:/home/kgh/ws2/install/nav2_common/lib/python3.8/site-packages:/opt/ros/foxy/lib/python3.8/site-packages /usr/bin/cmake --install /home/kgh/ws2/build/dwb_msgs
[12.157s] -- Install configuration: ""
[12.157s] -- Installing: /home/kgh/ws2/install/dwb_msgs/share/ament_index/resource_index/rosidl_interfaces/dwb_msgs
[12.157s] -- Installing: /home/kgh/ws2/install/dwb_msgs/include/dwb_msgs
[12.157s] -- Installing: /home/kgh/ws2/install/dwb_msgs/include/dwb_msgs/msg
[12.157s] -- Installing: /home/kgh/ws2/install/dwb_msgs/include/dwb_msgs/msg/critic_score.h
[12.157s] -- Installing: /home/kgh/ws2/install/dwb_msgs/include/dwb_msgs/msg/rosidl_generator_c__visibility_control.h
[12.158s] -- Installing: /home/kgh/ws2/install/dwb_msgs/include/dwb_msgs/msg/local_plan_evaluation.h
[12.158s] -- Installing: /home/kgh/ws2/install/dwb_msgs/include/dwb_msgs/msg/trajectory2_d.h
[12.158s] -- Installing: /home/kgh/ws2/install/dwb_msgs/include/dwb_msgs/msg/detail
[12.158s] -- Installing: /home/kgh/ws2/install/dwb_msgs/include/dwb_msgs/msg/detail/trajectory_score__functions.h
[12.158s] -- Installing: /home/kgh/ws2/install/dwb_msgs/include/dwb_msgs/msg/detail/trajectory2_d__functions.c
[12.158s] -- Installing: /home/kgh/ws2/install/dwb_msgs/include/dwb_msgs/msg/detail/critic_score__functions.c
[12.158s] -- Installing: /home/kgh/ws2/install/dwb_msgs/include/dwb_msgs/msg/detail/local_plan_evaluation__type_support.h
[12.158s] -- Installing: /home/kgh/ws2/install/dwb_msgs/include/dwb_msgs/msg/detail/local_plan_evaluation__functions.c
[12.158s] -- Installing: /home/kgh/ws2/install/dwb_msgs/include/dwb_msgs/msg/detail/trajectory2_d__functions.h
[12.158s] -- Installing: /home/kgh/ws2/install/dwb_msgs/include/dwb_msgs/msg/detail/local_plan_evaluation__struct.h
[12.158s] -- Installing: /home/kgh/ws2/install/dwb_msgs/include/dwb_msgs/msg/detail/trajectory_score__struct.h
[12.159s] -- Installing: /home/kgh/ws2/install/dwb_msgs/include/dwb_msgs/msg/detail/local_plan_evaluation__functions.h
[12.159s] -- Installing: /home/kgh/ws2/install/dwb_msgs/include/dwb_msgs/msg/detail/critic_score__functions.h
[12.159s] -- Installing: /home/kgh/ws2/install/dwb_msgs/include/dwb_msgs/msg/detail/trajectory2_d__struct.h
[12.159s] -- Installing: /home/kgh/ws2/install/dwb_msgs/include/dwb_msgs/msg/detail/critic_score__struct.h
[12.159s] -- Installing: /home/kgh/ws2/install/dwb_msgs/include/dwb_msgs/msg/detail/trajectory2_d__type_support.h
[12.159s] -- Installing: /home/kgh/ws2/install/dwb_msgs/include/dwb_msgs/msg/detail/trajectory_score__functions.c
[12.159s] -- Installing: /home/kgh/ws2/install/dwb_msgs/include/dwb_msgs/msg/detail/critic_score__type_support.h
[12.159s] -- Installing: /home/kgh/ws2/install/dwb_msgs/include/dwb_msgs/msg/detail/trajectory_score__type_support.h
[12.159s] -- Installing: /home/kgh/ws2/install/dwb_msgs/include/dwb_msgs/msg/trajectory_score.h
[12.159s] -- Installing: /home/kgh/ws2/install/dwb_msgs/include/dwb_msgs/srv
[12.159s] -- Installing: /home/kgh/ws2/install/dwb_msgs/include/dwb_msgs/srv/score_trajectory.h
[12.159s] -- Installing: /home/kgh/ws2/install/dwb_msgs/include/dwb_msgs/srv/generate_twists.h
[12.159s] -- Installing: /home/kgh/ws2/install/dwb_msgs/include/dwb_msgs/srv/get_critic_score.h
[12.159s] -- Installing: /home/kgh/ws2/install/dwb_msgs/include/dwb_msgs/srv/generate_trajectory.h
[12.160s] -- Installing: /home/kgh/ws2/install/dwb_msgs/include/dwb_msgs/srv/detail
[12.160s] -- Installing: /home/kgh/ws2/install/dwb_msgs/include/dwb_msgs/srv/detail/generate_twists__functions.c
[12.160s] -- Installing: /home/kgh/ws2/install/dwb_msgs/include/dwb_msgs/srv/detail/score_trajectory__struct.h
[12.160s] -- Installing: /home/kgh/ws2/install/dwb_msgs/include/dwb_msgs/srv/detail/score_trajectory__functions.c
[12.160s] -- Installing: /home/kgh/ws2/install/dwb_msgs/include/dwb_msgs/srv/detail/score_trajectory__functions.h
[12.160s] -- Installing: /home/kgh/ws2/install/dwb_msgs/include/dwb_msgs/srv/detail/get_critic_score__functions.c
[12.160s] -- Installing: /home/kgh/ws2/install/dwb_msgs/include/dwb_msgs/srv/detail/generate_twists__struct.h
[12.160s] -- Installing: /home/kgh/ws2/install/dwb_msgs/include/dwb_msgs/srv/detail/generate_trajectory__functions.h
[12.160s] -- Installing: /home/kgh/ws2/install/dwb_msgs/include/dwb_msgs/srv/detail/generate_twists__type_support.h
[12.160s] -- Installing: /home/kgh/ws2/install/dwb_msgs/include/dwb_msgs/srv/detail/score_trajectory__type_support.h
[12.160s] -- Installing: /home/kgh/ws2/install/dwb_msgs/include/dwb_msgs/srv/detail/generate_trajectory__functions.c
[12.160s] -- Installing: /home/kgh/ws2/install/dwb_msgs/include/dwb_msgs/srv/detail/debug_local_plan__functions.c
[12.160s] -- Installing: /home/kgh/ws2/install/dwb_msgs/include/dwb_msgs/srv/detail/debug_local_plan__functions.h
[12.160s] -- Installing: /home/kgh/ws2/install/dwb_msgs/include/dwb_msgs/srv/detail/get_critic_score__type_support.h
[12.161s] -- Installing: /home/kgh/ws2/install/dwb_msgs/include/dwb_msgs/srv/detail/generate_twists__functions.h
[12.161s] -- Installing: /home/kgh/ws2/install/dwb_msgs/include/dwb_msgs/srv/detail/debug_local_plan__type_support.h
[12.161s] -- Installing: /home/kgh/ws2/install/dwb_msgs/include/dwb_msgs/srv/detail/generate_trajectory__struct.h
[12.161s] -- Installing: /home/kgh/ws2/install/dwb_msgs/include/dwb_msgs/srv/detail/get_critic_score__functions.h
[12.161s] -- Installing: /home/kgh/ws2/install/dwb_msgs/include/dwb_msgs/srv/detail/generate_trajectory__type_support.h
[12.161s] -- Installing: /home/kgh/ws2/install/dwb_msgs/include/dwb_msgs/srv/detail/debug_local_plan__struct.h
[12.161s] -- Installing: /home/kgh/ws2/install/dwb_msgs/include/dwb_msgs/srv/detail/get_critic_score__struct.h
[12.161s] -- Installing: /home/kgh/ws2/install/dwb_msgs/include/dwb_msgs/srv/debug_local_plan.h
[12.161s] -- Installing: /home/kgh/ws2/install/dwb_msgs/share/dwb_msgs/environment/library_path.sh
[12.161s] -- Installing: /home/kgh/ws2/install/dwb_msgs/share/dwb_msgs/environment/library_path.dsv
[12.161s] -- Installing: /home/kgh/ws2/install/dwb_msgs/lib/libdwb_msgs__rosidl_generator_c.so
[12.161s] -- Set runtime path of "/home/kgh/ws2/install/dwb_msgs/lib/libdwb_msgs__rosidl_generator_c.so" to ""
[12.162s] -- Up-to-date: /home/kgh/ws2/install/dwb_msgs/include/dwb_msgs
[12.162s] -- Up-to-date: /home/kgh/ws2/install/dwb_msgs/include/dwb_msgs/msg
[12.162s] -- Installing: /home/kgh/ws2/install/dwb_msgs/include/dwb_msgs/msg/rosidl_typesupport_fastrtps_c__visibility_control.h
[12.162s] -- Up-to-date: /home/kgh/ws2/install/dwb_msgs/include/dwb_msgs/msg/detail
[12.162s] -- Installing: /home/kgh/ws2/install/dwb_msgs/include/dwb_msgs/msg/detail/local_plan_evaluation__rosidl_typesupport_fastrtps_c.h
[12.162s] -- Installing: /home/kgh/ws2/install/dwb_msgs/include/dwb_msgs/msg/detail/trajectory_score__rosidl_typesupport_fastrtps_c.h
[12.162s] -- Installing: /home/kgh/ws2/install/dwb_msgs/include/dwb_msgs/msg/detail/trajectory2_d__rosidl_typesupport_fastrtps_c.h
[12.162s] -- Installing: /home/kgh/ws2/install/dwb_msgs/include/dwb_msgs/msg/detail/critic_score__rosidl_typesupport_fastrtps_c.h
[12.162s] -- Up-to-date: /home/kgh/ws2/install/dwb_msgs/include/dwb_msgs/srv
[12.162s] -- Up-to-date: /home/kgh/ws2/install/dwb_msgs/include/dwb_msgs/srv/detail
[12.162s] -- Installing: /home/kgh/ws2/install/dwb_msgs/include/dwb_msgs/srv/detail/score_trajectory__rosidl_typesupport_fastrtps_c.h
[12.162s] -- Installing: /home/kgh/ws2/install/dwb_msgs/include/dwb_msgs/srv/detail/get_critic_score__rosidl_typesupport_fastrtps_c.h
[12.162s] -- Installing: /home/kgh/ws2/install/dwb_msgs/include/dwb_msgs/srv/detail/generate_trajectory__rosidl_typesupport_fastrtps_c.h
[12.163s] -- Installing: /home/kgh/ws2/install/dwb_msgs/include/dwb_msgs/srv/detail/generate_twists__rosidl_typesupport_fastrtps_c.h
[12.163s] -- Installing: /home/kgh/ws2/install/dwb_msgs/include/dwb_msgs/srv/detail/debug_local_plan__rosidl_typesupport_fastrtps_c.h
[12.163s] -- Installing: /home/kgh/ws2/install/dwb_msgs/lib/libdwb_msgs__rosidl_typesupport_fastrtps_c.so
[12.163s] -- Set runtime path of "/home/kgh/ws2/install/dwb_msgs/lib/libdwb_msgs__rosidl_typesupport_fastrtps_c.so" to ""
[12.163s] -- Up-to-date: /home/kgh/ws2/install/dwb_msgs/include/dwb_msgs
[12.163s] -- Up-to-date: /home/kgh/ws2/install/dwb_msgs/include/dwb_msgs/msg
[12.163s] -- Installing: /home/kgh/ws2/install/dwb_msgs/include/dwb_msgs/msg/rosidl_typesupport_fastrtps_cpp__visibility_control.h
[12.163s] -- Up-to-date: /home/kgh/ws2/install/dwb_msgs/include/dwb_msgs/msg/detail
[12.163s] -- Installing: /home/kgh/ws2/install/dwb_msgs/include/dwb_msgs/msg/detail/trajectory2_d__rosidl_typesupport_fastrtps_cpp.hpp
[12.163s] -- Installing: /home/kgh/ws2/install/dwb_msgs/include/dwb_msgs/msg/detail/critic_score__rosidl_typesupport_fastrtps_cpp.hpp
[12.163s] -- Installing: /home/kgh/ws2/install/dwb_msgs/include/dwb_msgs/msg/detail/local_plan_evaluation__rosidl_typesupport_fastrtps_cpp.hpp
[12.163s] -- Installing: /home/kgh/ws2/install/dwb_msgs/include/dwb_msgs/msg/detail/dds_fastrtps
[12.163s] -- Installing: /home/kgh/ws2/install/dwb_msgs/include/dwb_msgs/msg/detail/trajectory_score__rosidl_typesupport_fastrtps_cpp.hpp
[12.163s] -- Up-to-date: /home/kgh/ws2/install/dwb_msgs/include/dwb_msgs/srv
[12.164s] -- Up-to-date: /home/kgh/ws2/install/dwb_msgs/include/dwb_msgs/srv/detail
[12.164s] -- Installing: /home/kgh/ws2/install/dwb_msgs/include/dwb_msgs/srv/detail/debug_local_plan__rosidl_typesupport_fastrtps_cpp.hpp
[12.164s] -- Installing: /home/kgh/ws2/install/dwb_msgs/include/dwb_msgs/srv/detail/dds_fastrtps
[12.164s] -- Installing: /home/kgh/ws2/install/dwb_msgs/include/dwb_msgs/srv/detail/score_trajectory__rosidl_typesupport_fastrtps_cpp.hpp
[12.164s] -- Installing: /home/kgh/ws2/install/dwb_msgs/include/dwb_msgs/srv/detail/generate_trajectory__rosidl_typesupport_fastrtps_cpp.hpp
[12.164s] -- Installing: /home/kgh/ws2/install/dwb_msgs/include/dwb_msgs/srv/detail/get_critic_score__rosidl_typesupport_fastrtps_cpp.hpp
[12.164s] -- Installing: /home/kgh/ws2/install/dwb_msgs/include/dwb_msgs/srv/detail/generate_twists__rosidl_typesupport_fastrtps_cpp.hpp
[12.164s] -- Installing: /home/kgh/ws2/install/dwb_msgs/lib/libdwb_msgs__rosidl_typesupport_fastrtps_cpp.so
[12.164s] -- Set runtime path of "/home/kgh/ws2/install/dwb_msgs/lib/libdwb_msgs__rosidl_typesupport_fastrtps_cpp.so" to ""
[12.164s] -- Up-to-date: /home/kgh/ws2/install/dwb_msgs/include/dwb_msgs
[12.164s] -- Up-to-date: /home/kgh/ws2/install/dwb_msgs/include/dwb_msgs/msg
[12.164s] -- Installing: /home/kgh/ws2/install/dwb_msgs/include/dwb_msgs/msg/rosidl_typesupport_introspection_c__visibility_control.h
[12.164s] -- Up-to-date: /home/kgh/ws2/install/dwb_msgs/include/dwb_msgs/msg/detail
[12.165s] -- Installing: /home/kgh/ws2/install/dwb_msgs/include/dwb_msgs/msg/detail/trajectory2_d__type_support.c
[12.165s] -- Installing: /home/kgh/ws2/install/dwb_msgs/include/dwb_msgs/msg/detail/trajectory_score__rosidl_typesupport_introspection_c.h
[12.165s] -- Installing: /home/kgh/ws2/install/dwb_msgs/include/dwb_msgs/msg/detail/local_plan_evaluation__rosidl_typesupport_introspection_c.h
[12.165s] -- Installing: /home/kgh/ws2/install/dwb_msgs/include/dwb_msgs/msg/detail/critic_score__rosidl_typesupport_introspection_c.h
[12.165s] -- Installing: /home/kgh/ws2/install/dwb_msgs/include/dwb_msgs/msg/detail/local_plan_evaluation__type_support.c
[12.165s] -- Installing: /home/kgh/ws2/install/dwb_msgs/include/dwb_msgs/msg/detail/trajectory2_d__rosidl_typesupport_introspection_c.h
[12.165s] -- Installing: /home/kgh/ws2/install/dwb_msgs/include/dwb_msgs/msg/detail/trajectory_score__type_support.c
[12.165s] -- Installing: /home/kgh/ws2/install/dwb_msgs/include/dwb_msgs/msg/detail/critic_score__type_support.c
[12.165s] -- Up-to-date: /home/kgh/ws2/install/dwb_msgs/include/dwb_msgs/srv
[12.165s] -- Up-to-date: /home/kgh/ws2/install/dwb_msgs/include/dwb_msgs/srv/detail
[12.165s] -- Installing: /home/kgh/ws2/install/dwb_msgs/include/dwb_msgs/srv/detail/score_trajectory__rosidl_typesupport_introspection_c.h
[12.165s] -- Installing: /home/kgh/ws2/install/dwb_msgs/include/dwb_msgs/srv/detail/generate_twists__rosidl_typesupport_introspection_c.h
[12.165s] -- Installing: /home/kgh/ws2/install/dwb_msgs/include/dwb_msgs/srv/detail/score_trajectory__type_support.c
[12.165s] -- Installing: /home/kgh/ws2/install/dwb_msgs/include/dwb_msgs/srv/detail/generate_trajectory__rosidl_typesupport_introspection_c.h
[12.166s] -- Installing: /home/kgh/ws2/install/dwb_msgs/include/dwb_msgs/srv/detail/generate_twists__type_support.c
[12.166s] -- Installing: /home/kgh/ws2/install/dwb_msgs/include/dwb_msgs/srv/detail/get_critic_score__type_support.c
[12.166s] -- Installing: /home/kgh/ws2/install/dwb_msgs/include/dwb_msgs/srv/detail/debug_local_plan__rosidl_typesupport_introspection_c.h
[12.166s] -- Installing: /home/kgh/ws2/install/dwb_msgs/include/dwb_msgs/srv/detail/debug_local_plan__type_support.c
[12.166s] -- Installing: /home/kgh/ws2/install/dwb_msgs/include/dwb_msgs/srv/detail/generate_trajectory__type_support.c
[12.166s] -- Installing: /home/kgh/ws2/install/dwb_msgs/include/dwb_msgs/srv/detail/get_critic_score__rosidl_typesupport_introspection_c.h
[12.166s] -- Installing: /home/kgh/ws2/install/dwb_msgs/lib/libdwb_msgs__rosidl_typesupport_introspection_c.so
[12.166s] -- Set runtime path of "/home/kgh/ws2/install/dwb_msgs/lib/libdwb_msgs__rosidl_typesupport_introspection_c.so" to ""
[12.166s] -- Installing: /home/kgh/ws2/install/dwb_msgs/lib/libdwb_msgs__rosidl_typesupport_c.so
[12.166s] -- Set runtime path of "/home/kgh/ws2/install/dwb_msgs/lib/libdwb_msgs__rosidl_typesupport_c.so" to ""
[12.166s] -- Up-to-date: /home/kgh/ws2/install/dwb_msgs/include/dwb_msgs
[12.166s] -- Up-to-date: /home/kgh/ws2/install/dwb_msgs/include/dwb_msgs/msg
[12.166s] -- Installing: /home/kgh/ws2/install/dwb_msgs/include/dwb_msgs/msg/critic_score.hpp
[12.167s] -- Installing: /home/kgh/ws2/install/dwb_msgs/include/dwb_msgs/msg/trajectory2_d.hpp
[12.167s] -- Installing: /home/kgh/ws2/install/dwb_msgs/include/dwb_msgs/msg/rosidl_generator_cpp__visibility_control.hpp
[12.167s] -- Installing: /home/kgh/ws2/install/dwb_msgs/include/dwb_msgs/msg/local_plan_evaluation.hpp
[12.167s] -- Up-to-date: /home/kgh/ws2/install/dwb_msgs/include/dwb_msgs/msg/detail
[12.167s] -- Installing: /home/kgh/ws2/install/dwb_msgs/include/dwb_msgs/msg/detail/critic_score__type_support.hpp
[12.167s] -- Installing: /home/kgh/ws2/install/dwb_msgs/include/dwb_msgs/msg/detail/trajectory_score__builder.hpp
[12.167s] -- Installing: /home/kgh/ws2/install/dwb_msgs/include/dwb_msgs/msg/detail/critic_score__struct.hpp
[12.167s] -- Installing: /home/kgh/ws2/install/dwb_msgs/include/dwb_msgs/msg/detail/critic_score__traits.hpp
[12.167s] -- Installing: /home/kgh/ws2/install/dwb_msgs/include/dwb_msgs/msg/detail/local_plan_evaluation__builder.hpp
[12.168s] -- Installing: /home/kgh/ws2/install/dwb_msgs/include/dwb_msgs/msg/detail/local_plan_evaluation__type_support.hpp
[12.168s] -- Installing: /home/kgh/ws2/install/dwb_msgs/include/dwb_msgs/msg/detail/trajectory_score__traits.hpp
[12.168s] -- Installing: /home/kgh/ws2/install/dwb_msgs/include/dwb_msgs/msg/detail/local_plan_evaluation__struct.hpp
[12.168s] -- Installing: /home/kgh/ws2/install/dwb_msgs/include/dwb_msgs/msg/detail/trajectory2_d__struct.hpp
[12.168s] -- Installing: /home/kgh/ws2/install/dwb_msgs/include/dwb_msgs/msg/detail/trajectory2_d__traits.hpp
[12.168s] -- Installing: /home/kgh/ws2/install/dwb_msgs/include/dwb_msgs/msg/detail/trajectory_score__type_support.hpp
[12.168s] -- Installing: /home/kgh/ws2/install/dwb_msgs/include/dwb_msgs/msg/detail/trajectory_score__struct.hpp
[12.168s] -- Installing: /home/kgh/ws2/install/dwb_msgs/include/dwb_msgs/msg/detail/local_plan_evaluation__traits.hpp
[12.168s] -- Installing: /home/kgh/ws2/install/dwb_msgs/include/dwb_msgs/msg/detail/critic_score__builder.hpp
[12.168s] -- Installing: /home/kgh/ws2/install/dwb_msgs/include/dwb_msgs/msg/detail/trajectory2_d__builder.hpp
[12.168s] -- Installing: /home/kgh/ws2/install/dwb_msgs/include/dwb_msgs/msg/detail/trajectory2_d__type_support.hpp
[12.169s] -- Installing: /home/kgh/ws2/install/dwb_msgs/include/dwb_msgs/msg/trajectory_score.hpp
[12.169s] -- Up-to-date: /home/kgh/ws2/install/dwb_msgs/include/dwb_msgs/srv
[12.169s] -- Installing: /home/kgh/ws2/install/dwb_msgs/include/dwb_msgs/srv/generate_trajectory.hpp
[12.169s] -- Up-to-date: /home/kgh/ws2/install/dwb_msgs/include/dwb_msgs/srv/detail
[12.169s] -- Installing: /home/kgh/ws2/install/dwb_msgs/include/dwb_msgs/srv/detail/generate_trajectory__struct.hpp
[12.169s] -- Installing: /home/kgh/ws2/install/dwb_msgs/include/dwb_msgs/srv/detail/get_critic_score__type_support.hpp
[12.169s] -- Installing: /home/kgh/ws2/install/dwb_msgs/include/dwb_msgs/srv/detail/score_trajectory__struct.hpp
[12.169s] -- Installing: /home/kgh/ws2/install/dwb_msgs/include/dwb_msgs/srv/detail/get_critic_score__traits.hpp
[12.169s] -- Installing: /home/kgh/ws2/install/dwb_msgs/include/dwb_msgs/srv/detail/generate_trajectory__traits.hpp
[12.169s] -- Installing: /home/kgh/ws2/install/dwb_msgs/include/dwb_msgs/srv/detail/debug_local_plan__traits.hpp
[12.169s] -- Installing: /home/kgh/ws2/install/dwb_msgs/include/dwb_msgs/srv/detail/generate_twists__type_support.hpp
[12.170s] -- Installing: /home/kgh/ws2/install/dwb_msgs/include/dwb_msgs/srv/detail/debug_local_plan__builder.hpp
[12.170s] -- Installing: /home/kgh/ws2/install/dwb_msgs/include/dwb_msgs/srv/detail/get_critic_score__struct.hpp
[12.170s] -- Installing: /home/kgh/ws2/install/dwb_msgs/include/dwb_msgs/srv/detail/debug_local_plan__type_support.hpp
[12.170s] -- Installing: /home/kgh/ws2/install/dwb_msgs/include/dwb_msgs/srv/detail/generate_twists__traits.hpp
[12.170s] -- Installing: /home/kgh/ws2/install/dwb_msgs/include/dwb_msgs/srv/detail/score_trajectory__traits.hpp
[12.170s] -- Installing: /home/kgh/ws2/install/dwb_msgs/include/dwb_msgs/srv/detail/generate_twists__struct.hpp
[12.170s] -- Installing: /home/kgh/ws2/install/dwb_msgs/include/dwb_msgs/srv/detail/debug_local_plan__struct.hpp
[12.170s] -- Installing: /home/kgh/ws2/install/dwb_msgs/include/dwb_msgs/srv/detail/score_trajectory__type_support.hpp
[12.170s] -- Installing: /home/kgh/ws2/install/dwb_msgs/include/dwb_msgs/srv/detail/generate_trajectory__type_support.hpp
[12.170s] -- Installing: /home/kgh/ws2/install/dwb_msgs/include/dwb_msgs/srv/detail/generate_trajectory__builder.hpp
[12.170s] -- Installing: /home/kgh/ws2/install/dwb_msgs/include/dwb_msgs/srv/detail/score_trajectory__builder.hpp
[12.170s] -- Installing: /home/kgh/ws2/install/dwb_msgs/include/dwb_msgs/srv/detail/generate_twists__builder.hpp
[12.171s] -- Installing: /home/kgh/ws2/install/dwb_msgs/include/dwb_msgs/srv/detail/get_critic_score__builder.hpp
[12.171s] -- Installing: /home/kgh/ws2/install/dwb_msgs/include/dwb_msgs/srv/generate_twists.hpp
[12.171s] -- Installing: /home/kgh/ws2/install/dwb_msgs/include/dwb_msgs/srv/get_critic_score.hpp
[12.171s] -- Installing: /home/kgh/ws2/install/dwb_msgs/include/dwb_msgs/srv/debug_local_plan.hpp
[12.171s] -- Installing: /home/kgh/ws2/install/dwb_msgs/include/dwb_msgs/srv/score_trajectory.hpp
[12.171s] -- Up-to-date: /home/kgh/ws2/install/dwb_msgs/include/dwb_msgs
[12.171s] -- Up-to-date: /home/kgh/ws2/install/dwb_msgs/include/dwb_msgs/msg
[12.171s] -- Up-to-date: /home/kgh/ws2/install/dwb_msgs/include/dwb_msgs/msg/detail
[12.171s] -- Installing: /home/kgh/ws2/install/dwb_msgs/include/dwb_msgs/msg/detail/local_plan_evaluation__type_support.cpp
[12.171s] -- Installing: /home/kgh/ws2/install/dwb_msgs/include/dwb_msgs/msg/detail/trajectory_score__rosidl_typesupport_introspection_cpp.hpp
[12.171s] -- Installing: /home/kgh/ws2/install/dwb_msgs/include/dwb_msgs/msg/detail/trajectory_score__type_support.cpp
[12.171s] -- Installing: /home/kgh/ws2/install/dwb_msgs/include/dwb_msgs/msg/detail/critic_score__rosidl_typesupport_introspection_cpp.hpp
[12.171s] -- Installing: /home/kgh/ws2/install/dwb_msgs/include/dwb_msgs/msg/detail/trajectory2_d__type_support.cpp
[12.172s] -- Installing: /home/kgh/ws2/install/dwb_msgs/include/dwb_msgs/msg/detail/local_plan_evaluation__rosidl_typesupport_introspection_cpp.hpp
[12.172s] -- Installing: /home/kgh/ws2/install/dwb_msgs/include/dwb_msgs/msg/detail/critic_score__type_support.cpp
[12.172s] -- Installing: /home/kgh/ws2/install/dwb_msgs/include/dwb_msgs/msg/detail/trajectory2_d__rosidl_typesupport_introspection_cpp.hpp
[12.172s] -- Up-to-date: /home/kgh/ws2/install/dwb_msgs/include/dwb_msgs/srv
[12.172s] -- Up-to-date: /home/kgh/ws2/install/dwb_msgs/include/dwb_msgs/srv/detail
[12.172s] -- Installing: /home/kgh/ws2/install/dwb_msgs/include/dwb_msgs/srv/detail/generate_trajectory__rosidl_typesupport_introspection_cpp.hpp
[12.172s] -- Installing: /home/kgh/ws2/install/dwb_msgs/include/dwb_msgs/srv/detail/generate_trajectory__type_support.cpp
[12.172s] -- Installing: /home/kgh/ws2/install/dwb_msgs/include/dwb_msgs/srv/detail/debug_local_plan__rosidl_typesupport_introspection_cpp.hpp
[12.172s] -- Installing: /home/kgh/ws2/install/dwb_msgs/include/dwb_msgs/srv/detail/get_critic_score__rosidl_typesupport_introspection_cpp.hpp
[12.172s] -- Installing: /home/kgh/ws2/install/dwb_msgs/include/dwb_msgs/srv/detail/score_trajectory__type_support.cpp
[12.172s] -- Installing: /home/kgh/ws2/install/dwb_msgs/include/dwb_msgs/srv/detail/generate_twists__type_support.cpp
[12.172s] -- Installing: /home/kgh/ws2/install/dwb_msgs/include/dwb_msgs/srv/detail/generate_twists__rosidl_typesupport_introspection_cpp.hpp
[12.172s] -- Installing: /home/kgh/ws2/install/dwb_msgs/include/dwb_msgs/srv/detail/debug_local_plan__type_support.cpp
[12.172s] -- Installing: /home/kgh/ws2/install/dwb_msgs/include/dwb_msgs/srv/detail/get_critic_score__type_support.cpp
[12.172s] -- Installing: /home/kgh/ws2/install/dwb_msgs/include/dwb_msgs/srv/detail/score_trajectory__rosidl_typesupport_introspection_cpp.hpp
[12.172s] -- Installing: /home/kgh/ws2/install/dwb_msgs/lib/libdwb_msgs__rosidl_typesupport_introspection_cpp.so
[12.172s] -- Set runtime path of "/home/kgh/ws2/install/dwb_msgs/lib/libdwb_msgs__rosidl_typesupport_introspection_cpp.so" to ""
[12.173s] -- Installing: /home/kgh/ws2/install/dwb_msgs/lib/libdwb_msgs__rosidl_typesupport_cpp.so
[12.173s] -- Set runtime path of "/home/kgh/ws2/install/dwb_msgs/lib/libdwb_msgs__rosidl_typesupport_cpp.so" to ""
[12.173s] -- Installing: /home/kgh/ws2/install/dwb_msgs/share/dwb_msgs/environment/pythonpath.sh
[12.173s] -- Installing: /home/kgh/ws2/install/dwb_msgs/share/dwb_msgs/environment/pythonpath.dsv
[12.173s] -- Installing: /home/kgh/ws2/install/dwb_msgs/lib/python3.8/site-packages/dwb_msgs/__init__.py
[12.198s] Compiling '/home/kgh/ws2/install/dwb_msgs/lib/python3.8/site-packages/dwb_msgs/__init__.py'...
[12.201s] -- Installing: /home/kgh/ws2/install/dwb_msgs/lib/python3.8/site-packages/dwb_msgs/msg
[12.201s] -- Installing: /home/kgh/ws2/install/dwb_msgs/lib/python3.8/site-packages/dwb_msgs/msg/_trajectory2_d.py
[12.201s] -- Installing: /home/kgh/ws2/install/dwb_msgs/lib/python3.8/site-packages/dwb_msgs/msg/_trajectory2_d_s.c
[12.201s] -- Installing: /home/kgh/ws2/install/dwb_msgs/lib/python3.8/site-packages/dwb_msgs/msg/_local_plan_evaluation.py
[12.201s] -- Installing: /home/kgh/ws2/install/dwb_msgs/lib/python3.8/site-packages/dwb_msgs/msg/_trajectory_score.py
[12.201s] -- Installing: /home/kgh/ws2/install/dwb_msgs/lib/python3.8/site-packages/dwb_msgs/msg/_trajectory_score_s.c
[12.201s] -- Installing: /home/kgh/ws2/install/dwb_msgs/lib/python3.8/site-packages/dwb_msgs/msg/__init__.py
[12.201s] -- Installing: /home/kgh/ws2/install/dwb_msgs/lib/python3.8/site-packages/dwb_msgs/msg/_critic_score.py
[12.201s] -- Installing: /home/kgh/ws2/install/dwb_msgs/lib/python3.8/site-packages/dwb_msgs/msg/_critic_score_s.c
[12.201s] -- Installing: /home/kgh/ws2/install/dwb_msgs/lib/python3.8/site-packages/dwb_msgs/msg/_local_plan_evaluation_s.c
[12.202s] -- Installing: /home/kgh/ws2/install/dwb_msgs/lib/python3.8/site-packages/dwb_msgs/srv
[12.202s] -- Installing: /home/kgh/ws2/install/dwb_msgs/lib/python3.8/site-packages/dwb_msgs/srv/_score_trajectory_s.c
[12.202s] -- Installing: /home/kgh/ws2/install/dwb_msgs/lib/python3.8/site-packages/dwb_msgs/srv/_debug_local_plan.py
[12.202s] -- Installing: /home/kgh/ws2/install/dwb_msgs/lib/python3.8/site-packages/dwb_msgs/srv/_generate_twists.py
[12.202s] -- Installing: /home/kgh/ws2/install/dwb_msgs/lib/python3.8/site-packages/dwb_msgs/srv/_score_trajectory.py
[12.202s] -- Installing: /home/kgh/ws2/install/dwb_msgs/lib/python3.8/site-packages/dwb_msgs/srv/_get_critic_score_s.c
[12.202s] -- Installing: /home/kgh/ws2/install/dwb_msgs/lib/python3.8/site-packages/dwb_msgs/srv/_generate_trajectory_s.c
[12.202s] -- Installing: /home/kgh/ws2/install/dwb_msgs/lib/python3.8/site-packages/dwb_msgs/srv/__init__.py
[12.202s] -- Installing: /home/kgh/ws2/install/dwb_msgs/lib/python3.8/site-packages/dwb_msgs/srv/_debug_local_plan_s.c
[12.202s] -- Installing: /home/kgh/ws2/install/dwb_msgs/lib/python3.8/site-packages/dwb_msgs/srv/_get_critic_score.py
[12.202s] -- Installing: /home/kgh/ws2/install/dwb_msgs/lib/python3.8/site-packages/dwb_msgs/srv/_generate_trajectory.py
[12.202s] -- Installing: /home/kgh/ws2/install/dwb_msgs/lib/python3.8/site-packages/dwb_msgs/srv/_generate_twists_s.c
[12.203s] -- Installing: /home/kgh/ws2/install/dwb_msgs/lib/python3.8/site-packages/dwb_msgs/dwb_msgs_s__rosidl_typesupport_fastrtps_c.cpython-38-x86_64-linux-gnu.so
[12.203s] -- Set runtime path of "/home/kgh/ws2/install/dwb_msgs/lib/python3.8/site-packages/dwb_msgs/dwb_msgs_s__rosidl_typesupport_fastrtps_c.cpython-38-x86_64-linux-gnu.so" to ""
[12.203s] -- Installing: /home/kgh/ws2/install/dwb_msgs/lib/python3.8/site-packages/dwb_msgs/dwb_msgs_s__rosidl_typesupport_introspection_c.cpython-38-x86_64-linux-gnu.so
[12.204s] -- Set runtime path of "/home/kgh/ws2/install/dwb_msgs/lib/python3.8/site-packages/dwb_msgs/dwb_msgs_s__rosidl_typesupport_introspection_c.cpython-38-x86_64-linux-gnu.so" to ""
[12.204s] -- Installing: /home/kgh/ws2/install/dwb_msgs/lib/python3.8/site-packages/dwb_msgs/dwb_msgs_s__rosidl_typesupport_c.cpython-38-x86_64-linux-gnu.so
[12.204s] -- Set runtime path of "/home/kgh/ws2/install/dwb_msgs/lib/python3.8/site-packages/dwb_msgs/dwb_msgs_s__rosidl_typesupport_c.cpython-38-x86_64-linux-gnu.so" to ""
[12.204s] -- Installing: /home/kgh/ws2/install/dwb_msgs/lib/libdwb_msgs__python.so
[12.205s] -- Set runtime path of "/home/kgh/ws2/install/dwb_msgs/lib/libdwb_msgs__python.so" to ""
[12.205s] -- Installing: /home/kgh/ws2/install/dwb_msgs/share/dwb_msgs/msg/CriticScore.idl
[12.205s] -- Installing: /home/kgh/ws2/install/dwb_msgs/share/dwb_msgs/msg/LocalPlanEvaluation.idl
[12.205s] -- Installing: /home/kgh/ws2/install/dwb_msgs/share/dwb_msgs/msg/Trajectory2D.idl
[12.205s] -- Installing: /home/kgh/ws2/install/dwb_msgs/share/dwb_msgs/msg/TrajectoryScore.idl
[12.205s] -- Installing: /home/kgh/ws2/install/dwb_msgs/share/dwb_msgs/srv/DebugLocalPlan.idl
[12.205s] -- Installing: /home/kgh/ws2/install/dwb_msgs/share/dwb_msgs/srv/GenerateTrajectory.idl
[12.206s] -- Installing: /home/kgh/ws2/install/dwb_msgs/share/dwb_msgs/srv/GenerateTwists.idl
[12.206s] -- Installing: /home/kgh/ws2/install/dwb_msgs/share/dwb_msgs/srv/GetCriticScore.idl
[12.206s] -- Installing: /home/kgh/ws2/install/dwb_msgs/share/dwb_msgs/srv/ScoreTrajectory.idl
[12.206s] -- Installing: /home/kgh/ws2/install/dwb_msgs/share/dwb_msgs/msg/CriticScore.msg
[12.206s] -- Installing: /home/kgh/ws2/install/dwb_msgs/share/dwb_msgs/msg/LocalPlanEvaluation.msg
[12.206s] -- Installing: /home/kgh/ws2/install/dwb_msgs/share/dwb_msgs/msg/Trajectory2D.msg
[12.206s] -- Installing: /home/kgh/ws2/install/dwb_msgs/share/dwb_msgs/msg/TrajectoryScore.msg
[12.206s] -- Installing: /home/kgh/ws2/install/dwb_msgs/share/dwb_msgs/srv/DebugLocalPlan.srv
[12.206s] -- Installing: /home/kgh/ws2/install/dwb_msgs/share/dwb_msgs/srv/DebugLocalPlan_Request.msg
[12.207s] -- Installing: /home/kgh/ws2/install/dwb_msgs/share/dwb_msgs/srv/DebugLocalPlan_Response.msg
[12.207s] -- Installing: /home/kgh/ws2/install/dwb_msgs/share/dwb_msgs/srv/GenerateTrajectory.srv
[12.207s] -- Installing: /home/kgh/ws2/install/dwb_msgs/share/dwb_msgs/srv/GenerateTrajectory_Request.msg
[12.207s] -- Installing: /home/kgh/ws2/install/dwb_msgs/share/dwb_msgs/srv/GenerateTrajectory_Response.msg
[12.207s] -- Installing: /home/kgh/ws2/install/dwb_msgs/share/dwb_msgs/srv/GenerateTwists.srv
[12.207s] -- Installing: /home/kgh/ws2/install/dwb_msgs/share/dwb_msgs/srv/GenerateTwists_Request.msg
[12.207s] -- Installing: /home/kgh/ws2/install/dwb_msgs/share/dwb_msgs/srv/GenerateTwists_Response.msg
[12.207s] -- Installing: /home/kgh/ws2/install/dwb_msgs/share/dwb_msgs/srv/GetCriticScore.srv
[12.207s] -- Installing: /home/kgh/ws2/install/dwb_msgs/share/dwb_msgs/srv/GetCriticScore_Request.msg
[12.207s] -- Installing: /home/kgh/ws2/install/dwb_msgs/share/dwb_msgs/srv/GetCriticScore_Response.msg
[12.208s] -- Installing: /home/kgh/ws2/install/dwb_msgs/share/dwb_msgs/srv/ScoreTrajectory.srv
[12.208s] -- Installing: /home/kgh/ws2/install/dwb_msgs/share/dwb_msgs/srv/ScoreTrajectory_Request.msg
[12.208s] -- Installing: /home/kgh/ws2/install/dwb_msgs/share/dwb_msgs/srv/ScoreTrajectory_Response.msg
[12.208s] -- Installing: /home/kgh/ws2/install/dwb_msgs/share/ament_index/resource_index/package_run_dependencies/dwb_msgs
[12.208s] -- Installing: /home/kgh/ws2/install/dwb_msgs/share/ament_index/resource_index/parent_prefix_path/dwb_msgs
[12.208s] -- Installing: /home/kgh/ws2/install/dwb_msgs/share/dwb_msgs/environment/ament_prefix_path.sh
[12.208s] -- Installing: /home/kgh/ws2/install/dwb_msgs/share/dwb_msgs/environment/ament_prefix_path.dsv
[12.208s] -- Installing: /home/kgh/ws2/install/dwb_msgs/share/dwb_msgs/environment/path.sh
[12.209s] -- Installing: /home/kgh/ws2/install/dwb_msgs/share/dwb_msgs/environment/path.dsv
[12.209s] -- Installing: /home/kgh/ws2/install/dwb_msgs/share/dwb_msgs/local_setup.bash
[12.209s] -- Installing: /home/kgh/ws2/install/dwb_msgs/share/dwb_msgs/local_setup.sh
[12.209s] -- Installing: /home/kgh/ws2/install/dwb_msgs/share/dwb_msgs/local_setup.zsh
[12.209s] -- Installing: /home/kgh/ws2/install/dwb_msgs/share/dwb_msgs/local_setup.dsv
[12.209s] -- Installing: /home/kgh/ws2/install/dwb_msgs/share/dwb_msgs/package.dsv
[12.209s] -- Installing: /home/kgh/ws2/install/dwb_msgs/share/ament_index/resource_index/packages/dwb_msgs
[12.209s] -- Installing: /home/kgh/ws2/install/dwb_msgs/share/dwb_msgs/cmake/dwb_msgs__rosidl_generator_cExport.cmake
[12.210s] -- Installing: /home/kgh/ws2/install/dwb_msgs/share/dwb_msgs/cmake/dwb_msgs__rosidl_generator_cExport-noconfig.cmake
[12.210s] -- Installing: /home/kgh/ws2/install/dwb_msgs/share/dwb_msgs/cmake/dwb_msgs__rosidl_typesupport_introspection_cExport.cmake
[12.210s] -- Installing: /home/kgh/ws2/install/dwb_msgs/share/dwb_msgs/cmake/dwb_msgs__rosidl_typesupport_introspection_cExport-noconfig.cmake
[12.210s] -- Installing: /home/kgh/ws2/install/dwb_msgs/share/dwb_msgs/cmake/dwb_msgs__rosidl_typesupport_cExport.cmake
[12.210s] -- Installing: /home/kgh/ws2/install/dwb_msgs/share/dwb_msgs/cmake/dwb_msgs__rosidl_typesupport_cExport-noconfig.cmake
[12.210s] -- Installing: /home/kgh/ws2/install/dwb_msgs/share/dwb_msgs/cmake/dwb_msgs__rosidl_generator_cppExport.cmake
[12.210s] -- Installing: /home/kgh/ws2/install/dwb_msgs/share/dwb_msgs/cmake/dwb_msgs__rosidl_typesupport_introspection_cppExport.cmake
[12.211s] -- Installing: /home/kgh/ws2/install/dwb_msgs/share/dwb_msgs/cmake/dwb_msgs__rosidl_typesupport_introspection_cppExport-noconfig.cmake
[12.211s] -- Installing: /home/kgh/ws2/install/dwb_msgs/share/dwb_msgs/cmake/dwb_msgs__rosidl_typesupport_cppExport.cmake
[12.211s] -- Installing: /home/kgh/ws2/install/dwb_msgs/share/dwb_msgs/cmake/dwb_msgs__rosidl_typesupport_cppExport-noconfig.cmake
[12.211s] -- Installing: /home/kgh/ws2/install/dwb_msgs/share/dwb_msgs/cmake/rosidl_cmake-extras.cmake
[12.211s] -- Installing: /home/kgh/ws2/install/dwb_msgs/share/dwb_msgs/cmake/ament_cmake_export_dependencies-extras.cmake
[12.211s] -- Installing: /home/kgh/ws2/install/dwb_msgs/share/dwb_msgs/cmake/ament_cmake_export_libraries-extras.cmake
[12.211s] -- Installing: /home/kgh/ws2/install/dwb_msgs/share/dwb_msgs/cmake/ament_cmake_export_targets-extras.cmake
[12.211s] -- Installing: /home/kgh/ws2/install/dwb_msgs/share/dwb_msgs/cmake/ament_cmake_export_include_directories-extras.cmake
[12.211s] -- Installing: /home/kgh/ws2/install/dwb_msgs/share/dwb_msgs/cmake/rosidl_cmake_export_typesupport_libraries-extras.cmake
[12.211s] -- Installing: /home/kgh/ws2/install/dwb_msgs/share/dwb_msgs/cmake/rosidl_cmake_export_typesupport_targets-extras.cmake
[12.212s] -- Installing: /home/kgh/ws2/install/dwb_msgs/share/dwb_msgs/cmake/dwb_msgsConfig.cmake
[12.212s] -- Installing: /home/kgh/ws2/install/dwb_msgs/share/dwb_msgs/cmake/dwb_msgsConfig-version.cmake
[12.212s] -- Installing: /home/kgh/ws2/install/dwb_msgs/share/dwb_msgs/package.xml
[12.214s] Invoked command in '/home/kgh/ws2/build/dwb_msgs' returned '0': CMAKE_PREFIX_PATH=/home/kgh/ws2/install/nav_2d_msgs:/home/kgh/ws2/install/yzbot_nav2:/home/kgh/ws2/install/yzbot_cartographer:/home/kgh/ws2/install/nav2_system_tests:/home/kgh/ws2/install/nav2_bringup:/home/kgh/ws2/install/navigation2:/home/kgh/ws2/install/smac_planner:/home/kgh/ws2/install/nav2_dwb_controller:/home/kgh/ws2/install/nav2_controller:/home/kgh/ws2/install/dwb_plugins:/home/kgh/ws2/install/dwb_critics:/home/kgh/ws2/install/dwb_core:/home/kgh/ws2/install/nav_2d_utils:/home/kgh/ws2/install/dwb_msgs:/home/kgh/ws2/install/nav2_waypoint_follower:/home/kgh/ws2/install/nav2_regulated_pure_pursuit_controller:/home/kgh/ws2/install/nav2_recoveries:/home/kgh/ws2/install/nav2_planner:/home/kgh/ws2/install/nav2_navfn_planner:/home/kgh/ws2/install/nav2_core:/home/kgh/ws2/install/costmap_queue:/home/kgh/ws2/install/nav2_costmap_2d:/home/kgh/ws2/install/nav2_voxel_grid:/home/kgh/ws2/install/nav2_rviz_plugins:/home/kgh/ws2/install/nav2_map_server:/home/kgh/ws2/install/nav2_lifecycle_manager:/home/kgh/ws2/install/nav2_bt_navigator:/home/kgh/ws2/install/nav2_behavior_tree:/home/kgh/ws2/install/nav2_amcl:/home/kgh/ws2/install/nav2_util:/home/kgh/ws2/install/nav2_msgs:/home/kgh/ws2/install/nav2_common:/home/kgh/ws2/install/bluesea2:/home/kgh/ws2/install/yzbot_description:/home/kgh/ws2/install/yzbot_controller:/home/kgh/ws2/install/nav2_gazebo_spawner:/opt/ros/foxy LD_LIBRARY_PATH=/home/kgh/ws2/install/nav_2d_msgs/lib:/home/kgh/ws2/install/smac_planner/lib:/home/kgh/ws2/install/nav2_controller/lib:/home/kgh/ws2/install/dwb_plugins/lib:/home/kgh/ws2/install/dwb_critics/lib:/home/kgh/ws2/install/dwb_core/lib:/home/kgh/ws2/install/nav_2d_utils/lib:/home/kgh/ws2/install/dwb_msgs/lib:/home/kgh/ws2/install/nav2_waypoint_follower/lib:/home/kgh/ws2/install/nav2_regulated_pure_pursuit_controller/lib:/home/kgh/ws2/install/nav2_recoveries/lib:/home/kgh/ws2/install/nav2_planner/lib:/home/kgh/ws2/install/nav2_navfn_planner/lib:/home/kgh/ws2/install/costmap_queue/lib:/home/kgh/ws2/install/nav2_costmap_2d/lib:/home/kgh/ws2/install/nav2_voxel_grid/lib:/home/kgh/ws2/install/nav2_rviz_plugins/lib:/home/kgh/ws2/install/nav2_map_server/lib:/home/kgh/ws2/install/nav2_lifecycle_manager/lib:/home/kgh/ws2/install/nav2_bt_navigator/lib:/home/kgh/ws2/install/nav2_behavior_tree/lib:/home/kgh/ws2/install/nav2_amcl/lib:/home/kgh/ws2/install/nav2_util/lib:/home/kgh/ws2/install/nav2_msgs/lib:/usr/lib/x86_64-linux-gnu/gazebo-11/plugins:/opt/ros/foxy/opt/yaml_cpp_vendor/lib:/opt/ros/foxy/opt/rviz_ogre_vendor/lib:/opt/ros/foxy/lib/x86_64-linux-gnu:/opt/ros/foxy/lib PYTHONPATH=/home/kgh/ws2/install/nav_2d_msgs/lib/python3.8/site-packages:/home/kgh/ws2/install/yzbot_description/lib/python3.8/site-packages:/home/kgh/ws2/install/yzbot_controller/lib/python3.8/site-packages:/home/kgh/ws2/install/dwb_msgs/lib/python3.8/site-packages:/home/kgh/ws2/install/nav2_msgs/lib/python3.8/site-packages:/home/kgh/ws2/install/nav2_gazebo_spawner/lib/python3.8/site-packages:/home/kgh/ws2/install/nav2_common/lib/python3.8/site-packages:/opt/ros/foxy/lib/python3.8/site-packages /usr/bin/cmake --install /home/kgh/ws2/build/dwb_msgs
