[0.251s] Invoking command in '/home/kgh/ws2/build/dwb_msgs': CMAKE_PREFIX_PATH=/home/kgh/ws2/install/nav_2d_msgs:/home/kgh/ws2/install/yzbot_stm32connect:/home/kgh/ws2/install/yzbot_nav2:/home/kgh/ws2/install/yzbot_msgs:/home/kgh/ws2/install/yzbot_cartographer:/home/kgh/ws2/install/nav2_system_tests:/home/kgh/ws2/install/nav2_bringup:/home/kgh/ws2/install/navigation2:/home/kgh/ws2/install/smac_planner:/home/kgh/ws2/install/nav2_dwb_controller:/home/kgh/ws2/install/nav2_controller:/home/kgh/ws2/install/dwb_plugins:/home/kgh/ws2/install/dwb_critics:/home/kgh/ws2/install/dwb_core:/home/kgh/ws2/install/nav_2d_utils:/home/kgh/ws2/install/dwb_msgs:/home/kgh/ws2/install/nav2_waypoint_follower:/home/kgh/ws2/install/nav2_regulated_pure_pursuit_controller:/home/kgh/ws2/install/nav2_recoveries:/home/kgh/ws2/install/nav2_planner:/home/kgh/ws2/install/nav2_navfn_planner:/home/kgh/ws2/install/nav2_core:/home/kgh/ws2/install/costmap_queue:/home/kgh/ws2/install/nav2_costmap_2d:/home/kgh/ws2/install/nav2_voxel_grid:/home/kgh/ws2/install/nav2_rviz_plugins:/home/kgh/ws2/install/nav2_map_server:/home/kgh/ws2/install/nav2_lifecycle_manager:/home/kgh/ws2/install/nav2_bt_navigator:/home/kgh/ws2/install/nav2_behavior_tree:/home/kgh/ws2/install/nav2_amcl:/home/kgh/ws2/install/nav2_util:/home/kgh/ws2/install/nav2_msgs:/home/kgh/ws2/install/nav2_common:/home/kgh/ws2/install/bluesea2:/home/kgh/ws2/install/yzbot_description:/home/kgh/ws2/install/yzbot_controller:/home/kgh/ws2/install/nav2_gazebo_spawner:/opt/ros/foxy LD_LIBRARY_PATH=/home/kgh/ws2/install/nav_2d_msgs/lib:/home/kgh/ws2/install/yzbot_msgs/lib:/home/kgh/ws2/install/smac_planner/lib:/home/kgh/ws2/install/nav2_controller/lib:/home/kgh/ws2/install/dwb_plugins/lib:/home/kgh/ws2/install/dwb_critics/lib:/home/kgh/ws2/install/dwb_core/lib:/home/kgh/ws2/install/nav_2d_utils/lib:/home/kgh/ws2/install/dwb_msgs/lib:/home/kgh/ws2/install/nav2_waypoint_follower/lib:/home/kgh/ws2/install/nav2_regulated_pure_pursuit_controller/lib:/home/kgh/ws2/install/nav2_recoveries/lib:/home/kgh/ws2/install/nav2_planner/lib:/home/kgh/ws2/install/nav2_navfn_planner/lib:/home/kgh/ws2/install/costmap_queue/lib:/home/kgh/ws2/install/nav2_costmap_2d/lib:/home/kgh/ws2/install/nav2_voxel_grid/lib:/home/kgh/ws2/install/nav2_rviz_plugins/lib:/home/kgh/ws2/install/nav2_map_server/lib:/home/kgh/ws2/install/nav2_lifecycle_manager/lib:/home/kgh/ws2/install/nav2_bt_navigator/lib:/home/kgh/ws2/install/nav2_behavior_tree/lib:/home/kgh/ws2/install/nav2_amcl/lib:/home/kgh/ws2/install/nav2_util/lib:/home/kgh/ws2/install/nav2_msgs/lib:/usr/lib/x86_64-linux-gnu/gazebo-11/plugins:/opt/ros/foxy/opt/yaml_cpp_vendor/lib:/opt/ros/foxy/opt/rviz_ogre_vendor/lib:/opt/ros/foxy/lib/x86_64-linux-gnu:/opt/ros/foxy/lib PYTHONPATH=/home/kgh/ws2/install/nav_2d_msgs/lib/python3.8/site-packages:/home/kgh/ws2/install/yzbot_msgs/lib/python3.8/site-packages:/home/kgh/ws2/install/yzbot_description/lib/python3.8/site-packages:/home/kgh/ws2/install/yzbot_controller/lib/python3.8/site-packages:/home/kgh/ws2/install/dwb_msgs/lib/python3.8/site-packages:/home/kgh/ws2/install/nav2_msgs/lib/python3.8/site-packages:/home/kgh/ws2/install/nav2_gazebo_spawner/lib/python3.8/site-packages:/home/kgh/ws2/install/nav2_common/lib/python3.8/site-packages:/opt/ros/foxy/lib/python3.8/site-packages /usr/bin/cmake /home/kgh/ws2/src/navigation2/nav2_dwb_controller/dwb_msgs -DCMAKE_INSTALL_PREFIX=/home/kgh/ws2/install/dwb_msgs
[0.334s] -- The C compiler identification is GNU 9.4.0
[0.384s] -- The CXX compiler identification is GNU 9.4.0
[0.392s] -- Check for working C compiler: /usr/bin/cc
[0.461s] -- Check for working C compiler: /usr/bin/cc -- works
[0.462s] -- Detecting C compiler ABI info
[0.527s] -- Detecting C compiler ABI info - done
[0.543s] -- Detecting C compile features
[0.543s] -- Detecting C compile features - done
[0.546s] -- Check for working CXX compiler: /usr/bin/c++
[0.663s] -- Check for working CXX compiler: /usr/bin/c++ -- works
[0.664s] -- Detecting CXX compiler ABI info
[0.747s] -- Detecting CXX compiler ABI info - done
[0.765s] -- Detecting CXX compile features
[0.766s] -- Detecting CXX compile features - done
[0.769s] -- Found builtin_interfaces: 1.0.0 (/opt/ros/foxy/share/builtin_interfaces/cmake)
[0.812s] -- Found PythonInterp: /usr/bin/python3 (found suitable version "3.8.10", minimum required is "3") 
[0.812s] -- Using PYTHON_EXECUTABLE: /usr/bin/python3
[1.234s] -- Using all available rosidl_typesupport_c: rosidl_typesupport_fastrtps_c;rosidl_typesupport_introspection_c
[1.247s] -- Found rosidl_adapter: 1.3.1 (/opt/ros/foxy/share/rosidl_adapter/cmake)
[1.449s] -- Found OpenSSL: /usr/lib/x86_64-linux-gnu/libcrypto.so (found version "1.1.1f")  
[1.505s] -- Found FastRTPS: /opt/ros/foxy/include  
[1.641s] -- Using all available rosidl_typesupport_cpp: rosidl_typesupport_fastrtps_cpp;rosidl_typesupport_introspection_cpp
[1.685s] -- Found geometry_msgs: 2.0.5 (/opt/ros/foxy/share/geometry_msgs/cmake)
[1.750s] -- Found nav_2d_msgs: 0.4.7 (/home/kgh/ws2/install/nav_2d_msgs/share/nav_2d_msgs/cmake)
[1.815s] -- Found nav_msgs: 2.0.5 (/opt/ros/foxy/share/nav_msgs/cmake)
[1.883s] -- Found rosidl_default_generators: 1.0.1 (/opt/ros/foxy/share/rosidl_default_generators/cmake)
[1.922s] -- Found PythonInterp: /usr/bin/python3 (found version "3.8.10") 
[2.163s] -- Found ament_cmake_ros: 0.9.2 (/opt/ros/foxy/share/ament_cmake_ros/cmake)
[2.446s] -- Using all available rosidl_typesupport_c: rosidl_typesupport_fastrtps_c;rosidl_typesupport_introspection_c
[2.592s] -- Using all available rosidl_typesupport_cpp: rosidl_typesupport_fastrtps_cpp;rosidl_typesupport_introspection_cpp
[2.624s] -- Found PythonInterp: /usr/bin/python3 (found suitable version "3.8.10", minimum required is "3.5") 
[2.626s] -- Found python_cmake_module: 0.8.1 (/opt/ros/foxy/share/python_cmake_module/cmake)
[2.664s] -- Found PythonLibs: /usr/lib/x86_64-linux-gnu/libpython3.8.so (found suitable version "3.8.10", minimum required is "3.5") 
[2.664s] -- Using PYTHON_EXECUTABLE: /usr/bin/python3
[2.664s] -- Using PYTHON_INCLUDE_DIRS: /usr/include/python3.8
[2.664s] -- Using PYTHON_LIBRARIES: /usr/lib/x86_64-linux-gnu/libpython3.8.so
[2.691s] -- Found PythonExtra: .so  
[2.908s] -- Configuring done
[3.056s] -- Generating done
[3.060s] -- Build files have been written to: /home/kgh/ws2/build/dwb_msgs
[3.112s] Invoked command in '/home/kgh/ws2/build/dwb_msgs' returned '0': CMAKE_PREFIX_PATH=/home/kgh/ws2/install/nav_2d_msgs:/home/kgh/ws2/install/yzbot_stm32connect:/home/kgh/ws2/install/yzbot_nav2:/home/kgh/ws2/install/yzbot_msgs:/home/kgh/ws2/install/yzbot_cartographer:/home/kgh/ws2/install/nav2_system_tests:/home/kgh/ws2/install/nav2_bringup:/home/kgh/ws2/install/navigation2:/home/kgh/ws2/install/smac_planner:/home/kgh/ws2/install/nav2_dwb_controller:/home/kgh/ws2/install/nav2_controller:/home/kgh/ws2/install/dwb_plugins:/home/kgh/ws2/install/dwb_critics:/home/kgh/ws2/install/dwb_core:/home/kgh/ws2/install/nav_2d_utils:/home/kgh/ws2/install/dwb_msgs:/home/kgh/ws2/install/nav2_waypoint_follower:/home/kgh/ws2/install/nav2_regulated_pure_pursuit_controller:/home/kgh/ws2/install/nav2_recoveries:/home/kgh/ws2/install/nav2_planner:/home/kgh/ws2/install/nav2_navfn_planner:/home/kgh/ws2/install/nav2_core:/home/kgh/ws2/install/costmap_queue:/home/kgh/ws2/install/nav2_costmap_2d:/home/kgh/ws2/install/nav2_voxel_grid:/home/kgh/ws2/install/nav2_rviz_plugins:/home/kgh/ws2/install/nav2_map_server:/home/kgh/ws2/install/nav2_lifecycle_manager:/home/kgh/ws2/install/nav2_bt_navigator:/home/kgh/ws2/install/nav2_behavior_tree:/home/kgh/ws2/install/nav2_amcl:/home/kgh/ws2/install/nav2_util:/home/kgh/ws2/install/nav2_msgs:/home/kgh/ws2/install/nav2_common:/home/kgh/ws2/install/bluesea2:/home/kgh/ws2/install/yzbot_description:/home/kgh/ws2/install/yzbot_controller:/home/kgh/ws2/install/nav2_gazebo_spawner:/opt/ros/foxy LD_LIBRARY_PATH=/home/kgh/ws2/install/nav_2d_msgs/lib:/home/kgh/ws2/install/yzbot_msgs/lib:/home/kgh/ws2/install/smac_planner/lib:/home/kgh/ws2/install/nav2_controller/lib:/home/kgh/ws2/install/dwb_plugins/lib:/home/kgh/ws2/install/dwb_critics/lib:/home/kgh/ws2/install/dwb_core/lib:/home/kgh/ws2/install/nav_2d_utils/lib:/home/kgh/ws2/install/dwb_msgs/lib:/home/kgh/ws2/install/nav2_waypoint_follower/lib:/home/kgh/ws2/install/nav2_regulated_pure_pursuit_controller/lib:/home/kgh/ws2/install/nav2_recoveries/lib:/home/kgh/ws2/install/nav2_planner/lib:/home/kgh/ws2/install/nav2_navfn_planner/lib:/home/kgh/ws2/install/costmap_queue/lib:/home/kgh/ws2/install/nav2_costmap_2d/lib:/home/kgh/ws2/install/nav2_voxel_grid/lib:/home/kgh/ws2/install/nav2_rviz_plugins/lib:/home/kgh/ws2/install/nav2_map_server/lib:/home/kgh/ws2/install/nav2_lifecycle_manager/lib:/home/kgh/ws2/install/nav2_bt_navigator/lib:/home/kgh/ws2/install/nav2_behavior_tree/lib:/home/kgh/ws2/install/nav2_amcl/lib:/home/kgh/ws2/install/nav2_util/lib:/home/kgh/ws2/install/nav2_msgs/lib:/usr/lib/x86_64-linux-gnu/gazebo-11/plugins:/opt/ros/foxy/opt/yaml_cpp_vendor/lib:/opt/ros/foxy/opt/rviz_ogre_vendor/lib:/opt/ros/foxy/lib/x86_64-linux-gnu:/opt/ros/foxy/lib PYTHONPATH=/home/kgh/ws2/install/nav_2d_msgs/lib/python3.8/site-packages:/home/kgh/ws2/install/yzbot_msgs/lib/python3.8/site-packages:/home/kgh/ws2/install/yzbot_description/lib/python3.8/site-packages:/home/kgh/ws2/install/yzbot_controller/lib/python3.8/site-packages:/home/kgh/ws2/install/dwb_msgs/lib/python3.8/site-packages:/home/kgh/ws2/install/nav2_msgs/lib/python3.8/site-packages:/home/kgh/ws2/install/nav2_gazebo_spawner/lib/python3.8/site-packages:/home/kgh/ws2/install/nav2_common/lib/python3.8/site-packages:/opt/ros/foxy/lib/python3.8/site-packages /usr/bin/cmake /home/kgh/ws2/src/navigation2/nav2_dwb_controller/dwb_msgs -DCMAKE_INSTALL_PREFIX=/home/kgh/ws2/install/dwb_msgs
[3.116s] Invoking command in '/home/kgh/ws2/build/dwb_msgs': CMAKE_PREFIX_PATH=/home/kgh/ws2/install/nav_2d_msgs:/home/kgh/ws2/install/yzbot_stm32connect:/home/kgh/ws2/install/yzbot_nav2:/home/kgh/ws2/install/yzbot_msgs:/home/kgh/ws2/install/yzbot_cartographer:/home/kgh/ws2/install/nav2_system_tests:/home/kgh/ws2/install/nav2_bringup:/home/kgh/ws2/install/navigation2:/home/kgh/ws2/install/smac_planner:/home/kgh/ws2/install/nav2_dwb_controller:/home/kgh/ws2/install/nav2_controller:/home/kgh/ws2/install/dwb_plugins:/home/kgh/ws2/install/dwb_critics:/home/kgh/ws2/install/dwb_core:/home/kgh/ws2/install/nav_2d_utils:/home/kgh/ws2/install/dwb_msgs:/home/kgh/ws2/install/nav2_waypoint_follower:/home/kgh/ws2/install/nav2_regulated_pure_pursuit_controller:/home/kgh/ws2/install/nav2_recoveries:/home/kgh/ws2/install/nav2_planner:/home/kgh/ws2/install/nav2_navfn_planner:/home/kgh/ws2/install/nav2_core:/home/kgh/ws2/install/costmap_queue:/home/kgh/ws2/install/nav2_costmap_2d:/home/kgh/ws2/install/nav2_voxel_grid:/home/kgh/ws2/install/nav2_rviz_plugins:/home/kgh/ws2/install/nav2_map_server:/home/kgh/ws2/install/nav2_lifecycle_manager:/home/kgh/ws2/install/nav2_bt_navigator:/home/kgh/ws2/install/nav2_behavior_tree:/home/kgh/ws2/install/nav2_amcl:/home/kgh/ws2/install/nav2_util:/home/kgh/ws2/install/nav2_msgs:/home/kgh/ws2/install/nav2_common:/home/kgh/ws2/install/bluesea2:/home/kgh/ws2/install/yzbot_description:/home/kgh/ws2/install/yzbot_controller:/home/kgh/ws2/install/nav2_gazebo_spawner:/opt/ros/foxy LD_LIBRARY_PATH=/home/kgh/ws2/install/nav_2d_msgs/lib:/home/kgh/ws2/install/yzbot_msgs/lib:/home/kgh/ws2/install/smac_planner/lib:/home/kgh/ws2/install/nav2_controller/lib:/home/kgh/ws2/install/dwb_plugins/lib:/home/kgh/ws2/install/dwb_critics/lib:/home/kgh/ws2/install/dwb_core/lib:/home/kgh/ws2/install/nav_2d_utils/lib:/home/kgh/ws2/install/dwb_msgs/lib:/home/kgh/ws2/install/nav2_waypoint_follower/lib:/home/kgh/ws2/install/nav2_regulated_pure_pursuit_controller/lib:/home/kgh/ws2/install/nav2_recoveries/lib:/home/kgh/ws2/install/nav2_planner/lib:/home/kgh/ws2/install/nav2_navfn_planner/lib:/home/kgh/ws2/install/costmap_queue/lib:/home/kgh/ws2/install/nav2_costmap_2d/lib:/home/kgh/ws2/install/nav2_voxel_grid/lib:/home/kgh/ws2/install/nav2_rviz_plugins/lib:/home/kgh/ws2/install/nav2_map_server/lib:/home/kgh/ws2/install/nav2_lifecycle_manager/lib:/home/kgh/ws2/install/nav2_bt_navigator/lib:/home/kgh/ws2/install/nav2_behavior_tree/lib:/home/kgh/ws2/install/nav2_amcl/lib:/home/kgh/ws2/install/nav2_util/lib:/home/kgh/ws2/install/nav2_msgs/lib:/usr/lib/x86_64-linux-gnu/gazebo-11/plugins:/opt/ros/foxy/opt/yaml_cpp_vendor/lib:/opt/ros/foxy/opt/rviz_ogre_vendor/lib:/opt/ros/foxy/lib/x86_64-linux-gnu:/opt/ros/foxy/lib PYTHONPATH=/home/kgh/ws2/install/nav_2d_msgs/lib/python3.8/site-packages:/home/kgh/ws2/install/yzbot_msgs/lib/python3.8/site-packages:/home/kgh/ws2/install/yzbot_description/lib/python3.8/site-packages:/home/kgh/ws2/install/yzbot_controller/lib/python3.8/site-packages:/home/kgh/ws2/install/dwb_msgs/lib/python3.8/site-packages:/home/kgh/ws2/install/nav2_msgs/lib/python3.8/site-packages:/home/kgh/ws2/install/nav2_gazebo_spawner/lib/python3.8/site-packages:/home/kgh/ws2/install/nav2_common/lib/python3.8/site-packages:/opt/ros/foxy/lib/python3.8/site-packages /usr/bin/cmake --build /home/kgh/ws2/build/dwb_msgs -- -j16 -l16
[3.344s] [35m[1mScanning dependencies of target dwb_msgs__cpp[0m
[3.373s] [  1%] [34m[1mGenerating C code for ROS interfaces[0m
[3.415s] [  2%] [34m[1mGenerating C++ code for ROS interfaces[0m
[5.451s] [35m[1mScanning dependencies of target dwb_msgs__rosidl_generator_c[0m
[5.485s] [  3%] [32mBuilding C object CMakeFiles/dwb_msgs__rosidl_generator_c.dir/rosidl_generator_c/dwb_msgs/msg/detail/local_plan_evaluation__functions.c.o[0m
[5.486s] [  4%] [32mBuilding C object CMakeFiles/dwb_msgs__rosidl_generator_c.dir/rosidl_generator_c/dwb_msgs/msg/detail/critic_score__functions.c.o[0m
[5.491s] [  5%] [32mBuilding C object CMakeFiles/dwb_msgs__rosidl_generator_c.dir/rosidl_generator_c/dwb_msgs/msg/detail/trajectory2_d__functions.c.o[0m
[5.501s] [  6%] [32mBuilding C object CMakeFiles/dwb_msgs__rosidl_generator_c.dir/rosidl_generator_c/dwb_msgs/srv/detail/debug_local_plan__functions.c.o[0m
[5.504s] [  7%] [32mBuilding C object CMakeFiles/dwb_msgs__rosidl_generator_c.dir/rosidl_generator_c/dwb_msgs/msg/detail/trajectory_score__functions.c.o[0m
[5.504s] [  8%] [32mBuilding C object CMakeFiles/dwb_msgs__rosidl_generator_c.dir/rosidl_generator_c/dwb_msgs/srv/detail/generate_trajectory__functions.c.o[0m
[5.517s] [  9%] [32mBuilding C object CMakeFiles/dwb_msgs__rosidl_generator_c.dir/rosidl_generator_c/dwb_msgs/srv/detail/generate_twists__functions.c.o[0m
[5.549s] [ 10%] [32mBuilding C object CMakeFiles/dwb_msgs__rosidl_generator_c.dir/rosidl_generator_c/dwb_msgs/srv/detail/score_trajectory__functions.c.o[0m
[5.562s] [ 11%] [32mBuilding C object CMakeFiles/dwb_msgs__rosidl_generator_c.dir/rosidl_generator_c/dwb_msgs/srv/detail/get_critic_score__functions.c.o[0m
[5.654s] [ 11%] Built target dwb_msgs__cpp
[5.690s] [ 12%] [32m[1mLinking C shared library libdwb_msgs__rosidl_generator_c.so[0m
[5.703s] [ 13%] [34m[1mGenerating C++ type support dispatch for ROS interfaces[0m
[5.706s] [ 14%] [34m[1mGenerating C++ introspection for ROS interfaces[0m
[5.711s] [ 15%] [34m[1mGenerating C++ type support for eProsima Fast-RTPS[0m
[5.919s] [ 15%] Built target dwb_msgs__rosidl_generator_c
[5.996s] [ 17%] [34m[1mGenerating C type support dispatch for ROS interfaces[0m
[6.000s] [ 17%] [34m[1mGenerating C introspection for ROS interfaces[0m
[7.365s] [35m[1mScanning dependencies of target dwb_msgs__rosidl_typesupport_c[0m
[7.435s] [ 18%] [32mBuilding CXX object CMakeFiles/dwb_msgs__rosidl_typesupport_c.dir/rosidl_typesupport_c/dwb_msgs/msg/critic_score__type_support.cpp.o[0m
[7.445s] [ 20%] [32mBuilding CXX object CMakeFiles/dwb_msgs__rosidl_typesupport_c.dir/rosidl_typesupport_c/dwb_msgs/msg/local_plan_evaluation__type_support.cpp.o[0m
[7.458s] [ 21%] [32mBuilding CXX object CMakeFiles/dwb_msgs__rosidl_typesupport_c.dir/rosidl_typesupport_c/dwb_msgs/msg/trajectory2_d__type_support.cpp.o[0m
[7.464s] [ 22%] [32mBuilding CXX object CMakeFiles/dwb_msgs__rosidl_typesupport_c.dir/rosidl_typesupport_c/dwb_msgs/msg/trajectory_score__type_support.cpp.o[0m
[7.534s] [ 23%] [32mBuilding CXX object CMakeFiles/dwb_msgs__rosidl_typesupport_c.dir/rosidl_typesupport_c/dwb_msgs/srv/debug_local_plan__type_support.cpp.o[0m
[7.549s] [ 24%] [32mBuilding CXX object CMakeFiles/dwb_msgs__rosidl_typesupport_c.dir/rosidl_typesupport_c/dwb_msgs/srv/generate_trajectory__type_support.cpp.o[0m
[7.562s] [ 25%] [32mBuilding CXX object CMakeFiles/dwb_msgs__rosidl_typesupport_c.dir/rosidl_typesupport_c/dwb_msgs/srv/generate_twists__type_support.cpp.o[0m
[7.569s] [ 26%] [32mBuilding CXX object CMakeFiles/dwb_msgs__rosidl_typesupport_c.dir/rosidl_typesupport_c/dwb_msgs/srv/get_critic_score__type_support.cpp.o[0m
[7.590s] [ 27%] [32mBuilding CXX object CMakeFiles/dwb_msgs__rosidl_typesupport_c.dir/rosidl_typesupport_c/dwb_msgs/srv/score_trajectory__type_support.cpp.o[0m
[7.648s] [35m[1mScanning dependencies of target dwb_msgs__rosidl_typesupport_cpp[0m
[7.706s] [ 28%] [32m[1mLinking CXX shared library libdwb_msgs__rosidl_typesupport_c.so[0m
[7.728s] [ 29%] [32mBuilding CXX object CMakeFiles/dwb_msgs__rosidl_typesupport_cpp.dir/rosidl_typesupport_cpp/dwb_msgs/msg/critic_score__type_support.cpp.o[0m
[7.753s] [ 30%] [32mBuilding CXX object CMakeFiles/dwb_msgs__rosidl_typesupport_cpp.dir/rosidl_typesupport_cpp/dwb_msgs/msg/trajectory2_d__type_support.cpp.o[0m
[7.774s] [ 31%] [32mBuilding CXX object CMakeFiles/dwb_msgs__rosidl_typesupport_cpp.dir/rosidl_typesupport_cpp/dwb_msgs/msg/local_plan_evaluation__type_support.cpp.o[0m
[7.779s] [ 32%] [32mBuilding CXX object CMakeFiles/dwb_msgs__rosidl_typesupport_cpp.dir/rosidl_typesupport_cpp/dwb_msgs/msg/trajectory_score__type_support.cpp.o[0m
[7.785s] [ 33%] [32mBuilding CXX object CMakeFiles/dwb_msgs__rosidl_typesupport_cpp.dir/rosidl_typesupport_cpp/dwb_msgs/srv/debug_local_plan__type_support.cpp.o[0m
[7.793s] [ 34%] [32mBuilding CXX object CMakeFiles/dwb_msgs__rosidl_typesupport_cpp.dir/rosidl_typesupport_cpp/dwb_msgs/srv/generate_trajectory__type_support.cpp.o[0m
[7.797s] [35m[1mScanning dependencies of target dwb_msgs__rosidl_typesupport_introspection_cpp[0m
[7.803s] [ 35%] [32mBuilding CXX object CMakeFiles/dwb_msgs__rosidl_typesupport_cpp.dir/rosidl_typesupport_cpp/dwb_msgs/srv/generate_twists__type_support.cpp.o[0m
[7.848s] [ 36%] [32mBuilding CXX object CMakeFiles/dwb_msgs__rosidl_typesupport_cpp.dir/rosidl_typesupport_cpp/dwb_msgs/srv/get_critic_score__type_support.cpp.o[0m
[7.848s] [ 36%] Built target dwb_msgs__rosidl_typesupport_c
[7.853s] [ 37%] [32mBuilding CXX object CMakeFiles/dwb_msgs__rosidl_typesupport_introspection_cpp.dir/rosidl_typesupport_introspection_cpp/dwb_msgs/msg/detail/critic_score__type_support.cpp.o[0m
[7.855s] [ 38%] [32mBuilding CXX object CMakeFiles/dwb_msgs__rosidl_typesupport_cpp.dir/rosidl_typesupport_cpp/dwb_msgs/srv/score_trajectory__type_support.cpp.o[0m
[7.869s] [ 40%] [32mBuilding CXX object CMakeFiles/dwb_msgs__rosidl_typesupport_introspection_cpp.dir/rosidl_typesupport_introspection_cpp/dwb_msgs/msg/detail/local_plan_evaluation__type_support.cpp.o[0m
[7.870s] [ 41%] [32mBuilding CXX object CMakeFiles/dwb_msgs__rosidl_typesupport_introspection_cpp.dir/rosidl_typesupport_introspection_cpp/dwb_msgs/msg/detail/trajectory2_d__type_support.cpp.o[0m
[7.905s] [35m[1mScanning dependencies of target dwb_msgs__rosidl_typesupport_introspection_c[0m
[7.913s] [35m[1mScanning dependencies of target dwb_msgs__rosidl_typesupport_fastrtps_cpp[0m
[7.928s] [ 42%] [32mBuilding CXX object CMakeFiles/dwb_msgs__rosidl_typesupport_introspection_cpp.dir/rosidl_typesupport_introspection_cpp/dwb_msgs/msg/detail/trajectory_score__type_support.cpp.o[0m
[7.944s] [ 43%] [32mBuilding CXX object CMakeFiles/dwb_msgs__rosidl_typesupport_introspection_cpp.dir/rosidl_typesupport_introspection_cpp/dwb_msgs/srv/detail/debug_local_plan__type_support.cpp.o[0m
[7.979s] [ 44%] [32mBuilding C object CMakeFiles/dwb_msgs__rosidl_typesupport_introspection_c.dir/rosidl_typesupport_introspection_c/dwb_msgs/msg/detail/critic_score__type_support.c.o[0m
[7.985s] [ 45%] [32mBuilding CXX object CMakeFiles/dwb_msgs__rosidl_typesupport_fastrtps_cpp.dir/rosidl_typesupport_fastrtps_cpp/dwb_msgs/msg/detail/dds_fastrtps/critic_score__type_support.cpp.o[0m
[8.152s] [ 46%] [32mBuilding C object CMakeFiles/dwb_msgs__rosidl_typesupport_introspection_c.dir/rosidl_typesupport_introspection_c/dwb_msgs/msg/detail/local_plan_evaluation__type_support.c.o[0m
[8.260s] [ 47%] [32mBuilding CXX object CMakeFiles/dwb_msgs__rosidl_typesupport_fastrtps_cpp.dir/rosidl_typesupport_fastrtps_cpp/dwb_msgs/msg/detail/dds_fastrtps/local_plan_evaluation__type_support.cpp.o[0m
[8.281s] [ 48%] [32mBuilding CXX object CMakeFiles/dwb_msgs__rosidl_typesupport_introspection_cpp.dir/rosidl_typesupport_introspection_cpp/dwb_msgs/srv/detail/generate_trajectory__type_support.cpp.o[0m
[8.283s] [ 49%] [32mBuilding CXX object CMakeFiles/dwb_msgs__rosidl_typesupport_fastrtps_cpp.dir/rosidl_typesupport_fastrtps_cpp/dwb_msgs/msg/detail/dds_fastrtps/trajectory2_d__type_support.cpp.o[0m
[8.290s] [ 50%] [32mBuilding C object CMakeFiles/dwb_msgs__rosidl_typesupport_introspection_c.dir/rosidl_typesupport_introspection_c/dwb_msgs/msg/detail/trajectory_score__type_support.c.o[0m
[8.299s] [ 51%] [32mBuilding C object CMakeFiles/dwb_msgs__rosidl_typesupport_introspection_c.dir/rosidl_typesupport_introspection_c/dwb_msgs/msg/detail/trajectory2_d__type_support.c.o[0m
[8.303s] [ 52%] [32mBuilding C object CMakeFiles/dwb_msgs__rosidl_typesupport_introspection_c.dir/rosidl_typesupport_introspection_c/dwb_msgs/srv/detail/debug_local_plan__type_support.c.o[0m
[8.327s] [ 53%] [32mBuilding CXX object CMakeFiles/dwb_msgs__rosidl_typesupport_introspection_cpp.dir/rosidl_typesupport_introspection_cpp/dwb_msgs/srv/detail/generate_twists__type_support.cpp.o[0m
[8.351s] [ 54%] [32mBuilding C object CMakeFiles/dwb_msgs__rosidl_typesupport_introspection_c.dir/rosidl_typesupport_introspection_c/dwb_msgs/srv/detail/generate_trajectory__type_support.c.o[0m
[8.363s] [ 55%] [32mBuilding CXX object CMakeFiles/dwb_msgs__rosidl_typesupport_introspection_cpp.dir/rosidl_typesupport_introspection_cpp/dwb_msgs/srv/detail/get_critic_score__type_support.cpp.o[0m
[8.366s] [ 56%] [32mBuilding CXX object CMakeFiles/dwb_msgs__rosidl_typesupport_fastrtps_cpp.dir/rosidl_typesupport_fastrtps_cpp/dwb_msgs/msg/detail/dds_fastrtps/trajectory_score__type_support.cpp.o[0m
[8.383s] [ 57%] [32mBuilding C object CMakeFiles/dwb_msgs__rosidl_typesupport_introspection_c.dir/rosidl_typesupport_introspection_c/dwb_msgs/srv/detail/generate_twists__type_support.c.o[0m
[8.398s] [ 58%] [32m[1mLinking CXX shared library libdwb_msgs__rosidl_typesupport_cpp.so[0m
[8.424s] [ 60%] [32mBuilding CXX object CMakeFiles/dwb_msgs__rosidl_typesupport_introspection_cpp.dir/rosidl_typesupport_introspection_cpp/dwb_msgs/srv/detail/score_trajectory__type_support.cpp.o[0m
[8.428s] [ 61%] [32mBuilding C object CMakeFiles/dwb_msgs__rosidl_typesupport_introspection_c.dir/rosidl_typesupport_introspection_c/dwb_msgs/srv/detail/get_critic_score__type_support.c.o[0m
[8.471s] [ 62%] [32mBuilding C object CMakeFiles/dwb_msgs__rosidl_typesupport_introspection_c.dir/rosidl_typesupport_introspection_c/dwb_msgs/srv/detail/score_trajectory__type_support.c.o[0m
[8.487s] [ 63%] [32mBuilding CXX object CMakeFiles/dwb_msgs__rosidl_typesupport_fastrtps_cpp.dir/rosidl_typesupport_fastrtps_cpp/dwb_msgs/srv/detail/dds_fastrtps/debug_local_plan__type_support.cpp.o[0m
[8.512s] [ 64%] [32mBuilding CXX object CMakeFiles/dwb_msgs__rosidl_typesupport_fastrtps_cpp.dir/rosidl_typesupport_fastrtps_cpp/dwb_msgs/srv/detail/dds_fastrtps/generate_trajectory__type_support.cpp.o[0m
[8.533s] [ 65%] [32mBuilding CXX object CMakeFiles/dwb_msgs__rosidl_typesupport_fastrtps_cpp.dir/rosidl_typesupport_fastrtps_cpp/dwb_msgs/srv/detail/dds_fastrtps/generate_twists__type_support.cpp.o[0m
[8.543s] [ 66%] [32mBuilding CXX object CMakeFiles/dwb_msgs__rosidl_typesupport_fastrtps_cpp.dir/rosidl_typesupport_fastrtps_cpp/dwb_msgs/srv/detail/dds_fastrtps/get_critic_score__type_support.cpp.o[0m
[8.564s] [ 67%] [32m[1mLinking C shared library libdwb_msgs__rosidl_typesupport_introspection_c.so[0m
[8.566s] [ 68%] [32mBuilding CXX object CMakeFiles/dwb_msgs__rosidl_typesupport_fastrtps_cpp.dir/rosidl_typesupport_fastrtps_cpp/dwb_msgs/srv/detail/dds_fastrtps/score_trajectory__type_support.cpp.o[0m
[8.569s] [ 68%] Built target dwb_msgs__rosidl_typesupport_cpp
[8.701s] [ 68%] Built target dwb_msgs__rosidl_typesupport_introspection_c
[8.967s] [ 69%] [32m[1mLinking CXX shared library libdwb_msgs__rosidl_typesupport_introspection_cpp.so[0m
[9.065s] [ 69%] Built target dwb_msgs__rosidl_typesupport_introspection_cpp
[9.199s] [ 70%] [32m[1mLinking CXX shared library libdwb_msgs__rosidl_typesupport_fastrtps_cpp.so[0m
[9.290s] [ 70%] Built target dwb_msgs__rosidl_typesupport_fastrtps_cpp
[9.303s] [ 71%] [34m[1mGenerating C type support for eProsima Fast-RTPS[0m
[9.955s] [35m[1mScanning dependencies of target dwb_msgs__rosidl_typesupport_fastrtps_c[0m
[9.986s] [ 73%] [32mBuilding CXX object CMakeFiles/dwb_msgs__rosidl_typesupport_fastrtps_c.dir/rosidl_typesupport_fastrtps_c/dwb_msgs/msg/detail/trajectory2_d__type_support_c.cpp.o[0m
[9.986s] [ 73%] [32mBuilding CXX object CMakeFiles/dwb_msgs__rosidl_typesupport_fastrtps_c.dir/rosidl_typesupport_fastrtps_c/dwb_msgs/msg/detail/local_plan_evaluation__type_support_c.cpp.o[0m
[9.986s] [ 75%] [32mBuilding CXX object CMakeFiles/dwb_msgs__rosidl_typesupport_fastrtps_c.dir/rosidl_typesupport_fastrtps_c/dwb_msgs/msg/detail/critic_score__type_support_c.cpp.o[0m
[9.986s] [ 75%] [32mBuilding CXX object CMakeFiles/dwb_msgs__rosidl_typesupport_fastrtps_c.dir/rosidl_typesupport_fastrtps_c/dwb_msgs/srv/detail/debug_local_plan__type_support_c.cpp.o[0m
[9.988s] [ 76%] [32mBuilding CXX object CMakeFiles/dwb_msgs__rosidl_typesupport_fastrtps_c.dir/rosidl_typesupport_fastrtps_c/dwb_msgs/srv/detail/score_trajectory__type_support_c.cpp.o[0m
[9.988s] [ 78%] [32mBuilding CXX object CMakeFiles/dwb_msgs__rosidl_typesupport_fastrtps_c.dir/rosidl_typesupport_fastrtps_c/dwb_msgs/srv/detail/generate_trajectory__type_support_c.cpp.o[0m
[9.989s] [ 78%] [32mBuilding CXX object CMakeFiles/dwb_msgs__rosidl_typesupport_fastrtps_c.dir/rosidl_typesupport_fastrtps_c/dwb_msgs/msg/detail/trajectory_score__type_support_c.cpp.o[0m
[9.989s] [ 80%] [32mBuilding CXX object CMakeFiles/dwb_msgs__rosidl_typesupport_fastrtps_c.dir/rosidl_typesupport_fastrtps_c/dwb_msgs/srv/detail/get_critic_score__type_support_c.cpp.o[0m
[9.990s] [ 81%] [32mBuilding CXX object CMakeFiles/dwb_msgs__rosidl_typesupport_fastrtps_c.dir/rosidl_typesupport_fastrtps_c/dwb_msgs/srv/detail/generate_twists__type_support_c.cpp.o[0m
[10.508s] [ 82%] [32m[1mLinking CXX shared library libdwb_msgs__rosidl_typesupport_fastrtps_c.so[0m
[10.591s] [ 82%] Built target dwb_msgs__rosidl_typesupport_fastrtps_c
[10.600s] [35m[1mScanning dependencies of target dwb_msgs[0m
[10.612s] [ 82%] Built target dwb_msgs
[10.623s] [35m[1mScanning dependencies of target dwb_msgs__py[0m
[10.636s] [ 83%] [34m[1mGenerating Python code for ROS interfaces[0m
[12.541s] [ 83%] Built target dwb_msgs__py
[12.551s] [35m[1mScanning dependencies of target dwb_msgs__python[0m
[12.587s] [ 87%] [32mBuilding C object CMakeFiles/dwb_msgs__python.dir/rosidl_generator_py/dwb_msgs/msg/_local_plan_evaluation_s.c.o[0m
[12.590s] [ 87%] [32mBuilding C object CMakeFiles/dwb_msgs__python.dir/rosidl_generator_py/dwb_msgs/msg/_trajectory2_d_s.c.o[0m
[12.590s] [ 87%] [32mBuilding C object CMakeFiles/dwb_msgs__python.dir/rosidl_generator_py/dwb_msgs/msg/_trajectory_score_s.c.o[0m
[12.591s] [ 87%] [32mBuilding C object CMakeFiles/dwb_msgs__python.dir/rosidl_generator_py/dwb_msgs/srv/_debug_local_plan_s.c.o[0m
[12.591s] [ 88%] [32mBuilding C object CMakeFiles/dwb_msgs__python.dir/rosidl_generator_py/dwb_msgs/msg/_critic_score_s.c.o[0m
[12.592s] [ 89%] [32mBuilding C object CMakeFiles/dwb_msgs__python.dir/rosidl_generator_py/dwb_msgs/srv/_generate_twists_s.c.o[0m
[12.592s] [ 90%] [32mBuilding C object CMakeFiles/dwb_msgs__python.dir/rosidl_generator_py/dwb_msgs/srv/_generate_trajectory_s.c.o[0m
[12.592s] [ 92%] [32mBuilding C object CMakeFiles/dwb_msgs__python.dir/rosidl_generator_py/dwb_msgs/srv/_score_trajectory_s.c.o[0m
[12.592s] [ 92%] [32mBuilding C object CMakeFiles/dwb_msgs__python.dir/rosidl_generator_py/dwb_msgs/srv/_get_critic_score_s.c.o[0m
[12.714s] [ 93%] [32m[1mLinking C shared library rosidl_generator_py/dwb_msgs/libdwb_msgs__python.so[0m
[12.762s] [ 93%] Built target dwb_msgs__python
[12.771s] [35m[1mScanning dependencies of target dwb_msgs__rosidl_typesupport_introspection_c__pyext[0m
[12.771s] [35m[1mScanning dependencies of target dwb_msgs__rosidl_typesupport_c__pyext[0m
[12.771s] [35m[1mScanning dependencies of target dwb_msgs__rosidl_typesupport_fastrtps_c__pyext[0m
[12.789s] [ 95%] [32mBuilding C object CMakeFiles/dwb_msgs__rosidl_typesupport_introspection_c__pyext.dir/rosidl_generator_py/dwb_msgs/_dwb_msgs_s.ep.rosidl_typesupport_introspection_c.c.o[0m
[12.789s] [ 95%] [32mBuilding C object CMakeFiles/dwb_msgs__rosidl_typesupport_c__pyext.dir/rosidl_generator_py/dwb_msgs/_dwb_msgs_s.ep.rosidl_typesupport_c.c.o[0m
[12.792s] [ 96%] [32mBuilding C object CMakeFiles/dwb_msgs__rosidl_typesupport_fastrtps_c__pyext.dir/rosidl_generator_py/dwb_msgs/_dwb_msgs_s.ep.rosidl_typesupport_fastrtps_c.c.o[0m
[12.890s] [ 98%] [32m[1mLinking C shared library rosidl_generator_py/dwb_msgs/dwb_msgs_s__rosidl_typesupport_introspection_c.cpython-38-x86_64-linux-gnu.so[0m
[12.891s] [ 98%] [32m[1mLinking C shared library rosidl_generator_py/dwb_msgs/dwb_msgs_s__rosidl_typesupport_c.cpython-38-x86_64-linux-gnu.so[0m
[12.897s] [100%] [32m[1mLinking CXX shared library rosidl_generator_py/dwb_msgs/dwb_msgs_s__rosidl_typesupport_fastrtps_c.cpython-38-x86_64-linux-gnu.so[0m
[12.930s] [100%] Built target dwb_msgs__rosidl_typesupport_c__pyext
[12.930s] [100%] Built target dwb_msgs__rosidl_typesupport_introspection_c__pyext
[12.961s] [100%] Built target dwb_msgs__rosidl_typesupport_fastrtps_c__pyext
[12.973s] Invoked command in '/home/kgh/ws2/build/dwb_msgs' returned '0': CMAKE_PREFIX_PATH=/home/kgh/ws2/install/nav_2d_msgs:/home/kgh/ws2/install/yzbot_stm32connect:/home/kgh/ws2/install/yzbot_nav2:/home/kgh/ws2/install/yzbot_msgs:/home/kgh/ws2/install/yzbot_cartographer:/home/kgh/ws2/install/nav2_system_tests:/home/kgh/ws2/install/nav2_bringup:/home/kgh/ws2/install/navigation2:/home/kgh/ws2/install/smac_planner:/home/kgh/ws2/install/nav2_dwb_controller:/home/kgh/ws2/install/nav2_controller:/home/kgh/ws2/install/dwb_plugins:/home/kgh/ws2/install/dwb_critics:/home/kgh/ws2/install/dwb_core:/home/kgh/ws2/install/nav_2d_utils:/home/kgh/ws2/install/dwb_msgs:/home/kgh/ws2/install/nav2_waypoint_follower:/home/kgh/ws2/install/nav2_regulated_pure_pursuit_controller:/home/kgh/ws2/install/nav2_recoveries:/home/kgh/ws2/install/nav2_planner:/home/kgh/ws2/install/nav2_navfn_planner:/home/kgh/ws2/install/nav2_core:/home/kgh/ws2/install/costmap_queue:/home/kgh/ws2/install/nav2_costmap_2d:/home/kgh/ws2/install/nav2_voxel_grid:/home/kgh/ws2/install/nav2_rviz_plugins:/home/kgh/ws2/install/nav2_map_server:/home/kgh/ws2/install/nav2_lifecycle_manager:/home/kgh/ws2/install/nav2_bt_navigator:/home/kgh/ws2/install/nav2_behavior_tree:/home/kgh/ws2/install/nav2_amcl:/home/kgh/ws2/install/nav2_util:/home/kgh/ws2/install/nav2_msgs:/home/kgh/ws2/install/nav2_common:/home/kgh/ws2/install/bluesea2:/home/kgh/ws2/install/yzbot_description:/home/kgh/ws2/install/yzbot_controller:/home/kgh/ws2/install/nav2_gazebo_spawner:/opt/ros/foxy LD_LIBRARY_PATH=/home/kgh/ws2/install/nav_2d_msgs/lib:/home/kgh/ws2/install/yzbot_msgs/lib:/home/kgh/ws2/install/smac_planner/lib:/home/kgh/ws2/install/nav2_controller/lib:/home/kgh/ws2/install/dwb_plugins/lib:/home/kgh/ws2/install/dwb_critics/lib:/home/kgh/ws2/install/dwb_core/lib:/home/kgh/ws2/install/nav_2d_utils/lib:/home/kgh/ws2/install/dwb_msgs/lib:/home/kgh/ws2/install/nav2_waypoint_follower/lib:/home/kgh/ws2/install/nav2_regulated_pure_pursuit_controller/lib:/home/kgh/ws2/install/nav2_recoveries/lib:/home/kgh/ws2/install/nav2_planner/lib:/home/kgh/ws2/install/nav2_navfn_planner/lib:/home/kgh/ws2/install/costmap_queue/lib:/home/kgh/ws2/install/nav2_costmap_2d/lib:/home/kgh/ws2/install/nav2_voxel_grid/lib:/home/kgh/ws2/install/nav2_rviz_plugins/lib:/home/kgh/ws2/install/nav2_map_server/lib:/home/kgh/ws2/install/nav2_lifecycle_manager/lib:/home/kgh/ws2/install/nav2_bt_navigator/lib:/home/kgh/ws2/install/nav2_behavior_tree/lib:/home/kgh/ws2/install/nav2_amcl/lib:/home/kgh/ws2/install/nav2_util/lib:/home/kgh/ws2/install/nav2_msgs/lib:/usr/lib/x86_64-linux-gnu/gazebo-11/plugins:/opt/ros/foxy/opt/yaml_cpp_vendor/lib:/opt/ros/foxy/opt/rviz_ogre_vendor/lib:/opt/ros/foxy/lib/x86_64-linux-gnu:/opt/ros/foxy/lib PYTHONPATH=/home/kgh/ws2/install/nav_2d_msgs/lib/python3.8/site-packages:/home/kgh/ws2/install/yzbot_msgs/lib/python3.8/site-packages:/home/kgh/ws2/install/yzbot_description/lib/python3.8/site-packages:/home/kgh/ws2/install/yzbot_controller/lib/python3.8/site-packages:/home/kgh/ws2/install/dwb_msgs/lib/python3.8/site-packages:/home/kgh/ws2/install/nav2_msgs/lib/python3.8/site-packages:/home/kgh/ws2/install/nav2_gazebo_spawner/lib/python3.8/site-packages:/home/kgh/ws2/install/nav2_common/lib/python3.8/site-packages:/opt/ros/foxy/lib/python3.8/site-packages /usr/bin/cmake --build /home/kgh/ws2/build/dwb_msgs -- -j16 -l16
[13.143s] Invoking command in '/home/kgh/ws2/build/dwb_msgs': CMAKE_PREFIX_PATH=/home/kgh/ws2/install/nav_2d_msgs:/home/kgh/ws2/install/yzbot_stm32connect:/home/kgh/ws2/install/yzbot_nav2:/home/kgh/ws2/install/yzbot_msgs:/home/kgh/ws2/install/yzbot_cartographer:/home/kgh/ws2/install/nav2_system_tests:/home/kgh/ws2/install/nav2_bringup:/home/kgh/ws2/install/navigation2:/home/kgh/ws2/install/smac_planner:/home/kgh/ws2/install/nav2_dwb_controller:/home/kgh/ws2/install/nav2_controller:/home/kgh/ws2/install/dwb_plugins:/home/kgh/ws2/install/dwb_critics:/home/kgh/ws2/install/dwb_core:/home/kgh/ws2/install/nav_2d_utils:/home/kgh/ws2/install/dwb_msgs:/home/kgh/ws2/install/nav2_waypoint_follower:/home/kgh/ws2/install/nav2_regulated_pure_pursuit_controller:/home/kgh/ws2/install/nav2_recoveries:/home/kgh/ws2/install/nav2_planner:/home/kgh/ws2/install/nav2_navfn_planner:/home/kgh/ws2/install/nav2_core:/home/kgh/ws2/install/costmap_queue:/home/kgh/ws2/install/nav2_costmap_2d:/home/kgh/ws2/install/nav2_voxel_grid:/home/kgh/ws2/install/nav2_rviz_plugins:/home/kgh/ws2/install/nav2_map_server:/home/kgh/ws2/install/nav2_lifecycle_manager:/home/kgh/ws2/install/nav2_bt_navigator:/home/kgh/ws2/install/nav2_behavior_tree:/home/kgh/ws2/install/nav2_amcl:/home/kgh/ws2/install/nav2_util:/home/kgh/ws2/install/nav2_msgs:/home/kgh/ws2/install/nav2_common:/home/kgh/ws2/install/bluesea2:/home/kgh/ws2/install/yzbot_description:/home/kgh/ws2/install/yzbot_controller:/home/kgh/ws2/install/nav2_gazebo_spawner:/opt/ros/foxy LD_LIBRARY_PATH=/home/kgh/ws2/install/nav_2d_msgs/lib:/home/kgh/ws2/install/yzbot_msgs/lib:/home/kgh/ws2/install/smac_planner/lib:/home/kgh/ws2/install/nav2_controller/lib:/home/kgh/ws2/install/dwb_plugins/lib:/home/kgh/ws2/install/dwb_critics/lib:/home/kgh/ws2/install/dwb_core/lib:/home/kgh/ws2/install/nav_2d_utils/lib:/home/kgh/ws2/install/dwb_msgs/lib:/home/kgh/ws2/install/nav2_waypoint_follower/lib:/home/kgh/ws2/install/nav2_regulated_pure_pursuit_controller/lib:/home/kgh/ws2/install/nav2_recoveries/lib:/home/kgh/ws2/install/nav2_planner/lib:/home/kgh/ws2/install/nav2_navfn_planner/lib:/home/kgh/ws2/install/costmap_queue/lib:/home/kgh/ws2/install/nav2_costmap_2d/lib:/home/kgh/ws2/install/nav2_voxel_grid/lib:/home/kgh/ws2/install/nav2_rviz_plugins/lib:/home/kgh/ws2/install/nav2_map_server/lib:/home/kgh/ws2/install/nav2_lifecycle_manager/lib:/home/kgh/ws2/install/nav2_bt_navigator/lib:/home/kgh/ws2/install/nav2_behavior_tree/lib:/home/kgh/ws2/install/nav2_amcl/lib:/home/kgh/ws2/install/nav2_util/lib:/home/kgh/ws2/install/nav2_msgs/lib:/usr/lib/x86_64-linux-gnu/gazebo-11/plugins:/opt/ros/foxy/opt/yaml_cpp_vendor/lib:/opt/ros/foxy/opt/rviz_ogre_vendor/lib:/opt/ros/foxy/lib/x86_64-linux-gnu:/opt/ros/foxy/lib PYTHONPATH=/home/kgh/ws2/install/nav_2d_msgs/lib/python3.8/site-packages:/home/kgh/ws2/install/yzbot_msgs/lib/python3.8/site-packages:/home/kgh/ws2/install/yzbot_description/lib/python3.8/site-packages:/home/kgh/ws2/install/yzbot_controller/lib/python3.8/site-packages:/home/kgh/ws2/install/dwb_msgs/lib/python3.8/site-packages:/home/kgh/ws2/install/nav2_msgs/lib/python3.8/site-packages:/home/kgh/ws2/install/nav2_gazebo_spawner/lib/python3.8/site-packages:/home/kgh/ws2/install/nav2_common/lib/python3.8/site-packages:/opt/ros/foxy/lib/python3.8/site-packages /usr/bin/cmake --install /home/kgh/ws2/build/dwb_msgs
[13.151s] -- Install configuration: ""
[13.152s] -- Installing: /home/kgh/ws2/install/dwb_msgs/share/ament_index/resource_index/rosidl_interfaces/dwb_msgs
[13.152s] -- Installing: /home/kgh/ws2/install/dwb_msgs/include/dwb_msgs
[13.152s] -- Installing: /home/kgh/ws2/install/dwb_msgs/include/dwb_msgs/msg
[13.152s] -- Installing: /home/kgh/ws2/install/dwb_msgs/include/dwb_msgs/msg/critic_score.h
[13.152s] -- Installing: /home/kgh/ws2/install/dwb_msgs/include/dwb_msgs/msg/rosidl_generator_c__visibility_control.h
[13.152s] -- Installing: /home/kgh/ws2/install/dwb_msgs/include/dwb_msgs/msg/local_plan_evaluation.h
[13.152s] -- Installing: /home/kgh/ws2/install/dwb_msgs/include/dwb_msgs/msg/trajectory2_d.h
[13.152s] -- Installing: /home/kgh/ws2/install/dwb_msgs/include/dwb_msgs/msg/detail
[13.152s] -- Installing: /home/kgh/ws2/install/dwb_msgs/include/dwb_msgs/msg/detail/trajectory_score__functions.h
[13.152s] -- Installing: /home/kgh/ws2/install/dwb_msgs/include/dwb_msgs/msg/detail/trajectory2_d__functions.c
[13.152s] -- Installing: /home/kgh/ws2/install/dwb_msgs/include/dwb_msgs/msg/detail/critic_score__functions.c
[13.153s] -- Installing: /home/kgh/ws2/install/dwb_msgs/include/dwb_msgs/msg/detail/local_plan_evaluation__type_support.h
[13.153s] -- Installing: /home/kgh/ws2/install/dwb_msgs/include/dwb_msgs/msg/detail/local_plan_evaluation__functions.c
[13.153s] -- Installing: /home/kgh/ws2/install/dwb_msgs/include/dwb_msgs/msg/detail/trajectory2_d__functions.h
[13.153s] -- Installing: /home/kgh/ws2/install/dwb_msgs/include/dwb_msgs/msg/detail/local_plan_evaluation__struct.h
[13.153s] -- Installing: /home/kgh/ws2/install/dwb_msgs/include/dwb_msgs/msg/detail/trajectory_score__struct.h
[13.153s] -- Installing: /home/kgh/ws2/install/dwb_msgs/include/dwb_msgs/msg/detail/local_plan_evaluation__functions.h
[13.153s] -- Installing: /home/kgh/ws2/install/dwb_msgs/include/dwb_msgs/msg/detail/critic_score__functions.h
[13.153s] -- Installing: /home/kgh/ws2/install/dwb_msgs/include/dwb_msgs/msg/detail/trajectory2_d__struct.h
[13.153s] -- Installing: /home/kgh/ws2/install/dwb_msgs/include/dwb_msgs/msg/detail/critic_score__struct.h
[13.153s] -- Installing: /home/kgh/ws2/install/dwb_msgs/include/dwb_msgs/msg/detail/trajectory2_d__type_support.h
[13.153s] -- Installing: /home/kgh/ws2/install/dwb_msgs/include/dwb_msgs/msg/detail/trajectory_score__functions.c
[13.154s] -- Installing: /home/kgh/ws2/install/dwb_msgs/include/dwb_msgs/msg/detail/critic_score__type_support.h
[13.154s] -- Installing: /home/kgh/ws2/install/dwb_msgs/include/dwb_msgs/msg/detail/trajectory_score__type_support.h
[13.154s] -- Installing: /home/kgh/ws2/install/dwb_msgs/include/dwb_msgs/msg/trajectory_score.h
[13.154s] -- Installing: /home/kgh/ws2/install/dwb_msgs/include/dwb_msgs/srv
[13.154s] -- Installing: /home/kgh/ws2/install/dwb_msgs/include/dwb_msgs/srv/score_trajectory.h
[13.154s] -- Installing: /home/kgh/ws2/install/dwb_msgs/include/dwb_msgs/srv/generate_twists.h
[13.154s] -- Installing: /home/kgh/ws2/install/dwb_msgs/include/dwb_msgs/srv/get_critic_score.h
[13.154s] -- Installing: /home/kgh/ws2/install/dwb_msgs/include/dwb_msgs/srv/generate_trajectory.h
[13.154s] -- Installing: /home/kgh/ws2/install/dwb_msgs/include/dwb_msgs/srv/detail
[13.154s] -- Installing: /home/kgh/ws2/install/dwb_msgs/include/dwb_msgs/srv/detail/generate_twists__functions.c
[13.154s] -- Installing: /home/kgh/ws2/install/dwb_msgs/include/dwb_msgs/srv/detail/score_trajectory__struct.h
[13.154s] -- Installing: /home/kgh/ws2/install/dwb_msgs/include/dwb_msgs/srv/detail/score_trajectory__functions.c
[13.154s] -- Installing: /home/kgh/ws2/install/dwb_msgs/include/dwb_msgs/srv/detail/score_trajectory__functions.h
[13.155s] -- Installing: /home/kgh/ws2/install/dwb_msgs/include/dwb_msgs/srv/detail/get_critic_score__functions.c
[13.155s] -- Installing: /home/kgh/ws2/install/dwb_msgs/include/dwb_msgs/srv/detail/generate_twists__struct.h
[13.155s] -- Installing: /home/kgh/ws2/install/dwb_msgs/include/dwb_msgs/srv/detail/generate_trajectory__functions.h
[13.155s] -- Installing: /home/kgh/ws2/install/dwb_msgs/include/dwb_msgs/srv/detail/generate_twists__type_support.h
[13.155s] -- Installing: /home/kgh/ws2/install/dwb_msgs/include/dwb_msgs/srv/detail/score_trajectory__type_support.h
[13.155s] -- Installing: /home/kgh/ws2/install/dwb_msgs/include/dwb_msgs/srv/detail/generate_trajectory__functions.c
[13.155s] -- Installing: /home/kgh/ws2/install/dwb_msgs/include/dwb_msgs/srv/detail/debug_local_plan__functions.c
[13.155s] -- Installing: /home/kgh/ws2/install/dwb_msgs/include/dwb_msgs/srv/detail/debug_local_plan__functions.h
[13.155s] -- Installing: /home/kgh/ws2/install/dwb_msgs/include/dwb_msgs/srv/detail/get_critic_score__type_support.h
[13.155s] -- Installing: /home/kgh/ws2/install/dwb_msgs/include/dwb_msgs/srv/detail/generate_twists__functions.h
[13.155s] -- Installing: /home/kgh/ws2/install/dwb_msgs/include/dwb_msgs/srv/detail/debug_local_plan__type_support.h
[13.155s] -- Installing: /home/kgh/ws2/install/dwb_msgs/include/dwb_msgs/srv/detail/generate_trajectory__struct.h
[13.155s] -- Installing: /home/kgh/ws2/install/dwb_msgs/include/dwb_msgs/srv/detail/get_critic_score__functions.h
[13.155s] -- Installing: /home/kgh/ws2/install/dwb_msgs/include/dwb_msgs/srv/detail/generate_trajectory__type_support.h
[13.156s] -- Installing: /home/kgh/ws2/install/dwb_msgs/include/dwb_msgs/srv/detail/debug_local_plan__struct.h
[13.156s] -- Installing: /home/kgh/ws2/install/dwb_msgs/include/dwb_msgs/srv/detail/get_critic_score__struct.h
[13.156s] -- Installing: /home/kgh/ws2/install/dwb_msgs/include/dwb_msgs/srv/debug_local_plan.h
[13.156s] -- Installing: /home/kgh/ws2/install/dwb_msgs/share/dwb_msgs/environment/library_path.sh
[13.156s] -- Installing: /home/kgh/ws2/install/dwb_msgs/share/dwb_msgs/environment/library_path.dsv
[13.156s] -- Installing: /home/kgh/ws2/install/dwb_msgs/lib/libdwb_msgs__rosidl_generator_c.so
[13.156s] -- Set runtime path of "/home/kgh/ws2/install/dwb_msgs/lib/libdwb_msgs__rosidl_generator_c.so" to ""
[13.156s] -- Up-to-date: /home/kgh/ws2/install/dwb_msgs/include/dwb_msgs
[13.156s] -- Up-to-date: /home/kgh/ws2/install/dwb_msgs/include/dwb_msgs/msg
[13.156s] -- Installing: /home/kgh/ws2/install/dwb_msgs/include/dwb_msgs/msg/rosidl_typesupport_fastrtps_c__visibility_control.h
[13.156s] -- Up-to-date: /home/kgh/ws2/install/dwb_msgs/include/dwb_msgs/msg/detail
[13.157s] -- Installing: /home/kgh/ws2/install/dwb_msgs/include/dwb_msgs/msg/detail/local_plan_evaluation__rosidl_typesupport_fastrtps_c.h
[13.157s] -- Installing: /home/kgh/ws2/install/dwb_msgs/include/dwb_msgs/msg/detail/trajectory_score__rosidl_typesupport_fastrtps_c.h
[13.157s] -- Installing: /home/kgh/ws2/install/dwb_msgs/include/dwb_msgs/msg/detail/trajectory2_d__rosidl_typesupport_fastrtps_c.h
[13.157s] -- Installing: /home/kgh/ws2/install/dwb_msgs/include/dwb_msgs/msg/detail/critic_score__rosidl_typesupport_fastrtps_c.h
[13.157s] -- Up-to-date: /home/kgh/ws2/install/dwb_msgs/include/dwb_msgs/srv
[13.157s] -- Up-to-date: /home/kgh/ws2/install/dwb_msgs/include/dwb_msgs/srv/detail
[13.157s] -- Installing: /home/kgh/ws2/install/dwb_msgs/include/dwb_msgs/srv/detail/score_trajectory__rosidl_typesupport_fastrtps_c.h
[13.157s] -- Installing: /home/kgh/ws2/install/dwb_msgs/include/dwb_msgs/srv/detail/get_critic_score__rosidl_typesupport_fastrtps_c.h
[13.157s] -- Installing: /home/kgh/ws2/install/dwb_msgs/include/dwb_msgs/srv/detail/generate_trajectory__rosidl_typesupport_fastrtps_c.h
[13.157s] -- Installing: /home/kgh/ws2/install/dwb_msgs/include/dwb_msgs/srv/detail/generate_twists__rosidl_typesupport_fastrtps_c.h
[13.157s] -- Installing: /home/kgh/ws2/install/dwb_msgs/include/dwb_msgs/srv/detail/debug_local_plan__rosidl_typesupport_fastrtps_c.h
[13.157s] -- Installing: /home/kgh/ws2/install/dwb_msgs/lib/libdwb_msgs__rosidl_typesupport_fastrtps_c.so
[13.157s] -- Set runtime path of "/home/kgh/ws2/install/dwb_msgs/lib/libdwb_msgs__rosidl_typesupport_fastrtps_c.so" to ""
[13.158s] -- Up-to-date: /home/kgh/ws2/install/dwb_msgs/include/dwb_msgs
[13.158s] -- Up-to-date: /home/kgh/ws2/install/dwb_msgs/include/dwb_msgs/msg
[13.158s] -- Installing: /home/kgh/ws2/install/dwb_msgs/include/dwb_msgs/msg/rosidl_typesupport_fastrtps_cpp__visibility_control.h
[13.158s] -- Up-to-date: /home/kgh/ws2/install/dwb_msgs/include/dwb_msgs/msg/detail
[13.158s] -- Installing: /home/kgh/ws2/install/dwb_msgs/include/dwb_msgs/msg/detail/trajectory2_d__rosidl_typesupport_fastrtps_cpp.hpp
[13.158s] -- Installing: /home/kgh/ws2/install/dwb_msgs/include/dwb_msgs/msg/detail/critic_score__rosidl_typesupport_fastrtps_cpp.hpp
[13.158s] -- Installing: /home/kgh/ws2/install/dwb_msgs/include/dwb_msgs/msg/detail/local_plan_evaluation__rosidl_typesupport_fastrtps_cpp.hpp
[13.158s] -- Installing: /home/kgh/ws2/install/dwb_msgs/include/dwb_msgs/msg/detail/dds_fastrtps
[13.158s] -- Installing: /home/kgh/ws2/install/dwb_msgs/include/dwb_msgs/msg/detail/trajectory_score__rosidl_typesupport_fastrtps_cpp.hpp
[13.158s] -- Up-to-date: /home/kgh/ws2/install/dwb_msgs/include/dwb_msgs/srv
[13.158s] -- Up-to-date: /home/kgh/ws2/install/dwb_msgs/include/dwb_msgs/srv/detail
[13.158s] -- Installing: /home/kgh/ws2/install/dwb_msgs/include/dwb_msgs/srv/detail/debug_local_plan__rosidl_typesupport_fastrtps_cpp.hpp
[13.158s] -- Installing: /home/kgh/ws2/install/dwb_msgs/include/dwb_msgs/srv/detail/dds_fastrtps
[13.158s] -- Installing: /home/kgh/ws2/install/dwb_msgs/include/dwb_msgs/srv/detail/score_trajectory__rosidl_typesupport_fastrtps_cpp.hpp
[13.158s] -- Installing: /home/kgh/ws2/install/dwb_msgs/include/dwb_msgs/srv/detail/generate_trajectory__rosidl_typesupport_fastrtps_cpp.hpp
[13.159s] -- Installing: /home/kgh/ws2/install/dwb_msgs/include/dwb_msgs/srv/detail/get_critic_score__rosidl_typesupport_fastrtps_cpp.hpp
[13.159s] -- Installing: /home/kgh/ws2/install/dwb_msgs/include/dwb_msgs/srv/detail/generate_twists__rosidl_typesupport_fastrtps_cpp.hpp
[13.159s] -- Installing: /home/kgh/ws2/install/dwb_msgs/lib/libdwb_msgs__rosidl_typesupport_fastrtps_cpp.so
[13.159s] -- Set runtime path of "/home/kgh/ws2/install/dwb_msgs/lib/libdwb_msgs__rosidl_typesupport_fastrtps_cpp.so" to ""
[13.159s] -- Up-to-date: /home/kgh/ws2/install/dwb_msgs/include/dwb_msgs
[13.159s] -- Up-to-date: /home/kgh/ws2/install/dwb_msgs/include/dwb_msgs/msg
[13.159s] -- Installing: /home/kgh/ws2/install/dwb_msgs/include/dwb_msgs/msg/rosidl_typesupport_introspection_c__visibility_control.h
[13.159s] -- Up-to-date: /home/kgh/ws2/install/dwb_msgs/include/dwb_msgs/msg/detail
[13.159s] -- Installing: /home/kgh/ws2/install/dwb_msgs/include/dwb_msgs/msg/detail/trajectory2_d__type_support.c
[13.159s] -- Installing: /home/kgh/ws2/install/dwb_msgs/include/dwb_msgs/msg/detail/trajectory_score__rosidl_typesupport_introspection_c.h
[13.159s] -- Installing: /home/kgh/ws2/install/dwb_msgs/include/dwb_msgs/msg/detail/local_plan_evaluation__rosidl_typesupport_introspection_c.h
[13.159s] -- Installing: /home/kgh/ws2/install/dwb_msgs/include/dwb_msgs/msg/detail/critic_score__rosidl_typesupport_introspection_c.h
[13.159s] -- Installing: /home/kgh/ws2/install/dwb_msgs/include/dwb_msgs/msg/detail/local_plan_evaluation__type_support.c
[13.159s] -- Installing: /home/kgh/ws2/install/dwb_msgs/include/dwb_msgs/msg/detail/trajectory2_d__rosidl_typesupport_introspection_c.h
[13.160s] -- Installing: /home/kgh/ws2/install/dwb_msgs/include/dwb_msgs/msg/detail/trajectory_score__type_support.c
[13.160s] -- Installing: /home/kgh/ws2/install/dwb_msgs/include/dwb_msgs/msg/detail/critic_score__type_support.c
[13.160s] -- Up-to-date: /home/kgh/ws2/install/dwb_msgs/include/dwb_msgs/srv
[13.160s] -- Up-to-date: /home/kgh/ws2/install/dwb_msgs/include/dwb_msgs/srv/detail
[13.160s] -- Installing: /home/kgh/ws2/install/dwb_msgs/include/dwb_msgs/srv/detail/score_trajectory__rosidl_typesupport_introspection_c.h
[13.160s] -- Installing: /home/kgh/ws2/install/dwb_msgs/include/dwb_msgs/srv/detail/generate_twists__rosidl_typesupport_introspection_c.h
[13.160s] -- Installing: /home/kgh/ws2/install/dwb_msgs/include/dwb_msgs/srv/detail/score_trajectory__type_support.c
[13.160s] -- Installing: /home/kgh/ws2/install/dwb_msgs/include/dwb_msgs/srv/detail/generate_trajectory__rosidl_typesupport_introspection_c.h
[13.160s] -- Installing: /home/kgh/ws2/install/dwb_msgs/include/dwb_msgs/srv/detail/generate_twists__type_support.c
[13.160s] -- Installing: /home/kgh/ws2/install/dwb_msgs/include/dwb_msgs/srv/detail/get_critic_score__type_support.c
[13.160s] -- Installing: /home/kgh/ws2/install/dwb_msgs/include/dwb_msgs/srv/detail/debug_local_plan__rosidl_typesupport_introspection_c.h
[13.160s] -- Installing: /home/kgh/ws2/install/dwb_msgs/include/dwb_msgs/srv/detail/debug_local_plan__type_support.c
[13.160s] -- Installing: /home/kgh/ws2/install/dwb_msgs/include/dwb_msgs/srv/detail/generate_trajectory__type_support.c
[13.160s] -- Installing: /home/kgh/ws2/install/dwb_msgs/include/dwb_msgs/srv/detail/get_critic_score__rosidl_typesupport_introspection_c.h
[13.160s] -- Installing: /home/kgh/ws2/install/dwb_msgs/lib/libdwb_msgs__rosidl_typesupport_introspection_c.so
[13.160s] -- Set runtime path of "/home/kgh/ws2/install/dwb_msgs/lib/libdwb_msgs__rosidl_typesupport_introspection_c.so" to ""
[13.161s] -- Installing: /home/kgh/ws2/install/dwb_msgs/lib/libdwb_msgs__rosidl_typesupport_c.so
[13.161s] -- Set runtime path of "/home/kgh/ws2/install/dwb_msgs/lib/libdwb_msgs__rosidl_typesupport_c.so" to ""
[13.161s] -- Up-to-date: /home/kgh/ws2/install/dwb_msgs/include/dwb_msgs
[13.161s] -- Up-to-date: /home/kgh/ws2/install/dwb_msgs/include/dwb_msgs/msg
[13.161s] -- Installing: /home/kgh/ws2/install/dwb_msgs/include/dwb_msgs/msg/critic_score.hpp
[13.161s] -- Installing: /home/kgh/ws2/install/dwb_msgs/include/dwb_msgs/msg/trajectory2_d.hpp
[13.161s] -- Installing: /home/kgh/ws2/install/dwb_msgs/include/dwb_msgs/msg/rosidl_generator_cpp__visibility_control.hpp
[13.161s] -- Installing: /home/kgh/ws2/install/dwb_msgs/include/dwb_msgs/msg/local_plan_evaluation.hpp
[13.161s] -- Up-to-date: /home/kgh/ws2/install/dwb_msgs/include/dwb_msgs/msg/detail
[13.161s] -- Installing: /home/kgh/ws2/install/dwb_msgs/include/dwb_msgs/msg/detail/critic_score__type_support.hpp
[13.161s] -- Installing: /home/kgh/ws2/install/dwb_msgs/include/dwb_msgs/msg/detail/trajectory_score__builder.hpp
[13.161s] -- Installing: /home/kgh/ws2/install/dwb_msgs/include/dwb_msgs/msg/detail/critic_score__struct.hpp
[13.161s] -- Installing: /home/kgh/ws2/install/dwb_msgs/include/dwb_msgs/msg/detail/critic_score__traits.hpp
[13.161s] -- Installing: /home/kgh/ws2/install/dwb_msgs/include/dwb_msgs/msg/detail/local_plan_evaluation__builder.hpp
[13.161s] -- Installing: /home/kgh/ws2/install/dwb_msgs/include/dwb_msgs/msg/detail/local_plan_evaluation__type_support.hpp
[13.162s] -- Installing: /home/kgh/ws2/install/dwb_msgs/include/dwb_msgs/msg/detail/trajectory_score__traits.hpp
[13.162s] -- Installing: /home/kgh/ws2/install/dwb_msgs/include/dwb_msgs/msg/detail/local_plan_evaluation__struct.hpp
[13.162s] -- Installing: /home/kgh/ws2/install/dwb_msgs/include/dwb_msgs/msg/detail/trajectory2_d__struct.hpp
[13.162s] -- Installing: /home/kgh/ws2/install/dwb_msgs/include/dwb_msgs/msg/detail/trajectory2_d__traits.hpp
[13.162s] -- Installing: /home/kgh/ws2/install/dwb_msgs/include/dwb_msgs/msg/detail/trajectory_score__type_support.hpp
[13.162s] -- Installing: /home/kgh/ws2/install/dwb_msgs/include/dwb_msgs/msg/detail/trajectory_score__struct.hpp
[13.162s] -- Installing: /home/kgh/ws2/install/dwb_msgs/include/dwb_msgs/msg/detail/local_plan_evaluation__traits.hpp
[13.162s] -- Installing: /home/kgh/ws2/install/dwb_msgs/include/dwb_msgs/msg/detail/critic_score__builder.hpp
[13.162s] -- Installing: /home/kgh/ws2/install/dwb_msgs/include/dwb_msgs/msg/detail/trajectory2_d__builder.hpp
[13.162s] -- Installing: /home/kgh/ws2/install/dwb_msgs/include/dwb_msgs/msg/detail/trajectory2_d__type_support.hpp
[13.162s] -- Installing: /home/kgh/ws2/install/dwb_msgs/include/dwb_msgs/msg/trajectory_score.hpp
[13.162s] -- Up-to-date: /home/kgh/ws2/install/dwb_msgs/include/dwb_msgs/srv
[13.162s] -- Installing: /home/kgh/ws2/install/dwb_msgs/include/dwb_msgs/srv/generate_trajectory.hpp
[13.163s] -- Up-to-date: /home/kgh/ws2/install/dwb_msgs/include/dwb_msgs/srv/detail
[13.163s] -- Installing: /home/kgh/ws2/install/dwb_msgs/include/dwb_msgs/srv/detail/generate_trajectory__struct.hpp
[13.163s] -- Installing: /home/kgh/ws2/install/dwb_msgs/include/dwb_msgs/srv/detail/get_critic_score__type_support.hpp
[13.163s] -- Installing: /home/kgh/ws2/install/dwb_msgs/include/dwb_msgs/srv/detail/score_trajectory__struct.hpp
[13.163s] -- Installing: /home/kgh/ws2/install/dwb_msgs/include/dwb_msgs/srv/detail/get_critic_score__traits.hpp
[13.163s] -- Installing: /home/kgh/ws2/install/dwb_msgs/include/dwb_msgs/srv/detail/generate_trajectory__traits.hpp
[13.163s] -- Installing: /home/kgh/ws2/install/dwb_msgs/include/dwb_msgs/srv/detail/debug_local_plan__traits.hpp
[13.163s] -- Installing: /home/kgh/ws2/install/dwb_msgs/include/dwb_msgs/srv/detail/generate_twists__type_support.hpp
[13.163s] -- Installing: /home/kgh/ws2/install/dwb_msgs/include/dwb_msgs/srv/detail/debug_local_plan__builder.hpp
[13.163s] -- Installing: /home/kgh/ws2/install/dwb_msgs/include/dwb_msgs/srv/detail/get_critic_score__struct.hpp
[13.163s] -- Installing: /home/kgh/ws2/install/dwb_msgs/include/dwb_msgs/srv/detail/debug_local_plan__type_support.hpp
[13.163s] -- Installing: /home/kgh/ws2/install/dwb_msgs/include/dwb_msgs/srv/detail/generate_twists__traits.hpp
[13.163s] -- Installing: /home/kgh/ws2/install/dwb_msgs/include/dwb_msgs/srv/detail/score_trajectory__traits.hpp
[13.163s] -- Installing: /home/kgh/ws2/install/dwb_msgs/include/dwb_msgs/srv/detail/generate_twists__struct.hpp
[13.164s] -- Installing: /home/kgh/ws2/install/dwb_msgs/include/dwb_msgs/srv/detail/debug_local_plan__struct.hpp
[13.164s] -- Installing: /home/kgh/ws2/install/dwb_msgs/include/dwb_msgs/srv/detail/score_trajectory__type_support.hpp
[13.164s] -- Installing: /home/kgh/ws2/install/dwb_msgs/include/dwb_msgs/srv/detail/generate_trajectory__type_support.hpp
[13.164s] -- Installing: /home/kgh/ws2/install/dwb_msgs/include/dwb_msgs/srv/detail/generate_trajectory__builder.hpp
[13.164s] -- Installing: /home/kgh/ws2/install/dwb_msgs/include/dwb_msgs/srv/detail/score_trajectory__builder.hpp
[13.164s] -- Installing: /home/kgh/ws2/install/dwb_msgs/include/dwb_msgs/srv/detail/generate_twists__builder.hpp
[13.164s] -- Installing: /home/kgh/ws2/install/dwb_msgs/include/dwb_msgs/srv/detail/get_critic_score__builder.hpp
[13.164s] -- Installing: /home/kgh/ws2/install/dwb_msgs/include/dwb_msgs/srv/generate_twists.hpp
[13.164s] -- Installing: /home/kgh/ws2/install/dwb_msgs/include/dwb_msgs/srv/get_critic_score.hpp
[13.164s] -- Installing: /home/kgh/ws2/install/dwb_msgs/include/dwb_msgs/srv/debug_local_plan.hpp
[13.164s] -- Installing: /home/kgh/ws2/install/dwb_msgs/include/dwb_msgs/srv/score_trajectory.hpp
[13.164s] -- Up-to-date: /home/kgh/ws2/install/dwb_msgs/include/dwb_msgs
[13.164s] -- Up-to-date: /home/kgh/ws2/install/dwb_msgs/include/dwb_msgs/msg
[13.164s] -- Up-to-date: /home/kgh/ws2/install/dwb_msgs/include/dwb_msgs/msg/detail
[13.165s] -- Installing: /home/kgh/ws2/install/dwb_msgs/include/dwb_msgs/msg/detail/local_plan_evaluation__type_support.cpp
[13.165s] -- Installing: /home/kgh/ws2/install/dwb_msgs/include/dwb_msgs/msg/detail/trajectory_score__rosidl_typesupport_introspection_cpp.hpp
[13.165s] -- Installing: /home/kgh/ws2/install/dwb_msgs/include/dwb_msgs/msg/detail/trajectory_score__type_support.cpp
[13.165s] -- Installing: /home/kgh/ws2/install/dwb_msgs/include/dwb_msgs/msg/detail/critic_score__rosidl_typesupport_introspection_cpp.hpp
[13.165s] -- Installing: /home/kgh/ws2/install/dwb_msgs/include/dwb_msgs/msg/detail/trajectory2_d__type_support.cpp
[13.165s] -- Installing: /home/kgh/ws2/install/dwb_msgs/include/dwb_msgs/msg/detail/local_plan_evaluation__rosidl_typesupport_introspection_cpp.hpp
[13.165s] -- Installing: /home/kgh/ws2/install/dwb_msgs/include/dwb_msgs/msg/detail/critic_score__type_support.cpp
[13.165s] -- Installing: /home/kgh/ws2/install/dwb_msgs/include/dwb_msgs/msg/detail/trajectory2_d__rosidl_typesupport_introspection_cpp.hpp
[13.165s] -- Up-to-date: /home/kgh/ws2/install/dwb_msgs/include/dwb_msgs/srv
[13.165s] -- Up-to-date: /home/kgh/ws2/install/dwb_msgs/include/dwb_msgs/srv/detail
[13.165s] -- Installing: /home/kgh/ws2/install/dwb_msgs/include/dwb_msgs/srv/detail/generate_trajectory__rosidl_typesupport_introspection_cpp.hpp
[13.165s] -- Installing: /home/kgh/ws2/install/dwb_msgs/include/dwb_msgs/srv/detail/generate_trajectory__type_support.cpp
[13.165s] -- Installing: /home/kgh/ws2/install/dwb_msgs/include/dwb_msgs/srv/detail/debug_local_plan__rosidl_typesupport_introspection_cpp.hpp
[13.165s] -- Installing: /home/kgh/ws2/install/dwb_msgs/include/dwb_msgs/srv/detail/get_critic_score__rosidl_typesupport_introspection_cpp.hpp
[13.165s] -- Installing: /home/kgh/ws2/install/dwb_msgs/include/dwb_msgs/srv/detail/score_trajectory__type_support.cpp
[13.165s] -- Installing: /home/kgh/ws2/install/dwb_msgs/include/dwb_msgs/srv/detail/generate_twists__type_support.cpp
[13.165s] -- Installing: /home/kgh/ws2/install/dwb_msgs/include/dwb_msgs/srv/detail/generate_twists__rosidl_typesupport_introspection_cpp.hpp
[13.165s] -- Installing: /home/kgh/ws2/install/dwb_msgs/include/dwb_msgs/srv/detail/debug_local_plan__type_support.cpp
[13.166s] -- Installing: /home/kgh/ws2/install/dwb_msgs/include/dwb_msgs/srv/detail/get_critic_score__type_support.cpp
[13.166s] -- Installing: /home/kgh/ws2/install/dwb_msgs/include/dwb_msgs/srv/detail/score_trajectory__rosidl_typesupport_introspection_cpp.hpp
[13.166s] -- Installing: /home/kgh/ws2/install/dwb_msgs/lib/libdwb_msgs__rosidl_typesupport_introspection_cpp.so
[13.166s] -- Set runtime path of "/home/kgh/ws2/install/dwb_msgs/lib/libdwb_msgs__rosidl_typesupport_introspection_cpp.so" to ""
[13.166s] -- Installing: /home/kgh/ws2/install/dwb_msgs/lib/libdwb_msgs__rosidl_typesupport_cpp.so
[13.166s] -- Set runtime path of "/home/kgh/ws2/install/dwb_msgs/lib/libdwb_msgs__rosidl_typesupport_cpp.so" to ""
[13.166s] -- Installing: /home/kgh/ws2/install/dwb_msgs/share/dwb_msgs/environment/pythonpath.sh
[13.166s] -- Installing: /home/kgh/ws2/install/dwb_msgs/share/dwb_msgs/environment/pythonpath.dsv
[13.166s] -- Installing: /home/kgh/ws2/install/dwb_msgs/lib/python3.8/site-packages/dwb_msgs/__init__.py
[13.194s] Compiling '/home/kgh/ws2/install/dwb_msgs/lib/python3.8/site-packages/dwb_msgs/__init__.py'...
[13.197s] -- Installing: /home/kgh/ws2/install/dwb_msgs/lib/python3.8/site-packages/dwb_msgs/msg
[13.197s] -- Installing: /home/kgh/ws2/install/dwb_msgs/lib/python3.8/site-packages/dwb_msgs/msg/_trajectory2_d.py
[13.197s] -- Installing: /home/kgh/ws2/install/dwb_msgs/lib/python3.8/site-packages/dwb_msgs/msg/_trajectory2_d_s.c
[13.197s] -- Installing: /home/kgh/ws2/install/dwb_msgs/lib/python3.8/site-packages/dwb_msgs/msg/_local_plan_evaluation.py
[13.198s] -- Installing: /home/kgh/ws2/install/dwb_msgs/lib/python3.8/site-packages/dwb_msgs/msg/_trajectory_score.py
[13.198s] -- Installing: /home/kgh/ws2/install/dwb_msgs/lib/python3.8/site-packages/dwb_msgs/msg/_trajectory_score_s.c
[13.198s] -- Installing: /home/kgh/ws2/install/dwb_msgs/lib/python3.8/site-packages/dwb_msgs/msg/__init__.py
[13.198s] -- Installing: /home/kgh/ws2/install/dwb_msgs/lib/python3.8/site-packages/dwb_msgs/msg/_critic_score.py
[13.198s] -- Installing: /home/kgh/ws2/install/dwb_msgs/lib/python3.8/site-packages/dwb_msgs/msg/_critic_score_s.c
[13.198s] -- Installing: /home/kgh/ws2/install/dwb_msgs/lib/python3.8/site-packages/dwb_msgs/msg/_local_plan_evaluation_s.c
[13.198s] -- Installing: /home/kgh/ws2/install/dwb_msgs/lib/python3.8/site-packages/dwb_msgs/srv
[13.198s] -- Installing: /home/kgh/ws2/install/dwb_msgs/lib/python3.8/site-packages/dwb_msgs/srv/_score_trajectory_s.c
[13.198s] -- Installing: /home/kgh/ws2/install/dwb_msgs/lib/python3.8/site-packages/dwb_msgs/srv/_debug_local_plan.py
[13.198s] -- Installing: /home/kgh/ws2/install/dwb_msgs/lib/python3.8/site-packages/dwb_msgs/srv/_generate_twists.py
[13.198s] -- Installing: /home/kgh/ws2/install/dwb_msgs/lib/python3.8/site-packages/dwb_msgs/srv/_score_trajectory.py
[13.198s] -- Installing: /home/kgh/ws2/install/dwb_msgs/lib/python3.8/site-packages/dwb_msgs/srv/_get_critic_score_s.c
[13.199s] -- Installing: /home/kgh/ws2/install/dwb_msgs/lib/python3.8/site-packages/dwb_msgs/srv/_generate_trajectory_s.c
[13.199s] -- Installing: /home/kgh/ws2/install/dwb_msgs/lib/python3.8/site-packages/dwb_msgs/srv/__init__.py
[13.199s] -- Installing: /home/kgh/ws2/install/dwb_msgs/lib/python3.8/site-packages/dwb_msgs/srv/_debug_local_plan_s.c
[13.199s] -- Installing: /home/kgh/ws2/install/dwb_msgs/lib/python3.8/site-packages/dwb_msgs/srv/_get_critic_score.py
[13.199s] -- Installing: /home/kgh/ws2/install/dwb_msgs/lib/python3.8/site-packages/dwb_msgs/srv/_generate_trajectory.py
[13.199s] -- Installing: /home/kgh/ws2/install/dwb_msgs/lib/python3.8/site-packages/dwb_msgs/srv/_generate_twists_s.c
[13.199s] -- Installing: /home/kgh/ws2/install/dwb_msgs/lib/python3.8/site-packages/dwb_msgs/dwb_msgs_s__rosidl_typesupport_fastrtps_c.cpython-38-x86_64-linux-gnu.so
[13.200s] -- Set runtime path of "/home/kgh/ws2/install/dwb_msgs/lib/python3.8/site-packages/dwb_msgs/dwb_msgs_s__rosidl_typesupport_fastrtps_c.cpython-38-x86_64-linux-gnu.so" to ""
[13.200s] -- Installing: /home/kgh/ws2/install/dwb_msgs/lib/python3.8/site-packages/dwb_msgs/dwb_msgs_s__rosidl_typesupport_introspection_c.cpython-38-x86_64-linux-gnu.so
[13.201s] -- Set runtime path of "/home/kgh/ws2/install/dwb_msgs/lib/python3.8/site-packages/dwb_msgs/dwb_msgs_s__rosidl_typesupport_introspection_c.cpython-38-x86_64-linux-gnu.so" to ""
[13.201s] -- Installing: /home/kgh/ws2/install/dwb_msgs/lib/python3.8/site-packages/dwb_msgs/dwb_msgs_s__rosidl_typesupport_c.cpython-38-x86_64-linux-gnu.so
[13.201s] -- Set runtime path of "/home/kgh/ws2/install/dwb_msgs/lib/python3.8/site-packages/dwb_msgs/dwb_msgs_s__rosidl_typesupport_c.cpython-38-x86_64-linux-gnu.so" to ""
[13.201s] -- Installing: /home/kgh/ws2/install/dwb_msgs/lib/libdwb_msgs__python.so
[13.202s] -- Set runtime path of "/home/kgh/ws2/install/dwb_msgs/lib/libdwb_msgs__python.so" to ""
[13.202s] -- Installing: /home/kgh/ws2/install/dwb_msgs/share/dwb_msgs/msg/CriticScore.idl
[13.202s] -- Installing: /home/kgh/ws2/install/dwb_msgs/share/dwb_msgs/msg/LocalPlanEvaluation.idl
[13.202s] -- Installing: /home/kgh/ws2/install/dwb_msgs/share/dwb_msgs/msg/Trajectory2D.idl
[13.202s] -- Installing: /home/kgh/ws2/install/dwb_msgs/share/dwb_msgs/msg/TrajectoryScore.idl
[13.202s] -- Installing: /home/kgh/ws2/install/dwb_msgs/share/dwb_msgs/srv/DebugLocalPlan.idl
[13.202s] -- Installing: /home/kgh/ws2/install/dwb_msgs/share/dwb_msgs/srv/GenerateTrajectory.idl
[13.202s] -- Installing: /home/kgh/ws2/install/dwb_msgs/share/dwb_msgs/srv/GenerateTwists.idl
[13.203s] -- Installing: /home/kgh/ws2/install/dwb_msgs/share/dwb_msgs/srv/GetCriticScore.idl
[13.203s] -- Installing: /home/kgh/ws2/install/dwb_msgs/share/dwb_msgs/srv/ScoreTrajectory.idl
[13.203s] -- Installing: /home/kgh/ws2/install/dwb_msgs/share/dwb_msgs/msg/CriticScore.msg
[13.203s] -- Installing: /home/kgh/ws2/install/dwb_msgs/share/dwb_msgs/msg/LocalPlanEvaluation.msg
[13.203s] -- Installing: /home/kgh/ws2/install/dwb_msgs/share/dwb_msgs/msg/Trajectory2D.msg
[13.203s] -- Installing: /home/kgh/ws2/install/dwb_msgs/share/dwb_msgs/msg/TrajectoryScore.msg
[13.203s] -- Installing: /home/kgh/ws2/install/dwb_msgs/share/dwb_msgs/srv/DebugLocalPlan.srv
[13.203s] -- Installing: /home/kgh/ws2/install/dwb_msgs/share/dwb_msgs/srv/DebugLocalPlan_Request.msg
[13.204s] -- Installing: /home/kgh/ws2/install/dwb_msgs/share/dwb_msgs/srv/DebugLocalPlan_Response.msg
[13.204s] -- Installing: /home/kgh/ws2/install/dwb_msgs/share/dwb_msgs/srv/GenerateTrajectory.srv
[13.204s] -- Installing: /home/kgh/ws2/install/dwb_msgs/share/dwb_msgs/srv/GenerateTrajectory_Request.msg
[13.204s] -- Installing: /home/kgh/ws2/install/dwb_msgs/share/dwb_msgs/srv/GenerateTrajectory_Response.msg
[13.204s] -- Installing: /home/kgh/ws2/install/dwb_msgs/share/dwb_msgs/srv/GenerateTwists.srv
[13.204s] -- Installing: /home/kgh/ws2/install/dwb_msgs/share/dwb_msgs/srv/GenerateTwists_Request.msg
[13.204s] -- Installing: /home/kgh/ws2/install/dwb_msgs/share/dwb_msgs/srv/GenerateTwists_Response.msg
[13.204s] -- Installing: /home/kgh/ws2/install/dwb_msgs/share/dwb_msgs/srv/GetCriticScore.srv
[13.205s] -- Installing: /home/kgh/ws2/install/dwb_msgs/share/dwb_msgs/srv/GetCriticScore_Request.msg
[13.205s] -- Installing: /home/kgh/ws2/install/dwb_msgs/share/dwb_msgs/srv/GetCriticScore_Response.msg
[13.205s] -- Installing: /home/kgh/ws2/install/dwb_msgs/share/dwb_msgs/srv/ScoreTrajectory.srv
[13.205s] -- Installing: /home/kgh/ws2/install/dwb_msgs/share/dwb_msgs/srv/ScoreTrajectory_Request.msg
[13.205s] -- Installing: /home/kgh/ws2/install/dwb_msgs/share/dwb_msgs/srv/ScoreTrajectory_Response.msg
[13.205s] -- Installing: /home/kgh/ws2/install/dwb_msgs/share/ament_index/resource_index/package_run_dependencies/dwb_msgs
[13.205s] -- Installing: /home/kgh/ws2/install/dwb_msgs/share/ament_index/resource_index/parent_prefix_path/dwb_msgs
[13.205s] -- Installing: /home/kgh/ws2/install/dwb_msgs/share/dwb_msgs/environment/ament_prefix_path.sh
[13.206s] -- Installing: /home/kgh/ws2/install/dwb_msgs/share/dwb_msgs/environment/ament_prefix_path.dsv
[13.206s] -- Installing: /home/kgh/ws2/install/dwb_msgs/share/dwb_msgs/environment/path.sh
[13.206s] -- Installing: /home/kgh/ws2/install/dwb_msgs/share/dwb_msgs/environment/path.dsv
[13.206s] -- Installing: /home/kgh/ws2/install/dwb_msgs/share/dwb_msgs/local_setup.bash
[13.206s] -- Installing: /home/kgh/ws2/install/dwb_msgs/share/dwb_msgs/local_setup.sh
[13.206s] -- Installing: /home/kgh/ws2/install/dwb_msgs/share/dwb_msgs/local_setup.zsh
[13.206s] -- Installing: /home/kgh/ws2/install/dwb_msgs/share/dwb_msgs/local_setup.dsv
[13.206s] -- Installing: /home/kgh/ws2/install/dwb_msgs/share/dwb_msgs/package.dsv
[13.207s] -- Installing: /home/kgh/ws2/install/dwb_msgs/share/ament_index/resource_index/packages/dwb_msgs
[13.207s] -- Installing: /home/kgh/ws2/install/dwb_msgs/share/dwb_msgs/cmake/dwb_msgs__rosidl_generator_cExport.cmake
[13.207s] -- Installing: /home/kgh/ws2/install/dwb_msgs/share/dwb_msgs/cmake/dwb_msgs__rosidl_generator_cExport-noconfig.cmake
[13.207s] -- Installing: /home/kgh/ws2/install/dwb_msgs/share/dwb_msgs/cmake/dwb_msgs__rosidl_typesupport_introspection_cExport.cmake
[13.207s] -- Installing: /home/kgh/ws2/install/dwb_msgs/share/dwb_msgs/cmake/dwb_msgs__rosidl_typesupport_introspection_cExport-noconfig.cmake
[13.207s] -- Installing: /home/kgh/ws2/install/dwb_msgs/share/dwb_msgs/cmake/dwb_msgs__rosidl_typesupport_cExport.cmake
[13.208s] -- Installing: /home/kgh/ws2/install/dwb_msgs/share/dwb_msgs/cmake/dwb_msgs__rosidl_typesupport_cExport-noconfig.cmake
[13.208s] -- Installing: /home/kgh/ws2/install/dwb_msgs/share/dwb_msgs/cmake/dwb_msgs__rosidl_generator_cppExport.cmake
[13.208s] -- Installing: /home/kgh/ws2/install/dwb_msgs/share/dwb_msgs/cmake/dwb_msgs__rosidl_typesupport_introspection_cppExport.cmake
[13.208s] -- Installing: /home/kgh/ws2/install/dwb_msgs/share/dwb_msgs/cmake/dwb_msgs__rosidl_typesupport_introspection_cppExport-noconfig.cmake
[13.208s] -- Installing: /home/kgh/ws2/install/dwb_msgs/share/dwb_msgs/cmake/dwb_msgs__rosidl_typesupport_cppExport.cmake
[13.208s] -- Installing: /home/kgh/ws2/install/dwb_msgs/share/dwb_msgs/cmake/dwb_msgs__rosidl_typesupport_cppExport-noconfig.cmake
[13.209s] -- Installing: /home/kgh/ws2/install/dwb_msgs/share/dwb_msgs/cmake/rosidl_cmake-extras.cmake
[13.209s] -- Installing: /home/kgh/ws2/install/dwb_msgs/share/dwb_msgs/cmake/ament_cmake_export_dependencies-extras.cmake
[13.209s] -- Installing: /home/kgh/ws2/install/dwb_msgs/share/dwb_msgs/cmake/ament_cmake_export_libraries-extras.cmake
[13.209s] -- Installing: /home/kgh/ws2/install/dwb_msgs/share/dwb_msgs/cmake/ament_cmake_export_targets-extras.cmake
[13.209s] -- Installing: /home/kgh/ws2/install/dwb_msgs/share/dwb_msgs/cmake/ament_cmake_export_include_directories-extras.cmake
[13.209s] -- Installing: /home/kgh/ws2/install/dwb_msgs/share/dwb_msgs/cmake/rosidl_cmake_export_typesupport_libraries-extras.cmake
[13.209s] -- Installing: /home/kgh/ws2/install/dwb_msgs/share/dwb_msgs/cmake/rosidl_cmake_export_typesupport_targets-extras.cmake
[13.209s] -- Installing: /home/kgh/ws2/install/dwb_msgs/share/dwb_msgs/cmake/dwb_msgsConfig.cmake
[13.209s] -- Installing: /home/kgh/ws2/install/dwb_msgs/share/dwb_msgs/cmake/dwb_msgsConfig-version.cmake
[13.210s] -- Installing: /home/kgh/ws2/install/dwb_msgs/share/dwb_msgs/package.xml
[13.212s] Invoked command in '/home/kgh/ws2/build/dwb_msgs' returned '0': CMAKE_PREFIX_PATH=/home/kgh/ws2/install/nav_2d_msgs:/home/kgh/ws2/install/yzbot_stm32connect:/home/kgh/ws2/install/yzbot_nav2:/home/kgh/ws2/install/yzbot_msgs:/home/kgh/ws2/install/yzbot_cartographer:/home/kgh/ws2/install/nav2_system_tests:/home/kgh/ws2/install/nav2_bringup:/home/kgh/ws2/install/navigation2:/home/kgh/ws2/install/smac_planner:/home/kgh/ws2/install/nav2_dwb_controller:/home/kgh/ws2/install/nav2_controller:/home/kgh/ws2/install/dwb_plugins:/home/kgh/ws2/install/dwb_critics:/home/kgh/ws2/install/dwb_core:/home/kgh/ws2/install/nav_2d_utils:/home/kgh/ws2/install/dwb_msgs:/home/kgh/ws2/install/nav2_waypoint_follower:/home/kgh/ws2/install/nav2_regulated_pure_pursuit_controller:/home/kgh/ws2/install/nav2_recoveries:/home/kgh/ws2/install/nav2_planner:/home/kgh/ws2/install/nav2_navfn_planner:/home/kgh/ws2/install/nav2_core:/home/kgh/ws2/install/costmap_queue:/home/kgh/ws2/install/nav2_costmap_2d:/home/kgh/ws2/install/nav2_voxel_grid:/home/kgh/ws2/install/nav2_rviz_plugins:/home/kgh/ws2/install/nav2_map_server:/home/kgh/ws2/install/nav2_lifecycle_manager:/home/kgh/ws2/install/nav2_bt_navigator:/home/kgh/ws2/install/nav2_behavior_tree:/home/kgh/ws2/install/nav2_amcl:/home/kgh/ws2/install/nav2_util:/home/kgh/ws2/install/nav2_msgs:/home/kgh/ws2/install/nav2_common:/home/kgh/ws2/install/bluesea2:/home/kgh/ws2/install/yzbot_description:/home/kgh/ws2/install/yzbot_controller:/home/kgh/ws2/install/nav2_gazebo_spawner:/opt/ros/foxy LD_LIBRARY_PATH=/home/kgh/ws2/install/nav_2d_msgs/lib:/home/kgh/ws2/install/yzbot_msgs/lib:/home/kgh/ws2/install/smac_planner/lib:/home/kgh/ws2/install/nav2_controller/lib:/home/kgh/ws2/install/dwb_plugins/lib:/home/kgh/ws2/install/dwb_critics/lib:/home/kgh/ws2/install/dwb_core/lib:/home/kgh/ws2/install/nav_2d_utils/lib:/home/kgh/ws2/install/dwb_msgs/lib:/home/kgh/ws2/install/nav2_waypoint_follower/lib:/home/kgh/ws2/install/nav2_regulated_pure_pursuit_controller/lib:/home/kgh/ws2/install/nav2_recoveries/lib:/home/kgh/ws2/install/nav2_planner/lib:/home/kgh/ws2/install/nav2_navfn_planner/lib:/home/kgh/ws2/install/costmap_queue/lib:/home/kgh/ws2/install/nav2_costmap_2d/lib:/home/kgh/ws2/install/nav2_voxel_grid/lib:/home/kgh/ws2/install/nav2_rviz_plugins/lib:/home/kgh/ws2/install/nav2_map_server/lib:/home/kgh/ws2/install/nav2_lifecycle_manager/lib:/home/kgh/ws2/install/nav2_bt_navigator/lib:/home/kgh/ws2/install/nav2_behavior_tree/lib:/home/kgh/ws2/install/nav2_amcl/lib:/home/kgh/ws2/install/nav2_util/lib:/home/kgh/ws2/install/nav2_msgs/lib:/usr/lib/x86_64-linux-gnu/gazebo-11/plugins:/opt/ros/foxy/opt/yaml_cpp_vendor/lib:/opt/ros/foxy/opt/rviz_ogre_vendor/lib:/opt/ros/foxy/lib/x86_64-linux-gnu:/opt/ros/foxy/lib PYTHONPATH=/home/kgh/ws2/install/nav_2d_msgs/lib/python3.8/site-packages:/home/kgh/ws2/install/yzbot_msgs/lib/python3.8/site-packages:/home/kgh/ws2/install/yzbot_description/lib/python3.8/site-packages:/home/kgh/ws2/install/yzbot_controller/lib/python3.8/site-packages:/home/kgh/ws2/install/dwb_msgs/lib/python3.8/site-packages:/home/kgh/ws2/install/nav2_msgs/lib/python3.8/site-packages:/home/kgh/ws2/install/nav2_gazebo_spawner/lib/python3.8/site-packages:/home/kgh/ws2/install/nav2_common/lib/python3.8/site-packages:/opt/ros/foxy/lib/python3.8/site-packages /usr/bin/cmake --install /home/kgh/ws2/build/dwb_msgs
