[0.605s] Invoking command in '/home/kgh/ws2/build/nav2_rviz_plugins': CMAKE_PREFIX_PATH=/home/kgh/ws2/install/nav2_lifecycle_manager:/home/kgh/ws2/install/nav2_util:/home/kgh/ws2/install/nav2_msgs:/home/kgh/ws2/install/nav2_common:/home/kgh/ws2/install/yzbot_stm32connect:/home/kgh/ws2/install/yzbot_nav2:/home/kgh/ws2/install/yzbot_msgs:/home/kgh/ws2/install/yzbot_cartographer:/home/kgh/ws2/install/nav2_system_tests:/home/kgh/ws2/install/nav2_bringup:/home/kgh/ws2/install/navigation2:/home/kgh/ws2/install/smac_planner:/home/kgh/ws2/install/nav2_dwb_controller:/home/kgh/ws2/install/nav2_controller:/home/kgh/ws2/install/dwb_plugins:/home/kgh/ws2/install/dwb_critics:/home/kgh/ws2/install/dwb_core:/home/kgh/ws2/install/nav_2d_utils:/home/kgh/ws2/install/dwb_msgs:/home/kgh/ws2/install/nav_2d_msgs:/home/kgh/ws2/install/nav2_waypoint_follower:/home/kgh/ws2/install/nav2_regulated_pure_pursuit_controller:/home/kgh/ws2/install/nav2_recoveries:/home/kgh/ws2/install/nav2_planner:/home/kgh/ws2/install/nav2_navfn_planner:/home/kgh/ws2/install/nav2_core:/home/kgh/ws2/install/costmap_queue:/home/kgh/ws2/install/nav2_costmap_2d:/home/kgh/ws2/install/nav2_voxel_grid:/home/kgh/ws2/install/nav2_rviz_plugins:/home/kgh/ws2/install/nav2_map_server:/home/kgh/ws2/install/nav2_bt_navigator:/home/kgh/ws2/install/nav2_behavior_tree:/home/kgh/ws2/install/nav2_amcl:/home/kgh/ws2/install/bluesea2:/home/kgh/ws2/install/yzbot_description:/home/kgh/ws2/install/yzbot_controller:/home/kgh/ws2/install/nav2_gazebo_spawner:/opt/ros/foxy LD_LIBRARY_PATH=/home/kgh/ws2/install/nav2_lifecycle_manager/lib:/home/kgh/ws2/install/nav2_util/lib:/home/kgh/ws2/install/nav2_msgs/lib:/home/kgh/ws2/install/yzbot_msgs/lib:/home/kgh/ws2/install/smac_planner/lib:/home/kgh/ws2/install/nav2_controller/lib:/home/kgh/ws2/install/dwb_plugins/lib:/home/kgh/ws2/install/dwb_critics/lib:/home/kgh/ws2/install/dwb_core/lib:/home/kgh/ws2/install/nav_2d_utils/lib:/home/kgh/ws2/install/dwb_msgs/lib:/home/kgh/ws2/install/nav_2d_msgs/lib:/home/kgh/ws2/install/nav2_waypoint_follower/lib:/home/kgh/ws2/install/nav2_regulated_pure_pursuit_controller/lib:/home/kgh/ws2/install/nav2_recoveries/lib:/home/kgh/ws2/install/nav2_planner/lib:/home/kgh/ws2/install/nav2_navfn_planner/lib:/home/kgh/ws2/install/costmap_queue/lib:/home/kgh/ws2/install/nav2_costmap_2d/lib:/home/kgh/ws2/install/nav2_voxel_grid/lib:/home/kgh/ws2/install/nav2_rviz_plugins/lib:/home/kgh/ws2/install/nav2_map_server/lib:/home/kgh/ws2/install/nav2_bt_navigator/lib:/home/kgh/ws2/install/nav2_behavior_tree/lib:/home/kgh/ws2/install/nav2_amcl/lib:/usr/lib/x86_64-linux-gnu/gazebo-11/plugins:/opt/ros/foxy/opt/yaml_cpp_vendor/lib:/opt/ros/foxy/opt/rviz_ogre_vendor/lib:/opt/ros/foxy/lib/x86_64-linux-gnu:/opt/ros/foxy/lib PYTHONPATH=/home/kgh/ws2/install/nav2_msgs/lib/python3.8/site-packages:/home/kgh/ws2/install/nav2_common/lib/python3.8/site-packages:/home/kgh/ws2/install/yzbot_msgs/lib/python3.8/site-packages:/home/kgh/ws2/install/yzbot_description/lib/python3.8/site-packages:/home/kgh/ws2/install/yzbot_controller/lib/python3.8/site-packages:/home/kgh/ws2/install/dwb_msgs/lib/python3.8/site-packages:/home/kgh/ws2/install/nav_2d_msgs/lib/python3.8/site-packages:/home/kgh/ws2/install/nav2_gazebo_spawner/lib/python3.8/site-packages:/opt/ros/foxy/lib/python3.8/site-packages /usr/bin/cmake /home/kgh/ws2/src/navigation2/nav2_rviz_plugins -DCMAKE_INSTALL_PREFIX=/home/kgh/ws2/install/nav2_rviz_plugins
[0.900s] -- The C compiler identification is GNU 9.4.0
[1.159s] -- The CXX compiler identification is GNU 9.4.0
[1.170s] -- Check for working C compiler: /usr/bin/cc
[1.623s] -- Check for working C compiler: /usr/bin/cc -- works
[1.625s] -- Detecting C compiler ABI info
[2.025s] -- Detecting C compiler ABI info - done
[2.060s] -- Detecting C compile features
[2.061s] -- Detecting C compile features - done
[2.071s] -- Check for working CXX compiler: /usr/bin/c++
[2.487s] -- Check for working CXX compiler: /usr/bin/c++ -- works
[2.489s] -- Detecting CXX compiler ABI info
[2.864s] -- Detecting CXX compiler ABI info - done
[2.889s] -- Detecting CXX compile features
[2.890s] -- Detecting CXX compile features - done
[2.924s] -- Found ament_cmake: 0.9.12 (/opt/ros/foxy/share/ament_cmake/cmake)
[3.034s] -- Found PythonInterp: /usr/bin/python3 (found suitable version "3.8.10", minimum required is "3") 
[3.034s] -- Using PYTHON_EXECUTABLE: /usr/bin/python3
[3.773s] -- Found geometry_msgs: 2.0.5 (/opt/ros/foxy/share/geometry_msgs/cmake)
[3.918s] -- Using all available rosidl_typesupport_c: rosidl_typesupport_fastrtps_c;rosidl_typesupport_introspection_c
[3.938s] -- Found rosidl_adapter: 1.3.1 (/opt/ros/foxy/share/rosidl_adapter/cmake)
[4.425s] -- Found OpenSSL: /usr/lib/x86_64-linux-gnu/libcrypto.so (found version "1.1.1f")  
[4.573s] -- Found FastRTPS: /opt/ros/foxy/include  
[4.855s] -- Using all available rosidl_typesupport_cpp: rosidl_typesupport_fastrtps_cpp;rosidl_typesupport_introspection_cpp
[5.040s] -- Found nav2_util: 0.4.7 (/home/kgh/ws2/install/nav2_util/share/nav2_util/cmake)
[6.296s] -- Found rmw_implementation_cmake: 1.0.4 (/opt/ros/foxy/share/rmw_implementation_cmake/cmake)
[6.302s] -- Using RMW implementation 'rmw_fastrtps_cpp' as default
[6.303s] -- Looking for pthread.h
[6.680s] -- Looking for pthread.h - found
[6.680s] -- Performing Test CMAKE_HAVE_LIBC_PTHREAD
[7.056s] -- Performing Test CMAKE_HAVE_LIBC_PTHREAD - Failed
[7.056s] -- Looking for pthread_create in pthreads
[7.375s] -- Looking for pthread_create in pthreads - not found
[7.375s] -- Looking for pthread_create in pthread
[7.753s] -- Looking for pthread_create in pthread - found
[7.755s] -- Found Threads: TRUE  
[8.686s] -- Found eigen3_cmake_module: 0.1.1 (/opt/ros/foxy/share/eigen3_cmake_module/cmake)
[8.693s] -- Found Eigen3: TRUE (found version "3.3.7") 
[9.021s] -- Found nav2_lifecycle_manager: 0.4.7 (/home/kgh/ws2/install/nav2_lifecycle_manager/share/nav2_lifecycle_manager/cmake)
[9.495s] -- Found pluginlib: 2.5.4 (/opt/ros/foxy/share/pluginlib/cmake)
[9.566s] -- Found rviz_common: 8.2.8 (/opt/ros/foxy/share/rviz_common/cmake)
[9.582s] -- Setting OGRE_DIR to: '/opt/ros/foxy/share/rviz_ogre_vendor/cmake/../../../opt/rviz_ogre_vendor/lib/OGRE/cmake'
[9.586s] -- Found OGRE
[9.586s] --   static     : OFF
[9.586s] --   components : HLMS;MeshLodGenerator;Overlay;Paging;Property;RTShaderSystem;Terrain;Volume
[9.587s] --   plugins    : Plugin_BSPSceneManager;Plugin_OctreeSceneManager;Plugin_PCZSceneManager;Plugin_ParticleFX;RenderSystem_GL;RenderSystem_GL3Plus;Codec_STBI
[9.587s] --   media      : /opt/ros/foxy/opt/rviz_ogre_vendor/share/OGRE/Media
[9.587s] -- OGRE_LIBRARIES: OgreHLMS;OgreMeshLodGenerator;OgreOverlay;OgrePaging;OgreProperty;OgreRTShaderSystem;OgreTerrain;OgreVolume;OgreMain
[9.587s] -- OGRE_LIBRARY_DIRS: /opt/ros/foxy/opt/rviz_ogre_vendor/lib
[9.587s] -- OGRE_PLUGINS: Plugin_BSPSceneManager;Plugin_OctreeSceneManager;Plugin_PCZSceneManager;Plugin_ParticleFX;RenderSystem_GL;RenderSystem_GL3Plus;Codec_STBI
[9.587s] -- OGRE_PLUGIN_DIR: /opt/ros/foxy/opt/rviz_ogre_vendor/lib/OGRE
[9.587s] -- rviz_ogre_vendor::OgreOverlay for IMPORTED_LOCATION_RELEASE: /opt/ros/foxy/opt/rviz_ogre_vendor/lib/libOgreOverlay.so
[9.588s] -- rviz_ogre_vendor::OgreOverlay for IMPORTED_LOCATION_DEBUG: /opt/ros/foxy/opt/rviz_ogre_vendor/lib/libOgreOverlay.so
[9.588s] -- rviz_ogre_vendor::OgreMain for IMPORTED_LOCATION_RELEASE: /opt/ros/foxy/opt/rviz_ogre_vendor/lib/libOgreMain.so
[9.588s] -- rviz_ogre_vendor::OgreMain for IMPORTED_LOCATION_DEBUG: /opt/ros/foxy/opt/rviz_ogre_vendor/lib/libOgreMain.so
[9.652s] -- Found ZLIB: /usr/lib/x86_64-linux-gnu/libz.so (found version "1.2.11") 
[9.665s] -- Found OpenGL: /usr/lib/x86_64-linux-gnu/libOpenGL.so   
[9.925s] -- Found X11: /usr/include   
[9.926s] -- Looking for XOpenDisplay in /usr/lib/x86_64-linux-gnu/libX11.so;/usr/lib/x86_64-linux-gnu/libXext.so
[10.059s] -- Looking for XOpenDisplay in /usr/lib/x86_64-linux-gnu/libX11.so;/usr/lib/x86_64-linux-gnu/libXext.so - found
[10.059s] -- Looking for gethostbyname
[10.175s] -- Looking for gethostbyname - found
[10.175s] -- Looking for connect
[10.297s] -- Looking for connect - found
[10.298s] -- Looking for remove
[10.423s] -- Looking for remove - found
[10.423s] -- Looking for shmat
[10.545s] -- Looking for shmat - found
[10.545s] -- Looking for IceConnectionNumber in ICE
[10.676s] -- Looking for IceConnectionNumber in ICE - found
[10.676s] -- rviz_ogre_vendor::RenderSystem_GL for IMPORTED_LOCATION_RELEASE: _render_system_gl_static_library_abs-NOTFOUND
[10.676s] -- rviz_ogre_vendor::RenderSystem_GL for IMPORTED_LOCATION_DEBUG: _render_system_gl_static_library_abs-NOTFOUND
[10.682s] -- library: libassimp.so.5
[10.807s] -- library: /usr/lib/x86_64-linux-gnu/libcurl.so
[10.972s] -- Setting yaml-cpp_DIR to: '/opt/ros/foxy/share/yaml_cpp_vendor/cmake/../../../opt/yaml_cpp_vendor/lib/cmake/yaml-cpp'
[10.978s] -- Found rviz_default_plugins: 8.2.8 (/opt/ros/foxy/share/rviz_default_plugins/cmake)
[12.059s] -- Found ament_lint_auto: 0.9.8 (/opt/ros/foxy/share/ament_lint_auto/cmake)
[12.172s] -- Added test 'copyright' to check source files copyright and LICENSE
[12.174s] -- Added test 'cppcheck' to perform static code analysis on C / C++ code
[12.174s] -- Configured cppcheck include dirs: /home/kgh/ws2/src/navigation2/nav2_rviz_plugins/include
[12.174s] -- Configured cppcheck exclude dirs and/or files: 
[12.174s] -- Added test 'cpplint' to check C / C++ code against the Google style
[12.175s] -- Configured cpplint exclude dirs and/or files: 
[12.175s] -- Added test 'lint_cmake' to check CMake code style
[12.176s] -- Added test 'uncrustify' to check C / C++ code style
[12.176s] -- Configured uncrustify additional arguments: 
[12.177s] -- Added test 'xmllint' to check XML markup files
[12.184s] -- Configuring done
[12.296s] -- Generating done
[12.300s] -- Build files have been written to: /home/kgh/ws2/build/nav2_rviz_plugins
[12.639s] Invoked command in '/home/kgh/ws2/build/nav2_rviz_plugins' returned '0': CMAKE_PREFIX_PATH=/home/kgh/ws2/install/nav2_lifecycle_manager:/home/kgh/ws2/install/nav2_util:/home/kgh/ws2/install/nav2_msgs:/home/kgh/ws2/install/nav2_common:/home/kgh/ws2/install/yzbot_stm32connect:/home/kgh/ws2/install/yzbot_nav2:/home/kgh/ws2/install/yzbot_msgs:/home/kgh/ws2/install/yzbot_cartographer:/home/kgh/ws2/install/nav2_system_tests:/home/kgh/ws2/install/nav2_bringup:/home/kgh/ws2/install/navigation2:/home/kgh/ws2/install/smac_planner:/home/kgh/ws2/install/nav2_dwb_controller:/home/kgh/ws2/install/nav2_controller:/home/kgh/ws2/install/dwb_plugins:/home/kgh/ws2/install/dwb_critics:/home/kgh/ws2/install/dwb_core:/home/kgh/ws2/install/nav_2d_utils:/home/kgh/ws2/install/dwb_msgs:/home/kgh/ws2/install/nav_2d_msgs:/home/kgh/ws2/install/nav2_waypoint_follower:/home/kgh/ws2/install/nav2_regulated_pure_pursuit_controller:/home/kgh/ws2/install/nav2_recoveries:/home/kgh/ws2/install/nav2_planner:/home/kgh/ws2/install/nav2_navfn_planner:/home/kgh/ws2/install/nav2_core:/home/kgh/ws2/install/costmap_queue:/home/kgh/ws2/install/nav2_costmap_2d:/home/kgh/ws2/install/nav2_voxel_grid:/home/kgh/ws2/install/nav2_rviz_plugins:/home/kgh/ws2/install/nav2_map_server:/home/kgh/ws2/install/nav2_bt_navigator:/home/kgh/ws2/install/nav2_behavior_tree:/home/kgh/ws2/install/nav2_amcl:/home/kgh/ws2/install/bluesea2:/home/kgh/ws2/install/yzbot_description:/home/kgh/ws2/install/yzbot_controller:/home/kgh/ws2/install/nav2_gazebo_spawner:/opt/ros/foxy LD_LIBRARY_PATH=/home/kgh/ws2/install/nav2_lifecycle_manager/lib:/home/kgh/ws2/install/nav2_util/lib:/home/kgh/ws2/install/nav2_msgs/lib:/home/kgh/ws2/install/yzbot_msgs/lib:/home/kgh/ws2/install/smac_planner/lib:/home/kgh/ws2/install/nav2_controller/lib:/home/kgh/ws2/install/dwb_plugins/lib:/home/kgh/ws2/install/dwb_critics/lib:/home/kgh/ws2/install/dwb_core/lib:/home/kgh/ws2/install/nav_2d_utils/lib:/home/kgh/ws2/install/dwb_msgs/lib:/home/kgh/ws2/install/nav_2d_msgs/lib:/home/kgh/ws2/install/nav2_waypoint_follower/lib:/home/kgh/ws2/install/nav2_regulated_pure_pursuit_controller/lib:/home/kgh/ws2/install/nav2_recoveries/lib:/home/kgh/ws2/install/nav2_planner/lib:/home/kgh/ws2/install/nav2_navfn_planner/lib:/home/kgh/ws2/install/costmap_queue/lib:/home/kgh/ws2/install/nav2_costmap_2d/lib:/home/kgh/ws2/install/nav2_voxel_grid/lib:/home/kgh/ws2/install/nav2_rviz_plugins/lib:/home/kgh/ws2/install/nav2_map_server/lib:/home/kgh/ws2/install/nav2_bt_navigator/lib:/home/kgh/ws2/install/nav2_behavior_tree/lib:/home/kgh/ws2/install/nav2_amcl/lib:/usr/lib/x86_64-linux-gnu/gazebo-11/plugins:/opt/ros/foxy/opt/yaml_cpp_vendor/lib:/opt/ros/foxy/opt/rviz_ogre_vendor/lib:/opt/ros/foxy/lib/x86_64-linux-gnu:/opt/ros/foxy/lib PYTHONPATH=/home/kgh/ws2/install/nav2_msgs/lib/python3.8/site-packages:/home/kgh/ws2/install/nav2_common/lib/python3.8/site-packages:/home/kgh/ws2/install/yzbot_msgs/lib/python3.8/site-packages:/home/kgh/ws2/install/yzbot_description/lib/python3.8/site-packages:/home/kgh/ws2/install/yzbot_controller/lib/python3.8/site-packages:/home/kgh/ws2/install/dwb_msgs/lib/python3.8/site-packages:/home/kgh/ws2/install/nav_2d_msgs/lib/python3.8/site-packages:/home/kgh/ws2/install/nav2_gazebo_spawner/lib/python3.8/site-packages:/opt/ros/foxy/lib/python3.8/site-packages /usr/bin/cmake /home/kgh/ws2/src/navigation2/nav2_rviz_plugins -DCMAKE_INSTALL_PREFIX=/home/kgh/ws2/install/nav2_rviz_plugins
[12.642s] Invoking command in '/home/kgh/ws2/build/nav2_rviz_plugins': CMAKE_PREFIX_PATH=/home/kgh/ws2/install/nav2_lifecycle_manager:/home/kgh/ws2/install/nav2_util:/home/kgh/ws2/install/nav2_msgs:/home/kgh/ws2/install/nav2_common:/home/kgh/ws2/install/yzbot_stm32connect:/home/kgh/ws2/install/yzbot_nav2:/home/kgh/ws2/install/yzbot_msgs:/home/kgh/ws2/install/yzbot_cartographer:/home/kgh/ws2/install/nav2_system_tests:/home/kgh/ws2/install/nav2_bringup:/home/kgh/ws2/install/navigation2:/home/kgh/ws2/install/smac_planner:/home/kgh/ws2/install/nav2_dwb_controller:/home/kgh/ws2/install/nav2_controller:/home/kgh/ws2/install/dwb_plugins:/home/kgh/ws2/install/dwb_critics:/home/kgh/ws2/install/dwb_core:/home/kgh/ws2/install/nav_2d_utils:/home/kgh/ws2/install/dwb_msgs:/home/kgh/ws2/install/nav_2d_msgs:/home/kgh/ws2/install/nav2_waypoint_follower:/home/kgh/ws2/install/nav2_regulated_pure_pursuit_controller:/home/kgh/ws2/install/nav2_recoveries:/home/kgh/ws2/install/nav2_planner:/home/kgh/ws2/install/nav2_navfn_planner:/home/kgh/ws2/install/nav2_core:/home/kgh/ws2/install/costmap_queue:/home/kgh/ws2/install/nav2_costmap_2d:/home/kgh/ws2/install/nav2_voxel_grid:/home/kgh/ws2/install/nav2_rviz_plugins:/home/kgh/ws2/install/nav2_map_server:/home/kgh/ws2/install/nav2_bt_navigator:/home/kgh/ws2/install/nav2_behavior_tree:/home/kgh/ws2/install/nav2_amcl:/home/kgh/ws2/install/bluesea2:/home/kgh/ws2/install/yzbot_description:/home/kgh/ws2/install/yzbot_controller:/home/kgh/ws2/install/nav2_gazebo_spawner:/opt/ros/foxy LD_LIBRARY_PATH=/home/kgh/ws2/install/nav2_lifecycle_manager/lib:/home/kgh/ws2/install/nav2_util/lib:/home/kgh/ws2/install/nav2_msgs/lib:/home/kgh/ws2/install/yzbot_msgs/lib:/home/kgh/ws2/install/smac_planner/lib:/home/kgh/ws2/install/nav2_controller/lib:/home/kgh/ws2/install/dwb_plugins/lib:/home/kgh/ws2/install/dwb_critics/lib:/home/kgh/ws2/install/dwb_core/lib:/home/kgh/ws2/install/nav_2d_utils/lib:/home/kgh/ws2/install/dwb_msgs/lib:/home/kgh/ws2/install/nav_2d_msgs/lib:/home/kgh/ws2/install/nav2_waypoint_follower/lib:/home/kgh/ws2/install/nav2_regulated_pure_pursuit_controller/lib:/home/kgh/ws2/install/nav2_recoveries/lib:/home/kgh/ws2/install/nav2_planner/lib:/home/kgh/ws2/install/nav2_navfn_planner/lib:/home/kgh/ws2/install/costmap_queue/lib:/home/kgh/ws2/install/nav2_costmap_2d/lib:/home/kgh/ws2/install/nav2_voxel_grid/lib:/home/kgh/ws2/install/nav2_rviz_plugins/lib:/home/kgh/ws2/install/nav2_map_server/lib:/home/kgh/ws2/install/nav2_bt_navigator/lib:/home/kgh/ws2/install/nav2_behavior_tree/lib:/home/kgh/ws2/install/nav2_amcl/lib:/usr/lib/x86_64-linux-gnu/gazebo-11/plugins:/opt/ros/foxy/opt/yaml_cpp_vendor/lib:/opt/ros/foxy/opt/rviz_ogre_vendor/lib:/opt/ros/foxy/lib/x86_64-linux-gnu:/opt/ros/foxy/lib PYTHONPATH=/home/kgh/ws2/install/nav2_msgs/lib/python3.8/site-packages:/home/kgh/ws2/install/nav2_common/lib/python3.8/site-packages:/home/kgh/ws2/install/yzbot_msgs/lib/python3.8/site-packages:/home/kgh/ws2/install/yzbot_description/lib/python3.8/site-packages:/home/kgh/ws2/install/yzbot_controller/lib/python3.8/site-packages:/home/kgh/ws2/install/dwb_msgs/lib/python3.8/site-packages:/home/kgh/ws2/install/nav_2d_msgs/lib/python3.8/site-packages:/home/kgh/ws2/install/nav2_gazebo_spawner/lib/python3.8/site-packages:/opt/ros/foxy/lib/python3.8/site-packages /usr/bin/cmake --build /home/kgh/ws2/build/nav2_rviz_plugins -- -j16 -l16
[12.693s] [35m[1mScanning dependencies of target nav2_rviz_plugins_autogen[0m
[12.705s] [ 20%] [34m[1mAutomatic MOC for target nav2_rviz_plugins[0m
[13.103s] [ 20%] Built target nav2_rviz_plugins_autogen
[13.116s] [35m[1mScanning dependencies of target nav2_rviz_plugins[0m
[13.233s] [ 60%] [32mBuilding CXX object CMakeFiles/nav2_rviz_plugins.dir/src/goal_tool.cpp.o[0m
[13.233s] [ 60%] [32mBuilding CXX object CMakeFiles/nav2_rviz_plugins.dir/nav2_rviz_plugins_autogen/mocs_compilation.cpp.o[0m
[13.237s] [ 80%] [32mBuilding CXX object CMakeFiles/nav2_rviz_plugins.dir/src/nav2_panel.cpp.o[0m
[30.151s] [100%] [32m[1mLinking CXX shared library libnav2_rviz_plugins.so[0m
[35.991s] [100%] Built target nav2_rviz_plugins
[36.006s] Invoked command in '/home/kgh/ws2/build/nav2_rviz_plugins' returned '0': CMAKE_PREFIX_PATH=/home/kgh/ws2/install/nav2_lifecycle_manager:/home/kgh/ws2/install/nav2_util:/home/kgh/ws2/install/nav2_msgs:/home/kgh/ws2/install/nav2_common:/home/kgh/ws2/install/yzbot_stm32connect:/home/kgh/ws2/install/yzbot_nav2:/home/kgh/ws2/install/yzbot_msgs:/home/kgh/ws2/install/yzbot_cartographer:/home/kgh/ws2/install/nav2_system_tests:/home/kgh/ws2/install/nav2_bringup:/home/kgh/ws2/install/navigation2:/home/kgh/ws2/install/smac_planner:/home/kgh/ws2/install/nav2_dwb_controller:/home/kgh/ws2/install/nav2_controller:/home/kgh/ws2/install/dwb_plugins:/home/kgh/ws2/install/dwb_critics:/home/kgh/ws2/install/dwb_core:/home/kgh/ws2/install/nav_2d_utils:/home/kgh/ws2/install/dwb_msgs:/home/kgh/ws2/install/nav_2d_msgs:/home/kgh/ws2/install/nav2_waypoint_follower:/home/kgh/ws2/install/nav2_regulated_pure_pursuit_controller:/home/kgh/ws2/install/nav2_recoveries:/home/kgh/ws2/install/nav2_planner:/home/kgh/ws2/install/nav2_navfn_planner:/home/kgh/ws2/install/nav2_core:/home/kgh/ws2/install/costmap_queue:/home/kgh/ws2/install/nav2_costmap_2d:/home/kgh/ws2/install/nav2_voxel_grid:/home/kgh/ws2/install/nav2_rviz_plugins:/home/kgh/ws2/install/nav2_map_server:/home/kgh/ws2/install/nav2_bt_navigator:/home/kgh/ws2/install/nav2_behavior_tree:/home/kgh/ws2/install/nav2_amcl:/home/kgh/ws2/install/bluesea2:/home/kgh/ws2/install/yzbot_description:/home/kgh/ws2/install/yzbot_controller:/home/kgh/ws2/install/nav2_gazebo_spawner:/opt/ros/foxy LD_LIBRARY_PATH=/home/kgh/ws2/install/nav2_lifecycle_manager/lib:/home/kgh/ws2/install/nav2_util/lib:/home/kgh/ws2/install/nav2_msgs/lib:/home/kgh/ws2/install/yzbot_msgs/lib:/home/kgh/ws2/install/smac_planner/lib:/home/kgh/ws2/install/nav2_controller/lib:/home/kgh/ws2/install/dwb_plugins/lib:/home/kgh/ws2/install/dwb_critics/lib:/home/kgh/ws2/install/dwb_core/lib:/home/kgh/ws2/install/nav_2d_utils/lib:/home/kgh/ws2/install/dwb_msgs/lib:/home/kgh/ws2/install/nav_2d_msgs/lib:/home/kgh/ws2/install/nav2_waypoint_follower/lib:/home/kgh/ws2/install/nav2_regulated_pure_pursuit_controller/lib:/home/kgh/ws2/install/nav2_recoveries/lib:/home/kgh/ws2/install/nav2_planner/lib:/home/kgh/ws2/install/nav2_navfn_planner/lib:/home/kgh/ws2/install/costmap_queue/lib:/home/kgh/ws2/install/nav2_costmap_2d/lib:/home/kgh/ws2/install/nav2_voxel_grid/lib:/home/kgh/ws2/install/nav2_rviz_plugins/lib:/home/kgh/ws2/install/nav2_map_server/lib:/home/kgh/ws2/install/nav2_bt_navigator/lib:/home/kgh/ws2/install/nav2_behavior_tree/lib:/home/kgh/ws2/install/nav2_amcl/lib:/usr/lib/x86_64-linux-gnu/gazebo-11/plugins:/opt/ros/foxy/opt/yaml_cpp_vendor/lib:/opt/ros/foxy/opt/rviz_ogre_vendor/lib:/opt/ros/foxy/lib/x86_64-linux-gnu:/opt/ros/foxy/lib PYTHONPATH=/home/kgh/ws2/install/nav2_msgs/lib/python3.8/site-packages:/home/kgh/ws2/install/nav2_common/lib/python3.8/site-packages:/home/kgh/ws2/install/yzbot_msgs/lib/python3.8/site-packages:/home/kgh/ws2/install/yzbot_description/lib/python3.8/site-packages:/home/kgh/ws2/install/yzbot_controller/lib/python3.8/site-packages:/home/kgh/ws2/install/dwb_msgs/lib/python3.8/site-packages:/home/kgh/ws2/install/nav_2d_msgs/lib/python3.8/site-packages:/home/kgh/ws2/install/nav2_gazebo_spawner/lib/python3.8/site-packages:/opt/ros/foxy/lib/python3.8/site-packages /usr/bin/cmake --build /home/kgh/ws2/build/nav2_rviz_plugins -- -j16 -l16
[36.041s] Invoking command in '/home/kgh/ws2/build/nav2_rviz_plugins': CMAKE_PREFIX_PATH=/home/kgh/ws2/install/nav2_lifecycle_manager:/home/kgh/ws2/install/nav2_util:/home/kgh/ws2/install/nav2_msgs:/home/kgh/ws2/install/nav2_common:/home/kgh/ws2/install/yzbot_stm32connect:/home/kgh/ws2/install/yzbot_nav2:/home/kgh/ws2/install/yzbot_msgs:/home/kgh/ws2/install/yzbot_cartographer:/home/kgh/ws2/install/nav2_system_tests:/home/kgh/ws2/install/nav2_bringup:/home/kgh/ws2/install/navigation2:/home/kgh/ws2/install/smac_planner:/home/kgh/ws2/install/nav2_dwb_controller:/home/kgh/ws2/install/nav2_controller:/home/kgh/ws2/install/dwb_plugins:/home/kgh/ws2/install/dwb_critics:/home/kgh/ws2/install/dwb_core:/home/kgh/ws2/install/nav_2d_utils:/home/kgh/ws2/install/dwb_msgs:/home/kgh/ws2/install/nav_2d_msgs:/home/kgh/ws2/install/nav2_waypoint_follower:/home/kgh/ws2/install/nav2_regulated_pure_pursuit_controller:/home/kgh/ws2/install/nav2_recoveries:/home/kgh/ws2/install/nav2_planner:/home/kgh/ws2/install/nav2_navfn_planner:/home/kgh/ws2/install/nav2_core:/home/kgh/ws2/install/costmap_queue:/home/kgh/ws2/install/nav2_costmap_2d:/home/kgh/ws2/install/nav2_voxel_grid:/home/kgh/ws2/install/nav2_rviz_plugins:/home/kgh/ws2/install/nav2_map_server:/home/kgh/ws2/install/nav2_bt_navigator:/home/kgh/ws2/install/nav2_behavior_tree:/home/kgh/ws2/install/nav2_amcl:/home/kgh/ws2/install/bluesea2:/home/kgh/ws2/install/yzbot_description:/home/kgh/ws2/install/yzbot_controller:/home/kgh/ws2/install/nav2_gazebo_spawner:/opt/ros/foxy LD_LIBRARY_PATH=/home/kgh/ws2/install/nav2_lifecycle_manager/lib:/home/kgh/ws2/install/nav2_util/lib:/home/kgh/ws2/install/nav2_msgs/lib:/home/kgh/ws2/install/yzbot_msgs/lib:/home/kgh/ws2/install/smac_planner/lib:/home/kgh/ws2/install/nav2_controller/lib:/home/kgh/ws2/install/dwb_plugins/lib:/home/kgh/ws2/install/dwb_critics/lib:/home/kgh/ws2/install/dwb_core/lib:/home/kgh/ws2/install/nav_2d_utils/lib:/home/kgh/ws2/install/dwb_msgs/lib:/home/kgh/ws2/install/nav_2d_msgs/lib:/home/kgh/ws2/install/nav2_waypoint_follower/lib:/home/kgh/ws2/install/nav2_regulated_pure_pursuit_controller/lib:/home/kgh/ws2/install/nav2_recoveries/lib:/home/kgh/ws2/install/nav2_planner/lib:/home/kgh/ws2/install/nav2_navfn_planner/lib:/home/kgh/ws2/install/costmap_queue/lib:/home/kgh/ws2/install/nav2_costmap_2d/lib:/home/kgh/ws2/install/nav2_voxel_grid/lib:/home/kgh/ws2/install/nav2_rviz_plugins/lib:/home/kgh/ws2/install/nav2_map_server/lib:/home/kgh/ws2/install/nav2_bt_navigator/lib:/home/kgh/ws2/install/nav2_behavior_tree/lib:/home/kgh/ws2/install/nav2_amcl/lib:/usr/lib/x86_64-linux-gnu/gazebo-11/plugins:/opt/ros/foxy/opt/yaml_cpp_vendor/lib:/opt/ros/foxy/opt/rviz_ogre_vendor/lib:/opt/ros/foxy/lib/x86_64-linux-gnu:/opt/ros/foxy/lib PYTHONPATH=/home/kgh/ws2/install/nav2_msgs/lib/python3.8/site-packages:/home/kgh/ws2/install/nav2_common/lib/python3.8/site-packages:/home/kgh/ws2/install/yzbot_msgs/lib/python3.8/site-packages:/home/kgh/ws2/install/yzbot_description/lib/python3.8/site-packages:/home/kgh/ws2/install/yzbot_controller/lib/python3.8/site-packages:/home/kgh/ws2/install/dwb_msgs/lib/python3.8/site-packages:/home/kgh/ws2/install/nav_2d_msgs/lib/python3.8/site-packages:/home/kgh/ws2/install/nav2_gazebo_spawner/lib/python3.8/site-packages:/opt/ros/foxy/lib/python3.8/site-packages /usr/bin/cmake --install /home/kgh/ws2/build/nav2_rviz_plugins
[36.050s] -- Install configuration: ""
[36.051s] -- Installing: /home/kgh/ws2/install/nav2_rviz_plugins/share/nav2_rviz_plugins/plugins_description.xml
[36.051s] -- Installing: /home/kgh/ws2/install/nav2_rviz_plugins/lib/libnav2_rviz_plugins.so
[36.054s] -- Set runtime path of "/home/kgh/ws2/install/nav2_rviz_plugins/lib/libnav2_rviz_plugins.so" to ""
[36.055s] -- Installing: /home/kgh/ws2/install/nav2_rviz_plugins/include/
[36.055s] -- Installing: /home/kgh/ws2/install/nav2_rviz_plugins/include//nav2_rviz_plugins
[36.055s] -- Installing: /home/kgh/ws2/install/nav2_rviz_plugins/include//nav2_rviz_plugins/goal_pose_updater.hpp
[36.055s] -- Installing: /home/kgh/ws2/install/nav2_rviz_plugins/include//nav2_rviz_plugins/nav2_panel.hpp
[36.055s] -- Installing: /home/kgh/ws2/install/nav2_rviz_plugins/include//nav2_rviz_plugins/ros_action_qevent.hpp
[36.055s] -- Installing: /home/kgh/ws2/install/nav2_rviz_plugins/include//nav2_rviz_plugins/goal_tool.hpp
[36.055s] -- Installing: /home/kgh/ws2/install/nav2_rviz_plugins/include//nav2_rviz_plugins/goal_common.hpp
[36.056s] -- Installing: /home/kgh/ws2/install/nav2_rviz_plugins/share/nav2_rviz_plugins/environment/library_path.sh
[36.056s] -- Installing: /home/kgh/ws2/install/nav2_rviz_plugins/share/nav2_rviz_plugins/environment/library_path.dsv
[36.056s] -- Installing: /home/kgh/ws2/install/nav2_rviz_plugins/share/ament_index/resource_index/package_run_dependencies/nav2_rviz_plugins
[36.056s] -- Installing: /home/kgh/ws2/install/nav2_rviz_plugins/share/ament_index/resource_index/parent_prefix_path/nav2_rviz_plugins
[36.056s] -- Installing: /home/kgh/ws2/install/nav2_rviz_plugins/share/nav2_rviz_plugins/environment/ament_prefix_path.sh
[36.056s] -- Installing: /home/kgh/ws2/install/nav2_rviz_plugins/share/nav2_rviz_plugins/environment/ament_prefix_path.dsv
[36.056s] -- Installing: /home/kgh/ws2/install/nav2_rviz_plugins/share/nav2_rviz_plugins/environment/path.sh
[36.057s] -- Installing: /home/kgh/ws2/install/nav2_rviz_plugins/share/nav2_rviz_plugins/environment/path.dsv
[36.057s] -- Installing: /home/kgh/ws2/install/nav2_rviz_plugins/share/nav2_rviz_plugins/local_setup.bash
[36.057s] -- Installing: /home/kgh/ws2/install/nav2_rviz_plugins/share/nav2_rviz_plugins/local_setup.sh
[36.057s] -- Installing: /home/kgh/ws2/install/nav2_rviz_plugins/share/nav2_rviz_plugins/local_setup.zsh
[36.057s] -- Installing: /home/kgh/ws2/install/nav2_rviz_plugins/share/nav2_rviz_plugins/local_setup.dsv
[36.058s] -- Installing: /home/kgh/ws2/install/nav2_rviz_plugins/share/nav2_rviz_plugins/package.dsv
[36.058s] -- Installing: /home/kgh/ws2/install/nav2_rviz_plugins/share/ament_index/resource_index/packages/nav2_rviz_plugins
[36.058s] -- Installing: /home/kgh/ws2/install/nav2_rviz_plugins/share/ament_index/resource_index/rviz_common__pluginlib__plugin/nav2_rviz_plugins
[36.058s] -- Installing: /home/kgh/ws2/install/nav2_rviz_plugins/share/nav2_rviz_plugins/cmake/nav2_rviz_pluginsExport.cmake
[36.058s] -- Installing: /home/kgh/ws2/install/nav2_rviz_plugins/share/nav2_rviz_plugins/cmake/nav2_rviz_pluginsExport-noconfig.cmake
[36.058s] -- Installing: /home/kgh/ws2/install/nav2_rviz_plugins/share/nav2_rviz_plugins/cmake/ament_cmake_export_include_directories-extras.cmake
[36.059s] -- Installing: /home/kgh/ws2/install/nav2_rviz_plugins/share/nav2_rviz_plugins/cmake/ament_cmake_export_targets-extras.cmake
[36.059s] -- Installing: /home/kgh/ws2/install/nav2_rviz_plugins/share/nav2_rviz_plugins/cmake/ament_cmake_export_dependencies-extras.cmake
[36.059s] -- Installing: /home/kgh/ws2/install/nav2_rviz_plugins/share/nav2_rviz_plugins/cmake/nav2_rviz_pluginsConfig.cmake
[36.059s] -- Installing: /home/kgh/ws2/install/nav2_rviz_plugins/share/nav2_rviz_plugins/cmake/nav2_rviz_pluginsConfig-version.cmake
[36.059s] -- Installing: /home/kgh/ws2/install/nav2_rviz_plugins/share/nav2_rviz_plugins/package.xml
[36.062s] Invoked command in '/home/kgh/ws2/build/nav2_rviz_plugins' returned '0': CMAKE_PREFIX_PATH=/home/kgh/ws2/install/nav2_lifecycle_manager:/home/kgh/ws2/install/nav2_util:/home/kgh/ws2/install/nav2_msgs:/home/kgh/ws2/install/nav2_common:/home/kgh/ws2/install/yzbot_stm32connect:/home/kgh/ws2/install/yzbot_nav2:/home/kgh/ws2/install/yzbot_msgs:/home/kgh/ws2/install/yzbot_cartographer:/home/kgh/ws2/install/nav2_system_tests:/home/kgh/ws2/install/nav2_bringup:/home/kgh/ws2/install/navigation2:/home/kgh/ws2/install/smac_planner:/home/kgh/ws2/install/nav2_dwb_controller:/home/kgh/ws2/install/nav2_controller:/home/kgh/ws2/install/dwb_plugins:/home/kgh/ws2/install/dwb_critics:/home/kgh/ws2/install/dwb_core:/home/kgh/ws2/install/nav_2d_utils:/home/kgh/ws2/install/dwb_msgs:/home/kgh/ws2/install/nav_2d_msgs:/home/kgh/ws2/install/nav2_waypoint_follower:/home/kgh/ws2/install/nav2_regulated_pure_pursuit_controller:/home/kgh/ws2/install/nav2_recoveries:/home/kgh/ws2/install/nav2_planner:/home/kgh/ws2/install/nav2_navfn_planner:/home/kgh/ws2/install/nav2_core:/home/kgh/ws2/install/costmap_queue:/home/kgh/ws2/install/nav2_costmap_2d:/home/kgh/ws2/install/nav2_voxel_grid:/home/kgh/ws2/install/nav2_rviz_plugins:/home/kgh/ws2/install/nav2_map_server:/home/kgh/ws2/install/nav2_bt_navigator:/home/kgh/ws2/install/nav2_behavior_tree:/home/kgh/ws2/install/nav2_amcl:/home/kgh/ws2/install/bluesea2:/home/kgh/ws2/install/yzbot_description:/home/kgh/ws2/install/yzbot_controller:/home/kgh/ws2/install/nav2_gazebo_spawner:/opt/ros/foxy LD_LIBRARY_PATH=/home/kgh/ws2/install/nav2_lifecycle_manager/lib:/home/kgh/ws2/install/nav2_util/lib:/home/kgh/ws2/install/nav2_msgs/lib:/home/kgh/ws2/install/yzbot_msgs/lib:/home/kgh/ws2/install/smac_planner/lib:/home/kgh/ws2/install/nav2_controller/lib:/home/kgh/ws2/install/dwb_plugins/lib:/home/kgh/ws2/install/dwb_critics/lib:/home/kgh/ws2/install/dwb_core/lib:/home/kgh/ws2/install/nav_2d_utils/lib:/home/kgh/ws2/install/dwb_msgs/lib:/home/kgh/ws2/install/nav_2d_msgs/lib:/home/kgh/ws2/install/nav2_waypoint_follower/lib:/home/kgh/ws2/install/nav2_regulated_pure_pursuit_controller/lib:/home/kgh/ws2/install/nav2_recoveries/lib:/home/kgh/ws2/install/nav2_planner/lib:/home/kgh/ws2/install/nav2_navfn_planner/lib:/home/kgh/ws2/install/costmap_queue/lib:/home/kgh/ws2/install/nav2_costmap_2d/lib:/home/kgh/ws2/install/nav2_voxel_grid/lib:/home/kgh/ws2/install/nav2_rviz_plugins/lib:/home/kgh/ws2/install/nav2_map_server/lib:/home/kgh/ws2/install/nav2_bt_navigator/lib:/home/kgh/ws2/install/nav2_behavior_tree/lib:/home/kgh/ws2/install/nav2_amcl/lib:/usr/lib/x86_64-linux-gnu/gazebo-11/plugins:/opt/ros/foxy/opt/yaml_cpp_vendor/lib:/opt/ros/foxy/opt/rviz_ogre_vendor/lib:/opt/ros/foxy/lib/x86_64-linux-gnu:/opt/ros/foxy/lib PYTHONPATH=/home/kgh/ws2/install/nav2_msgs/lib/python3.8/site-packages:/home/kgh/ws2/install/nav2_common/lib/python3.8/site-packages:/home/kgh/ws2/install/yzbot_msgs/lib/python3.8/site-packages:/home/kgh/ws2/install/yzbot_description/lib/python3.8/site-packages:/home/kgh/ws2/install/yzbot_controller/lib/python3.8/site-packages:/home/kgh/ws2/install/dwb_msgs/lib/python3.8/site-packages:/home/kgh/ws2/install/nav_2d_msgs/lib/python3.8/site-packages:/home/kgh/ws2/install/nav2_gazebo_spawner/lib/python3.8/site-packages:/opt/ros/foxy/lib/python3.8/site-packages /usr/bin/cmake --install /home/kgh/ws2/build/nav2_rviz_plugins
