[ 20%] Built target bluesea_node_client
[100%] Built target bluesea_node
-- Install configuration: ""
-- Up-to-date: /home/kgh/ws2/install/bluesea2/lib/bluesea2/bluesea_node
-- Up-to-date: /home/kgh/ws2/install/bluesea2/lib/bluesea2/bluesea_node_client
-- Up-to-date: /home/kgh/ws2/install/bluesea2/share/bluesea2/launch
-- Up-to-date: /home/kgh/ws2/install/bluesea2/share/bluesea2/launch/VPC.launch
-- Up-to-date: /home/kgh/ws2/install/bluesea2/share/bluesea2/launch/LDS-50C-R.launch
-- Up-to-date: /home/kgh/ws2/install/bluesea2/share/bluesea2/launch/LDS-50C-C30E.launch
-- Up-to-date: /home/kgh/ws2/install/bluesea2/share/bluesea2/launch/LDS-E330-S.launch
-- Up-to-date: /home/kgh/ws2/install/bluesea2/share/bluesea2/launch/LDS-E310-R.launch
-- Up-to-date: /home/kgh/ws2/install/bluesea2/share/bluesea2/launch/LDS-E320-S.launch
-- Up-to-date: /home/kgh/ws2/install/bluesea2/share/bluesea2/launch/LDS-15D-B25R.launch
-- Up-to-date: /home/kgh/ws2/install/bluesea2/share/bluesea2/launch/LDS-E300-E.launch
-- Up-to-date: /home/kgh/ws2/install/bluesea2/share/bluesea2/launch/LDS-E120-R.launch
-- Up-to-date: /home/kgh/ws2/install/bluesea2/share/bluesea2/launch/LDS-E340-E.launch
-- Up-to-date: /home/kgh/ws2/install/bluesea2/share/bluesea2/launch/LDS-25BDM.launch
-- Up-to-date: /home/kgh/ws2/install/bluesea2/share/bluesea2/launch/LDS-E200-R.launch
-- Up-to-date: /home/kgh/ws2/install/bluesea2/share/bluesea2/launch/LDS-50C-2.launch
-- Up-to-date: /home/kgh/ws2/install/bluesea2/share/bluesea2/launch/LDS-50C-E.launch
-- Up-to-date: /home/kgh/ws2/install/bluesea2/share/bluesea2/launch/LSS-40D-C20E.launch
-- Up-to-date: /home/kgh/ws2/install/bluesea2/share/bluesea2/launch/bluesea.py
-- Up-to-date: /home/kgh/ws2/install/bluesea2/share/bluesea2/launch/test.launch
-- Up-to-date: /home/kgh/ws2/install/bluesea2/share/bluesea2/launch/LDS-E200-E.launch
-- Up-to-date: /home/kgh/ws2/install/bluesea2/share/bluesea2/launch/LDS-25D-B25R .launch
-- Up-to-date: /home/kgh/ws2/install/bluesea2/share/bluesea2/launch/LDS-E340-S.launch
-- Up-to-date: /home/kgh/ws2/install/bluesea2/share/bluesea2/launch/LES-10A-D40U44.launch
-- Up-to-date: /home/kgh/ws2/install/bluesea2/share/bluesea2/launch/LSS-40D-C30E_VPC.launch
-- Up-to-date: /home/kgh/ws2/install/bluesea2/share/bluesea2/launch/LDS-15BDM.launch
-- Up-to-date: /home/kgh/ws2/install/bluesea2/share/bluesea2/launch/LDS-E310-E.launch
-- Up-to-date: /home/kgh/ws2/install/bluesea2/share/bluesea2/launch/LDS-E330-S-R.launch
-- Up-to-date: /home/kgh/ws2/install/bluesea2/share/bluesea2/launch/LSS-40S-B20E44.launch
-- Up-to-date: /home/kgh/ws2/install/bluesea2/share/bluesea2/launch/LDS-E400-E.launch
-- Up-to-date: /home/kgh/ws2/install/bluesea2/share/bluesea2/launch/LDS-E200-A.launch
-- Up-to-date: /home/kgh/ws2/install/bluesea2/share/bluesea2/launch/LDS-50C-C20E.launch
-- Up-to-date: /home/kgh/ws2/install/bluesea2/share/bluesea2/launch/dual_lidar.launch
-- Up-to-date: /home/kgh/ws2/install/bluesea2/share/bluesea2/launch/LSS-40D-C30E.launch
-- Up-to-date: /home/kgh/ws2/install/bluesea2/share/bluesea2/launch/LDS-E100-R.launch
-- Up-to-date: /home/kgh/ws2/install/bluesea2/share/bluesea2/launch/LDS-50C-3.launch
-- Up-to-date: /home/kgh/ws2/install/bluesea2/share/bluesea2/launch/LDS-E300-R.launch
-- Up-to-date: /home/kgh/ws2/install/bluesea2/share/bluesea2/params
-- Up-to-date: /home/kgh/ws2/install/bluesea2/share/bluesea2/params/LDS-E200-E.yaml
-- Up-to-date: /home/kgh/ws2/install/bluesea2/share/bluesea2/params/LSS-10A-C30E44.yaml
-- Up-to-date: /home/kgh/ws2/install/bluesea2/share/bluesea2/params/LDS-E340-S.yaml
-- Up-to-date: /home/kgh/ws2/install/bluesea2/share/bluesea2/params/LDS-25D-B25R.yaml
-- Up-to-date: /home/kgh/ws2/install/bluesea2/share/bluesea2/params/LSS-40D-C30E_VPC.yaml
-- Up-to-date: /home/kgh/ws2/install/bluesea2/share/bluesea2/params/LDS-E330-S-R.yaml
-- Up-to-date: /home/kgh/ws2/install/bluesea2/share/bluesea2/params/LDS-15BDM-2.yaml
-- Up-to-date: /home/kgh/ws2/install/bluesea2/share/bluesea2/params/LDS-E120-R.yaml
-- Up-to-date: /home/kgh/ws2/install/bluesea2/share/bluesea2/params/LSS-40D-C20E_VPC.yaml
-- Up-to-date: /home/kgh/ws2/install/bluesea2/share/bluesea2/params/LSS-40S-B20E44.yaml
-- Up-to-date: /home/kgh/ws2/install/bluesea2/share/bluesea2/params/LDS-50C-C30E.yaml
-- Up-to-date: /home/kgh/ws2/install/bluesea2/share/bluesea2/params/LDS-15D-B25R.yaml
-- Up-to-date: /home/kgh/ws2/install/bluesea2/share/bluesea2/params/LDS-E310-E.yaml
-- Up-to-date: /home/kgh/ws2/install/bluesea2/share/bluesea2/params/LDS-E300-E.yaml
-- Up-to-date: /home/kgh/ws2/install/bluesea2/share/bluesea2/params/LDS-E330-S.yaml
-- Up-to-date: /home/kgh/ws2/install/bluesea2/share/bluesea2/params/LDS-50C-E.yaml
-- Up-to-date: /home/kgh/ws2/install/bluesea2/share/bluesea2/params/LSS-40D-C20E.yaml
-- Up-to-date: /home/kgh/ws2/install/bluesea2/share/bluesea2/params/LDS-E200-A.yaml
-- Up-to-date: /home/kgh/ws2/install/bluesea2/share/bluesea2/params/LDS-25BDM-2.yaml
-- Up-to-date: /home/kgh/ws2/install/bluesea2/share/bluesea2/params/LDS-E200-R.yaml
-- Up-to-date: /home/kgh/ws2/install/bluesea2/share/bluesea2/params/LDS-50C-C30E-R.yaml
-- Up-to-date: /home/kgh/ws2/install/bluesea2/share/bluesea2/params/LDS-E300-R.yaml
-- Up-to-date: /home/kgh/ws2/install/bluesea2/share/bluesea2/params/LDS-E100-R.yaml
-- Up-to-date: /home/kgh/ws2/install/bluesea2/share/bluesea2/params/LDS-E310-R.yaml
-- Up-to-date: /home/kgh/ws2/install/bluesea2/share/bluesea2/params/LSS-40D-C30E.yaml
-- Up-to-date: /home/kgh/ws2/install/bluesea2/share/bluesea2/params/VPC.yaml
-- Up-to-date: /home/kgh/ws2/install/bluesea2/share/bluesea2/params/LDS-E400-E.yaml
-- Up-to-date: /home/kgh/ws2/install/bluesea2/share/bluesea2/params/LDS-50C-R.yaml
-- Up-to-date: /home/kgh/ws2/install/bluesea2/share/bluesea2/params/LDS-E340-E.yaml
-- Up-to-date: /home/kgh/ws2/install/bluesea2/share/bluesea2/params/LDS-50C-3.yaml
-- Installing: /home/kgh/ws2/install/bluesea2/share/bluesea2/params/LDS-50C-2.yaml
-- Up-to-date: /home/kgh/ws2/install/bluesea2/share/bluesea2/params/LDS-E321-S.yaml
-- Up-to-date: /home/kgh/ws2/install/bluesea2/share/bluesea2/params/dual_lidar.yaml
-- Up-to-date: /home/kgh/ws2/install/bluesea2/share/bluesea2/params/LDS-50C-C20E.yaml
-- Up-to-date: /home/kgh/ws2/install/bluesea2/share/bluesea2/params/LDS-E340-E-R.yaml
-- Up-to-date: /home/kgh/ws2/install/bluesea2/share/bluesea2/params/LDS-E320-S.yaml
-- Up-to-date: /home/kgh/ws2/install/bluesea2/share/ament_index/resource_index/package_run_dependencies/bluesea2
-- Up-to-date: /home/kgh/ws2/install/bluesea2/share/ament_index/resource_index/parent_prefix_path/bluesea2
-- Up-to-date: /home/kgh/ws2/install/bluesea2/share/bluesea2/environment/ament_prefix_path.sh
-- Up-to-date: /home/kgh/ws2/install/bluesea2/share/bluesea2/environment/ament_prefix_path.dsv
-- Up-to-date: /home/kgh/ws2/install/bluesea2/share/bluesea2/environment/path.sh
-- Up-to-date: /home/kgh/ws2/install/bluesea2/share/bluesea2/environment/path.dsv
-- Up-to-date: /home/kgh/ws2/install/bluesea2/share/bluesea2/local_setup.bash
-- Up-to-date: /home/kgh/ws2/install/bluesea2/share/bluesea2/local_setup.sh
-- Up-to-date: /home/kgh/ws2/install/bluesea2/share/bluesea2/local_setup.zsh
-- Up-to-date: /home/kgh/ws2/install/bluesea2/share/bluesea2/local_setup.dsv
-- Installing: /home/kgh/ws2/install/bluesea2/share/bluesea2/package.dsv
-- Up-to-date: /home/kgh/ws2/install/bluesea2/share/ament_index/resource_index/packages/bluesea2
-- Up-to-date: /home/kgh/ws2/install/bluesea2/share/bluesea2/cmake/bluesea2Config.cmake
-- Up-to-date: /home/kgh/ws2/install/bluesea2/share/bluesea2/cmake/bluesea2Config-version.cmake
-- Up-to-date: /home/kgh/ws2/install/bluesea2/share/bluesea2/package.xml
