In file included from [01m[K/opt/ros/foxy/include/rclcpp/service.hpp:34[m[K,
                 from [01m[K/opt/ros/foxy/include/rclcpp/callback_group.hpp:25[m[K,
                 from [01m[K/opt/ros/foxy/include/rclcpp/any_executable.hpp:20[m[K,
                 from [01m[K/opt/ros/foxy/include/rclcpp/memory_strategy.hpp:24[m[K,
                 from [01m[K/opt/ros/foxy/include/rclcpp/memory_strategies.hpp:18[m[K,
                 from [01m[K/opt/ros/foxy/include/rclcpp/executor_options.hpp:20[m[K,
                 from [01m[K/opt/ros/foxy/include/rclcpp/executor.hpp:33[m[K,
                 from [01m[K/opt/ros/foxy/include/rclcpp/executors/multi_threaded_executor.hpp:26[m[K,
                 from [01m[K/opt/ros/foxy/include/rclcpp/executors.hpp:21[m[K,
                 from [01m[K/opt/ros/foxy/include/rclcpp/rclcpp.hpp:146[m[K,
                 from [01m[K/home/kgh/ws2/src/yzbot_stm32connect/include/robotserial.hpp:4[m[K,
                 from [01m[K/home/kgh/ws2/src/yzbot_stm32connect/src/robotserial.cpp:1[m[K:
[01m[K/home/kgh/ws2/src/yzbot_stm32connect/src/robotserial.cpp:[m[K In member function ‘[01m[Kint8_t RobotSerial::robotSerialRead()[m[K’:
[01m[K/home/kgh/ws2/src/yzbot_stm32connect/src/robotserial.cpp:40:33:[m[K [01;31m[Kerror: [m[K‘[01m[Kget_logger[m[K’ was not declared in this scope; did you mean ‘[01m[Krclcpp::get_logger[m[K’?
   40 |                     RCLCPP_WARN([01;31m[Kget_logger[m[K(), "校验错误! crc:%02X\r\n", crc);
      |                                 [01;31m[K^~~~~~~~~~[m[K
In file included from [01m[K/opt/ros/foxy/include/rclcpp/logging.hpp:23[m[K,
                 from [01m[K/opt/ros/foxy/include/rclcpp/service.hpp:34[m[K,
                 from [01m[K/opt/ros/foxy/include/rclcpp/callback_group.hpp:25[m[K,
                 from [01m[K/opt/ros/foxy/include/rclcpp/any_executable.hpp:20[m[K,
                 from [01m[K/opt/ros/foxy/include/rclcpp/memory_strategy.hpp:24[m[K,
                 from [01m[K/opt/ros/foxy/include/rclcpp/memory_strategies.hpp:18[m[K,
                 from [01m[K/opt/ros/foxy/include/rclcpp/executor_options.hpp:20[m[K,
                 from [01m[K/opt/ros/foxy/include/rclcpp/executor.hpp:33[m[K,
                 from [01m[K/opt/ros/foxy/include/rclcpp/executors/multi_threaded_executor.hpp:26[m[K,
                 from [01m[K/opt/ros/foxy/include/rclcpp/executors.hpp:21[m[K,
                 from [01m[K/opt/ros/foxy/include/rclcpp/rclcpp.hpp:146[m[K,
                 from [01m[K/home/kgh/ws2/src/yzbot_stm32connect/include/robotserial.hpp:4[m[K,
                 from [01m[K/home/kgh/ws2/src/yzbot_stm32connect/src/robotserial.cpp:1[m[K:
[01m[K/opt/ros/foxy/include/rclcpp/logger.hpp:80:17:[m[K [01;36m[Knote: [m[K‘[01m[Krclcpp::get_logger[m[K’ declared here
   80 |   friend Logger [01;36m[Krclcpp[m[K::get_logger(const std::string & name);
      |                 [01;36m[K^~~~~~[m[K
In file included from [01m[K/opt/ros/foxy/include/rclcpp/service.hpp:34[m[K,
                 from [01m[K/opt/ros/foxy/include/rclcpp/callback_group.hpp:25[m[K,
                 from [01m[K/opt/ros/foxy/include/rclcpp/any_executable.hpp:20[m[K,
                 from [01m[K/opt/ros/foxy/include/rclcpp/memory_strategy.hpp:24[m[K,
                 from [01m[K/opt/ros/foxy/include/rclcpp/memory_strategies.hpp:18[m[K,
                 from [01m[K/opt/ros/foxy/include/rclcpp/executor_options.hpp:20[m[K,
                 from [01m[K/opt/ros/foxy/include/rclcpp/executor.hpp:33[m[K,
                 from [01m[K/opt/ros/foxy/include/rclcpp/executors/multi_threaded_executor.hpp:26[m[K,
                 from [01m[K/opt/ros/foxy/include/rclcpp/executors.hpp:21[m[K,
                 from [01m[K/opt/ros/foxy/include/rclcpp/rclcpp.hpp:146[m[K,
                 from [01m[K/home/kgh/ws2/src/yzbot_stm32connect/include/robotserial.hpp:4[m[K,
                 from [01m[K/home/kgh/ws2/src/yzbot_stm32connect/src/robotserial.cpp:1[m[K:
[01m[K/home/kgh/ws2/src/yzbot_stm32connect/src/robotserial.cpp:40:21:[m[K [01;31m[Kerror: [m[Ktemplate argument 1 is invalid
   40 |                     [01;31m[KRCLCPP_WARN[m[K(get_logger(), "校验错误! crc:%02X\r\n", crc);
      |                     [01;31m[K^~~~~~~~~~~[m[K
[01m[K/home/kgh/ws2/src/yzbot_stm32connect/src/robotserial.cpp:40:21:[m[K [01;31m[Kerror: [m[Ktemplate argument 1 is invalid
   40 |                     [01;31m[KRCLCPP_WARN[m[K(get_logger(), "校验错误! crc:%02X\r\n", crc);
      |                     [01;31m[K^~~~~~~~~~~[m[K
[01m[K/home/kgh/ws2/src/yzbot_stm32connect/src/robotserial.cpp:40:21:[m[K [01;31m[Kerror: [m[Ktemplate argument 1 is invalid
   40 |                     [01;31m[KRCLCPP_WARN[m[K(get_logger(), "校验错误! crc:%02X\r\n", crc);
      |                     [01;31m[K^~~~~~~~~~~[m[K
[01m[K/home/kgh/ws2/src/yzbot_stm32connect/src/robotserial.cpp:31:11:[m[K [01;35m[Kwarning: [m[Kunused variable ‘[01m[Kread_byte[m[K’ [[01;35m[K-Wunused-variable[m[K]
   31 |    size_t [01;35m[Kread_byte[m[K = mSerial->read(RecvBUF+2, 17);
      |           [01;35m[K^~~~~~~~~[m[K
In file included from [01m[K/opt/ros/foxy/include/rclcpp/service.hpp:34[m[K,
                 from [01m[K/opt/ros/foxy/include/rclcpp/callback_group.hpp:25[m[K,
                 from [01m[K/opt/ros/foxy/include/rclcpp/any_executable.hpp:20[m[K,
                 from [01m[K/opt/ros/foxy/include/rclcpp/memory_strategy.hpp:24[m[K,
                 from [01m[K/opt/ros/foxy/include/rclcpp/memory_strategies.hpp:18[m[K,
                 from [01m[K/opt/ros/foxy/include/rclcpp/executor_options.hpp:20[m[K,
                 from [01m[K/opt/ros/foxy/include/rclcpp/executor.hpp:33[m[K,
                 from [01m[K/opt/ros/foxy/include/rclcpp/executors/multi_threaded_executor.hpp:26[m[K,
                 from [01m[K/opt/ros/foxy/include/rclcpp/executors.hpp:21[m[K,
                 from [01m[K/opt/ros/foxy/include/rclcpp/rclcpp.hpp:146[m[K,
                 from [01m[K/home/kgh/ws2/src/yzbot_stm32connect/include/robotserial.hpp:4[m[K,
                 from [01m[K/home/kgh/ws2/src/yzbot_stm32connect/src/robotserial.cpp:1[m[K:
[01m[K/home/kgh/ws2/src/yzbot_stm32connect/src/robotserial.cpp:[m[K In member function ‘[01m[Kint RobotSerial::Auto_Charging(int)[m[K’:
[01m[K/home/kgh/ws2/src/yzbot_stm32connect/src/robotserial.cpp:52:17:[m[K [01;31m[Kerror: [m[K‘[01m[Kget_logger[m[K’ was not declared in this scope; did you mean ‘[01m[Krclcpp::get_logger[m[K’?
   52 |     RCLCPP_INFO([01;31m[Kget_logger[m[K(), "Auto_Charging----%d", chargeFlag);
      |                 [01;31m[K^~~~~~~~~~[m[K
In file included from [01m[K/opt/ros/foxy/include/rclcpp/logging.hpp:23[m[K,
                 from [01m[K/opt/ros/foxy/include/rclcpp/service.hpp:34[m[K,
                 from [01m[K/opt/ros/foxy/include/rclcpp/callback_group.hpp:25[m[K,
                 from [01m[K/opt/ros/foxy/include/rclcpp/any_executable.hpp:20[m[K,
                 from [01m[K/opt/ros/foxy/include/rclcpp/memory_strategy.hpp:24[m[K,
                 from [01m[K/opt/ros/foxy/include/rclcpp/memory_strategies.hpp:18[m[K,
                 from [01m[K/opt/ros/foxy/include/rclcpp/executor_options.hpp:20[m[K,
                 from [01m[K/opt/ros/foxy/include/rclcpp/executor.hpp:33[m[K,
                 from [01m[K/opt/ros/foxy/include/rclcpp/executors/multi_threaded_executor.hpp:26[m[K,
                 from [01m[K/opt/ros/foxy/include/rclcpp/executors.hpp:21[m[K,
                 from [01m[K/opt/ros/foxy/include/rclcpp/rclcpp.hpp:146[m[K,
                 from [01m[K/home/kgh/ws2/src/yzbot_stm32connect/include/robotserial.hpp:4[m[K,
                 from [01m[K/home/kgh/ws2/src/yzbot_stm32connect/src/robotserial.cpp:1[m[K:
[01m[K/opt/ros/foxy/include/rclcpp/logger.hpp:80:17:[m[K [01;36m[Knote: [m[K‘[01m[Krclcpp::get_logger[m[K’ declared here
   80 |   friend Logger [01;36m[Krclcpp[m[K::get_logger(const std::string & name);
      |                 [01;36m[K^~~~~~[m[K
In file included from [01m[K/opt/ros/foxy/include/rclcpp/service.hpp:34[m[K,
                 from [01m[K/opt/ros/foxy/include/rclcpp/callback_group.hpp:25[m[K,
                 from [01m[K/opt/ros/foxy/include/rclcpp/any_executable.hpp:20[m[K,
                 from [01m[K/opt/ros/foxy/include/rclcpp/memory_strategy.hpp:24[m[K,
                 from [01m[K/opt/ros/foxy/include/rclcpp/memory_strategies.hpp:18[m[K,
                 from [01m[K/opt/ros/foxy/include/rclcpp/executor_options.hpp:20[m[K,
                 from [01m[K/opt/ros/foxy/include/rclcpp/executor.hpp:33[m[K,
                 from [01m[K/opt/ros/foxy/include/rclcpp/executors/multi_threaded_executor.hpp:26[m[K,
                 from [01m[K/opt/ros/foxy/include/rclcpp/executors.hpp:21[m[K,
                 from [01m[K/opt/ros/foxy/include/rclcpp/rclcpp.hpp:146[m[K,
                 from [01m[K/home/kgh/ws2/src/yzbot_stm32connect/include/robotserial.hpp:4[m[K,
                 from [01m[K/home/kgh/ws2/src/yzbot_stm32connect/src/robotserial.cpp:1[m[K:
[01m[K/home/kgh/ws2/src/yzbot_stm32connect/src/robotserial.cpp:52:5:[m[K [01;31m[Kerror: [m[Ktemplate argument 1 is invalid
   52 |     [01;31m[KRCLCPP_INFO[m[K(get_logger(), "Auto_Charging----%d", chargeFlag);
      |     [01;31m[K^~~~~~~~~~~[m[K
[01m[K/home/kgh/ws2/src/yzbot_stm32connect/src/robotserial.cpp:52:5:[m[K [01;31m[Kerror: [m[Ktemplate argument 1 is invalid
   52 |     [01;31m[KRCLCPP_INFO[m[K(get_logger(), "Auto_Charging----%d", chargeFlag);
      |     [01;31m[K^~~~~~~~~~~[m[K
[01m[K/home/kgh/ws2/src/yzbot_stm32connect/src/robotserial.cpp:52:5:[m[K [01;31m[Kerror: [m[Ktemplate argument 1 is invalid
   52 |     [01;31m[KRCLCPP_INFO[m[K(get_logger(), "Auto_Charging----%d", chargeFlag);
      |     [01;31m[K^~~~~~~~~~~[m[K
[01m[K/home/kgh/ws2/src/yzbot_stm32connect/src/robotserial.cpp:81:29:[m[K [01;31m[Kerror: [m[K‘[01m[Kget_logger[m[K’ was not declared in this scope; did you mean ‘[01m[Krclcpp::get_logger[m[K’?
   81 |                 RCLCPP_INFO([01;31m[Kget_logger[m[K(), "--------Autocharging--------");
      |                             [01;31m[K^~~~~~~~~~[m[K
In file included from [01m[K/opt/ros/foxy/include/rclcpp/logging.hpp:23[m[K,
                 from [01m[K/opt/ros/foxy/include/rclcpp/service.hpp:34[m[K,
                 from [01m[K/opt/ros/foxy/include/rclcpp/callback_group.hpp:25[m[K,
                 from [01m[K/opt/ros/foxy/include/rclcpp/any_executable.hpp:20[m[K,
                 from [01m[K/opt/ros/foxy/include/rclcpp/memory_strategy.hpp:24[m[K,
                 from [01m[K/opt/ros/foxy/include/rclcpp/memory_strategies.hpp:18[m[K,
                 from [01m[K/opt/ros/foxy/include/rclcpp/executor_options.hpp:20[m[K,
                 from [01m[K/opt/ros/foxy/include/rclcpp/executor.hpp:33[m[K,
                 from [01m[K/opt/ros/foxy/include/rclcpp/executors/multi_threaded_executor.hpp:26[m[K,
                 from [01m[K/opt/ros/foxy/include/rclcpp/executors.hpp:21[m[K,
                 from [01m[K/opt/ros/foxy/include/rclcpp/rclcpp.hpp:146[m[K,
                 from [01m[K/home/kgh/ws2/src/yzbot_stm32connect/include/robotserial.hpp:4[m[K,
                 from [01m[K/home/kgh/ws2/src/yzbot_stm32connect/src/robotserial.cpp:1[m[K:
[01m[K/opt/ros/foxy/include/rclcpp/logger.hpp:80:17:[m[K [01;36m[Knote: [m[K‘[01m[Krclcpp::get_logger[m[K’ declared here
   80 |   friend Logger [01;36m[Krclcpp[m[K::get_logger(const std::string & name);
      |                 [01;36m[K^~~~~~[m[K
In file included from [01m[K/opt/ros/foxy/include/rclcpp/service.hpp:34[m[K,
                 from [01m[K/opt/ros/foxy/include/rclcpp/callback_group.hpp:25[m[K,
                 from [01m[K/opt/ros/foxy/include/rclcpp/any_executable.hpp:20[m[K,
                 from [01m[K/opt/ros/foxy/include/rclcpp/memory_strategy.hpp:24[m[K,
                 from [01m[K/opt/ros/foxy/include/rclcpp/memory_strategies.hpp:18[m[K,
                 from [01m[K/opt/ros/foxy/include/rclcpp/executor_options.hpp:20[m[K,
                 from [01m[K/opt/ros/foxy/include/rclcpp/executor.hpp:33[m[K,
                 from [01m[K/opt/ros/foxy/include/rclcpp/executors/multi_threaded_executor.hpp:26[m[K,
                 from [01m[K/opt/ros/foxy/include/rclcpp/executors.hpp:21[m[K,
                 from [01m[K/opt/ros/foxy/include/rclcpp/rclcpp.hpp:146[m[K,
                 from [01m[K/home/kgh/ws2/src/yzbot_stm32connect/include/robotserial.hpp:4[m[K,
                 from [01m[K/home/kgh/ws2/src/yzbot_stm32connect/src/robotserial.cpp:1[m[K:
[01m[K/home/kgh/ws2/src/yzbot_stm32connect/src/robotserial.cpp:81:17:[m[K [01;31m[Kerror: [m[Ktemplate argument 1 is invalid
   81 |                 [01;31m[KRCLCPP_INFO[m[K(get_logger(), "--------Autocharging--------");
      |                 [01;31m[K^~~~~~~~~~~[m[K
[01m[K/home/kgh/ws2/src/yzbot_stm32connect/src/robotserial.cpp:81:17:[m[K [01;31m[Kerror: [m[Ktemplate argument 1 is invalid
   81 |                 [01;31m[KRCLCPP_INFO[m[K(get_logger(), "--------Autocharging--------");
      |                 [01;31m[K^~~~~~~~~~~[m[K
[01m[K/home/kgh/ws2/src/yzbot_stm32connect/src/robotserial.cpp:81:17:[m[K [01;31m[Kerror: [m[Ktemplate argument 1 is invalid
   81 |                 [01;31m[KRCLCPP_INFO[m[K(get_logger(), "--------Autocharging--------");
      |                 [01;31m[K^~~~~~~~~~~[m[K
[01m[K/home/kgh/ws2/src/yzbot_stm32connect/src/robotserial.cpp:[m[K In member function ‘[01m[Kint8_t RobotSerial::robotSerialRead()[m[K’:
[01m[K/home/kgh/ws2/src/yzbot_stm32connect/src/robotserial.cpp:48:1:[m[K [01;35m[Kwarning: [m[Kcontrol reaches end of non-void function [[01;35m[K-Wreturn-type[m[K]
   48 | [01;35m[K}[m[K
      | [01;35m[K^[m[K
make[2]: *** [CMakeFiles/stm32_connect.dir/build.make:76：CMakeFiles/stm32_connect.dir/src/robotserial.cpp.o] 错误 1
make[2]: *** 正在等待未完成的任务....
make[1]: *** [CMakeFiles/Makefile2:80：CMakeFiles/stm32_connect.dir/all] 错误 2
make: *** [Makefile:141：all] 错误 2
