[0.109s] Invoking command in '/home/kgh/ws2/build/yzbot_msgs': CMAKE_PREFIX_PATH=${CMAKE_PREFIX_PATH}:/home/kgh/ws2/install/yzbot_description:/home/kgh/ws2/install/yzbot_controller:/home/kgh/ws2/install/nav2_gazebo_spawner:/opt/ros/foxy /usr/bin/cmake --build /home/kgh/ws2/build/yzbot_msgs -- -j16 -l16
[0.141s] -- Found ament_cmake: 0.9.12 (/opt/ros/foxy/share/ament_cmake/cmake)
[0.157s] -- Found PythonInterp: /usr/bin/python3 (found suitable version "3.8.10", minimum required is "3") 
[0.157s] -- Using PYTHON_EXECUTABLE: /usr/bin/python3
[0.285s] -- Found rosidl_default_generators: 1.0.1 (/opt/ros/foxy/share/rosidl_default_generators/cmake)
[0.291s] -- Using all available rosidl_typesupport_c: rosidl_typesupport_fastrtps_c;rosidl_typesupport_introspection_c
[0.293s] -- Found rosidl_adapter: 1.3.1 (/opt/ros/foxy/share/rosidl_adapter/cmake)
[0.401s] -- Using all available rosidl_typesupport_cpp: rosidl_typesupport_fastrtps_cpp;rosidl_typesupport_introspection_cpp
[0.417s] -- Found ament_lint_auto: 0.9.8 (/opt/ros/foxy/share/ament_lint_auto/cmake)
[0.494s] -- Found PythonInterp: /usr/bin/python3 (found version "3.8.10") 
[0.581s] -- Found ament_cmake_ros: 0.9.2 (/opt/ros/foxy/share/ament_cmake_ros/cmake)
[0.669s] -- Using all available rosidl_typesupport_c: rosidl_typesupport_fastrtps_c;rosidl_typesupport_introspection_c
[0.679s] -- Using all available rosidl_typesupport_cpp: rosidl_typesupport_fastrtps_cpp;rosidl_typesupport_introspection_cpp
[0.706s] -- Found PythonInterp: /usr/bin/python3 (found suitable version "3.8.10", minimum required is "3.5") 
[0.706s] -- Found python_cmake_module: 0.8.1 (/opt/ros/foxy/share/python_cmake_module/cmake)
[0.727s] -- Using PYTHON_EXECUTABLE: /usr/bin/python3
[0.727s] -- Using PYTHON_INCLUDE_DIRS: /usr/include/python3.8
[0.727s] -- Using PYTHON_LIBRARIES: /usr/lib/x86_64-linux-gnu/libpython3.8.so
[0.750s] -- Added test 'copyright' to check source files copyright and LICENSE
[0.751s] -- Added test 'lint_cmake' to check CMake code style
[0.751s] -- Added test 'xmllint' to check XML markup files
[0.755s] -- Configuring done
[0.794s] -- Generating done
[0.797s] -- Build files have been written to: /home/kgh/ws2/build/yzbot_msgs
[0.830s] [  1%] [34m[1mGenerating C code for ROS interfaces[0m
[0.831s] [35m[1mScanning dependencies of target yzbot_msgs__cpp[0m
[0.843s] [  1%] [34m[1mGenerating C++ code for ROS interfaces[0m
[1.377s] [  1%] Built target yzbot_msgs__cpp
[1.391s] [  2%] [34m[1mGenerating C++ introspection for ROS interfaces[0m
[1.391s] [  3%] [34m[1mGenerating C++ type support for eProsima Fast-RTPS[0m
[1.391s] [  3%] [34m[1mGenerating C++ type support dispatch for ROS interfaces[0m
[1.502s] [35m[1mScanning dependencies of target yzbot_msgs__rosidl_generator_c[0m
[1.525s] [  5%] [32mBuilding C object CMakeFiles/yzbot_msgs__rosidl_generator_c.dir/rosidl_generator_c/yzbot_msgs/msg/detail/emergency_button__functions.c.o[0m
[1.525s] [  5%] [32mBuilding C object CMakeFiles/yzbot_msgs__rosidl_generator_c.dir/rosidl_generator_c/yzbot_msgs/msg/detail/obs_result__functions.c.o[0m
[1.525s] [  5%] [32mBuilding C object CMakeFiles/yzbot_msgs__rosidl_generator_c.dir/rosidl_generator_c/yzbot_msgs/msg/detail/psc_get_neck_status__functions.c.o[0m
[1.526s] [  6%] [32mBuilding C object CMakeFiles/yzbot_msgs__rosidl_generator_c.dir/rosidl_generator_c/yzbot_msgs/msg/detail/charge_ctrl__functions.c.o[0m
[1.528s] [  7%] [32mBuilding C object CMakeFiles/yzbot_msgs__rosidl_generator_c.dir/rosidl_generator_c/yzbot_msgs/msg/detail/psc_head_offset__functions.c.o[0m
[1.531s] [  8%] [32mBuilding C object CMakeFiles/yzbot_msgs__rosidl_generator_c.dir/rosidl_generator_c/yzbot_msgs/msg/detail/pms_status__functions.c.o[0m
[1.534s] [  9%] [32mBuilding C object CMakeFiles/yzbot_msgs__rosidl_generator_c.dir/rosidl_generator_c/yzbot_msgs/msg/detail/robot_button__functions.c.o[0m
[1.534s] [  9%] [32mBuilding C object CMakeFiles/yzbot_msgs__rosidl_generator_c.dir/rosidl_generator_c/yzbot_msgs/msg/detail/fmq_set__functions.c.o[0m
[1.534s] [  9%] [32mBuilding C object CMakeFiles/yzbot_msgs__rosidl_generator_c.dir/rosidl_generator_c/yzbot_msgs/msg/detail/robot_pose__functions.c.o[0m
[1.537s] [  9%] [32mBuilding C object CMakeFiles/yzbot_msgs__rosidl_generator_c.dir/rosidl_generator_c/yzbot_msgs/msg/detail/psc_key_head_control__functions.c.o[0m
[1.537s] [ 10%] [32mBuilding C object CMakeFiles/yzbot_msgs__rosidl_generator_c.dir/rosidl_generator_c/yzbot_msgs/msg/detail/psc_get_head_status__functions.c.o[0m
[1.541s] [ 11%] [32mBuilding C object CMakeFiles/yzbot_msgs__rosidl_generator_c.dir/rosidl_generator_c/yzbot_msgs/msg/detail/psc_head_control__functions.c.o[0m
[1.544s] [ 12%] [32mBuilding C object CMakeFiles/yzbot_msgs__rosidl_generator_c.dir/rosidl_generator_c/yzbot_msgs/msg/detail/psc_neck_control__functions.c.o[0m
[1.606s] [ 13%] [32mBuilding C object CMakeFiles/yzbot_msgs__rosidl_generator_c.dir/rosidl_generator_c/yzbot_msgs/msg/detail/psc_key_neck_control__functions.c.o[0m
[1.647s] [ 14%] [32m[1mLinking C shared library libyzbot_msgs__rosidl_generator_c.so[0m
[1.686s] [ 14%] Built target yzbot_msgs__rosidl_generator_c
[1.698s] [ 16%] [34m[1mGenerating C introspection for ROS interfaces[0m
[1.698s] [ 16%] [34m[1mGenerating C type support dispatch for ROS interfaces[0m
[1.822s] [35m[1mScanning dependencies of target yzbot_msgs__rosidl_typesupport_cpp[0m
[1.850s] [ 19%] [32mBuilding CXX object CMakeFiles/yzbot_msgs__rosidl_typesupport_cpp.dir/rosidl_typesupport_cpp/yzbot_msgs/msg/charge_ctrl__type_support.cpp.o[0m
[1.850s] [ 19%] [32mBuilding CXX object CMakeFiles/yzbot_msgs__rosidl_typesupport_cpp.dir/rosidl_typesupport_cpp/yzbot_msgs/msg/obs_result__type_support.cpp.o[0m
[1.850s] [ 19%] [32mBuilding CXX object CMakeFiles/yzbot_msgs__rosidl_typesupport_cpp.dir/rosidl_typesupport_cpp/yzbot_msgs/msg/pms_status__type_support.cpp.o[0m
[1.851s] [ 19%] [32mBuilding CXX object CMakeFiles/yzbot_msgs__rosidl_typesupport_cpp.dir/rosidl_typesupport_cpp/yzbot_msgs/msg/fmq_set__type_support.cpp.o[0m
[1.851s] [ 19%] [32mBuilding CXX object CMakeFiles/yzbot_msgs__rosidl_typesupport_cpp.dir/rosidl_typesupport_cpp/yzbot_msgs/msg/robot_button__type_support.cpp.o[0m
[1.851s] [ 20%] [32mBuilding CXX object CMakeFiles/yzbot_msgs__rosidl_typesupport_cpp.dir/rosidl_typesupport_cpp/yzbot_msgs/msg/robot_pose__type_support.cpp.o[0m
[1.855s] [ 21%] [32mBuilding CXX object CMakeFiles/yzbot_msgs__rosidl_typesupport_cpp.dir/rosidl_typesupport_cpp/yzbot_msgs/msg/psc_get_head_status__type_support.cpp.o[0m
[1.859s] [ 22%] [32mBuilding CXX object CMakeFiles/yzbot_msgs__rosidl_typesupport_cpp.dir/rosidl_typesupport_cpp/yzbot_msgs/msg/emergency_button__type_support.cpp.o[0m
[1.866s] [ 23%] [32mBuilding CXX object CMakeFiles/yzbot_msgs__rosidl_typesupport_cpp.dir/rosidl_typesupport_cpp/yzbot_msgs/msg/psc_head_offset__type_support.cpp.o[0m
[1.876s] [ 24%] [32mBuilding CXX object CMakeFiles/yzbot_msgs__rosidl_typesupport_cpp.dir/rosidl_typesupport_cpp/yzbot_msgs/msg/psc_head_control__type_support.cpp.o[0m
[1.898s] [ 24%] [32mBuilding CXX object CMakeFiles/yzbot_msgs__rosidl_typesupport_cpp.dir/rosidl_typesupport_cpp/yzbot_msgs/msg/psc_get_neck_status__type_support.cpp.o[0m
[1.973s] [ 25%] [32mBuilding CXX object CMakeFiles/yzbot_msgs__rosidl_typesupport_cpp.dir/rosidl_typesupport_cpp/yzbot_msgs/msg/psc_neck_control__type_support.cpp.o[0m
[2.288s] [ 26%] [32mBuilding CXX object CMakeFiles/yzbot_msgs__rosidl_typesupport_cpp.dir/rosidl_typesupport_cpp/yzbot_msgs/msg/psc_key_head_control__type_support.cpp.o[0m
[2.300s] [ 26%] [32mBuilding CXX object CMakeFiles/yzbot_msgs__rosidl_typesupport_cpp.dir/rosidl_typesupport_cpp/yzbot_msgs/msg/psc_key_neck_control__type_support.cpp.o[0m
[2.345s] [35m[1mScanning dependencies of target yzbot_msgs__rosidl_typesupport_c[0m
[2.374s] [35m[1mScanning dependencies of target yzbot_msgs__rosidl_typesupport_introspection_cpp[0m
[2.388s] [ 27%] [32mBuilding CXX object CMakeFiles/yzbot_msgs__rosidl_typesupport_c.dir/rosidl_typesupport_c/yzbot_msgs/msg/robot_button__type_support.cpp.o[0m
[2.390s] [ 27%] [32mBuilding CXX object CMakeFiles/yzbot_msgs__rosidl_typesupport_c.dir/rosidl_typesupport_c/yzbot_msgs/msg/robot_pose__type_support.cpp.o[0m
[2.391s] [ 28%] [32mBuilding CXX object CMakeFiles/yzbot_msgs__rosidl_typesupport_c.dir/rosidl_typesupport_c/yzbot_msgs/msg/fmq_set__type_support.cpp.o[0m
[2.394s] [ 28%] [32mBuilding CXX object CMakeFiles/yzbot_msgs__rosidl_typesupport_c.dir/rosidl_typesupport_c/yzbot_msgs/msg/pms_status__type_support.cpp.o[0m
[2.396s] [35m[1mScanning dependencies of target yzbot_msgs__rosidl_typesupport_fastrtps_cpp[0m
[2.401s] [ 29%] [32mBuilding CXX object CMakeFiles/yzbot_msgs__rosidl_typesupport_c.dir/rosidl_typesupport_c/yzbot_msgs/msg/charge_ctrl__type_support.cpp.o[0m
[2.405s] [ 30%] [32mBuilding CXX object CMakeFiles/yzbot_msgs__rosidl_typesupport_c.dir/rosidl_typesupport_c/yzbot_msgs/msg/emergency_button__type_support.cpp.o[0m
[2.411s] [ 30%] [32mBuilding CXX object CMakeFiles/yzbot_msgs__rosidl_typesupport_c.dir/rosidl_typesupport_c/yzbot_msgs/msg/psc_get_head_status__type_support.cpp.o[0m
[2.412s] [ 32%] [32mBuilding CXX object CMakeFiles/yzbot_msgs__rosidl_typesupport_c.dir/rosidl_typesupport_c/yzbot_msgs/msg/psc_get_neck_status__type_support.cpp.o[0m
[2.412s] [ 32%] [32mBuilding CXX object CMakeFiles/yzbot_msgs__rosidl_typesupport_c.dir/rosidl_typesupport_c/yzbot_msgs/msg/psc_head_offset__type_support.cpp.o[0m
[2.423s] [ 33%] [32mBuilding CXX object CMakeFiles/yzbot_msgs__rosidl_typesupport_introspection_cpp.dir/rosidl_typesupport_introspection_cpp/yzbot_msgs/msg/detail/robot_pose__type_support.cpp.o[0m
[2.424s] [ 34%] [32mBuilding CXX object CMakeFiles/yzbot_msgs__rosidl_typesupport_c.dir/rosidl_typesupport_c/yzbot_msgs/msg/obs_result__type_support.cpp.o[0m
[2.458s] [ 35%] [32mBuilding CXX object CMakeFiles/yzbot_msgs__rosidl_typesupport_c.dir/rosidl_typesupport_c/yzbot_msgs/msg/psc_head_control__type_support.cpp.o[0m
[2.464s] [ 36%] [32mBuilding CXX object CMakeFiles/yzbot_msgs__rosidl_typesupport_c.dir/rosidl_typesupport_c/yzbot_msgs/msg/psc_key_head_control__type_support.cpp.o[0m
[2.464s] [ 37%] [32mBuilding CXX object CMakeFiles/yzbot_msgs__rosidl_typesupport_c.dir/rosidl_typesupport_c/yzbot_msgs/msg/psc_neck_control__type_support.cpp.o[0m
[2.465s] [ 37%] [32mBuilding CXX object CMakeFiles/yzbot_msgs__rosidl_typesupport_fastrtps_cpp.dir/rosidl_typesupport_fastrtps_cpp/yzbot_msgs/msg/detail/dds_fastrtps/robot_button__type_support.cpp.o[0m
[2.471s] [ 38%] [32mBuilding CXX object CMakeFiles/yzbot_msgs__rosidl_typesupport_fastrtps_cpp.dir/rosidl_typesupport_fastrtps_cpp/yzbot_msgs/msg/detail/dds_fastrtps/robot_pose__type_support.cpp.o[0m
[2.476s] [ 39%] [32mBuilding CXX object CMakeFiles/yzbot_msgs__rosidl_typesupport_introspection_cpp.dir/rosidl_typesupport_introspection_cpp/yzbot_msgs/msg/detail/robot_button__type_support.cpp.o[0m
[2.495s] [ 40%] [32mBuilding CXX object CMakeFiles/yzbot_msgs__rosidl_typesupport_c.dir/rosidl_typesupport_c/yzbot_msgs/msg/psc_key_neck_control__type_support.cpp.o[0m
[2.509s] [ 41%] [32mBuilding CXX object CMakeFiles/yzbot_msgs__rosidl_typesupport_introspection_cpp.dir/rosidl_typesupport_introspection_cpp/yzbot_msgs/msg/detail/fmq_set__type_support.cpp.o[0m
[2.509s] [ 41%] [32mBuilding CXX object CMakeFiles/yzbot_msgs__rosidl_typesupport_fastrtps_cpp.dir/rosidl_typesupport_fastrtps_cpp/yzbot_msgs/msg/detail/dds_fastrtps/fmq_set__type_support.cpp.o[0m
[2.510s] [ 42%] [32mBuilding CXX object CMakeFiles/yzbot_msgs__rosidl_typesupport_fastrtps_cpp.dir/rosidl_typesupport_fastrtps_cpp/yzbot_msgs/msg/detail/dds_fastrtps/charge_ctrl__type_support.cpp.o[0m
[2.528s] [ 42%] [32mBuilding CXX object CMakeFiles/yzbot_msgs__rosidl_typesupport_introspection_cpp.dir/rosidl_typesupport_introspection_cpp/yzbot_msgs/msg/detail/charge_ctrl__type_support.cpp.o[0m
[2.543s] [ 43%] [32mBuilding CXX object CMakeFiles/yzbot_msgs__rosidl_typesupport_introspection_cpp.dir/rosidl_typesupport_introspection_cpp/yzbot_msgs/msg/detail/pms_status__type_support.cpp.o[0m
[2.546s] [ 44%] [32mBuilding CXX object CMakeFiles/yzbot_msgs__rosidl_typesupport_fastrtps_cpp.dir/rosidl_typesupport_fastrtps_cpp/yzbot_msgs/msg/detail/dds_fastrtps/pms_status__type_support.cpp.o[0m
[2.580s] [ 45%] [32mBuilding CXX object CMakeFiles/yzbot_msgs__rosidl_typesupport_fastrtps_cpp.dir/rosidl_typesupport_fastrtps_cpp/yzbot_msgs/msg/detail/dds_fastrtps/obs_result__type_support.cpp.o[0m
[2.625s] [ 46%] [32mBuilding CXX object CMakeFiles/yzbot_msgs__rosidl_typesupport_introspection_cpp.dir/rosidl_typesupport_introspection_cpp/yzbot_msgs/msg/detail/obs_result__type_support.cpp.o[0m
[2.651s] [ 47%] [32m[1mLinking CXX shared library libyzbot_msgs__rosidl_typesupport_c.so[0m
[2.747s] [ 47%] [32mBuilding CXX object CMakeFiles/yzbot_msgs__rosidl_typesupport_fastrtps_cpp.dir/rosidl_typesupport_fastrtps_cpp/yzbot_msgs/msg/detail/dds_fastrtps/emergency_button__type_support.cpp.o[0m
[2.830s] [ 48%] [32m[1mLinking CXX shared library libyzbot_msgs__rosidl_typesupport_cpp.so[0m
[2.853s] [ 48%] Built target yzbot_msgs__rosidl_typesupport_c
[2.886s] [ 49%] [32mBuilding CXX object CMakeFiles/yzbot_msgs__rosidl_typesupport_fastrtps_cpp.dir/rosidl_typesupport_fastrtps_cpp/yzbot_msgs/msg/detail/dds_fastrtps/psc_head_offset__type_support.cpp.o[0m
[2.902s] [ 50%] [32mBuilding CXX object CMakeFiles/yzbot_msgs__rosidl_typesupport_introspection_cpp.dir/rosidl_typesupport_introspection_cpp/yzbot_msgs/msg/detail/emergency_button__type_support.cpp.o[0m
[2.927s] [ 50%] Built target yzbot_msgs__rosidl_typesupport_cpp
[2.950s] [ 50%] [32mBuilding CXX object CMakeFiles/yzbot_msgs__rosidl_typesupport_introspection_cpp.dir/rosidl_typesupport_introspection_cpp/yzbot_msgs/msg/detail/psc_head_offset__type_support.cpp.o[0m
[2.962s] [ 51%] [32mBuilding CXX object CMakeFiles/yzbot_msgs__rosidl_typesupport_introspection_cpp.dir/rosidl_typesupport_introspection_cpp/yzbot_msgs/msg/detail/psc_get_head_status__type_support.cpp.o[0m
[2.973s] [ 52%] [32mBuilding CXX object CMakeFiles/yzbot_msgs__rosidl_typesupport_introspection_cpp.dir/rosidl_typesupport_introspection_cpp/yzbot_msgs/msg/detail/psc_get_neck_status__type_support.cpp.o[0m
[2.991s] [35m[1mScanning dependencies of target yzbot_msgs__rosidl_typesupport_introspection_c[0m
[2.997s] [ 53%] [32mBuilding CXX object CMakeFiles/yzbot_msgs__rosidl_typesupport_introspection_cpp.dir/rosidl_typesupport_introspection_cpp/yzbot_msgs/msg/detail/psc_head_control__type_support.cpp.o[0m
[3.071s] [ 53%] [32mBuilding CXX object CMakeFiles/yzbot_msgs__rosidl_typesupport_introspection_cpp.dir/rosidl_typesupport_introspection_cpp/yzbot_msgs/msg/detail/psc_neck_control__type_support.cpp.o[0m
[3.105s] [ 54%] [32mBuilding C object CMakeFiles/yzbot_msgs__rosidl_typesupport_introspection_c.dir/rosidl_typesupport_introspection_c/yzbot_msgs/msg/detail/robot_pose__type_support.c.o[0m
[3.138s] [ 55%] [32mBuilding CXX object CMakeFiles/yzbot_msgs__rosidl_typesupport_introspection_cpp.dir/rosidl_typesupport_introspection_cpp/yzbot_msgs/msg/detail/psc_key_head_control__type_support.cpp.o[0m
[3.148s] [ 56%] [32mBuilding CXX object CMakeFiles/yzbot_msgs__rosidl_typesupport_fastrtps_cpp.dir/rosidl_typesupport_fastrtps_cpp/yzbot_msgs/msg/detail/dds_fastrtps/psc_get_head_status__type_support.cpp.o[0m
[3.162s] [ 57%] [32mBuilding C object CMakeFiles/yzbot_msgs__rosidl_typesupport_introspection_c.dir/rosidl_typesupport_introspection_c/yzbot_msgs/msg/detail/robot_button__type_support.c.o[0m
[3.181s] [ 57%] [32mBuilding C object CMakeFiles/yzbot_msgs__rosidl_typesupport_introspection_c.dir/rosidl_typesupport_introspection_c/yzbot_msgs/msg/detail/fmq_set__type_support.c.o[0m
[3.191s] [ 58%] [32mBuilding CXX object CMakeFiles/yzbot_msgs__rosidl_typesupport_fastrtps_cpp.dir/rosidl_typesupport_fastrtps_cpp/yzbot_msgs/msg/detail/dds_fastrtps/psc_get_neck_status__type_support.cpp.o[0m
[3.202s] [ 59%] [32mBuilding CXX object CMakeFiles/yzbot_msgs__rosidl_typesupport_introspection_cpp.dir/rosidl_typesupport_introspection_cpp/yzbot_msgs/msg/detail/psc_key_neck_control__type_support.cpp.o[0m
[3.230s] [ 60%] [32mBuilding C object CMakeFiles/yzbot_msgs__rosidl_typesupport_introspection_c.dir/rosidl_typesupport_introspection_c/yzbot_msgs/msg/detail/charge_ctrl__type_support.c.o[0m
[3.233s] [ 60%] [32mBuilding CXX object CMakeFiles/yzbot_msgs__rosidl_typesupport_fastrtps_cpp.dir/rosidl_typesupport_fastrtps_cpp/yzbot_msgs/msg/detail/dds_fastrtps/psc_head_control__type_support.cpp.o[0m
[3.245s] [ 61%] [32mBuilding C object CMakeFiles/yzbot_msgs__rosidl_typesupport_introspection_c.dir/rosidl_typesupport_introspection_c/yzbot_msgs/msg/detail/pms_status__type_support.c.o[0m
[3.312s] [ 62%] [32mBuilding C object CMakeFiles/yzbot_msgs__rosidl_typesupport_introspection_c.dir/rosidl_typesupport_introspection_c/yzbot_msgs/msg/detail/obs_result__type_support.c.o[0m
[3.317s] [ 62%] [32mBuilding C object CMakeFiles/yzbot_msgs__rosidl_typesupport_introspection_c.dir/rosidl_typesupport_introspection_c/yzbot_msgs/msg/detail/emergency_button__type_support.c.o[0m
[3.332s] [ 63%] [32mBuilding CXX object CMakeFiles/yzbot_msgs__rosidl_typesupport_fastrtps_cpp.dir/rosidl_typesupport_fastrtps_cpp/yzbot_msgs/msg/detail/dds_fastrtps/psc_neck_control__type_support.cpp.o[0m
[3.335s] [ 64%] [32mBuilding CXX object CMakeFiles/yzbot_msgs__rosidl_typesupport_fastrtps_cpp.dir/rosidl_typesupport_fastrtps_cpp/yzbot_msgs/msg/detail/dds_fastrtps/psc_key_head_control__type_support.cpp.o[0m
[3.389s] [ 65%] [32mBuilding C object CMakeFiles/yzbot_msgs__rosidl_typesupport_introspection_c.dir/rosidl_typesupport_introspection_c/yzbot_msgs/msg/detail/psc_head_offset__type_support.c.o[0m
[3.394s] [ 66%] [32mBuilding CXX object CMakeFiles/yzbot_msgs__rosidl_typesupport_fastrtps_cpp.dir/rosidl_typesupport_fastrtps_cpp/yzbot_msgs/msg/detail/dds_fastrtps/psc_key_neck_control__type_support.cpp.o[0m
[3.411s] [ 67%] [32mBuilding C object CMakeFiles/yzbot_msgs__rosidl_typesupport_introspection_c.dir/rosidl_typesupport_introspection_c/yzbot_msgs/msg/detail/psc_get_head_status__type_support.c.o[0m
[3.449s] [ 67%] [32mBuilding C object CMakeFiles/yzbot_msgs__rosidl_typesupport_introspection_c.dir/rosidl_typesupport_introspection_c/yzbot_msgs/msg/detail/psc_get_neck_status__type_support.c.o[0m
[3.469s] [ 68%] [32mBuilding C object CMakeFiles/yzbot_msgs__rosidl_typesupport_introspection_c.dir/rosidl_typesupport_introspection_c/yzbot_msgs/msg/detail/psc_head_control__type_support.c.o[0m
[3.482s] [ 69%] [32mBuilding C object CMakeFiles/yzbot_msgs__rosidl_typesupport_introspection_c.dir/rosidl_typesupport_introspection_c/yzbot_msgs/msg/detail/psc_neck_control__type_support.c.o[0m
[3.495s] [ 69%] [32mBuilding C object CMakeFiles/yzbot_msgs__rosidl_typesupport_introspection_c.dir/rosidl_typesupport_introspection_c/yzbot_msgs/msg/detail/psc_key_neck_control__type_support.c.o[0m
[3.509s] [ 70%] [32mBuilding C object CMakeFiles/yzbot_msgs__rosidl_typesupport_introspection_c.dir/rosidl_typesupport_introspection_c/yzbot_msgs/msg/detail/psc_key_head_control__type_support.c.o[0m
[3.557s] [ 71%] [32m[1mLinking C shared library libyzbot_msgs__rosidl_typesupport_introspection_c.so[0m
[3.593s] [ 71%] Built target yzbot_msgs__rosidl_typesupport_introspection_c
[3.623s] [ 72%] [32m[1mLinking CXX shared library libyzbot_msgs__rosidl_typesupport_introspection_cpp.so[0m
[3.668s] [ 72%] Built target yzbot_msgs__rosidl_typesupport_introspection_cpp
[3.874s] [ 72%] [32m[1mLinking CXX shared library libyzbot_msgs__rosidl_typesupport_fastrtps_cpp.so[0m
[3.940s] [ 72%] Built target yzbot_msgs__rosidl_typesupport_fastrtps_cpp
[3.951s] [ 73%] [34m[1mGenerating C type support for eProsima Fast-RTPS[0m
[4.380s] [35m[1mScanning dependencies of target yzbot_msgs__rosidl_typesupport_fastrtps_c[0m
[4.405s] [ 74%] [32mBuilding CXX object CMakeFiles/yzbot_msgs__rosidl_typesupport_fastrtps_c.dir/rosidl_typesupport_fastrtps_c/yzbot_msgs/msg/detail/obs_result__type_support_c.cpp.o[0m
[4.405s] [ 74%] [32mBuilding CXX object CMakeFiles/yzbot_msgs__rosidl_typesupport_fastrtps_c.dir/rosidl_typesupport_fastrtps_c/yzbot_msgs/msg/detail/emergency_button__type_support_c.cpp.o[0m
[4.405s] [ 75%] [32mBuilding CXX object CMakeFiles/yzbot_msgs__rosidl_typesupport_fastrtps_c.dir/rosidl_typesupport_fastrtps_c/yzbot_msgs/msg/detail/pms_status__type_support_c.cpp.o[0m
[4.405s] [ 75%] [32mBuilding CXX object CMakeFiles/yzbot_msgs__rosidl_typesupport_fastrtps_c.dir/rosidl_typesupport_fastrtps_c/yzbot_msgs/msg/detail/robot_button__type_support_c.cpp.o[0m
[4.406s] [ 76%] [32mBuilding CXX object CMakeFiles/yzbot_msgs__rosidl_typesupport_fastrtps_c.dir/rosidl_typesupport_fastrtps_c/yzbot_msgs/msg/detail/charge_ctrl__type_support_c.cpp.o[0m
[4.406s] [ 77%] [32mBuilding CXX object CMakeFiles/yzbot_msgs__rosidl_typesupport_fastrtps_c.dir/rosidl_typesupport_fastrtps_c/yzbot_msgs/msg/detail/psc_get_head_status__type_support_c.cpp.o[0m
[4.406s] [ 78%] [32mBuilding CXX object CMakeFiles/yzbot_msgs__rosidl_typesupport_fastrtps_c.dir/rosidl_typesupport_fastrtps_c/yzbot_msgs/msg/detail/psc_head_offset__type_support_c.cpp.o[0m
[4.407s] [ 79%] [32mBuilding CXX object CMakeFiles/yzbot_msgs__rosidl_typesupport_fastrtps_c.dir/rosidl_typesupport_fastrtps_c/yzbot_msgs/msg/detail/robot_pose__type_support_c.cpp.o[0m
[4.407s] [ 80%] [32mBuilding CXX object CMakeFiles/yzbot_msgs__rosidl_typesupport_fastrtps_c.dir/rosidl_typesupport_fastrtps_c/yzbot_msgs/msg/detail/fmq_set__type_support_c.cpp.o[0m
[4.418s] [ 81%] [32mBuilding CXX object CMakeFiles/yzbot_msgs__rosidl_typesupport_fastrtps_c.dir/rosidl_typesupport_fastrtps_c/yzbot_msgs/msg/detail/psc_get_neck_status__type_support_c.cpp.o[0m
[4.419s] [ 82%] [32mBuilding CXX object CMakeFiles/yzbot_msgs__rosidl_typesupport_fastrtps_c.dir/rosidl_typesupport_fastrtps_c/yzbot_msgs/msg/detail/psc_head_control__type_support_c.cpp.o[0m
[4.419s] [ 82%] [32mBuilding CXX object CMakeFiles/yzbot_msgs__rosidl_typesupport_fastrtps_c.dir/rosidl_typesupport_fastrtps_c/yzbot_msgs/msg/detail/psc_neck_control__type_support_c.cpp.o[0m
[4.437s] [ 83%] [32mBuilding CXX object CMakeFiles/yzbot_msgs__rosidl_typesupport_fastrtps_c.dir/rosidl_typesupport_fastrtps_c/yzbot_msgs/msg/detail/psc_key_head_control__type_support_c.cpp.o[0m
[4.491s] [ 83%] [32mBuilding CXX object CMakeFiles/yzbot_msgs__rosidl_typesupport_fastrtps_c.dir/rosidl_typesupport_fastrtps_c/yzbot_msgs/msg/detail/psc_key_neck_control__type_support_c.cpp.o[0m
[4.978s] [ 84%] [32m[1mLinking CXX shared library libyzbot_msgs__rosidl_typesupport_fastrtps_c.so[0m
[5.044s] [ 84%] Built target yzbot_msgs__rosidl_typesupport_fastrtps_c
[5.064s] [ 84%] Built target yzbot_msgs
[5.073s] [35m[1mScanning dependencies of target yzbot_msgs__py[0m
[5.084s] [ 85%] [34m[1mGenerating Python code for ROS interfaces[0m
[6.028s] [ 85%] Built target yzbot_msgs__py
[6.042s] [35m[1mScanning dependencies of target yzbot_msgs__python[0m
[6.084s] [ 86%] [32mBuilding C object CMakeFiles/yzbot_msgs__python.dir/rosidl_generator_py/yzbot_msgs/msg/_psc_head_offset_s.c.o[0m
[6.085s] [ 87%] [32mBuilding C object CMakeFiles/yzbot_msgs__python.dir/rosidl_generator_py/yzbot_msgs/msg/_obs_result_s.c.o[0m
[6.085s] [ 87%] [32mBuilding C object CMakeFiles/yzbot_msgs__python.dir/rosidl_generator_py/yzbot_msgs/msg/_fmq_set_s.c.o[0m
[6.085s] [ 88%] [32mBuilding C object CMakeFiles/yzbot_msgs__python.dir/rosidl_generator_py/yzbot_msgs/msg/_robot_pose_s.c.o[0m
[6.086s] [ 91%] [32mBuilding C object CMakeFiles/yzbot_msgs__python.dir/rosidl_generator_py/yzbot_msgs/msg/_charge_ctrl_s.c.o[0m
[6.086s] [ 91%] [32mBuilding C object CMakeFiles/yzbot_msgs__python.dir/rosidl_generator_py/yzbot_msgs/msg/_emergency_button_s.c.o[0m
[6.086s] [ 92%] [32mBuilding C object CMakeFiles/yzbot_msgs__python.dir/rosidl_generator_py/yzbot_msgs/msg/_pms_status_s.c.o[0m
[6.086s] [ 92%] [32mBuilding C object CMakeFiles/yzbot_msgs__python.dir/rosidl_generator_py/yzbot_msgs/msg/_psc_get_neck_status_s.c.o[0m
[6.086s] [ 88%] [32mBuilding C object CMakeFiles/yzbot_msgs__python.dir/rosidl_generator_py/yzbot_msgs/msg/_robot_button_s.c.o[0m
[6.086s] [ 89%] [32mBuilding C object CMakeFiles/yzbot_msgs__python.dir/rosidl_generator_py/yzbot_msgs/msg/_psc_get_head_status_s.c.o[0m
[6.096s] [ 93%] [32mBuilding C object CMakeFiles/yzbot_msgs__python.dir/rosidl_generator_py/yzbot_msgs/msg/_psc_head_control_s.c.o[0m
[6.096s] [ 94%] [32mBuilding C object CMakeFiles/yzbot_msgs__python.dir/rosidl_generator_py/yzbot_msgs/msg/_psc_key_head_control_s.c.o[0m
[6.096s] [ 93%] [32mBuilding C object CMakeFiles/yzbot_msgs__python.dir/rosidl_generator_py/yzbot_msgs/msg/_psc_key_neck_control_s.c.o[0m
[6.096s] [ 95%] [32mBuilding C object CMakeFiles/yzbot_msgs__python.dir/rosidl_generator_py/yzbot_msgs/msg/_psc_neck_control_s.c.o[0m
[6.292s] [ 96%] [32m[1mLinking C shared library rosidl_generator_py/yzbot_msgs/libyzbot_msgs__python.so[0m
[6.331s] [ 96%] Built target yzbot_msgs__python
[6.342s] [35m[1mScanning dependencies of target yzbot_msgs__rosidl_typesupport_introspection_c__pyext[0m
[6.342s] [35m[1mScanning dependencies of target yzbot_msgs__rosidl_typesupport_c__pyext[0m
[6.342s] [35m[1mScanning dependencies of target yzbot_msgs__rosidl_typesupport_fastrtps_c__pyext[0m
[6.363s] [ 99%] [32mBuilding C object CMakeFiles/yzbot_msgs__rosidl_typesupport_introspection_c__pyext.dir/rosidl_generator_py/yzbot_msgs/_yzbot_msgs_s.ep.rosidl_typesupport_introspection_c.c.o[0m
[6.363s] [ 99%] [32mBuilding C object CMakeFiles/yzbot_msgs__rosidl_typesupport_fastrtps_c__pyext.dir/rosidl_generator_py/yzbot_msgs/_yzbot_msgs_s.ep.rosidl_typesupport_fastrtps_c.c.o[0m
[6.363s] [ 99%] [32mBuilding C object CMakeFiles/yzbot_msgs__rosidl_typesupport_c__pyext.dir/rosidl_generator_py/yzbot_msgs/_yzbot_msgs_s.ep.rosidl_typesupport_c.c.o[0m
[6.468s] [100%] [32m[1mLinking C shared library rosidl_generator_py/yzbot_msgs/yzbot_msgs_s__rosidl_typesupport_c.cpython-38-x86_64-linux-gnu.so[0m
[6.468s] [100%] [32m[1mLinking C shared library rosidl_generator_py/yzbot_msgs/yzbot_msgs_s__rosidl_typesupport_introspection_c.cpython-38-x86_64-linux-gnu.so[0m
[6.468s] [100%] [32m[1mLinking CXX shared library rosidl_generator_py/yzbot_msgs/yzbot_msgs_s__rosidl_typesupport_fastrtps_c.cpython-38-x86_64-linux-gnu.so[0m
[6.503s] [100%] Built target yzbot_msgs__rosidl_typesupport_c__pyext
[6.503s] [100%] Built target yzbot_msgs__rosidl_typesupport_introspection_c__pyext
[6.526s] [100%] Built target yzbot_msgs__rosidl_typesupport_fastrtps_c__pyext
[6.538s] Invoked command in '/home/kgh/ws2/build/yzbot_msgs' returned '0': CMAKE_PREFIX_PATH=${CMAKE_PREFIX_PATH}:/home/kgh/ws2/install/yzbot_description:/home/kgh/ws2/install/yzbot_controller:/home/kgh/ws2/install/nav2_gazebo_spawner:/opt/ros/foxy /usr/bin/cmake --build /home/kgh/ws2/build/yzbot_msgs -- -j16 -l16
[6.784s] Invoking command in '/home/kgh/ws2/build/yzbot_msgs': CMAKE_PREFIX_PATH=${CMAKE_PREFIX_PATH}:/home/kgh/ws2/install/yzbot_description:/home/kgh/ws2/install/yzbot_controller:/home/kgh/ws2/install/nav2_gazebo_spawner:/opt/ros/foxy /usr/bin/cmake --install /home/kgh/ws2/build/yzbot_msgs
[6.792s] -- Install configuration: ""
[6.793s] -- Installing: /home/kgh/ws2/install/yzbot_msgs/share/ament_index/resource_index/rosidl_interfaces/yzbot_msgs
[6.793s] -- Up-to-date: /home/kgh/ws2/install/yzbot_msgs/include/yzbot_msgs
[6.793s] -- Up-to-date: /home/kgh/ws2/install/yzbot_msgs/include/yzbot_msgs/msg
[6.793s] -- Installing: /home/kgh/ws2/install/yzbot_msgs/include/yzbot_msgs/msg/fmq_set.h
[6.793s] -- Installing: /home/kgh/ws2/install/yzbot_msgs/include/yzbot_msgs/msg/psc_neck_control.h
[6.793s] -- Installing: /home/kgh/ws2/install/yzbot_msgs/include/yzbot_msgs/msg/psc_head_control.h
[6.793s] -- Up-to-date: /home/kgh/ws2/install/yzbot_msgs/include/yzbot_msgs/msg/rosidl_generator_c__visibility_control.h
[6.794s] -- Installing: /home/kgh/ws2/install/yzbot_msgs/include/yzbot_msgs/msg/robot_pose.h
[6.794s] -- Installing: /home/kgh/ws2/install/yzbot_msgs/include/yzbot_msgs/msg/psc_get_neck_status.h
[6.794s] -- Installing: /home/kgh/ws2/install/yzbot_msgs/include/yzbot_msgs/msg/psc_key_head_control.h
[6.794s] -- Installing: /home/kgh/ws2/install/yzbot_msgs/include/yzbot_msgs/msg/pms_status.h
[6.794s] -- Installing: /home/kgh/ws2/install/yzbot_msgs/include/yzbot_msgs/msg/obs_result.h
[6.794s] -- Installing: /home/kgh/ws2/install/yzbot_msgs/include/yzbot_msgs/msg/robot_button.h
[6.794s] -- Up-to-date: /home/kgh/ws2/install/yzbot_msgs/include/yzbot_msgs/msg/detail
[6.794s] -- Installing: /home/kgh/ws2/install/yzbot_msgs/include/yzbot_msgs/msg/detail/emergency_button__functions.c
[6.795s] -- Installing: /home/kgh/ws2/install/yzbot_msgs/include/yzbot_msgs/msg/detail/psc_neck_control__struct.h
[6.795s] -- Up-to-date: /home/kgh/ws2/install/yzbot_msgs/include/yzbot_msgs/msg/detail/ultrasound_result__functions.c
[6.795s] -- Installing: /home/kgh/ws2/install/yzbot_msgs/include/yzbot_msgs/msg/detail/psc_key_head_control__functions.c
[6.795s] -- Installing: /home/kgh/ws2/install/yzbot_msgs/include/yzbot_msgs/msg/detail/psc_head_offset__functions.h
[6.795s] -- Installing: /home/kgh/ws2/install/yzbot_msgs/include/yzbot_msgs/msg/detail/psc_get_neck_status__functions.c
[6.795s] -- Installing: /home/kgh/ws2/install/yzbot_msgs/include/yzbot_msgs/msg/detail/emergency_button__type_support.h
[6.795s] -- Installing: /home/kgh/ws2/install/yzbot_msgs/include/yzbot_msgs/msg/detail/psc_get_head_status__type_support.h
[6.796s] -- Installing: /home/kgh/ws2/install/yzbot_msgs/include/yzbot_msgs/msg/detail/robot_button__struct.h
[6.796s] -- Installing: /home/kgh/ws2/install/yzbot_msgs/include/yzbot_msgs/msg/detail/charge_ctrl__type_support.h
[6.796s] -- Installing: /home/kgh/ws2/install/yzbot_msgs/include/yzbot_msgs/msg/detail/charge_ctrl__functions.h
[6.796s] -- Installing: /home/kgh/ws2/install/yzbot_msgs/include/yzbot_msgs/msg/detail/fmq_set__struct.h
[6.796s] -- Installing: /home/kgh/ws2/install/yzbot_msgs/include/yzbot_msgs/msg/detail/psc_neck_control__functions.h
[6.796s] -- Up-to-date: /home/kgh/ws2/install/yzbot_msgs/include/yzbot_msgs/msg/detail/ultrasound_result__struct.h
[6.796s] -- Installing: /home/kgh/ws2/install/yzbot_msgs/include/yzbot_msgs/msg/detail/pms_status__struct.h
[6.796s] -- Up-to-date: /home/kgh/ws2/install/yzbot_msgs/include/yzbot_msgs/msg/detail/ultrasound_result__functions.h
[6.797s] -- Installing: /home/kgh/ws2/install/yzbot_msgs/include/yzbot_msgs/msg/detail/fmq_set__functions.h
[6.797s] -- Installing: /home/kgh/ws2/install/yzbot_msgs/include/yzbot_msgs/msg/detail/robot_pose__functions.c
[6.797s] -- Installing: /home/kgh/ws2/install/yzbot_msgs/include/yzbot_msgs/msg/detail/fmq_set__functions.c
[6.797s] -- Installing: /home/kgh/ws2/install/yzbot_msgs/include/yzbot_msgs/msg/detail/charge_ctrl__functions.c
[6.797s] -- Installing: /home/kgh/ws2/install/yzbot_msgs/include/yzbot_msgs/msg/detail/charge_ctrl__struct.h
[6.797s] -- Installing: /home/kgh/ws2/install/yzbot_msgs/include/yzbot_msgs/msg/detail/pms_status__functions.h
[6.797s] -- Installing: /home/kgh/ws2/install/yzbot_msgs/include/yzbot_msgs/msg/detail/robot_pose__struct.h
[6.797s] -- Installing: /home/kgh/ws2/install/yzbot_msgs/include/yzbot_msgs/msg/detail/obs_result__type_support.h
[6.797s] -- Installing: /home/kgh/ws2/install/yzbot_msgs/include/yzbot_msgs/msg/detail/robot_pose__type_support.h
[6.798s] -- Installing: /home/kgh/ws2/install/yzbot_msgs/include/yzbot_msgs/msg/detail/psc_head_control__type_support.h
[6.798s] -- Installing: /home/kgh/ws2/install/yzbot_msgs/include/yzbot_msgs/msg/detail/robot_button__type_support.h
[6.798s] -- Installing: /home/kgh/ws2/install/yzbot_msgs/include/yzbot_msgs/msg/detail/psc_key_neck_control__functions.c
[6.798s] -- Installing: /home/kgh/ws2/install/yzbot_msgs/include/yzbot_msgs/msg/detail/pms_status__functions.c
[6.798s] -- Installing: /home/kgh/ws2/install/yzbot_msgs/include/yzbot_msgs/msg/detail/psc_neck_control__type_support.h
[6.798s] -- Installing: /home/kgh/ws2/install/yzbot_msgs/include/yzbot_msgs/msg/detail/psc_key_head_control__type_support.h
[6.798s] -- Installing: /home/kgh/ws2/install/yzbot_msgs/include/yzbot_msgs/msg/detail/psc_head_control__functions.h
[6.798s] -- Installing: /home/kgh/ws2/install/yzbot_msgs/include/yzbot_msgs/msg/detail/psc_head_control__struct.h
[6.799s] -- Installing: /home/kgh/ws2/install/yzbot_msgs/include/yzbot_msgs/msg/detail/robot_pose__functions.h
[6.799s] -- Up-to-date: /home/kgh/ws2/install/yzbot_msgs/include/yzbot_msgs/msg/detail/ultrasound_result__type_support.h
[6.799s] -- Installing: /home/kgh/ws2/install/yzbot_msgs/include/yzbot_msgs/msg/detail/obs_result__functions.h
[6.799s] -- Installing: /home/kgh/ws2/install/yzbot_msgs/include/yzbot_msgs/msg/detail/psc_key_head_control__functions.h
[6.799s] -- Installing: /home/kgh/ws2/install/yzbot_msgs/include/yzbot_msgs/msg/detail/psc_head_offset__functions.c
[6.799s] -- Installing: /home/kgh/ws2/install/yzbot_msgs/include/yzbot_msgs/msg/detail/obs_result__struct.h
[6.799s] -- Installing: /home/kgh/ws2/install/yzbot_msgs/include/yzbot_msgs/msg/detail/robot_button__functions.h
[6.799s] -- Installing: /home/kgh/ws2/install/yzbot_msgs/include/yzbot_msgs/msg/detail/psc_head_control__functions.c
[6.800s] -- Installing: /home/kgh/ws2/install/yzbot_msgs/include/yzbot_msgs/msg/detail/psc_key_neck_control__struct.h
[6.800s] -- Installing: /home/kgh/ws2/install/yzbot_msgs/include/yzbot_msgs/msg/detail/psc_key_neck_control__functions.h
[6.800s] -- Installing: /home/kgh/ws2/install/yzbot_msgs/include/yzbot_msgs/msg/detail/psc_head_offset__struct.h
[6.800s] -- Installing: /home/kgh/ws2/install/yzbot_msgs/include/yzbot_msgs/msg/detail/robot_button__functions.c
[6.800s] -- Installing: /home/kgh/ws2/install/yzbot_msgs/include/yzbot_msgs/msg/detail/psc_get_head_status__functions.h
[6.800s] -- Installing: /home/kgh/ws2/install/yzbot_msgs/include/yzbot_msgs/msg/detail/psc_get_head_status__struct.h
[6.800s] -- Installing: /home/kgh/ws2/install/yzbot_msgs/include/yzbot_msgs/msg/detail/psc_get_neck_status__struct.h
[6.801s] -- Installing: /home/kgh/ws2/install/yzbot_msgs/include/yzbot_msgs/msg/detail/psc_key_neck_control__type_support.h
[6.801s] -- Installing: /home/kgh/ws2/install/yzbot_msgs/include/yzbot_msgs/msg/detail/psc_get_neck_status__functions.h
[6.801s] -- Installing: /home/kgh/ws2/install/yzbot_msgs/include/yzbot_msgs/msg/detail/emergency_button__struct.h
[6.801s] -- Installing: /home/kgh/ws2/install/yzbot_msgs/include/yzbot_msgs/msg/detail/psc_head_offset__type_support.h
[6.801s] -- Installing: /home/kgh/ws2/install/yzbot_msgs/include/yzbot_msgs/msg/detail/emergency_button__functions.h
[6.801s] -- Installing: /home/kgh/ws2/install/yzbot_msgs/include/yzbot_msgs/msg/detail/pms_status__type_support.h
[6.801s] -- Installing: /home/kgh/ws2/install/yzbot_msgs/include/yzbot_msgs/msg/detail/psc_get_neck_status__type_support.h
[6.801s] -- Installing: /home/kgh/ws2/install/yzbot_msgs/include/yzbot_msgs/msg/detail/psc_key_head_control__struct.h
[6.802s] -- Installing: /home/kgh/ws2/install/yzbot_msgs/include/yzbot_msgs/msg/detail/fmq_set__type_support.h
[6.802s] -- Installing: /home/kgh/ws2/install/yzbot_msgs/include/yzbot_msgs/msg/detail/obs_result__functions.c
[6.802s] -- Installing: /home/kgh/ws2/install/yzbot_msgs/include/yzbot_msgs/msg/detail/psc_neck_control__functions.c
[6.802s] -- Installing: /home/kgh/ws2/install/yzbot_msgs/include/yzbot_msgs/msg/detail/psc_get_head_status__functions.c
[6.802s] -- Installing: /home/kgh/ws2/install/yzbot_msgs/include/yzbot_msgs/msg/psc_head_offset.h
[6.802s] -- Installing: /home/kgh/ws2/install/yzbot_msgs/include/yzbot_msgs/msg/psc_get_head_status.h
[6.802s] -- Up-to-date: /home/kgh/ws2/install/yzbot_msgs/include/yzbot_msgs/msg/ultrasound_result.h
[6.803s] -- Installing: /home/kgh/ws2/install/yzbot_msgs/include/yzbot_msgs/msg/psc_key_neck_control.h
[6.803s] -- Installing: /home/kgh/ws2/install/yzbot_msgs/include/yzbot_msgs/msg/emergency_button.h
[6.803s] -- Installing: /home/kgh/ws2/install/yzbot_msgs/include/yzbot_msgs/msg/charge_ctrl.h
[6.803s] -- Up-to-date: /home/kgh/ws2/install/yzbot_msgs/share/yzbot_msgs/environment/library_path.sh
[6.803s] -- Installing: /home/kgh/ws2/install/yzbot_msgs/share/yzbot_msgs/environment/library_path.dsv
[6.803s] -- Installing: /home/kgh/ws2/install/yzbot_msgs/lib/libyzbot_msgs__rosidl_generator_c.so
[6.803s] -- Set runtime path of "/home/kgh/ws2/install/yzbot_msgs/lib/libyzbot_msgs__rosidl_generator_c.so" to ""
[6.803s] -- Up-to-date: /home/kgh/ws2/install/yzbot_msgs/include/yzbot_msgs
[6.803s] -- Up-to-date: /home/kgh/ws2/install/yzbot_msgs/include/yzbot_msgs/msg
[6.803s] -- Up-to-date: /home/kgh/ws2/install/yzbot_msgs/include/yzbot_msgs/msg/rosidl_typesupport_fastrtps_c__visibility_control.h
[6.803s] -- Up-to-date: /home/kgh/ws2/install/yzbot_msgs/include/yzbot_msgs/msg/detail
[6.804s] -- Installing: /home/kgh/ws2/install/yzbot_msgs/include/yzbot_msgs/msg/detail/obs_result__rosidl_typesupport_fastrtps_c.h
[6.804s] -- Installing: /home/kgh/ws2/install/yzbot_msgs/include/yzbot_msgs/msg/detail/fmq_set__rosidl_typesupport_fastrtps_c.h
[6.804s] -- Installing: /home/kgh/ws2/install/yzbot_msgs/include/yzbot_msgs/msg/detail/psc_key_neck_control__rosidl_typesupport_fastrtps_c.h
[6.804s] -- Installing: /home/kgh/ws2/install/yzbot_msgs/include/yzbot_msgs/msg/detail/psc_head_offset__rosidl_typesupport_fastrtps_c.h
[6.804s] -- Installing: /home/kgh/ws2/install/yzbot_msgs/include/yzbot_msgs/msg/detail/psc_neck_control__rosidl_typesupport_fastrtps_c.h
[6.804s] -- Up-to-date: /home/kgh/ws2/install/yzbot_msgs/include/yzbot_msgs/msg/detail/ultrasound_result__rosidl_typesupport_fastrtps_c.h
[6.804s] -- Installing: /home/kgh/ws2/install/yzbot_msgs/include/yzbot_msgs/msg/detail/psc_key_head_control__rosidl_typesupport_fastrtps_c.h
[6.804s] -- Installing: /home/kgh/ws2/install/yzbot_msgs/include/yzbot_msgs/msg/detail/charge_ctrl__rosidl_typesupport_fastrtps_c.h
[6.804s] -- Installing: /home/kgh/ws2/install/yzbot_msgs/include/yzbot_msgs/msg/detail/psc_get_head_status__rosidl_typesupport_fastrtps_c.h
[6.804s] -- Installing: /home/kgh/ws2/install/yzbot_msgs/include/yzbot_msgs/msg/detail/robot_button__rosidl_typesupport_fastrtps_c.h
[6.805s] -- Installing: /home/kgh/ws2/install/yzbot_msgs/include/yzbot_msgs/msg/detail/robot_pose__rosidl_typesupport_fastrtps_c.h
[6.805s] -- Installing: /home/kgh/ws2/install/yzbot_msgs/include/yzbot_msgs/msg/detail/psc_get_neck_status__rosidl_typesupport_fastrtps_c.h
[6.805s] -- Installing: /home/kgh/ws2/install/yzbot_msgs/include/yzbot_msgs/msg/detail/emergency_button__rosidl_typesupport_fastrtps_c.h
[6.805s] -- Installing: /home/kgh/ws2/install/yzbot_msgs/include/yzbot_msgs/msg/detail/pms_status__rosidl_typesupport_fastrtps_c.h
[6.805s] -- Installing: /home/kgh/ws2/install/yzbot_msgs/include/yzbot_msgs/msg/detail/psc_head_control__rosidl_typesupport_fastrtps_c.h
[6.805s] -- Installing: /home/kgh/ws2/install/yzbot_msgs/lib/libyzbot_msgs__rosidl_typesupport_fastrtps_c.so
[6.805s] -- Set runtime path of "/home/kgh/ws2/install/yzbot_msgs/lib/libyzbot_msgs__rosidl_typesupport_fastrtps_c.so" to ""
[6.805s] -- Up-to-date: /home/kgh/ws2/install/yzbot_msgs/include/yzbot_msgs
[6.805s] -- Up-to-date: /home/kgh/ws2/install/yzbot_msgs/include/yzbot_msgs/msg
[6.806s] -- Up-to-date: /home/kgh/ws2/install/yzbot_msgs/include/yzbot_msgs/msg/rosidl_typesupport_fastrtps_cpp__visibility_control.h
[6.806s] -- Up-to-date: /home/kgh/ws2/install/yzbot_msgs/include/yzbot_msgs/msg/detail
[6.806s] -- Installing: /home/kgh/ws2/install/yzbot_msgs/include/yzbot_msgs/msg/detail/psc_get_head_status__rosidl_typesupport_fastrtps_cpp.hpp
[6.806s] -- Installing: /home/kgh/ws2/install/yzbot_msgs/include/yzbot_msgs/msg/detail/psc_head_offset__rosidl_typesupport_fastrtps_cpp.hpp
[6.806s] -- Installing: /home/kgh/ws2/install/yzbot_msgs/include/yzbot_msgs/msg/detail/psc_key_neck_control__rosidl_typesupport_fastrtps_cpp.hpp
[6.806s] -- Installing: /home/kgh/ws2/install/yzbot_msgs/include/yzbot_msgs/msg/detail/pms_status__rosidl_typesupport_fastrtps_cpp.hpp
[6.806s] -- Installing: /home/kgh/ws2/install/yzbot_msgs/include/yzbot_msgs/msg/detail/emergency_button__rosidl_typesupport_fastrtps_cpp.hpp
[6.807s] -- Installing: /home/kgh/ws2/install/yzbot_msgs/include/yzbot_msgs/msg/detail/robot_pose__rosidl_typesupport_fastrtps_cpp.hpp
[6.807s] -- Installing: /home/kgh/ws2/install/yzbot_msgs/include/yzbot_msgs/msg/detail/robot_button__rosidl_typesupport_fastrtps_cpp.hpp
[6.807s] -- Installing: /home/kgh/ws2/install/yzbot_msgs/include/yzbot_msgs/msg/detail/psc_neck_control__rosidl_typesupport_fastrtps_cpp.hpp
[6.807s] -- Installing: /home/kgh/ws2/install/yzbot_msgs/include/yzbot_msgs/msg/detail/fmq_set__rosidl_typesupport_fastrtps_cpp.hpp
[6.807s] -- Up-to-date: /home/kgh/ws2/install/yzbot_msgs/include/yzbot_msgs/msg/detail/dds_fastrtps
[6.807s] -- Installing: /home/kgh/ws2/install/yzbot_msgs/include/yzbot_msgs/msg/detail/psc_head_control__rosidl_typesupport_fastrtps_cpp.hpp
[6.807s] -- Installing: /home/kgh/ws2/install/yzbot_msgs/include/yzbot_msgs/msg/detail/psc_key_head_control__rosidl_typesupport_fastrtps_cpp.hpp
[6.807s] -- Installing: /home/kgh/ws2/install/yzbot_msgs/include/yzbot_msgs/msg/detail/charge_ctrl__rosidl_typesupport_fastrtps_cpp.hpp
[6.807s] -- Installing: /home/kgh/ws2/install/yzbot_msgs/include/yzbot_msgs/msg/detail/psc_get_neck_status__rosidl_typesupport_fastrtps_cpp.hpp
[6.808s] -- Up-to-date: /home/kgh/ws2/install/yzbot_msgs/include/yzbot_msgs/msg/detail/ultrasound_result__rosidl_typesupport_fastrtps_cpp.hpp
[6.808s] -- Installing: /home/kgh/ws2/install/yzbot_msgs/include/yzbot_msgs/msg/detail/obs_result__rosidl_typesupport_fastrtps_cpp.hpp
[6.808s] -- Installing: /home/kgh/ws2/install/yzbot_msgs/lib/libyzbot_msgs__rosidl_typesupport_fastrtps_cpp.so
[6.808s] -- Set runtime path of "/home/kgh/ws2/install/yzbot_msgs/lib/libyzbot_msgs__rosidl_typesupport_fastrtps_cpp.so" to ""
[6.808s] -- Up-to-date: /home/kgh/ws2/install/yzbot_msgs/include/yzbot_msgs
[6.808s] -- Up-to-date: /home/kgh/ws2/install/yzbot_msgs/include/yzbot_msgs/msg
[6.808s] -- Up-to-date: /home/kgh/ws2/install/yzbot_msgs/include/yzbot_msgs/msg/rosidl_typesupport_introspection_c__visibility_control.h
[6.808s] -- Up-to-date: /home/kgh/ws2/install/yzbot_msgs/include/yzbot_msgs/msg/detail
[6.808s] -- Installing: /home/kgh/ws2/install/yzbot_msgs/include/yzbot_msgs/msg/detail/psc_get_head_status__rosidl_typesupport_introspection_c.h
[6.808s] -- Installing: /home/kgh/ws2/install/yzbot_msgs/include/yzbot_msgs/msg/detail/pms_status__rosidl_typesupport_introspection_c.h
[6.809s] -- Installing: /home/kgh/ws2/install/yzbot_msgs/include/yzbot_msgs/msg/detail/psc_get_neck_status__type_support.c
[6.809s] -- Installing: /home/kgh/ws2/install/yzbot_msgs/include/yzbot_msgs/msg/detail/psc_key_neck_control__type_support.c
[6.809s] -- Installing: /home/kgh/ws2/install/yzbot_msgs/include/yzbot_msgs/msg/detail/psc_neck_control__rosidl_typesupport_introspection_c.h
[6.809s] -- Installing: /home/kgh/ws2/install/yzbot_msgs/include/yzbot_msgs/msg/detail/fmq_set__type_support.c
[6.809s] -- Installing: /home/kgh/ws2/install/yzbot_msgs/include/yzbot_msgs/msg/detail/obs_result__rosidl_typesupport_introspection_c.h
[6.809s] -- Installing: /home/kgh/ws2/install/yzbot_msgs/include/yzbot_msgs/msg/detail/robot_pose__type_support.c
[6.809s] -- Installing: /home/kgh/ws2/install/yzbot_msgs/include/yzbot_msgs/msg/detail/psc_get_head_status__type_support.c
[6.809s] -- Installing: /home/kgh/ws2/install/yzbot_msgs/include/yzbot_msgs/msg/detail/fmq_set__rosidl_typesupport_introspection_c.h
[6.810s] -- Installing: /home/kgh/ws2/install/yzbot_msgs/include/yzbot_msgs/msg/detail/emergency_button__rosidl_typesupport_introspection_c.h
[6.810s] -- Installing: /home/kgh/ws2/install/yzbot_msgs/include/yzbot_msgs/msg/detail/psc_get_neck_status__rosidl_typesupport_introspection_c.h
[6.810s] -- Installing: /home/kgh/ws2/install/yzbot_msgs/include/yzbot_msgs/msg/detail/obs_result__type_support.c
[6.810s] -- Installing: /home/kgh/ws2/install/yzbot_msgs/include/yzbot_msgs/msg/detail/psc_neck_control__type_support.c
[6.810s] -- Installing: /home/kgh/ws2/install/yzbot_msgs/include/yzbot_msgs/msg/detail/robot_button__type_support.c
[6.810s] -- Installing: /home/kgh/ws2/install/yzbot_msgs/include/yzbot_msgs/msg/detail/psc_key_head_control__rosidl_typesupport_introspection_c.h
[6.810s] -- Installing: /home/kgh/ws2/install/yzbot_msgs/include/yzbot_msgs/msg/detail/psc_head_offset__rosidl_typesupport_introspection_c.h
[6.810s] -- Installing: /home/kgh/ws2/install/yzbot_msgs/include/yzbot_msgs/msg/detail/psc_key_neck_control__rosidl_typesupport_introspection_c.h
[6.811s] -- Installing: /home/kgh/ws2/install/yzbot_msgs/include/yzbot_msgs/msg/detail/robot_button__rosidl_typesupport_introspection_c.h
[6.811s] -- Installing: /home/kgh/ws2/install/yzbot_msgs/include/yzbot_msgs/msg/detail/robot_pose__rosidl_typesupport_introspection_c.h
[6.811s] -- Installing: /home/kgh/ws2/install/yzbot_msgs/include/yzbot_msgs/msg/detail/psc_head_offset__type_support.c
[6.811s] -- Installing: /home/kgh/ws2/install/yzbot_msgs/include/yzbot_msgs/msg/detail/pms_status__type_support.c
[6.811s] -- Installing: /home/kgh/ws2/install/yzbot_msgs/include/yzbot_msgs/msg/detail/emergency_button__type_support.c
[6.811s] -- Installing: /home/kgh/ws2/install/yzbot_msgs/include/yzbot_msgs/msg/detail/psc_key_head_control__type_support.c
[6.811s] -- Up-to-date: /home/kgh/ws2/install/yzbot_msgs/include/yzbot_msgs/msg/detail/ultrasound_result__type_support.c
[6.811s] -- Installing: /home/kgh/ws2/install/yzbot_msgs/include/yzbot_msgs/msg/detail/charge_ctrl__rosidl_typesupport_introspection_c.h
[6.811s] -- Up-to-date: /home/kgh/ws2/install/yzbot_msgs/include/yzbot_msgs/msg/detail/ultrasound_result__rosidl_typesupport_introspection_c.h
[6.812s] -- Installing: /home/kgh/ws2/install/yzbot_msgs/include/yzbot_msgs/msg/detail/psc_head_control__type_support.c
[6.812s] -- Installing: /home/kgh/ws2/install/yzbot_msgs/include/yzbot_msgs/msg/detail/psc_head_control__rosidl_typesupport_introspection_c.h
[6.812s] -- Installing: /home/kgh/ws2/install/yzbot_msgs/include/yzbot_msgs/msg/detail/charge_ctrl__type_support.c
[6.812s] -- Installing: /home/kgh/ws2/install/yzbot_msgs/lib/libyzbot_msgs__rosidl_typesupport_introspection_c.so
[6.812s] -- Set runtime path of "/home/kgh/ws2/install/yzbot_msgs/lib/libyzbot_msgs__rosidl_typesupport_introspection_c.so" to ""
[6.812s] -- Installing: /home/kgh/ws2/install/yzbot_msgs/lib/libyzbot_msgs__rosidl_typesupport_c.so
[6.812s] -- Set runtime path of "/home/kgh/ws2/install/yzbot_msgs/lib/libyzbot_msgs__rosidl_typesupport_c.so" to ""
[6.812s] -- Up-to-date: /home/kgh/ws2/install/yzbot_msgs/include/yzbot_msgs
[6.813s] -- Up-to-date: /home/kgh/ws2/install/yzbot_msgs/include/yzbot_msgs/msg
[6.813s] -- Installing: /home/kgh/ws2/install/yzbot_msgs/include/yzbot_msgs/msg/psc_get_head_status.hpp
[6.813s] -- Installing: /home/kgh/ws2/install/yzbot_msgs/include/yzbot_msgs/msg/psc_get_neck_status.hpp
[6.813s] -- Up-to-date: /home/kgh/ws2/install/yzbot_msgs/include/yzbot_msgs/msg/rosidl_generator_cpp__visibility_control.hpp
[6.813s] -- Installing: /home/kgh/ws2/install/yzbot_msgs/include/yzbot_msgs/msg/psc_head_control.hpp
[6.813s] -- Up-to-date: /home/kgh/ws2/install/yzbot_msgs/include/yzbot_msgs/msg/ultrasound_result.hpp
[6.813s] -- Installing: /home/kgh/ws2/install/yzbot_msgs/include/yzbot_msgs/msg/emergency_button.hpp
[6.813s] -- Installing: /home/kgh/ws2/install/yzbot_msgs/include/yzbot_msgs/msg/robot_pose.hpp
[6.814s] -- Installing: /home/kgh/ws2/install/yzbot_msgs/include/yzbot_msgs/msg/obs_result.hpp
[6.814s] -- Installing: /home/kgh/ws2/install/yzbot_msgs/include/yzbot_msgs/msg/pms_status.hpp
[6.814s] -- Installing: /home/kgh/ws2/install/yzbot_msgs/include/yzbot_msgs/msg/psc_key_neck_control.hpp
[6.814s] -- Installing: /home/kgh/ws2/install/yzbot_msgs/include/yzbot_msgs/msg/fmq_set.hpp
[6.814s] -- Up-to-date: /home/kgh/ws2/install/yzbot_msgs/include/yzbot_msgs/msg/detail
[6.814s] -- Installing: /home/kgh/ws2/install/yzbot_msgs/include/yzbot_msgs/msg/detail/obs_result__builder.hpp
[6.814s] -- Installing: /home/kgh/ws2/install/yzbot_msgs/include/yzbot_msgs/msg/detail/psc_get_neck_status__builder.hpp
[6.814s] -- Installing: /home/kgh/ws2/install/yzbot_msgs/include/yzbot_msgs/msg/detail/robot_pose__traits.hpp
[6.815s] -- Installing: /home/kgh/ws2/install/yzbot_msgs/include/yzbot_msgs/msg/detail/fmq_set__builder.hpp
[6.815s] -- Up-to-date: /home/kgh/ws2/install/yzbot_msgs/include/yzbot_msgs/msg/detail/ultrasound_result__traits.hpp
[6.815s] -- Installing: /home/kgh/ws2/install/yzbot_msgs/include/yzbot_msgs/msg/detail/psc_key_neck_control__struct.hpp
[6.815s] -- Installing: /home/kgh/ws2/install/yzbot_msgs/include/yzbot_msgs/msg/detail/psc_neck_control__builder.hpp
[6.815s] -- Installing: /home/kgh/ws2/install/yzbot_msgs/include/yzbot_msgs/msg/detail/psc_get_head_status__builder.hpp
[6.815s] -- Installing: /home/kgh/ws2/install/yzbot_msgs/include/yzbot_msgs/msg/detail/psc_get_head_status__struct.hpp
[6.815s] -- Installing: /home/kgh/ws2/install/yzbot_msgs/include/yzbot_msgs/msg/detail/fmq_set__type_support.hpp
[6.815s] -- Installing: /home/kgh/ws2/install/yzbot_msgs/include/yzbot_msgs/msg/detail/psc_head_control__struct.hpp
[6.816s] -- Installing: /home/kgh/ws2/install/yzbot_msgs/include/yzbot_msgs/msg/detail/psc_key_head_control__traits.hpp
[6.816s] -- Installing: /home/kgh/ws2/install/yzbot_msgs/include/yzbot_msgs/msg/detail/psc_head_offset__type_support.hpp
[6.816s] -- Up-to-date: /home/kgh/ws2/install/yzbot_msgs/include/yzbot_msgs/msg/detail/ultrasound_result__builder.hpp
[6.816s] -- Installing: /home/kgh/ws2/install/yzbot_msgs/include/yzbot_msgs/msg/detail/charge_ctrl__struct.hpp
[6.816s] -- Installing: /home/kgh/ws2/install/yzbot_msgs/include/yzbot_msgs/msg/detail/obs_result__struct.hpp
[6.816s] -- Installing: /home/kgh/ws2/install/yzbot_msgs/include/yzbot_msgs/msg/detail/robot_button__traits.hpp
[6.816s] -- Installing: /home/kgh/ws2/install/yzbot_msgs/include/yzbot_msgs/msg/detail/obs_result__type_support.hpp
[6.817s] -- Installing: /home/kgh/ws2/install/yzbot_msgs/include/yzbot_msgs/msg/detail/pms_status__type_support.hpp
[6.817s] -- Installing: /home/kgh/ws2/install/yzbot_msgs/include/yzbot_msgs/msg/detail/pms_status__struct.hpp
[6.817s] -- Installing: /home/kgh/ws2/install/yzbot_msgs/include/yzbot_msgs/msg/detail/fmq_set__struct.hpp
[6.817s] -- Installing: /home/kgh/ws2/install/yzbot_msgs/include/yzbot_msgs/msg/detail/robot_button__type_support.hpp
[6.817s] -- Installing: /home/kgh/ws2/install/yzbot_msgs/include/yzbot_msgs/msg/detail/emergency_button__type_support.hpp
[6.817s] -- Installing: /home/kgh/ws2/install/yzbot_msgs/include/yzbot_msgs/msg/detail/psc_head_control__builder.hpp
[6.817s] -- Installing: /home/kgh/ws2/install/yzbot_msgs/include/yzbot_msgs/msg/detail/charge_ctrl__type_support.hpp
[6.817s] -- Installing: /home/kgh/ws2/install/yzbot_msgs/include/yzbot_msgs/msg/detail/fmq_set__traits.hpp
[6.818s] -- Installing: /home/kgh/ws2/install/yzbot_msgs/include/yzbot_msgs/msg/detail/psc_get_head_status__traits.hpp
[6.818s] -- Installing: /home/kgh/ws2/install/yzbot_msgs/include/yzbot_msgs/msg/detail/psc_head_offset__traits.hpp
[6.818s] -- Installing: /home/kgh/ws2/install/yzbot_msgs/include/yzbot_msgs/msg/detail/psc_get_neck_status__struct.hpp
[6.818s] -- Installing: /home/kgh/ws2/install/yzbot_msgs/include/yzbot_msgs/msg/detail/emergency_button__traits.hpp
[6.818s] -- Installing: /home/kgh/ws2/install/yzbot_msgs/include/yzbot_msgs/msg/detail/emergency_button__builder.hpp
[6.818s] -- Installing: /home/kgh/ws2/install/yzbot_msgs/include/yzbot_msgs/msg/detail/psc_neck_control__struct.hpp
[6.818s] -- Installing: /home/kgh/ws2/install/yzbot_msgs/include/yzbot_msgs/msg/detail/pms_status__builder.hpp
[6.818s] -- Installing: /home/kgh/ws2/install/yzbot_msgs/include/yzbot_msgs/msg/detail/psc_neck_control__traits.hpp
[6.819s] -- Installing: /home/kgh/ws2/install/yzbot_msgs/include/yzbot_msgs/msg/detail/psc_get_neck_status__traits.hpp
[6.819s] -- Up-to-date: /home/kgh/ws2/install/yzbot_msgs/include/yzbot_msgs/msg/detail/ultrasound_result__type_support.hpp
[6.819s] -- Installing: /home/kgh/ws2/install/yzbot_msgs/include/yzbot_msgs/msg/detail/robot_pose__type_support.hpp
[6.819s] -- Up-to-date: /home/kgh/ws2/install/yzbot_msgs/include/yzbot_msgs/msg/detail/ultrasound_result__struct.hpp
[6.819s] -- Installing: /home/kgh/ws2/install/yzbot_msgs/include/yzbot_msgs/msg/detail/psc_head_offset__struct.hpp
[6.819s] -- Installing: /home/kgh/ws2/install/yzbot_msgs/include/yzbot_msgs/msg/detail/psc_neck_control__type_support.hpp
[6.819s] -- Installing: /home/kgh/ws2/install/yzbot_msgs/include/yzbot_msgs/msg/detail/pms_status__traits.hpp
[6.819s] -- Installing: /home/kgh/ws2/install/yzbot_msgs/include/yzbot_msgs/msg/detail/robot_button__builder.hpp
[6.819s] -- Installing: /home/kgh/ws2/install/yzbot_msgs/include/yzbot_msgs/msg/detail/psc_get_neck_status__type_support.hpp
[6.819s] -- Installing: /home/kgh/ws2/install/yzbot_msgs/include/yzbot_msgs/msg/detail/emergency_button__struct.hpp
[6.819s] -- Installing: /home/kgh/ws2/install/yzbot_msgs/include/yzbot_msgs/msg/detail/robot_pose__builder.hpp
[6.820s] -- Installing: /home/kgh/ws2/install/yzbot_msgs/include/yzbot_msgs/msg/detail/psc_key_head_control__builder.hpp
[6.820s] -- Installing: /home/kgh/ws2/install/yzbot_msgs/include/yzbot_msgs/msg/detail/psc_head_offset__builder.hpp
[6.820s] -- Installing: /home/kgh/ws2/install/yzbot_msgs/include/yzbot_msgs/msg/detail/psc_key_neck_control__type_support.hpp
[6.820s] -- Installing: /home/kgh/ws2/install/yzbot_msgs/include/yzbot_msgs/msg/detail/charge_ctrl__traits.hpp
[6.820s] -- Installing: /home/kgh/ws2/install/yzbot_msgs/include/yzbot_msgs/msg/detail/psc_key_head_control__struct.hpp
[6.820s] -- Installing: /home/kgh/ws2/install/yzbot_msgs/include/yzbot_msgs/msg/detail/psc_get_head_status__type_support.hpp
[6.820s] -- Installing: /home/kgh/ws2/install/yzbot_msgs/include/yzbot_msgs/msg/detail/psc_key_neck_control__traits.hpp
[6.820s] -- Installing: /home/kgh/ws2/install/yzbot_msgs/include/yzbot_msgs/msg/detail/psc_head_control__traits.hpp
[6.820s] -- Installing: /home/kgh/ws2/install/yzbot_msgs/include/yzbot_msgs/msg/detail/obs_result__traits.hpp
[6.820s] -- Installing: /home/kgh/ws2/install/yzbot_msgs/include/yzbot_msgs/msg/detail/psc_key_head_control__type_support.hpp
[6.821s] -- Installing: /home/kgh/ws2/install/yzbot_msgs/include/yzbot_msgs/msg/detail/psc_key_neck_control__builder.hpp
[6.821s] -- Installing: /home/kgh/ws2/install/yzbot_msgs/include/yzbot_msgs/msg/detail/psc_head_control__type_support.hpp
[6.821s] -- Installing: /home/kgh/ws2/install/yzbot_msgs/include/yzbot_msgs/msg/detail/robot_button__struct.hpp
[6.821s] -- Installing: /home/kgh/ws2/install/yzbot_msgs/include/yzbot_msgs/msg/detail/charge_ctrl__builder.hpp
[6.821s] -- Installing: /home/kgh/ws2/install/yzbot_msgs/include/yzbot_msgs/msg/detail/robot_pose__struct.hpp
[6.821s] -- Installing: /home/kgh/ws2/install/yzbot_msgs/include/yzbot_msgs/msg/charge_ctrl.hpp
[6.821s] -- Installing: /home/kgh/ws2/install/yzbot_msgs/include/yzbot_msgs/msg/robot_button.hpp
[6.821s] -- Installing: /home/kgh/ws2/install/yzbot_msgs/include/yzbot_msgs/msg/psc_neck_control.hpp
[6.821s] -- Installing: /home/kgh/ws2/install/yzbot_msgs/include/yzbot_msgs/msg/psc_head_offset.hpp
[6.822s] -- Installing: /home/kgh/ws2/install/yzbot_msgs/include/yzbot_msgs/msg/psc_key_head_control.hpp
[6.822s] -- Up-to-date: /home/kgh/ws2/install/yzbot_msgs/include/yzbot_msgs
[6.822s] -- Up-to-date: /home/kgh/ws2/install/yzbot_msgs/include/yzbot_msgs/msg
[6.822s] -- Up-to-date: /home/kgh/ws2/install/yzbot_msgs/include/yzbot_msgs/msg/detail
[6.822s] -- Installing: /home/kgh/ws2/install/yzbot_msgs/include/yzbot_msgs/msg/detail/fmq_set__rosidl_typesupport_introspection_cpp.hpp
[6.822s] -- Installing: /home/kgh/ws2/install/yzbot_msgs/include/yzbot_msgs/msg/detail/robot_button__rosidl_typesupport_introspection_cpp.hpp
[6.822s] -- Installing: /home/kgh/ws2/install/yzbot_msgs/include/yzbot_msgs/msg/detail/pms_status__type_support.cpp
[6.822s] -- Installing: /home/kgh/ws2/install/yzbot_msgs/include/yzbot_msgs/msg/detail/psc_head_control__type_support.cpp
[6.822s] -- Installing: /home/kgh/ws2/install/yzbot_msgs/include/yzbot_msgs/msg/detail/psc_get_neck_status__rosidl_typesupport_introspection_cpp.hpp
[6.822s] -- Installing: /home/kgh/ws2/install/yzbot_msgs/include/yzbot_msgs/msg/detail/psc_head_offset__type_support.cpp
[6.822s] -- Installing: /home/kgh/ws2/install/yzbot_msgs/include/yzbot_msgs/msg/detail/pms_status__rosidl_typesupport_introspection_cpp.hpp
[6.822s] -- Installing: /home/kgh/ws2/install/yzbot_msgs/include/yzbot_msgs/msg/detail/psc_neck_control__rosidl_typesupport_introspection_cpp.hpp
[6.822s] -- Installing: /home/kgh/ws2/install/yzbot_msgs/include/yzbot_msgs/msg/detail/obs_result__type_support.cpp
[6.822s] -- Installing: /home/kgh/ws2/install/yzbot_msgs/include/yzbot_msgs/msg/detail/robot_button__type_support.cpp
[6.823s] -- Installing: /home/kgh/ws2/install/yzbot_msgs/include/yzbot_msgs/msg/detail/psc_get_neck_status__type_support.cpp
[6.823s] -- Installing: /home/kgh/ws2/install/yzbot_msgs/include/yzbot_msgs/msg/detail/psc_key_neck_control__rosidl_typesupport_introspection_cpp.hpp
[6.823s] -- Up-to-date: /home/kgh/ws2/install/yzbot_msgs/include/yzbot_msgs/msg/detail/ultrasound_result__type_support.cpp
[6.823s] -- Installing: /home/kgh/ws2/install/yzbot_msgs/include/yzbot_msgs/msg/detail/psc_key_head_control__type_support.cpp
[6.823s] -- Installing: /home/kgh/ws2/install/yzbot_msgs/include/yzbot_msgs/msg/detail/charge_ctrl__type_support.cpp
[6.823s] -- Installing: /home/kgh/ws2/install/yzbot_msgs/include/yzbot_msgs/msg/detail/psc_get_head_status__type_support.cpp
[6.823s] -- Up-to-date: /home/kgh/ws2/install/yzbot_msgs/include/yzbot_msgs/msg/detail/ultrasound_result__rosidl_typesupport_introspection_cpp.hpp
[6.823s] -- Installing: /home/kgh/ws2/install/yzbot_msgs/include/yzbot_msgs/msg/detail/robot_pose__type_support.cpp
[6.823s] -- Installing: /home/kgh/ws2/install/yzbot_msgs/include/yzbot_msgs/msg/detail/emergency_button__type_support.cpp
[6.823s] -- Installing: /home/kgh/ws2/install/yzbot_msgs/include/yzbot_msgs/msg/detail/psc_key_neck_control__type_support.cpp
[6.823s] -- Installing: /home/kgh/ws2/install/yzbot_msgs/include/yzbot_msgs/msg/detail/psc_neck_control__type_support.cpp
[6.823s] -- Installing: /home/kgh/ws2/install/yzbot_msgs/include/yzbot_msgs/msg/detail/emergency_button__rosidl_typesupport_introspection_cpp.hpp
[6.823s] -- Installing: /home/kgh/ws2/install/yzbot_msgs/include/yzbot_msgs/msg/detail/psc_key_head_control__rosidl_typesupport_introspection_cpp.hpp
[6.823s] -- Installing: /home/kgh/ws2/install/yzbot_msgs/include/yzbot_msgs/msg/detail/psc_head_control__rosidl_typesupport_introspection_cpp.hpp
[6.824s] -- Installing: /home/kgh/ws2/install/yzbot_msgs/include/yzbot_msgs/msg/detail/charge_ctrl__rosidl_typesupport_introspection_cpp.hpp
[6.824s] -- Installing: /home/kgh/ws2/install/yzbot_msgs/include/yzbot_msgs/msg/detail/psc_get_head_status__rosidl_typesupport_introspection_cpp.hpp
[6.824s] -- Installing: /home/kgh/ws2/install/yzbot_msgs/include/yzbot_msgs/msg/detail/psc_head_offset__rosidl_typesupport_introspection_cpp.hpp
[6.824s] -- Installing: /home/kgh/ws2/install/yzbot_msgs/include/yzbot_msgs/msg/detail/fmq_set__type_support.cpp
[6.824s] -- Installing: /home/kgh/ws2/install/yzbot_msgs/include/yzbot_msgs/msg/detail/robot_pose__rosidl_typesupport_introspection_cpp.hpp
[6.824s] -- Installing: /home/kgh/ws2/install/yzbot_msgs/include/yzbot_msgs/msg/detail/obs_result__rosidl_typesupport_introspection_cpp.hpp
[6.824s] -- Installing: /home/kgh/ws2/install/yzbot_msgs/lib/libyzbot_msgs__rosidl_typesupport_introspection_cpp.so
[6.824s] -- Set runtime path of "/home/kgh/ws2/install/yzbot_msgs/lib/libyzbot_msgs__rosidl_typesupport_introspection_cpp.so" to ""
[6.824s] -- Installing: /home/kgh/ws2/install/yzbot_msgs/lib/libyzbot_msgs__rosidl_typesupport_cpp.so
[6.824s] -- Set runtime path of "/home/kgh/ws2/install/yzbot_msgs/lib/libyzbot_msgs__rosidl_typesupport_cpp.so" to ""
[6.824s] -- Up-to-date: /home/kgh/ws2/install/yzbot_msgs/share/yzbot_msgs/environment/pythonpath.sh
[6.824s] -- Installing: /home/kgh/ws2/install/yzbot_msgs/share/yzbot_msgs/environment/pythonpath.dsv
[6.824s] -- Installing: /home/kgh/ws2/install/yzbot_msgs/lib/python3.8/site-packages/yzbot_msgs/__init__.py
[6.849s] Compiling '/home/kgh/ws2/install/yzbot_msgs/lib/python3.8/site-packages/yzbot_msgs/__init__.py'...
[6.852s] -- Up-to-date: /home/kgh/ws2/install/yzbot_msgs/lib/python3.8/site-packages/yzbot_msgs/msg
[6.853s] -- Installing: /home/kgh/ws2/install/yzbot_msgs/lib/python3.8/site-packages/yzbot_msgs/msg/_obs_result.py
[6.853s] -- Installing: /home/kgh/ws2/install/yzbot_msgs/lib/python3.8/site-packages/yzbot_msgs/msg/_fmq_set.py
[6.853s] -- Installing: /home/kgh/ws2/install/yzbot_msgs/lib/python3.8/site-packages/yzbot_msgs/msg/_psc_head_offset_s.c
[6.853s] -- Installing: /home/kgh/ws2/install/yzbot_msgs/lib/python3.8/site-packages/yzbot_msgs/msg/_robot_pose_s.c
[6.853s] -- Installing: /home/kgh/ws2/install/yzbot_msgs/lib/python3.8/site-packages/yzbot_msgs/msg/_psc_head_control.py
[6.853s] -- Installing: /home/kgh/ws2/install/yzbot_msgs/lib/python3.8/site-packages/yzbot_msgs/msg/_psc_key_neck_control.py
[6.853s] -- Installing: /home/kgh/ws2/install/yzbot_msgs/lib/python3.8/site-packages/yzbot_msgs/msg/_robot_button.py
[6.853s] -- Installing: /home/kgh/ws2/install/yzbot_msgs/lib/python3.8/site-packages/yzbot_msgs/msg/_emergency_button_s.c
[6.853s] -- Installing: /home/kgh/ws2/install/yzbot_msgs/lib/python3.8/site-packages/yzbot_msgs/msg/_psc_key_head_control_s.c
[6.854s] -- Installing: /home/kgh/ws2/install/yzbot_msgs/lib/python3.8/site-packages/yzbot_msgs/msg/_pms_status.py
[6.854s] -- Installing: /home/kgh/ws2/install/yzbot_msgs/lib/python3.8/site-packages/yzbot_msgs/msg/_psc_neck_control_s.c
[6.854s] -- Installing: /home/kgh/ws2/install/yzbot_msgs/lib/python3.8/site-packages/yzbot_msgs/msg/_charge_ctrl.py
[6.854s] -- Up-to-date: /home/kgh/ws2/install/yzbot_msgs/lib/python3.8/site-packages/yzbot_msgs/msg/_ultrasound_result.py
[6.854s] -- Installing: /home/kgh/ws2/install/yzbot_msgs/lib/python3.8/site-packages/yzbot_msgs/msg/_robot_button_s.c
[6.854s] -- Installing: /home/kgh/ws2/install/yzbot_msgs/lib/python3.8/site-packages/yzbot_msgs/msg/_psc_get_head_status.py
[6.854s] -- Installing: /home/kgh/ws2/install/yzbot_msgs/lib/python3.8/site-packages/yzbot_msgs/msg/_psc_head_control_s.c
[6.854s] -- Installing: /home/kgh/ws2/install/yzbot_msgs/lib/python3.8/site-packages/yzbot_msgs/msg/_psc_get_neck_status.py
[6.854s] -- Installing: /home/kgh/ws2/install/yzbot_msgs/lib/python3.8/site-packages/yzbot_msgs/msg/__init__.py
[6.855s] -- Installing: /home/kgh/ws2/install/yzbot_msgs/lib/python3.8/site-packages/yzbot_msgs/msg/_robot_pose.py
[6.855s] -- Installing: /home/kgh/ws2/install/yzbot_msgs/lib/python3.8/site-packages/yzbot_msgs/msg/_psc_head_offset.py
[6.855s] -- Installing: /home/kgh/ws2/install/yzbot_msgs/lib/python3.8/site-packages/yzbot_msgs/msg/_fmq_set_s.c
[6.855s] -- Installing: /home/kgh/ws2/install/yzbot_msgs/lib/python3.8/site-packages/yzbot_msgs/msg/_psc_key_neck_control_s.c
[6.855s] -- Installing: /home/kgh/ws2/install/yzbot_msgs/lib/python3.8/site-packages/yzbot_msgs/msg/_psc_get_neck_status_s.c
[6.855s] -- Installing: /home/kgh/ws2/install/yzbot_msgs/lib/python3.8/site-packages/yzbot_msgs/msg/_psc_key_head_control.py
[6.855s] -- Installing: /home/kgh/ws2/install/yzbot_msgs/lib/python3.8/site-packages/yzbot_msgs/msg/_psc_get_head_status_s.c
[6.856s] -- Installing: /home/kgh/ws2/install/yzbot_msgs/lib/python3.8/site-packages/yzbot_msgs/msg/_psc_neck_control.py
[6.856s] -- Installing: /home/kgh/ws2/install/yzbot_msgs/lib/python3.8/site-packages/yzbot_msgs/msg/_emergency_button.py
[6.856s] -- Up-to-date: /home/kgh/ws2/install/yzbot_msgs/lib/python3.8/site-packages/yzbot_msgs/msg/_ultrasound_result_s.c
[6.856s] -- Installing: /home/kgh/ws2/install/yzbot_msgs/lib/python3.8/site-packages/yzbot_msgs/msg/_pms_status_s.c
[6.856s] -- Installing: /home/kgh/ws2/install/yzbot_msgs/lib/python3.8/site-packages/yzbot_msgs/msg/_obs_result_s.c
[6.856s] -- Installing: /home/kgh/ws2/install/yzbot_msgs/lib/python3.8/site-packages/yzbot_msgs/msg/_charge_ctrl_s.c
[6.857s] -- Installing: /home/kgh/ws2/install/yzbot_msgs/lib/python3.8/site-packages/yzbot_msgs/yzbot_msgs_s__rosidl_typesupport_fastrtps_c.cpython-38-x86_64-linux-gnu.so
[6.857s] -- Set runtime path of "/home/kgh/ws2/install/yzbot_msgs/lib/python3.8/site-packages/yzbot_msgs/yzbot_msgs_s__rosidl_typesupport_fastrtps_c.cpython-38-x86_64-linux-gnu.so" to ""
[6.858s] -- Installing: /home/kgh/ws2/install/yzbot_msgs/lib/python3.8/site-packages/yzbot_msgs/yzbot_msgs_s__rosidl_typesupport_introspection_c.cpython-38-x86_64-linux-gnu.so
[6.858s] -- Set runtime path of "/home/kgh/ws2/install/yzbot_msgs/lib/python3.8/site-packages/yzbot_msgs/yzbot_msgs_s__rosidl_typesupport_introspection_c.cpython-38-x86_64-linux-gnu.so" to ""
[6.859s] -- Installing: /home/kgh/ws2/install/yzbot_msgs/lib/python3.8/site-packages/yzbot_msgs/yzbot_msgs_s__rosidl_typesupport_c.cpython-38-x86_64-linux-gnu.so
[6.859s] -- Set runtime path of "/home/kgh/ws2/install/yzbot_msgs/lib/python3.8/site-packages/yzbot_msgs/yzbot_msgs_s__rosidl_typesupport_c.cpython-38-x86_64-linux-gnu.so" to ""
[6.859s] -- Installing: /home/kgh/ws2/install/yzbot_msgs/lib/libyzbot_msgs__python.so
[6.860s] -- Set runtime path of "/home/kgh/ws2/install/yzbot_msgs/lib/libyzbot_msgs__python.so" to ""
[6.860s] -- Up-to-date: /home/kgh/ws2/install/yzbot_msgs/share/yzbot_msgs/msg/RobotPose.idl
[6.860s] -- Up-to-date: /home/kgh/ws2/install/yzbot_msgs/share/yzbot_msgs/msg/RobotButton.idl
[6.860s] -- Up-to-date: /home/kgh/ws2/install/yzbot_msgs/share/yzbot_msgs/msg/FmqSet.idl
[6.860s] -- Up-to-date: /home/kgh/ws2/install/yzbot_msgs/share/yzbot_msgs/msg/ChargeCtrl.idl
[6.861s] -- Up-to-date: /home/kgh/ws2/install/yzbot_msgs/share/yzbot_msgs/msg/PmsStatus.idl
[6.861s] -- Up-to-date: /home/kgh/ws2/install/yzbot_msgs/share/yzbot_msgs/msg/ObsResult.idl
[6.861s] -- Up-to-date: /home/kgh/ws2/install/yzbot_msgs/share/yzbot_msgs/msg/EmergencyButton.idl
[6.861s] -- Installing: /home/kgh/ws2/install/yzbot_msgs/share/yzbot_msgs/msg/PscHeadOffset.idl
[6.861s] -- Up-to-date: /home/kgh/ws2/install/yzbot_msgs/share/yzbot_msgs/msg/PscGetHeadStatus.idl
[6.861s] -- Up-to-date: /home/kgh/ws2/install/yzbot_msgs/share/yzbot_msgs/msg/PscGetNeckStatus.idl
[6.861s] -- Up-to-date: /home/kgh/ws2/install/yzbot_msgs/share/yzbot_msgs/msg/PscHeadControl.idl
[6.861s] -- Up-to-date: /home/kgh/ws2/install/yzbot_msgs/share/yzbot_msgs/msg/PscNeckControl.idl
[6.862s] -- Up-to-date: /home/kgh/ws2/install/yzbot_msgs/share/yzbot_msgs/msg/PscKeyHeadControl.idl
[6.862s] -- Up-to-date: /home/kgh/ws2/install/yzbot_msgs/share/yzbot_msgs/msg/PscKeyNeckControl.idl
[6.862s] -- Up-to-date: /home/kgh/ws2/install/yzbot_msgs/share/yzbot_msgs/msg/RobotPose.msg
[6.862s] -- Up-to-date: /home/kgh/ws2/install/yzbot_msgs/share/yzbot_msgs/msg/RobotButton.msg
[6.862s] -- Up-to-date: /home/kgh/ws2/install/yzbot_msgs/share/yzbot_msgs/msg/FmqSet.msg
[6.862s] -- Up-to-date: /home/kgh/ws2/install/yzbot_msgs/share/yzbot_msgs/msg/ChargeCtrl.msg
[6.862s] -- Up-to-date: /home/kgh/ws2/install/yzbot_msgs/share/yzbot_msgs/msg/PmsStatus.msg
[6.862s] -- Up-to-date: /home/kgh/ws2/install/yzbot_msgs/share/yzbot_msgs/msg/ObsResult.msg
[6.863s] -- Up-to-date: /home/kgh/ws2/install/yzbot_msgs/share/yzbot_msgs/msg/EmergencyButton.msg
[6.863s] -- Installing: /home/kgh/ws2/install/yzbot_msgs/share/yzbot_msgs/msg/PscHeadOffset.msg
[6.863s] -- Up-to-date: /home/kgh/ws2/install/yzbot_msgs/share/yzbot_msgs/msg/PscGetHeadStatus.msg
[6.863s] -- Up-to-date: /home/kgh/ws2/install/yzbot_msgs/share/yzbot_msgs/msg/PscGetNeckStatus.msg
[6.863s] -- Up-to-date: /home/kgh/ws2/install/yzbot_msgs/share/yzbot_msgs/msg/PscHeadControl.msg
[6.863s] -- Up-to-date: /home/kgh/ws2/install/yzbot_msgs/share/yzbot_msgs/msg/PscNeckControl.msg
[6.863s] -- Up-to-date: /home/kgh/ws2/install/yzbot_msgs/share/yzbot_msgs/msg/PscKeyHeadControl.msg
[6.863s] -- Up-to-date: /home/kgh/ws2/install/yzbot_msgs/share/yzbot_msgs/msg/PscKeyNeckControl.msg
[6.863s] -- Up-to-date: /home/kgh/ws2/install/yzbot_msgs/share/ament_index/resource_index/package_run_dependencies/yzbot_msgs
[6.864s] -- Up-to-date: /home/kgh/ws2/install/yzbot_msgs/share/ament_index/resource_index/parent_prefix_path/yzbot_msgs
[6.864s] -- Up-to-date: /home/kgh/ws2/install/yzbot_msgs/share/yzbot_msgs/environment/ament_prefix_path.sh
[6.864s] -- Installing: /home/kgh/ws2/install/yzbot_msgs/share/yzbot_msgs/environment/ament_prefix_path.dsv
[6.864s] -- Up-to-date: /home/kgh/ws2/install/yzbot_msgs/share/yzbot_msgs/environment/path.sh
[6.864s] -- Installing: /home/kgh/ws2/install/yzbot_msgs/share/yzbot_msgs/environment/path.dsv
[6.864s] -- Up-to-date: /home/kgh/ws2/install/yzbot_msgs/share/yzbot_msgs/local_setup.bash
[6.864s] -- Up-to-date: /home/kgh/ws2/install/yzbot_msgs/share/yzbot_msgs/local_setup.sh
[6.864s] -- Up-to-date: /home/kgh/ws2/install/yzbot_msgs/share/yzbot_msgs/local_setup.zsh
[6.864s] -- Installing: /home/kgh/ws2/install/yzbot_msgs/share/yzbot_msgs/local_setup.dsv
[6.865s] -- Installing: /home/kgh/ws2/install/yzbot_msgs/share/yzbot_msgs/package.dsv
[6.865s] -- Up-to-date: /home/kgh/ws2/install/yzbot_msgs/share/ament_index/resource_index/packages/yzbot_msgs
[6.865s] -- Up-to-date: /home/kgh/ws2/install/yzbot_msgs/share/yzbot_msgs/cmake/yzbot_msgs__rosidl_generator_cExport.cmake
[6.865s] -- Installing: /home/kgh/ws2/install/yzbot_msgs/share/yzbot_msgs/cmake/yzbot_msgs__rosidl_generator_cExport-noconfig.cmake
[6.865s] -- Up-to-date: /home/kgh/ws2/install/yzbot_msgs/share/yzbot_msgs/cmake/yzbot_msgs__rosidl_typesupport_introspection_cExport.cmake
[6.865s] -- Installing: /home/kgh/ws2/install/yzbot_msgs/share/yzbot_msgs/cmake/yzbot_msgs__rosidl_typesupport_introspection_cExport-noconfig.cmake
[6.865s] -- Up-to-date: /home/kgh/ws2/install/yzbot_msgs/share/yzbot_msgs/cmake/yzbot_msgs__rosidl_typesupport_cExport.cmake
[6.865s] -- Installing: /home/kgh/ws2/install/yzbot_msgs/share/yzbot_msgs/cmake/yzbot_msgs__rosidl_typesupport_cExport-noconfig.cmake
[6.865s] -- Up-to-date: /home/kgh/ws2/install/yzbot_msgs/share/yzbot_msgs/cmake/yzbot_msgs__rosidl_generator_cppExport.cmake
[6.866s] -- Up-to-date: /home/kgh/ws2/install/yzbot_msgs/share/yzbot_msgs/cmake/yzbot_msgs__rosidl_typesupport_introspection_cppExport.cmake
[6.866s] -- Installing: /home/kgh/ws2/install/yzbot_msgs/share/yzbot_msgs/cmake/yzbot_msgs__rosidl_typesupport_introspection_cppExport-noconfig.cmake
[6.866s] -- Up-to-date: /home/kgh/ws2/install/yzbot_msgs/share/yzbot_msgs/cmake/yzbot_msgs__rosidl_typesupport_cppExport.cmake
[6.866s] -- Installing: /home/kgh/ws2/install/yzbot_msgs/share/yzbot_msgs/cmake/yzbot_msgs__rosidl_typesupport_cppExport-noconfig.cmake
[6.866s] -- Installing: /home/kgh/ws2/install/yzbot_msgs/share/yzbot_msgs/cmake/rosidl_cmake-extras.cmake
[6.866s] -- Up-to-date: /home/kgh/ws2/install/yzbot_msgs/share/yzbot_msgs/cmake/ament_cmake_export_dependencies-extras.cmake
[6.866s] -- Up-to-date: /home/kgh/ws2/install/yzbot_msgs/share/yzbot_msgs/cmake/ament_cmake_export_libraries-extras.cmake
[6.866s] -- Up-to-date: /home/kgh/ws2/install/yzbot_msgs/share/yzbot_msgs/cmake/ament_cmake_export_targets-extras.cmake
[6.867s] -- Up-to-date: /home/kgh/ws2/install/yzbot_msgs/share/yzbot_msgs/cmake/ament_cmake_export_include_directories-extras.cmake
[6.867s] -- Up-to-date: /home/kgh/ws2/install/yzbot_msgs/share/yzbot_msgs/cmake/rosidl_cmake_export_typesupport_libraries-extras.cmake
[6.867s] -- Up-to-date: /home/kgh/ws2/install/yzbot_msgs/share/yzbot_msgs/cmake/rosidl_cmake_export_typesupport_targets-extras.cmake
[6.867s] -- Up-to-date: /home/kgh/ws2/install/yzbot_msgs/share/yzbot_msgs/cmake/yzbot_msgsConfig.cmake
[6.867s] -- Up-to-date: /home/kgh/ws2/install/yzbot_msgs/share/yzbot_msgs/cmake/yzbot_msgsConfig-version.cmake
[6.867s] -- Up-to-date: /home/kgh/ws2/install/yzbot_msgs/share/yzbot_msgs/package.xml
[6.869s] Invoked command in '/home/kgh/ws2/build/yzbot_msgs' returned '0': CMAKE_PREFIX_PATH=${CMAKE_PREFIX_PATH}:/home/kgh/ws2/install/yzbot_description:/home/kgh/ws2/install/yzbot_controller:/home/kgh/ws2/install/nav2_gazebo_spawner:/opt/ros/foxy /usr/bin/cmake --install /home/kgh/ws2/build/yzbot_msgs
